--------------- Build Started: 10/20/2022 08:44:06 Project: ADC_SAR_Seq_Example01, Configuration: ARM GCC 5.4-2016-q2-update Debug ---------------
cydsfit.exe -.appdatapath "C:\Users\alex\AppData\Local\Cypress Semiconductor\PSoC Creator\4.4" -.fdsnotice -.fdswarpdepfile=warp_dependencies.txt -.fdselabdepfile=elab_dependencies.txt -.fdsbldfile=generated_files.txt -.fdsreffile=referenced_files.txt -p H:\BCC722-RTOS-moinho\UCoS\Micrium_2\Software\EvalBoards\Cypress\CY8CKIT-050\PSoC\uCOS-III-Probe\ADC_SAR_Seq_Example01.cydsn\ADC_SAR_Seq_Example01.cyprj -d CY8C5868AXI-LP035 -s H:\BCC722-RTOS-moinho\UCoS\Micrium_2\Software\EvalBoards\Cypress\CY8CKIT-050\PSoC\uCOS-III-Probe\ADC_SAR_Seq_Example01.cydsn\Generated_Source\PSoC5 -- -yv2 -q10 -ygs -o2 -v3 -.fftcfgtype=LE
Elaborating Design...
ADD: sdb.M0065: information: Analog terminal "vdac_ref" on ADC_SAR_SEQ_v2_0 is unconnected.
 * C:\Program Files (x86)\Cypress\PSoC Creator\4.4\PSoC Creator\psoc\content\CyComponentLibrary\CyComponentLibrary.cylib\ADC_SAR_SEQ_v2_0\PSoC5\ADC_SAR_SEQ_v2_0.cysch (Signal: vdac_ref)
 * C:\Program Files (x86)\Cypress\PSoC Creator\4.4\PSoC Creator\psoc\content\CyComponentLibrary\CyComponentLibrary.cylib\ADC_SAR_SEQ_v2_0\PSoC5\ADC_SAR_SEQ_v2_0.cysch (Shape_798)
 * C:\Program Files (x86)\Cypress\PSoC Creator\4.4\PSoC Creator\psoc\content\CyComponentLibrary\CyComponentLibrary.cylib\ADC_SAR_SEQ_v2_0\PSoC5\ADC_SAR_SEQ_v2_0.cysch (Shape_885)
HDL Generation...
Synthesis...
Tech Mapping...
Analog Placement...
Info: apr.M0002: Analog signal "Net_2467" is connected to one terminal only. (App=cydsfit)
Info: apr.M0002: Analog signal "Net_2445" is connected to one terminal only. (App=cydsfit)
Info: apr.M0002: Analog signal "Net_2446" is connected to one terminal only. (App=cydsfit)
Info: apr.M0002: Analog signal "Net_2470" is connected to one terminal only. (App=cydsfit)
Info: apr.M0002: Analog signal "Net_2449" is connected to one terminal only. (App=cydsfit)
Info: apr.M0002: Analog signal "Net_2450" is connected to one terminal only. (App=cydsfit)
Info: apr.M0002: Analog signal "Net_2486" is connected to one terminal only. (App=cydsfit)
Info: apr.M0002: Analog signal "Net_2453" is connected to one terminal only. (App=cydsfit)
Info: apr.M0002: Analog signal "Net_2454" is connected to one terminal only. (App=cydsfit)
Info: apr.M0002: Analog signal "Net_2487" is connected to one terminal only. (App=cydsfit)
Info: apr.M0002: Analog signal "Net_2395" is connected to one terminal only. (App=cydsfit)
Info: apr.M0002: Analog signal "Net_2396" is connected to one terminal only. (App=cydsfit)
Info: apr.M0002: Analog signal "Net_2457" is connected to one terminal only. (App=cydsfit)
Info: apr.M0002: Analog signal "Net_2399" is connected to one terminal only. (App=cydsfit)
Info: apr.M0002: Analog signal "Net_2400" is connected to one terminal only. (App=cydsfit)
Info: apr.M0002: Analog signal "Net_2458" is connected to one terminal only. (App=cydsfit)
Info: apr.M0002: Analog signal "Net_2403" is connected to one terminal only. (App=cydsfit)
Info: apr.M0002: Analog signal "Net_2404" is connected to one terminal only. (App=cydsfit)
Info: apr.M0002: Analog signal "Net_2459" is connected to one terminal only. (App=cydsfit)
Info: apr.M0002: Analog signal "Net_2407" is connected to one terminal only. (App=cydsfit)
Info: apr.M0002: Analog signal "Net_2408" is connected to one terminal only. (App=cydsfit)
Info: apr.M0002: Analog signal "Net_2460" is connected to one terminal only. (App=cydsfit)
Info: apr.M0002: Analog signal "Net_2411" is connected to one terminal only. (App=cydsfit)
Info: apr.M0002: Analog signal "Net_2412" is connected to one terminal only. (App=cydsfit)
Info: apr.M0002: Analog signal "Net_2461" is connected to one terminal only. (App=cydsfit)
Info: apr.M0002: Analog signal "Net_2416" is connected to one terminal only. (App=cydsfit)
Info: apr.M0002: Analog signal "Net_2418" is connected to one terminal only. (App=cydsfit)
Info: apr.M0002: Analog signal "Net_2462" is connected to one terminal only. (App=cydsfit)
Info: apr.M0002: Analog signal "Net_2421" is connected to one terminal only. (App=cydsfit)
Info: apr.M0002: Analog signal "Net_2422" is connected to one terminal only. (App=cydsfit)
Info: apr.M0002: Analog signal "Net_2463" is connected to one terminal only. (App=cydsfit)
Info: apr.M0002: Analog signal "Net_2425" is connected to one terminal only. (App=cydsfit)
Info: apr.M0002: Analog signal "Net_2426" is connected to one terminal only. (App=cydsfit)
Info: apr.M0002: Analog signal "Net_2464" is connected to one terminal only. (App=cydsfit)
Info: apr.M0002: Analog signal "Net_2429" is connected to one terminal only. (App=cydsfit)
Info: apr.M0002: Analog signal "Net_2430" is connected to one terminal only. (App=cydsfit)
Info: apr.M0002: Analog signal "Net_2465" is connected to one terminal only. (App=cydsfit)
Info: apr.M0002: Analog signal "Net_2433" is connected to one terminal only. (App=cydsfit)
Info: apr.M0002: Analog signal "Net_2434" is connected to one terminal only. (App=cydsfit)
Info: apr.M0002: Analog signal "Net_2466" is connected to one terminal only. (App=cydsfit)
Info: apr.M0002: Analog signal "Net_2438" is connected to one terminal only. (App=cydsfit)
Info: apr.M0002: Analog signal "Net_2440" is connected to one terminal only. (App=cydsfit)
Info: apr.M0002: Analog signal "Net_2468" is connected to one terminal only. (App=cydsfit)
Info: apr.M0002: Analog signal "Net_2443" is connected to one terminal only. (App=cydsfit)
Info: apr.M0002: Analog signal "Net_2469" is connected to one terminal only. (App=cydsfit)
Info: apr.M0002: Analog signal "Net_2471" is connected to one terminal only. (App=cydsfit)
Info: apr.M0002: Analog signal "Net_2472" is connected to one terminal only. (App=cydsfit)
Info: apr.M0002: Analog signal "Net_2473" is connected to one terminal only. (App=cydsfit)
Info: apr.M0002: Analog signal "Net_2474" is connected to one terminal only. (App=cydsfit)
Info: apr.M0002: Analog signal "Net_2475" is connected to one terminal only. (App=cydsfit)
Info: apr.M0002: Analog signal "Net_2476" is connected to one terminal only. (App=cydsfit)
Info: apr.M0002: Analog signal "Net_2477" is connected to one terminal only. (App=cydsfit)
Info: apr.M0002: Analog signal "Net_2478" is connected to one terminal only. (App=cydsfit)
Info: apr.M0002: Analog signal "Net_2479" is connected to one terminal only. (App=cydsfit)
Info: apr.M0002: Analog signal "Net_2480" is connected to one terminal only. (App=cydsfit)
Info: apr.M0002: Analog signal "Net_2481" is connected to one terminal only. (App=cydsfit)
Info: apr.M0002: Analog signal "Net_2482" is connected to one terminal only. (App=cydsfit)
Info: apr.M0002: Analog signal "Net_2483" is connected to one terminal only. (App=cydsfit)
Info: apr.M0002: Analog signal "Net_2484" is connected to one terminal only. (App=cydsfit)
Info: apr.M0002: Analog signal "Net_2485" is connected to one terminal only. (App=cydsfit)
Log: apr.M0058: The analog placement iterative improvement is 41% done. (App=cydsfit)
Log: apr.M0058: The analog placement iterative improvement is 69% done. (App=cydsfit)
Analog Routing...
Analog Code Generation...
Digital Placement...
Digital Routing...
Bitstream Generation...
Bitstream Verification...
Static timing analysis...
API Generation...
Dependency Generation...
Cleanup...
arm-none-eabi-gcc.exe -mcpu=cortex-m3 -mthumb -I. -IGenerated_Source\PSoC5 -Wa,-alh=.\CortexM3\ARM_GCC_541\Debug/main.lst -g -D DEBUG -Wall -ffunction-sections -ffat-lto-objects -O0 -c main.c -o .\CortexM3\ARM_GCC_541\Debug\main.o
arm-none-eabi-gcc.exe -mcpu=cortex-m3 -mthumb -I. -IGenerated_Source\PSoC5 -Wa,-alh=.\CortexM3\ARM_GCC_541\Debug/cyfitter_cfg.lst -g -D DEBUG -Wall -ffunction-sections -ffat-lto-objects -O0 -c Generated_Source\PSoC5\cyfitter_cfg.c -o .\CortexM3\ARM_GCC_541\Debug\cyfitter_cfg.o
arm-none-eabi-gcc.exe -mcpu=cortex-m3 -mthumb -I. -IGenerated_Source\PSoC5 -Wa,-alh=.\CortexM3\ARM_GCC_541\Debug/cymetadata.lst -g -D DEBUG -Wall -ffunction-sections -ffat-lto-objects -O0 -c Generated_Source\PSoC5\cymetadata.c -o .\CortexM3\ARM_GCC_541\Debug\cymetadata.o
arm-none-eabi-gcc.exe -mcpu=cortex-m3 -mthumb -I. -IGenerated_Source\PSoC5 -Wa,-alh=.\CortexM3\ARM_GCC_541\Debug/ADC_SAR_Seq.lst -g -D DEBUG -Wall -ffunction-sections -ffat-lto-objects -O0 -c Generated_Source\PSoC5\ADC_SAR_Seq.c -o .\CortexM3\ARM_GCC_541\Debug\ADC_SAR_Seq.o
arm-none-eabi-gcc.exe -mcpu=cortex-m3 -mthumb -I. -IGenerated_Source\PSoC5 -Wa,-alh=.\CortexM3\ARM_GCC_541\Debug/ADC_SAR_Seq_PM.lst -g -D DEBUG -Wall -ffunction-sections -ffat-lto-objects -O0 -c Generated_Source\PSoC5\ADC_SAR_Seq_PM.c -o .\CortexM3\ARM_GCC_541\Debug\ADC_SAR_Seq_PM.o
arm-none-eabi-gcc.exe -mcpu=cortex-m3 -mthumb -I. -IGenerated_Source\PSoC5 -Wa,-alh=.\CortexM3\ARM_GCC_541\Debug/ADC_SAR_Seq_INT.lst -g -D DEBUG -Wall -ffunction-sections -ffat-lto-objects -O0 -c Generated_Source\PSoC5\ADC_SAR_Seq_INT.c -o .\CortexM3\ARM_GCC_541\Debug\ADC_SAR_Seq_INT.o
arm-none-eabi-gcc.exe -mcpu=cortex-m3 -mthumb -I. -IGenerated_Source\PSoC5 -Wa,-alh=.\CortexM3\ARM_GCC_541\Debug/vdac_pin_4.lst -g -D DEBUG -Wall -ffunction-sections -ffat-lto-objects -O0 -c Generated_Source\PSoC5\vdac_pin_4.c -o .\CortexM3\ARM_GCC_541\Debug\vdac_pin_4.o
arm-none-eabi-gcc.exe -mcpu=cortex-m3 -mthumb -I. -IGenerated_Source\PSoC5 -Wa,-alh=.\CortexM3\ARM_GCC_541\Debug/vdac_pin_3.lst -g -D DEBUG -Wall -ffunction-sections -ffat-lto-objects -O0 -c Generated_Source\PSoC5\vdac_pin_3.c -o .\CortexM3\ARM_GCC_541\Debug\vdac_pin_3.o
arm-none-eabi-gcc.exe -mcpu=cortex-m3 -mthumb -I. -IGenerated_Source\PSoC5 -Wa,-alh=.\CortexM3\ARM_GCC_541\Debug/vdac_pin_2.lst -g -D DEBUG -Wall -ffunction-sections -ffat-lto-objects -O0 -c Generated_Source\PSoC5\vdac_pin_2.c -o .\CortexM3\ARM_GCC_541\Debug\vdac_pin_2.o
arm-none-eabi-gcc.exe -mcpu=cortex-m3 -mthumb -I. -IGenerated_Source\PSoC5 -Wa,-alh=.\CortexM3\ARM_GCC_541\Debug/vdac_pin_1.lst -g -D DEBUG -Wall -ffunction-sections -ffat-lto-objects -O0 -c Generated_Source\PSoC5\vdac_pin_1.c -o .\CortexM3\ARM_GCC_541\Debug\vdac_pin_1.o
arm-none-eabi-gcc.exe -mcpu=cortex-m3 -mthumb -I. -IGenerated_Source\PSoC5 -Wa,-alh=.\CortexM3\ARM_GCC_541\Debug/VDAC8_4.lst -g -D DEBUG -Wall -ffunction-sections -ffat-lto-objects -O0 -c Generated_Source\PSoC5\VDAC8_4.c -o .\CortexM3\ARM_GCC_541\Debug\VDAC8_4.o
arm-none-eabi-gcc.exe -mcpu=cortex-m3 -mthumb -I. -IGenerated_Source\PSoC5 -Wa,-alh=.\CortexM3\ARM_GCC_541\Debug/VDAC8_4_PM.lst -g -D DEBUG -Wall -ffunction-sections -ffat-lto-objects -O0 -c Generated_Source\PSoC5\VDAC8_4_PM.c -o .\CortexM3\ARM_GCC_541\Debug\VDAC8_4_PM.o
arm-none-eabi-gcc.exe -mcpu=cortex-m3 -mthumb -I. -IGenerated_Source\PSoC5 -Wa,-alh=.\CortexM3\ARM_GCC_541\Debug/VDAC8_3.lst -g -D DEBUG -Wall -ffunction-sections -ffat-lto-objects -O0 -c Generated_Source\PSoC5\VDAC8_3.c -o .\CortexM3\ARM_GCC_541\Debug\VDAC8_3.o
arm-none-eabi-gcc.exe -mcpu=cortex-m3 -mthumb -I. -IGenerated_Source\PSoC5 -Wa,-alh=.\CortexM3\ARM_GCC_541\Debug/VDAC8_3_PM.lst -g -D DEBUG -Wall -ffunction-sections -ffat-lto-objects -O0 -c Generated_Source\PSoC5\VDAC8_3_PM.c -o .\CortexM3\ARM_GCC_541\Debug\VDAC8_3_PM.o
arm-none-eabi-gcc.exe -mcpu=cortex-m3 -mthumb -I. -IGenerated_Source\PSoC5 -Wa,-alh=.\CortexM3\ARM_GCC_541\Debug/LCD.lst -g -D DEBUG -Wall -ffunction-sections -ffat-lto-objects -O0 -c Generated_Source\PSoC5\LCD.c -o .\CortexM3\ARM_GCC_541\Debug\LCD.o
arm-none-eabi-gcc.exe -mcpu=cortex-m3 -mthumb -I. -IGenerated_Source\PSoC5 -Wa,-alh=.\CortexM3\ARM_GCC_541\Debug/LCD_PM.lst -g -D DEBUG -Wall -ffunction-sections -ffat-lto-objects -O0 -c Generated_Source\PSoC5\LCD_PM.c -o .\CortexM3\ARM_GCC_541\Debug\LCD_PM.o
arm-none-eabi-gcc.exe -mcpu=cortex-m3 -mthumb -I. -IGenerated_Source\PSoC5 -Wa,-alh=.\CortexM3\ARM_GCC_541\Debug/VDAC8_1.lst -g -D DEBUG -Wall -ffunction-sections -ffat-lto-objects -O0 -c Generated_Source\PSoC5\VDAC8_1.c -o .\CortexM3\ARM_GCC_541\Debug\VDAC8_1.o
arm-none-eabi-gcc.exe -mcpu=cortex-m3 -mthumb -I. -IGenerated_Source\PSoC5 -Wa,-alh=.\CortexM3\ARM_GCC_541\Debug/VDAC8_1_PM.lst -g -D DEBUG -Wall -ffunction-sections -ffat-lto-objects -O0 -c Generated_Source\PSoC5\VDAC8_1_PM.c -o .\CortexM3\ARM_GCC_541\Debug\VDAC8_1_PM.o
arm-none-eabi-gcc.exe -mcpu=cortex-m3 -mthumb -I. -IGenerated_Source\PSoC5 -Wa,-alh=.\CortexM3\ARM_GCC_541\Debug/VDAC8_2.lst -g -D DEBUG -Wall -ffunction-sections -ffat-lto-objects -O0 -c Generated_Source\PSoC5\VDAC8_2.c -o .\CortexM3\ARM_GCC_541\Debug\VDAC8_2.o
arm-none-eabi-gcc.exe -mcpu=cortex-m3 -mthumb -I. -IGenerated_Source\PSoC5 -Wa,-alh=.\CortexM3\ARM_GCC_541\Debug/VDAC8_2_PM.lst -g -D DEBUG -Wall -ffunction-sections -ffat-lto-objects -O0 -c Generated_Source\PSoC5\VDAC8_2_PM.c -o .\CortexM3\ARM_GCC_541\Debug\VDAC8_2_PM.o
arm-none-eabi-gcc.exe -mcpu=cortex-m3 -mthumb -I. -IGenerated_Source\PSoC5 -Wa,-alh=.\CortexM3\ARM_GCC_541\Debug/Pin_1.lst -g -D DEBUG -Wall -ffunction-sections -ffat-lto-objects -O0 -c Generated_Source\PSoC5\Pin_1.c -o .\CortexM3\ARM_GCC_541\Debug\Pin_1.o
arm-none-eabi-gcc.exe -mcpu=cortex-m3 -mthumb -I. -IGenerated_Source\PSoC5 -Wa,-alh=.\CortexM3\ARM_GCC_541\Debug/Pin_2.lst -g -D DEBUG -Wall -ffunction-sections -ffat-lto-objects -O0 -c Generated_Source\PSoC5\Pin_2.c -o .\CortexM3\ARM_GCC_541\Debug\Pin_2.o
arm-none-eabi-gcc.exe -mcpu=cortex-m3 -mthumb -I. -IGenerated_Source\PSoC5 -Wa,-alh=.\CortexM3\ARM_GCC_541\Debug/Pin_3.lst -g -D DEBUG -Wall -ffunction-sections -ffat-lto-objects -O0 -c Generated_Source\PSoC5\Pin_3.c -o .\CortexM3\ARM_GCC_541\Debug\Pin_3.o
arm-none-eabi-gcc.exe -mcpu=cortex-m3 -mthumb -I. -IGenerated_Source\PSoC5 -Wa,-alh=.\CortexM3\ARM_GCC_541\Debug/Pin_4.lst -g -D DEBUG -Wall -ffunction-sections -ffat-lto-objects -O0 -c Generated_Source\PSoC5\Pin_4.c -o .\CortexM3\ARM_GCC_541\Debug\Pin_4.o
arm-none-eabi-gcc.exe -mcpu=cortex-m3 -mthumb -I. -IGenerated_Source\PSoC5 -Wa,-alh=.\CortexM3\ARM_GCC_541\Debug/EOC.lst -g -D DEBUG -Wall -ffunction-sections -ffat-lto-objects -O0 -c Generated_Source\PSoC5\EOC.c -o .\CortexM3\ARM_GCC_541\Debug\EOC.o
arm-none-eabi-gcc.exe -mcpu=cortex-m3 -mthumb -I. -IGenerated_Source\PSoC5 -Wa,-alh=.\CortexM3\ARM_GCC_541\Debug/Clock.lst -g -D DEBUG -Wall -ffunction-sections -ffat-lto-objects -O0 -c Generated_Source\PSoC5\Clock.c -o .\CortexM3\ARM_GCC_541\Debug\Clock.o
arm-none-eabi-gcc.exe -mcpu=cortex-m3 -mthumb -I. -IGenerated_Source\PSoC5 -Wa,-alh=.\CortexM3\ARM_GCC_541\Debug/ADC_SAR_Seq_SAR.lst -g -D DEBUG -Wall -ffunction-sections -ffat-lto-objects -O0 -c Generated_Source\PSoC5\ADC_SAR_Seq_SAR.c -o .\CortexM3\ARM_GCC_541\Debug\ADC_SAR_Seq_SAR.o
arm-none-eabi-gcc.exe -mcpu=cortex-m3 -mthumb -I. -IGenerated_Source\PSoC5 -Wa,-alh=.\CortexM3\ARM_GCC_541\Debug/ADC_SAR_Seq_SAR_INT.lst -g -D DEBUG -Wall -ffunction-sections -ffat-lto-objects -O0 -c Generated_Source\PSoC5\ADC_SAR_Seq_SAR_INT.c -o .\CortexM3\ARM_GCC_541\Debug\ADC_SAR_Seq_SAR_INT.o
arm-none-eabi-gcc.exe -mcpu=cortex-m3 -mthumb -I. -IGenerated_Source\PSoC5 -Wa,-alh=.\CortexM3\ARM_GCC_541\Debug/ADC_SAR_Seq_SAR_PM.lst -g -D DEBUG -Wall -ffunction-sections -ffat-lto-objects -O0 -c Generated_Source\PSoC5\ADC_SAR_Seq_SAR_PM.c -o .\CortexM3\ARM_GCC_541\Debug\ADC_SAR_Seq_SAR_PM.o
arm-none-eabi-gcc.exe -mcpu=cortex-m3 -mthumb -I. -IGenerated_Source\PSoC5 -Wa,-alh=.\CortexM3\ARM_GCC_541\Debug/ADC_SAR_Seq_TempBuf_dma.lst -g -D DEBUG -Wall -ffunction-sections -ffat-lto-objects -O0 -c Generated_Source\PSoC5\ADC_SAR_Seq_TempBuf_dma.c -o .\CortexM3\ARM_GCC_541\Debug\ADC_SAR_Seq_TempBuf_dma.o
arm-none-eabi-gcc.exe -mcpu=cortex-m3 -mthumb -I. -IGenerated_Source\PSoC5 -Wa,-alh=.\CortexM3\ARM_GCC_541\Debug/ADC_SAR_Seq_FinalBuf_dma.lst -g -D DEBUG -Wall -ffunction-sections -ffat-lto-objects -O0 -c Generated_Source\PSoC5\ADC_SAR_Seq_FinalBuf_dma.c -o .\CortexM3\ARM_GCC_541\Debug\ADC_SAR_Seq_FinalBuf_dma.o
arm-none-eabi-gcc.exe -mcpu=cortex-m3 -mthumb -I. -IGenerated_Source\PSoC5 -Wa,-alh=.\CortexM3\ARM_GCC_541\Debug/ADC_SAR_Seq_IRQ.lst -g -D DEBUG -Wall -ffunction-sections -ffat-lto-objects -O0 -c Generated_Source\PSoC5\ADC_SAR_Seq_IRQ.c -o .\CortexM3\ARM_GCC_541\Debug\ADC_SAR_Seq_IRQ.o
arm-none-eabi-gcc.exe -mcpu=cortex-m3 -mthumb -I. -IGenerated_Source\PSoC5 -Wa,-alh=.\CortexM3\ARM_GCC_541\Debug/LCD_LCDPort.lst -g -D DEBUG -Wall -ffunction-sections -ffat-lto-objects -O0 -c Generated_Source\PSoC5\LCD_LCDPort.c -o .\CortexM3\ARM_GCC_541\Debug\LCD_LCDPort.o
arm-none-eabi-gcc.exe -mcpu=cortex-m3 -mthumb -I. -IGenerated_Source\PSoC5 -Wa,-alh=.\CortexM3\ARM_GCC_541\Debug/ADC_SAR_Seq_SAR_Bypass.lst -g -D DEBUG -Wall -ffunction-sections -ffat-lto-objects -O0 -c Generated_Source\PSoC5\ADC_SAR_Seq_SAR_Bypass.c -o .\CortexM3\ARM_GCC_541\Debug\ADC_SAR_Seq_SAR_Bypass.o
arm-none-eabi-gcc.exe -mcpu=cortex-m3 -mthumb -I. -IGenerated_Source\PSoC5 -Wa,-alh=.\CortexM3\ARM_GCC_541\Debug/Cm3Start.lst -g -D DEBUG -Wall -ffunction-sections -ffat-lto-objects -O0 -c Generated_Source\PSoC5\Cm3Start.c -o .\CortexM3\ARM_GCC_541\Debug\Cm3Start.o
arm-none-eabi-gcc.exe -mcpu=cortex-m3 -mthumb -I. -IGenerated_Source\PSoC5 -Wa,-alh=.\CortexM3\ARM_GCC_541\Debug/CyDmac.lst -g -D DEBUG -Wall -ffunction-sections -ffat-lto-objects -O0 -c Generated_Source\PSoC5\CyDmac.c -o .\CortexM3\ARM_GCC_541\Debug\CyDmac.o
arm-none-eabi-gcc.exe -mcpu=cortex-m3 -mthumb -I. -IGenerated_Source\PSoC5 -Wa,-alh=.\CortexM3\ARM_GCC_541\Debug/CyFlash.lst -g -D DEBUG -Wall -ffunction-sections -ffat-lto-objects -O0 -c Generated_Source\PSoC5\CyFlash.c -o .\CortexM3\ARM_GCC_541\Debug\CyFlash.o
arm-none-eabi-gcc.exe -mcpu=cortex-m3 -mthumb -I. -IGenerated_Source\PSoC5 -Wa,-alh=.\CortexM3\ARM_GCC_541\Debug/CyLib.lst -g -D DEBUG -Wall -ffunction-sections -ffat-lto-objects -O0 -c Generated_Source\PSoC5\CyLib.c -o .\CortexM3\ARM_GCC_541\Debug\CyLib.o
arm-none-eabi-gcc.exe -mcpu=cortex-m3 -mthumb -I. -IGenerated_Source\PSoC5 -Wa,-alh=.\CortexM3\ARM_GCC_541\Debug/cyPm.lst -g -D DEBUG -Wall -ffunction-sections -ffat-lto-objects -O0 -c Generated_Source\PSoC5\cyPm.c -o .\CortexM3\ARM_GCC_541\Debug\cyPm.o
arm-none-eabi-gcc.exe -mcpu=cortex-m3 -mthumb -I. -IGenerated_Source\PSoC5 -Wa,-alh=.\CortexM3\ARM_GCC_541\Debug/CySpc.lst -g -D DEBUG -Wall -ffunction-sections -ffat-lto-objects -O0 -c Generated_Source\PSoC5\CySpc.c -o .\CortexM3\ARM_GCC_541\Debug\CySpc.o
arm-none-eabi-gcc.exe -mcpu=cortex-m3 -mthumb -I. -IGenerated_Source\PSoC5 -Wa,-alh=.\CortexM3\ARM_GCC_541\Debug/cyutils.lst -g -D DEBUG -Wall -ffunction-sections -ffat-lto-objects -O0 -c Generated_Source\PSoC5\cyutils.c -o .\CortexM3\ARM_GCC_541\Debug\cyutils.o
arm-none-eabi-gcc.exe -mcpu=cortex-m3 -mthumb -I. -IGenerated_Source\PSoC5 -Wa,-alh=.\CortexM3\ARM_GCC_541\Debug/cy_em_eeprom.lst -g -D DEBUG -Wall -ffunction-sections -ffat-lto-objects -O0 -c Generated_Source\PSoC5\cy_em_eeprom.c -o .\CortexM3\ARM_GCC_541\Debug\cy_em_eeprom.o
arm-none-eabi-as.exe -mcpu=cortex-m3 -mthumb -I. -IGenerated_Source\PSoC5 -alh=.\CortexM3\ARM_GCC_541\Debug/CyBootAsmGnu.lst -g -o .\CortexM3\ARM_GCC_541\Debug\CyBootAsmGnu.o Generated_Source\PSoC5\CyBootAsmGnu.s
arm-none-eabi-ar.exe -rs .\CortexM3\ARM_GCC_541\Debug\ADC_SAR_Seq_Example01.a .\CortexM3\ARM_GCC_541\Debug\ADC_SAR_Seq.o .\CortexM3\ARM_GCC_541\Debug\ADC_SAR_Seq_PM.o .\CortexM3\ARM_GCC_541\Debug\ADC_SAR_Seq_INT.o .\CortexM3\ARM_GCC_541\Debug\vdac_pin_4.o .\CortexM3\ARM_GCC_541\Debug\vdac_pin_3.o .\CortexM3\ARM_GCC_541\Debug\vdac_pin_2.o .\CortexM3\ARM_GCC_541\Debug\vdac_pin_1.o .\CortexM3\ARM_GCC_541\Debug\VDAC8_4.o .\CortexM3\ARM_GCC_541\Debug\VDAC8_4_PM.o .\CortexM3\ARM_GCC_541\Debug\VDAC8_3.o .\CortexM3\ARM_GCC_541\Debug\VDAC8_3_PM.o .\CortexM3\ARM_GCC_541\Debug\LCD.o .\CortexM3\ARM_GCC_541\Debug\LCD_PM.o .\CortexM3\ARM_GCC_541\Debug\VDAC8_1.o .\CortexM3\ARM_GCC_541\Debug\VDAC8_1_PM.o .\CortexM3\ARM_GCC_541\Debug\VDAC8_2.o .\CortexM3\ARM_GCC_541\Debug\VDAC8_2_PM.o .\CortexM3\ARM_GCC_541\Debug\Pin_1.o .\CortexM3\ARM_GCC_541\Debug\Pin_2.o .\CortexM3\ARM_GCC_541\Debug\Pin_3.o .\CortexM3\ARM_GCC_541\Debug\Pin_4.o .\CortexM3\ARM_GCC_541\Debug\EOC.o .\CortexM3\ARM_GCC_541\Debug\Clock.o .\CortexM3\ARM_GCC_541\Debug\ADC_SAR_Seq_SAR.o .\CortexM3\ARM_GCC_541\Debug\ADC_SAR_Seq_SAR_INT.o .\CortexM3\ARM_GCC_541\Debug\ADC_SAR_Seq_SAR_PM.o .\CortexM3\ARM_GCC_541\Debug\ADC_SAR_Seq_TempBuf_dma.o .\CortexM3\ARM_GCC_541\Debug\ADC_SAR_Seq_FinalBuf_dma.o .\CortexM3\ARM_GCC_541\Debug\ADC_SAR_Seq_IRQ.o .\CortexM3\ARM_GCC_541\Debug\LCD_LCDPort.o .\CortexM3\ARM_GCC_541\Debug\ADC_SAR_Seq_SAR_Bypass.o .\CortexM3\ARM_GCC_541\Debug\CyDmac.o .\CortexM3\ARM_GCC_541\Debug\CyFlash.o .\CortexM3\ARM_GCC_541\Debug\CyLib.o .\CortexM3\ARM_GCC_541\Debug\cyPm.o .\CortexM3\ARM_GCC_541\Debug\CySpc.o .\CortexM3\ARM_GCC_541\Debug\cyutils.o .\CortexM3\ARM_GCC_541\Debug\cy_em_eeprom.o .\CortexM3\ARM_GCC_541\Debug\CyBootAsmGnu.o
arm-none-eabi-ar.exe: creating .\CortexM3\ARM_GCC_541\Debug\ADC_SAR_Seq_Example01.a
arm-none-eabi-gcc.exe -Wl,--start-group -o H:\BCC722-RTOS-moinho\UCoS\Micrium_2\Software\EvalBoards\Cypress\CY8CKIT-050\PSoC\uCOS-III-Probe\ADC_SAR_Seq_Example01.cydsn\CortexM3\ARM_GCC_541\Debug\ADC_SAR_Seq_Example01.elf .\CortexM3\ARM_GCC_541\Debug\main.o .\CortexM3\ARM_GCC_541\Debug\cyfitter_cfg.o .\CortexM3\ARM_GCC_541\Debug\cymetadata.o .\CortexM3\ARM_GCC_541\Debug\Cm3Start.o .\CortexM3\ARM_GCC_541\Debug\ADC_SAR_Seq_Example01.a "C:\Program Files (x86)\Cypress\PSoC Creator\4.4\PSoC Creator\psoc\content\cycomponentlibrary\CyComponentLibrary.cylib\CortexM3\ARM_GCC_541\Debug\CyComponentLibrary.a" -mcpu=cortex-m3 -mthumb -L Generated_Source\PSoC5 -Wl,-Map,.\CortexM3\ARM_GCC_541\Debug/ADC_SAR_Seq_Example01.map -T Generated_Source\PSoC5\cm3gcc.ld -specs=nano.specs -Wl,--gc-sections -g -ffunction-sections -O0 -ffat-lto-objects -Wl,--end-group
cyelftool.exe -C H:\BCC722-RTOS-moinho\UCoS\Micrium_2\Software\EvalBoards\Cypress\CY8CKIT-050\PSoC\uCOS-III-Probe\ADC_SAR_Seq_Example01.cydsn\CortexM3\ARM_GCC_541\Debug\ADC_SAR_Seq_Example01.elf --flash_row_size 256 --flash_size 262144 --flash_offset 0x00000000
No ELF section .cychecksum found, creating one
Application checksum calculated and stored in ELF section .cychecksum
Checksum calculated and stored in ELF section .cymeta
cyelftool.exe -S H:\BCC722-RTOS-moinho\UCoS\Micrium_2\Software\EvalBoards\Cypress\CY8CKIT-050\PSoC\uCOS-III-Probe\ADC_SAR_Seq_Example01.cydsn\CortexM3\ARM_GCC_541\Debug\ADC_SAR_Seq_Example01.elf
Flash used: 20508 of 262144 bytes (7,8%).
SRAM used: 20957 of 65536 bytes (32,0%). Stack: 16384 bytes. Heap: 4096 bytes.
--------------- Build Succeeded: 10/20/2022 08:44:35 ---------------
