ARM GAS  C:\Users\alex\AppData\Local\Temp\ccvXYkxv.s 			page 1


   1              		.syntax unified
   2              		.cpu cortex-m3
   3              		.fpu softvfp
   4              		.eabi_attribute 20, 1
   5              		.eabi_attribute 21, 1
   6              		.eabi_attribute 23, 3
   7              		.eabi_attribute 24, 1
   8              		.eabi_attribute 25, 1
   9              		.eabi_attribute 26, 1
  10              		.eabi_attribute 30, 6
  11              		.eabi_attribute 34, 1
  12              		.eabi_attribute 18, 4
  13              		.thumb
  14              		.syntax unified
  15              		.file	"main.c"
  16              		.text
  17              	.Ltext0:
  18              		.cfi_sections	.debug_frame
  19              		.section	.text.SWPin_Control,"ax",%progbits
  20              		.align	2
  21              		.global	SWPin_Control
  22              		.thumb
  23              		.thumb_func
  24              		.type	SWPin_Control, %function
  25              	SWPin_Control:
  26              	.LFB63:
  27              		.file 1 "main.c"
   1:main.c        **** /*******************************************************************************
   2:main.c        **** * File Name: main.c  
   3:main.c        **** * Version 1.10
   4:main.c        **** *
   5:main.c        **** * Description:
   6:main.c        **** *  Contains the main.c function.
   7:main.c        **** *
   8:main.c        **** *
   9:main.c        **** *******************************************************************************
  10:main.c        **** * Copyright 2013-2017, Cypress Semiconductor Corporation.  All rights reserved.
  11:main.c        **** * You may use this file only in accordance with the license, terms, conditions, 
  12:main.c        **** * disclaimers, and limitations in the end user license agreement accompanying 
  13:main.c        **** * the software package with which this file was provided.
  14:main.c        **** ********************************************************************************/
  15:main.c        **** 
  16:main.c        **** #include <project.h>
  17:main.c        **** 
  18:main.c        **** CY_ISR(SWPin_Control)
  19:main.c        **** {
  28              		.loc 1 19 0
  29              		.cfi_startproc
  30              		@ args = 0, pretend = 0, frame = 0
  31              		@ frame_needed = 1, uses_anonymous_args = 0
  32 0000 80B5     		push	{r7, lr}
  33              		.cfi_def_cfa_offset 8
  34              		.cfi_offset 7, -8
  35              		.cfi_offset 14, -4
  36 0002 00AF     		add	r7, sp, #0
  37              		.cfi_def_cfa_register 7
  20:main.c        ****     if(InputPin_Read() == 1u)
ARM GAS  C:\Users\alex\AppData\Local\Temp\ccvXYkxv.s 			page 2


  38              		.loc 1 20 0
  39 0004 FFF7FEFF 		bl	InputPin_Read
  40 0008 0346     		mov	r3, r0
  41 000a 012B     		cmp	r3, #1
  42 000c 03D1     		bne	.L2
  21:main.c        ****     {
  22:main.c        ****         OutputPinSW_Write(0u);
  43              		.loc 1 22 0
  44 000e 0020     		movs	r0, #0
  45 0010 FFF7FEFF 		bl	OutputPinSW_Write
  46 0014 02E0     		b	.L3
  47              	.L2:
  23:main.c        ****     }
  24:main.c        ****     else
  25:main.c        ****     {
  26:main.c        ****         OutputPinSW_Write(1u);
  48              		.loc 1 26 0
  49 0016 0120     		movs	r0, #1
  50 0018 FFF7FEFF 		bl	OutputPinSW_Write
  51              	.L3:
  27:main.c        ****     }
  28:main.c        ****     
  29:main.c        ****     InputPin_ClearInterrupt();
  52              		.loc 1 29 0
  53 001c FFF7FEFF 		bl	InputPin_ClearInterrupt
  30:main.c        **** }
  54              		.loc 1 30 0
  55 0020 00BF     		nop
  56 0022 80BD     		pop	{r7, pc}
  57              		.cfi_endproc
  58              	.LFE63:
  59              		.size	SWPin_Control, .-SWPin_Control
  60              		.section	.text.main,"ax",%progbits
  61              		.align	2
  62              		.global	main
  63              		.thumb
  64              		.thumb_func
  65              		.type	main, %function
  66              	main:
  67              	.LFB64:
  31:main.c        **** 
  32:main.c        **** int main()
  33:main.c        **** {
  68              		.loc 1 33 0
  69              		.cfi_startproc
  70              		@ args = 0, pretend = 0, frame = 0
  71              		@ frame_needed = 1, uses_anonymous_args = 0
  72 0000 80B5     		push	{r7, lr}
  73              		.cfi_def_cfa_offset 8
  74              		.cfi_offset 7, -8
  75              		.cfi_offset 14, -4
  76 0002 00AF     		add	r7, sp, #0
  77              		.cfi_def_cfa_register 7
  34:main.c        ****     InputInterrupt_StartEx(SWPin_Control);
  78              		.loc 1 34 0
  79 0004 0248     		ldr	r0, .L6
  80 0006 FFF7FEFF 		bl	InputInterrupt_StartEx
ARM GAS  C:\Users\alex\AppData\Local\Temp\ccvXYkxv.s 			page 3


  35:main.c        ****     
  36:main.c        ****     CyGlobalIntEnable;
  81              		.loc 1 36 0
  82              		.syntax unified
  83              	@ 36 "main.c" 1
  84 000a 62B6     		CPSIE   i
  85              	@ 0 "" 2
  86              		.thumb
  87              		.syntax unified
  88              	.L5:
  37:main.c        ****     
  38:main.c        ****     for(;;){}
  89              		.loc 1 38 0 discriminator 1
  90 000c FEE7     		b	.L5
  91              	.L7:
  92 000e 00BF     		.align	2
  93              	.L6:
  94 0010 00000000 		.word	SWPin_Control
  95              		.cfi_endproc
  96              	.LFE64:
  97              		.size	main, .-main
  98              		.text
  99              	.Letext0:
 100              		.file 2 "c:\\program files (x86)\\cypress\\psoc creator\\4.4\\psoc creator\\import\\gnu\\arm\\5.4.
 101              		.file 3 "c:\\program files (x86)\\cypress\\psoc creator\\4.4\\psoc creator\\import\\gnu\\arm\\5.4.
 102              		.file 4 "Generated_Source\\PSoC5/core_cm3.h"
 103              		.section	.debug_info,"",%progbits
 104              	.Ldebug_info0:
 105 0000 D8000000 		.4byte	0xd8
 106 0004 0400     		.2byte	0x4
 107 0006 00000000 		.4byte	.Ldebug_abbrev0
 108 000a 04       		.byte	0x4
 109 000b 01       		.uleb128 0x1
 110 000c 08010000 		.4byte	.LASF18
 111 0010 0C       		.byte	0xc
 112 0011 B2000000 		.4byte	.LASF19
 113 0015 0E000000 		.4byte	.LASF20
 114 0019 00000000 		.4byte	.Ldebug_ranges0+0
 115 001d 00000000 		.4byte	0
 116 0021 00000000 		.4byte	.Ldebug_line0
 117 0025 02       		.uleb128 0x2
 118 0026 01       		.byte	0x1
 119 0027 06       		.byte	0x6
 120 0028 C6010000 		.4byte	.LASF0
 121 002c 02       		.uleb128 0x2
 122 002d 01       		.byte	0x1
 123 002e 08       		.byte	0x8
 124 002f 96010000 		.4byte	.LASF1
 125 0033 02       		.uleb128 0x2
 126 0034 02       		.byte	0x2
 127 0035 05       		.byte	0x5
 128 0036 EE010000 		.4byte	.LASF2
 129 003a 02       		.uleb128 0x2
 130 003b 02       		.byte	0x2
 131 003c 07       		.byte	0x7
 132 003d E7000000 		.4byte	.LASF3
 133 0041 03       		.uleb128 0x3
ARM GAS  C:\Users\alex\AppData\Local\Temp\ccvXYkxv.s 			page 4


 134 0042 DE010000 		.4byte	.LASF9
 135 0046 02       		.byte	0x2
 136 0047 3F       		.byte	0x3f
 137 0048 4C000000 		.4byte	0x4c
 138 004c 02       		.uleb128 0x2
 139 004d 04       		.byte	0x4
 140 004e 05       		.byte	0x5
 141 004f A9010000 		.4byte	.LASF4
 142 0053 02       		.uleb128 0x2
 143 0054 04       		.byte	0x4
 144 0055 07       		.byte	0x7
 145 0056 BE000000 		.4byte	.LASF5
 146 005a 02       		.uleb128 0x2
 147 005b 08       		.byte	0x8
 148 005c 05       		.byte	0x5
 149 005d 00000000 		.4byte	.LASF6
 150 0061 02       		.uleb128 0x2
 151 0062 08       		.byte	0x8
 152 0063 07       		.byte	0x7
 153 0064 D0000000 		.4byte	.LASF7
 154 0068 04       		.uleb128 0x4
 155 0069 04       		.byte	0x4
 156 006a 05       		.byte	0x5
 157 006b 696E7400 		.ascii	"int\000"
 158 006f 02       		.uleb128 0x2
 159 0070 04       		.byte	0x4
 160 0071 07       		.byte	0x7
 161 0072 A5000000 		.4byte	.LASF8
 162 0076 03       		.uleb128 0x3
 163 0077 F8010000 		.4byte	.LASF10
 164 007b 03       		.byte	0x3
 165 007c 2C       		.byte	0x2c
 166 007d 41000000 		.4byte	0x41
 167 0081 02       		.uleb128 0x2
 168 0082 04       		.byte	0x4
 169 0083 04       		.byte	0x4
 170 0084 E8010000 		.4byte	.LASF11
 171 0088 02       		.uleb128 0x2
 172 0089 08       		.byte	0x8
 173 008a 04       		.byte	0x4
 174 008b B2010000 		.4byte	.LASF12
 175 008f 02       		.uleb128 0x2
 176 0090 01       		.byte	0x1
 177 0091 08       		.byte	0x8
 178 0092 A4010000 		.4byte	.LASF13
 179 0096 02       		.uleb128 0x2
 180 0097 04       		.byte	0x4
 181 0098 07       		.byte	0x7
 182 0099 00020000 		.4byte	.LASF14
 183 009d 02       		.uleb128 0x2
 184 009e 08       		.byte	0x8
 185 009f 04       		.byte	0x4
 186 00a0 D2010000 		.4byte	.LASF15
 187 00a4 05       		.uleb128 0x5
 188 00a5 FA000000 		.4byte	.LASF16
 189 00a9 01       		.byte	0x1
 190 00aa 12       		.byte	0x12
ARM GAS  C:\Users\alex\AppData\Local\Temp\ccvXYkxv.s 			page 5


 191 00ab 00000000 		.4byte	.LFB63
 192 00af 24000000 		.4byte	.LFE63-.LFB63
 193 00b3 01       		.uleb128 0x1
 194 00b4 9C       		.byte	0x9c
 195 00b5 06       		.uleb128 0x6
 196 00b6 B9000000 		.4byte	.LASF17
 197 00ba 01       		.byte	0x1
 198 00bb 20       		.byte	0x20
 199 00bc 68000000 		.4byte	0x68
 200 00c0 00000000 		.4byte	.LFB64
 201 00c4 14000000 		.4byte	.LFE64-.LFB64
 202 00c8 01       		.uleb128 0x1
 203 00c9 9C       		.byte	0x9c
 204 00ca 07       		.uleb128 0x7
 205 00cb B9010000 		.4byte	.LASF21
 206 00cf 04       		.byte	0x4
 207 00d0 1207     		.2byte	0x712
 208 00d2 D6000000 		.4byte	0xd6
 209 00d6 08       		.uleb128 0x8
 210 00d7 76000000 		.4byte	0x76
 211 00db 00       		.byte	0
 212              		.section	.debug_abbrev,"",%progbits
 213              	.Ldebug_abbrev0:
 214 0000 01       		.uleb128 0x1
 215 0001 11       		.uleb128 0x11
 216 0002 01       		.byte	0x1
 217 0003 25       		.uleb128 0x25
 218 0004 0E       		.uleb128 0xe
 219 0005 13       		.uleb128 0x13
 220 0006 0B       		.uleb128 0xb
 221 0007 03       		.uleb128 0x3
 222 0008 0E       		.uleb128 0xe
 223 0009 1B       		.uleb128 0x1b
 224 000a 0E       		.uleb128 0xe
 225 000b 55       		.uleb128 0x55
 226 000c 17       		.uleb128 0x17
 227 000d 11       		.uleb128 0x11
 228 000e 01       		.uleb128 0x1
 229 000f 10       		.uleb128 0x10
 230 0010 17       		.uleb128 0x17
 231 0011 00       		.byte	0
 232 0012 00       		.byte	0
 233 0013 02       		.uleb128 0x2
 234 0014 24       		.uleb128 0x24
 235 0015 00       		.byte	0
 236 0016 0B       		.uleb128 0xb
 237 0017 0B       		.uleb128 0xb
 238 0018 3E       		.uleb128 0x3e
 239 0019 0B       		.uleb128 0xb
 240 001a 03       		.uleb128 0x3
 241 001b 0E       		.uleb128 0xe
 242 001c 00       		.byte	0
 243 001d 00       		.byte	0
 244 001e 03       		.uleb128 0x3
 245 001f 16       		.uleb128 0x16
 246 0020 00       		.byte	0
 247 0021 03       		.uleb128 0x3
ARM GAS  C:\Users\alex\AppData\Local\Temp\ccvXYkxv.s 			page 6


 248 0022 0E       		.uleb128 0xe
 249 0023 3A       		.uleb128 0x3a
 250 0024 0B       		.uleb128 0xb
 251 0025 3B       		.uleb128 0x3b
 252 0026 0B       		.uleb128 0xb
 253 0027 49       		.uleb128 0x49
 254 0028 13       		.uleb128 0x13
 255 0029 00       		.byte	0
 256 002a 00       		.byte	0
 257 002b 04       		.uleb128 0x4
 258 002c 24       		.uleb128 0x24
 259 002d 00       		.byte	0
 260 002e 0B       		.uleb128 0xb
 261 002f 0B       		.uleb128 0xb
 262 0030 3E       		.uleb128 0x3e
 263 0031 0B       		.uleb128 0xb
 264 0032 03       		.uleb128 0x3
 265 0033 08       		.uleb128 0x8
 266 0034 00       		.byte	0
 267 0035 00       		.byte	0
 268 0036 05       		.uleb128 0x5
 269 0037 2E       		.uleb128 0x2e
 270 0038 00       		.byte	0
 271 0039 3F       		.uleb128 0x3f
 272 003a 19       		.uleb128 0x19
 273 003b 03       		.uleb128 0x3
 274 003c 0E       		.uleb128 0xe
 275 003d 3A       		.uleb128 0x3a
 276 003e 0B       		.uleb128 0xb
 277 003f 3B       		.uleb128 0x3b
 278 0040 0B       		.uleb128 0xb
 279 0041 27       		.uleb128 0x27
 280 0042 19       		.uleb128 0x19
 281 0043 11       		.uleb128 0x11
 282 0044 01       		.uleb128 0x1
 283 0045 12       		.uleb128 0x12
 284 0046 06       		.uleb128 0x6
 285 0047 40       		.uleb128 0x40
 286 0048 18       		.uleb128 0x18
 287 0049 9642     		.uleb128 0x2116
 288 004b 19       		.uleb128 0x19
 289 004c 00       		.byte	0
 290 004d 00       		.byte	0
 291 004e 06       		.uleb128 0x6
 292 004f 2E       		.uleb128 0x2e
 293 0050 00       		.byte	0
 294 0051 3F       		.uleb128 0x3f
 295 0052 19       		.uleb128 0x19
 296 0053 03       		.uleb128 0x3
 297 0054 0E       		.uleb128 0xe
 298 0055 3A       		.uleb128 0x3a
 299 0056 0B       		.uleb128 0xb
 300 0057 3B       		.uleb128 0x3b
 301 0058 0B       		.uleb128 0xb
 302 0059 49       		.uleb128 0x49
 303 005a 13       		.uleb128 0x13
 304 005b 11       		.uleb128 0x11
ARM GAS  C:\Users\alex\AppData\Local\Temp\ccvXYkxv.s 			page 7


 305 005c 01       		.uleb128 0x1
 306 005d 12       		.uleb128 0x12
 307 005e 06       		.uleb128 0x6
 308 005f 40       		.uleb128 0x40
 309 0060 18       		.uleb128 0x18
 310 0061 9642     		.uleb128 0x2116
 311 0063 19       		.uleb128 0x19
 312 0064 00       		.byte	0
 313 0065 00       		.byte	0
 314 0066 07       		.uleb128 0x7
 315 0067 34       		.uleb128 0x34
 316 0068 00       		.byte	0
 317 0069 03       		.uleb128 0x3
 318 006a 0E       		.uleb128 0xe
 319 006b 3A       		.uleb128 0x3a
 320 006c 0B       		.uleb128 0xb
 321 006d 3B       		.uleb128 0x3b
 322 006e 05       		.uleb128 0x5
 323 006f 49       		.uleb128 0x49
 324 0070 13       		.uleb128 0x13
 325 0071 3F       		.uleb128 0x3f
 326 0072 19       		.uleb128 0x19
 327 0073 3C       		.uleb128 0x3c
 328 0074 19       		.uleb128 0x19
 329 0075 00       		.byte	0
 330 0076 00       		.byte	0
 331 0077 08       		.uleb128 0x8
 332 0078 35       		.uleb128 0x35
 333 0079 00       		.byte	0
 334 007a 49       		.uleb128 0x49
 335 007b 13       		.uleb128 0x13
 336 007c 00       		.byte	0
 337 007d 00       		.byte	0
 338 007e 00       		.byte	0
 339              		.section	.debug_aranges,"",%progbits
 340 0000 24000000 		.4byte	0x24
 341 0004 0200     		.2byte	0x2
 342 0006 00000000 		.4byte	.Ldebug_info0
 343 000a 04       		.byte	0x4
 344 000b 00       		.byte	0
 345 000c 0000     		.2byte	0
 346 000e 0000     		.2byte	0
 347 0010 00000000 		.4byte	.LFB63
 348 0014 24000000 		.4byte	.LFE63-.LFB63
 349 0018 00000000 		.4byte	.LFB64
 350 001c 14000000 		.4byte	.LFE64-.LFB64
 351 0020 00000000 		.4byte	0
 352 0024 00000000 		.4byte	0
 353              		.section	.debug_ranges,"",%progbits
 354              	.Ldebug_ranges0:
 355 0000 00000000 		.4byte	.LFB63
 356 0004 24000000 		.4byte	.LFE63
 357 0008 00000000 		.4byte	.LFB64
 358 000c 14000000 		.4byte	.LFE64
 359 0010 00000000 		.4byte	0
 360 0014 00000000 		.4byte	0
 361              		.section	.debug_line,"",%progbits
ARM GAS  C:\Users\alex\AppData\Local\Temp\ccvXYkxv.s 			page 8


 362              	.Ldebug_line0:
 363 0000 6F010000 		.section	.debug_str,"MS",%progbits,1
 363      02003F01 
 363      00000201 
 363      FB0E0D00 
 363      01010101 
 364              	.LASF6:
 365 0000 6C6F6E67 		.ascii	"long long int\000"
 365      206C6F6E 
 365      6720696E 
 365      7400
 366              	.LASF20:
 367 000e 433A5C55 		.ascii	"C:\\Users\\alex\\Documents\\PSoC Creator\\BCC722-PR"
 367      73657273 
 367      5C616C65 
 367      785C446F 
 367      63756D65 
 368 003c 41544943 		.ascii	"ATICA-03\\UCoS\\Micrium_2\\Software\\EvalBoards\\Cy"
 368      412D3033 
 368      5C55436F 
 368      535C4D69 
 368      63726975 
 369 006a 70726573 		.ascii	"press\\CY8CKIT-050\\PSoC\\uCOS-III-Probe\\Digital_P"
 369      735C4359 
 369      38434B49 
 369      542D3035 
 369      305C5053 
 370 0099 696E7330 		.ascii	"ins01.cydsn\000"
 370      312E6379 
 370      64736E00 
 371              	.LASF8:
 372 00a5 756E7369 		.ascii	"unsigned int\000"
 372      676E6564 
 372      20696E74 
 372      00
 373              	.LASF19:
 374 00b2 6D61696E 		.ascii	"main.c\000"
 374      2E6300
 375              	.LASF17:
 376 00b9 6D61696E 		.ascii	"main\000"
 376      00
 377              	.LASF5:
 378 00be 6C6F6E67 		.ascii	"long unsigned int\000"
 378      20756E73 
 378      69676E65 
 378      6420696E 
 378      7400
 379              	.LASF7:
 380 00d0 6C6F6E67 		.ascii	"long long unsigned int\000"
 380      206C6F6E 
 380      6720756E 
 380      7369676E 
 380      65642069 
 381              	.LASF3:
 382 00e7 73686F72 		.ascii	"short unsigned int\000"
 382      7420756E 
 382      7369676E 
ARM GAS  C:\Users\alex\AppData\Local\Temp\ccvXYkxv.s 			page 9


 382      65642069 
 382      6E7400
 383              	.LASF16:
 384 00fa 53575069 		.ascii	"SWPin_Control\000"
 384      6E5F436F 
 384      6E74726F 
 384      6C00
 385              	.LASF18:
 386 0108 474E5520 		.ascii	"GNU C11 5.4.1 20160609 (release) [ARM/embedded-5-br"
 386      43313120 
 386      352E342E 
 386      31203230 
 386      31363036 
 387 013b 616E6368 		.ascii	"anch revision 237715] -mcpu=cortex-m3 -mthumb -g -O"
 387      20726576 
 387      6973696F 
 387      6E203233 
 387      37373135 
 388 016e 30202D66 		.ascii	"0 -ffunction-sections -ffat-lto-objects\000"
 388      66756E63 
 388      74696F6E 
 388      2D736563 
 388      74696F6E 
 389              	.LASF1:
 390 0196 756E7369 		.ascii	"unsigned char\000"
 390      676E6564 
 390      20636861 
 390      7200
 391              	.LASF13:
 392 01a4 63686172 		.ascii	"char\000"
 392      00
 393              	.LASF4:
 394 01a9 6C6F6E67 		.ascii	"long int\000"
 394      20696E74 
 394      00
 395              	.LASF12:
 396 01b2 646F7562 		.ascii	"double\000"
 396      6C6500
 397              	.LASF21:
 398 01b9 49544D5F 		.ascii	"ITM_RxBuffer\000"
 398      52784275 
 398      66666572 
 398      00
 399              	.LASF0:
 400 01c6 7369676E 		.ascii	"signed char\000"
 400      65642063 
 400      68617200 
 401              	.LASF15:
 402 01d2 6C6F6E67 		.ascii	"long double\000"
 402      20646F75 
 402      626C6500 
 403              	.LASF9:
 404 01de 5F5F696E 		.ascii	"__int32_t\000"
 404      7433325F 
 404      7400
 405              	.LASF11:
 406 01e8 666C6F61 		.ascii	"float\000"
ARM GAS  C:\Users\alex\AppData\Local\Temp\ccvXYkxv.s 			page 10


 406      7400
 407              	.LASF2:
 408 01ee 73686F72 		.ascii	"short int\000"
 408      7420696E 
 408      7400
 409              	.LASF10:
 410 01f8 696E7433 		.ascii	"int32_t\000"
 410      325F7400 
 411              	.LASF14:
 412 0200 73697A65 		.ascii	"sizetype\000"
 412      74797065 
 412      00
 413              		.ident	"GCC: (GNU Tools for ARM Embedded Processors) 5.4.1 20160609 (release) [ARM/embedded-5-bran
