ARM GAS  C:\Users\alex\AppData\Local\Temp\cccPa4Yc.s 			page 1


   1              		.syntax unified
   2              		.cpu cortex-m3
   3              		.fpu softvfp
   4              		.eabi_attribute 20, 1
   5              		.eabi_attribute 21, 1
   6              		.eabi_attribute 23, 3
   7              		.eabi_attribute 24, 1
   8              		.eabi_attribute 25, 1
   9              		.eabi_attribute 26, 1
  10              		.eabi_attribute 30, 6
  11              		.eabi_attribute 34, 1
  12              		.eabi_attribute 18, 4
  13              		.thumb
  14              		.syntax unified
  15              		.file	"os_int.c"
  16              		.text
  17              	.Ltext0:
  18              		.cfi_sections	.debug_frame
  19              	.Letext0:
  20              		.section	.debug_info,"",%progbits
  21              	.Ldebug_info0:
  22 0000 6E000000 		.4byte	0x6e
  23 0004 0400     		.2byte	0x4
  24 0006 00000000 		.4byte	.Ldebug_abbrev0
  25 000a 04       		.byte	0x4
  26 000b 01       		.uleb128 0x1
  27 000c EA000000 		.4byte	.LASF11
  28 0010 0C       		.byte	0xc
  29 0011 0D000000 		.4byte	.LASF12
  30 0015 4A000000 		.4byte	.LASF13
  31 0019 00000000 		.4byte	.Ldebug_line0
  32 001d 02       		.uleb128 0x2
  33 001e 01       		.byte	0x1
  34 001f 08       		.byte	0x8
  35 0020 99010000 		.4byte	.LASF0
  36 0024 02       		.uleb128 0x2
  37 0025 01       		.byte	0x1
  38 0026 08       		.byte	0x8
  39 0027 78010000 		.4byte	.LASF1
  40 002b 02       		.uleb128 0x2
  41 002c 01       		.byte	0x1
  42 002d 06       		.byte	0x6
  43 002e 3E000000 		.4byte	.LASF2
  44 0032 02       		.uleb128 0x2
  45 0033 02       		.byte	0x2
  46 0034 07       		.byte	0x7
  47 0035 9E010000 		.4byte	.LASF3
  48 0039 02       		.uleb128 0x2
  49 003a 02       		.byte	0x2
  50 003b 05       		.byte	0x5
  51 003c 8F010000 		.4byte	.LASF4
  52 0040 02       		.uleb128 0x2
  53 0041 04       		.byte	0x4
  54 0042 07       		.byte	0x7
  55 0043 00000000 		.4byte	.LASF5
  56 0047 03       		.uleb128 0x3
  57 0048 04       		.byte	0x4
ARM GAS  C:\Users\alex\AppData\Local\Temp\cccPa4Yc.s 			page 2


  58 0049 05       		.byte	0x5
  59 004a 696E7400 		.ascii	"int\000"
  60 004e 02       		.uleb128 0x2
  61 004f 08       		.byte	0x8
  62 0050 07       		.byte	0x7
  63 0051 D3000000 		.4byte	.LASF6
  64 0055 02       		.uleb128 0x2
  65 0056 08       		.byte	0x8
  66 0057 05       		.byte	0x5
  67 0058 B1010000 		.4byte	.LASF7
  68 005c 02       		.uleb128 0x2
  69 005d 04       		.byte	0x4
  70 005e 04       		.byte	0x4
  71 005f 38000000 		.4byte	.LASF8
  72 0063 02       		.uleb128 0x2
  73 0064 08       		.byte	0x8
  74 0065 04       		.byte	0x4
  75 0066 CC000000 		.4byte	.LASF9
  76 006a 02       		.uleb128 0x2
  77 006b 04       		.byte	0x4
  78 006c 07       		.byte	0x7
  79 006d 86010000 		.4byte	.LASF10
  80 0071 00       		.byte	0
  81              		.section	.debug_abbrev,"",%progbits
  82              	.Ldebug_abbrev0:
  83 0000 01       		.uleb128 0x1
  84 0001 11       		.uleb128 0x11
  85 0002 01       		.byte	0x1
  86 0003 25       		.uleb128 0x25
  87 0004 0E       		.uleb128 0xe
  88 0005 13       		.uleb128 0x13
  89 0006 0B       		.uleb128 0xb
  90 0007 03       		.uleb128 0x3
  91 0008 0E       		.uleb128 0xe
  92 0009 1B       		.uleb128 0x1b
  93 000a 0E       		.uleb128 0xe
  94 000b 10       		.uleb128 0x10
  95 000c 17       		.uleb128 0x17
  96 000d 00       		.byte	0
  97 000e 00       		.byte	0
  98 000f 02       		.uleb128 0x2
  99 0010 24       		.uleb128 0x24
 100 0011 00       		.byte	0
 101 0012 0B       		.uleb128 0xb
 102 0013 0B       		.uleb128 0xb
 103 0014 3E       		.uleb128 0x3e
 104 0015 0B       		.uleb128 0xb
 105 0016 03       		.uleb128 0x3
 106 0017 0E       		.uleb128 0xe
 107 0018 00       		.byte	0
 108 0019 00       		.byte	0
 109 001a 03       		.uleb128 0x3
 110 001b 24       		.uleb128 0x24
 111 001c 00       		.byte	0
 112 001d 0B       		.uleb128 0xb
 113 001e 0B       		.uleb128 0xb
 114 001f 3E       		.uleb128 0x3e
ARM GAS  C:\Users\alex\AppData\Local\Temp\cccPa4Yc.s 			page 3


 115 0020 0B       		.uleb128 0xb
 116 0021 03       		.uleb128 0x3
 117 0022 08       		.uleb128 0x8
 118 0023 00       		.byte	0
 119 0024 00       		.byte	0
 120 0025 00       		.byte	0
 121              		.section	.debug_aranges,"",%progbits
 122 0000 14000000 		.4byte	0x14
 123 0004 0200     		.2byte	0x2
 124 0006 00000000 		.4byte	.Ldebug_info0
 125 000a 04       		.byte	0x4
 126 000b 00       		.byte	0
 127 000c 0000     		.2byte	0
 128 000e 0000     		.2byte	0
 129 0010 00000000 		.4byte	0
 130 0014 00000000 		.4byte	0
 131              		.section	.debug_line,"",%progbits
 132              	.Ldebug_line0:
 133 0000 19000000 		.section	.debug_str,"MS",%progbits,1
 133      02001300 
 133      00000201 
 133      FB0E0D00 
 133      01010101 
 134              	.LASF5:
 135 0000 756E7369 		.ascii	"unsigned int\000"
 135      676E6564 
 135      20696E74 
 135      00
 136              	.LASF12:
 137 000d 2E2E5C2E 		.ascii	"..\\..\\..\\..\\..\\..\\uCOS-III\\Source\\os_int.c\000"
 137      2E5C2E2E 
 137      5C2E2E5C 
 137      2E2E5C2E 
 137      2E5C7543 
 138              	.LASF8:
 139 0038 666C6F61 		.ascii	"float\000"
 139      7400
 140              	.LASF2:
 141 003e 7369676E 		.ascii	"signed char\000"
 141      65642063 
 141      68617200 
 142              	.LASF13:
 143 004a 593A5C55 		.ascii	"Y:\\UFOP\\BCC722\\BCC722-RTOS-moinho\\UCoS\\Micrium"
 143      464F505C 
 143      42434337 
 143      32325C42 
 143      43433732 
 144 0078 5F325C53 		.ascii	"_2\\Software\\EvalBoards\\Cypress\\CY8CKIT-050\\PSo"
 144      6F667477 
 144      6172655C 
 144      4576616C 
 144      426F6172 
 145 00a6 435C7543 		.ascii	"C\\uCOS-III-Probe\\uCOS-III-Probe.cydsn\000"
 145      4F532D49 
 145      49492D50 
 145      726F6265 
 145      5C75434F 
ARM GAS  C:\Users\alex\AppData\Local\Temp\cccPa4Yc.s 			page 4


 146              	.LASF9:
 147 00cc 646F7562 		.ascii	"double\000"
 147      6C6500
 148              	.LASF6:
 149 00d3 6C6F6E67 		.ascii	"long long unsigned int\000"
 149      206C6F6E 
 149      6720756E 
 149      7369676E 
 149      65642069 
 150              	.LASF11:
 151 00ea 474E5520 		.ascii	"GNU C11 5.4.1 20160609 (release) [ARM/embedded-5-br"
 151      43313120 
 151      352E342E 
 151      31203230 
 151      31363036 
 152 011d 616E6368 		.ascii	"anch revision 237715] -mcpu=cortex-m3 -mthumb -g -O"
 152      20726576 
 152      6973696F 
 152      6E203233 
 152      37373135 
 153 0150 30202D66 		.ascii	"0 -ffunction-sections -ffat-lto-objects\000"
 153      66756E63 
 153      74696F6E 
 153      2D736563 
 153      74696F6E 
 154              	.LASF1:
 155 0178 756E7369 		.ascii	"unsigned char\000"
 155      676E6564 
 155      20636861 
 155      7200
 156              	.LASF10:
 157 0186 73697A65 		.ascii	"sizetype\000"
 157      74797065 
 157      00
 158              	.LASF4:
 159 018f 73686F72 		.ascii	"short int\000"
 159      7420696E 
 159      7400
 160              	.LASF0:
 161 0199 63686172 		.ascii	"char\000"
 161      00
 162              	.LASF3:
 163 019e 73686F72 		.ascii	"short unsigned int\000"
 163      7420756E 
 163      7369676E 
 163      65642069 
 163      6E7400
 164              	.LASF7:
 165 01b1 6C6F6E67 		.ascii	"long long int\000"
 165      206C6F6E 
 165      6720696E 
 165      7400
 166              		.ident	"GCC: (GNU Tools for ARM Embedded Processors) 5.4.1 20160609 (release) [ARM/embedded-5-bran
