ARM GAS  C:\Users\Aluno\AppData\Local\Temp\ccwpevjq.s 			page 1


   1              		.syntax unified
   2              		.cpu cortex-m3
   3              		.fpu softvfp
   4              		.eabi_attribute 20, 1
   5              		.eabi_attribute 21, 1
   6              		.eabi_attribute 23, 3
   7              		.eabi_attribute 24, 1
   8              		.eabi_attribute 25, 1
   9              		.eabi_attribute 26, 1
  10              		.eabi_attribute 30, 6
  11              		.eabi_attribute 34, 1
  12              		.eabi_attribute 18, 4
  13              		.thumb
  14              		.syntax unified
  15              		.file	"probe_com_os.c"
  16              		.text
  17              	.Ltext0:
  18              		.cfi_sections	.debug_frame
  19              	.Letext0:
  20              		.section	.debug_info,"",%progbits
  21              	.Ldebug_info0:
  22 0000 6E000000 		.4byte	0x6e
  23 0004 0400     		.2byte	0x4
  24 0006 00000000 		.4byte	.Ldebug_abbrev0
  25 000a 04       		.byte	0x4
  26 000b 01       		.uleb128 0x1
  27 000c 36010000 		.4byte	.LASF11
  28 0010 0C       		.byte	0xc
  29 0011 00000000 		.4byte	.LASF12
  30 0015 60000000 		.4byte	.LASF13
  31 0019 00000000 		.4byte	.Ldebug_line0
  32 001d 02       		.uleb128 0x2
  33 001e 01       		.byte	0x1
  34 001f 08       		.byte	0x8
  35 0020 DB010000 		.4byte	.LASF0
  36 0024 02       		.uleb128 0x2
  37 0025 01       		.byte	0x1
  38 0026 08       		.byte	0x8
  39 0027 C4010000 		.4byte	.LASF1
  40 002b 02       		.uleb128 0x2
  41 002c 01       		.byte	0x1
  42 002d 06       		.byte	0x6
  43 002e 02010000 		.4byte	.LASF2
  44 0032 02       		.uleb128 0x2
  45 0033 02       		.byte	0x2
  46 0034 07       		.byte	0x7
  47 0035 E0010000 		.4byte	.LASF3
  48 0039 02       		.uleb128 0x2
  49 003a 02       		.byte	0x2
  50 003b 05       		.byte	0x5
  51 003c 0E010000 		.4byte	.LASF4
  52 0040 02       		.uleb128 0x2
  53 0041 04       		.byte	0x4
  54 0042 07       		.byte	0x7
  55 0043 53000000 		.4byte	.LASF5
  56 0047 03       		.uleb128 0x3
  57 0048 04       		.byte	0x4
ARM GAS  C:\Users\Aluno\AppData\Local\Temp\ccwpevjq.s 			page 2


  58 0049 05       		.byte	0x5
  59 004a 696E7400 		.ascii	"int\000"
  60 004e 02       		.uleb128 0x2
  61 004f 08       		.byte	0x8
  62 0050 07       		.byte	0x7
  63 0051 1F010000 		.4byte	.LASF6
  64 0055 02       		.uleb128 0x2
  65 0056 08       		.byte	0x8
  66 0057 05       		.byte	0x5
  67 0058 F3010000 		.4byte	.LASF7
  68 005c 02       		.uleb128 0x2
  69 005d 04       		.byte	0x4
  70 005e 04       		.byte	0x4
  71 005f FC000000 		.4byte	.LASF8
  72 0063 02       		.uleb128 0x2
  73 0064 08       		.byte	0x8
  74 0065 04       		.byte	0x4
  75 0066 18010000 		.4byte	.LASF9
  76 006a 02       		.uleb128 0x2
  77 006b 04       		.byte	0x4
  78 006c 07       		.byte	0x7
  79 006d D2010000 		.4byte	.LASF10
  80 0071 00       		.byte	0
  81              		.section	.debug_abbrev,"",%progbits
  82              	.Ldebug_abbrev0:
  83 0000 01       		.uleb128 0x1
  84 0001 11       		.uleb128 0x11
  85 0002 01       		.byte	0x1
  86 0003 25       		.uleb128 0x25
  87 0004 0E       		.uleb128 0xe
  88 0005 13       		.uleb128 0x13
  89 0006 0B       		.uleb128 0xb
  90 0007 03       		.uleb128 0x3
  91 0008 0E       		.uleb128 0xe
  92 0009 1B       		.uleb128 0x1b
  93 000a 0E       		.uleb128 0xe
  94 000b 10       		.uleb128 0x10
  95 000c 17       		.uleb128 0x17
  96 000d 00       		.byte	0
  97 000e 00       		.byte	0
  98 000f 02       		.uleb128 0x2
  99 0010 24       		.uleb128 0x24
 100 0011 00       		.byte	0
 101 0012 0B       		.uleb128 0xb
 102 0013 0B       		.uleb128 0xb
 103 0014 3E       		.uleb128 0x3e
 104 0015 0B       		.uleb128 0xb
 105 0016 03       		.uleb128 0x3
 106 0017 0E       		.uleb128 0xe
 107 0018 00       		.byte	0
 108 0019 00       		.byte	0
 109 001a 03       		.uleb128 0x3
 110 001b 24       		.uleb128 0x24
 111 001c 00       		.byte	0
 112 001d 0B       		.uleb128 0xb
 113 001e 0B       		.uleb128 0xb
 114 001f 3E       		.uleb128 0x3e
ARM GAS  C:\Users\Aluno\AppData\Local\Temp\ccwpevjq.s 			page 3


 115 0020 0B       		.uleb128 0xb
 116 0021 03       		.uleb128 0x3
 117 0022 08       		.uleb128 0x8
 118 0023 00       		.byte	0
 119 0024 00       		.byte	0
 120 0025 00       		.byte	0
 121              		.section	.debug_aranges,"",%progbits
 122 0000 14000000 		.4byte	0x14
 123 0004 0200     		.2byte	0x2
 124 0006 00000000 		.4byte	.Ldebug_info0
 125 000a 04       		.byte	0x4
 126 000b 00       		.byte	0
 127 000c 0000     		.2byte	0
 128 000e 0000     		.2byte	0
 129 0010 00000000 		.4byte	0
 130 0014 00000000 		.4byte	0
 131              		.section	.debug_line,"",%progbits
 132              	.Ldebug_line0:
 133 0000 19000000 		.section	.debug_str,"MS",%progbits,1
 133      02001300 
 133      00000201 
 133      FB0E0D00 
 133      01010101 
 134              	.LASF12:
 135 0000 2E2E5C2E 		.ascii	"..\\..\\..\\..\\..\\..\\uC-Probe\\Target\\Communica"
 135      2E5C2E2E 
 135      5C2E2E5C 
 135      2E2E5C2E 
 135      2E5C7543 
 136 002b 74696F6E 		.ascii	"tion\\Generic\\OS\\uCOS-III\\probe_com_os.c\000"
 136      5C47656E 
 136      65726963 
 136      5C4F535C 
 136      75434F53 
 137              	.LASF5:
 138 0053 756E7369 		.ascii	"unsigned int\000"
 138      676E6564 
 138      20696E74 
 138      00
 139              	.LASF13:
 140 0060 433A5C55 		.ascii	"C:\\Users\\Aluno\\Documents\\PSoC Creator\\BCC722-P"
 140      73657273 
 140      5C416C75 
 140      6E6F5C44 
 140      6F63756D 
 141 008e 52415449 		.ascii	"RATICA-03\\UCoS\\Micrium_2\\Software\\EvalBoards\\C"
 141      43412D30 
 141      335C5543 
 141      6F535C4D 
 141      69637269 
 142 00bc 79707265 		.ascii	"ypress\\CY8CKIT-050\\PSoC\\uCOS-III-Probe\\Pratica0"
 142      73735C43 
 142      5938434B 
 142      49542D30 
 142      35305C50 
 143 00eb 332D7543 		.ascii	"3-uCOS-III.cydsn\000"
 143      4F532D49 
ARM GAS  C:\Users\Aluno\AppData\Local\Temp\ccwpevjq.s 			page 4


 143      49492E63 
 143      7964736E 
 143      00
 144              	.LASF8:
 145 00fc 666C6F61 		.ascii	"float\000"
 145      7400
 146              	.LASF2:
 147 0102 7369676E 		.ascii	"signed char\000"
 147      65642063 
 147      68617200 
 148              	.LASF4:
 149 010e 73686F72 		.ascii	"short int\000"
 149      7420696E 
 149      7400
 150              	.LASF9:
 151 0118 646F7562 		.ascii	"double\000"
 151      6C6500
 152              	.LASF6:
 153 011f 6C6F6E67 		.ascii	"long long unsigned int\000"
 153      206C6F6E 
 153      6720756E 
 153      7369676E 
 153      65642069 
 154              	.LASF11:
 155 0136 474E5520 		.ascii	"GNU C11 5.4.1 20160609 (release) [ARM/embedded-5-br"
 155      43313120 
 155      352E342E 
 155      31203230 
 155      31363036 
 156 0169 616E6368 		.ascii	"anch revision 237715] -mcpu=cortex-m3 -mthumb -g -O"
 156      20726576 
 156      6973696F 
 156      6E203233 
 156      37373135 
 157 019c 30202D66 		.ascii	"0 -ffunction-sections -ffat-lto-objects\000"
 157      66756E63 
 157      74696F6E 
 157      2D736563 
 157      74696F6E 
 158              	.LASF1:
 159 01c4 756E7369 		.ascii	"unsigned char\000"
 159      676E6564 
 159      20636861 
 159      7200
 160              	.LASF10:
 161 01d2 73697A65 		.ascii	"sizetype\000"
 161      74797065 
 161      00
 162              	.LASF0:
 163 01db 63686172 		.ascii	"char\000"
 163      00
 164              	.LASF3:
 165 01e0 73686F72 		.ascii	"short unsigned int\000"
 165      7420756E 
 165      7369676E 
 165      65642069 
 165      6E7400
ARM GAS  C:\Users\Aluno\AppData\Local\Temp\ccwpevjq.s 			page 5


 166              	.LASF7:
 167 01f3 6C6F6E67 		.ascii	"long long int\000"
 167      206C6F6E 
 167      6720696E 
 167      7400
 168              		.ident	"GCC: (GNU Tools for ARM Embedded Processors) 5.4.1 20160609 (release) [ARM/embedded-5-bran
