ARM GAS  C:\Users\EDULU~1.DES\AppData\Local\Temp\ccpOAzCO.s 			page 1


   1              		.syntax unified
   2              		.cpu cortex-m0
   3              		.fpu softvfp
   4              		.eabi_attribute 20, 1
   5              		.eabi_attribute 21, 1
   6              		.eabi_attribute 23, 3
   7              		.eabi_attribute 24, 1
   8              		.eabi_attribute 25, 1
   9              		.eabi_attribute 26, 1
  10              		.eabi_attribute 30, 6
  11              		.eabi_attribute 34, 0
  12              		.eabi_attribute 18, 4
  13              		.thumb
  14              		.syntax unified
  15              		.file	"app_hooks.c"
  16              		.text
  17              	.Ltext0:
  18              		.cfi_sections	.debug_frame
  19              		.section	.text.App_TaskCreateHook,"ax",%progbits
  20              		.align	2
  21              		.global	App_TaskCreateHook
  22              		.code	16
  23              		.thumb_func
  24              		.type	App_TaskCreateHook, %function
  25              	App_TaskCreateHook:
  26              	.LFB1:
  27              		.file 1 "..\\..\\app_hooks.c"
   1:..\../app_hooks.c **** /*
   2:..\../app_hooks.c **** ***************************************************************************************************
   3:..\../app_hooks.c **** *                                              EXAMPLE CODE
   4:..\../app_hooks.c **** *
   5:..\../app_hooks.c **** *                          (c) Copyright 2003-2009; Micrium, Inc.; Weston, FL
   6:..\../app_hooks.c **** *
   7:..\../app_hooks.c **** *               All rights reserved.  Protected by international copyright laws.
   8:..\../app_hooks.c **** *               Knowledge of the source code may NOT be used to develop a similar product.
   9:..\../app_hooks.c **** *               Please help us continue to provide the Embedded community with the finest
  10:..\../app_hooks.c **** *               software available.  Your honesty is greatly appreciated.
  11:..\../app_hooks.c **** ***************************************************************************************************
  12:..\../app_hooks.c **** */
  13:..\../app_hooks.c **** 
  14:..\../app_hooks.c **** /*
  15:..\../app_hooks.c **** ***************************************************************************************************
  16:..\../app_hooks.c **** *
  17:..\../app_hooks.c **** *                                             uC/OS-II 
  18:..\../app_hooks.c **** *                                         Application Hooks
  19:..\../app_hooks.c **** *
  20:..\../app_hooks.c **** * Filename      : app_hooks.c
  21:..\../app_hooks.c **** * Version       : V1.00
  22:..\../app_hooks.c **** * Programmer(s) : FT
  23:..\../app_hooks.c **** ***************************************************************************************************
  24:..\../app_hooks.c **** */
  25:..\../app_hooks.c **** 
  26:..\../app_hooks.c **** /*
  27:..\../app_hooks.c **** ***************************************************************************************************
  28:..\../app_hooks.c **** *                                             INCLUDE FILES
  29:..\../app_hooks.c **** ***************************************************************************************************
  30:..\../app_hooks.c **** */
ARM GAS  C:\Users\EDULU~1.DES\AppData\Local\Temp\ccpOAzCO.s 			page 2


  31:..\../app_hooks.c **** 
  32:..\../app_hooks.c **** #include  <os.h>
  33:..\../app_hooks.c **** 
  34:..\../app_hooks.c **** /*
  35:..\../app_hooks.c **** ***************************************************************************************************
  36:..\../app_hooks.c **** *                                       EXTERN  GLOBAL VARIABLES
  37:..\../app_hooks.c **** ***************************************************************************************************
  38:..\../app_hooks.c **** */
  39:..\../app_hooks.c **** 
  40:..\../app_hooks.c **** 
  41:..\../app_hooks.c **** /*
  42:..\../app_hooks.c **** ***************************************************************************************************
  43:..\../app_hooks.c **** *                                           LOCAL CONSTANTS
  44:..\../app_hooks.c **** ***************************************************************************************************
  45:..\../app_hooks.c **** */
  46:..\../app_hooks.c **** 
  47:..\../app_hooks.c **** 
  48:..\../app_hooks.c **** /*
  49:..\../app_hooks.c **** ***************************************************************************************************
  50:..\../app_hooks.c **** *                                          LOCAL DATA TYPES
  51:..\../app_hooks.c **** ***************************************************************************************************
  52:..\../app_hooks.c **** */
  53:..\../app_hooks.c **** 
  54:..\../app_hooks.c **** /*
  55:..\../app_hooks.c **** ***************************************************************************************************
  56:..\../app_hooks.c **** *                                            LOCAL TABLES
  57:..\../app_hooks.c **** ***************************************************************************************************
  58:..\../app_hooks.c **** */
  59:..\../app_hooks.c **** 
  60:..\../app_hooks.c **** 
  61:..\../app_hooks.c **** /*
  62:..\../app_hooks.c **** ***************************************************************************************************
  63:..\../app_hooks.c **** *                                       LOCAL GLOBAL VARIABLES
  64:..\../app_hooks.c **** ***************************************************************************************************
  65:..\../app_hooks.c **** */
  66:..\../app_hooks.c **** 
  67:..\../app_hooks.c **** 
  68:..\../app_hooks.c **** /*
  69:..\../app_hooks.c **** ***************************************************************************************************
  70:..\../app_hooks.c **** *                                      LOCAL FUNCTION PROTOTYPES
  71:..\../app_hooks.c **** ***************************************************************************************************
  72:..\../app_hooks.c **** */
  73:..\../app_hooks.c **** 
  74:..\../app_hooks.c **** 
  75:..\../app_hooks.c **** 
  76:..\../app_hooks.c **** /*
  77:..\../app_hooks.c **** ***************************************************************************************************
  78:..\../app_hooks.c **** ***************************************************************************************************
  79:..\../app_hooks.c **** **                                        GLOBAL FUNCTIONS
  80:..\../app_hooks.c **** ***************************************************************************************************
  81:..\../app_hooks.c **** ***************************************************************************************************
  82:..\../app_hooks.c **** */
  83:..\../app_hooks.c **** 
  84:..\../app_hooks.c **** /*
  85:..\../app_hooks.c **** ***************************************************************************************************
  86:..\../app_hooks.c **** ***************************************************************************************************
  87:..\../app_hooks.c **** **                                         uC/OS-II APP HOOKS
ARM GAS  C:\Users\EDULU~1.DES\AppData\Local\Temp\ccpOAzCO.s 			page 3


  88:..\../app_hooks.c **** ***************************************************************************************************
  89:..\../app_hooks.c **** ***************************************************************************************************
  90:..\../app_hooks.c **** */
  91:..\../app_hooks.c **** 
  92:..\../app_hooks.c **** #if (OS_APP_HOOKS_EN > 0)
  93:..\../app_hooks.c **** 
  94:..\../app_hooks.c **** /*
  95:..\../app_hooks.c **** ***************************************************************************************************
  96:..\../app_hooks.c **** *                                      TASK CREATION HOOK (APPLICATION)
  97:..\../app_hooks.c **** *
  98:..\../app_hooks.c **** * Description : This function is called when a task is created.
  99:..\../app_hooks.c **** *
 100:..\../app_hooks.c **** * Argument(s) : ptcb   is a pointer to the task control block of the task being created.
 101:..\../app_hooks.c **** *
 102:..\../app_hooks.c **** * Note(s)     : (1) Interrupts are disabled during this call.
 103:..\../app_hooks.c **** ***************************************************************************************************
 104:..\../app_hooks.c **** */
 105:..\../app_hooks.c **** 
 106:..\../app_hooks.c **** void  App_TaskCreateHook (OS_TCB *ptcb)
 107:..\../app_hooks.c **** {
  28              		.loc 1 107 0
  29              		.cfi_startproc
  30              		@ args = 0, pretend = 0, frame = 8
  31              		@ frame_needed = 1, uses_anonymous_args = 0
  32 0000 80B5     		push	{r7, lr}
  33              		.cfi_def_cfa_offset 8
  34              		.cfi_offset 7, -8
  35              		.cfi_offset 14, -4
  36 0002 82B0     		sub	sp, sp, #8
  37              		.cfi_def_cfa_offset 16
  38 0004 00AF     		add	r7, sp, #0
  39              		.cfi_def_cfa_register 7
  40 0006 7860     		str	r0, [r7, #4]
 108:..\../app_hooks.c **** #if (APP_CFG_PROBE_OS_PLUGIN_EN == DEF_ENABLED) && (OS_PROBE_HOOKS_EN > 0)
 109:..\../app_hooks.c ****     OSProbe_TaskCreateHook(ptcb);
 110:..\../app_hooks.c **** #endif
 111:..\../app_hooks.c **** }
  41              		.loc 1 111 0
  42 0008 C046     		nop
  43 000a BD46     		mov	sp, r7
  44 000c 02B0     		add	sp, sp, #8
  45              		@ sp needed
  46 000e 80BD     		pop	{r7, pc}
  47              		.cfi_endproc
  48              	.LFE1:
  49              		.size	App_TaskCreateHook, .-App_TaskCreateHook
  50              		.section	.text.App_TaskDelHook,"ax",%progbits
  51              		.align	2
  52              		.global	App_TaskDelHook
  53              		.code	16
  54              		.thumb_func
  55              		.type	App_TaskDelHook, %function
  56              	App_TaskDelHook:
  57              	.LFB2:
 112:..\../app_hooks.c **** 
 113:..\../app_hooks.c **** /*
 114:..\../app_hooks.c **** ***************************************************************************************************
ARM GAS  C:\Users\EDULU~1.DES\AppData\Local\Temp\ccpOAzCO.s 			page 4


 115:..\../app_hooks.c **** *                                    TASK DELETION HOOK (APPLICATION)
 116:..\../app_hooks.c **** *
 117:..\../app_hooks.c **** * Description : This function is called when a task is deleted.
 118:..\../app_hooks.c **** *
 119:..\../app_hooks.c **** * Argument(s) : ptcb   is a pointer to the task control block of the task being deleted.
 120:..\../app_hooks.c **** *
 121:..\../app_hooks.c **** * Note(s)     : (1) Interrupts are disabled during this call.
 122:..\../app_hooks.c **** ***************************************************************************************************
 123:..\../app_hooks.c **** */
 124:..\../app_hooks.c **** 
 125:..\../app_hooks.c **** void  App_TaskDelHook (OS_TCB *ptcb)
 126:..\../app_hooks.c **** {
  58              		.loc 1 126 0
  59              		.cfi_startproc
  60              		@ args = 0, pretend = 0, frame = 8
  61              		@ frame_needed = 1, uses_anonymous_args = 0
  62 0000 80B5     		push	{r7, lr}
  63              		.cfi_def_cfa_offset 8
  64              		.cfi_offset 7, -8
  65              		.cfi_offset 14, -4
  66 0002 82B0     		sub	sp, sp, #8
  67              		.cfi_def_cfa_offset 16
  68 0004 00AF     		add	r7, sp, #0
  69              		.cfi_def_cfa_register 7
  70 0006 7860     		str	r0, [r7, #4]
 127:..\../app_hooks.c ****     (void)ptcb;
 128:..\../app_hooks.c **** }
  71              		.loc 1 128 0
  72 0008 C046     		nop
  73 000a BD46     		mov	sp, r7
  74 000c 02B0     		add	sp, sp, #8
  75              		@ sp needed
  76 000e 80BD     		pop	{r7, pc}
  77              		.cfi_endproc
  78              	.LFE2:
  79              		.size	App_TaskDelHook, .-App_TaskDelHook
  80              		.section	.text.App_TaskIdleHook,"ax",%progbits
  81              		.align	2
  82              		.global	App_TaskIdleHook
  83              		.code	16
  84              		.thumb_func
  85              		.type	App_TaskIdleHook, %function
  86              	App_TaskIdleHook:
  87              	.LFB3:
 129:..\../app_hooks.c **** 
 130:..\../app_hooks.c **** /*
 131:..\../app_hooks.c **** ***************************************************************************************************
 132:..\../app_hooks.c **** *                                      IDLE TASK HOOK (APPLICATION)
 133:..\../app_hooks.c **** *
 134:..\../app_hooks.c **** * Description : This function is called by OSTaskIdleHook(), which is called by the idle task.  Thi
 135:..\../app_hooks.c **** *               has been added to allow you to do such things as STOP the CPU to conserve power.
 136:..\../app_hooks.c **** *
 137:..\../app_hooks.c **** * Argument(s) : none.
 138:..\../app_hooks.c **** *
 139:..\../app_hooks.c **** * Note(s)     : (1) Interrupts are enabled during this call.
 140:..\../app_hooks.c **** ***************************************************************************************************
 141:..\../app_hooks.c **** */
ARM GAS  C:\Users\EDULU~1.DES\AppData\Local\Temp\ccpOAzCO.s 			page 5


 142:..\../app_hooks.c **** 
 143:..\../app_hooks.c **** #if OS_VERSION >= 251
 144:..\../app_hooks.c **** void  App_TaskIdleHook (void)
 145:..\../app_hooks.c **** {
  88              		.loc 1 145 0
  89              		.cfi_startproc
  90              		@ args = 0, pretend = 0, frame = 0
  91              		@ frame_needed = 1, uses_anonymous_args = 0
  92 0000 80B5     		push	{r7, lr}
  93              		.cfi_def_cfa_offset 8
  94              		.cfi_offset 7, -8
  95              		.cfi_offset 14, -4
  96 0002 00AF     		add	r7, sp, #0
  97              		.cfi_def_cfa_register 7
 146:..\../app_hooks.c **** }
  98              		.loc 1 146 0
  99 0004 C046     		nop
 100 0006 BD46     		mov	sp, r7
 101              		@ sp needed
 102 0008 80BD     		pop	{r7, pc}
 103              		.cfi_endproc
 104              	.LFE3:
 105              		.size	App_TaskIdleHook, .-App_TaskIdleHook
 106              		.section	.text.App_TaskStatHook,"ax",%progbits
 107              		.align	2
 108              		.global	App_TaskStatHook
 109              		.code	16
 110              		.thumb_func
 111              		.type	App_TaskStatHook, %function
 112              	App_TaskStatHook:
 113              	.LFB4:
 147:..\../app_hooks.c **** #endif
 148:..\../app_hooks.c **** 
 149:..\../app_hooks.c **** /*
 150:..\../app_hooks.c **** ***************************************************************************************************
 151:..\../app_hooks.c **** *                                        STATISTIC TASK HOOK (APPLICATION)
 152:..\../app_hooks.c **** *
 153:..\../app_hooks.c **** * Description : This function is called by OSTaskStatHook(), which is called every second by uC/OS-
 154:..\../app_hooks.c **** *               statistics task.  This allows your application to add functionality to the statisti
 155:..\../app_hooks.c **** *
 156:..\../app_hooks.c **** * Argument(s) : none.
 157:..\../app_hooks.c **** ***************************************************************************************************
 158:..\../app_hooks.c **** */
 159:..\../app_hooks.c **** 
 160:..\../app_hooks.c **** void  App_TaskStatHook (void)
 161:..\../app_hooks.c **** {
 114              		.loc 1 161 0
 115              		.cfi_startproc
 116              		@ args = 0, pretend = 0, frame = 0
 117              		@ frame_needed = 1, uses_anonymous_args = 0
 118 0000 80B5     		push	{r7, lr}
 119              		.cfi_def_cfa_offset 8
 120              		.cfi_offset 7, -8
 121              		.cfi_offset 14, -4
 122 0002 00AF     		add	r7, sp, #0
 123              		.cfi_def_cfa_register 7
 162:..\../app_hooks.c **** }
ARM GAS  C:\Users\EDULU~1.DES\AppData\Local\Temp\ccpOAzCO.s 			page 6


 124              		.loc 1 162 0
 125 0004 C046     		nop
 126 0006 BD46     		mov	sp, r7
 127              		@ sp needed
 128 0008 80BD     		pop	{r7, pc}
 129              		.cfi_endproc
 130              	.LFE4:
 131              		.size	App_TaskStatHook, .-App_TaskStatHook
 132              		.section	.text.App_TaskReturnHook,"ax",%progbits
 133              		.align	2
 134              		.global	App_TaskReturnHook
 135              		.code	16
 136              		.thumb_func
 137              		.type	App_TaskReturnHook, %function
 138              	App_TaskReturnHook:
 139              	.LFB5:
 163:..\../app_hooks.c **** 
 164:..\../app_hooks.c **** /*
 165:..\../app_hooks.c **** ***************************************************************************************************
 166:..\../app_hooks.c **** *                                            TASK RETURN HOOK (APPLICATION)
 167:..\../app_hooks.c **** *
 168:..\../app_hooks.c **** * Description: This function is called if a task accidentally returns.  In other words, a task shou
 169:..\../app_hooks.c **** *              either be an infinite loop or delete itself when done.
 170:..\../app_hooks.c **** *
 171:..\../app_hooks.c **** * Arguments  : ptcb      is a pointer to the task control block of the task that is returning.
 172:..\../app_hooks.c **** *
 173:..\../app_hooks.c **** * Note(s)    : none
 174:..\../app_hooks.c **** ***************************************************************************************************
 175:..\../app_hooks.c **** */
 176:..\../app_hooks.c **** 
 177:..\../app_hooks.c **** 
 178:..\../app_hooks.c **** #if OS_VERSION >= 289
 179:..\../app_hooks.c **** void  App_TaskReturnHook (OS_TCB  *ptcb)
 180:..\../app_hooks.c **** {
 140              		.loc 1 180 0
 141              		.cfi_startproc
 142              		@ args = 0, pretend = 0, frame = 8
 143              		@ frame_needed = 1, uses_anonymous_args = 0
 144 0000 80B5     		push	{r7, lr}
 145              		.cfi_def_cfa_offset 8
 146              		.cfi_offset 7, -8
 147              		.cfi_offset 14, -4
 148 0002 82B0     		sub	sp, sp, #8
 149              		.cfi_def_cfa_offset 16
 150 0004 00AF     		add	r7, sp, #0
 151              		.cfi_def_cfa_register 7
 152 0006 7860     		str	r0, [r7, #4]
 181:..\../app_hooks.c ****     (void)ptcb;
 182:..\../app_hooks.c **** }
 153              		.loc 1 182 0
 154 0008 C046     		nop
 155 000a BD46     		mov	sp, r7
 156 000c 02B0     		add	sp, sp, #8
 157              		@ sp needed
 158 000e 80BD     		pop	{r7, pc}
 159              		.cfi_endproc
 160              	.LFE5:
ARM GAS  C:\Users\EDULU~1.DES\AppData\Local\Temp\ccpOAzCO.s 			page 7


 161              		.size	App_TaskReturnHook, .-App_TaskReturnHook
 162              		.section	.text.App_TaskSwHook,"ax",%progbits
 163              		.align	2
 164              		.global	App_TaskSwHook
 165              		.code	16
 166              		.thumb_func
 167              		.type	App_TaskSwHook, %function
 168              	App_TaskSwHook:
 169              	.LFB6:
 183:..\../app_hooks.c **** #endif
 184:..\../app_hooks.c **** 
 185:..\../app_hooks.c **** /*
 186:..\../app_hooks.c **** ***************************************************************************************************
 187:..\../app_hooks.c **** *                                        TASK SWITCH HOOK (APPLICATION)
 188:..\../app_hooks.c **** *
 189:..\../app_hooks.c **** * Description : This function is called when a task switch is performed.  This allows you to perfor
 190:..\../app_hooks.c **** *               operations during a context switch.
 191:..\../app_hooks.c **** *
 192:..\../app_hooks.c **** * Argument(s) : none.
 193:..\../app_hooks.c **** *
 194:..\../app_hooks.c **** * Note(s)     : (1) Interrupts are disabled during this call.
 195:..\../app_hooks.c **** *
 196:..\../app_hooks.c **** *               (2) It is assumed that the global pointer 'OSTCBHighRdy' points to the TCB of the t
 197:..\../app_hooks.c **** *                   will be 'switched in' (i.e. the highest priority task) and, 'OSTCBCur' points t
 198:..\../app_hooks.c **** *                  task being switched out (i.e. the preempted task).
 199:..\../app_hooks.c **** ***************************************************************************************************
 200:..\../app_hooks.c **** */
 201:..\../app_hooks.c **** 
 202:..\../app_hooks.c **** #if OS_TASK_SW_HOOK_EN > 0
 203:..\../app_hooks.c **** void  App_TaskSwHook (void)
 204:..\../app_hooks.c **** {
 170              		.loc 1 204 0
 171              		.cfi_startproc
 172              		@ args = 0, pretend = 0, frame = 0
 173              		@ frame_needed = 1, uses_anonymous_args = 0
 174 0000 80B5     		push	{r7, lr}
 175              		.cfi_def_cfa_offset 8
 176              		.cfi_offset 7, -8
 177              		.cfi_offset 14, -4
 178 0002 00AF     		add	r7, sp, #0
 179              		.cfi_def_cfa_register 7
 205:..\../app_hooks.c **** #if (APP_CFG_PROBE_OS_PLUGIN_EN > 0) && (OS_PROBE_HOOKS_EN > 0)
 206:..\../app_hooks.c ****     OSProbe_TaskSwHook();
 207:..\../app_hooks.c **** #endif
 208:..\../app_hooks.c **** }
 180              		.loc 1 208 0
 181 0004 C046     		nop
 182 0006 BD46     		mov	sp, r7
 183              		@ sp needed
 184 0008 80BD     		pop	{r7, pc}
 185              		.cfi_endproc
 186              	.LFE6:
 187              		.size	App_TaskSwHook, .-App_TaskSwHook
 188              		.section	.text.App_TCBInitHook,"ax",%progbits
 189              		.align	2
 190              		.global	App_TCBInitHook
 191              		.code	16
ARM GAS  C:\Users\EDULU~1.DES\AppData\Local\Temp\ccpOAzCO.s 			page 8


 192              		.thumb_func
 193              		.type	App_TCBInitHook, %function
 194              	App_TCBInitHook:
 195              	.LFB7:
 209:..\../app_hooks.c **** #endif
 210:..\../app_hooks.c **** 
 211:..\../app_hooks.c **** /*
 212:..\../app_hooks.c **** ***************************************************************************************************
 213:..\../app_hooks.c **** *                                     OS_TCBInit() HOOK (APPLICATION)
 214:..\../app_hooks.c **** *
 215:..\../app_hooks.c **** * Description : This function is called by OSTCBInitHook(), which is called by OS_TCBInit() after s
 216:..\../app_hooks.c **** *               up most of the TCB.
 217:..\../app_hooks.c **** *
 218:..\../app_hooks.c **** * Argument(s) : ptcb    is a pointer to the TCB of the task being created.
 219:..\../app_hooks.c **** *
 220:..\../app_hooks.c **** * Note(s)     : (1) Interrupts may or may not be ENABLED during this call.
 221:..\../app_hooks.c **** ***************************************************************************************************
 222:..\../app_hooks.c **** */
 223:..\../app_hooks.c **** 
 224:..\../app_hooks.c **** #if OS_VERSION >= 204
 225:..\../app_hooks.c **** void  App_TCBInitHook (OS_TCB *ptcb)
 226:..\../app_hooks.c **** {
 196              		.loc 1 226 0
 197              		.cfi_startproc
 198              		@ args = 0, pretend = 0, frame = 8
 199              		@ frame_needed = 1, uses_anonymous_args = 0
 200 0000 80B5     		push	{r7, lr}
 201              		.cfi_def_cfa_offset 8
 202              		.cfi_offset 7, -8
 203              		.cfi_offset 14, -4
 204 0002 82B0     		sub	sp, sp, #8
 205              		.cfi_def_cfa_offset 16
 206 0004 00AF     		add	r7, sp, #0
 207              		.cfi_def_cfa_register 7
 208 0006 7860     		str	r0, [r7, #4]
 227:..\../app_hooks.c ****     (void)ptcb;
 228:..\../app_hooks.c **** }
 209              		.loc 1 228 0
 210 0008 C046     		nop
 211 000a BD46     		mov	sp, r7
 212 000c 02B0     		add	sp, sp, #8
 213              		@ sp needed
 214 000e 80BD     		pop	{r7, pc}
 215              		.cfi_endproc
 216              	.LFE7:
 217              		.size	App_TCBInitHook, .-App_TCBInitHook
 218              		.section	.text.App_TimeTickHook,"ax",%progbits
 219              		.align	2
 220              		.global	App_TimeTickHook
 221              		.code	16
 222              		.thumb_func
 223              		.type	App_TimeTickHook, %function
 224              	App_TimeTickHook:
 225              	.LFB8:
 229:..\../app_hooks.c **** #endif
 230:..\../app_hooks.c **** 
 231:..\../app_hooks.c **** /*
ARM GAS  C:\Users\EDULU~1.DES\AppData\Local\Temp\ccpOAzCO.s 			page 9


 232:..\../app_hooks.c **** ***************************************************************************************************
 233:..\../app_hooks.c **** *                                        TICK HOOK (APPLICATION)
 234:..\../app_hooks.c **** *
 235:..\../app_hooks.c **** * Description : This function is called every tick.
 236:..\../app_hooks.c **** *
 237:..\../app_hooks.c **** * Argument(s) : none.
 238:..\../app_hooks.c **** *
 239:..\../app_hooks.c **** * Note(s)     : (1) Interrupts may or may not be ENABLED during this call.
 240:..\../app_hooks.c **** ***************************************************************************************************
 241:..\../app_hooks.c **** */
 242:..\../app_hooks.c **** 
 243:..\../app_hooks.c **** #if OS_TIME_TICK_HOOK_EN > 0
 244:..\../app_hooks.c **** void  App_TimeTickHook (void)
 245:..\../app_hooks.c **** {
 226              		.loc 1 245 0
 227              		.cfi_startproc
 228              		@ args = 0, pretend = 0, frame = 0
 229              		@ frame_needed = 1, uses_anonymous_args = 0
 230 0000 80B5     		push	{r7, lr}
 231              		.cfi_def_cfa_offset 8
 232              		.cfi_offset 7, -8
 233              		.cfi_offset 14, -4
 234 0002 00AF     		add	r7, sp, #0
 235              		.cfi_def_cfa_register 7
 246:..\../app_hooks.c **** #if (APP_CFG_PROBE_OS_PLUGIN_EN == DEF_ENABLED) && (OS_PROBE_HOOKS_EN > 0)
 247:..\../app_hooks.c ****     OSProbe_TickHook();
 248:..\../app_hooks.c **** #endif
 249:..\../app_hooks.c **** }
 236              		.loc 1 249 0
 237 0004 C046     		nop
 238 0006 BD46     		mov	sp, r7
 239              		@ sp needed
 240 0008 80BD     		pop	{r7, pc}
 241              		.cfi_endproc
 242              	.LFE8:
 243              		.size	App_TimeTickHook, .-App_TimeTickHook
 244              		.text
 245              	.Letext0:
 246              		.file 2 "..\\..\\..\\..\\..\\..\\Software\\uCOS-II\\Ports\\ARM-Cortex-M0\\Generic\\GNU/os_cpu.h"
 247              		.file 3 "..\\..\\..\\..\\..\\..\\Software\\uCOS-II\\Source/ucos_ii.h"
 248              		.section	.debug_info,"",%progbits
 249              	.Ldebug_info0:
 250 0000 30030000 		.4byte	0x330
 251 0004 0400     		.2byte	0x4
 252 0006 00000000 		.4byte	.Ldebug_abbrev0
 253 000a 04       		.byte	0x4
 254 000b 01       		.uleb128 0x1
 255 000c 57010000 		.4byte	.LASF55
 256 0010 0C       		.byte	0xc
 257 0011 EE010000 		.4byte	.LASF56
 258 0015 00000000 		.4byte	.LASF57
 259 0019 00000000 		.4byte	.Ldebug_ranges0+0
 260 001d 00000000 		.4byte	0
 261 0021 00000000 		.4byte	.Ldebug_line0
 262 0025 02       		.uleb128 0x2
 263 0026 01       		.byte	0x1
 264 0027 06       		.byte	0x6
ARM GAS  C:\Users\EDULU~1.DES\AppData\Local\Temp\ccpOAzCO.s 			page 10


 265 0028 46030000 		.4byte	.LASF0
 266 002c 02       		.uleb128 0x2
 267 002d 01       		.byte	0x1
 268 002e 08       		.byte	0x8
 269 002f 00020000 		.4byte	.LASF1
 270 0033 02       		.uleb128 0x2
 271 0034 02       		.byte	0x2
 272 0035 05       		.byte	0x5
 273 0036 24020000 		.4byte	.LASF2
 274 003a 02       		.uleb128 0x2
 275 003b 02       		.byte	0x2
 276 003c 07       		.byte	0x7
 277 003d 35010000 		.4byte	.LASF3
 278 0041 02       		.uleb128 0x2
 279 0042 04       		.byte	0x4
 280 0043 05       		.byte	0x5
 281 0044 9A000000 		.4byte	.LASF4
 282 0048 02       		.uleb128 0x2
 283 0049 04       		.byte	0x4
 284 004a 07       		.byte	0x7
 285 004b 23010000 		.4byte	.LASF5
 286 004f 02       		.uleb128 0x2
 287 0050 08       		.byte	0x8
 288 0051 05       		.byte	0x5
 289 0052 98020000 		.4byte	.LASF6
 290 0056 02       		.uleb128 0x2
 291 0057 08       		.byte	0x8
 292 0058 07       		.byte	0x7
 293 0059 60020000 		.4byte	.LASF7
 294 005d 03       		.uleb128 0x3
 295 005e 04       		.byte	0x4
 296 005f 05       		.byte	0x5
 297 0060 696E7400 		.ascii	"int\000"
 298 0064 02       		.uleb128 0x2
 299 0065 04       		.byte	0x4
 300 0066 07       		.byte	0x7
 301 0067 CD020000 		.4byte	.LASF8
 302 006b 02       		.uleb128 0x2
 303 006c 08       		.byte	0x8
 304 006d 04       		.byte	0x4
 305 006e 3A030000 		.4byte	.LASF9
 306 0072 04       		.uleb128 0x4
 307 0073 04       		.byte	0x4
 308 0074 02       		.uleb128 0x2
 309 0075 04       		.byte	0x4
 310 0076 07       		.byte	0x7
 311 0077 8F020000 		.4byte	.LASF10
 312 007b 02       		.uleb128 0x2
 313 007c 01       		.byte	0x1
 314 007d 08       		.byte	0x8
 315 007e B3020000 		.4byte	.LASF11
 316 0082 05       		.uleb128 0x5
 317 0083 5A020000 		.4byte	.LASF12
 318 0087 02       		.byte	0x2
 319 0088 73       		.byte	0x73
 320 0089 2C000000 		.4byte	0x2c
 321 008d 05       		.uleb128 0x5
ARM GAS  C:\Users\EDULU~1.DES\AppData\Local\Temp\ccpOAzCO.s 			page 11


 322 008e C4000000 		.4byte	.LASF13
 323 0092 02       		.byte	0x2
 324 0093 75       		.byte	0x75
 325 0094 3A000000 		.4byte	0x3a
 326 0098 05       		.uleb128 0x5
 327 0099 F8020000 		.4byte	.LASF14
 328 009d 02       		.byte	0x2
 329 009e 77       		.byte	0x77
 330 009f 64000000 		.4byte	0x64
 331 00a3 02       		.uleb128 0x2
 332 00a4 04       		.byte	0x4
 333 00a5 04       		.byte	0x4
 334 00a6 E4000000 		.4byte	.LASF15
 335 00aa 02       		.uleb128 0x2
 336 00ab 08       		.byte	0x8
 337 00ac 04       		.byte	0x4
 338 00ad B6000000 		.4byte	.LASF16
 339 00b1 05       		.uleb128 0x5
 340 00b2 BD000000 		.4byte	.LASF17
 341 00b6 02       		.byte	0x2
 342 00b7 7C       		.byte	0x7c
 343 00b8 64000000 		.4byte	0x64
 344 00bc 06       		.uleb128 0x6
 345 00bd A3000000 		.4byte	.LASF18
 346 00c1 03       		.byte	0x3
 347 00c2 7201     		.2byte	0x172
 348 00c4 82000000 		.4byte	0x82
 349 00c8 07       		.uleb128 0x7
 350 00c9 1A010000 		.4byte	.LASF25
 351 00cd 10       		.byte	0x10
 352 00ce 03       		.byte	0x3
 353 00cf 7801     		.2byte	0x178
 354 00d1 17010000 		.4byte	0x117
 355 00d5 08       		.uleb128 0x8
 356 00d6 40020000 		.4byte	.LASF19
 357 00da 03       		.byte	0x3
 358 00db 7901     		.2byte	0x179
 359 00dd 82000000 		.4byte	0x82
 360 00e1 00       		.byte	0
 361 00e2 08       		.uleb128 0x8
 362 00e3 AB000000 		.4byte	.LASF20
 363 00e7 03       		.byte	0x3
 364 00e8 7A01     		.2byte	0x17a
 365 00ea 72000000 		.4byte	0x72
 366 00ee 04       		.byte	0x4
 367 00ef 08       		.uleb128 0x8
 368 00f0 35020000 		.4byte	.LASF21
 369 00f4 03       		.byte	0x3
 370 00f5 7B01     		.2byte	0x17b
 371 00f7 8D000000 		.4byte	0x8d
 372 00fb 08       		.byte	0x8
 373 00fc 08       		.uleb128 0x8
 374 00fd 76030000 		.4byte	.LASF22
 375 0101 03       		.byte	0x3
 376 0102 7C01     		.2byte	0x17c
 377 0104 BC000000 		.4byte	0xbc
 378 0108 0A       		.byte	0xa
ARM GAS  C:\Users\EDULU~1.DES\AppData\Local\Temp\ccpOAzCO.s 			page 12


 379 0109 08       		.uleb128 0x8
 380 010a 6E000000 		.4byte	.LASF23
 381 010e 03       		.byte	0x3
 382 010f 7D01     		.2byte	0x17d
 383 0111 17010000 		.4byte	0x117
 384 0115 0B       		.byte	0xb
 385 0116 00       		.byte	0
 386 0117 09       		.uleb128 0x9
 387 0118 BC000000 		.4byte	0xbc
 388 011c 27010000 		.4byte	0x127
 389 0120 0A       		.uleb128 0xa
 390 0121 74000000 		.4byte	0x74
 391 0125 03       		.byte	0x3
 392 0126 00       		.byte	0
 393 0127 06       		.uleb128 0x6
 394 0128 C4020000 		.4byte	.LASF24
 395 012c 03       		.byte	0x3
 396 012d 8201     		.2byte	0x182
 397 012f C8000000 		.4byte	0xc8
 398 0133 07       		.uleb128 0x7
 399 0134 77020000 		.4byte	.LASF26
 400 0138 30       		.byte	0x30
 401 0139 03       		.byte	0x3
 402 013a 2E02     		.2byte	0x22e
 403 013c 2B020000 		.4byte	0x22b
 404 0140 08       		.uleb128 0x8
 405 0141 F3000000 		.4byte	.LASF27
 406 0145 03       		.byte	0x3
 407 0146 2F02     		.2byte	0x22f
 408 0148 2B020000 		.4byte	0x22b
 409 014c 00       		.byte	0
 410 014d 08       		.uleb128 0x8
 411 014e B8020000 		.4byte	.LASF28
 412 0152 03       		.byte	0x3
 413 0153 3202     		.2byte	0x232
 414 0155 72000000 		.4byte	0x72
 415 0159 04       		.byte	0x4
 416 015a 08       		.uleb128 0x8
 417 015b D5000000 		.4byte	.LASF29
 418 015f 03       		.byte	0x3
 419 0160 3302     		.2byte	0x233
 420 0162 2B020000 		.4byte	0x22b
 421 0166 08       		.byte	0x8
 422 0167 08       		.uleb128 0x8
 423 0168 A6020000 		.4byte	.LASF30
 424 016c 03       		.byte	0x3
 425 016d 3402     		.2byte	0x234
 426 016f 98000000 		.4byte	0x98
 427 0173 0C       		.byte	0xc
 428 0174 08       		.uleb128 0x8
 429 0175 EA000000 		.4byte	.LASF31
 430 0179 03       		.byte	0x3
 431 017a 3502     		.2byte	0x235
 432 017c 8D000000 		.4byte	0x8d
 433 0180 10       		.byte	0x10
 434 0181 08       		.uleb128 0x8
 435 0182 12010000 		.4byte	.LASF32
ARM GAS  C:\Users\EDULU~1.DES\AppData\Local\Temp\ccpOAzCO.s 			page 13


 436 0186 03       		.byte	0x3
 437 0187 3602     		.2byte	0x236
 438 0189 8D000000 		.4byte	0x8d
 439 018d 12       		.byte	0x12
 440 018e 08       		.uleb128 0x8
 441 018f 30030000 		.4byte	.LASF33
 442 0193 03       		.byte	0x3
 443 0194 3902     		.2byte	0x239
 444 0196 31020000 		.4byte	0x231
 445 019a 14       		.byte	0x14
 446 019b 08       		.uleb128 0x8
 447 019c CB000000 		.4byte	.LASF34
 448 01a0 03       		.byte	0x3
 449 01a1 3A02     		.2byte	0x23a
 450 01a3 31020000 		.4byte	0x231
 451 01a7 18       		.byte	0x18
 452 01a8 08       		.uleb128 0x8
 453 01a9 DA020000 		.4byte	.LASF35
 454 01ad 03       		.byte	0x3
 455 01ae 4302     		.2byte	0x243
 456 01b0 37020000 		.4byte	0x237
 457 01b4 1C       		.byte	0x1c
 458 01b5 08       		.uleb128 0x8
 459 01b6 E5010000 		.4byte	.LASF36
 460 01ba 03       		.byte	0x3
 461 01bb 5502     		.2byte	0x255
 462 01bd 98000000 		.4byte	0x98
 463 01c1 20       		.byte	0x20
 464 01c2 08       		.uleb128 0x8
 465 01c3 13020000 		.4byte	.LASF37
 466 01c7 03       		.byte	0x3
 467 01c8 5602     		.2byte	0x256
 468 01ca 82000000 		.4byte	0x82
 469 01ce 24       		.byte	0x24
 470 01cf 08       		.uleb128 0x8
 471 01d0 4C020000 		.4byte	.LASF38
 472 01d4 03       		.byte	0x3
 473 01d5 5702     		.2byte	0x257
 474 01d7 82000000 		.4byte	0x82
 475 01db 25       		.byte	0x25
 476 01dc 08       		.uleb128 0x8
 477 01dd 13030000 		.4byte	.LASF39
 478 01e1 03       		.byte	0x3
 479 01e2 5802     		.2byte	0x258
 480 01e4 82000000 		.4byte	0x82
 481 01e8 26       		.byte	0x26
 482 01e9 08       		.uleb128 0x8
 483 01ea 52030000 		.4byte	.LASF40
 484 01ee 03       		.byte	0x3
 485 01ef 5A02     		.2byte	0x25a
 486 01f1 82000000 		.4byte	0x82
 487 01f5 27       		.byte	0x27
 488 01f6 08       		.uleb128 0x8
 489 01f7 1D020000 		.4byte	.LASF41
 490 01fb 03       		.byte	0x3
 491 01fc 5B02     		.2byte	0x25b
 492 01fe 82000000 		.4byte	0x82
ARM GAS  C:\Users\EDULU~1.DES\AppData\Local\Temp\ccpOAzCO.s 			page 14


 493 0202 28       		.byte	0x28
 494 0203 08       		.uleb128 0x8
 495 0204 FF020000 		.4byte	.LASF42
 496 0208 03       		.byte	0x3
 497 0209 5C02     		.2byte	0x25c
 498 020b BC000000 		.4byte	0xbc
 499 020f 29       		.byte	0x29
 500 0210 08       		.uleb128 0x8
 501 0211 09030000 		.4byte	.LASF43
 502 0215 03       		.byte	0x3
 503 0216 5D02     		.2byte	0x25d
 504 0218 BC000000 		.4byte	0xbc
 505 021c 2A       		.byte	0x2a
 506 021d 08       		.uleb128 0x8
 507 021e 59030000 		.4byte	.LASF44
 508 0222 03       		.byte	0x3
 509 0223 7002     		.2byte	0x270
 510 0225 3D020000 		.4byte	0x23d
 511 0229 2C       		.byte	0x2c
 512 022a 00       		.byte	0
 513 022b 0B       		.uleb128 0xb
 514 022c 04       		.byte	0x4
 515 022d B1000000 		.4byte	0xb1
 516 0231 0B       		.uleb128 0xb
 517 0232 04       		.byte	0x4
 518 0233 33010000 		.4byte	0x133
 519 0237 0B       		.uleb128 0xb
 520 0238 04       		.byte	0x4
 521 0239 27010000 		.4byte	0x127
 522 023d 09       		.uleb128 0x9
 523 023e 98000000 		.4byte	0x98
 524 0242 4D020000 		.4byte	0x24d
 525 0246 0A       		.uleb128 0xa
 526 0247 74000000 		.4byte	0x74
 527 024b 00       		.byte	0
 528 024c 00       		.byte	0
 529 024d 06       		.uleb128 0x6
 530 024e 2E020000 		.4byte	.LASF45
 531 0252 03       		.byte	0x3
 532 0253 7202     		.2byte	0x272
 533 0255 33010000 		.4byte	0x133
 534 0259 0C       		.uleb128 0xc
 535 025a FF000000 		.4byte	.LASF46
 536 025e 01       		.byte	0x1
 537 025f 6A       		.byte	0x6a
 538 0260 00000000 		.4byte	.LFB1
 539 0264 10000000 		.4byte	.LFE1-.LFB1
 540 0268 01       		.uleb128 0x1
 541 0269 9C       		.byte	0x9c
 542 026a 7D020000 		.4byte	0x27d
 543 026e 0D       		.uleb128 0xd
 544 026f 0E020000 		.4byte	.LASF48
 545 0273 01       		.byte	0x1
 546 0274 6A       		.byte	0x6a
 547 0275 7D020000 		.4byte	0x27d
 548 0279 02       		.uleb128 0x2
 549 027a 91       		.byte	0x91
ARM GAS  C:\Users\EDULU~1.DES\AppData\Local\Temp\ccpOAzCO.s 			page 15


 550 027b 74       		.sleb128 -12
 551 027c 00       		.byte	0
 552 027d 0B       		.uleb128 0xb
 553 027e 04       		.byte	0x4
 554 027f 4D020000 		.4byte	0x24d
 555 0283 0C       		.uleb128 0xc
 556 0284 8A000000 		.4byte	.LASF47
 557 0288 01       		.byte	0x1
 558 0289 7D       		.byte	0x7d
 559 028a 00000000 		.4byte	.LFB2
 560 028e 10000000 		.4byte	.LFE2-.LFB2
 561 0292 01       		.uleb128 0x1
 562 0293 9C       		.byte	0x9c
 563 0294 A7020000 		.4byte	0x2a7
 564 0298 0D       		.uleb128 0xd
 565 0299 0E020000 		.4byte	.LASF48
 566 029d 01       		.byte	0x1
 567 029e 7D       		.byte	0x7d
 568 029f 7D020000 		.4byte	0x27d
 569 02a3 02       		.uleb128 0x2
 570 02a4 91       		.byte	0x91
 571 02a5 74       		.sleb128 -12
 572 02a6 00       		.byte	0
 573 02a7 0E       		.uleb128 0xe
 574 02a8 65030000 		.4byte	.LASF49
 575 02ac 01       		.byte	0x1
 576 02ad 90       		.byte	0x90
 577 02ae 00000000 		.4byte	.LFB3
 578 02b2 0A000000 		.4byte	.LFE3-.LFB3
 579 02b6 01       		.uleb128 0x1
 580 02b7 9C       		.byte	0x9c
 581 02b8 0E       		.uleb128 0xe
 582 02b9 7E020000 		.4byte	.LASF50
 583 02bd 01       		.byte	0x1
 584 02be A0       		.byte	0xa0
 585 02bf 00000000 		.4byte	.LFB4
 586 02c3 0A000000 		.4byte	.LFE4-.LFB4
 587 02c7 01       		.uleb128 0x1
 588 02c8 9C       		.byte	0x9c
 589 02c9 0C       		.uleb128 0xc
 590 02ca 1D030000 		.4byte	.LASF51
 591 02ce 01       		.byte	0x1
 592 02cf B3       		.byte	0xb3
 593 02d0 00000000 		.4byte	.LFB5
 594 02d4 10000000 		.4byte	.LFE5-.LFB5
 595 02d8 01       		.uleb128 0x1
 596 02d9 9C       		.byte	0x9c
 597 02da ED020000 		.4byte	0x2ed
 598 02de 0D       		.uleb128 0xd
 599 02df 0E020000 		.4byte	.LASF48
 600 02e3 01       		.byte	0x1
 601 02e4 B3       		.byte	0xb3
 602 02e5 7D020000 		.4byte	0x27d
 603 02e9 02       		.uleb128 0x2
 604 02ea 91       		.byte	0x91
 605 02eb 74       		.sleb128 -12
 606 02ec 00       		.byte	0
ARM GAS  C:\Users\EDULU~1.DES\AppData\Local\Temp\ccpOAzCO.s 			page 16


 607 02ed 0E       		.uleb128 0xe
 608 02ee 48010000 		.4byte	.LASF52
 609 02f2 01       		.byte	0x1
 610 02f3 CB       		.byte	0xcb
 611 02f4 00000000 		.4byte	.LFB6
 612 02f8 0A000000 		.4byte	.LFE6-.LFB6
 613 02fc 01       		.uleb128 0x1
 614 02fd 9C       		.byte	0x9c
 615 02fe 0C       		.uleb128 0xc
 616 02ff E8020000 		.4byte	.LASF53
 617 0303 01       		.byte	0x1
 618 0304 E1       		.byte	0xe1
 619 0305 00000000 		.4byte	.LFB7
 620 0309 10000000 		.4byte	.LFE7-.LFB7
 621 030d 01       		.uleb128 0x1
 622 030e 9C       		.byte	0x9c
 623 030f 22030000 		.4byte	0x322
 624 0313 0D       		.uleb128 0xd
 625 0314 0E020000 		.4byte	.LASF48
 626 0318 01       		.byte	0x1
 627 0319 E1       		.byte	0xe1
 628 031a 7D020000 		.4byte	0x27d
 629 031e 02       		.uleb128 0x2
 630 031f 91       		.byte	0x91
 631 0320 74       		.sleb128 -12
 632 0321 00       		.byte	0
 633 0322 0E       		.uleb128 0xe
 634 0323 79000000 		.4byte	.LASF54
 635 0327 01       		.byte	0x1
 636 0328 F4       		.byte	0xf4
 637 0329 00000000 		.4byte	.LFB8
 638 032d 0A000000 		.4byte	.LFE8-.LFB8
 639 0331 01       		.uleb128 0x1
 640 0332 9C       		.byte	0x9c
 641 0333 00       		.byte	0
 642              		.section	.debug_abbrev,"",%progbits
 643              	.Ldebug_abbrev0:
 644 0000 01       		.uleb128 0x1
 645 0001 11       		.uleb128 0x11
 646 0002 01       		.byte	0x1
 647 0003 25       		.uleb128 0x25
 648 0004 0E       		.uleb128 0xe
 649 0005 13       		.uleb128 0x13
 650 0006 0B       		.uleb128 0xb
 651 0007 03       		.uleb128 0x3
 652 0008 0E       		.uleb128 0xe
 653 0009 1B       		.uleb128 0x1b
 654 000a 0E       		.uleb128 0xe
 655 000b 55       		.uleb128 0x55
 656 000c 17       		.uleb128 0x17
 657 000d 11       		.uleb128 0x11
 658 000e 01       		.uleb128 0x1
 659 000f 10       		.uleb128 0x10
 660 0010 17       		.uleb128 0x17
 661 0011 00       		.byte	0
 662 0012 00       		.byte	0
 663 0013 02       		.uleb128 0x2
ARM GAS  C:\Users\EDULU~1.DES\AppData\Local\Temp\ccpOAzCO.s 			page 17


 664 0014 24       		.uleb128 0x24
 665 0015 00       		.byte	0
 666 0016 0B       		.uleb128 0xb
 667 0017 0B       		.uleb128 0xb
 668 0018 3E       		.uleb128 0x3e
 669 0019 0B       		.uleb128 0xb
 670 001a 03       		.uleb128 0x3
 671 001b 0E       		.uleb128 0xe
 672 001c 00       		.byte	0
 673 001d 00       		.byte	0
 674 001e 03       		.uleb128 0x3
 675 001f 24       		.uleb128 0x24
 676 0020 00       		.byte	0
 677 0021 0B       		.uleb128 0xb
 678 0022 0B       		.uleb128 0xb
 679 0023 3E       		.uleb128 0x3e
 680 0024 0B       		.uleb128 0xb
 681 0025 03       		.uleb128 0x3
 682 0026 08       		.uleb128 0x8
 683 0027 00       		.byte	0
 684 0028 00       		.byte	0
 685 0029 04       		.uleb128 0x4
 686 002a 0F       		.uleb128 0xf
 687 002b 00       		.byte	0
 688 002c 0B       		.uleb128 0xb
 689 002d 0B       		.uleb128 0xb
 690 002e 00       		.byte	0
 691 002f 00       		.byte	0
 692 0030 05       		.uleb128 0x5
 693 0031 16       		.uleb128 0x16
 694 0032 00       		.byte	0
 695 0033 03       		.uleb128 0x3
 696 0034 0E       		.uleb128 0xe
 697 0035 3A       		.uleb128 0x3a
 698 0036 0B       		.uleb128 0xb
 699 0037 3B       		.uleb128 0x3b
 700 0038 0B       		.uleb128 0xb
 701 0039 49       		.uleb128 0x49
 702 003a 13       		.uleb128 0x13
 703 003b 00       		.byte	0
 704 003c 00       		.byte	0
 705 003d 06       		.uleb128 0x6
 706 003e 16       		.uleb128 0x16
 707 003f 00       		.byte	0
 708 0040 03       		.uleb128 0x3
 709 0041 0E       		.uleb128 0xe
 710 0042 3A       		.uleb128 0x3a
 711 0043 0B       		.uleb128 0xb
 712 0044 3B       		.uleb128 0x3b
 713 0045 05       		.uleb128 0x5
 714 0046 49       		.uleb128 0x49
 715 0047 13       		.uleb128 0x13
 716 0048 00       		.byte	0
 717 0049 00       		.byte	0
 718 004a 07       		.uleb128 0x7
 719 004b 13       		.uleb128 0x13
 720 004c 01       		.byte	0x1
ARM GAS  C:\Users\EDULU~1.DES\AppData\Local\Temp\ccpOAzCO.s 			page 18


 721 004d 03       		.uleb128 0x3
 722 004e 0E       		.uleb128 0xe
 723 004f 0B       		.uleb128 0xb
 724 0050 0B       		.uleb128 0xb
 725 0051 3A       		.uleb128 0x3a
 726 0052 0B       		.uleb128 0xb
 727 0053 3B       		.uleb128 0x3b
 728 0054 05       		.uleb128 0x5
 729 0055 01       		.uleb128 0x1
 730 0056 13       		.uleb128 0x13
 731 0057 00       		.byte	0
 732 0058 00       		.byte	0
 733 0059 08       		.uleb128 0x8
 734 005a 0D       		.uleb128 0xd
 735 005b 00       		.byte	0
 736 005c 03       		.uleb128 0x3
 737 005d 0E       		.uleb128 0xe
 738 005e 3A       		.uleb128 0x3a
 739 005f 0B       		.uleb128 0xb
 740 0060 3B       		.uleb128 0x3b
 741 0061 05       		.uleb128 0x5
 742 0062 49       		.uleb128 0x49
 743 0063 13       		.uleb128 0x13
 744 0064 38       		.uleb128 0x38
 745 0065 0B       		.uleb128 0xb
 746 0066 00       		.byte	0
 747 0067 00       		.byte	0
 748 0068 09       		.uleb128 0x9
 749 0069 01       		.uleb128 0x1
 750 006a 01       		.byte	0x1
 751 006b 49       		.uleb128 0x49
 752 006c 13       		.uleb128 0x13
 753 006d 01       		.uleb128 0x1
 754 006e 13       		.uleb128 0x13
 755 006f 00       		.byte	0
 756 0070 00       		.byte	0
 757 0071 0A       		.uleb128 0xa
 758 0072 21       		.uleb128 0x21
 759 0073 00       		.byte	0
 760 0074 49       		.uleb128 0x49
 761 0075 13       		.uleb128 0x13
 762 0076 2F       		.uleb128 0x2f
 763 0077 0B       		.uleb128 0xb
 764 0078 00       		.byte	0
 765 0079 00       		.byte	0
 766 007a 0B       		.uleb128 0xb
 767 007b 0F       		.uleb128 0xf
 768 007c 00       		.byte	0
 769 007d 0B       		.uleb128 0xb
 770 007e 0B       		.uleb128 0xb
 771 007f 49       		.uleb128 0x49
 772 0080 13       		.uleb128 0x13
 773 0081 00       		.byte	0
 774 0082 00       		.byte	0
 775 0083 0C       		.uleb128 0xc
 776 0084 2E       		.uleb128 0x2e
 777 0085 01       		.byte	0x1
ARM GAS  C:\Users\EDULU~1.DES\AppData\Local\Temp\ccpOAzCO.s 			page 19


 778 0086 3F       		.uleb128 0x3f
 779 0087 19       		.uleb128 0x19
 780 0088 03       		.uleb128 0x3
 781 0089 0E       		.uleb128 0xe
 782 008a 3A       		.uleb128 0x3a
 783 008b 0B       		.uleb128 0xb
 784 008c 3B       		.uleb128 0x3b
 785 008d 0B       		.uleb128 0xb
 786 008e 27       		.uleb128 0x27
 787 008f 19       		.uleb128 0x19
 788 0090 11       		.uleb128 0x11
 789 0091 01       		.uleb128 0x1
 790 0092 12       		.uleb128 0x12
 791 0093 06       		.uleb128 0x6
 792 0094 40       		.uleb128 0x40
 793 0095 18       		.uleb128 0x18
 794 0096 9742     		.uleb128 0x2117
 795 0098 19       		.uleb128 0x19
 796 0099 01       		.uleb128 0x1
 797 009a 13       		.uleb128 0x13
 798 009b 00       		.byte	0
 799 009c 00       		.byte	0
 800 009d 0D       		.uleb128 0xd
 801 009e 05       		.uleb128 0x5
 802 009f 00       		.byte	0
 803 00a0 03       		.uleb128 0x3
 804 00a1 0E       		.uleb128 0xe
 805 00a2 3A       		.uleb128 0x3a
 806 00a3 0B       		.uleb128 0xb
 807 00a4 3B       		.uleb128 0x3b
 808 00a5 0B       		.uleb128 0xb
 809 00a6 49       		.uleb128 0x49
 810 00a7 13       		.uleb128 0x13
 811 00a8 02       		.uleb128 0x2
 812 00a9 18       		.uleb128 0x18
 813 00aa 00       		.byte	0
 814 00ab 00       		.byte	0
 815 00ac 0E       		.uleb128 0xe
 816 00ad 2E       		.uleb128 0x2e
 817 00ae 00       		.byte	0
 818 00af 3F       		.uleb128 0x3f
 819 00b0 19       		.uleb128 0x19
 820 00b1 03       		.uleb128 0x3
 821 00b2 0E       		.uleb128 0xe
 822 00b3 3A       		.uleb128 0x3a
 823 00b4 0B       		.uleb128 0xb
 824 00b5 3B       		.uleb128 0x3b
 825 00b6 0B       		.uleb128 0xb
 826 00b7 27       		.uleb128 0x27
 827 00b8 19       		.uleb128 0x19
 828 00b9 11       		.uleb128 0x11
 829 00ba 01       		.uleb128 0x1
 830 00bb 12       		.uleb128 0x12
 831 00bc 06       		.uleb128 0x6
 832 00bd 40       		.uleb128 0x40
 833 00be 18       		.uleb128 0x18
 834 00bf 9742     		.uleb128 0x2117
ARM GAS  C:\Users\EDULU~1.DES\AppData\Local\Temp\ccpOAzCO.s 			page 20


 835 00c1 19       		.uleb128 0x19
 836 00c2 00       		.byte	0
 837 00c3 00       		.byte	0
 838 00c4 00       		.byte	0
 839              		.section	.debug_aranges,"",%progbits
 840 0000 54000000 		.4byte	0x54
 841 0004 0200     		.2byte	0x2
 842 0006 00000000 		.4byte	.Ldebug_info0
 843 000a 04       		.byte	0x4
 844 000b 00       		.byte	0
 845 000c 0000     		.2byte	0
 846 000e 0000     		.2byte	0
 847 0010 00000000 		.4byte	.LFB1
 848 0014 10000000 		.4byte	.LFE1-.LFB1
 849 0018 00000000 		.4byte	.LFB2
 850 001c 10000000 		.4byte	.LFE2-.LFB2
 851 0020 00000000 		.4byte	.LFB3
 852 0024 0A000000 		.4byte	.LFE3-.LFB3
 853 0028 00000000 		.4byte	.LFB4
 854 002c 0A000000 		.4byte	.LFE4-.LFB4
 855 0030 00000000 		.4byte	.LFB5
 856 0034 10000000 		.4byte	.LFE5-.LFB5
 857 0038 00000000 		.4byte	.LFB6
 858 003c 0A000000 		.4byte	.LFE6-.LFB6
 859 0040 00000000 		.4byte	.LFB7
 860 0044 10000000 		.4byte	.LFE7-.LFB7
 861 0048 00000000 		.4byte	.LFB8
 862 004c 0A000000 		.4byte	.LFE8-.LFB8
 863 0050 00000000 		.4byte	0
 864 0054 00000000 		.4byte	0
 865              		.section	.debug_ranges,"",%progbits
 866              	.Ldebug_ranges0:
 867 0000 00000000 		.4byte	.LFB1
 868 0004 10000000 		.4byte	.LFE1
 869 0008 00000000 		.4byte	.LFB2
 870 000c 10000000 		.4byte	.LFE2
 871 0010 00000000 		.4byte	.LFB3
 872 0014 0A000000 		.4byte	.LFE3
 873 0018 00000000 		.4byte	.LFB4
 874 001c 0A000000 		.4byte	.LFE4
 875 0020 00000000 		.4byte	.LFB5
 876 0024 10000000 		.4byte	.LFE5
 877 0028 00000000 		.4byte	.LFB6
 878 002c 0A000000 		.4byte	.LFE6
 879 0030 00000000 		.4byte	.LFB7
 880 0034 10000000 		.4byte	.LFE7
 881 0038 00000000 		.4byte	.LFB8
 882 003c 0A000000 		.4byte	.LFE8
 883 0040 00000000 		.4byte	0
 884 0044 00000000 		.4byte	0
 885              		.section	.debug_line,"",%progbits
 886              	.Ldebug_line0:
 887 0000 3C010000 		.section	.debug_str,"MS",%progbits,1
 887      0200AE00 
 887      00000201 
 887      FB0E0D00 
 887      01010101 
ARM GAS  C:\Users\EDULU~1.DES\AppData\Local\Temp\ccpOAzCO.s 			page 21


 888              	.LASF57:
 889 0000 433A5C55 		.ascii	"C:\\Users\\edulu.DESKTOP-961TG4K\\Documents\\PSoC C"
 889      73657273 
 889      5C656475 
 889      6C752E44 
 889      45534B54 
 890 002f 72656174 		.ascii	"reator\\Micrium\\Examples\\Cypress\\CY8CKIT-044\\OS"
 890      6F725C4D 
 890      69637269 
 890      756D5C45 
 890      78616D70 
 891 005d 325C5053 		.ascii	"2\\PSoC\\OS2.cydsn\000"
 891      6F435C4F 
 891      53322E63 
 891      7964736E 
 891      00
 892              	.LASF23:
 893 006e 4F534576 		.ascii	"OSEventTbl\000"
 893      656E7454 
 893      626C00
 894              	.LASF54:
 895 0079 4170705F 		.ascii	"App_TimeTickHook\000"
 895      54696D65 
 895      5469636B 
 895      486F6F6B 
 895      00
 896              	.LASF47:
 897 008a 4170705F 		.ascii	"App_TaskDelHook\000"
 897      5461736B 
 897      44656C48 
 897      6F6F6B00 
 898              	.LASF4:
 899 009a 6C6F6E67 		.ascii	"long int\000"
 899      20696E74 
 899      00
 900              	.LASF18:
 901 00a3 4F535F50 		.ascii	"OS_PRIO\000"
 901      52494F00 
 902              	.LASF20:
 903 00ab 4F534576 		.ascii	"OSEventPtr\000"
 903      656E7450 
 903      747200
 904              	.LASF16:
 905 00b6 646F7562 		.ascii	"double\000"
 905      6C6500
 906              	.LASF17:
 907 00bd 4F535F53 		.ascii	"OS_STK\000"
 907      544B00
 908              	.LASF13:
 909 00c4 494E5431 		.ascii	"INT16U\000"
 909      365500
 910              	.LASF34:
 911 00cb 4F535443 		.ascii	"OSTCBPrev\000"
 911      42507265 
 911      7600
 912              	.LASF29:
 913 00d5 4F535443 		.ascii	"OSTCBStkBottom\000"
ARM GAS  C:\Users\EDULU~1.DES\AppData\Local\Temp\ccpOAzCO.s 			page 22


 913      4253746B 
 913      426F7474 
 913      6F6D00
 914              	.LASF15:
 915 00e4 666C6F61 		.ascii	"float\000"
 915      7400
 916              	.LASF31:
 917 00ea 4F535443 		.ascii	"OSTCBOpt\000"
 917      424F7074 
 917      00
 918              	.LASF27:
 919 00f3 4F535443 		.ascii	"OSTCBStkPtr\000"
 919      4253746B 
 919      50747200 
 920              	.LASF46:
 921 00ff 4170705F 		.ascii	"App_TaskCreateHook\000"
 921      5461736B 
 921      43726561 
 921      7465486F 
 921      6F6B00
 922              	.LASF32:
 923 0112 4F535443 		.ascii	"OSTCBId\000"
 923      42496400 
 924              	.LASF25:
 925 011a 6F735F65 		.ascii	"os_event\000"
 925      76656E74 
 925      00
 926              	.LASF5:
 927 0123 6C6F6E67 		.ascii	"long unsigned int\000"
 927      20756E73 
 927      69676E65 
 927      6420696E 
 927      7400
 928              	.LASF3:
 929 0135 73686F72 		.ascii	"short unsigned int\000"
 929      7420756E 
 929      7369676E 
 929      65642069 
 929      6E7400
 930              	.LASF52:
 931 0148 4170705F 		.ascii	"App_TaskSwHook\000"
 931      5461736B 
 931      5377486F 
 931      6F6B00
 932              	.LASF55:
 933 0157 474E5520 		.ascii	"GNU C11 5.4.1 20160609 (release) [ARM/embedded-5-br"
 933      43313120 
 933      352E342E 
 933      31203230 
 933      31363036 
 934 018a 616E6368 		.ascii	"anch revision 237715] -mcpu=cortex-m0 -mthumb -g -O"
 934      20726576 
 934      6973696F 
 934      6E203233 
 934      37373135 
 935 01bd 30202D66 		.ascii	"0 -ffunction-sections -ffat-lto-objects\000"
 935      66756E63 
ARM GAS  C:\Users\EDULU~1.DES\AppData\Local\Temp\ccpOAzCO.s 			page 23


 935      74696F6E 
 935      2D736563 
 935      74696F6E 
 936              	.LASF36:
 937 01e5 4F535443 		.ascii	"OSTCBDly\000"
 937      42446C79 
 937      00
 938              	.LASF56:
 939 01ee 2E2E5C2E 		.ascii	"..\\..\\app_hooks.c\000"
 939      2E5C6170 
 939      705F686F 
 939      6F6B732E 
 939      6300
 940              	.LASF1:
 941 0200 756E7369 		.ascii	"unsigned char\000"
 941      676E6564 
 941      20636861 
 941      7200
 942              	.LASF48:
 943 020e 70746362 		.ascii	"ptcb\000"
 943      00
 944              	.LASF37:
 945 0213 4F535443 		.ascii	"OSTCBStat\000"
 945      42537461 
 945      7400
 946              	.LASF41:
 947 021d 4F535443 		.ascii	"OSTCBY\000"
 947      425900
 948              	.LASF2:
 949 0224 73686F72 		.ascii	"short int\000"
 949      7420696E 
 949      7400
 950              	.LASF45:
 951 022e 4F535F54 		.ascii	"OS_TCB\000"
 951      434200
 952              	.LASF21:
 953 0235 4F534576 		.ascii	"OSEventCnt\000"
 953      656E7443 
 953      6E7400
 954              	.LASF19:
 955 0240 4F534576 		.ascii	"OSEventType\000"
 955      656E7454 
 955      79706500 
 956              	.LASF38:
 957 024c 4F535443 		.ascii	"OSTCBStatPend\000"
 957      42537461 
 957      7450656E 
 957      6400
 958              	.LASF12:
 959 025a 494E5438 		.ascii	"INT8U\000"
 959      5500
 960              	.LASF7:
 961 0260 6C6F6E67 		.ascii	"long long unsigned int\000"
 961      206C6F6E 
 961      6720756E 
 961      7369676E 
 961      65642069 
ARM GAS  C:\Users\EDULU~1.DES\AppData\Local\Temp\ccpOAzCO.s 			page 24


 962              	.LASF26:
 963 0277 6F735F74 		.ascii	"os_tcb\000"
 963      636200
 964              	.LASF50:
 965 027e 4170705F 		.ascii	"App_TaskStatHook\000"
 965      5461736B 
 965      53746174 
 965      486F6F6B 
 965      00
 966              	.LASF10:
 967 028f 73697A65 		.ascii	"sizetype\000"
 967      74797065 
 967      00
 968              	.LASF6:
 969 0298 6C6F6E67 		.ascii	"long long int\000"
 969      206C6F6E 
 969      6720696E 
 969      7400
 970              	.LASF30:
 971 02a6 4F535443 		.ascii	"OSTCBStkSize\000"
 971      4253746B 
 971      53697A65 
 971      00
 972              	.LASF11:
 973 02b3 63686172 		.ascii	"char\000"
 973      00
 974              	.LASF28:
 975 02b8 4F535443 		.ascii	"OSTCBExtPtr\000"
 975      42457874 
 975      50747200 
 976              	.LASF24:
 977 02c4 4F535F45 		.ascii	"OS_EVENT\000"
 977      56454E54 
 977      00
 978              	.LASF8:
 979 02cd 756E7369 		.ascii	"unsigned int\000"
 979      676E6564 
 979      20696E74 
 979      00
 980              	.LASF35:
 981 02da 4F535443 		.ascii	"OSTCBEventPtr\000"
 981      42457665 
 981      6E745074 
 981      7200
 982              	.LASF53:
 983 02e8 4170705F 		.ascii	"App_TCBInitHook\000"
 983      54434249 
 983      6E697448 
 983      6F6F6B00 
 984              	.LASF14:
 985 02f8 494E5433 		.ascii	"INT32U\000"
 985      325500
 986              	.LASF42:
 987 02ff 4F535443 		.ascii	"OSTCBBitX\000"
 987      42426974 
 987      5800
 988              	.LASF43:
ARM GAS  C:\Users\EDULU~1.DES\AppData\Local\Temp\ccpOAzCO.s 			page 25


 989 0309 4F535443 		.ascii	"OSTCBBitY\000"
 989      42426974 
 989      5900
 990              	.LASF39:
 991 0313 4F535443 		.ascii	"OSTCBPrio\000"
 991      42507269 
 991      6F00
 992              	.LASF51:
 993 031d 4170705F 		.ascii	"App_TaskReturnHook\000"
 993      5461736B 
 993      52657475 
 993      726E486F 
 993      6F6B00
 994              	.LASF33:
 995 0330 4F535443 		.ascii	"OSTCBNext\000"
 995      424E6578 
 995      7400
 996              	.LASF9:
 997 033a 6C6F6E67 		.ascii	"long double\000"
 997      20646F75 
 997      626C6500 
 998              	.LASF0:
 999 0346 7369676E 		.ascii	"signed char\000"
 999      65642063 
 999      68617200 
 1000              	.LASF40:
 1001 0352 4F535443 		.ascii	"OSTCBX\000"
 1001      425800
 1002              	.LASF44:
 1003 0359 4F535443 		.ascii	"OSTCBRegTbl\000"
 1003      42526567 
 1003      54626C00 
 1004              	.LASF49:
 1005 0365 4170705F 		.ascii	"App_TaskIdleHook\000"
 1005      5461736B 
 1005      49646C65 
 1005      486F6F6B 
 1005      00
 1006              	.LASF22:
 1007 0376 4F534576 		.ascii	"OSEventGrp\000"
 1007      656E7447 
 1007      727000
 1008              		.ident	"GCC: (GNU Tools for ARM Embedded Processors) 5.4.1 20160609 (release) [ARM/embedded-5-bran
