ARM GAS  C:\Users\EDULU~1.DES\AppData\Local\Temp\cczgHXMM.s 			page 1


   1              		.syntax unified
   2              		.cpu cortex-m0
   3              		.fpu softvfp
   4              		.eabi_attribute 20, 1
   5              		.eabi_attribute 21, 1
   6              		.eabi_attribute 23, 3
   7              		.eabi_attribute 24, 1
   8              		.eabi_attribute 25, 1
   9              		.eabi_attribute 26, 1
  10              		.eabi_attribute 30, 6
  11              		.eabi_attribute 34, 0
  12              		.eabi_attribute 18, 4
  13              		.thumb
  14              		.syntax unified
  15              		.file	"os_dbg_r.c"
  16              		.text
  17              	.Ltext0:
  18              		.cfi_sections	.debug_frame
  19              		.global	OSDebugEn
  20              		.section	.rodata
  21              		.align	1
  22              		.type	OSDebugEn, %object
  23              		.size	OSDebugEn, 2
  24              	OSDebugEn:
  25 0000 0000     		.space	2
  26              		.text
  27              	.Letext0:
  28              		.file 1 "..\\..\\..\\..\\..\\..\\Software\\uCOS-II\\Ports\\ARM-Cortex-M0\\Generic\\GNU/os_cpu.h"
  29              		.file 2 "..\\..\\..\\..\\..\\..\\Software\\uCOS-II\\Source\\os_dbg_r.c"
  30              		.section	.debug_info,"",%progbits
  31              	.Ldebug_info0:
  32 0000 A4000000 		.4byte	0xa4
  33 0004 0400     		.2byte	0x4
  34 0006 00000000 		.4byte	.Ldebug_abbrev0
  35 000a 04       		.byte	0x4
  36 000b 01       		.uleb128 0x1
  37 000c 56010000 		.4byte	.LASF14
  38 0010 0C       		.byte	0xc
  39 0011 4E000000 		.4byte	.LASF15
  40 0015 A5000000 		.4byte	.LASF16
  41 0019 00000000 		.4byte	.Ldebug_line0
  42 001d 02       		.uleb128 0x2
  43 001e 01       		.byte	0x1
  44 001f 06       		.byte	0x6
  45 0020 2D010000 		.4byte	.LASF0
  46 0024 02       		.uleb128 0x2
  47 0025 01       		.byte	0x1
  48 0026 08       		.byte	0x8
  49 0027 89000000 		.4byte	.LASF1
  50 002b 02       		.uleb128 0x2
  51 002c 02       		.byte	0x2
  52 002d 05       		.byte	0x5
  53 002e 4C010000 		.4byte	.LASF2
  54 0032 02       		.uleb128 0x2
  55 0033 02       		.byte	0x2
  56 0034 07       		.byte	0x7
  57 0035 1A010000 		.4byte	.LASF3
ARM GAS  C:\Users\EDULU~1.DES\AppData\Local\Temp\cczgHXMM.s 			page 2


  58 0039 02       		.uleb128 0x2
  59 003a 04       		.byte	0x4
  60 003b 05       		.byte	0x5
  61 003c 9C000000 		.4byte	.LASF4
  62 0040 02       		.uleb128 0x2
  63 0041 04       		.byte	0x4
  64 0042 07       		.byte	0x7
  65 0043 25000000 		.4byte	.LASF5
  66 0047 02       		.uleb128 0x2
  67 0048 08       		.byte	0x8
  68 0049 05       		.byte	0x5
  69 004a 00000000 		.4byte	.LASF6
  70 004e 02       		.uleb128 0x2
  71 004f 08       		.byte	0x8
  72 0050 07       		.byte	0x7
  73 0051 37000000 		.4byte	.LASF7
  74 0055 03       		.uleb128 0x3
  75 0056 04       		.byte	0x4
  76 0057 05       		.byte	0x5
  77 0058 696E7400 		.ascii	"int\000"
  78 005c 02       		.uleb128 0x2
  79 005d 04       		.byte	0x4
  80 005e 07       		.byte	0x7
  81 005f 0E000000 		.4byte	.LASF8
  82 0063 02       		.uleb128 0x2
  83 0064 08       		.byte	0x8
  84 0065 04       		.byte	0x4
  85 0066 40010000 		.4byte	.LASF9
  86 006a 02       		.uleb128 0x2
  87 006b 04       		.byte	0x4
  88 006c 07       		.byte	0x7
  89 006d E4010000 		.4byte	.LASF10
  90 0071 02       		.uleb128 0x2
  91 0072 01       		.byte	0x1
  92 0073 08       		.byte	0x8
  93 0074 97000000 		.4byte	.LASF11
  94 0078 04       		.uleb128 0x4
  95 0079 39010000 		.4byte	.LASF17
  96 007d 01       		.byte	0x1
  97 007e 75       		.byte	0x75
  98 007f 32000000 		.4byte	0x32
  99 0083 02       		.uleb128 0x2
 100 0084 04       		.byte	0x4
 101 0085 04       		.byte	0x4
 102 0086 83000000 		.4byte	.LASF12
 103 008a 02       		.uleb128 0x2
 104 008b 08       		.byte	0x8
 105 008c 04       		.byte	0x4
 106 008d 13010000 		.4byte	.LASF13
 107 0091 05       		.uleb128 0x5
 108 0092 1B000000 		.4byte	.LASF18
 109 0096 02       		.byte	0x2
 110 0097 22       		.byte	0x22
 111 0098 A2000000 		.4byte	0xa2
 112 009c 05       		.uleb128 0x5
 113 009d 03       		.byte	0x3
 114 009e 00000000 		.4byte	OSDebugEn
ARM GAS  C:\Users\EDULU~1.DES\AppData\Local\Temp\cczgHXMM.s 			page 3


 115 00a2 06       		.uleb128 0x6
 116 00a3 78000000 		.4byte	0x78
 117 00a7 00       		.byte	0
 118              		.section	.debug_abbrev,"",%progbits
 119              	.Ldebug_abbrev0:
 120 0000 01       		.uleb128 0x1
 121 0001 11       		.uleb128 0x11
 122 0002 01       		.byte	0x1
 123 0003 25       		.uleb128 0x25
 124 0004 0E       		.uleb128 0xe
 125 0005 13       		.uleb128 0x13
 126 0006 0B       		.uleb128 0xb
 127 0007 03       		.uleb128 0x3
 128 0008 0E       		.uleb128 0xe
 129 0009 1B       		.uleb128 0x1b
 130 000a 0E       		.uleb128 0xe
 131 000b 10       		.uleb128 0x10
 132 000c 17       		.uleb128 0x17
 133 000d 00       		.byte	0
 134 000e 00       		.byte	0
 135 000f 02       		.uleb128 0x2
 136 0010 24       		.uleb128 0x24
 137 0011 00       		.byte	0
 138 0012 0B       		.uleb128 0xb
 139 0013 0B       		.uleb128 0xb
 140 0014 3E       		.uleb128 0x3e
 141 0015 0B       		.uleb128 0xb
 142 0016 03       		.uleb128 0x3
 143 0017 0E       		.uleb128 0xe
 144 0018 00       		.byte	0
 145 0019 00       		.byte	0
 146 001a 03       		.uleb128 0x3
 147 001b 24       		.uleb128 0x24
 148 001c 00       		.byte	0
 149 001d 0B       		.uleb128 0xb
 150 001e 0B       		.uleb128 0xb
 151 001f 3E       		.uleb128 0x3e
 152 0020 0B       		.uleb128 0xb
 153 0021 03       		.uleb128 0x3
 154 0022 08       		.uleb128 0x8
 155 0023 00       		.byte	0
 156 0024 00       		.byte	0
 157 0025 04       		.uleb128 0x4
 158 0026 16       		.uleb128 0x16
 159 0027 00       		.byte	0
 160 0028 03       		.uleb128 0x3
 161 0029 0E       		.uleb128 0xe
 162 002a 3A       		.uleb128 0x3a
 163 002b 0B       		.uleb128 0xb
 164 002c 3B       		.uleb128 0x3b
 165 002d 0B       		.uleb128 0xb
 166 002e 49       		.uleb128 0x49
 167 002f 13       		.uleb128 0x13
 168 0030 00       		.byte	0
 169 0031 00       		.byte	0
 170 0032 05       		.uleb128 0x5
 171 0033 34       		.uleb128 0x34
ARM GAS  C:\Users\EDULU~1.DES\AppData\Local\Temp\cczgHXMM.s 			page 4


 172 0034 00       		.byte	0
 173 0035 03       		.uleb128 0x3
 174 0036 0E       		.uleb128 0xe
 175 0037 3A       		.uleb128 0x3a
 176 0038 0B       		.uleb128 0xb
 177 0039 3B       		.uleb128 0x3b
 178 003a 0B       		.uleb128 0xb
 179 003b 49       		.uleb128 0x49
 180 003c 13       		.uleb128 0x13
 181 003d 3F       		.uleb128 0x3f
 182 003e 19       		.uleb128 0x19
 183 003f 02       		.uleb128 0x2
 184 0040 18       		.uleb128 0x18
 185 0041 00       		.byte	0
 186 0042 00       		.byte	0
 187 0043 06       		.uleb128 0x6
 188 0044 26       		.uleb128 0x26
 189 0045 00       		.byte	0
 190 0046 49       		.uleb128 0x49
 191 0047 13       		.uleb128 0x13
 192 0048 00       		.byte	0
 193 0049 00       		.byte	0
 194 004a 00       		.byte	0
 195              		.section	.debug_aranges,"",%progbits
 196 0000 14000000 		.4byte	0x14
 197 0004 0200     		.2byte	0x2
 198 0006 00000000 		.4byte	.Ldebug_info0
 199 000a 04       		.byte	0x4
 200 000b 00       		.byte	0
 201 000c 0000     		.2byte	0
 202 000e 0000     		.2byte	0
 203 0010 00000000 		.4byte	0
 204 0014 00000000 		.4byte	0
 205              		.section	.debug_line,"",%progbits
 206              	.Ldebug_line0:
 207 0000 A0000000 		.section	.debug_str,"MS",%progbits,1
 207      02009A00 
 207      00000201 
 207      FB0E0D00 
 207      01010101 
 208              	.LASF6:
 209 0000 6C6F6E67 		.ascii	"long long int\000"
 209      206C6F6E 
 209      6720696E 
 209      7400
 210              	.LASF8:
 211 000e 756E7369 		.ascii	"unsigned int\000"
 211      676E6564 
 211      20696E74 
 211      00
 212              	.LASF18:
 213 001b 4F534465 		.ascii	"OSDebugEn\000"
 213      62756745 
 213      6E00
 214              	.LASF5:
 215 0025 6C6F6E67 		.ascii	"long unsigned int\000"
 215      20756E73 
ARM GAS  C:\Users\EDULU~1.DES\AppData\Local\Temp\cczgHXMM.s 			page 5


 215      69676E65 
 215      6420696E 
 215      7400
 216              	.LASF7:
 217 0037 6C6F6E67 		.ascii	"long long unsigned int\000"
 217      206C6F6E 
 217      6720756E 
 217      7369676E 
 217      65642069 
 218              	.LASF15:
 219 004e 2E2E5C2E 		.ascii	"..\\..\\..\\..\\..\\..\\Software\\uCOS-II\\Source\\"
 219      2E5C2E2E 
 219      5C2E2E5C 
 219      2E2E5C2E 
 219      2E5C536F 
 220 0078 6F735F64 		.ascii	"os_dbg_r.c\000"
 220      62675F72 
 220      2E6300
 221              	.LASF12:
 222 0083 666C6F61 		.ascii	"float\000"
 222      7400
 223              	.LASF1:
 224 0089 756E7369 		.ascii	"unsigned char\000"
 224      676E6564 
 224      20636861 
 224      7200
 225              	.LASF11:
 226 0097 63686172 		.ascii	"char\000"
 226      00
 227              	.LASF4:
 228 009c 6C6F6E67 		.ascii	"long int\000"
 228      20696E74 
 228      00
 229              	.LASF16:
 230 00a5 433A5C55 		.ascii	"C:\\Users\\edulu.DESKTOP-961TG4K\\Documents\\PSoC C"
 230      73657273 
 230      5C656475 
 230      6C752E44 
 230      45534B54 
 231 00d4 72656174 		.ascii	"reator\\Micrium\\Examples\\Cypress\\CY8CKIT-044\\OS"
 231      6F725C4D 
 231      69637269 
 231      756D5C45 
 231      78616D70 
 232 0102 325C5053 		.ascii	"2\\PSoC\\OS2.cydsn\000"
 232      6F435C4F 
 232      53322E63 
 232      7964736E 
 232      00
 233              	.LASF13:
 234 0113 646F7562 		.ascii	"double\000"
 234      6C6500
 235              	.LASF3:
 236 011a 73686F72 		.ascii	"short unsigned int\000"
 236      7420756E 
 236      7369676E 
 236      65642069 
ARM GAS  C:\Users\EDULU~1.DES\AppData\Local\Temp\cczgHXMM.s 			page 6


 236      6E7400
 237              	.LASF0:
 238 012d 7369676E 		.ascii	"signed char\000"
 238      65642063 
 238      68617200 
 239              	.LASF17:
 240 0139 494E5431 		.ascii	"INT16U\000"
 240      365500
 241              	.LASF9:
 242 0140 6C6F6E67 		.ascii	"long double\000"
 242      20646F75 
 242      626C6500 
 243              	.LASF2:
 244 014c 73686F72 		.ascii	"short int\000"
 244      7420696E 
 244      7400
 245              	.LASF14:
 246 0156 474E5520 		.ascii	"GNU C11 5.4.1 20160609 (release) [ARM/embedded-5-br"
 246      43313120 
 246      352E342E 
 246      31203230 
 246      31363036 
 247 0189 616E6368 		.ascii	"anch revision 237715] -mcpu=cortex-m0 -mthumb -g -O"
 247      20726576 
 247      6973696F 
 247      6E203233 
 247      37373135 
 248 01bc 30202D66 		.ascii	"0 -ffunction-sections -ffat-lto-objects\000"
 248      66756E63 
 248      74696F6E 
 248      2D736563 
 248      74696F6E 
 249              	.LASF10:
 250 01e4 73697A65 		.ascii	"sizetype\000"
 250      74797065 
 250      00
 251              		.ident	"GCC: (GNU Tools for ARM Embedded Processors) 5.4.1 20160609 (release) [ARM/embedded-5-bran
