--------------- Rebuild Started: 02/20/2019 15:51:56 Project: OS3, Configuration: ARM GCC Generic Debug ---------------
Deleting file ".\OS3.cycdx"
Deleting file ".\OS3.svd"
Deleting file ".\OS3.rpt"
Deleting file ".\OS3_timing.html"
cydsfit.exe -.appdatapath "C:\Users\edulu.DESKTOP-961TG4K\AppData\Local\Cypress Semiconductor\PSoC Creator\4.2" -.fdsnotice -.fdswarpdepfile=warp_dependencies.txt -.fdselabdepfile=elab_dependencies.txt -.fdsbldfile=generated_files.txt -.fdsreffile=referenced_files.txt -p "C:\Users\edulu.DESKTOP-961TG4K\Documents\PSoC Creator\Micrium\Examples\Cypress\CY8CKIT-044\OS3\PSoC\OS3.cydsn\OS3.cyprj" -d CY8C4245AXI-483 -s "C:\Users\edulu.DESKTOP-961TG4K\Documents\PSoC Creator\Micrium\Examples\Cypress\CY8CKIT-044\OS3\PSoC\OS3.cydsn\Generated_Source\PSoC4" -- -yv2 -q10 -ygs -o2 -v3 -.fftcfgtype=LE
Elaborating Design...
HDL Generation...
Synthesis...
Tech Mapping...
ADD: pft.M0040: information: The following 4 pin(s) will be assigned a location by the fitter: Pin_BlueLED(0), Pin_OA_Inverting(0), Pin_OA_NonInverting(0), Pin_OA_Output(0)
Analog Placement...
Info: plm.M0038: The pin named temp_raw(0) at location [IOP=(1)][IoId=(4)] prevents usage of special purposes: F(OA,1). (App=cydsfit)
Analog Routing...
Analog Code Generation...
Warning: apr.M0042: Bonded pin(s) "P1[1]" are not used in your current design but have been connected in order to route the design. (App=cydsfit)
Digital Placement...
Digital Routing...
Bitstream Generation...
Bitstream Verification...
Static timing analysis...
API Generation...
Dependency Generation...
Cleanup...
arm-none-eabi-gcc.exe -mcpu=cortex-m0 -mthumb -I. -IGenerated_Source\PSoC4 -Wa,-alh=.\CortexM0\ARM_GCC_Generic\Debug/app.lst -g -D DEBUG -Wall -ffunction-sections -ffat-lto-objects -Og -c ..\..\app.c -o .\CortexM0\ARM_GCC_Generic\Debug\app.o
..\..\app.c:44:11: fatal error: bsp.h: No such file or directory
 #include  "bsp.h"
           ^~~~~~~
compilation terminated.
The command 'arm-none-eabi-gcc.exe' failed with exit code '1'.
--------------- Rebuild Failed: 02/20/2019 15:52:06 ---------------
