--------------- Rebuild Started: 10/22/2022 21:36:47 Project: uCOS-III-Probe, Configuration: ARM GCC 5.4-2016-q2-update Debug ---------------
Deleting file ".\ARM_GCC_541\Debug\app_probe.o"
Deleting file ".\ARM_GCC_541\Debug\app.o"
Deleting file ".\ARM_GCC_541\Debug\os_app_hooks.o"
Deleting file ".\ARM_GCC_541\Debug\bsp_os.o"
Deleting file ".\ARM_GCC_541\Debug\bsp.o"
Deleting file ".\ARM_GCC_541\Debug\cpu_bsp.o"
Deleting file ".\ARM_GCC_541\Debug\cpu_a.o"
Deleting file ".\ARM_GCC_541\Debug\cpu_core.o"
Deleting file ".\ARM_GCC_541\Debug\lib_ascii.o"
Deleting file ".\ARM_GCC_541\Debug\lib_math.o"
Deleting file ".\ARM_GCC_541\Debug\lib_mem.o"
Deleting file ".\ARM_GCC_541\Debug\lib_str.o"
Deleting file ".\ARM_GCC_541\Debug\os_dbg.o"
Deleting file ".\ARM_GCC_541\Debug\os_core.o"
Deleting file ".\ARM_GCC_541\Debug\os_flag.o"
Deleting file ".\ARM_GCC_541\Debug\os_int.o"
Deleting file ".\ARM_GCC_541\Debug\os_mem.o"
Deleting file ".\ARM_GCC_541\Debug\os_msg.o"
Deleting file ".\ARM_GCC_541\Debug\os_mutex.o"
Deleting file ".\ARM_GCC_541\Debug\os_pend_multi.o"
Deleting file ".\ARM_GCC_541\Debug\os_prio.o"
Deleting file ".\ARM_GCC_541\Debug\os_q.o"
Deleting file ".\ARM_GCC_541\Debug\os_sem.o"
Deleting file ".\ARM_GCC_541\Debug\os_stat.o"
Deleting file ".\ARM_GCC_541\Debug\os_task.o"
Deleting file ".\ARM_GCC_541\Debug\os_tick.o"
Deleting file ".\ARM_GCC_541\Debug\os_time.o"
Deleting file ".\ARM_GCC_541\Debug\os_tmr.o"
Deleting file ".\ARM_GCC_541\Debug\os_var.o"
Deleting file ".\ARM_GCC_541\Debug\os_cfg_app.o"
Deleting file ".\ARM_GCC_541\Debug\probe_com_os.o"
Deleting file ".\ARM_GCC_541\Debug\probe_rs232c.o"
Deleting file ".\ARM_GCC_541\Debug\probe_rs232_os.o"
Deleting file ".\ARM_GCC_541\Debug\probe_rs232.o"
Deleting file ".\ARM_GCC_541\Debug\probe_com.o"
Deleting file ".\ARM_GCC_541\Debug\cyfitter_cfg.o"
Deleting file ".\ARM_GCC_541\Debug\LED_Status.o"
Deleting file ".\ARM_GCC_541\Debug\LED_Status_PM.o"
Deleting file ".\ARM_GCC_541\Debug\LED.o"
Deleting file ".\ARM_GCC_541\Debug\LCD_Disp.o"
Deleting file ".\ARM_GCC_541\Debug\LCD_Disp_PM.o"
Deleting file ".\ARM_GCC_541\Debug\LCD_Disp_LCDPort.o"
Deleting file ".\ARM_GCC_541\Debug\Cm3Start.o"
Deleting file ".\ARM_GCC_541\Debug\CyBootAsmGnu.o"
Deleting file ".\ARM_GCC_541\Debug\CyDmac.o"
Deleting file ".\ARM_GCC_541\Debug\CyFlash.o"
Deleting file ".\ARM_GCC_541\Debug\CyLib.o"
Deleting file ".\ARM_GCC_541\Debug\cyPm.o"
Deleting file ".\ARM_GCC_541\Debug\CySpc.o"
Deleting file ".\ARM_GCC_541\Debug\cyutils.o"
Deleting file ".\ARM_GCC_541\Debug\ProbeUART.o"
Deleting file ".\ARM_GCC_541\Debug\ProbeUART_PM.o"
Deleting file ".\ARM_GCC_541\Debug\ProbeUART_INT.o"
Deleting file ".\ARM_GCC_541\Debug\ProbeUART_BOOT.o"
Deleting file ".\ARM_GCC_541\Debug\ProbeUART_TxISR.o"
Deleting file ".\ARM_GCC_541\Debug\ProbeUART_RxISR.o"
Deleting file ".\ARM_GCC_541\Debug\PB_2.o"
Deleting file ".\ARM_GCC_541\Debug\PB_3.o"
Deleting file ".\ARM_GCC_541\Debug\ProbeUART_Tx.o"
Deleting file ".\ARM_GCC_541\Debug\ProbeUART_Rx.o"
Deleting file ".\ARM_GCC_541\Debug\cymetadata.o"
Deleting file ".\ARM_GCC_541\Debug\ProbeUART_IntClock.o"
Deleting file ".\ARM_GCC_541\Debug\cy_em_eeprom.o"
Deleting file ".\ARM_GCC_541\Debug\uCOS-III-Probe.map"
Deleting file ".\uCOS-III-Probe.cycdx"
Deleting file ".\uCOS-III-Probe.svd"
Deleting file ".\uCOS-III-Probe.rpt"
Deleting file ".\uCOS-III-Probe_timing.html"
Deleting file ".\ARM_GCC_541\Debug\.deps\SOURCE_C__ARM_GCC_GENERIC.P"
Deleting file ".\ARM_GCC_541\Debug\.deps\SOURCE_ASM__ARM_GCC_GENERIC.P"
cydsfit.exe -.appdatapath "C:\Users\alex\AppData\Local\Cypress Semiconductor\PSoC Creator\4.4" -.fdsnotice -.fdswarpdepfile=warp_dependencies.txt -.fdselabdepfile=elab_dependencies.txt -.fdsbldfile=generated_files.txt -.fdsreffile=referenced_files.txt -p H:\BCC722-RTOS-moinho\UCoS\Micrium_2\Software\EvalBoards\Cypress\CY8CKIT-050\PSoC\uCOS-III-Probe\uCOS-III-Probe.cydsn\uCOS-III-Probe.cyprj -d CY8C5868AXI-LP032 -s H:\BCC722-RTOS-moinho\UCoS\Micrium_2\Software\EvalBoards\Cypress\CY8CKIT-050\PSoC\uCOS-III-Probe\uCOS-III-Probe.cydsn\Generated_Source\PSoC5 -- -yv2 -q10 -ygs -o2 -v3 -.fftcfgtype=LE
Elaborating Design...
HDL Generation...
Synthesis...
Tech Mapping...
Analog Placement...
Analog Routing...
Analog Code Generation...
Digital Placement...
Digital Routing...
Bitstream Generation...
Bitstream Verification...
Static timing analysis...
Warning: sta.M0021: uCOS-III-Probe_timing.html: Warning-1350: Asynchronous path(s) exist from "ClockBlock/clk_bus_glb" to "ClockBlock/dclk_glb_0". See the timing report for details. (File=H:\BCC722-RTOS-moinho\UCoS\Micrium_2\Software\EvalBoards\Cypress\CY8CKIT-050\PSoC\uCOS-III-Probe\uCOS-III-Probe.cydsn\uCOS-III-Probe_timing.html)
API Generation...
Dependency Generation...
Cleanup...
arm-none-eabi-gcc.exe -mcpu=cortex-m3 -mthumb -I..\..\uCOS-III-Probe -I..\..\BSP -I..\..\BSP\OS\uCOS-III -I..\..\..\..\..\..\uC-CPU\ARM-Cortex-M3\GNU -I..\..\..\..\..\..\uC-CPU -I..\..\..\..\..\..\uC-LIB -I..\..\..\..\..\..\uCOS-III\Source -I..\..\..\..\..\..\uCOS-III\Ports\ARM-Cortex-M3\Generic\GNU -I..\..\..\..\..\..\uC-Probe\Target\Communication\Generic\OS\uCOS-III -I..\..\..\..\..\..\uC-Probe\Target\Communication\Generic\RS-232\OS\uCOS-III -I..\..\..\..\..\..\uC-Probe\Target\Communication\Generic\RS-232\Ports\Cypress\PSoC5 -I..\..\..\..\..\..\uC-Probe\Target\Communication\Generic\RS-232\Source -I..\..\..\..\..\..\uC-Probe\Target\Communication\Generic\Source -I. -IGenerated_Source\PSoC5 -Wa,-alh=.\ARM_GCC_541\Debug/app_probe.lst -g -ffunction-sections -ffat-lto-objects -O0 -c ..\app_probe.c -o .\ARM_GCC_541\Debug\app_probe.o
In file included from ..\..\uCOS-III-Probe/app_probe.h:39:0,
                 from ..\app_probe.c:39:
..\app_probe.c: In function 'App_ProbeInit':
..\..\uCOS-III-Probe/app_cfg.h:137:57: warning: implicit declaration of function 'printf' [-Wimplicit-function-declaration]
 #define  APP_TRACE                                      printf
                                                         ^
..\..\uCOS-III-Probe/app_cfg.h:139:88: note: in expansion of macro 'APP_TRACE'
 #define  APP_TRACE_INFO(x)            ((APP_TRACE_LEVEL >= TRACE_LEVEL_INFO)  ? (void)(APP_TRACE x) : (void)0)
                                                                                        ^
..\app_probe.c:94:5: note: in expansion of macro 'APP_TRACE_INFO'
     APP_TRACE_INFO(("Initializing uC/Probe ... \n\r"));    
     ^
..\..\uCOS-III-Probe/app_cfg.h:137:57: warning: incompatible implicit declaration of built-in function 'printf'
 #define  APP_TRACE                                      printf
                                                         ^
..\..\uCOS-III-Probe/app_cfg.h:139:88: note: in expansion of macro 'APP_TRACE'
 #define  APP_TRACE_INFO(x)            ((APP_TRACE_LEVEL >= TRACE_LEVEL_INFO)  ? (void)(APP_TRACE x) : (void)0)
                                                                                        ^
..\app_probe.c:94:5: note: in expansion of macro 'APP_TRACE_INFO'
     APP_TRACE_INFO(("Initializing uC/Probe ... \n\r"));    
     ^
..\..\uCOS-III-Probe/app_cfg.h:137:57: note: include '<stdio.h>' or provide a declaration of 'printf'
 #define  APP_TRACE                                      printf
                                                         ^
..\..\uCOS-III-Probe/app_cfg.h:139:88: note: in expansion of macro 'APP_TRACE'
 #define  APP_TRACE_INFO(x)            ((APP_TRACE_LEVEL >= TRACE_LEVEL_INFO)  ? (void)(APP_TRACE x) : (void)0)
                                                                                        ^
..\app_probe.c:94:5: note: in expansion of macro 'APP_TRACE_INFO'
     APP_TRACE_INFO(("Initializing uC/Probe ... \n\r"));    
     ^
arm-none-eabi-gcc.exe -mcpu=cortex-m3 -mthumb -I..\..\uCOS-III-Probe -I..\..\BSP -I..\..\BSP\OS\uCOS-III -I..\..\..\..\..\..\uC-CPU\ARM-Cortex-M3\GNU -I..\..\..\..\..\..\uC-CPU -I..\..\..\..\..\..\uC-LIB -I..\..\..\..\..\..\uCOS-III\Source -I..\..\..\..\..\..\uCOS-III\Ports\ARM-Cortex-M3\Generic\GNU -I..\..\..\..\..\..\uC-Probe\Target\Communication\Generic\OS\uCOS-III -I..\..\..\..\..\..\uC-Probe\Target\Communication\Generic\RS-232\OS\uCOS-III -I..\..\..\..\..\..\uC-Probe\Target\Communication\Generic\RS-232\Ports\Cypress\PSoC5 -I..\..\..\..\..\..\uC-Probe\Target\Communication\Generic\RS-232\Source -I..\..\..\..\..\..\uC-Probe\Target\Communication\Generic\Source -I. -IGenerated_Source\PSoC5 -Wa,-alh=.\ARM_GCC_541\Debug/app.lst -g -ffunction-sections -ffat-lto-objects -O0 -c ..\app.c -o .\ARM_GCC_541\Debug\app.o
..\app.c: In function 'se_indut_porta_Handler':
..\app.c:147:5: warning: implicit declaration of function 'se_indut_porta_ClearInterrupt' [-Wimplicit-function-declaration]
     se_indut_porta_ClearInterrupt();                // limpa flag de interrupçao
     ^
..\app.c: In function 'se_indut_motor_Handler':
..\app.c:162:5: warning: implicit declaration of function 'se_indut_motor_ClearInterrupt' [-Wimplicit-function-declaration]
     se_indut_motor_ClearInterrupt();                // limpa flag de interrupçao
     ^
..\app.c: In function 'bt_emerg_int_Handler':
..\app.c:175:5: warning: implicit declaration of function 'bt_emerg_ClearInterrupt' [-Wimplicit-function-declaration]
     bt_emerg_ClearInterrupt();                      // limpa flag de interrupçao
     ^
..\app.c: In function 'main':
..\app.c:202:5: warning: implicit declaration of function 'se_indut_porta_int_StartEx' [-Wimplicit-function-declaration]
     se_indut_porta_int_StartEx(se_indut_porta_Handler);         // habilita ISR do pino
     ^
..\app.c:203:5: warning: implicit declaration of function 'se_indut_motor_int_StartEx' [-Wimplicit-function-declaration]
     se_indut_motor_int_StartEx(se_indut_motor_Handler);         // habilita ISR do pino
     ^
..\app.c:204:5: warning: implicit declaration of function 'bt_emerg_int_StartEx' [-Wimplicit-function-declaration]
     bt_emerg_int_StartEx(bt_emerg_int_Handler);                 // habilita ISR do pino
     ^
..\app.c: In function 'App_Task_Ihm':
..\app.c:416:14: warning: implicit declaration of function 'bt_liga_Read' [-Wimplicit-function-declaration]
         if((!bt_liga_Read()) && (!emerg) && (!rearme) && (!alerta)){   // botoeira liga pressionada    
              ^
..\app.c:420:13: warning: implicit declaration of function 'bt_desl_Read' [-Wimplicit-function-declaration]
         if(!bt_desl_Read()){                                            // botoeira desliga pressionada
             ^
..\app.c:424:13: warning: implicit declaration of function 'bt_rearme_Read' [-Wimplicit-function-declaration]
         if(!bt_rearme_Read() && (!emerg) && (!rearme) && (!alerta)){    // remocao de rearme se nao cond. adver. / alerta e emerg. ativos   
             ^
..\app.c: In function 'App_Task_Emerg':
..\app.c:442:12: warning: implicit declaration of function 'bt_emerg_Read' [-Wimplicit-function-declaration]
         if(bt_emerg_Read()){                                // se o botao foi liberado libera a emergencia
            ^
..\app.c: In function 'App_Task_Sen_Mec':
..\app.c:463:13: warning: implicit declaration of function 'si_alerta_Write' [-Wimplicit-function-declaration]
             si_alerta_Write(1);                             // ativa sinaleira de emerg.
             ^
..\app.c:464:13: warning: implicit declaration of function 'ct_motor_Write' [-Wimplicit-function-declaration]
             ct_motor_Write(0);                              // desliga contator do motor
             ^
..\app.c: In function 'App_Task_Sen_Temp':
..\app.c:490:5: warning: implicit declaration of function 'ADC_SAR_Seq_Start' [-Wimplicit-function-declaration]
     ADC_SAR_Seq_Start();
     ^
..\app.c:495:5: warning: implicit declaration of function 'ADC_SAR_Seq_StartConvert' [-Wimplicit-function-declaration]
     ADC_SAR_Seq_StartConvert();
     ^
..\app.c:499:9: warning: implicit declaration of function 'ADC_SAR_Seq_IsEndConversion' [-Wimplicit-function-declaration]
         ADC_SAR_Seq_IsEndConversion(ADC_SAR_Seq_WAIT_FOR_RESULT);
         ^
..\app.c:499:37: error: 'ADC_SAR_Seq_WAIT_FOR_RESULT' undeclared (first use in this function)
         ADC_SAR_Seq_IsEndConversion(ADC_SAR_Seq_WAIT_FOR_RESULT);
                                     ^
..\app.c:499:37: note: each undeclared identifier is reported only once for each function it appears in
..\app.c:501:17: warning: implicit declaration of function 'ADC_SAR_Seq_GetResult16' [-Wimplicit-function-declaration]
         temp1 = ADC_SAR_Seq_GetResult16(0u);
                 ^
..\app.c:515:12: warning: implicit declaration of function 'bt_test_Read' [-Wimplicit-function-declaration]
         if(bt_test_Read()){
            ^
..\app.c: In function 'App_Task_Display':
..\app.c:560:9: warning: implicit declaration of function 'LCD_ClearDisplay' [-Wimplicit-function-declaration]
         LCD_ClearDisplay();
         ^
The command 'arm-none-eabi-gcc.exe' failed with exit code '1'.
..\app.c:561:9: warning: implicit declaration of function 'LCD_Position' [-Wimplicit-function-declaration]
         LCD_Position(0u,0u); 
         ^
..\app.c:562:9: warning: implicit declaration of function 'LCD_PrintString' [-Wimplicit-function-declaration]
         LCD_PrintString("TEMP QUADRO: ");
         ^
..\app.c: In function 'statusMotor':
..\app.c:764:9: warning: implicit declaration of function 'si_liga_Write' [-Wimplicit-function-declaration]
         si_liga_Write(LIGA);   // liga sinaleira motor liga
         ^
..\app.c:765:9: warning: implicit declaration of function 'si_desl_Write' [-Wimplicit-function-declaration]
         si_desl_Write(DESL);   // desl sinaleira motor desl
         ^
..\app.c: In function 'statusRearme':
..\app.c:780:9: warning: implicit declaration of function 'si_rearme_Write' [-Wimplicit-function-declaration]
         si_rearme_Write(LIGA);  // liga sinaleira rearme
         ^
..\app.c: In function 'statusEmerg':
..\app.c:794:9: warning: implicit declaration of function 'si_emerg_Write' [-Wimplicit-function-declaration]
         si_emerg_Write(LIGA);   // liga sinaleira emerg
         ^
--------------- Rebuild Failed: 10/22/2022 21:37:01 ---------------
