ARM GAS  C:\Users\Aluno\AppData\Local\Temp\cc14ebYg.s 			page 1


   1              		.syntax unified
   2              		.cpu cortex-m3
   3              		.fpu softvfp
   4              		.eabi_attribute 20, 1
   5              		.eabi_attribute 21, 1
   6              		.eabi_attribute 23, 3
   7              		.eabi_attribute 24, 1
   8              		.eabi_attribute 25, 1
   9              		.eabi_attribute 26, 1
  10              		.eabi_attribute 30, 6
  11              		.eabi_attribute 34, 1
  12              		.eabi_attribute 18, 4
  13              		.thumb
  14              		.syntax unified
  15              		.file	"cymetadata.c"
  16              		.text
  17              	.Ltext0:
  18              		.cfi_sections	.debug_frame
  19              		.global	cy_meta_configecc
  20              		.section	.cyconfigecc,"a",%progbits
  21              		.align	2
  22              		.type	cy_meta_configecc, %object
  23              		.size	cy_meta_configecc, 912
  24              	cy_meta_configecc:
  25 0000 03       		.byte	3
  26 0001 52       		.byte	82
  27 0002 00       		.byte	0
  28 0003 40       		.byte	64
  29 0004 03       		.byte	3
  30 0005 64       		.byte	100
  31 0006 00       		.byte	0
  32 0007 40       		.byte	64
  33 0008 06       		.byte	6
  34 0009 00       		.byte	0
  35 000a 01       		.byte	1
  36 000b 40       		.byte	64
  37 000c 2D       		.byte	45
  38 000d 01       		.byte	1
  39 000e 01       		.byte	1
  40 000f 40       		.byte	64
  41 0010 45       		.byte	69
  42 0011 02       		.byte	2
  43 0012 01       		.byte	1
  44 0013 40       		.byte	64
  45 0014 3E       		.byte	62
  46 0015 03       		.byte	3
  47 0016 01       		.byte	1
  48 0017 40       		.byte	64
  49 0018 3C       		.byte	60
  50 0019 04       		.byte	4
  51 001a 01       		.byte	1
  52 001b 40       		.byte	64
  53 001c 31       		.byte	49
  54 001d 05       		.byte	5
  55 001e 01       		.byte	1
  56 001f 40       		.byte	64
  57 0020 01       		.byte	1
ARM GAS  C:\Users\Aluno\AppData\Local\Temp\cc14ebYg.s 			page 2


  58 0021 07       		.byte	7
  59 0022 01       		.byte	1
  60 0023 40       		.byte	64
  61 0024 01       		.byte	1
  62 0025 0B       		.byte	11
  63 0026 01       		.byte	1
  64 0027 40       		.byte	64
  65 0028 03       		.byte	3
  66 0029 40       		.byte	64
  67 002a 01       		.byte	1
  68 002b 40       		.byte	64
  69 002c 0A       		.byte	10
  70 002d 41       		.byte	65
  71 002e 01       		.byte	1
  72 002f 40       		.byte	64
  73 0030 03       		.byte	3
  74 0031 42       		.byte	66
  75 0032 01       		.byte	1
  76 0033 40       		.byte	64
  77 0034 02       		.byte	2
  78 0035 43       		.byte	67
  79 0036 01       		.byte	1
  80 0037 40       		.byte	64
  81 0038 02       		.byte	2
  82 0039 44       		.byte	68
  83 003a 01       		.byte	1
  84 003b 40       		.byte	64
  85 003c 01       		.byte	1
  86 003d 45       		.byte	69
  87 003e 01       		.byte	1
  88 003f 40       		.byte	64
  89 0040 03       		.byte	3
  90 0041 46       		.byte	70
  91 0042 01       		.byte	1
  92 0043 40       		.byte	64
  93 0044 05       		.byte	5
  94 0045 50       		.byte	80
  95 0046 01       		.byte	1
  96 0047 40       		.byte	64
  97 0048 01       		.byte	1
  98 0049 51       		.byte	81
  99 004a 01       		.byte	1
 100 004b 40       		.byte	64
 101 004c 31       		.byte	49
 102 004d 04       		.byte	4
 103 004e 34       		.byte	52
 104 004f 02       		.byte	2
 105 0050 7C       		.byte	124
 106 0051 20       		.byte	32
 107 0052 81       		.byte	-127
 108 0053 72       		.byte	114
 109 0054 82       		.byte	-126
 110 0055 0F       		.byte	15
 111 0056 83       		.byte	-125
 112 0057 38       		.byte	56
 113 0058 12       		.byte	18
 114 0059 01       		.byte	1
ARM GAS  C:\Users\Aluno\AppData\Local\Temp\cc14ebYg.s 			page 3


 115 005a 26       		.byte	38
 116 005b 01       		.byte	1
 117 005c 36       		.byte	54
 118 005d 01       		.byte	1
 119 005e 3E       		.byte	62
 120 005f 40       		.byte	64
 121 0060 58       		.byte	88
 122 0061 04       		.byte	4
 123 0062 5F       		.byte	95
 124 0063 01       		.byte	1
 125 0064 04       		.byte	4
 126 0065 20       		.byte	32
 127 0066 05       		.byte	5
 128 0067 40       		.byte	64
 129 0068 07       		.byte	7
 130 0069 50       		.byte	80
 131 006a 09       		.byte	9
 132 006b 01       		.byte	1
 133 006c 0E       		.byte	14
 134 006d AA       		.byte	-86
 135 006e 10       		.byte	16
 136 006f 20       		.byte	32
 137 0070 14       		.byte	20
 138 0071 02       		.byte	2
 139 0072 17       		.byte	23
 140 0073 2A       		.byte	42
 141 0074 18       		.byte	24
 142 0075 01       		.byte	1
 143 0076 1D       		.byte	29
 144 0077 08       		.byte	8
 145 0078 1E       		.byte	30
 146 0079 6A       		.byte	106
 147 007a 1F       		.byte	31
 148 007b 28       		.byte	40
 149 007c 24       		.byte	36
 150 007d 30       		.byte	48
 151 007e 25       		.byte	37
 152 007f 01       		.byte	1
 153 0080 26       		.byte	38
 154 0081 20       		.byte	32
 155 0082 27       		.byte	39
 156 0083 01       		.byte	1
 157 0084 2F       		.byte	47
 158 0085 A9       		.byte	-87
 159 0086 36       		.byte	54
 160 0087 81       		.byte	-127
 161 0088 37       		.byte	55
 162 0089 28       		.byte	40
 163 008a 3C       		.byte	60
 164 008b 10       		.byte	16
 165 008c 3D       		.byte	61
 166 008d 08       		.byte	8
 167 008e 3E       		.byte	62
 168 008f 02       		.byte	2
 169 0090 45       		.byte	69
 170 0091 19       		.byte	25
 171 0092 4C       		.byte	76
ARM GAS  C:\Users\Aluno\AppData\Local\Temp\cc14ebYg.s 			page 4


 172 0093 20       		.byte	32
 173 0094 4E       		.byte	78
 174 0095 09       		.byte	9
 175 0096 54       		.byte	84
 176 0097 10       		.byte	16
 177 0098 59       		.byte	89
 178 0099 02       		.byte	2
 179 009a 5A       		.byte	90
 180 009b 02       		.byte	2
 181 009c 5E       		.byte	94
 182 009d 40       		.byte	64
 183 009e 6D       		.byte	109
 184 009f 80       		.byte	-128
 185 00a0 6E       		.byte	110
 186 00a1 04       		.byte	4
 187 00a2 6F       		.byte	111
 188 00a3 04       		.byte	4
 189 00a4 76       		.byte	118
 190 00a5 02       		.byte	2
 191 00a6 77       		.byte	119
 192 00a7 2A       		.byte	42
 193 00a8 81       		.byte	-127
 194 00a9 02       		.byte	2
 195 00aa 82       		.byte	-126
 196 00ab 04       		.byte	4
 197 00ac C0       		.byte	-64
 198 00ad F0       		.byte	-16
 199 00ae C2       		.byte	-62
 200 00af F8       		.byte	-8
 201 00b0 C4       		.byte	-60
 202 00b1 F4       		.byte	-12
 203 00b2 CA       		.byte	-54
 204 00b3 F0       		.byte	-16
 205 00b4 CC       		.byte	-52
 206 00b5 F0       		.byte	-16
 207 00b6 CE       		.byte	-50
 208 00b7 E0       		.byte	-32
 209 00b8 D0       		.byte	-48
 210 00b9 E0       		.byte	-32
 211 00ba D2       		.byte	-46
 212 00bb 30       		.byte	48
 213 00bc D6       		.byte	-42
 214 00bd 10       		.byte	16
 215 00be 02       		.byte	2
 216 00bf 10       		.byte	16
 217 00c0 04       		.byte	4
 218 00c1 11       		.byte	17
 219 00c2 06       		.byte	6
 220 00c3 06       		.byte	6
 221 00c4 08       		.byte	8
 222 00c5 E0       		.byte	-32
 223 00c6 0C       		.byte	12
 224 00c7 20       		.byte	32
 225 00c8 0D       		.byte	13
 226 00c9 10       		.byte	16
 227 00ca 0E       		.byte	14
 228 00cb C0       		.byte	-64
ARM GAS  C:\Users\Aluno\AppData\Local\Temp\cc14ebYg.s 			page 5


 229 00cc 10       		.byte	16
 230 00cd 40       		.byte	64
 231 00ce 12       		.byte	18
 232 00cf 20       		.byte	32
 233 00d0 14       		.byte	20
 234 00d1 11       		.byte	17
 235 00d2 15       		.byte	21
 236 00d3 13       		.byte	19
 237 00d4 16       		.byte	22
 238 00d5 0E       		.byte	14
 239 00d6 18       		.byte	24
 240 00d7 E0       		.byte	-32
 241 00d8 1D       		.byte	29
 242 00d9 01       		.byte	1
 243 00da 1E       		.byte	30
 244 00db 13       		.byte	19
 245 00dc 1F       		.byte	31
 246 00dd 0A       		.byte	10
 247 00de 20       		.byte	32
 248 00df 0C       		.byte	12
 249 00e0 22       		.byte	34
 250 00e1 13       		.byte	19
 251 00e2 23       		.byte	35
 252 00e3 04       		.byte	4
 253 00e4 25       		.byte	37
 254 00e5 13       		.byte	19
 255 00e6 26       		.byte	38
 256 00e7 0C       		.byte	12
 257 00e8 2A       		.byte	42
 258 00e9 08       		.byte	8
 259 00ea 2C       		.byte	44
 260 00eb 80       		.byte	-128
 261 00ec 2D       		.byte	45
 262 00ed 02       		.byte	2
 263 00ee 2E       		.byte	46
 264 00ef 20       		.byte	32
 265 00f0 2F       		.byte	47
 266 00f1 29       		.byte	41
 267 00f2 30       		.byte	48
 268 00f3 10       		.byte	16
 269 00f4 31       		.byte	49
 270 00f5 20       		.byte	32
 271 00f6 32       		.byte	50
 272 00f7 0F       		.byte	15
 273 00f8 33       		.byte	51
 274 00f9 10       		.byte	16
 275 00fa 34       		.byte	52
 276 00fb 0F       		.byte	15
 277 00fc 35       		.byte	53
 278 00fd 0C       		.byte	12
 279 00fe 36       		.byte	54
 280 00ff E0       		.byte	-32
 281 0100 37       		.byte	55
 282 0101 03       		.byte	3
 283 0102 3A       		.byte	58
 284 0103 28       		.byte	40
 285 0104 3E       		.byte	62
ARM GAS  C:\Users\Aluno\AppData\Local\Temp\cc14ebYg.s 			page 6


 286 0105 01       		.byte	1
 287 0106 3F       		.byte	63
 288 0107 10       		.byte	16
 289 0108 40       		.byte	64
 290 0109 24       		.byte	36
 291 010a 41       		.byte	65
 292 010b 03       		.byte	3
 293 010c 45       		.byte	69
 294 010d CE       		.byte	-50
 295 010e 46       		.byte	70
 296 010f 0B       		.byte	11
 297 0110 48       		.byte	72
 298 0111 07       		.byte	7
 299 0112 49       		.byte	73
 300 0113 FF       		.byte	-1
 301 0114 4A       		.byte	74
 302 0115 FF       		.byte	-1
 303 0116 4B       		.byte	75
 304 0117 FF       		.byte	-1
 305 0118 4E       		.byte	78
 306 0119 F0       		.byte	-16
 307 011a 4F       		.byte	79
 308 011b 44       		.byte	68
 309 011c 50       		.byte	80
 310 011d 0C       		.byte	12
 311 011e 54       		.byte	84
 312 011f 01       		.byte	1
 313 0120 56       		.byte	86
 314 0121 04       		.byte	4
 315 0122 58       		.byte	88
 316 0123 04       		.byte	4
 317 0124 59       		.byte	89
 318 0125 04       		.byte	4
 319 0126 5A       		.byte	90
 320 0127 04       		.byte	4
 321 0128 5B       		.byte	91
 322 0129 04       		.byte	4
 323 012a 5F       		.byte	95
 324 012b 01       		.byte	1
 325 012c 66       		.byte	102
 326 012d C0       		.byte	-64
 327 012e 6A       		.byte	106
 328 012f 40       		.byte	64
 329 0130 6B       		.byte	107
 330 0131 02       		.byte	2
 331 0132 8A       		.byte	-118
 332 0133 01       		.byte	1
 333 0134 94       		.byte	-108
 334 0135 02       		.byte	2
 335 0136 A6       		.byte	-90
 336 0137 01       		.byte	1
 337 0138 B2       		.byte	-78
 338 0139 02       		.byte	2
 339 013a B4       		.byte	-76
 340 013b 01       		.byte	1
 341 013c BE       		.byte	-66
 342 013d 14       		.byte	20
ARM GAS  C:\Users\Aluno\AppData\Local\Temp\cc14ebYg.s 			page 7


 343 013e D4       		.byte	-44
 344 013f 18       		.byte	24
 345 0140 D6       		.byte	-42
 346 0141 04       		.byte	4
 347 0142 D8       		.byte	-40
 348 0143 04       		.byte	4
 349 0144 DB       		.byte	-37
 350 0145 04       		.byte	4
 351 0146 DF       		.byte	-33
 352 0147 01       		.byte	1
 353 0148 00       		.byte	0
 354 0149 20       		.byte	32
 355 014a 05       		.byte	5
 356 014b 42       		.byte	66
 357 014c 07       		.byte	7
 358 014d 24       		.byte	36
 359 014e 0A       		.byte	10
 360 014f 20       		.byte	32
 361 0150 0B       		.byte	11
 362 0151 20       		.byte	32
 363 0152 0C       		.byte	12
 364 0153 40       		.byte	64
 365 0154 0E       		.byte	14
 366 0155 A4       		.byte	-92
 367 0156 0F       		.byte	15
 368 0157 02       		.byte	2
 369 0158 12       		.byte	18
 370 0159 20       		.byte	32
 371 015a 14       		.byte	20
 372 015b 02       		.byte	2
 373 015c 16       		.byte	22
 374 015d 48       		.byte	72
 375 015e 17       		.byte	23
 376 015f 08       		.byte	8
 377 0160 18       		.byte	24
 378 0161 04       		.byte	4
 379 0162 19       		.byte	25
 380 0163 08       		.byte	8
 381 0164 1D       		.byte	29
 382 0165 60       		.byte	96
 383 0166 1E       		.byte	30
 384 0167 50       		.byte	80
 385 0168 1F       		.byte	31
 386 0169 80       		.byte	-128
 387 016a 25       		.byte	37
 388 016b 14       		.byte	20
 389 016c 26       		.byte	38
 390 016d C8       		.byte	-56
 391 016e 27       		.byte	39
 392 016f 50       		.byte	80
 393 0170 2E       		.byte	46
 394 0171 04       		.byte	4
 395 0172 2F       		.byte	47
 396 0173 81       		.byte	-127
 397 0174 36       		.byte	54
 398 0175 80       		.byte	-128
 399 0176 37       		.byte	55
ARM GAS  C:\Users\Aluno\AppData\Local\Temp\cc14ebYg.s 			page 8


 400 0177 04       		.byte	4
 401 0178 3D       		.byte	61
 402 0179 80       		.byte	-128
 403 017a 44       		.byte	68
 404 017b 40       		.byte	64
 405 017c 45       		.byte	69
 406 017d 08       		.byte	8
 407 017e 47       		.byte	71
 408 017f 20       		.byte	32
 409 0180 4D       		.byte	77
 410 0181 02       		.byte	2
 411 0182 4E       		.byte	78
 412 0183 10       		.byte	16
 413 0184 56       		.byte	86
 414 0185 80       		.byte	-128
 415 0186 5B       		.byte	91
 416 0187 01       		.byte	1
 417 0188 5D       		.byte	93
 418 0189 18       		.byte	24
 419 018a 5E       		.byte	94
 420 018b 40       		.byte	64
 421 018c 5F       		.byte	95
 422 018d 02       		.byte	2
 423 018e 60       		.byte	96
 424 018f 05       		.byte	5
 425 0190 61       		.byte	97
 426 0191 02       		.byte	2
 427 0192 66       		.byte	102
 428 0193 02       		.byte	2
 429 0194 82       		.byte	-126
 430 0195 02       		.byte	2
 431 0196 85       		.byte	-123
 432 0197 02       		.byte	2
 433 0198 90       		.byte	-112
 434 0199 01       		.byte	1
 435 019a 92       		.byte	-110
 436 019b 04       		.byte	4
 437 019c 97       		.byte	-105
 438 019d 02       		.byte	2
 439 019e 9B       		.byte	-101
 440 019f 05       		.byte	5
 441 01a0 9C       		.byte	-100
 442 01a1 02       		.byte	2
 443 01a2 9D       		.byte	-99
 444 01a3 40       		.byte	64
 445 01a4 9F       		.byte	-97
 446 01a5 50       		.byte	80
 447 01a6 A0       		.byte	-96
 448 01a7 10       		.byte	16
 449 01a8 A1       		.byte	-95
 450 01a9 40       		.byte	64
 451 01aa A2       		.byte	-94
 452 01ab 20       		.byte	32
 453 01ac A5       		.byte	-91
 454 01ad 14       		.byte	20
 455 01ae A6       		.byte	-90
 456 01af C8       		.byte	-56
ARM GAS  C:\Users\Aluno\AppData\Local\Temp\cc14ebYg.s 			page 9


 457 01b0 A7       		.byte	-89
 458 01b1 80       		.byte	-128
 459 01b2 C0       		.byte	-64
 460 01b3 F2       		.byte	-14
 461 01b4 C2       		.byte	-62
 462 01b5 F4       		.byte	-12
 463 01b6 C4       		.byte	-60
 464 01b7 F4       		.byte	-12
 465 01b8 CA       		.byte	-54
 466 01b9 D0       		.byte	-48
 467 01ba CC       		.byte	-52
 468 01bb 50       		.byte	80
 469 01bc CE       		.byte	-50
 470 01bd 10       		.byte	16
 471 01be D0       		.byte	-48
 472 01bf E0       		.byte	-32
 473 01c0 D6       		.byte	-42
 474 01c1 F1       		.byte	-15
 475 01c2 D8       		.byte	-40
 476 01c3 8D       		.byte	-115
 477 01c4 0D       		.byte	13
 478 01c5 01       		.byte	1
 479 01c6 37       		.byte	55
 480 01c7 01       		.byte	1
 481 01c8 3F       		.byte	63
 482 01c9 40       		.byte	64
 483 01ca 59       		.byte	89
 484 01cb 04       		.byte	4
 485 01cc 5F       		.byte	95
 486 01cd 01       		.byte	1
 487 01ce 81       		.byte	-127
 488 01cf 80       		.byte	-128
 489 01d0 83       		.byte	-125
 490 01d1 15       		.byte	21
 491 01d2 84       		.byte	-124
 492 01d3 10       		.byte	16
 493 01d4 86       		.byte	-122
 494 01d5 AC       		.byte	-84
 495 01d6 88       		.byte	-120
 496 01d7 09       		.byte	9
 497 01d8 89       		.byte	-119
 498 01d9 2A       		.byte	42
 499 01da 8A       		.byte	-118
 500 01db D0       		.byte	-48
 501 01dc 8B       		.byte	-117
 502 01dd 44       		.byte	68
 503 01de 8E       		.byte	-114
 504 01df 03       		.byte	3
 505 01e0 91       		.byte	-111
 506 01e1 03       		.byte	3
 507 01e2 93       		.byte	-109
 508 01e3 04       		.byte	4
 509 01e4 94       		.byte	-108
 510 01e5 DC       		.byte	-36
 511 01e6 96       		.byte	-106
 512 01e7 22       		.byte	34
 513 01e8 97       		.byte	-105
ARM GAS  C:\Users\Aluno\AppData\Local\Temp\cc14ebYg.s 			page 10


 514 01e9 08       		.byte	8
 515 01ea 98       		.byte	-104
 516 01eb 0C       		.byte	12
 517 01ec 99       		.byte	-103
 518 01ed 73       		.byte	115
 519 01ee 9A       		.byte	-102
 520 01ef 71       		.byte	113
 521 01f0 9B       		.byte	-101
 522 01f1 0C       		.byte	12
 523 01f2 9E       		.byte	-98
 524 01f3 20       		.byte	32
 525 01f4 A0       		.byte	-96
 526 01f5 14       		.byte	20
 527 01f6 A5       		.byte	-91
 528 01f7 73       		.byte	115
 529 01f8 A7       		.byte	-89
 530 01f9 04       		.byte	4
 531 01fa A8       		.byte	-88
 532 01fb 10       		.byte	16
 533 01fc AA       		.byte	-86
 534 01fd 40       		.byte	64
 535 01fe B0       		.byte	-80
 536 01ff 1F       		.byte	31
 537 0200 B1       		.byte	-79
 538 0201 30       		.byte	48
 539 0202 B2       		.byte	-78
 540 0203 E0       		.byte	-32
 541 0204 B3       		.byte	-77
 542 0205 0F       		.byte	15
 543 0206 B4       		.byte	-76
 544 0207 E0       		.byte	-32
 545 0208 B5       		.byte	-75
 546 0209 C0       		.byte	-64
 547 020a B9       		.byte	-71
 548 020b 22       		.byte	34
 549 020c BA       		.byte	-70
 550 020d 28       		.byte	40
 551 020e BB       		.byte	-69
 552 020f 08       		.byte	8
 553 0210 BF       		.byte	-65
 554 0211 01       		.byte	1
 555 0212 C0       		.byte	-64
 556 0213 01       		.byte	1
 557 0214 C7       		.byte	-57
 558 0215 04       		.byte	4
 559 0216 C9       		.byte	-55
 560 0217 FF       		.byte	-1
 561 0218 CA       		.byte	-54
 562 0219 07       		.byte	7
 563 021a CB       		.byte	-53
 564 021b FF       		.byte	-1
 565 021c CC       		.byte	-52
 566 021d 40       		.byte	64
 567 021e CD       		.byte	-51
 568 021f 20       		.byte	32
 569 0220 CE       		.byte	-50
 570 0221 F0       		.byte	-16
ARM GAS  C:\Users\Aluno\AppData\Local\Temp\cc14ebYg.s 			page 11


 571 0222 CF       		.byte	-49
 572 0223 05       		.byte	5
 573 0224 D0       		.byte	-48
 574 0225 08       		.byte	8
 575 0226 D6       		.byte	-42
 576 0227 08       		.byte	8
 577 0228 D8       		.byte	-40
 578 0229 04       		.byte	4
 579 022a D9       		.byte	-39
 580 022b 04       		.byte	4
 581 022c DA       		.byte	-38
 582 022d 04       		.byte	4
 583 022e DB       		.byte	-37
 584 022f 04       		.byte	4
 585 0230 DD       		.byte	-35
 586 0231 90       		.byte	-112
 587 0232 DF       		.byte	-33
 588 0233 01       		.byte	1
 589 0234 E0       		.byte	-32
 590 0235 40       		.byte	64
 591 0236 E1       		.byte	-31
 592 0237 A8       		.byte	-88
 593 0238 E2       		.byte	-30
 594 0239 40       		.byte	64
 595 023a E3       		.byte	-29
 596 023b 20       		.byte	32
 597 023c 04       		.byte	4
 598 023d 40       		.byte	64
 599 023e 07       		.byte	7
 600 023f 28       		.byte	40
 601 0240 0E       		.byte	14
 602 0241 18       		.byte	24
 603 0242 0F       		.byte	15
 604 0243 02       		.byte	2
 605 0244 16       		.byte	22
 606 0245 88       		.byte	-120
 607 0246 1C       		.byte	28
 608 0247 40       		.byte	64
 609 0248 1D       		.byte	29
 610 0249 08       		.byte	8
 611 024a 1E       		.byte	30
 612 024b 28       		.byte	40
 613 024c 1F       		.byte	31
 614 024d 20       		.byte	32
 615 024e 23       		.byte	35
 616 024f 01       		.byte	1
 617 0250 27       		.byte	39
 618 0251 68       		.byte	104
 619 0252 2F       		.byte	47
 620 0253 20       		.byte	32
 621 0254 35       		.byte	53
 622 0255 02       		.byte	2
 623 0256 37       		.byte	55
 624 0257 28       		.byte	40
 625 0258 38       		.byte	56
 626 0259 40       		.byte	64
 627 025a 3E       		.byte	62
ARM GAS  C:\Users\Aluno\AppData\Local\Temp\cc14ebYg.s 			page 12


 628 025b 10       		.byte	16
 629 025c 3F       		.byte	63
 630 025d 02       		.byte	2
 631 025e 47       		.byte	71
 632 025f 40       		.byte	64
 633 0260 4F       		.byte	79
 634 0261 02       		.byte	2
 635 0262 56       		.byte	86
 636 0263 08       		.byte	8
 637 0264 5F       		.byte	95
 638 0265 40       		.byte	64
 639 0266 64       		.byte	100
 640 0267 02       		.byte	2
 641 0268 67       		.byte	103
 642 0269 02       		.byte	2
 643 026a 6C       		.byte	108
 644 026b 05       		.byte	5
 645 026c 8C       		.byte	-116
 646 026d 05       		.byte	5
 647 026e 92       		.byte	-110
 648 026f 10       		.byte	16
 649 0270 93       		.byte	-109
 650 0271 40       		.byte	64
 651 0272 97       		.byte	-105
 652 0273 02       		.byte	2
 653 0274 99       		.byte	-103
 654 0275 02       		.byte	2
 655 0276 9A       		.byte	-102
 656 0277 80       		.byte	-128
 657 0278 9C       		.byte	-100
 658 0279 02       		.byte	2
 659 027a 9E       		.byte	-98
 660 027b 08       		.byte	8
 661 027c 9F       		.byte	-97
 662 027d 28       		.byte	40
 663 027e A5       		.byte	-91
 664 027f 08       		.byte	8
 665 0280 A6       		.byte	-90
 666 0281 10       		.byte	16
 667 0282 A7       		.byte	-89
 668 0283 01       		.byte	1
 669 0284 AD       		.byte	-83
 670 0285 32       		.byte	50
 671 0286 AE       		.byte	-82
 672 0287 40       		.byte	64
 673 0288 AF       		.byte	-81
 674 0289 40       		.byte	64
 675 028a B3       		.byte	-77
 676 028b 12       		.byte	18
 677 028c C0       		.byte	-64
 678 028d E0       		.byte	-32
 679 028e C2       		.byte	-62
 680 028f E0       		.byte	-32
 681 0290 C4       		.byte	-60
 682 0291 50       		.byte	80
 683 0292 CA       		.byte	-54
 684 0293 40       		.byte	64
ARM GAS  C:\Users\Aluno\AppData\Local\Temp\cc14ebYg.s 			page 13


 685 0294 CC       		.byte	-52
 686 0295 E0       		.byte	-32
 687 0296 CE       		.byte	-50
 688 0297 A8       		.byte	-88
 689 0298 D0       		.byte	-48
 690 0299 10       		.byte	16
 691 029a D6       		.byte	-42
 692 029b 10       		.byte	16
 693 029c D8       		.byte	-40
 694 029d 10       		.byte	16
 695 029e AB       		.byte	-85
 696 029f 01       		.byte	1
 697 02a0 E0       		.byte	-32
 698 02a1 50       		.byte	80
 699 02a2 30       		.byte	48
 700 02a3 20       		.byte	32
 701 02a4 35       		.byte	53
 702 02a5 10       		.byte	16
 703 02a6 CC       		.byte	-52
 704 02a7 30       		.byte	48
 705 02a8 0E       		.byte	14
 706 02a9 80       		.byte	-128
 707 02aa 5B       		.byte	91
 708 02ab 04       		.byte	4
 709 02ac 81       		.byte	-127
 710 02ad 10       		.byte	16
 711 02ae 84       		.byte	-124
 712 02af 20       		.byte	32
 713 02b0 9D       		.byte	-99
 714 02b1 10       		.byte	16
 715 02b2 A4       		.byte	-92
 716 02b3 20       		.byte	32
 717 02b4 C2       		.byte	-62
 718 02b5 20       		.byte	32
 719 02b6 D6       		.byte	-42
 720 02b7 40       		.byte	64
 721 02b8 E2       		.byte	-30
 722 02b9 40       		.byte	64
 723 02ba E6       		.byte	-26
 724 02bb 20       		.byte	32
 725 02bc 9F       		.byte	-97
 726 02bd 04       		.byte	4
 727 02be AE       		.byte	-82
 728 02bf 40       		.byte	64
 729 02c0 EC       		.byte	-20
 730 02c1 40       		.byte	64
 731 02c2 AB       		.byte	-85
 732 02c3 04       		.byte	4
 733 02c4 EA       		.byte	-22
 734 02c5 80       		.byte	-128
 735 02c6 50       		.byte	80
 736 02c7 05       		.byte	5
 737 02c8 D4       		.byte	-44
 738 02c9 05       		.byte	5
 739 02ca 94       		.byte	-108
 740 02cb 0A       		.byte	10
 741 02cc 8C       		.byte	-116
ARM GAS  C:\Users\Aluno\AppData\Local\Temp\cc14ebYg.s 			page 14


 742 02cd 05       		.byte	5
 743 02ce 94       		.byte	-108
 744 02cf 0A       		.byte	10
 745 02d0 E0       		.byte	-32
 746 02d1 0A       		.byte	10
 747 02d2 00       		.byte	0
 748 02d3 01       		.byte	1
 749 02d4 01       		.byte	1
 750 02d5 01       		.byte	1
 751 02d6 08       		.byte	8
 752 02d7 01       		.byte	1
 753 02d8 0A       		.byte	10
 754 02d9 01       		.byte	1
 755 02da 0B       		.byte	11
 756 02db 01       		.byte	1
 757 02dc 00       		.byte	0
 758 02dd 0F       		.byte	15
 759 02de 00       		.byte	0
 760 02df 00       		.byte	0
 761 02e0 00       		.byte	0
 762 02e1 04       		.byte	4
 763 02e2 80       		.byte	-128
 764 02e3 00       		.byte	0
 765 02e4 00       		.byte	0
 766 02e5 00       		.byte	0
 767 02e6 63       		.byte	99
 768 02e7 69       		.byte	105
 769 02e8 9F       		.byte	-97
 770 02e9 06       		.byte	6
 771 02ea 20       		.byte	32
 772 02eb 79       		.byte	121
 773 02ec 03       		.byte	3
 774 02ed 00       		.byte	0
 775 02ee 00       		.byte	0
 776 02ef 00       		.byte	0
 777 02f0 01       		.byte	1
 778 02f1 0E       		.byte	14
 779 02f2 00       		.byte	0
 780 02f3 71       		.byte	113
 781 02f4 F3       		.byte	-13
 782 02f5 02       		.byte	2
 783 02f6 0C       		.byte	12
 784 02f7 00       		.byte	0
 785 02f8 FF       		.byte	-1
 786 02f9 06       		.byte	6
 787 02fa 00       		.byte	0
 788 02fb 00       		.byte	0
 789 02fc 9C       		.byte	-100
 790 02fd 20       		.byte	32
 791 02fe 43       		.byte	67
 792 02ff 00       		.byte	0
 793 0300 08       		.byte	8
 794 0301 60       		.byte	96
 795 0302 00       		.byte	0
 796 0303 00       		.byte	0
 797 0304 04       		.byte	4
 798 0305 7F       		.byte	127
ARM GAS  C:\Users\Aluno\AppData\Local\Temp\cc14ebYg.s 			page 15


 799 0306 00       		.byte	0
 800 0307 00       		.byte	0
 801 0308 0C       		.byte	12
 802 0309 79       		.byte	121
 803 030a 00       		.byte	0
 804 030b 06       		.byte	6
 805 030c 82       		.byte	-126
 806 030d 40       		.byte	64
 807 030e 00       		.byte	0
 808 030f 00       		.byte	0
 809 0310 10       		.byte	16
 810 0311 0E       		.byte	14
 811 0312 0F       		.byte	15
 812 0313 07       		.byte	7
 813 0314 00       		.byte	0
 814 0315 10       		.byte	16
 815 0316 EC       		.byte	-20
 816 0317 60       		.byte	96
 817 0318 00       		.byte	0
 818 0319 20       		.byte	32
 819 031a A8       		.byte	-88
 820 031b 08       		.byte	8
 821 031c 00       		.byte	0
 822 031d 00       		.byte	0
 823 031e 01       		.byte	1
 824 031f 00       		.byte	0
 825 0320 36       		.byte	54
 826 0321 05       		.byte	5
 827 0322 04       		.byte	4
 828 0323 00       		.byte	0
 829 0324 02       		.byte	2
 830 0325 0C       		.byte	12
 831 0326 E0       		.byte	-32
 832 0327 00       		.byte	0
 833 0328 09       		.byte	9
 834 0329 FF       		.byte	-1
 835 032a FF       		.byte	-1
 836 032b FF       		.byte	-1
 837 032c 62       		.byte	98
 838 032d A0       		.byte	-96
 839 032e F0       		.byte	-16
 840 032f 41       		.byte	65
 841 0330 0C       		.byte	12
 842 0331 00       		.byte	0
 843 0332 00       		.byte	0
 844 0333 00       		.byte	0
 845 0334 00       		.byte	0
 846 0335 00       		.byte	0
 847 0336 02       		.byte	2
 848 0337 10       		.byte	16
 849 0338 04       		.byte	4
 850 0339 04       		.byte	4
 851 033a 04       		.byte	4
 852 033b 04       		.byte	4
 853 033c 00       		.byte	0
 854 033d 00       		.byte	0
 855 033e 00       		.byte	0
ARM GAS  C:\Users\Aluno\AppData\Local\Temp\cc14ebYg.s 			page 16


 856 033f 01       		.byte	1
 857 0340 00       		.byte	0
 858 0341 00       		.byte	0
 859 0342 00       		.byte	0
 860 0343 00       		.byte	0
 861 0344 00       		.byte	0
 862 0345 00       		.byte	0
 863 0346 40       		.byte	64
 864 0347 02       		.byte	2
 865 0348 00       		.byte	0
 866 0349 10       		.byte	16
 867 034a 30       		.byte	48
 868 034b 10       		.byte	16
 869 034c 00       		.byte	0
 870 034d 10       		.byte	16
 871 034e 10       		.byte	16
 872 034f 12       		.byte	18
 873 0350 00       		.byte	0
 874 0351 00       		.byte	0
 875 0352 00       		.byte	0
 876 0353 00       		.byte	0
 877 0354 00       		.byte	0
 878 0355 00       		.byte	0
 879 0356 00       		.byte	0
 880 0357 00       		.byte	0
 881 0358 00       		.byte	0
 882 0359 00       		.byte	0
 883 035a 00       		.byte	0
 884 035b 00       		.byte	0
 885 035c 00       		.byte	0
 886 035d 00       		.byte	0
 887 035e 00       		.byte	0
 888 035f 00       		.byte	0
 889 0360 20       		.byte	32
 890 0361 10       		.byte	16
 891 0362 10       		.byte	16
 892 0363 00       		.byte	0
 893 0364 10       		.byte	16
 894 0365 00       		.byte	0
 895 0366 00       		.byte	0
 896 0367 00       		.byte	0
 897 0368 20       		.byte	32
 898 0369 00       		.byte	0
 899 036a 00       		.byte	0
 900 036b 20       		.byte	32
 901 036c 00       		.byte	0
 902 036d 00       		.byte	0
 903 036e 00       		.byte	0
 904 036f 00       		.byte	0
 905 0370 00       		.byte	0
 906 0371 00       		.byte	0
 907 0372 00       		.byte	0
 908 0373 00       		.byte	0
 909 0374 00       		.byte	0
 910 0375 0B       		.byte	11
 911 0376 0B       		.byte	11
 912 0377 00       		.byte	0
ARM GAS  C:\Users\Aluno\AppData\Local\Temp\cc14ebYg.s 			page 17


 913 0378 00       		.byte	0
 914 0379 00       		.byte	0
 915 037a 00       		.byte	0
 916 037b 00       		.byte	0
 917 037c 00       		.byte	0
 918 037d 7F       		.byte	127
 919 037e 7F       		.byte	127
 920 037f 00       		.byte	0
 921 0380 00       		.byte	0
 922 0381 00       		.byte	0
 923 0382 00       		.byte	0
 924 0383 00       		.byte	0
 925 0384 02       		.byte	2
 926 0385 00       		.byte	0
 927 0386 00       		.byte	0
 928 0387 0E       		.byte	14
 929 0388 0C       		.byte	12
 930 0389 00       		.byte	0
 931 038a 0C       		.byte	12
 932 038b 00       		.byte	0
 933 038c 00       		.byte	0
 934 038d 00       		.byte	0
 935 038e 00       		.byte	0
 936 038f 00       		.byte	0
 937              		.global	cy_meta_custnvl
 938              		.section	.cycustnvl,"a",%progbits
 939              		.align	2
 940              		.type	cy_meta_custnvl, %object
 941              		.size	cy_meta_custnvl, 4
 942              	cy_meta_custnvl:
 943 0000 00       		.byte	0
 944 0001 00       		.byte	0
 945 0002 40       		.byte	64
 946 0003 04       		.byte	4
 947              		.global	cy_meta_wonvl
 948              		.section	.cywolatch,"a",%progbits
 949              		.align	2
 950              		.type	cy_meta_wonvl, %object
 951              		.size	cy_meta_wonvl, 4
 952              	cy_meta_wonvl:
 953 0000 BC       		.byte	-68
 954 0001 90       		.byte	-112
 955 0002 AC       		.byte	-84
 956 0003 AF       		.byte	-81
 957              		.global	cy_meta_flashprotect
 958              		.section	.cyflashprotect,"a",%progbits
 959              		.align	2
 960              		.type	cy_meta_flashprotect, %object
 961              		.size	cy_meta_flashprotect, 256
 962              	cy_meta_flashprotect:
 963 0000 00000000 		.space	256
 963      00000000 
 963      00000000 
 963      00000000 
 963      00000000 
 964              		.global	cy_metadata
 965              		.section	.cymeta,"a",%progbits
ARM GAS  C:\Users\Aluno\AppData\Local\Temp\cc14ebYg.s 			page 18


 966              		.align	2
 967              		.type	cy_metadata, %object
 968              		.size	cy_metadata, 12
 969              	cy_metadata:
 970 0000 00       		.byte	0
 971 0001 01       		.byte	1
 972 0002 2E       		.byte	46
 973 0003 12       		.byte	18
 974 0004 00       		.byte	0
 975 0005 69       		.byte	105
 976 0006 00       		.byte	0
 977 0007 01       		.byte	1
 978 0008 00       		.byte	0
 979 0009 00       		.byte	0
 980 000a 00       		.byte	0
 981 000b 00       		.byte	0
 982              		.text
 983              	.Letext0:
 984              		.file 1 "c:\\program files (x86)\\cypress\\psoc creator\\4.4\\psoc creator\\import\\gnu\\arm\\5.4.
 985              		.file 2 "c:\\program files (x86)\\cypress\\psoc creator\\4.4\\psoc creator\\import\\gnu\\arm\\5.4.
 986              		.file 3 "Generated_Source\\PSoC5\\cymetadata.c"
 987              		.section	.debug_info,"",%progbits
 988              	.Ldebug_info0:
 989 0000 31010000 		.4byte	0x131
 990 0004 0400     		.2byte	0x4
 991 0006 00000000 		.4byte	.Ldebug_abbrev0
 992 000a 04       		.byte	0x4
 993 000b 01       		.uleb128 0x1
 994 000c 0A000000 		.4byte	.LASF17
 995 0010 0C       		.byte	0xc
 996 0011 F7010000 		.4byte	.LASF18
 997 0015 69010000 		.4byte	.LASF19
 998 0019 00000000 		.4byte	.Ldebug_line0
 999 001d 02       		.uleb128 0x2
 1000 001e 01       		.byte	0x1
 1001 001f 06       		.byte	0x6
 1002 0020 EB010000 		.4byte	.LASF0
 1003 0024 03       		.uleb128 0x3
 1004 0025 00000000 		.4byte	.LASF9
 1005 0029 01       		.byte	0x1
 1006 002a 1D       		.byte	0x1d
 1007 002b 2F000000 		.4byte	0x2f
 1008 002f 02       		.uleb128 0x2
 1009 0030 01       		.byte	0x1
 1010 0031 08       		.byte	0x8
 1011 0032 A4000000 		.4byte	.LASF1
 1012 0036 02       		.uleb128 0x2
 1013 0037 02       		.byte	0x2
 1014 0038 05       		.byte	0x5
 1015 0039 D7000000 		.4byte	.LASF2
 1016 003d 02       		.uleb128 0x2
 1017 003e 02       		.byte	0x2
 1018 003f 07       		.byte	0x7
 1019 0040 C4000000 		.4byte	.LASF3
 1020 0044 02       		.uleb128 0x2
 1021 0045 04       		.byte	0x4
 1022 0046 05       		.byte	0x5
ARM GAS  C:\Users\Aluno\AppData\Local\Temp\cc14ebYg.s 			page 19


 1023 0047 E2010000 		.4byte	.LASF4
 1024 004b 02       		.uleb128 0x2
 1025 004c 04       		.byte	0x4
 1026 004d 07       		.byte	0x7
 1027 004e B2000000 		.4byte	.LASF5
 1028 0052 02       		.uleb128 0x2
 1029 0053 08       		.byte	0x8
 1030 0054 05       		.byte	0x5
 1031 0055 5B010000 		.4byte	.LASF6
 1032 0059 02       		.uleb128 0x2
 1033 005a 08       		.byte	0x8
 1034 005b 07       		.byte	0x7
 1035 005c 10010000 		.4byte	.LASF7
 1036 0060 04       		.uleb128 0x4
 1037 0061 04       		.byte	0x4
 1038 0062 05       		.byte	0x5
 1039 0063 696E7400 		.ascii	"int\000"
 1040 0067 02       		.uleb128 0x2
 1041 0068 04       		.byte	0x4
 1042 0069 07       		.byte	0x7
 1043 006a 03010000 		.4byte	.LASF8
 1044 006e 03       		.uleb128 0x3
 1045 006f 27010000 		.4byte	.LASF10
 1046 0073 02       		.byte	0x2
 1047 0074 18       		.byte	0x18
 1048 0075 24000000 		.4byte	0x24
 1049 0079 05       		.uleb128 0x5
 1050 007a 91000000 		.4byte	0x91
 1051 007e 8A000000 		.4byte	0x8a
 1052 0082 06       		.uleb128 0x6
 1053 0083 8A000000 		.4byte	0x8a
 1054 0087 8F03     		.2byte	0x38f
 1055 0089 00       		.byte	0
 1056 008a 02       		.uleb128 0x2
 1057 008b 04       		.byte	0x4
 1058 008c 07       		.byte	0x7
 1059 008d 52010000 		.4byte	.LASF11
 1060 0091 07       		.uleb128 0x7
 1061 0092 6E000000 		.4byte	0x6e
 1062 0096 08       		.uleb128 0x8
 1063 0097 F1000000 		.4byte	.LASF12
 1064 009b 03       		.byte	0x3
 1065 009c 1F       		.byte	0x1f
 1066 009d A7000000 		.4byte	0xa7
 1067 00a1 05       		.uleb128 0x5
 1068 00a2 03       		.byte	0x3
 1069 00a3 00000000 		.4byte	cy_meta_configecc
 1070 00a7 07       		.uleb128 0x7
 1071 00a8 79000000 		.4byte	0x79
 1072 00ac 05       		.uleb128 0x5
 1073 00ad 91000000 		.4byte	0x91
 1074 00b1 BC000000 		.4byte	0xbc
 1075 00b5 09       		.uleb128 0x9
 1076 00b6 8A000000 		.4byte	0x8a
 1077 00ba 03       		.byte	0x3
 1078 00bb 00       		.byte	0
 1079 00bc 08       		.uleb128 0x8
ARM GAS  C:\Users\Aluno\AppData\Local\Temp\cc14ebYg.s 			page 20


 1080 00bd E1000000 		.4byte	.LASF13
 1081 00c1 03       		.byte	0x3
 1082 00c2 9E       		.byte	0x9e
 1083 00c3 CD000000 		.4byte	0xcd
 1084 00c7 05       		.uleb128 0x5
 1085 00c8 03       		.byte	0x3
 1086 00c9 00000000 		.4byte	cy_meta_custnvl
 1087 00cd 07       		.uleb128 0x7
 1088 00ce AC000000 		.4byte	0xac
 1089 00d2 08       		.uleb128 0x8
 1090 00d3 44010000 		.4byte	.LASF14
 1091 00d7 03       		.byte	0x3
 1092 00d8 AC       		.byte	0xac
 1093 00d9 E3000000 		.4byte	0xe3
 1094 00dd 05       		.uleb128 0x5
 1095 00de 03       		.byte	0x3
 1096 00df 00000000 		.4byte	cy_meta_wonvl
 1097 00e3 07       		.uleb128 0x7
 1098 00e4 AC000000 		.4byte	0xac
 1099 00e8 05       		.uleb128 0x5
 1100 00e9 91000000 		.4byte	0x91
 1101 00ed F8000000 		.4byte	0xf8
 1102 00f1 09       		.uleb128 0x9
 1103 00f2 8A000000 		.4byte	0x8a
 1104 00f6 FF       		.byte	0xff
 1105 00f7 00       		.byte	0
 1106 00f8 08       		.uleb128 0x8
 1107 00f9 2F010000 		.4byte	.LASF15
 1108 00fd 03       		.byte	0x3
 1109 00fe BA       		.byte	0xba
 1110 00ff 09010000 		.4byte	0x109
 1111 0103 05       		.uleb128 0x5
 1112 0104 03       		.byte	0x3
 1113 0105 00000000 		.4byte	cy_meta_flashprotect
 1114 0109 07       		.uleb128 0x7
 1115 010a E8000000 		.4byte	0xe8
 1116 010e 05       		.uleb128 0x5
 1117 010f 91000000 		.4byte	0x91
 1118 0113 1E010000 		.4byte	0x11e
 1119 0117 09       		.uleb128 0x9
 1120 0118 8A000000 		.4byte	0x8a
 1121 011c 0B       		.byte	0xb
 1122 011d 00       		.byte	0
 1123 011e 08       		.uleb128 0x8
 1124 011f 98000000 		.4byte	.LASF16
 1125 0123 03       		.byte	0x3
 1126 0124 E7       		.byte	0xe7
 1127 0125 2F010000 		.4byte	0x12f
 1128 0129 05       		.uleb128 0x5
 1129 012a 03       		.byte	0x3
 1130 012b 00000000 		.4byte	cy_metadata
 1131 012f 07       		.uleb128 0x7
 1132 0130 0E010000 		.4byte	0x10e
 1133 0134 00       		.byte	0
 1134              		.section	.debug_abbrev,"",%progbits
 1135              	.Ldebug_abbrev0:
 1136 0000 01       		.uleb128 0x1
ARM GAS  C:\Users\Aluno\AppData\Local\Temp\cc14ebYg.s 			page 21


 1137 0001 11       		.uleb128 0x11
 1138 0002 01       		.byte	0x1
 1139 0003 25       		.uleb128 0x25
 1140 0004 0E       		.uleb128 0xe
 1141 0005 13       		.uleb128 0x13
 1142 0006 0B       		.uleb128 0xb
 1143 0007 03       		.uleb128 0x3
 1144 0008 0E       		.uleb128 0xe
 1145 0009 1B       		.uleb128 0x1b
 1146 000a 0E       		.uleb128 0xe
 1147 000b 10       		.uleb128 0x10
 1148 000c 17       		.uleb128 0x17
 1149 000d 00       		.byte	0
 1150 000e 00       		.byte	0
 1151 000f 02       		.uleb128 0x2
 1152 0010 24       		.uleb128 0x24
 1153 0011 00       		.byte	0
 1154 0012 0B       		.uleb128 0xb
 1155 0013 0B       		.uleb128 0xb
 1156 0014 3E       		.uleb128 0x3e
 1157 0015 0B       		.uleb128 0xb
 1158 0016 03       		.uleb128 0x3
 1159 0017 0E       		.uleb128 0xe
 1160 0018 00       		.byte	0
 1161 0019 00       		.byte	0
 1162 001a 03       		.uleb128 0x3
 1163 001b 16       		.uleb128 0x16
 1164 001c 00       		.byte	0
 1165 001d 03       		.uleb128 0x3
 1166 001e 0E       		.uleb128 0xe
 1167 001f 3A       		.uleb128 0x3a
 1168 0020 0B       		.uleb128 0xb
 1169 0021 3B       		.uleb128 0x3b
 1170 0022 0B       		.uleb128 0xb
 1171 0023 49       		.uleb128 0x49
 1172 0024 13       		.uleb128 0x13
 1173 0025 00       		.byte	0
 1174 0026 00       		.byte	0
 1175 0027 04       		.uleb128 0x4
 1176 0028 24       		.uleb128 0x24
 1177 0029 00       		.byte	0
 1178 002a 0B       		.uleb128 0xb
 1179 002b 0B       		.uleb128 0xb
 1180 002c 3E       		.uleb128 0x3e
 1181 002d 0B       		.uleb128 0xb
 1182 002e 03       		.uleb128 0x3
 1183 002f 08       		.uleb128 0x8
 1184 0030 00       		.byte	0
 1185 0031 00       		.byte	0
 1186 0032 05       		.uleb128 0x5
 1187 0033 01       		.uleb128 0x1
 1188 0034 01       		.byte	0x1
 1189 0035 49       		.uleb128 0x49
 1190 0036 13       		.uleb128 0x13
 1191 0037 01       		.uleb128 0x1
 1192 0038 13       		.uleb128 0x13
 1193 0039 00       		.byte	0
ARM GAS  C:\Users\Aluno\AppData\Local\Temp\cc14ebYg.s 			page 22


 1194 003a 00       		.byte	0
 1195 003b 06       		.uleb128 0x6
 1196 003c 21       		.uleb128 0x21
 1197 003d 00       		.byte	0
 1198 003e 49       		.uleb128 0x49
 1199 003f 13       		.uleb128 0x13
 1200 0040 2F       		.uleb128 0x2f
 1201 0041 05       		.uleb128 0x5
 1202 0042 00       		.byte	0
 1203 0043 00       		.byte	0
 1204 0044 07       		.uleb128 0x7
 1205 0045 26       		.uleb128 0x26
 1206 0046 00       		.byte	0
 1207 0047 49       		.uleb128 0x49
 1208 0048 13       		.uleb128 0x13
 1209 0049 00       		.byte	0
 1210 004a 00       		.byte	0
 1211 004b 08       		.uleb128 0x8
 1212 004c 34       		.uleb128 0x34
 1213 004d 00       		.byte	0
 1214 004e 03       		.uleb128 0x3
 1215 004f 0E       		.uleb128 0xe
 1216 0050 3A       		.uleb128 0x3a
 1217 0051 0B       		.uleb128 0xb
 1218 0052 3B       		.uleb128 0x3b
 1219 0053 0B       		.uleb128 0xb
 1220 0054 49       		.uleb128 0x49
 1221 0055 13       		.uleb128 0x13
 1222 0056 3F       		.uleb128 0x3f
 1223 0057 19       		.uleb128 0x19
 1224 0058 02       		.uleb128 0x2
 1225 0059 18       		.uleb128 0x18
 1226 005a 00       		.byte	0
 1227 005b 00       		.byte	0
 1228 005c 09       		.uleb128 0x9
 1229 005d 21       		.uleb128 0x21
 1230 005e 00       		.byte	0
 1231 005f 49       		.uleb128 0x49
 1232 0060 13       		.uleb128 0x13
 1233 0061 2F       		.uleb128 0x2f
 1234 0062 0B       		.uleb128 0xb
 1235 0063 00       		.byte	0
 1236 0064 00       		.byte	0
 1237 0065 00       		.byte	0
 1238              		.section	.debug_aranges,"",%progbits
 1239 0000 14000000 		.4byte	0x14
 1240 0004 0200     		.2byte	0x2
 1241 0006 00000000 		.4byte	.Ldebug_info0
 1242 000a 04       		.byte	0x4
 1243 000b 00       		.byte	0
 1244 000c 0000     		.2byte	0
 1245 000e 0000     		.2byte	0
 1246 0010 00000000 		.4byte	0
 1247 0014 00000000 		.4byte	0
 1248              		.section	.debug_line,"",%progbits
 1249              	.Ldebug_line0:
 1250 0000 3D010000 		.section	.debug_str,"MS",%progbits,1
ARM GAS  C:\Users\Aluno\AppData\Local\Temp\cc14ebYg.s 			page 23


 1250      02003701 
 1250      00000201 
 1250      FB0E0D00 
 1250      01010101 
 1251              	.LASF9:
 1252 0000 5F5F7569 		.ascii	"__uint8_t\000"
 1252      6E74385F 
 1252      7400
 1253              	.LASF17:
 1254 000a 474E5520 		.ascii	"GNU C11 5.4.1 20160609 (release) [ARM/embedded-5-br"
 1254      43313120 
 1254      352E342E 
 1254      31203230 
 1254      31363036 
 1255 003d 616E6368 		.ascii	"anch revision 237715] -mcpu=cortex-m3 -mthumb -g -O"
 1255      20726576 
 1255      6973696F 
 1255      6E203233 
 1255      37373135 
 1256 0070 30202D66 		.ascii	"0 -ffunction-sections -ffat-lto-objects\000"
 1256      66756E63 
 1256      74696F6E 
 1256      2D736563 
 1256      74696F6E 
 1257              	.LASF16:
 1258 0098 63795F6D 		.ascii	"cy_metadata\000"
 1258      65746164 
 1258      61746100 
 1259              	.LASF1:
 1260 00a4 756E7369 		.ascii	"unsigned char\000"
 1260      676E6564 
 1260      20636861 
 1260      7200
 1261              	.LASF5:
 1262 00b2 6C6F6E67 		.ascii	"long unsigned int\000"
 1262      20756E73 
 1262      69676E65 
 1262      6420696E 
 1262      7400
 1263              	.LASF3:
 1264 00c4 73686F72 		.ascii	"short unsigned int\000"
 1264      7420756E 
 1264      7369676E 
 1264      65642069 
 1264      6E7400
 1265              	.LASF2:
 1266 00d7 73686F72 		.ascii	"short int\000"
 1266      7420696E 
 1266      7400
 1267              	.LASF13:
 1268 00e1 63795F6D 		.ascii	"cy_meta_custnvl\000"
 1268      6574615F 
 1268      63757374 
 1268      6E766C00 
 1269              	.LASF12:
 1270 00f1 63795F6D 		.ascii	"cy_meta_configecc\000"
 1270      6574615F 
ARM GAS  C:\Users\Aluno\AppData\Local\Temp\cc14ebYg.s 			page 24


 1270      636F6E66 
 1270      69676563 
 1270      6300
 1271              	.LASF8:
 1272 0103 756E7369 		.ascii	"unsigned int\000"
 1272      676E6564 
 1272      20696E74 
 1272      00
 1273              	.LASF7:
 1274 0110 6C6F6E67 		.ascii	"long long unsigned int\000"
 1274      206C6F6E 
 1274      6720756E 
 1274      7369676E 
 1274      65642069 
 1275              	.LASF10:
 1276 0127 75696E74 		.ascii	"uint8_t\000"
 1276      385F7400 
 1277              	.LASF15:
 1278 012f 63795F6D 		.ascii	"cy_meta_flashprotect\000"
 1278      6574615F 
 1278      666C6173 
 1278      6870726F 
 1278      74656374 
 1279              	.LASF14:
 1280 0144 63795F6D 		.ascii	"cy_meta_wonvl\000"
 1280      6574615F 
 1280      776F6E76 
 1280      6C00
 1281              	.LASF11:
 1282 0152 73697A65 		.ascii	"sizetype\000"
 1282      74797065 
 1282      00
 1283              	.LASF6:
 1284 015b 6C6F6E67 		.ascii	"long long int\000"
 1284      206C6F6E 
 1284      6720696E 
 1284      7400
 1285              	.LASF19:
 1286 0169 433A5C55 		.ascii	"C:\\Users\\Aluno\\Downloads\\UCoS\\Micrium_2\\Softw"
 1286      73657273 
 1286      5C416C75 
 1286      6E6F5C44 
 1286      6F776E6C 
 1287 0196 6172655C 		.ascii	"are\\EvalBoards\\Cypress\\CY8CKIT-050\\PSoC\\uCOS-I"
 1287      4576616C 
 1287      426F6172 
 1287      64735C43 
 1287      79707265 
 1288 01c4 49492D50 		.ascii	"II-Probe\\uCOS-III-Probe.cydsn\000"
 1288      726F6265 
 1288      5C75434F 
 1288      532D4949 
 1288      492D5072 
 1289              	.LASF4:
 1290 01e2 6C6F6E67 		.ascii	"long int\000"
 1290      20696E74 
 1290      00
ARM GAS  C:\Users\Aluno\AppData\Local\Temp\cc14ebYg.s 			page 25


 1291              	.LASF0:
 1292 01eb 7369676E 		.ascii	"signed char\000"
 1292      65642063 
 1292      68617200 
 1293              	.LASF18:
 1294 01f7 47656E65 		.ascii	"Generated_Source\\PSoC5\\cymetadata.c\000"
 1294      72617465 
 1294      645F536F 
 1294      75726365 
 1294      5C50536F 
 1295              		.ident	"GCC: (GNU Tools for ARM Embedded Processors) 5.4.1 20160609 (release) [ARM/embedded-5-bran
