ARM GAS  C:\Users\Aluno\AppData\Local\Temp\ccK5Y8c9.s 			page 1


   1              		.syntax unified
   2              		.cpu cortex-m3
   3              		.fpu softvfp
   4              		.eabi_attribute 20, 1
   5              		.eabi_attribute 21, 1
   6              		.eabi_attribute 23, 3
   7              		.eabi_attribute 24, 1
   8              		.eabi_attribute 25, 1
   9              		.eabi_attribute 26, 1
  10              		.eabi_attribute 30, 6
  11              		.eabi_attribute 34, 1
  12              		.eabi_attribute 18, 4
  13              		.thumb
  14              		.syntax unified
  15              		.file	"lib_math.c"
  16              		.text
  17              	.Ltext0:
  18              		.cfi_sections	.debug_frame
  19              		.comm	Math_RandSeedCur,4,4
  20              		.section	.text.Math_Init,"ax",%progbits
  21              		.align	2
  22              		.global	Math_Init
  23              		.thumb
  24              		.thumb_func
  25              		.type	Math_Init, %function
  26              	Math_Init:
  27              	.LFB0:
  28              		.file 1 "..\\..\\..\\..\\..\\..\\uC-LIB\\lib_math.c"
   1:..\..\..\..\..\..\uC-LIB/lib_math.c **** /*
   2:..\..\..\..\..\..\uC-LIB/lib_math.c **** ***************************************************************************************************
   3:..\..\..\..\..\..\uC-LIB/lib_math.c **** *                                                uC/LIB
   4:..\..\..\..\..\..\uC-LIB/lib_math.c **** *                                        CUSTOM LIBRARY MODULES
   5:..\..\..\..\..\..\uC-LIB/lib_math.c **** *
   6:..\..\..\..\..\..\uC-LIB/lib_math.c **** *                          (c) Copyright 2004-2012; Micrium, Inc.; Weston, FL
   7:..\..\..\..\..\..\uC-LIB/lib_math.c **** *
   8:..\..\..\..\..\..\uC-LIB/lib_math.c **** *               All rights reserved.  Protected by international copyright laws.
   9:..\..\..\..\..\..\uC-LIB/lib_math.c **** *
  10:..\..\..\..\..\..\uC-LIB/lib_math.c **** *               uC/LIB is provided in source form to registered licensees ONLY.  It is 
  11:..\..\..\..\..\..\uC-LIB/lib_math.c **** *               illegal to distribute this source code to any third party unless you receive 
  12:..\..\..\..\..\..\uC-LIB/lib_math.c **** *               written permission by an authorized Micrium representative.  Knowledge of 
  13:..\..\..\..\..\..\uC-LIB/lib_math.c **** *               the source code may NOT be used to develop a similar product.
  14:..\..\..\..\..\..\uC-LIB/lib_math.c **** *
  15:..\..\..\..\..\..\uC-LIB/lib_math.c **** *               Please help us continue to provide the Embedded community with the finest 
  16:..\..\..\..\..\..\uC-LIB/lib_math.c **** *               software available.  Your honesty is greatly appreciated.
  17:..\..\..\..\..\..\uC-LIB/lib_math.c **** *
  18:..\..\..\..\..\..\uC-LIB/lib_math.c **** *               You can contact us at www.micrium.com.
  19:..\..\..\..\..\..\uC-LIB/lib_math.c **** ***************************************************************************************************
  20:..\..\..\..\..\..\uC-LIB/lib_math.c **** */
  21:..\..\..\..\..\..\uC-LIB/lib_math.c **** 
  22:..\..\..\..\..\..\uC-LIB/lib_math.c **** /*
  23:..\..\..\..\..\..\uC-LIB/lib_math.c **** ***************************************************************************************************
  24:..\..\..\..\..\..\uC-LIB/lib_math.c **** *
  25:..\..\..\..\..\..\uC-LIB/lib_math.c **** *                                        MATHEMATIC OPERATIONS
  26:..\..\..\..\..\..\uC-LIB/lib_math.c **** *
  27:..\..\..\..\..\..\uC-LIB/lib_math.c **** * Filename      : lib_math.c
  28:..\..\..\..\..\..\uC-LIB/lib_math.c **** * Version       : V1.37.00
  29:..\..\..\..\..\..\uC-LIB/lib_math.c **** * Programmer(s) : SR
ARM GAS  C:\Users\Aluno\AppData\Local\Temp\ccK5Y8c9.s 			page 2


  30:..\..\..\..\..\..\uC-LIB/lib_math.c **** *                 ITJ
  31:..\..\..\..\..\..\uC-LIB/lib_math.c **** ***************************************************************************************************
  32:..\..\..\..\..\..\uC-LIB/lib_math.c **** * Note(s)       : (1) NO compiler-supplied standard library functions are used in library or produc
  33:..\..\..\..\..\..\uC-LIB/lib_math.c **** *
  34:..\..\..\..\..\..\uC-LIB/lib_math.c **** *                     (a) ALL standard library functions are implemented in the custom library modu
  35:..\..\..\..\..\..\uC-LIB/lib_math.c **** *
  36:..\..\..\..\..\..\uC-LIB/lib_math.c **** *                         (1) \<Custom Library Directory>\lib_*.*
  37:..\..\..\..\..\..\uC-LIB/lib_math.c **** *
  38:..\..\..\..\..\..\uC-LIB/lib_math.c **** *                         (2) \<Custom Library Directory>\Ports\<cpu>\<compiler>\lib*_a.*
  39:..\..\..\..\..\..\uC-LIB/lib_math.c **** *
  40:..\..\..\..\..\..\uC-LIB/lib_math.c **** *                               where
  41:..\..\..\..\..\..\uC-LIB/lib_math.c **** *                                       <Custom Library Directory>      directory path for custom l
  42:..\..\..\..\..\..\uC-LIB/lib_math.c **** *                                       <cpu>                           directory name for specific
  43:..\..\..\..\..\..\uC-LIB/lib_math.c **** *                                       <compiler>                      directory name for specific
  44:..\..\..\..\..\..\uC-LIB/lib_math.c **** *
  45:..\..\..\..\..\..\uC-LIB/lib_math.c **** *                     (b) Product-specific library functions are implemented in individual products
  46:..\..\..\..\..\..\uC-LIB/lib_math.c **** *
  47:..\..\..\..\..\..\uC-LIB/lib_math.c **** ***************************************************************************************************
  48:..\..\..\..\..\..\uC-LIB/lib_math.c **** * Notice(s)     : (1) The Institute of Electrical and Electronics Engineers and The Open Group, hav
  49:..\..\..\..\..\..\uC-LIB/lib_math.c **** *                     us permission to reprint portions of their documentation.  Portions of this t
  50:..\..\..\..\..\..\uC-LIB/lib_math.c **** *                     reprinted and reproduced in electronic form from the IEEE Std 1003.1, 2004 Ed
  51:..\..\..\..\..\..\uC-LIB/lib_math.c **** *                     Standard for Information Technology -- Portable Operating System Interface (P
  52:..\..\..\..\..\..\uC-LIB/lib_math.c **** *                     The Open Group Base Specifications Issue 6, Copyright (C) 2001-2004 by the In
  53:..\..\..\..\..\..\uC-LIB/lib_math.c **** *                     of Electrical and Electronics Engineers, Inc and The Open Group.  In the even
  54:..\..\..\..\..\..\uC-LIB/lib_math.c **** *                     discrepancy between these versions and the original IEEE and The Open Group S
  55:..\..\..\..\..\..\uC-LIB/lib_math.c **** *                     the original IEEE and The Open Group Standard is the referee document.  The o
  56:..\..\..\..\..\..\uC-LIB/lib_math.c **** *                     Standard can be obtained online at http://www.opengroup.org/unix/online.html.
  57:..\..\..\..\..\..\uC-LIB/lib_math.c **** ***************************************************************************************************
  58:..\..\..\..\..\..\uC-LIB/lib_math.c **** */
  59:..\..\..\..\..\..\uC-LIB/lib_math.c **** 
  60:..\..\..\..\..\..\uC-LIB/lib_math.c **** 
  61:..\..\..\..\..\..\uC-LIB/lib_math.c **** /*
  62:..\..\..\..\..\..\uC-LIB/lib_math.c **** ***************************************************************************************************
  63:..\..\..\..\..\..\uC-LIB/lib_math.c **** *                                            INCLUDE FILES
  64:..\..\..\..\..\..\uC-LIB/lib_math.c **** ***************************************************************************************************
  65:..\..\..\..\..\..\uC-LIB/lib_math.c **** */
  66:..\..\..\..\..\..\uC-LIB/lib_math.c **** 
  67:..\..\..\..\..\..\uC-LIB/lib_math.c **** #define    MICRIUM_SOURCE
  68:..\..\..\..\..\..\uC-LIB/lib_math.c **** #define    LIB_MATH_MODULE
  69:..\..\..\..\..\..\uC-LIB/lib_math.c **** #include  <lib_math.h>
  70:..\..\..\..\..\..\uC-LIB/lib_math.c **** 
  71:..\..\..\..\..\..\uC-LIB/lib_math.c **** 
  72:..\..\..\..\..\..\uC-LIB/lib_math.c **** /*$PAGE*/
  73:..\..\..\..\..\..\uC-LIB/lib_math.c **** /*
  74:..\..\..\..\..\..\uC-LIB/lib_math.c **** ***************************************************************************************************
  75:..\..\..\..\..\..\uC-LIB/lib_math.c **** *                                            LOCAL DEFINES
  76:..\..\..\..\..\..\uC-LIB/lib_math.c **** ***************************************************************************************************
  77:..\..\..\..\..\..\uC-LIB/lib_math.c **** */
  78:..\..\..\..\..\..\uC-LIB/lib_math.c **** 
  79:..\..\..\..\..\..\uC-LIB/lib_math.c **** 
  80:..\..\..\..\..\..\uC-LIB/lib_math.c **** /*
  81:..\..\..\..\..\..\uC-LIB/lib_math.c **** ***************************************************************************************************
  82:..\..\..\..\..\..\uC-LIB/lib_math.c **** *                                           LOCAL CONSTANTS
  83:..\..\..\..\..\..\uC-LIB/lib_math.c **** ***************************************************************************************************
  84:..\..\..\..\..\..\uC-LIB/lib_math.c **** */
  85:..\..\..\..\..\..\uC-LIB/lib_math.c **** 
  86:..\..\..\..\..\..\uC-LIB/lib_math.c **** 
ARM GAS  C:\Users\Aluno\AppData\Local\Temp\ccK5Y8c9.s 			page 3


  87:..\..\..\..\..\..\uC-LIB/lib_math.c **** /*
  88:..\..\..\..\..\..\uC-LIB/lib_math.c **** ***************************************************************************************************
  89:..\..\..\..\..\..\uC-LIB/lib_math.c **** *                                          LOCAL DATA TYPES
  90:..\..\..\..\..\..\uC-LIB/lib_math.c **** ***************************************************************************************************
  91:..\..\..\..\..\..\uC-LIB/lib_math.c **** */
  92:..\..\..\..\..\..\uC-LIB/lib_math.c **** 
  93:..\..\..\..\..\..\uC-LIB/lib_math.c **** 
  94:..\..\..\..\..\..\uC-LIB/lib_math.c **** /*
  95:..\..\..\..\..\..\uC-LIB/lib_math.c **** ***************************************************************************************************
  96:..\..\..\..\..\..\uC-LIB/lib_math.c **** *                                            LOCAL TABLES
  97:..\..\..\..\..\..\uC-LIB/lib_math.c **** ***************************************************************************************************
  98:..\..\..\..\..\..\uC-LIB/lib_math.c **** */
  99:..\..\..\..\..\..\uC-LIB/lib_math.c **** 
 100:..\..\..\..\..\..\uC-LIB/lib_math.c **** 
 101:..\..\..\..\..\..\uC-LIB/lib_math.c **** /*
 102:..\..\..\..\..\..\uC-LIB/lib_math.c **** ***************************************************************************************************
 103:..\..\..\..\..\..\uC-LIB/lib_math.c **** *                                       LOCAL GLOBAL VARIABLES
 104:..\..\..\..\..\..\uC-LIB/lib_math.c **** ***************************************************************************************************
 105:..\..\..\..\..\..\uC-LIB/lib_math.c **** */
 106:..\..\..\..\..\..\uC-LIB/lib_math.c **** 
 107:..\..\..\..\..\..\uC-LIB/lib_math.c **** RAND_NBR  Math_RandSeedCur;                                     /* Cur rand nbr seed.              
 108:..\..\..\..\..\..\uC-LIB/lib_math.c **** 
 109:..\..\..\..\..\..\uC-LIB/lib_math.c **** 
 110:..\..\..\..\..\..\uC-LIB/lib_math.c **** /*
 111:..\..\..\..\..\..\uC-LIB/lib_math.c **** ***************************************************************************************************
 112:..\..\..\..\..\..\uC-LIB/lib_math.c **** *                                      LOCAL FUNCTION PROTOTYPES
 113:..\..\..\..\..\..\uC-LIB/lib_math.c **** ***************************************************************************************************
 114:..\..\..\..\..\..\uC-LIB/lib_math.c **** */
 115:..\..\..\..\..\..\uC-LIB/lib_math.c **** 
 116:..\..\..\..\..\..\uC-LIB/lib_math.c **** 
 117:..\..\..\..\..\..\uC-LIB/lib_math.c **** /*
 118:..\..\..\..\..\..\uC-LIB/lib_math.c **** ***************************************************************************************************
 119:..\..\..\..\..\..\uC-LIB/lib_math.c **** *                                     LOCAL CONFIGURATION ERRORS
 120:..\..\..\..\..\..\uC-LIB/lib_math.c **** ***************************************************************************************************
 121:..\..\..\..\..\..\uC-LIB/lib_math.c **** */
 122:..\..\..\..\..\..\uC-LIB/lib_math.c **** 
 123:..\..\..\..\..\..\uC-LIB/lib_math.c **** 
 124:..\..\..\..\..\..\uC-LIB/lib_math.c **** /*$PAGE*/
 125:..\..\..\..\..\..\uC-LIB/lib_math.c **** /*
 126:..\..\..\..\..\..\uC-LIB/lib_math.c **** ***************************************************************************************************
 127:..\..\..\..\..\..\uC-LIB/lib_math.c **** *                                             Math_Init()
 128:..\..\..\..\..\..\uC-LIB/lib_math.c **** *
 129:..\..\..\..\..\..\uC-LIB/lib_math.c **** * Description : (1) Initialize Mathematic Module :
 130:..\..\..\..\..\..\uC-LIB/lib_math.c **** *
 131:..\..\..\..\..\..\uC-LIB/lib_math.c **** *                   (a) Initialize random number seed value
 132:..\..\..\..\..\..\uC-LIB/lib_math.c **** *
 133:..\..\..\..\..\..\uC-LIB/lib_math.c **** *
 134:..\..\..\..\..\..\uC-LIB/lib_math.c **** * Argument(s) : none.
 135:..\..\..\..\..\..\uC-LIB/lib_math.c **** *
 136:..\..\..\..\..\..\uC-LIB/lib_math.c **** * Return(s)   : none.
 137:..\..\..\..\..\..\uC-LIB/lib_math.c **** *
 138:..\..\..\..\..\..\uC-LIB/lib_math.c **** * Caller(s)   : Application.
 139:..\..\..\..\..\..\uC-LIB/lib_math.c **** *
 140:..\..\..\..\..\..\uC-LIB/lib_math.c **** * Note(s)     : (2) IEEE Std 1003.1, 2004 Edition, Section 'rand() : DESCRIPTION' states that "if r
 141:..\..\..\..\..\..\uC-LIB/lib_math.c **** *                   is called before any calls to srand() are made, the same sequence shall be gene
 142:..\..\..\..\..\..\uC-LIB/lib_math.c **** *                   as when srand() is first called with a seed value of 1".
 143:..\..\..\..\..\..\uC-LIB/lib_math.c **** ***************************************************************************************************
ARM GAS  C:\Users\Aluno\AppData\Local\Temp\ccK5Y8c9.s 			page 4


 144:..\..\..\..\..\..\uC-LIB/lib_math.c **** */
 145:..\..\..\..\..\..\uC-LIB/lib_math.c **** 
 146:..\..\..\..\..\..\uC-LIB/lib_math.c **** void  Math_Init (void)
 147:..\..\..\..\..\..\uC-LIB/lib_math.c **** {
  29              		.loc 1 147 0
  30              		.cfi_startproc
  31              		@ args = 0, pretend = 0, frame = 0
  32              		@ frame_needed = 1, uses_anonymous_args = 0
  33 0000 80B5     		push	{r7, lr}
  34              		.cfi_def_cfa_offset 8
  35              		.cfi_offset 7, -8
  36              		.cfi_offset 14, -4
  37 0002 00AF     		add	r7, sp, #0
  38              		.cfi_def_cfa_register 7
 148:..\..\..\..\..\..\uC-LIB/lib_math.c ****     Math_RandSetSeed((RAND_NBR)RAND_SEED_INIT_VAL);             /* See Note #2.                    
  39              		.loc 1 148 0
  40 0004 0120     		movs	r0, #1
  41 0006 FFF7FEFF 		bl	Math_RandSetSeed
 149:..\..\..\..\..\..\uC-LIB/lib_math.c **** }
  42              		.loc 1 149 0
  43 000a 00BF     		nop
  44 000c 80BD     		pop	{r7, pc}
  45              		.cfi_endproc
  46              	.LFE0:
  47              		.size	Math_Init, .-Math_Init
  48 000e 00BF     		.section	.text.Math_RandSetSeed,"ax",%progbits
  49              		.align	2
  50              		.global	Math_RandSetSeed
  51              		.thumb
  52              		.thumb_func
  53              		.type	Math_RandSetSeed, %function
  54              	Math_RandSetSeed:
  55              	.LFB1:
 150:..\..\..\..\..\..\uC-LIB/lib_math.c **** 
 151:..\..\..\..\..\..\uC-LIB/lib_math.c **** 
 152:..\..\..\..\..\..\uC-LIB/lib_math.c **** /*$PAGE*/
 153:..\..\..\..\..\..\uC-LIB/lib_math.c **** /*
 154:..\..\..\..\..\..\uC-LIB/lib_math.c **** ***************************************************************************************************
 155:..\..\..\..\..\..\uC-LIB/lib_math.c **** *                                         Math_RandSetSeed()
 156:..\..\..\..\..\..\uC-LIB/lib_math.c **** *
 157:..\..\..\..\..\..\uC-LIB/lib_math.c **** * Description : Set the current pseudo-random number generator seed.
 158:..\..\..\..\..\..\uC-LIB/lib_math.c **** *
 159:..\..\..\..\..\..\uC-LIB/lib_math.c **** * Argument(s) : seed        Initial (or current) value to set for the pseudo-random number sequence
 160:..\..\..\..\..\..\uC-LIB/lib_math.c **** *
 161:..\..\..\..\..\..\uC-LIB/lib_math.c **** * Return(s)   : none.
 162:..\..\..\..\..\..\uC-LIB/lib_math.c **** *
 163:..\..\..\..\..\..\uC-LIB/lib_math.c **** * Caller(s)   : Application.
 164:..\..\..\..\..\..\uC-LIB/lib_math.c **** *
 165:..\..\..\..\..\..\uC-LIB/lib_math.c **** * Note(s)     : (1) IEEE Std 1003.1, 2004 Edition, Section 'rand() : DESCRIPTION' states that "sran
 166:..\..\..\..\..\..\uC-LIB/lib_math.c **** *                   ... uses the argument as a seed for a new sequence of pseudo-random numbers to 
 167:..\..\..\..\..\..\uC-LIB/lib_math.c **** *                   returned by subsequent calls to rand()".
 168:..\..\..\..\..\..\uC-LIB/lib_math.c **** *
 169:..\..\..\..\..\..\uC-LIB/lib_math.c **** *               (2) 'Math_RandSeedCur' MUST always be accessed exclusively in critical sections.
 170:..\..\..\..\..\..\uC-LIB/lib_math.c **** *
 171:..\..\..\..\..\..\uC-LIB/lib_math.c **** *                   See also 'Math_Rand()  Note #1b'.
 172:..\..\..\..\..\..\uC-LIB/lib_math.c **** ***************************************************************************************************
 173:..\..\..\..\..\..\uC-LIB/lib_math.c **** */
ARM GAS  C:\Users\Aluno\AppData\Local\Temp\ccK5Y8c9.s 			page 5


 174:..\..\..\..\..\..\uC-LIB/lib_math.c **** 
 175:..\..\..\..\..\..\uC-LIB/lib_math.c **** void  Math_RandSetSeed (RAND_NBR  seed)
 176:..\..\..\..\..\..\uC-LIB/lib_math.c **** {
  56              		.loc 1 176 0
  57              		.cfi_startproc
  58              		@ args = 0, pretend = 0, frame = 16
  59              		@ frame_needed = 1, uses_anonymous_args = 0
  60 0000 80B5     		push	{r7, lr}
  61              		.cfi_def_cfa_offset 8
  62              		.cfi_offset 7, -8
  63              		.cfi_offset 14, -4
  64 0002 84B0     		sub	sp, sp, #16
  65              		.cfi_def_cfa_offset 24
  66 0004 00AF     		add	r7, sp, #0
  67              		.cfi_def_cfa_register 7
  68 0006 7860     		str	r0, [r7, #4]
 177:..\..\..\..\..\..\uC-LIB/lib_math.c ****     CPU_SR_ALLOC();
  69              		.loc 1 177 0
  70 0008 0023     		movs	r3, #0
  71 000a FB60     		str	r3, [r7, #12]
 178:..\..\..\..\..\..\uC-LIB/lib_math.c **** 
 179:..\..\..\..\..\..\uC-LIB/lib_math.c **** 
 180:..\..\..\..\..\..\uC-LIB/lib_math.c ****     CPU_CRITICAL_ENTER();
  72              		.loc 1 180 0
  73 000c FFF7FEFF 		bl	CPU_SR_Save
  74 0010 F860     		str	r0, [r7, #12]
 181:..\..\..\..\..\..\uC-LIB/lib_math.c ****     Math_RandSeedCur = seed;
  75              		.loc 1 181 0
  76 0012 054A     		ldr	r2, .L3
  77 0014 7B68     		ldr	r3, [r7, #4]
  78 0016 1360     		str	r3, [r2]
 182:..\..\..\..\..\..\uC-LIB/lib_math.c ****     CPU_CRITICAL_EXIT();
  79              		.loc 1 182 0
  80 0018 F868     		ldr	r0, [r7, #12]
  81 001a FFF7FEFF 		bl	CPU_SR_Restore
 183:..\..\..\..\..\..\uC-LIB/lib_math.c **** }
  82              		.loc 1 183 0
  83 001e 00BF     		nop
  84 0020 1037     		adds	r7, r7, #16
  85              		.cfi_def_cfa_offset 8
  86 0022 BD46     		mov	sp, r7
  87              		.cfi_def_cfa_register 13
  88              		@ sp needed
  89 0024 80BD     		pop	{r7, pc}
  90              	.L4:
  91 0026 00BF     		.align	2
  92              	.L3:
  93 0028 00000000 		.word	Math_RandSeedCur
  94              		.cfi_endproc
  95              	.LFE1:
  96              		.size	Math_RandSetSeed, .-Math_RandSetSeed
  97              		.section	.text.Math_Rand,"ax",%progbits
  98              		.align	2
  99              		.global	Math_Rand
 100              		.thumb
 101              		.thumb_func
 102              		.type	Math_Rand, %function
ARM GAS  C:\Users\Aluno\AppData\Local\Temp\ccK5Y8c9.s 			page 6


 103              	Math_Rand:
 104              	.LFB2:
 184:..\..\..\..\..\..\uC-LIB/lib_math.c **** 
 185:..\..\..\..\..\..\uC-LIB/lib_math.c **** 
 186:..\..\..\..\..\..\uC-LIB/lib_math.c **** /*$PAGE*/
 187:..\..\..\..\..\..\uC-LIB/lib_math.c **** /*
 188:..\..\..\..\..\..\uC-LIB/lib_math.c **** ***************************************************************************************************
 189:..\..\..\..\..\..\uC-LIB/lib_math.c **** *                                             Math_Rand()
 190:..\..\..\..\..\..\uC-LIB/lib_math.c **** *
 191:..\..\..\..\..\..\uC-LIB/lib_math.c **** * Description : Calculate the next pseudo-random number.
 192:..\..\..\..\..\..\uC-LIB/lib_math.c **** *
 193:..\..\..\..\..\..\uC-LIB/lib_math.c **** * Argument(s) : none.
 194:..\..\..\..\..\..\uC-LIB/lib_math.c **** *
 195:..\..\..\..\..\..\uC-LIB/lib_math.c **** * Return(s)   : Next pseudo-random number in the sequence after 'Math_RandSeedCur'.
 196:..\..\..\..\..\..\uC-LIB/lib_math.c **** *
 197:..\..\..\..\..\..\uC-LIB/lib_math.c **** * Caller(s)   : Application.
 198:..\..\..\..\..\..\uC-LIB/lib_math.c **** *
 199:..\..\..\..\..\..\uC-LIB/lib_math.c **** * Note(s)     : (1) (a) The pseudo-random number generator is implemented as a Linear Congruential 
 200:..\..\..\..\..\..\uC-LIB/lib_math.c **** *                       Generator (LCG).
 201:..\..\..\..\..\..\uC-LIB/lib_math.c **** *
 202:..\..\..\..\..\..\uC-LIB/lib_math.c **** *                   (b) The pseudo-random number generated is in the range [0, RAND_LCG_PARAM_M].
 203:..\..\..\..\..\..\uC-LIB/lib_math.c **** *
 204:..\..\..\..\..\..\uC-LIB/lib_math.c **** *                   See also 'Math_RandSeed()  Note #1'.
 205:..\..\..\..\..\..\uC-LIB/lib_math.c **** *
 206:..\..\..\..\..\..\uC-LIB/lib_math.c **** *               (2) (a) IEEE Std 1003.1, 2004 Edition, Section 'rand() : DESCRIPTION' states that "
 207:..\..\..\..\..\..\uC-LIB/lib_math.c **** *                       ... need not be reentrant ... [and] is not required to be thread-safe".
 208:..\..\..\..\..\..\uC-LIB/lib_math.c **** *
 209:..\..\..\..\..\..\uC-LIB/lib_math.c **** *                   (b) However, in order to implement Math_Rand() as re-entrant; 'Math_RandSeedCur
 210:..\..\..\..\..\..\uC-LIB/lib_math.c **** *                       always be accessed & updated exclusively in critical sections.
 211:..\..\..\..\..\..\uC-LIB/lib_math.c **** *
 212:..\..\..\..\..\..\uC-LIB/lib_math.c **** *                   See also 'Math_RandSeed()  Note #2'.
 213:..\..\..\..\..\..\uC-LIB/lib_math.c **** ***************************************************************************************************
 214:..\..\..\..\..\..\uC-LIB/lib_math.c **** */
 215:..\..\..\..\..\..\uC-LIB/lib_math.c **** 
 216:..\..\..\..\..\..\uC-LIB/lib_math.c **** RAND_NBR  Math_Rand (void)
 217:..\..\..\..\..\..\uC-LIB/lib_math.c **** {
 105              		.loc 1 217 0
 106              		.cfi_startproc
 107              		@ args = 0, pretend = 0, frame = 16
 108              		@ frame_needed = 1, uses_anonymous_args = 0
 109 0000 80B5     		push	{r7, lr}
 110              		.cfi_def_cfa_offset 8
 111              		.cfi_offset 7, -8
 112              		.cfi_offset 14, -4
 113 0002 84B0     		sub	sp, sp, #16
 114              		.cfi_def_cfa_offset 24
 115 0004 00AF     		add	r7, sp, #0
 116              		.cfi_def_cfa_register 7
 218:..\..\..\..\..\..\uC-LIB/lib_math.c ****     RAND_NBR  seed;
 219:..\..\..\..\..\..\uC-LIB/lib_math.c ****     RAND_NBR  rand_nbr;
 220:..\..\..\..\..\..\uC-LIB/lib_math.c ****     CPU_SR_ALLOC();
 117              		.loc 1 220 0
 118 0006 0023     		movs	r3, #0
 119 0008 FB60     		str	r3, [r7, #12]
 221:..\..\..\..\..\..\uC-LIB/lib_math.c **** 
 222:..\..\..\..\..\..\uC-LIB/lib_math.c **** 
 223:..\..\..\..\..\..\uC-LIB/lib_math.c ****     CPU_CRITICAL_ENTER();
ARM GAS  C:\Users\Aluno\AppData\Local\Temp\ccK5Y8c9.s 			page 7


 120              		.loc 1 223 0
 121 000a FFF7FEFF 		bl	CPU_SR_Save
 122 000e F860     		str	r0, [r7, #12]
 224:..\..\..\..\..\..\uC-LIB/lib_math.c ****     seed             = Math_RandSeedCur;
 123              		.loc 1 224 0
 124 0010 084B     		ldr	r3, .L7
 125 0012 1B68     		ldr	r3, [r3]
 126 0014 BB60     		str	r3, [r7, #8]
 225:..\..\..\..\..\..\uC-LIB/lib_math.c ****     rand_nbr         = Math_RandSeed(seed);
 127              		.loc 1 225 0
 128 0016 B868     		ldr	r0, [r7, #8]
 129 0018 FFF7FEFF 		bl	Math_RandSeed
 130 001c 7860     		str	r0, [r7, #4]
 226:..\..\..\..\..\..\uC-LIB/lib_math.c ****     Math_RandSeedCur = rand_nbr;
 131              		.loc 1 226 0
 132 001e 054A     		ldr	r2, .L7
 133 0020 7B68     		ldr	r3, [r7, #4]
 134 0022 1360     		str	r3, [r2]
 227:..\..\..\..\..\..\uC-LIB/lib_math.c ****     CPU_CRITICAL_EXIT();
 135              		.loc 1 227 0
 136 0024 F868     		ldr	r0, [r7, #12]
 137 0026 FFF7FEFF 		bl	CPU_SR_Restore
 228:..\..\..\..\..\..\uC-LIB/lib_math.c **** 
 229:..\..\..\..\..\..\uC-LIB/lib_math.c ****     return (rand_nbr);
 138              		.loc 1 229 0
 139 002a 7B68     		ldr	r3, [r7, #4]
 230:..\..\..\..\..\..\uC-LIB/lib_math.c **** }
 140              		.loc 1 230 0
 141 002c 1846     		mov	r0, r3
 142 002e 1037     		adds	r7, r7, #16
 143              		.cfi_def_cfa_offset 8
 144 0030 BD46     		mov	sp, r7
 145              		.cfi_def_cfa_register 13
 146              		@ sp needed
 147 0032 80BD     		pop	{r7, pc}
 148              	.L8:
 149              		.align	2
 150              	.L7:
 151 0034 00000000 		.word	Math_RandSeedCur
 152              		.cfi_endproc
 153              	.LFE2:
 154              		.size	Math_Rand, .-Math_Rand
 155              		.section	.text.Math_RandSeed,"ax",%progbits
 156              		.align	2
 157              		.global	Math_RandSeed
 158              		.thumb
 159              		.thumb_func
 160              		.type	Math_RandSeed, %function
 161              	Math_RandSeed:
 162              	.LFB3:
 231:..\..\..\..\..\..\uC-LIB/lib_math.c **** 
 232:..\..\..\..\..\..\uC-LIB/lib_math.c **** 
 233:..\..\..\..\..\..\uC-LIB/lib_math.c **** /*$PAGE*/
 234:..\..\..\..\..\..\uC-LIB/lib_math.c **** /*
 235:..\..\..\..\..\..\uC-LIB/lib_math.c **** ***************************************************************************************************
 236:..\..\..\..\..\..\uC-LIB/lib_math.c **** *                                           Math_RandSeed()
 237:..\..\..\..\..\..\uC-LIB/lib_math.c **** *
ARM GAS  C:\Users\Aluno\AppData\Local\Temp\ccK5Y8c9.s 			page 8


 238:..\..\..\..\..\..\uC-LIB/lib_math.c **** * Description : Calculate the next pseudo-random number.
 239:..\..\..\..\..\..\uC-LIB/lib_math.c **** *
 240:..\..\..\..\..\..\uC-LIB/lib_math.c **** * Argument(s) : seed        Initial (or current) value for the pseudo-random number sequence.
 241:..\..\..\..\..\..\uC-LIB/lib_math.c **** *
 242:..\..\..\..\..\..\uC-LIB/lib_math.c **** * Return(s)   : Next pseudo-random number in the sequence after 'seed'.
 243:..\..\..\..\..\..\uC-LIB/lib_math.c **** *
 244:..\..\..\..\..\..\uC-LIB/lib_math.c **** * Caller(s)   : Math_Rand(),
 245:..\..\..\..\..\..\uC-LIB/lib_math.c **** *               Application.
 246:..\..\..\..\..\..\uC-LIB/lib_math.c **** *
 247:..\..\..\..\..\..\uC-LIB/lib_math.c **** * Note(s)     : (1) (a) BSD/ANSI-C implements rand() as a Linear Congruential Generator (LCG) :
 248:..\..\..\..\..\..\uC-LIB/lib_math.c **** *
 249:..\..\..\..\..\..\uC-LIB/lib_math.c **** *                       (A) random_number       =  [(a * random_number ) + b]  modulo m
 250:..\..\..\..\..\..\uC-LIB/lib_math.c **** *                                        n + 1                        n
 251:..\..\..\..\..\..\uC-LIB/lib_math.c **** *
 252:..\..\..\..\..\..\uC-LIB/lib_math.c **** *                               where
 253:..\..\..\..\..\..\uC-LIB/lib_math.c **** *                                       (1) (a) random_number           Next     random number to g
 254:..\..\..\..\..\..\uC-LIB/lib_math.c **** *                                                            n+1
 255:..\..\..\..\..\..\uC-LIB/lib_math.c **** *                                           (b) random_number           Previous random number    g
 256:..\..\..\..\..\..\uC-LIB/lib_math.c **** *                                                            n
 257:..\..\..\..\..\..\uC-LIB/lib_math.c **** *
 258:..\..\..\..\..\..\uC-LIB/lib_math.c **** *                                       (2) a = RAND_LCG_PARAM_A        LCG multiplier
 259:..\..\..\..\..\..\uC-LIB/lib_math.c **** *                                       (3) b = RAND_LCG_PARAM_B        LCG incrementor
 260:..\..\..\..\..\..\uC-LIB/lib_math.c **** *                                       (4) m = RAND_LCG_PARAM_M + 1    LCG modulus
 261:..\..\..\..\..\..\uC-LIB/lib_math.c **** *
 262:..\..\..\..\..\..\uC-LIB/lib_math.c **** *                   (b) The pseudo-random number generated is in the range [0, RAND_LCG_PARAM_M].
 263:..\..\..\..\..\..\uC-LIB/lib_math.c **** *
 264:..\..\..\..\..\..\uC-LIB/lib_math.c ****                     See also 'lib_math.h  RANDOM NUMBER DEFINES  Note #1b'.
 265:..\..\..\..\..\..\uC-LIB/lib_math.c **** *
 266:..\..\..\..\..\..\uC-LIB/lib_math.c **** *               (2) (a) IEEE Std 1003.1, 2004 Edition, Section 'rand() : DESCRIPTION' states that "
 267:..\..\..\..\..\..\uC-LIB/lib_math.c **** *                       ... need not be reentrant ... [and] is not required to be thread-safe".
 268:..\..\..\..\..\..\uC-LIB/lib_math.c **** *
 269:..\..\..\..\..\..\uC-LIB/lib_math.c **** *                   (b) However, Math_RandSeed() is re-entrant since it calculates the next random 
 270:..\..\..\..\..\..\uC-LIB/lib_math.c **** *                       using ONLY local variables.
 271:..\..\..\..\..\..\uC-LIB/lib_math.c **** ***************************************************************************************************
 272:..\..\..\..\..\..\uC-LIB/lib_math.c **** */
 273:..\..\..\..\..\..\uC-LIB/lib_math.c **** 
 274:..\..\..\..\..\..\uC-LIB/lib_math.c **** RAND_NBR  Math_RandSeed (RAND_NBR  seed)
 275:..\..\..\..\..\..\uC-LIB/lib_math.c **** {
 163              		.loc 1 275 0
 164              		.cfi_startproc
 165              		@ args = 0, pretend = 0, frame = 16
 166              		@ frame_needed = 1, uses_anonymous_args = 0
 167              		@ link register save eliminated.
 168 0000 80B4     		push	{r7}
 169              		.cfi_def_cfa_offset 4
 170              		.cfi_offset 7, -4
 171 0002 85B0     		sub	sp, sp, #20
 172              		.cfi_def_cfa_offset 24
 173 0004 00AF     		add	r7, sp, #0
 174              		.cfi_def_cfa_register 7
 175 0006 7860     		str	r0, [r7, #4]
 276:..\..\..\..\..\..\uC-LIB/lib_math.c ****     RAND_NBR  rand_nbr;
 277:..\..\..\..\..\..\uC-LIB/lib_math.c **** 
 278:..\..\..\..\..\..\uC-LIB/lib_math.c **** 
 279:..\..\..\..\..\..\uC-LIB/lib_math.c ****     rand_nbr = (((RAND_NBR)RAND_LCG_PARAM_A * seed) + (RAND_NBR)RAND_LCG_PARAM_B)  %  ((RAND_NBR)RA
 176              		.loc 1 279 0
 177 0008 7B68     		ldr	r3, [r7, #4]
ARM GAS  C:\Users\Aluno\AppData\Local\Temp\ccK5Y8c9.s 			page 9


 178 000a 074A     		ldr	r2, .L11
 179 000c 02FB03F3 		mul	r3, r2, r3
 180 0010 03F54053 		add	r3, r3, #12288
 181 0014 3933     		adds	r3, r3, #57
 182 0016 23F00043 		bic	r3, r3, #-2147483648
 183 001a FB60     		str	r3, [r7, #12]
 280:..\..\..\..\..\..\uC-LIB/lib_math.c **** 
 281:..\..\..\..\..\..\uC-LIB/lib_math.c ****     return (rand_nbr);
 184              		.loc 1 281 0
 185 001c FB68     		ldr	r3, [r7, #12]
 282:..\..\..\..\..\..\uC-LIB/lib_math.c **** }
 186              		.loc 1 282 0
 187 001e 1846     		mov	r0, r3
 188 0020 1437     		adds	r7, r7, #20
 189              		.cfi_def_cfa_offset 4
 190 0022 BD46     		mov	sp, r7
 191              		.cfi_def_cfa_register 13
 192              		@ sp needed
 193 0024 80BC     		pop	{r7}
 194              		.cfi_restore 7
 195              		.cfi_def_cfa_offset 0
 196 0026 7047     		bx	lr
 197              	.L12:
 198              		.align	2
 199              	.L11:
 200 0028 6D4EC641 		.word	1103515245
 201              		.cfi_endproc
 202              	.LFE3:
 203              		.size	Math_RandSeed, .-Math_RandSeed
 204              		.text
 205              	.Letext0:
 206              		.file 2 "..\\..\\..\\..\\..\\..\\uC-CPU\\ARM-Cortex-M3\\GNU/cpu.h"
 207              		.file 3 "..\\..\\..\\..\\..\\..\\uC-LIB/lib_math.h"
 208              		.section	.debug_info,"",%progbits
 209              	.Ldebug_info0:
 210 0000 62010000 		.4byte	0x162
 211 0004 0400     		.2byte	0x4
 212 0006 00000000 		.4byte	.Ldebug_abbrev0
 213 000a 04       		.byte	0x4
 214 000b 01       		.uleb128 0x1
 215 000c B5000000 		.4byte	.LASF18
 216 0010 0C       		.byte	0xc
 217 0011 43010000 		.4byte	.LASF19
 218 0015 3C000000 		.4byte	.LASF20
 219 0019 00000000 		.4byte	.Ldebug_ranges0+0
 220 001d 00000000 		.4byte	0
 221 0021 00000000 		.4byte	.Ldebug_line0
 222 0025 02       		.uleb128 0x2
 223 0026 01       		.byte	0x1
 224 0027 08       		.byte	0x8
 225 0028 75010000 		.4byte	.LASF0
 226 002c 02       		.uleb128 0x2
 227 002d 01       		.byte	0x1
 228 002e 08       		.byte	0x8
 229 002f 67010000 		.4byte	.LASF1
 230 0033 02       		.uleb128 0x2
 231 0034 01       		.byte	0x1
ARM GAS  C:\Users\Aluno\AppData\Local\Temp\ccK5Y8c9.s 			page 10


 232 0035 06       		.byte	0x6
 233 0036 0E020000 		.4byte	.LASF2
 234 003a 02       		.uleb128 0x2
 235 003b 02       		.byte	0x2
 236 003c 07       		.byte	0x7
 237 003d B5010000 		.4byte	.LASF3
 238 0041 02       		.uleb128 0x2
 239 0042 02       		.byte	0x2
 240 0043 05       		.byte	0x5
 241 0044 04020000 		.4byte	.LASF4
 242 0048 03       		.uleb128 0x3
 243 0049 F9010000 		.4byte	.LASF10
 244 004d 02       		.byte	0x2
 245 004e 7C       		.byte	0x7c
 246 004f 53000000 		.4byte	0x53
 247 0053 02       		.uleb128 0x2
 248 0054 04       		.byte	0x4
 249 0055 07       		.byte	0x7
 250 0056 0E000000 		.4byte	.LASF5
 251 005a 04       		.uleb128 0x4
 252 005b 04       		.byte	0x4
 253 005c 05       		.byte	0x5
 254 005d 696E7400 		.ascii	"int\000"
 255 0061 02       		.uleb128 0x2
 256 0062 08       		.byte	0x8
 257 0063 07       		.byte	0x7
 258 0064 81010000 		.4byte	.LASF6
 259 0068 02       		.uleb128 0x2
 260 0069 08       		.byte	0x8
 261 006a 05       		.byte	0x5
 262 006b 00000000 		.4byte	.LASF7
 263 006f 02       		.uleb128 0x2
 264 0070 04       		.byte	0x4
 265 0071 04       		.byte	0x4
 266 0072 E2010000 		.4byte	.LASF8
 267 0076 02       		.uleb128 0x2
 268 0077 08       		.byte	0x8
 269 0078 04       		.byte	0x4
 270 0079 AE010000 		.4byte	.LASF9
 271 007d 05       		.uleb128 0x5
 272 007e DB010000 		.4byte	.LASF11
 273 0082 02       		.byte	0x2
 274 0083 2901     		.2byte	0x129
 275 0085 48000000 		.4byte	0x48
 276 0089 03       		.uleb128 0x3
 277 008a D2010000 		.4byte	.LASF12
 278 008e 03       		.byte	0x3
 279 008f BB       		.byte	0xbb
 280 0090 48000000 		.4byte	0x48
 281 0094 06       		.uleb128 0x6
 282 0095 32000000 		.4byte	.LASF21
 283 0099 01       		.byte	0x1
 284 009a 92       		.byte	0x92
 285 009b 00000000 		.4byte	.LFB0
 286 009f 0E000000 		.4byte	.LFE0-.LFB0
 287 00a3 01       		.uleb128 0x1
 288 00a4 9C       		.byte	0x9c
ARM GAS  C:\Users\Aluno\AppData\Local\Temp\ccK5Y8c9.s 			page 11


 289 00a5 07       		.uleb128 0x7
 290 00a6 98010000 		.4byte	.LASF22
 291 00aa 01       		.byte	0x1
 292 00ab AF       		.byte	0xaf
 293 00ac 00000000 		.4byte	.LFB1
 294 00b0 2C000000 		.4byte	.LFE1-.LFB1
 295 00b4 01       		.uleb128 0x1
 296 00b5 9C       		.byte	0x9c
 297 00b6 D7000000 		.4byte	0xd7
 298 00ba 08       		.uleb128 0x8
 299 00bb A9010000 		.4byte	.LASF14
 300 00bf 01       		.byte	0x1
 301 00c0 AF       		.byte	0xaf
 302 00c1 89000000 		.4byte	0x89
 303 00c5 02       		.uleb128 0x2
 304 00c6 91       		.byte	0x91
 305 00c7 6C       		.sleb128 -20
 306 00c8 09       		.uleb128 0x9
 307 00c9 7A010000 		.4byte	.LASF13
 308 00cd 01       		.byte	0x1
 309 00ce B1       		.byte	0xb1
 310 00cf 7D000000 		.4byte	0x7d
 311 00d3 02       		.uleb128 0x2
 312 00d4 91       		.byte	0x91
 313 00d5 74       		.sleb128 -12
 314 00d6 00       		.byte	0
 315 00d7 0A       		.uleb128 0xa
 316 00d8 C8010000 		.4byte	.LASF16
 317 00dc 01       		.byte	0x1
 318 00dd D8       		.byte	0xd8
 319 00de 89000000 		.4byte	0x89
 320 00e2 00000000 		.4byte	.LFB2
 321 00e6 38000000 		.4byte	.LFE2-.LFB2
 322 00ea 01       		.uleb128 0x1
 323 00eb 9C       		.byte	0x9c
 324 00ec 1B010000 		.4byte	0x11b
 325 00f0 09       		.uleb128 0x9
 326 00f1 A9010000 		.4byte	.LASF14
 327 00f5 01       		.byte	0x1
 328 00f6 DA       		.byte	0xda
 329 00f7 89000000 		.4byte	0x89
 330 00fb 02       		.uleb128 0x2
 331 00fc 91       		.byte	0x91
 332 00fd 70       		.sleb128 -16
 333 00fe 09       		.uleb128 0x9
 334 00ff 29000000 		.4byte	.LASF15
 335 0103 01       		.byte	0x1
 336 0104 DB       		.byte	0xdb
 337 0105 89000000 		.4byte	0x89
 338 0109 02       		.uleb128 0x2
 339 010a 91       		.byte	0x91
 340 010b 6C       		.sleb128 -20
 341 010c 09       		.uleb128 0x9
 342 010d 7A010000 		.4byte	.LASF13
 343 0111 01       		.byte	0x1
 344 0112 DC       		.byte	0xdc
 345 0113 7D000000 		.4byte	0x7d
ARM GAS  C:\Users\Aluno\AppData\Local\Temp\ccK5Y8c9.s 			page 12


 346 0117 02       		.uleb128 0x2
 347 0118 91       		.byte	0x91
 348 0119 74       		.sleb128 -12
 349 011a 00       		.byte	0
 350 011b 0B       		.uleb128 0xb
 351 011c 1B000000 		.4byte	.LASF17
 352 0120 01       		.byte	0x1
 353 0121 1201     		.2byte	0x112
 354 0123 89000000 		.4byte	0x89
 355 0127 00000000 		.4byte	.LFB3
 356 012b 2C000000 		.4byte	.LFE3-.LFB3
 357 012f 01       		.uleb128 0x1
 358 0130 9C       		.byte	0x9c
 359 0131 54010000 		.4byte	0x154
 360 0135 0C       		.uleb128 0xc
 361 0136 A9010000 		.4byte	.LASF14
 362 013a 01       		.byte	0x1
 363 013b 1201     		.2byte	0x112
 364 013d 89000000 		.4byte	0x89
 365 0141 02       		.uleb128 0x2
 366 0142 91       		.byte	0x91
 367 0143 6C       		.sleb128 -20
 368 0144 0D       		.uleb128 0xd
 369 0145 29000000 		.4byte	.LASF15
 370 0149 01       		.byte	0x1
 371 014a 1401     		.2byte	0x114
 372 014c 89000000 		.4byte	0x89
 373 0150 02       		.uleb128 0x2
 374 0151 91       		.byte	0x91
 375 0152 74       		.sleb128 -12
 376 0153 00       		.byte	0
 377 0154 0E       		.uleb128 0xe
 378 0155 E8010000 		.4byte	.LASF23
 379 0159 01       		.byte	0x1
 380 015a 6B       		.byte	0x6b
 381 015b 89000000 		.4byte	0x89
 382 015f 05       		.uleb128 0x5
 383 0160 03       		.byte	0x3
 384 0161 00000000 		.4byte	Math_RandSeedCur
 385 0165 00       		.byte	0
 386              		.section	.debug_abbrev,"",%progbits
 387              	.Ldebug_abbrev0:
 388 0000 01       		.uleb128 0x1
 389 0001 11       		.uleb128 0x11
 390 0002 01       		.byte	0x1
 391 0003 25       		.uleb128 0x25
 392 0004 0E       		.uleb128 0xe
 393 0005 13       		.uleb128 0x13
 394 0006 0B       		.uleb128 0xb
 395 0007 03       		.uleb128 0x3
 396 0008 0E       		.uleb128 0xe
 397 0009 1B       		.uleb128 0x1b
 398 000a 0E       		.uleb128 0xe
 399 000b 55       		.uleb128 0x55
 400 000c 17       		.uleb128 0x17
 401 000d 11       		.uleb128 0x11
 402 000e 01       		.uleb128 0x1
ARM GAS  C:\Users\Aluno\AppData\Local\Temp\ccK5Y8c9.s 			page 13


 403 000f 10       		.uleb128 0x10
 404 0010 17       		.uleb128 0x17
 405 0011 00       		.byte	0
 406 0012 00       		.byte	0
 407 0013 02       		.uleb128 0x2
 408 0014 24       		.uleb128 0x24
 409 0015 00       		.byte	0
 410 0016 0B       		.uleb128 0xb
 411 0017 0B       		.uleb128 0xb
 412 0018 3E       		.uleb128 0x3e
 413 0019 0B       		.uleb128 0xb
 414 001a 03       		.uleb128 0x3
 415 001b 0E       		.uleb128 0xe
 416 001c 00       		.byte	0
 417 001d 00       		.byte	0
 418 001e 03       		.uleb128 0x3
 419 001f 16       		.uleb128 0x16
 420 0020 00       		.byte	0
 421 0021 03       		.uleb128 0x3
 422 0022 0E       		.uleb128 0xe
 423 0023 3A       		.uleb128 0x3a
 424 0024 0B       		.uleb128 0xb
 425 0025 3B       		.uleb128 0x3b
 426 0026 0B       		.uleb128 0xb
 427 0027 49       		.uleb128 0x49
 428 0028 13       		.uleb128 0x13
 429 0029 00       		.byte	0
 430 002a 00       		.byte	0
 431 002b 04       		.uleb128 0x4
 432 002c 24       		.uleb128 0x24
 433 002d 00       		.byte	0
 434 002e 0B       		.uleb128 0xb
 435 002f 0B       		.uleb128 0xb
 436 0030 3E       		.uleb128 0x3e
 437 0031 0B       		.uleb128 0xb
 438 0032 03       		.uleb128 0x3
 439 0033 08       		.uleb128 0x8
 440 0034 00       		.byte	0
 441 0035 00       		.byte	0
 442 0036 05       		.uleb128 0x5
 443 0037 16       		.uleb128 0x16
 444 0038 00       		.byte	0
 445 0039 03       		.uleb128 0x3
 446 003a 0E       		.uleb128 0xe
 447 003b 3A       		.uleb128 0x3a
 448 003c 0B       		.uleb128 0xb
 449 003d 3B       		.uleb128 0x3b
 450 003e 05       		.uleb128 0x5
 451 003f 49       		.uleb128 0x49
 452 0040 13       		.uleb128 0x13
 453 0041 00       		.byte	0
 454 0042 00       		.byte	0
 455 0043 06       		.uleb128 0x6
 456 0044 2E       		.uleb128 0x2e
 457 0045 00       		.byte	0
 458 0046 3F       		.uleb128 0x3f
 459 0047 19       		.uleb128 0x19
ARM GAS  C:\Users\Aluno\AppData\Local\Temp\ccK5Y8c9.s 			page 14


 460 0048 03       		.uleb128 0x3
 461 0049 0E       		.uleb128 0xe
 462 004a 3A       		.uleb128 0x3a
 463 004b 0B       		.uleb128 0xb
 464 004c 3B       		.uleb128 0x3b
 465 004d 0B       		.uleb128 0xb
 466 004e 27       		.uleb128 0x27
 467 004f 19       		.uleb128 0x19
 468 0050 11       		.uleb128 0x11
 469 0051 01       		.uleb128 0x1
 470 0052 12       		.uleb128 0x12
 471 0053 06       		.uleb128 0x6
 472 0054 40       		.uleb128 0x40
 473 0055 18       		.uleb128 0x18
 474 0056 9642     		.uleb128 0x2116
 475 0058 19       		.uleb128 0x19
 476 0059 00       		.byte	0
 477 005a 00       		.byte	0
 478 005b 07       		.uleb128 0x7
 479 005c 2E       		.uleb128 0x2e
 480 005d 01       		.byte	0x1
 481 005e 3F       		.uleb128 0x3f
 482 005f 19       		.uleb128 0x19
 483 0060 03       		.uleb128 0x3
 484 0061 0E       		.uleb128 0xe
 485 0062 3A       		.uleb128 0x3a
 486 0063 0B       		.uleb128 0xb
 487 0064 3B       		.uleb128 0x3b
 488 0065 0B       		.uleb128 0xb
 489 0066 27       		.uleb128 0x27
 490 0067 19       		.uleb128 0x19
 491 0068 11       		.uleb128 0x11
 492 0069 01       		.uleb128 0x1
 493 006a 12       		.uleb128 0x12
 494 006b 06       		.uleb128 0x6
 495 006c 40       		.uleb128 0x40
 496 006d 18       		.uleb128 0x18
 497 006e 9642     		.uleb128 0x2116
 498 0070 19       		.uleb128 0x19
 499 0071 01       		.uleb128 0x1
 500 0072 13       		.uleb128 0x13
 501 0073 00       		.byte	0
 502 0074 00       		.byte	0
 503 0075 08       		.uleb128 0x8
 504 0076 05       		.uleb128 0x5
 505 0077 00       		.byte	0
 506 0078 03       		.uleb128 0x3
 507 0079 0E       		.uleb128 0xe
 508 007a 3A       		.uleb128 0x3a
 509 007b 0B       		.uleb128 0xb
 510 007c 3B       		.uleb128 0x3b
 511 007d 0B       		.uleb128 0xb
 512 007e 49       		.uleb128 0x49
 513 007f 13       		.uleb128 0x13
 514 0080 02       		.uleb128 0x2
 515 0081 18       		.uleb128 0x18
 516 0082 00       		.byte	0
ARM GAS  C:\Users\Aluno\AppData\Local\Temp\ccK5Y8c9.s 			page 15


 517 0083 00       		.byte	0
 518 0084 09       		.uleb128 0x9
 519 0085 34       		.uleb128 0x34
 520 0086 00       		.byte	0
 521 0087 03       		.uleb128 0x3
 522 0088 0E       		.uleb128 0xe
 523 0089 3A       		.uleb128 0x3a
 524 008a 0B       		.uleb128 0xb
 525 008b 3B       		.uleb128 0x3b
 526 008c 0B       		.uleb128 0xb
 527 008d 49       		.uleb128 0x49
 528 008e 13       		.uleb128 0x13
 529 008f 02       		.uleb128 0x2
 530 0090 18       		.uleb128 0x18
 531 0091 00       		.byte	0
 532 0092 00       		.byte	0
 533 0093 0A       		.uleb128 0xa
 534 0094 2E       		.uleb128 0x2e
 535 0095 01       		.byte	0x1
 536 0096 3F       		.uleb128 0x3f
 537 0097 19       		.uleb128 0x19
 538 0098 03       		.uleb128 0x3
 539 0099 0E       		.uleb128 0xe
 540 009a 3A       		.uleb128 0x3a
 541 009b 0B       		.uleb128 0xb
 542 009c 3B       		.uleb128 0x3b
 543 009d 0B       		.uleb128 0xb
 544 009e 27       		.uleb128 0x27
 545 009f 19       		.uleb128 0x19
 546 00a0 49       		.uleb128 0x49
 547 00a1 13       		.uleb128 0x13
 548 00a2 11       		.uleb128 0x11
 549 00a3 01       		.uleb128 0x1
 550 00a4 12       		.uleb128 0x12
 551 00a5 06       		.uleb128 0x6
 552 00a6 40       		.uleb128 0x40
 553 00a7 18       		.uleb128 0x18
 554 00a8 9642     		.uleb128 0x2116
 555 00aa 19       		.uleb128 0x19
 556 00ab 01       		.uleb128 0x1
 557 00ac 13       		.uleb128 0x13
 558 00ad 00       		.byte	0
 559 00ae 00       		.byte	0
 560 00af 0B       		.uleb128 0xb
 561 00b0 2E       		.uleb128 0x2e
 562 00b1 01       		.byte	0x1
 563 00b2 3F       		.uleb128 0x3f
 564 00b3 19       		.uleb128 0x19
 565 00b4 03       		.uleb128 0x3
 566 00b5 0E       		.uleb128 0xe
 567 00b6 3A       		.uleb128 0x3a
 568 00b7 0B       		.uleb128 0xb
 569 00b8 3B       		.uleb128 0x3b
 570 00b9 05       		.uleb128 0x5
 571 00ba 27       		.uleb128 0x27
 572 00bb 19       		.uleb128 0x19
 573 00bc 49       		.uleb128 0x49
ARM GAS  C:\Users\Aluno\AppData\Local\Temp\ccK5Y8c9.s 			page 16


 574 00bd 13       		.uleb128 0x13
 575 00be 11       		.uleb128 0x11
 576 00bf 01       		.uleb128 0x1
 577 00c0 12       		.uleb128 0x12
 578 00c1 06       		.uleb128 0x6
 579 00c2 40       		.uleb128 0x40
 580 00c3 18       		.uleb128 0x18
 581 00c4 9742     		.uleb128 0x2117
 582 00c6 19       		.uleb128 0x19
 583 00c7 01       		.uleb128 0x1
 584 00c8 13       		.uleb128 0x13
 585 00c9 00       		.byte	0
 586 00ca 00       		.byte	0
 587 00cb 0C       		.uleb128 0xc
 588 00cc 05       		.uleb128 0x5
 589 00cd 00       		.byte	0
 590 00ce 03       		.uleb128 0x3
 591 00cf 0E       		.uleb128 0xe
 592 00d0 3A       		.uleb128 0x3a
 593 00d1 0B       		.uleb128 0xb
 594 00d2 3B       		.uleb128 0x3b
 595 00d3 05       		.uleb128 0x5
 596 00d4 49       		.uleb128 0x49
 597 00d5 13       		.uleb128 0x13
 598 00d6 02       		.uleb128 0x2
 599 00d7 18       		.uleb128 0x18
 600 00d8 00       		.byte	0
 601 00d9 00       		.byte	0
 602 00da 0D       		.uleb128 0xd
 603 00db 34       		.uleb128 0x34
 604 00dc 00       		.byte	0
 605 00dd 03       		.uleb128 0x3
 606 00de 0E       		.uleb128 0xe
 607 00df 3A       		.uleb128 0x3a
 608 00e0 0B       		.uleb128 0xb
 609 00e1 3B       		.uleb128 0x3b
 610 00e2 05       		.uleb128 0x5
 611 00e3 49       		.uleb128 0x49
 612 00e4 13       		.uleb128 0x13
 613 00e5 02       		.uleb128 0x2
 614 00e6 18       		.uleb128 0x18
 615 00e7 00       		.byte	0
 616 00e8 00       		.byte	0
 617 00e9 0E       		.uleb128 0xe
 618 00ea 34       		.uleb128 0x34
 619 00eb 00       		.byte	0
 620 00ec 03       		.uleb128 0x3
 621 00ed 0E       		.uleb128 0xe
 622 00ee 3A       		.uleb128 0x3a
 623 00ef 0B       		.uleb128 0xb
 624 00f0 3B       		.uleb128 0x3b
 625 00f1 0B       		.uleb128 0xb
 626 00f2 49       		.uleb128 0x49
 627 00f3 13       		.uleb128 0x13
 628 00f4 3F       		.uleb128 0x3f
 629 00f5 19       		.uleb128 0x19
 630 00f6 02       		.uleb128 0x2
ARM GAS  C:\Users\Aluno\AppData\Local\Temp\ccK5Y8c9.s 			page 17


 631 00f7 18       		.uleb128 0x18
 632 00f8 00       		.byte	0
 633 00f9 00       		.byte	0
 634 00fa 00       		.byte	0
 635              		.section	.debug_aranges,"",%progbits
 636 0000 34000000 		.4byte	0x34
 637 0004 0200     		.2byte	0x2
 638 0006 00000000 		.4byte	.Ldebug_info0
 639 000a 04       		.byte	0x4
 640 000b 00       		.byte	0
 641 000c 0000     		.2byte	0
 642 000e 0000     		.2byte	0
 643 0010 00000000 		.4byte	.LFB0
 644 0014 0E000000 		.4byte	.LFE0-.LFB0
 645 0018 00000000 		.4byte	.LFB1
 646 001c 2C000000 		.4byte	.LFE1-.LFB1
 647 0020 00000000 		.4byte	.LFB2
 648 0024 38000000 		.4byte	.LFE2-.LFB2
 649 0028 00000000 		.4byte	.LFB3
 650 002c 2C000000 		.4byte	.LFE3-.LFB3
 651 0030 00000000 		.4byte	0
 652 0034 00000000 		.4byte	0
 653              		.section	.debug_ranges,"",%progbits
 654              	.Ldebug_ranges0:
 655 0000 00000000 		.4byte	.LFB0
 656 0004 0E000000 		.4byte	.LFE0
 657 0008 00000000 		.4byte	.LFB1
 658 000c 2C000000 		.4byte	.LFE1
 659 0010 00000000 		.4byte	.LFB2
 660 0014 38000000 		.4byte	.LFE2
 661 0018 00000000 		.4byte	.LFB3
 662 001c 2C000000 		.4byte	.LFE3
 663 0020 00000000 		.4byte	0
 664 0024 00000000 		.4byte	0
 665              		.section	.debug_line,"",%progbits
 666              	.Ldebug_line0:
 667 0000 D4000000 		.section	.debug_str,"MS",%progbits,1
 667      02007C00 
 667      00000201 
 667      FB0E0D00 
 667      01010101 
 668              	.LASF7:
 669 0000 6C6F6E67 		.ascii	"long long int\000"
 669      206C6F6E 
 669      6720696E 
 669      7400
 670              	.LASF5:
 671 000e 756E7369 		.ascii	"unsigned int\000"
 671      676E6564 
 671      20696E74 
 671      00
 672              	.LASF17:
 673 001b 4D617468 		.ascii	"Math_RandSeed\000"
 673      5F52616E 
 673      64536565 
 673      6400
 674              	.LASF15:
ARM GAS  C:\Users\Aluno\AppData\Local\Temp\ccK5Y8c9.s 			page 18


 675 0029 72616E64 		.ascii	"rand_nbr\000"
 675      5F6E6272 
 675      00
 676              	.LASF21:
 677 0032 4D617468 		.ascii	"Math_Init\000"
 677      5F496E69 
 677      7400
 678              	.LASF20:
 679 003c 433A5C55 		.ascii	"C:\\Users\\Aluno\\Downloads\\UCoS\\Micrium_2\\Softw"
 679      73657273 
 679      5C416C75 
 679      6E6F5C44 
 679      6F776E6C 
 680 0069 6172655C 		.ascii	"are\\EvalBoards\\Cypress\\CY8CKIT-050\\PSoC\\uCOS-I"
 680      4576616C 
 680      426F6172 
 680      64735C43 
 680      79707265 
 681 0097 49492D50 		.ascii	"II-Probe\\uCOS-III-Probe.cydsn\000"
 681      726F6265 
 681      5C75434F 
 681      532D4949 
 681      492D5072 
 682              	.LASF18:
 683 00b5 474E5520 		.ascii	"GNU C11 5.4.1 20160609 (release) [ARM/embedded-5-br"
 683      43313120 
 683      352E342E 
 683      31203230 
 683      31363036 
 684 00e8 616E6368 		.ascii	"anch revision 237715] -mcpu=cortex-m3 -mthumb -g -O"
 684      20726576 
 684      6973696F 
 684      6E203233 
 684      37373135 
 685 011b 30202D66 		.ascii	"0 -ffunction-sections -ffat-lto-objects\000"
 685      66756E63 
 685      74696F6E 
 685      2D736563 
 685      74696F6E 
 686              	.LASF19:
 687 0143 2E2E5C2E 		.ascii	"..\\..\\..\\..\\..\\..\\uC-LIB\\lib_math.c\000"
 687      2E5C2E2E 
 687      5C2E2E5C 
 687      2E2E5C2E 
 687      2E5C7543 
 688              	.LASF1:
 689 0167 756E7369 		.ascii	"unsigned char\000"
 689      676E6564 
 689      20636861 
 689      7200
 690              	.LASF0:
 691 0175 63686172 		.ascii	"char\000"
 691      00
 692              	.LASF13:
 693 017a 6370755F 		.ascii	"cpu_sr\000"
 693      737200
 694              	.LASF6:
ARM GAS  C:\Users\Aluno\AppData\Local\Temp\ccK5Y8c9.s 			page 19


 695 0181 6C6F6E67 		.ascii	"long long unsigned int\000"
 695      206C6F6E 
 695      6720756E 
 695      7369676E 
 695      65642069 
 696              	.LASF22:
 697 0198 4D617468 		.ascii	"Math_RandSetSeed\000"
 697      5F52616E 
 697      64536574 
 697      53656564 
 697      00
 698              	.LASF14:
 699 01a9 73656564 		.ascii	"seed\000"
 699      00
 700              	.LASF9:
 701 01ae 646F7562 		.ascii	"double\000"
 701      6C6500
 702              	.LASF3:
 703 01b5 73686F72 		.ascii	"short unsigned int\000"
 703      7420756E 
 703      7369676E 
 703      65642069 
 703      6E7400
 704              	.LASF16:
 705 01c8 4D617468 		.ascii	"Math_Rand\000"
 705      5F52616E 
 705      6400
 706              	.LASF12:
 707 01d2 52414E44 		.ascii	"RAND_NBR\000"
 707      5F4E4252 
 707      00
 708              	.LASF11:
 709 01db 4350555F 		.ascii	"CPU_SR\000"
 709      535200
 710              	.LASF8:
 711 01e2 666C6F61 		.ascii	"float\000"
 711      7400
 712              	.LASF23:
 713 01e8 4D617468 		.ascii	"Math_RandSeedCur\000"
 713      5F52616E 
 713      64536565 
 713      64437572 
 713      00
 714              	.LASF10:
 715 01f9 4350555F 		.ascii	"CPU_INT32U\000"
 715      494E5433 
 715      325500
 716              	.LASF4:
 717 0204 73686F72 		.ascii	"short int\000"
 717      7420696E 
 717      7400
 718              	.LASF2:
 719 020e 7369676E 		.ascii	"signed char\000"
 719      65642063 
 719      68617200 
 720              		.ident	"GCC: (GNU Tools for ARM Embedded Processors) 5.4.1 20160609 (release) [ARM/embedded-5-bran
