ARM GAS  C:\Users\Aluno\AppData\Local\Temp\ccyET8VM.s 			page 1


   1              		.syntax unified
   2              		.cpu cortex-m3
   3              		.fpu softvfp
   4              		.eabi_attribute 20, 1
   5              		.eabi_attribute 21, 1
   6              		.eabi_attribute 23, 3
   7              		.eabi_attribute 24, 1
   8              		.eabi_attribute 25, 1
   9              		.eabi_attribute 26, 1
  10              		.eabi_attribute 30, 6
  11              		.eabi_attribute 34, 1
  12              		.eabi_attribute 18, 4
  13              		.thumb
  14              		.syntax unified
  15              		.file	"os_prio.c"
  16              		.text
  17              	.Ltext0:
  18              		.cfi_sections	.debug_frame
  19              		.comm	OSPrioTbl,4,4
  20              		.section	.text.OS_PrioInit,"ax",%progbits
  21              		.align	2
  22              		.global	OS_PrioInit
  23              		.thumb
  24              		.thumb_func
  25              		.type	OS_PrioInit, %function
  26              	OS_PrioInit:
  27              	.LFB0:
  28              		.file 1 "..\\..\\..\\..\\..\\..\\uCOS-III\\Source\\os_prio.c"
   1:..\..\..\..\..\..\uCOS-III\Source/os_prio.c **** /*
   2:..\..\..\..\..\..\uCOS-III\Source/os_prio.c **** ***************************************************************************************************
   3:..\..\..\..\..\..\uCOS-III\Source/os_prio.c **** *                                                      uC/OS-III
   4:..\..\..\..\..\..\uCOS-III\Source/os_prio.c **** *                                                 The Real-Time Kernel
   5:..\..\..\..\..\..\uCOS-III\Source/os_prio.c **** *
   6:..\..\..\..\..\..\uCOS-III\Source/os_prio.c **** *                                  (c) Copyright 2009-2012; Micrium, Inc.; Weston, FL
   7:..\..\..\..\..\..\uCOS-III\Source/os_prio.c **** *                           All rights reserved.  Protected by international copyright laws.
   8:..\..\..\..\..\..\uCOS-III\Source/os_prio.c **** *
   9:..\..\..\..\..\..\uCOS-III\Source/os_prio.c **** *                                                 PRIORITY MANAGEMENT
  10:..\..\..\..\..\..\uCOS-III\Source/os_prio.c **** *
  11:..\..\..\..\..\..\uCOS-III\Source/os_prio.c **** * File    : OS_PRIO.C
  12:..\..\..\..\..\..\uCOS-III\Source/os_prio.c **** * By      : JJL
  13:..\..\..\..\..\..\uCOS-III\Source/os_prio.c **** * Version : V3.03.01
  14:..\..\..\..\..\..\uCOS-III\Source/os_prio.c **** *
  15:..\..\..\..\..\..\uCOS-III\Source/os_prio.c **** * LICENSING TERMS:
  16:..\..\..\..\..\..\uCOS-III\Source/os_prio.c **** * ---------------
  17:..\..\..\..\..\..\uCOS-III\Source/os_prio.c **** *           uC/OS-III is provided in source form for FREE short-term evaluation, for educational us
  18:..\..\..\..\..\..\uCOS-III\Source/os_prio.c **** *           for peaceful research.  If you plan or intend to use uC/OS-III in a commercial applicat
  19:..\..\..\..\..\..\uCOS-III\Source/os_prio.c **** *           product then, you need to contact Micrium to properly license uC/OS-III for its use in 
  20:..\..\..\..\..\..\uCOS-III\Source/os_prio.c **** *           application/product.   We provide ALL the source code for your convenience and to help 
  21:..\..\..\..\..\..\uCOS-III\Source/os_prio.c **** *           experience uC/OS-III.  The fact that the source is provided does NOT mean that you can 
  22:..\..\..\..\..\..\uCOS-III\Source/os_prio.c **** *           it commercially without paying a licensing fee.
  23:..\..\..\..\..\..\uCOS-III\Source/os_prio.c **** *
  24:..\..\..\..\..\..\uCOS-III\Source/os_prio.c **** *           Knowledge of the source code may NOT be used to develop a similar product.
  25:..\..\..\..\..\..\uCOS-III\Source/os_prio.c **** *
  26:..\..\..\..\..\..\uCOS-III\Source/os_prio.c **** *           Please help us continue to provide the embedded community with the finest software avai
  27:..\..\..\..\..\..\uCOS-III\Source/os_prio.c **** *           Your honesty is greatly appreciated.
  28:..\..\..\..\..\..\uCOS-III\Source/os_prio.c **** *
  29:..\..\..\..\..\..\uCOS-III\Source/os_prio.c **** *           You can contact us at www.micrium.com, or by phone at +1 (954) 217-2036.
ARM GAS  C:\Users\Aluno\AppData\Local\Temp\ccyET8VM.s 			page 2


  30:..\..\..\..\..\..\uCOS-III\Source/os_prio.c **** ***************************************************************************************************
  31:..\..\..\..\..\..\uCOS-III\Source/os_prio.c **** */
  32:..\..\..\..\..\..\uCOS-III\Source/os_prio.c **** 
  33:..\..\..\..\..\..\uCOS-III\Source/os_prio.c **** #define  MICRIUM_SOURCE
  34:..\..\..\..\..\..\uCOS-III\Source/os_prio.c **** #include <os.h>
  35:..\..\..\..\..\..\uCOS-III\Source/os_prio.c **** 
  36:..\..\..\..\..\..\uCOS-III\Source/os_prio.c **** #ifdef VSC_INCLUDE_SOURCE_FILE_NAMES
  37:..\..\..\..\..\..\uCOS-III\Source/os_prio.c **** const  CPU_CHAR  *os_prio__c = "$Id: $";
  38:..\..\..\..\..\..\uCOS-III\Source/os_prio.c **** #endif
  39:..\..\..\..\..\..\uCOS-III\Source/os_prio.c **** 
  40:..\..\..\..\..\..\uCOS-III\Source/os_prio.c **** 
  41:..\..\..\..\..\..\uCOS-III\Source/os_prio.c **** CPU_DATA   OSPrioTbl[OS_PRIO_TBL_SIZE];                     /* Declare the array local to this file
  42:..\..\..\..\..\..\uCOS-III\Source/os_prio.c ****                                                             /* ... optimization.  In other words, t
  43:..\..\..\..\..\..\uCOS-III\Source/os_prio.c ****                                                             /* ... table to be located in fast memo
  44:..\..\..\..\..\..\uCOS-III\Source/os_prio.c **** 
  45:..\..\..\..\..\..\uCOS-III\Source/os_prio.c **** /*
  46:..\..\..\..\..\..\uCOS-III\Source/os_prio.c **** ***************************************************************************************************
  47:..\..\..\..\..\..\uCOS-III\Source/os_prio.c **** *                                               INITIALIZE THE PRIORITY LIST
  48:..\..\..\..\..\..\uCOS-III\Source/os_prio.c **** *
  49:..\..\..\..\..\..\uCOS-III\Source/os_prio.c **** * Description: This function is called by uC/OS-III to initialize the list of ready priorities.
  50:..\..\..\..\..\..\uCOS-III\Source/os_prio.c **** *
  51:..\..\..\..\..\..\uCOS-III\Source/os_prio.c **** * Arguments  : none
  52:..\..\..\..\..\..\uCOS-III\Source/os_prio.c **** *
  53:..\..\..\..\..\..\uCOS-III\Source/os_prio.c **** * Returns    : none
  54:..\..\..\..\..\..\uCOS-III\Source/os_prio.c **** *
  55:..\..\..\..\..\..\uCOS-III\Source/os_prio.c **** * Note       : This function is INTERNAL to uC/OS-III and your application should not call it.
  56:..\..\..\..\..\..\uCOS-III\Source/os_prio.c **** ***************************************************************************************************
  57:..\..\..\..\..\..\uCOS-III\Source/os_prio.c **** */
  58:..\..\..\..\..\..\uCOS-III\Source/os_prio.c **** 
  59:..\..\..\..\..\..\uCOS-III\Source/os_prio.c **** void  OS_PrioInit (void)
  60:..\..\..\..\..\..\uCOS-III\Source/os_prio.c **** {
  29              		.loc 1 60 0
  30              		.cfi_startproc
  31              		@ args = 0, pretend = 0, frame = 8
  32              		@ frame_needed = 1, uses_anonymous_args = 0
  33              		@ link register save eliminated.
  34 0000 80B4     		push	{r7}
  35              		.cfi_def_cfa_offset 4
  36              		.cfi_offset 7, -4
  37 0002 83B0     		sub	sp, sp, #12
  38              		.cfi_def_cfa_offset 16
  39 0004 00AF     		add	r7, sp, #0
  40              		.cfi_def_cfa_register 7
  61:..\..\..\..\..\..\uCOS-III\Source/os_prio.c ****     CPU_DATA  i;
  62:..\..\..\..\..\..\uCOS-III\Source/os_prio.c **** 
  63:..\..\..\..\..\..\uCOS-III\Source/os_prio.c **** 
  64:..\..\..\..\..\..\uCOS-III\Source/os_prio.c ****                                                             /* Clear the bitmap table ... no task i
  65:..\..\..\..\..\..\uCOS-III\Source/os_prio.c ****     for (i = 0u; i < OS_PRIO_TBL_SIZE; i++) {
  41              		.loc 1 65 0
  42 0006 0023     		movs	r3, #0
  43 0008 7B60     		str	r3, [r7, #4]
  44 000a 07E0     		b	.L2
  45              	.L3:
  66:..\..\..\..\..\..\uCOS-III\Source/os_prio.c ****          OSPrioTbl[i] = (CPU_DATA)0;
  46              		.loc 1 66 0 discriminator 3
  47 000c 074A     		ldr	r2, .L4
  48 000e 7B68     		ldr	r3, [r7, #4]
ARM GAS  C:\Users\Aluno\AppData\Local\Temp\ccyET8VM.s 			page 3


  49 0010 0021     		movs	r1, #0
  50 0012 42F82310 		str	r1, [r2, r3, lsl #2]
  65:..\..\..\..\..\..\uCOS-III\Source/os_prio.c ****          OSPrioTbl[i] = (CPU_DATA)0;
  51              		.loc 1 65 0 discriminator 3
  52 0016 7B68     		ldr	r3, [r7, #4]
  53 0018 0133     		adds	r3, r3, #1
  54 001a 7B60     		str	r3, [r7, #4]
  55              	.L2:
  65:..\..\..\..\..\..\uCOS-III\Source/os_prio.c ****          OSPrioTbl[i] = (CPU_DATA)0;
  56              		.loc 1 65 0 is_stmt 0 discriminator 1
  57 001c 7B68     		ldr	r3, [r7, #4]
  58 001e 002B     		cmp	r3, #0
  59 0020 F4D0     		beq	.L3
  67:..\..\..\..\..\..\uCOS-III\Source/os_prio.c ****     }
  68:..\..\..\..\..\..\uCOS-III\Source/os_prio.c **** }
  60              		.loc 1 68 0 is_stmt 1
  61 0022 00BF     		nop
  62 0024 0C37     		adds	r7, r7, #12
  63              		.cfi_def_cfa_offset 4
  64 0026 BD46     		mov	sp, r7
  65              		.cfi_def_cfa_register 13
  66              		@ sp needed
  67 0028 80BC     		pop	{r7}
  68              		.cfi_restore 7
  69              		.cfi_def_cfa_offset 0
  70 002a 7047     		bx	lr
  71              	.L5:
  72              		.align	2
  73              	.L4:
  74 002c 00000000 		.word	OSPrioTbl
  75              		.cfi_endproc
  76              	.LFE0:
  77              		.size	OS_PrioInit, .-OS_PrioInit
  78              		.section	.text.OS_PrioGetHighest,"ax",%progbits
  79              		.align	2
  80              		.global	OS_PrioGetHighest
  81              		.thumb
  82              		.thumb_func
  83              		.type	OS_PrioGetHighest, %function
  84              	OS_PrioGetHighest:
  85              	.LFB1:
  69:..\..\..\..\..\..\uCOS-III\Source/os_prio.c **** 
  70:..\..\..\..\..\..\uCOS-III\Source/os_prio.c **** /*
  71:..\..\..\..\..\..\uCOS-III\Source/os_prio.c **** ***************************************************************************************************
  72:..\..\..\..\..\..\uCOS-III\Source/os_prio.c **** *                                           GET HIGHEST PRIORITY TASK WAITING
  73:..\..\..\..\..\..\uCOS-III\Source/os_prio.c **** *
  74:..\..\..\..\..\..\uCOS-III\Source/os_prio.c **** * Description: This function is called by other uC/OS-III services to determine the highest priorit
  75:..\..\..\..\..\..\uCOS-III\Source/os_prio.c **** *              waiting on the event.
  76:..\..\..\..\..\..\uCOS-III\Source/os_prio.c **** *
  77:..\..\..\..\..\..\uCOS-III\Source/os_prio.c **** * Arguments  : none
  78:..\..\..\..\..\..\uCOS-III\Source/os_prio.c **** *
  79:..\..\..\..\..\..\uCOS-III\Source/os_prio.c **** * Returns    : The priority of the Highest Priority Task (HPT) waiting for the event
  80:..\..\..\..\..\..\uCOS-III\Source/os_prio.c **** *
  81:..\..\..\..\..\..\uCOS-III\Source/os_prio.c **** * Note(s)    : 1) This function is INTERNAL to uC/OS-III and your application MUST NOT call it.
  82:..\..\..\..\..\..\uCOS-III\Source/os_prio.c **** ***************************************************************************************************
  83:..\..\..\..\..\..\uCOS-III\Source/os_prio.c **** */
  84:..\..\..\..\..\..\uCOS-III\Source/os_prio.c **** 
ARM GAS  C:\Users\Aluno\AppData\Local\Temp\ccyET8VM.s 			page 4


  85:..\..\..\..\..\..\uCOS-III\Source/os_prio.c **** OS_PRIO  OS_PrioGetHighest (void)
  86:..\..\..\..\..\..\uCOS-III\Source/os_prio.c **** {
  86              		.loc 1 86 0
  87              		.cfi_startproc
  88              		@ args = 0, pretend = 0, frame = 8
  89              		@ frame_needed = 1, uses_anonymous_args = 0
  90 0000 80B5     		push	{r7, lr}
  91              		.cfi_def_cfa_offset 8
  92              		.cfi_offset 7, -8
  93              		.cfi_offset 14, -4
  94 0002 82B0     		sub	sp, sp, #8
  95              		.cfi_def_cfa_offset 16
  96 0004 00AF     		add	r7, sp, #0
  97              		.cfi_def_cfa_register 7
  87:..\..\..\..\..\..\uCOS-III\Source/os_prio.c ****     CPU_DATA  *p_tbl;
  88:..\..\..\..\..\..\uCOS-III\Source/os_prio.c ****     OS_PRIO    prio;
  89:..\..\..\..\..\..\uCOS-III\Source/os_prio.c **** 
  90:..\..\..\..\..\..\uCOS-III\Source/os_prio.c **** 
  91:..\..\..\..\..\..\uCOS-III\Source/os_prio.c ****     prio  = (OS_PRIO)0;
  98              		.loc 1 91 0
  99 0006 0023     		movs	r3, #0
 100 0008 FB70     		strb	r3, [r7, #3]
  92:..\..\..\..\..\..\uCOS-III\Source/os_prio.c ****     p_tbl = &OSPrioTbl[0];
 101              		.loc 1 92 0
 102 000a 0E4B     		ldr	r3, .L10
 103 000c 7B60     		str	r3, [r7, #4]
  93:..\..\..\..\..\..\uCOS-III\Source/os_prio.c ****     while (*p_tbl == (CPU_DATA)0) {                         /* Search the bitmap table for the high
 104              		.loc 1 93 0
 105 000e 05E0     		b	.L7
 106              	.L8:
  94:..\..\..\..\..\..\uCOS-III\Source/os_prio.c ****         prio += DEF_INT_CPU_NBR_BITS;                       /* Compute the step of each CPU_DATA en
 107              		.loc 1 94 0
 108 0010 FB78     		ldrb	r3, [r7, #3]
 109 0012 2033     		adds	r3, r3, #32
 110 0014 FB70     		strb	r3, [r7, #3]
  95:..\..\..\..\..\..\uCOS-III\Source/os_prio.c ****         p_tbl++;
 111              		.loc 1 95 0
 112 0016 7B68     		ldr	r3, [r7, #4]
 113 0018 0433     		adds	r3, r3, #4
 114 001a 7B60     		str	r3, [r7, #4]
 115              	.L7:
  93:..\..\..\..\..\..\uCOS-III\Source/os_prio.c ****     while (*p_tbl == (CPU_DATA)0) {                         /* Search the bitmap table for the high
 116              		.loc 1 93 0
 117 001c 7B68     		ldr	r3, [r7, #4]
 118 001e 1B68     		ldr	r3, [r3]
 119 0020 002B     		cmp	r3, #0
 120 0022 F5D0     		beq	.L8
  96:..\..\..\..\..\..\uCOS-III\Source/os_prio.c ****     }
  97:..\..\..\..\..\..\uCOS-III\Source/os_prio.c ****     prio += (OS_PRIO)CPU_CntLeadZeros(*p_tbl);              /* Find the position of the first bit s
 121              		.loc 1 97 0
 122 0024 7B68     		ldr	r3, [r7, #4]
 123 0026 1B68     		ldr	r3, [r3]
 124 0028 1846     		mov	r0, r3
 125 002a FFF7FEFF 		bl	CPU_CntLeadZeros
 126 002e 0346     		mov	r3, r0
 127 0030 DAB2     		uxtb	r2, r3
 128 0032 FB78     		ldrb	r3, [r7, #3]
ARM GAS  C:\Users\Aluno\AppData\Local\Temp\ccyET8VM.s 			page 5


 129 0034 1344     		add	r3, r3, r2
 130 0036 FB70     		strb	r3, [r7, #3]
  98:..\..\..\..\..\..\uCOS-III\Source/os_prio.c ****     return (prio);
 131              		.loc 1 98 0
 132 0038 FB78     		ldrb	r3, [r7, #3]	@ zero_extendqisi2
  99:..\..\..\..\..\..\uCOS-III\Source/os_prio.c **** }
 133              		.loc 1 99 0
 134 003a 1846     		mov	r0, r3
 135 003c 0837     		adds	r7, r7, #8
 136              		.cfi_def_cfa_offset 8
 137 003e BD46     		mov	sp, r7
 138              		.cfi_def_cfa_register 13
 139              		@ sp needed
 140 0040 80BD     		pop	{r7, pc}
 141              	.L11:
 142 0042 00BF     		.align	2
 143              	.L10:
 144 0044 00000000 		.word	OSPrioTbl
 145              		.cfi_endproc
 146              	.LFE1:
 147              		.size	OS_PrioGetHighest, .-OS_PrioGetHighest
 148              		.section	.text.OS_PrioInsert,"ax",%progbits
 149              		.align	2
 150              		.global	OS_PrioInsert
 151              		.thumb
 152              		.thumb_func
 153              		.type	OS_PrioInsert, %function
 154              	OS_PrioInsert:
 155              	.LFB2:
 100:..\..\..\..\..\..\uCOS-III\Source/os_prio.c **** 
 101:..\..\..\..\..\..\uCOS-III\Source/os_prio.c **** /*
 102:..\..\..\..\..\..\uCOS-III\Source/os_prio.c **** ***************************************************************************************************
 103:..\..\..\..\..\..\uCOS-III\Source/os_prio.c **** *                                                  INSERT PRIORITY
 104:..\..\..\..\..\..\uCOS-III\Source/os_prio.c **** *
 105:..\..\..\..\..\..\uCOS-III\Source/os_prio.c **** * Description: This function is called to insert a priority in the priority table.
 106:..\..\..\..\..\..\uCOS-III\Source/os_prio.c **** *
 107:..\..\..\..\..\..\uCOS-III\Source/os_prio.c **** * Arguments  : prio     is the priority to insert
 108:..\..\..\..\..\..\uCOS-III\Source/os_prio.c **** *
 109:..\..\..\..\..\..\uCOS-III\Source/os_prio.c **** * Returns    : none
 110:..\..\..\..\..\..\uCOS-III\Source/os_prio.c **** *
 111:..\..\..\..\..\..\uCOS-III\Source/os_prio.c **** * Note(s)    : 1) This function is INTERNAL to uC/OS-III and your application MUST NOT call it.
 112:..\..\..\..\..\..\uCOS-III\Source/os_prio.c **** ***************************************************************************************************
 113:..\..\..\..\..\..\uCOS-III\Source/os_prio.c **** */
 114:..\..\..\..\..\..\uCOS-III\Source/os_prio.c **** 
 115:..\..\..\..\..\..\uCOS-III\Source/os_prio.c **** void  OS_PrioInsert (OS_PRIO  prio)
 116:..\..\..\..\..\..\uCOS-III\Source/os_prio.c **** {
 156              		.loc 1 116 0
 157              		.cfi_startproc
 158              		@ args = 0, pretend = 0, frame = 24
 159              		@ frame_needed = 1, uses_anonymous_args = 0
 160              		@ link register save eliminated.
 161 0000 80B4     		push	{r7}
 162              		.cfi_def_cfa_offset 4
 163              		.cfi_offset 7, -4
 164 0002 87B0     		sub	sp, sp, #28
 165              		.cfi_def_cfa_offset 32
 166 0004 00AF     		add	r7, sp, #0
ARM GAS  C:\Users\Aluno\AppData\Local\Temp\ccyET8VM.s 			page 6


 167              		.cfi_def_cfa_register 7
 168 0006 0346     		mov	r3, r0
 169 0008 FB71     		strb	r3, [r7, #7]
 117:..\..\..\..\..\..\uCOS-III\Source/os_prio.c ****     CPU_DATA  bit;
 118:..\..\..\..\..\..\uCOS-III\Source/os_prio.c ****     CPU_DATA  bit_nbr;
 119:..\..\..\..\..\..\uCOS-III\Source/os_prio.c ****     OS_PRIO   ix;
 120:..\..\..\..\..\..\uCOS-III\Source/os_prio.c **** 
 121:..\..\..\..\..\..\uCOS-III\Source/os_prio.c **** 
 122:..\..\..\..\..\..\uCOS-III\Source/os_prio.c ****     ix             = prio / DEF_INT_CPU_NBR_BITS;
 170              		.loc 1 122 0
 171 000a FB79     		ldrb	r3, [r7, #7]	@ zero_extendqisi2
 172 000c 5B09     		lsrs	r3, r3, #5
 173 000e FB75     		strb	r3, [r7, #23]
 123:..\..\..\..\..\..\uCOS-III\Source/os_prio.c ****     bit_nbr        = (CPU_DATA)prio & (DEF_INT_CPU_NBR_BITS - 1u);
 174              		.loc 1 123 0
 175 0010 FB79     		ldrb	r3, [r7, #7]	@ zero_extendqisi2
 176 0012 03F01F03 		and	r3, r3, #31
 177 0016 3B61     		str	r3, [r7, #16]
 124:..\..\..\..\..\..\uCOS-III\Source/os_prio.c ****     bit            = 1u;
 178              		.loc 1 124 0
 179 0018 0123     		movs	r3, #1
 180 001a FB60     		str	r3, [r7, #12]
 125:..\..\..\..\..\..\uCOS-III\Source/os_prio.c ****     bit          <<= (DEF_INT_CPU_NBR_BITS - 1u) - bit_nbr;
 181              		.loc 1 125 0
 182 001c 3B69     		ldr	r3, [r7, #16]
 183 001e C3F11F03 		rsb	r3, r3, #31
 184 0022 FA68     		ldr	r2, [r7, #12]
 185 0024 02FA03F3 		lsl	r3, r2, r3
 186 0028 FB60     		str	r3, [r7, #12]
 126:..\..\..\..\..\..\uCOS-III\Source/os_prio.c ****     OSPrioTbl[ix] |= bit;
 187              		.loc 1 126 0
 188 002a FB7D     		ldrb	r3, [r7, #23]	@ zero_extendqisi2
 189 002c FA7D     		ldrb	r2, [r7, #23]	@ zero_extendqisi2
 190 002e 0649     		ldr	r1, .L13
 191 0030 51F82210 		ldr	r1, [r1, r2, lsl #2]
 192 0034 FA68     		ldr	r2, [r7, #12]
 193 0036 0A43     		orrs	r2, r2, r1
 194 0038 0349     		ldr	r1, .L13
 195 003a 41F82320 		str	r2, [r1, r3, lsl #2]
 127:..\..\..\..\..\..\uCOS-III\Source/os_prio.c **** }
 196              		.loc 1 127 0
 197 003e 00BF     		nop
 198 0040 1C37     		adds	r7, r7, #28
 199              		.cfi_def_cfa_offset 4
 200 0042 BD46     		mov	sp, r7
 201              		.cfi_def_cfa_register 13
 202              		@ sp needed
 203 0044 80BC     		pop	{r7}
 204              		.cfi_restore 7
 205              		.cfi_def_cfa_offset 0
 206 0046 7047     		bx	lr
 207              	.L14:
 208              		.align	2
 209              	.L13:
 210 0048 00000000 		.word	OSPrioTbl
 211              		.cfi_endproc
 212              	.LFE2:
ARM GAS  C:\Users\Aluno\AppData\Local\Temp\ccyET8VM.s 			page 7


 213              		.size	OS_PrioInsert, .-OS_PrioInsert
 214              		.section	.text.OS_PrioRemove,"ax",%progbits
 215              		.align	2
 216              		.global	OS_PrioRemove
 217              		.thumb
 218              		.thumb_func
 219              		.type	OS_PrioRemove, %function
 220              	OS_PrioRemove:
 221              	.LFB3:
 128:..\..\..\..\..\..\uCOS-III\Source/os_prio.c **** 
 129:..\..\..\..\..\..\uCOS-III\Source/os_prio.c **** /*
 130:..\..\..\..\..\..\uCOS-III\Source/os_prio.c **** ***************************************************************************************************
 131:..\..\..\..\..\..\uCOS-III\Source/os_prio.c **** *                                                   REMOVE PRIORITY
 132:..\..\..\..\..\..\uCOS-III\Source/os_prio.c **** *
 133:..\..\..\..\..\..\uCOS-III\Source/os_prio.c **** * Description: This function is called to remove a priority in the priority table.
 134:..\..\..\..\..\..\uCOS-III\Source/os_prio.c **** *
 135:..\..\..\..\..\..\uCOS-III\Source/os_prio.c **** * Arguments  : prio     is the priority to remove
 136:..\..\..\..\..\..\uCOS-III\Source/os_prio.c **** *
 137:..\..\..\..\..\..\uCOS-III\Source/os_prio.c **** * Returns    : none
 138:..\..\..\..\..\..\uCOS-III\Source/os_prio.c **** *
 139:..\..\..\..\..\..\uCOS-III\Source/os_prio.c **** * Note(s)    : 1) This function is INTERNAL to uC/OS-III and your application MUST NOT call it.
 140:..\..\..\..\..\..\uCOS-III\Source/os_prio.c **** ***************************************************************************************************
 141:..\..\..\..\..\..\uCOS-III\Source/os_prio.c **** */
 142:..\..\..\..\..\..\uCOS-III\Source/os_prio.c **** 
 143:..\..\..\..\..\..\uCOS-III\Source/os_prio.c **** void  OS_PrioRemove (OS_PRIO  prio)
 144:..\..\..\..\..\..\uCOS-III\Source/os_prio.c **** {
 222              		.loc 1 144 0
 223              		.cfi_startproc
 224              		@ args = 0, pretend = 0, frame = 24
 225              		@ frame_needed = 1, uses_anonymous_args = 0
 226              		@ link register save eliminated.
 227 0000 80B4     		push	{r7}
 228              		.cfi_def_cfa_offset 4
 229              		.cfi_offset 7, -4
 230 0002 87B0     		sub	sp, sp, #28
 231              		.cfi_def_cfa_offset 32
 232 0004 00AF     		add	r7, sp, #0
 233              		.cfi_def_cfa_register 7
 234 0006 0346     		mov	r3, r0
 235 0008 FB71     		strb	r3, [r7, #7]
 145:..\..\..\..\..\..\uCOS-III\Source/os_prio.c ****     CPU_DATA  bit;
 146:..\..\..\..\..\..\uCOS-III\Source/os_prio.c ****     CPU_DATA  bit_nbr;
 147:..\..\..\..\..\..\uCOS-III\Source/os_prio.c ****     OS_PRIO   ix;
 148:..\..\..\..\..\..\uCOS-III\Source/os_prio.c **** 
 149:..\..\..\..\..\..\uCOS-III\Source/os_prio.c **** 
 150:..\..\..\..\..\..\uCOS-III\Source/os_prio.c ****     ix             = prio / DEF_INT_CPU_NBR_BITS;
 236              		.loc 1 150 0
 237 000a FB79     		ldrb	r3, [r7, #7]	@ zero_extendqisi2
 238 000c 5B09     		lsrs	r3, r3, #5
 239 000e FB75     		strb	r3, [r7, #23]
 151:..\..\..\..\..\..\uCOS-III\Source/os_prio.c ****     bit_nbr        = (CPU_DATA)prio & (DEF_INT_CPU_NBR_BITS - 1u);
 240              		.loc 1 151 0
 241 0010 FB79     		ldrb	r3, [r7, #7]	@ zero_extendqisi2
 242 0012 03F01F03 		and	r3, r3, #31
 243 0016 3B61     		str	r3, [r7, #16]
 152:..\..\..\..\..\..\uCOS-III\Source/os_prio.c ****     bit            = 1u;
 244              		.loc 1 152 0
ARM GAS  C:\Users\Aluno\AppData\Local\Temp\ccyET8VM.s 			page 8


 245 0018 0123     		movs	r3, #1
 246 001a FB60     		str	r3, [r7, #12]
 153:..\..\..\..\..\..\uCOS-III\Source/os_prio.c ****     bit          <<= (DEF_INT_CPU_NBR_BITS - 1u) - bit_nbr;
 247              		.loc 1 153 0
 248 001c 3B69     		ldr	r3, [r7, #16]
 249 001e C3F11F03 		rsb	r3, r3, #31
 250 0022 FA68     		ldr	r2, [r7, #12]
 251 0024 02FA03F3 		lsl	r3, r2, r3
 252 0028 FB60     		str	r3, [r7, #12]
 154:..\..\..\..\..\..\uCOS-III\Source/os_prio.c ****     OSPrioTbl[ix] &= ~bit;
 253              		.loc 1 154 0
 254 002a FB7D     		ldrb	r3, [r7, #23]	@ zero_extendqisi2
 255 002c FA7D     		ldrb	r2, [r7, #23]	@ zero_extendqisi2
 256 002e 0749     		ldr	r1, .L16
 257 0030 51F82210 		ldr	r1, [r1, r2, lsl #2]
 258 0034 FA68     		ldr	r2, [r7, #12]
 259 0036 D243     		mvns	r2, r2
 260 0038 0A40     		ands	r2, r2, r1
 261 003a 0449     		ldr	r1, .L16
 262 003c 41F82320 		str	r2, [r1, r3, lsl #2]
 155:..\..\..\..\..\..\uCOS-III\Source/os_prio.c **** }
 263              		.loc 1 155 0
 264 0040 00BF     		nop
 265 0042 1C37     		adds	r7, r7, #28
 266              		.cfi_def_cfa_offset 4
 267 0044 BD46     		mov	sp, r7
 268              		.cfi_def_cfa_register 13
 269              		@ sp needed
 270 0046 80BC     		pop	{r7}
 271              		.cfi_restore 7
 272              		.cfi_def_cfa_offset 0
 273 0048 7047     		bx	lr
 274              	.L17:
 275 004a 00BF     		.align	2
 276              	.L16:
 277 004c 00000000 		.word	OSPrioTbl
 278              		.cfi_endproc
 279              	.LFE3:
 280              		.size	OS_PrioRemove, .-OS_PrioRemove
 281              		.text
 282              	.Letext0:
 283              		.file 2 "..\\..\\..\\..\\..\\..\\uC-CPU\\ARM-Cortex-M3\\GNU/cpu.h"
 284              		.file 3 "..\\..\\..\\..\\..\\..\\uCOS-III\\Source/os_type.h"
 285              		.section	.debug_info,"",%progbits
 286              	.Ldebug_info0:
 287 0000 BB010000 		.4byte	0x1bb
 288 0004 0400     		.2byte	0x4
 289 0006 00000000 		.4byte	.Ldebug_abbrev0
 290 000a 04       		.byte	0x4
 291 000b 01       		.uleb128 0x1
 292 000c 18010000 		.4byte	.LASF21
 293 0010 0C       		.byte	0xc
 294 0011 73000000 		.4byte	.LASF22
 295 0015 9F000000 		.4byte	.LASF23
 296 0019 00000000 		.4byte	.Ldebug_ranges0+0
 297 001d 00000000 		.4byte	0
 298 0021 00000000 		.4byte	.Ldebug_line0
ARM GAS  C:\Users\Aluno\AppData\Local\Temp\ccyET8VM.s 			page 9


 299 0025 02       		.uleb128 0x2
 300 0026 01       		.byte	0x1
 301 0027 08       		.byte	0x8
 302 0028 B4010000 		.4byte	.LASF0
 303 002c 02       		.uleb128 0x2
 304 002d 01       		.byte	0x1
 305 002e 08       		.byte	0x8
 306 002f A6010000 		.4byte	.LASF1
 307 0033 03       		.uleb128 0x3
 308 0034 0A020000 		.4byte	.LASF5
 309 0038 02       		.byte	0x2
 310 0039 78       		.byte	0x78
 311 003a 2C000000 		.4byte	0x2c
 312 003e 02       		.uleb128 0x2
 313 003f 01       		.byte	0x1
 314 0040 06       		.byte	0x6
 315 0041 EF010000 		.4byte	.LASF2
 316 0045 02       		.uleb128 0x2
 317 0046 02       		.byte	0x2
 318 0047 07       		.byte	0x7
 319 0048 DC010000 		.4byte	.LASF3
 320 004c 02       		.uleb128 0x2
 321 004d 02       		.byte	0x2
 322 004e 05       		.byte	0x5
 323 004f CB010000 		.4byte	.LASF4
 324 0053 03       		.uleb128 0x3
 325 0054 1C000000 		.4byte	.LASF6
 326 0058 02       		.byte	0x2
 327 0059 7C       		.byte	0x7c
 328 005a 5E000000 		.4byte	0x5e
 329 005e 02       		.uleb128 0x2
 330 005f 04       		.byte	0x4
 331 0060 07       		.byte	0x7
 332 0061 15020000 		.4byte	.LASF7
 333 0065 04       		.uleb128 0x4
 334 0066 04       		.byte	0x4
 335 0067 05       		.byte	0x5
 336 0068 696E7400 		.ascii	"int\000"
 337 006c 02       		.uleb128 0x2
 338 006d 08       		.byte	0x8
 339 006e 07       		.byte	0x7
 340 006f 57000000 		.4byte	.LASF8
 341 0073 02       		.uleb128 0x2
 342 0074 08       		.byte	0x8
 343 0075 05       		.byte	0x5
 344 0076 00000000 		.4byte	.LASF9
 345 007a 02       		.uleb128 0x2
 346 007b 04       		.byte	0x4
 347 007c 04       		.byte	0x4
 348 007d FB010000 		.4byte	.LASF10
 349 0081 02       		.uleb128 0x2
 350 0082 08       		.byte	0x8
 351 0083 04       		.byte	0x4
 352 0084 D5010000 		.4byte	.LASF11
 353 0088 03       		.uleb128 0x3
 354 0089 01020000 		.4byte	.LASF12
 355 008d 02       		.byte	0x2
ARM GAS  C:\Users\Aluno\AppData\Local\Temp\ccyET8VM.s 			page 10


 356 008e BE       		.byte	0xbe
 357 008f 53000000 		.4byte	0x53
 358 0093 03       		.uleb128 0x3
 359 0094 27000000 		.4byte	.LASF13
 360 0098 03       		.byte	0x3
 361 0099 49       		.byte	0x49
 362 009a 33000000 		.4byte	0x33
 363 009e 02       		.uleb128 0x2
 364 009f 04       		.byte	0x4
 365 00a0 07       		.byte	0x7
 366 00a1 2C020000 		.4byte	.LASF14
 367 00a5 05       		.uleb128 0x5
 368 00a6 43000000 		.4byte	.LASF17
 369 00aa 01       		.byte	0x1
 370 00ab 3B       		.byte	0x3b
 371 00ac 00000000 		.4byte	.LFB0
 372 00b0 30000000 		.4byte	.LFE0-.LFB0
 373 00b4 01       		.uleb128 0x1
 374 00b5 9C       		.byte	0x9c
 375 00b6 C7000000 		.4byte	0xc7
 376 00ba 06       		.uleb128 0x6
 377 00bb 6900     		.ascii	"i\000"
 378 00bd 01       		.byte	0x1
 379 00be 3D       		.byte	0x3d
 380 00bf 88000000 		.4byte	0x88
 381 00c3 02       		.uleb128 0x2
 382 00c4 91       		.byte	0x91
 383 00c5 74       		.sleb128 -12
 384 00c6 00       		.byte	0
 385 00c7 07       		.uleb128 0x7
 386 00c8 B9010000 		.4byte	.LASF24
 387 00cc 01       		.byte	0x1
 388 00cd 55       		.byte	0x55
 389 00ce 93000000 		.4byte	0x93
 390 00d2 00000000 		.4byte	.LFB1
 391 00d6 48000000 		.4byte	.LFE1-.LFB1
 392 00da 01       		.uleb128 0x1
 393 00db 9C       		.byte	0x9c
 394 00dc FD000000 		.4byte	0xfd
 395 00e0 08       		.uleb128 0x8
 396 00e1 3D000000 		.4byte	.LASF15
 397 00e5 01       		.byte	0x1
 398 00e6 57       		.byte	0x57
 399 00e7 FD000000 		.4byte	0xfd
 400 00eb 02       		.uleb128 0x2
 401 00ec 91       		.byte	0x91
 402 00ed 74       		.sleb128 -12
 403 00ee 08       		.uleb128 0x8
 404 00ef 6E000000 		.4byte	.LASF16
 405 00f3 01       		.byte	0x1
 406 00f4 58       		.byte	0x58
 407 00f5 93000000 		.4byte	0x93
 408 00f9 02       		.uleb128 0x2
 409 00fa 91       		.byte	0x91
 410 00fb 73       		.sleb128 -13
 411 00fc 00       		.byte	0
 412 00fd 09       		.uleb128 0x9
ARM GAS  C:\Users\Aluno\AppData\Local\Temp\ccyET8VM.s 			page 11


 413 00fe 04       		.byte	0x4
 414 00ff 88000000 		.4byte	0x88
 415 0103 05       		.uleb128 0x5
 416 0104 0E000000 		.4byte	.LASF18
 417 0108 01       		.byte	0x1
 418 0109 73       		.byte	0x73
 419 010a 00000000 		.4byte	.LFB2
 420 010e 4C000000 		.4byte	.LFE2-.LFB2
 421 0112 01       		.uleb128 0x1
 422 0113 9C       		.byte	0x9c
 423 0114 50010000 		.4byte	0x150
 424 0118 0A       		.uleb128 0xa
 425 0119 6E000000 		.4byte	.LASF16
 426 011d 01       		.byte	0x1
 427 011e 73       		.byte	0x73
 428 011f 93000000 		.4byte	0x93
 429 0123 02       		.uleb128 0x2
 430 0124 91       		.byte	0x91
 431 0125 67       		.sleb128 -25
 432 0126 06       		.uleb128 0x6
 433 0127 62697400 		.ascii	"bit\000"
 434 012b 01       		.byte	0x1
 435 012c 75       		.byte	0x75
 436 012d 88000000 		.4byte	0x88
 437 0131 02       		.uleb128 0x2
 438 0132 91       		.byte	0x91
 439 0133 6C       		.sleb128 -20
 440 0134 08       		.uleb128 0x8
 441 0135 4F000000 		.4byte	.LASF19
 442 0139 01       		.byte	0x1
 443 013a 76       		.byte	0x76
 444 013b 88000000 		.4byte	0x88
 445 013f 02       		.uleb128 0x2
 446 0140 91       		.byte	0x91
 447 0141 70       		.sleb128 -16
 448 0142 06       		.uleb128 0x6
 449 0143 697800   		.ascii	"ix\000"
 450 0146 01       		.byte	0x1
 451 0147 77       		.byte	0x77
 452 0148 93000000 		.4byte	0x93
 453 014c 02       		.uleb128 0x2
 454 014d 91       		.byte	0x91
 455 014e 77       		.sleb128 -9
 456 014f 00       		.byte	0
 457 0150 05       		.uleb128 0x5
 458 0151 2F000000 		.4byte	.LASF20
 459 0155 01       		.byte	0x1
 460 0156 8F       		.byte	0x8f
 461 0157 00000000 		.4byte	.LFB3
 462 015b 50000000 		.4byte	.LFE3-.LFB3
 463 015f 01       		.uleb128 0x1
 464 0160 9C       		.byte	0x9c
 465 0161 9D010000 		.4byte	0x19d
 466 0165 0A       		.uleb128 0xa
 467 0166 6E000000 		.4byte	.LASF16
 468 016a 01       		.byte	0x1
 469 016b 8F       		.byte	0x8f
ARM GAS  C:\Users\Aluno\AppData\Local\Temp\ccyET8VM.s 			page 12


 470 016c 93000000 		.4byte	0x93
 471 0170 02       		.uleb128 0x2
 472 0171 91       		.byte	0x91
 473 0172 67       		.sleb128 -25
 474 0173 06       		.uleb128 0x6
 475 0174 62697400 		.ascii	"bit\000"
 476 0178 01       		.byte	0x1
 477 0179 91       		.byte	0x91
 478 017a 88000000 		.4byte	0x88
 479 017e 02       		.uleb128 0x2
 480 017f 91       		.byte	0x91
 481 0180 6C       		.sleb128 -20
 482 0181 08       		.uleb128 0x8
 483 0182 4F000000 		.4byte	.LASF19
 484 0186 01       		.byte	0x1
 485 0187 92       		.byte	0x92
 486 0188 88000000 		.4byte	0x88
 487 018c 02       		.uleb128 0x2
 488 018d 91       		.byte	0x91
 489 018e 70       		.sleb128 -16
 490 018f 06       		.uleb128 0x6
 491 0190 697800   		.ascii	"ix\000"
 492 0193 01       		.byte	0x1
 493 0194 93       		.byte	0x93
 494 0195 93000000 		.4byte	0x93
 495 0199 02       		.uleb128 0x2
 496 019a 91       		.byte	0x91
 497 019b 77       		.sleb128 -9
 498 019c 00       		.byte	0
 499 019d 0B       		.uleb128 0xb
 500 019e 88000000 		.4byte	0x88
 501 01a2 AD010000 		.4byte	0x1ad
 502 01a6 0C       		.uleb128 0xc
 503 01a7 9E000000 		.4byte	0x9e
 504 01ab 00       		.byte	0
 505 01ac 00       		.byte	0
 506 01ad 0D       		.uleb128 0xd
 507 01ae 22020000 		.4byte	.LASF25
 508 01b2 01       		.byte	0x1
 509 01b3 29       		.byte	0x29
 510 01b4 9D010000 		.4byte	0x19d
 511 01b8 05       		.uleb128 0x5
 512 01b9 03       		.byte	0x3
 513 01ba 00000000 		.4byte	OSPrioTbl
 514 01be 00       		.byte	0
 515              		.section	.debug_abbrev,"",%progbits
 516              	.Ldebug_abbrev0:
 517 0000 01       		.uleb128 0x1
 518 0001 11       		.uleb128 0x11
 519 0002 01       		.byte	0x1
 520 0003 25       		.uleb128 0x25
 521 0004 0E       		.uleb128 0xe
 522 0005 13       		.uleb128 0x13
 523 0006 0B       		.uleb128 0xb
 524 0007 03       		.uleb128 0x3
 525 0008 0E       		.uleb128 0xe
 526 0009 1B       		.uleb128 0x1b
ARM GAS  C:\Users\Aluno\AppData\Local\Temp\ccyET8VM.s 			page 13


 527 000a 0E       		.uleb128 0xe
 528 000b 55       		.uleb128 0x55
 529 000c 17       		.uleb128 0x17
 530 000d 11       		.uleb128 0x11
 531 000e 01       		.uleb128 0x1
 532 000f 10       		.uleb128 0x10
 533 0010 17       		.uleb128 0x17
 534 0011 00       		.byte	0
 535 0012 00       		.byte	0
 536 0013 02       		.uleb128 0x2
 537 0014 24       		.uleb128 0x24
 538 0015 00       		.byte	0
 539 0016 0B       		.uleb128 0xb
 540 0017 0B       		.uleb128 0xb
 541 0018 3E       		.uleb128 0x3e
 542 0019 0B       		.uleb128 0xb
 543 001a 03       		.uleb128 0x3
 544 001b 0E       		.uleb128 0xe
 545 001c 00       		.byte	0
 546 001d 00       		.byte	0
 547 001e 03       		.uleb128 0x3
 548 001f 16       		.uleb128 0x16
 549 0020 00       		.byte	0
 550 0021 03       		.uleb128 0x3
 551 0022 0E       		.uleb128 0xe
 552 0023 3A       		.uleb128 0x3a
 553 0024 0B       		.uleb128 0xb
 554 0025 3B       		.uleb128 0x3b
 555 0026 0B       		.uleb128 0xb
 556 0027 49       		.uleb128 0x49
 557 0028 13       		.uleb128 0x13
 558 0029 00       		.byte	0
 559 002a 00       		.byte	0
 560 002b 04       		.uleb128 0x4
 561 002c 24       		.uleb128 0x24
 562 002d 00       		.byte	0
 563 002e 0B       		.uleb128 0xb
 564 002f 0B       		.uleb128 0xb
 565 0030 3E       		.uleb128 0x3e
 566 0031 0B       		.uleb128 0xb
 567 0032 03       		.uleb128 0x3
 568 0033 08       		.uleb128 0x8
 569 0034 00       		.byte	0
 570 0035 00       		.byte	0
 571 0036 05       		.uleb128 0x5
 572 0037 2E       		.uleb128 0x2e
 573 0038 01       		.byte	0x1
 574 0039 3F       		.uleb128 0x3f
 575 003a 19       		.uleb128 0x19
 576 003b 03       		.uleb128 0x3
 577 003c 0E       		.uleb128 0xe
 578 003d 3A       		.uleb128 0x3a
 579 003e 0B       		.uleb128 0xb
 580 003f 3B       		.uleb128 0x3b
 581 0040 0B       		.uleb128 0xb
 582 0041 27       		.uleb128 0x27
 583 0042 19       		.uleb128 0x19
ARM GAS  C:\Users\Aluno\AppData\Local\Temp\ccyET8VM.s 			page 14


 584 0043 11       		.uleb128 0x11
 585 0044 01       		.uleb128 0x1
 586 0045 12       		.uleb128 0x12
 587 0046 06       		.uleb128 0x6
 588 0047 40       		.uleb128 0x40
 589 0048 18       		.uleb128 0x18
 590 0049 9742     		.uleb128 0x2117
 591 004b 19       		.uleb128 0x19
 592 004c 01       		.uleb128 0x1
 593 004d 13       		.uleb128 0x13
 594 004e 00       		.byte	0
 595 004f 00       		.byte	0
 596 0050 06       		.uleb128 0x6
 597 0051 34       		.uleb128 0x34
 598 0052 00       		.byte	0
 599 0053 03       		.uleb128 0x3
 600 0054 08       		.uleb128 0x8
 601 0055 3A       		.uleb128 0x3a
 602 0056 0B       		.uleb128 0xb
 603 0057 3B       		.uleb128 0x3b
 604 0058 0B       		.uleb128 0xb
 605 0059 49       		.uleb128 0x49
 606 005a 13       		.uleb128 0x13
 607 005b 02       		.uleb128 0x2
 608 005c 18       		.uleb128 0x18
 609 005d 00       		.byte	0
 610 005e 00       		.byte	0
 611 005f 07       		.uleb128 0x7
 612 0060 2E       		.uleb128 0x2e
 613 0061 01       		.byte	0x1
 614 0062 3F       		.uleb128 0x3f
 615 0063 19       		.uleb128 0x19
 616 0064 03       		.uleb128 0x3
 617 0065 0E       		.uleb128 0xe
 618 0066 3A       		.uleb128 0x3a
 619 0067 0B       		.uleb128 0xb
 620 0068 3B       		.uleb128 0x3b
 621 0069 0B       		.uleb128 0xb
 622 006a 27       		.uleb128 0x27
 623 006b 19       		.uleb128 0x19
 624 006c 49       		.uleb128 0x49
 625 006d 13       		.uleb128 0x13
 626 006e 11       		.uleb128 0x11
 627 006f 01       		.uleb128 0x1
 628 0070 12       		.uleb128 0x12
 629 0071 06       		.uleb128 0x6
 630 0072 40       		.uleb128 0x40
 631 0073 18       		.uleb128 0x18
 632 0074 9642     		.uleb128 0x2116
 633 0076 19       		.uleb128 0x19
 634 0077 01       		.uleb128 0x1
 635 0078 13       		.uleb128 0x13
 636 0079 00       		.byte	0
 637 007a 00       		.byte	0
 638 007b 08       		.uleb128 0x8
 639 007c 34       		.uleb128 0x34
 640 007d 00       		.byte	0
ARM GAS  C:\Users\Aluno\AppData\Local\Temp\ccyET8VM.s 			page 15


 641 007e 03       		.uleb128 0x3
 642 007f 0E       		.uleb128 0xe
 643 0080 3A       		.uleb128 0x3a
 644 0081 0B       		.uleb128 0xb
 645 0082 3B       		.uleb128 0x3b
 646 0083 0B       		.uleb128 0xb
 647 0084 49       		.uleb128 0x49
 648 0085 13       		.uleb128 0x13
 649 0086 02       		.uleb128 0x2
 650 0087 18       		.uleb128 0x18
 651 0088 00       		.byte	0
 652 0089 00       		.byte	0
 653 008a 09       		.uleb128 0x9
 654 008b 0F       		.uleb128 0xf
 655 008c 00       		.byte	0
 656 008d 0B       		.uleb128 0xb
 657 008e 0B       		.uleb128 0xb
 658 008f 49       		.uleb128 0x49
 659 0090 13       		.uleb128 0x13
 660 0091 00       		.byte	0
 661 0092 00       		.byte	0
 662 0093 0A       		.uleb128 0xa
 663 0094 05       		.uleb128 0x5
 664 0095 00       		.byte	0
 665 0096 03       		.uleb128 0x3
 666 0097 0E       		.uleb128 0xe
 667 0098 3A       		.uleb128 0x3a
 668 0099 0B       		.uleb128 0xb
 669 009a 3B       		.uleb128 0x3b
 670 009b 0B       		.uleb128 0xb
 671 009c 49       		.uleb128 0x49
 672 009d 13       		.uleb128 0x13
 673 009e 02       		.uleb128 0x2
 674 009f 18       		.uleb128 0x18
 675 00a0 00       		.byte	0
 676 00a1 00       		.byte	0
 677 00a2 0B       		.uleb128 0xb
 678 00a3 01       		.uleb128 0x1
 679 00a4 01       		.byte	0x1
 680 00a5 49       		.uleb128 0x49
 681 00a6 13       		.uleb128 0x13
 682 00a7 01       		.uleb128 0x1
 683 00a8 13       		.uleb128 0x13
 684 00a9 00       		.byte	0
 685 00aa 00       		.byte	0
 686 00ab 0C       		.uleb128 0xc
 687 00ac 21       		.uleb128 0x21
 688 00ad 00       		.byte	0
 689 00ae 49       		.uleb128 0x49
 690 00af 13       		.uleb128 0x13
 691 00b0 2F       		.uleb128 0x2f
 692 00b1 0B       		.uleb128 0xb
 693 00b2 00       		.byte	0
 694 00b3 00       		.byte	0
 695 00b4 0D       		.uleb128 0xd
 696 00b5 34       		.uleb128 0x34
 697 00b6 00       		.byte	0
ARM GAS  C:\Users\Aluno\AppData\Local\Temp\ccyET8VM.s 			page 16


 698 00b7 03       		.uleb128 0x3
 699 00b8 0E       		.uleb128 0xe
 700 00b9 3A       		.uleb128 0x3a
 701 00ba 0B       		.uleb128 0xb
 702 00bb 3B       		.uleb128 0x3b
 703 00bc 0B       		.uleb128 0xb
 704 00bd 49       		.uleb128 0x49
 705 00be 13       		.uleb128 0x13
 706 00bf 3F       		.uleb128 0x3f
 707 00c0 19       		.uleb128 0x19
 708 00c1 02       		.uleb128 0x2
 709 00c2 18       		.uleb128 0x18
 710 00c3 00       		.byte	0
 711 00c4 00       		.byte	0
 712 00c5 00       		.byte	0
 713              		.section	.debug_aranges,"",%progbits
 714 0000 34000000 		.4byte	0x34
 715 0004 0200     		.2byte	0x2
 716 0006 00000000 		.4byte	.Ldebug_info0
 717 000a 04       		.byte	0x4
 718 000b 00       		.byte	0
 719 000c 0000     		.2byte	0
 720 000e 0000     		.2byte	0
 721 0010 00000000 		.4byte	.LFB0
 722 0014 30000000 		.4byte	.LFE0-.LFB0
 723 0018 00000000 		.4byte	.LFB1
 724 001c 48000000 		.4byte	.LFE1-.LFB1
 725 0020 00000000 		.4byte	.LFB2
 726 0024 4C000000 		.4byte	.LFE2-.LFB2
 727 0028 00000000 		.4byte	.LFB3
 728 002c 50000000 		.4byte	.LFE3-.LFB3
 729 0030 00000000 		.4byte	0
 730 0034 00000000 		.4byte	0
 731              		.section	.debug_ranges,"",%progbits
 732              	.Ldebug_ranges0:
 733 0000 00000000 		.4byte	.LFB0
 734 0004 30000000 		.4byte	.LFE0
 735 0008 00000000 		.4byte	.LFB1
 736 000c 48000000 		.4byte	.LFE1
 737 0010 00000000 		.4byte	.LFB2
 738 0014 4C000000 		.4byte	.LFE2
 739 0018 00000000 		.4byte	.LFB3
 740 001c 50000000 		.4byte	.LFE3
 741 0020 00000000 		.4byte	0
 742 0024 00000000 		.4byte	0
 743              		.section	.debug_line,"",%progbits
 744              	.Ldebug_line0:
 745 0000 F0000000 		.section	.debug_str,"MS",%progbits,1
 745      02008300 
 745      00000201 
 745      FB0E0D00 
 745      01010101 
 746              	.LASF9:
 747 0000 6C6F6E67 		.ascii	"long long int\000"
 747      206C6F6E 
 747      6720696E 
 747      7400
ARM GAS  C:\Users\Aluno\AppData\Local\Temp\ccyET8VM.s 			page 17


 748              	.LASF18:
 749 000e 4F535F50 		.ascii	"OS_PrioInsert\000"
 749      72696F49 
 749      6E736572 
 749      7400
 750              	.LASF6:
 751 001c 4350555F 		.ascii	"CPU_INT32U\000"
 751      494E5433 
 751      325500
 752              	.LASF13:
 753 0027 4F535F50 		.ascii	"OS_PRIO\000"
 753      52494F00 
 754              	.LASF20:
 755 002f 4F535F50 		.ascii	"OS_PrioRemove\000"
 755      72696F52 
 755      656D6F76 
 755      6500
 756              	.LASF15:
 757 003d 705F7462 		.ascii	"p_tbl\000"
 757      6C00
 758              	.LASF17:
 759 0043 4F535F50 		.ascii	"OS_PrioInit\000"
 759      72696F49 
 759      6E697400 
 760              	.LASF19:
 761 004f 6269745F 		.ascii	"bit_nbr\000"
 761      6E627200 
 762              	.LASF8:
 763 0057 6C6F6E67 		.ascii	"long long unsigned int\000"
 763      206C6F6E 
 763      6720756E 
 763      7369676E 
 763      65642069 
 764              	.LASF16:
 765 006e 7072696F 		.ascii	"prio\000"
 765      00
 766              	.LASF22:
 767 0073 2E2E5C2E 		.ascii	"..\\..\\..\\..\\..\\..\\uCOS-III\\Source\\os_prio.c"
 767      2E5C2E2E 
 767      5C2E2E5C 
 767      2E2E5C2E 
 767      2E5C7543 
 768 009e 00       		.ascii	"\000"
 769              	.LASF23:
 770 009f 433A5C55 		.ascii	"C:\\Users\\Aluno\\Downloads\\UCoS\\Micrium_2\\Softw"
 770      73657273 
 770      5C416C75 
 770      6E6F5C44 
 770      6F776E6C 
 771 00cc 6172655C 		.ascii	"are\\EvalBoards\\Cypress\\CY8CKIT-050\\PSoC\\uCOS-I"
 771      4576616C 
 771      426F6172 
 771      64735C43 
 771      79707265 
 772 00fa 49492D50 		.ascii	"II-Probe\\uCOS-III-Probe.cydsn\000"
 772      726F6265 
 772      5C75434F 
ARM GAS  C:\Users\Aluno\AppData\Local\Temp\ccyET8VM.s 			page 18


 772      532D4949 
 772      492D5072 
 773              	.LASF21:
 774 0118 474E5520 		.ascii	"GNU C11 5.4.1 20160609 (release) [ARM/embedded-5-br"
 774      43313120 
 774      352E342E 
 774      31203230 
 774      31363036 
 775 014b 616E6368 		.ascii	"anch revision 237715] -mcpu=cortex-m3 -mthumb -g -O"
 775      20726576 
 775      6973696F 
 775      6E203233 
 775      37373135 
 776 017e 30202D66 		.ascii	"0 -ffunction-sections -ffat-lto-objects\000"
 776      66756E63 
 776      74696F6E 
 776      2D736563 
 776      74696F6E 
 777              	.LASF1:
 778 01a6 756E7369 		.ascii	"unsigned char\000"
 778      676E6564 
 778      20636861 
 778      7200
 779              	.LASF0:
 780 01b4 63686172 		.ascii	"char\000"
 780      00
 781              	.LASF24:
 782 01b9 4F535F50 		.ascii	"OS_PrioGetHighest\000"
 782      72696F47 
 782      65744869 
 782      67686573 
 782      7400
 783              	.LASF4:
 784 01cb 73686F72 		.ascii	"short int\000"
 784      7420696E 
 784      7400
 785              	.LASF11:
 786 01d5 646F7562 		.ascii	"double\000"
 786      6C6500
 787              	.LASF3:
 788 01dc 73686F72 		.ascii	"short unsigned int\000"
 788      7420756E 
 788      7369676E 
 788      65642069 
 788      6E7400
 789              	.LASF2:
 790 01ef 7369676E 		.ascii	"signed char\000"
 790      65642063 
 790      68617200 
 791              	.LASF10:
 792 01fb 666C6F61 		.ascii	"float\000"
 792      7400
 793              	.LASF12:
 794 0201 4350555F 		.ascii	"CPU_DATA\000"
 794      44415441 
 794      00
 795              	.LASF5:
ARM GAS  C:\Users\Aluno\AppData\Local\Temp\ccyET8VM.s 			page 19


 796 020a 4350555F 		.ascii	"CPU_INT08U\000"
 796      494E5430 
 796      385500
 797              	.LASF7:
 798 0215 756E7369 		.ascii	"unsigned int\000"
 798      676E6564 
 798      20696E74 
 798      00
 799              	.LASF25:
 800 0222 4F535072 		.ascii	"OSPrioTbl\000"
 800      696F5462 
 800      6C00
 801              	.LASF14:
 802 022c 73697A65 		.ascii	"sizetype\000"
 802      74797065 
 802      00
 803              		.ident	"GCC: (GNU Tools for ARM Embedded Processors) 5.4.1 20160609 (release) [ARM/embedded-5-bran
