ARM GAS  C:\Users\EDULU~1.DES\AppData\Local\Temp\ccsqo3rj.s 			page 1


   1              		.cpu cortex-m0
   2              		.eabi_attribute 20, 1
   3              		.eabi_attribute 21, 1
   4              		.eabi_attribute 23, 3
   5              		.eabi_attribute 24, 1
   6              		.eabi_attribute 25, 1
   7              		.eabi_attribute 26, 1
   8              		.eabi_attribute 30, 1
   9              		.eabi_attribute 34, 0
  10              		.eabi_attribute 18, 4
  11              		.file	"Accel_Pin.c"
  12              		.text
  13              	.Ltext0:
  14              		.cfi_sections	.debug_frame
  15              		.section	.text.Accel_Pin_SetDriveMode,"ax",%progbits
  16              		.align	1
  17              		.global	Accel_Pin_SetDriveMode
  18              		.arch armv6s-m
  19              		.syntax unified
  20              		.code	16
  21              		.thumb_func
  22              		.fpu softvfp
  23              		.type	Accel_Pin_SetDriveMode, %function
  24              	Accel_Pin_SetDriveMode:
  25              	.LVL0:
  26              	.LFB0:
  27              		.file 1 "Generated_Source\\PSoC4\\Accel_Pin.c"
   1:Generated_Source\PSoC4/Accel_Pin.c **** /*******************************************************************************
   2:Generated_Source\PSoC4/Accel_Pin.c **** * File Name: Accel_Pin.c  
   3:Generated_Source\PSoC4/Accel_Pin.c **** * Version 2.20
   4:Generated_Source\PSoC4/Accel_Pin.c **** *
   5:Generated_Source\PSoC4/Accel_Pin.c **** * Description:
   6:Generated_Source\PSoC4/Accel_Pin.c **** *  This file contains API to enable firmware control of a Pins component.
   7:Generated_Source\PSoC4/Accel_Pin.c **** *
   8:Generated_Source\PSoC4/Accel_Pin.c **** ********************************************************************************
   9:Generated_Source\PSoC4/Accel_Pin.c **** * Copyright 2008-2015, Cypress Semiconductor Corporation.  All rights reserved.
  10:Generated_Source\PSoC4/Accel_Pin.c **** * You may use this file only in accordance with the license, terms, conditions, 
  11:Generated_Source\PSoC4/Accel_Pin.c **** * disclaimers, and limitations in the end user license agreement accompanying 
  12:Generated_Source\PSoC4/Accel_Pin.c **** * the software package with which this file was provided.
  13:Generated_Source\PSoC4/Accel_Pin.c **** *******************************************************************************/
  14:Generated_Source\PSoC4/Accel_Pin.c **** 
  15:Generated_Source\PSoC4/Accel_Pin.c **** #include "cytypes.h"
  16:Generated_Source\PSoC4/Accel_Pin.c **** #include "Accel_Pin.h"
  17:Generated_Source\PSoC4/Accel_Pin.c **** 
  18:Generated_Source\PSoC4/Accel_Pin.c **** 
  19:Generated_Source\PSoC4/Accel_Pin.c **** #if defined(Accel_Pin__PC)
  20:Generated_Source\PSoC4/Accel_Pin.c ****     #define Accel_Pin_SetP4PinDriveMode(shift, mode)  \
  21:Generated_Source\PSoC4/Accel_Pin.c ****     do { \
  22:Generated_Source\PSoC4/Accel_Pin.c ****         Accel_Pin_PC =   (Accel_Pin_PC & \
  23:Generated_Source\PSoC4/Accel_Pin.c ****                                 (uint32)(~(uint32)(Accel_Pin_DRIVE_MODE_IND_MASK << \
  24:Generated_Source\PSoC4/Accel_Pin.c ****                                 (Accel_Pin_DRIVE_MODE_BITS * (shift))))) | \
  25:Generated_Source\PSoC4/Accel_Pin.c ****                                 (uint32)((uint32)(mode) << \
  26:Generated_Source\PSoC4/Accel_Pin.c ****                                 (Accel_Pin_DRIVE_MODE_BITS * (shift))); \
  27:Generated_Source\PSoC4/Accel_Pin.c ****     } while (0)
  28:Generated_Source\PSoC4/Accel_Pin.c **** #else
  29:Generated_Source\PSoC4/Accel_Pin.c ****     #if (CY_PSOC4_4200L)
  30:Generated_Source\PSoC4/Accel_Pin.c ****         #define Accel_Pin_SetP4PinDriveMode(shift, mode)  \
ARM GAS  C:\Users\EDULU~1.DES\AppData\Local\Temp\ccsqo3rj.s 			page 2


  31:Generated_Source\PSoC4/Accel_Pin.c ****         do { \
  32:Generated_Source\PSoC4/Accel_Pin.c ****             Accel_Pin_USBIO_CTRL_REG = (Accel_Pin_USBIO_CTRL_REG & \
  33:Generated_Source\PSoC4/Accel_Pin.c ****                                     (uint32)(~(uint32)(Accel_Pin_DRIVE_MODE_IND_MASK << \
  34:Generated_Source\PSoC4/Accel_Pin.c ****                                     (Accel_Pin_DRIVE_MODE_BITS * (shift))))) | \
  35:Generated_Source\PSoC4/Accel_Pin.c ****                                     (uint32)((uint32)(mode) << \
  36:Generated_Source\PSoC4/Accel_Pin.c ****                                     (Accel_Pin_DRIVE_MODE_BITS * (shift))); \
  37:Generated_Source\PSoC4/Accel_Pin.c ****         } while (0)
  38:Generated_Source\PSoC4/Accel_Pin.c ****     #endif
  39:Generated_Source\PSoC4/Accel_Pin.c **** #endif
  40:Generated_Source\PSoC4/Accel_Pin.c ****   
  41:Generated_Source\PSoC4/Accel_Pin.c **** 
  42:Generated_Source\PSoC4/Accel_Pin.c **** #if defined(Accel_Pin__PC) || (CY_PSOC4_4200L) 
  43:Generated_Source\PSoC4/Accel_Pin.c ****     /*******************************************************************************
  44:Generated_Source\PSoC4/Accel_Pin.c ****     * Function Name: Accel_Pin_SetDriveMode
  45:Generated_Source\PSoC4/Accel_Pin.c ****     ****************************************************************************//**
  46:Generated_Source\PSoC4/Accel_Pin.c ****     *
  47:Generated_Source\PSoC4/Accel_Pin.c ****     * \brief Sets the drive mode for each of the Pins component's pins.
  48:Generated_Source\PSoC4/Accel_Pin.c ****     * 
  49:Generated_Source\PSoC4/Accel_Pin.c ****     * <b>Note</b> This affects all pins in the Pins component instance. Use the
  50:Generated_Source\PSoC4/Accel_Pin.c ****     * Per-Pin APIs if you wish to control individual pin's drive modes.
  51:Generated_Source\PSoC4/Accel_Pin.c ****     *
  52:Generated_Source\PSoC4/Accel_Pin.c ****     * <b>Note</b> USBIOs have limited drive functionality. Refer to the Drive Mode
  53:Generated_Source\PSoC4/Accel_Pin.c ****     * parameter for more information.
  54:Generated_Source\PSoC4/Accel_Pin.c ****     *
  55:Generated_Source\PSoC4/Accel_Pin.c ****     * \param mode
  56:Generated_Source\PSoC4/Accel_Pin.c ****     *  Mode for the selected signals. Valid options are documented in 
  57:Generated_Source\PSoC4/Accel_Pin.c ****     *  \ref driveMode.
  58:Generated_Source\PSoC4/Accel_Pin.c ****     *
  59:Generated_Source\PSoC4/Accel_Pin.c ****     * \return
  60:Generated_Source\PSoC4/Accel_Pin.c ****     *  None
  61:Generated_Source\PSoC4/Accel_Pin.c ****     *
  62:Generated_Source\PSoC4/Accel_Pin.c ****     * \sideeffect
  63:Generated_Source\PSoC4/Accel_Pin.c ****     *  If you use read-modify-write operations that are not atomic, the ISR can
  64:Generated_Source\PSoC4/Accel_Pin.c ****     *  cause corruption of this function. An ISR that interrupts this function 
  65:Generated_Source\PSoC4/Accel_Pin.c ****     *  and performs writes to the Pins component Drive Mode registers can cause 
  66:Generated_Source\PSoC4/Accel_Pin.c ****     *  corrupted port data. To avoid this issue, you should either use the Per-Pin
  67:Generated_Source\PSoC4/Accel_Pin.c ****     *  APIs (primary method) or disable interrupts around this function.
  68:Generated_Source\PSoC4/Accel_Pin.c ****     *
  69:Generated_Source\PSoC4/Accel_Pin.c ****     * \funcusage
  70:Generated_Source\PSoC4/Accel_Pin.c ****     *  \snippet Accel_Pin_SUT.c usage_Accel_Pin_SetDriveMode
  71:Generated_Source\PSoC4/Accel_Pin.c ****     *******************************************************************************/
  72:Generated_Source\PSoC4/Accel_Pin.c ****     void Accel_Pin_SetDriveMode(uint8 mode)
  73:Generated_Source\PSoC4/Accel_Pin.c ****     {
  28              		.loc 1 73 5 view -0
  29              		.cfi_startproc
  30              		@ args = 0, pretend = 0, frame = 0
  31              		@ frame_needed = 0, uses_anonymous_args = 0
  32              		@ link register save eliminated.
  74:Generated_Source\PSoC4/Accel_Pin.c **** 		Accel_Pin_SetP4PinDriveMode(Accel_Pin__0__SHIFT, mode);
  33              		.loc 1 74 3 view .LVU1
  34              		.loc 1 74 3 view .LVU2
  35 0000 034A     		ldr	r2, .L2
  36 0002 1368     		ldr	r3, [r2]
  37 0004 0349     		ldr	r1, .L2+4
  38 0006 0B40     		ands	r3, r1
  39 0008 8004     		lsls	r0, r0, #18
  40              	.LVL1:
ARM GAS  C:\Users\EDULU~1.DES\AppData\Local\Temp\ccsqo3rj.s 			page 3


  41              		.loc 1 74 3 is_stmt 0 view .LVU3
  42 000a 0343     		orrs	r3, r0
  43 000c 1360     		str	r3, [r2]
  75:Generated_Source\PSoC4/Accel_Pin.c ****     }
  44              		.loc 1 75 5 view .LVU4
  45              		@ sp needed
  46 000e 7047     		bx	lr
  47              	.L3:
  48              		.align	2
  49              	.L2:
  50 0010 08010440 		.word	1074004232
  51 0014 FFFFE3FF 		.word	-1835009
  52              		.cfi_endproc
  53              	.LFE0:
  54              		.size	Accel_Pin_SetDriveMode, .-Accel_Pin_SetDriveMode
  55              		.section	.text.Accel_Pin_Write,"ax",%progbits
  56              		.align	1
  57              		.global	Accel_Pin_Write
  58              		.syntax unified
  59              		.code	16
  60              		.thumb_func
  61              		.fpu softvfp
  62              		.type	Accel_Pin_Write, %function
  63              	Accel_Pin_Write:
  64              	.LVL2:
  65              	.LFB1:
  76:Generated_Source\PSoC4/Accel_Pin.c **** #endif
  77:Generated_Source\PSoC4/Accel_Pin.c **** 
  78:Generated_Source\PSoC4/Accel_Pin.c **** 
  79:Generated_Source\PSoC4/Accel_Pin.c **** /*******************************************************************************
  80:Generated_Source\PSoC4/Accel_Pin.c **** * Function Name: Accel_Pin_Write
  81:Generated_Source\PSoC4/Accel_Pin.c **** ****************************************************************************//**
  82:Generated_Source\PSoC4/Accel_Pin.c **** *
  83:Generated_Source\PSoC4/Accel_Pin.c **** * \brief Writes the value to the physical port (data output register), masking
  84:Generated_Source\PSoC4/Accel_Pin.c **** *  and shifting the bits appropriately. 
  85:Generated_Source\PSoC4/Accel_Pin.c **** *
  86:Generated_Source\PSoC4/Accel_Pin.c **** * The data output register controls the signal applied to the physical pin in 
  87:Generated_Source\PSoC4/Accel_Pin.c **** * conjunction with the drive mode parameter. This function avoids changing 
  88:Generated_Source\PSoC4/Accel_Pin.c **** * other bits in the port by using the appropriate method (read-modify-write or
  89:Generated_Source\PSoC4/Accel_Pin.c **** * bit banding).
  90:Generated_Source\PSoC4/Accel_Pin.c **** *
  91:Generated_Source\PSoC4/Accel_Pin.c **** * <b>Note</b> This function should not be used on a hardware digital output pin 
  92:Generated_Source\PSoC4/Accel_Pin.c **** * as it is driven by the hardware signal attached to it.
  93:Generated_Source\PSoC4/Accel_Pin.c **** *
  94:Generated_Source\PSoC4/Accel_Pin.c **** * \param value
  95:Generated_Source\PSoC4/Accel_Pin.c **** *  Value to write to the component instance.
  96:Generated_Source\PSoC4/Accel_Pin.c **** *
  97:Generated_Source\PSoC4/Accel_Pin.c **** * \return 
  98:Generated_Source\PSoC4/Accel_Pin.c **** *  None 
  99:Generated_Source\PSoC4/Accel_Pin.c **** *
 100:Generated_Source\PSoC4/Accel_Pin.c **** * \sideeffect
 101:Generated_Source\PSoC4/Accel_Pin.c **** *  If you use read-modify-write operations that are not atomic; the Interrupt 
 102:Generated_Source\PSoC4/Accel_Pin.c **** *  Service Routines (ISR) can cause corruption of this function. An ISR that 
 103:Generated_Source\PSoC4/Accel_Pin.c **** *  interrupts this function and performs writes to the Pins component data 
 104:Generated_Source\PSoC4/Accel_Pin.c **** *  register can cause corrupted port data. To avoid this issue, you should 
 105:Generated_Source\PSoC4/Accel_Pin.c **** *  either use the Per-Pin APIs (primary method) or disable interrupts around 
 106:Generated_Source\PSoC4/Accel_Pin.c **** *  this function.
ARM GAS  C:\Users\EDULU~1.DES\AppData\Local\Temp\ccsqo3rj.s 			page 4


 107:Generated_Source\PSoC4/Accel_Pin.c **** *
 108:Generated_Source\PSoC4/Accel_Pin.c **** * \funcusage
 109:Generated_Source\PSoC4/Accel_Pin.c **** *  \snippet Accel_Pin_SUT.c usage_Accel_Pin_Write
 110:Generated_Source\PSoC4/Accel_Pin.c **** *******************************************************************************/
 111:Generated_Source\PSoC4/Accel_Pin.c **** void Accel_Pin_Write(uint8 value)
 112:Generated_Source\PSoC4/Accel_Pin.c **** {
  66              		.loc 1 112 1 is_stmt 1 view -0
  67              		.cfi_startproc
  68              		@ args = 0, pretend = 0, frame = 0
  69              		@ frame_needed = 0, uses_anonymous_args = 0
  70              		@ link register save eliminated.
 113:Generated_Source\PSoC4/Accel_Pin.c ****     uint8 drVal = (uint8)(Accel_Pin_DR & (uint8)(~Accel_Pin_MASK));
  71              		.loc 1 113 5 view .LVU6
  72              		.loc 1 113 27 is_stmt 0 view .LVU7
  73 0000 044A     		ldr	r2, .L5
  74 0002 1368     		ldr	r3, [r2]
  75              		.loc 1 113 19 view .LVU8
  76 0004 DBB2     		uxtb	r3, r3
  77              		.loc 1 113 11 view .LVU9
  78 0006 4021     		movs	r1, #64
  79 0008 8B43     		bics	r3, r1
  80              	.LVL3:
 114:Generated_Source\PSoC4/Accel_Pin.c ****     drVal = (drVal | ((uint8)(value << Accel_Pin_SHIFT) & Accel_Pin_MASK));
  81              		.loc 1 114 5 is_stmt 1 view .LVU10
  82              		.loc 1 114 23 is_stmt 0 view .LVU11
  83 000a 8001     		lsls	r0, r0, #6
  84              	.LVL4:
  85              		.loc 1 114 57 view .LVU12
  86 000c 0840     		ands	r0, r1
  87              		.loc 1 114 11 view .LVU13
  88 000e 1843     		orrs	r0, r3
  89              	.LVL5:
 115:Generated_Source\PSoC4/Accel_Pin.c ****     Accel_Pin_DR = (uint32)drVal;
  90              		.loc 1 115 5 is_stmt 1 view .LVU14
  91              		.loc 1 115 18 is_stmt 0 view .LVU15
  92 0010 1060     		str	r0, [r2]
 116:Generated_Source\PSoC4/Accel_Pin.c **** }
  93              		.loc 1 116 1 view .LVU16
  94              		@ sp needed
  95 0012 7047     		bx	lr
  96              	.L6:
  97              		.align	2
  98              	.L5:
  99 0014 00010440 		.word	1074004224
 100              		.cfi_endproc
 101              	.LFE1:
 102              		.size	Accel_Pin_Write, .-Accel_Pin_Write
 103              		.section	.text.Accel_Pin_Read,"ax",%progbits
 104              		.align	1
 105              		.global	Accel_Pin_Read
 106              		.syntax unified
 107              		.code	16
 108              		.thumb_func
 109              		.fpu softvfp
 110              		.type	Accel_Pin_Read, %function
 111              	Accel_Pin_Read:
 112              	.LFB2:
ARM GAS  C:\Users\EDULU~1.DES\AppData\Local\Temp\ccsqo3rj.s 			page 5


 117:Generated_Source\PSoC4/Accel_Pin.c **** 
 118:Generated_Source\PSoC4/Accel_Pin.c **** 
 119:Generated_Source\PSoC4/Accel_Pin.c **** /*******************************************************************************
 120:Generated_Source\PSoC4/Accel_Pin.c **** * Function Name: Accel_Pin_Read
 121:Generated_Source\PSoC4/Accel_Pin.c **** ****************************************************************************//**
 122:Generated_Source\PSoC4/Accel_Pin.c **** *
 123:Generated_Source\PSoC4/Accel_Pin.c **** * \brief Reads the associated physical port (pin status register) and masks 
 124:Generated_Source\PSoC4/Accel_Pin.c **** *  the required bits according to the width and bit position of the component
 125:Generated_Source\PSoC4/Accel_Pin.c **** *  instance. 
 126:Generated_Source\PSoC4/Accel_Pin.c **** *
 127:Generated_Source\PSoC4/Accel_Pin.c **** * The pin's status register returns the current logic level present on the 
 128:Generated_Source\PSoC4/Accel_Pin.c **** * physical pin.
 129:Generated_Source\PSoC4/Accel_Pin.c **** *
 130:Generated_Source\PSoC4/Accel_Pin.c **** * \return 
 131:Generated_Source\PSoC4/Accel_Pin.c **** *  The current value for the pins in the component as a right justified number.
 132:Generated_Source\PSoC4/Accel_Pin.c **** *
 133:Generated_Source\PSoC4/Accel_Pin.c **** * \funcusage
 134:Generated_Source\PSoC4/Accel_Pin.c **** *  \snippet Accel_Pin_SUT.c usage_Accel_Pin_Read  
 135:Generated_Source\PSoC4/Accel_Pin.c **** *******************************************************************************/
 136:Generated_Source\PSoC4/Accel_Pin.c **** uint8 Accel_Pin_Read(void)
 137:Generated_Source\PSoC4/Accel_Pin.c **** {
 113              		.loc 1 137 1 is_stmt 1 view -0
 114              		.cfi_startproc
 115              		@ args = 0, pretend = 0, frame = 0
 116              		@ frame_needed = 0, uses_anonymous_args = 0
 117              		@ link register save eliminated.
 138:Generated_Source\PSoC4/Accel_Pin.c ****     return (uint8)((Accel_Pin_PS & Accel_Pin_MASK) >> Accel_Pin_SHIFT);
 118              		.loc 1 138 5 view .LVU18
 119              		.loc 1 138 21 is_stmt 0 view .LVU19
 120 0000 024B     		ldr	r3, .L8
 121 0002 1B68     		ldr	r3, [r3]
 122              		.loc 1 138 52 view .LVU20
 123 0004 9B09     		lsrs	r3, r3, #6
 124              		.loc 1 138 12 view .LVU21
 125 0006 0120     		movs	r0, #1
 126 0008 1840     		ands	r0, r3
 139:Generated_Source\PSoC4/Accel_Pin.c **** }
 127              		.loc 1 139 1 view .LVU22
 128              		@ sp needed
 129 000a 7047     		bx	lr
 130              	.L9:
 131              		.align	2
 132              	.L8:
 133 000c 04010440 		.word	1074004228
 134              		.cfi_endproc
 135              	.LFE2:
 136              		.size	Accel_Pin_Read, .-Accel_Pin_Read
 137              		.section	.text.Accel_Pin_ReadDataReg,"ax",%progbits
 138              		.align	1
 139              		.global	Accel_Pin_ReadDataReg
 140              		.syntax unified
 141              		.code	16
 142              		.thumb_func
 143              		.fpu softvfp
 144              		.type	Accel_Pin_ReadDataReg, %function
 145              	Accel_Pin_ReadDataReg:
 146              	.LFB3:
ARM GAS  C:\Users\EDULU~1.DES\AppData\Local\Temp\ccsqo3rj.s 			page 6


 140:Generated_Source\PSoC4/Accel_Pin.c **** 
 141:Generated_Source\PSoC4/Accel_Pin.c **** 
 142:Generated_Source\PSoC4/Accel_Pin.c **** /*******************************************************************************
 143:Generated_Source\PSoC4/Accel_Pin.c **** * Function Name: Accel_Pin_ReadDataReg
 144:Generated_Source\PSoC4/Accel_Pin.c **** ****************************************************************************//**
 145:Generated_Source\PSoC4/Accel_Pin.c **** *
 146:Generated_Source\PSoC4/Accel_Pin.c **** * \brief Reads the associated physical port's data output register and masks 
 147:Generated_Source\PSoC4/Accel_Pin.c **** *  the correct bits according to the width and bit position of the component 
 148:Generated_Source\PSoC4/Accel_Pin.c **** *  instance. 
 149:Generated_Source\PSoC4/Accel_Pin.c **** *
 150:Generated_Source\PSoC4/Accel_Pin.c **** * The data output register controls the signal applied to the physical pin in 
 151:Generated_Source\PSoC4/Accel_Pin.c **** * conjunction with the drive mode parameter. This is not the same as the 
 152:Generated_Source\PSoC4/Accel_Pin.c **** * preferred Accel_Pin_Read() API because the 
 153:Generated_Source\PSoC4/Accel_Pin.c **** * Accel_Pin_ReadDataReg() reads the data register instead of the status 
 154:Generated_Source\PSoC4/Accel_Pin.c **** * register. For output pins this is a useful function to determine the value 
 155:Generated_Source\PSoC4/Accel_Pin.c **** * just written to the pin.
 156:Generated_Source\PSoC4/Accel_Pin.c **** *
 157:Generated_Source\PSoC4/Accel_Pin.c **** * \return 
 158:Generated_Source\PSoC4/Accel_Pin.c **** *  The current value of the data register masked and shifted into a right 
 159:Generated_Source\PSoC4/Accel_Pin.c **** *  justified number for the component instance.
 160:Generated_Source\PSoC4/Accel_Pin.c **** *
 161:Generated_Source\PSoC4/Accel_Pin.c **** * \funcusage
 162:Generated_Source\PSoC4/Accel_Pin.c **** *  \snippet Accel_Pin_SUT.c usage_Accel_Pin_ReadDataReg 
 163:Generated_Source\PSoC4/Accel_Pin.c **** *******************************************************************************/
 164:Generated_Source\PSoC4/Accel_Pin.c **** uint8 Accel_Pin_ReadDataReg(void)
 165:Generated_Source\PSoC4/Accel_Pin.c **** {
 147              		.loc 1 165 1 is_stmt 1 view -0
 148              		.cfi_startproc
 149              		@ args = 0, pretend = 0, frame = 0
 150              		@ frame_needed = 0, uses_anonymous_args = 0
 151              		@ link register save eliminated.
 166:Generated_Source\PSoC4/Accel_Pin.c ****     return (uint8)((Accel_Pin_DR & Accel_Pin_MASK) >> Accel_Pin_SHIFT);
 152              		.loc 1 166 5 view .LVU24
 153              		.loc 1 166 21 is_stmt 0 view .LVU25
 154 0000 024B     		ldr	r3, .L11
 155 0002 1B68     		ldr	r3, [r3]
 156              		.loc 1 166 52 view .LVU26
 157 0004 9B09     		lsrs	r3, r3, #6
 158              		.loc 1 166 12 view .LVU27
 159 0006 0120     		movs	r0, #1
 160 0008 1840     		ands	r0, r3
 167:Generated_Source\PSoC4/Accel_Pin.c **** }
 161              		.loc 1 167 1 view .LVU28
 162              		@ sp needed
 163 000a 7047     		bx	lr
 164              	.L12:
 165              		.align	2
 166              	.L11:
 167 000c 00010440 		.word	1074004224
 168              		.cfi_endproc
 169              	.LFE3:
 170              		.size	Accel_Pin_ReadDataReg, .-Accel_Pin_ReadDataReg
 171              		.section	.text.Accel_Pin_SetInterruptMode,"ax",%progbits
 172              		.align	1
 173              		.global	Accel_Pin_SetInterruptMode
 174              		.syntax unified
 175              		.code	16
ARM GAS  C:\Users\EDULU~1.DES\AppData\Local\Temp\ccsqo3rj.s 			page 7


 176              		.thumb_func
 177              		.fpu softvfp
 178              		.type	Accel_Pin_SetInterruptMode, %function
 179              	Accel_Pin_SetInterruptMode:
 180              	.LVL6:
 181              	.LFB4:
 168:Generated_Source\PSoC4/Accel_Pin.c **** 
 169:Generated_Source\PSoC4/Accel_Pin.c **** 
 170:Generated_Source\PSoC4/Accel_Pin.c **** /*******************************************************************************
 171:Generated_Source\PSoC4/Accel_Pin.c **** * Function Name: Accel_Pin_SetInterruptMode
 172:Generated_Source\PSoC4/Accel_Pin.c **** ****************************************************************************//**
 173:Generated_Source\PSoC4/Accel_Pin.c **** *
 174:Generated_Source\PSoC4/Accel_Pin.c **** * \brief Configures the interrupt mode for each of the Pins component's
 175:Generated_Source\PSoC4/Accel_Pin.c **** *  pins. Alternatively you may set the interrupt mode for all the pins
 176:Generated_Source\PSoC4/Accel_Pin.c **** *  specified in the Pins component.
 177:Generated_Source\PSoC4/Accel_Pin.c **** *
 178:Generated_Source\PSoC4/Accel_Pin.c **** *  <b>Note</b> The interrupt is port-wide and therefore any enabled pin
 179:Generated_Source\PSoC4/Accel_Pin.c **** *  interrupt may trigger it.
 180:Generated_Source\PSoC4/Accel_Pin.c **** *
 181:Generated_Source\PSoC4/Accel_Pin.c **** * \param position
 182:Generated_Source\PSoC4/Accel_Pin.c **** *  The pin position as listed in the Pins component. You may OR these to be 
 183:Generated_Source\PSoC4/Accel_Pin.c **** *  able to configure the interrupt mode of multiple pins within a Pins 
 184:Generated_Source\PSoC4/Accel_Pin.c **** *  component. Or you may use Accel_Pin_INTR_ALL to configure the
 185:Generated_Source\PSoC4/Accel_Pin.c **** *  interrupt mode of all the pins in the Pins component.       
 186:Generated_Source\PSoC4/Accel_Pin.c **** *  - Accel_Pin_0_INTR       (First pin in the list)
 187:Generated_Source\PSoC4/Accel_Pin.c **** *  - Accel_Pin_1_INTR       (Second pin in the list)
 188:Generated_Source\PSoC4/Accel_Pin.c **** *  - ...
 189:Generated_Source\PSoC4/Accel_Pin.c **** *  - Accel_Pin_INTR_ALL     (All pins in Pins component)
 190:Generated_Source\PSoC4/Accel_Pin.c **** *
 191:Generated_Source\PSoC4/Accel_Pin.c **** * \param mode
 192:Generated_Source\PSoC4/Accel_Pin.c **** *  Interrupt mode for the selected pins. Valid options are documented in
 193:Generated_Source\PSoC4/Accel_Pin.c **** *  \ref intrMode.
 194:Generated_Source\PSoC4/Accel_Pin.c **** *
 195:Generated_Source\PSoC4/Accel_Pin.c **** * \return 
 196:Generated_Source\PSoC4/Accel_Pin.c **** *  None
 197:Generated_Source\PSoC4/Accel_Pin.c **** *  
 198:Generated_Source\PSoC4/Accel_Pin.c **** * \sideeffect
 199:Generated_Source\PSoC4/Accel_Pin.c **** *  It is recommended that the interrupt be disabled before calling this 
 200:Generated_Source\PSoC4/Accel_Pin.c **** *  function to avoid unintended interrupt requests. Note that the interrupt
 201:Generated_Source\PSoC4/Accel_Pin.c **** *  type is port wide, and therefore will trigger for any enabled pin on the 
 202:Generated_Source\PSoC4/Accel_Pin.c **** *  port.
 203:Generated_Source\PSoC4/Accel_Pin.c **** *
 204:Generated_Source\PSoC4/Accel_Pin.c **** * \funcusage
 205:Generated_Source\PSoC4/Accel_Pin.c **** *  \snippet Accel_Pin_SUT.c usage_Accel_Pin_SetInterruptMode
 206:Generated_Source\PSoC4/Accel_Pin.c **** *******************************************************************************/
 207:Generated_Source\PSoC4/Accel_Pin.c **** void Accel_Pin_SetInterruptMode(uint16 position, uint16 mode)
 208:Generated_Source\PSoC4/Accel_Pin.c **** {
 182              		.loc 1 208 1 is_stmt 1 view -0
 183              		.cfi_startproc
 184              		@ args = 0, pretend = 0, frame = 0
 185              		@ frame_needed = 0, uses_anonymous_args = 0
 186              		@ link register save eliminated.
 209:Generated_Source\PSoC4/Accel_Pin.c ****     uint32 intrCfg;
 187              		.loc 1 209 5 view .LVU30
 210:Generated_Source\PSoC4/Accel_Pin.c ****     
 211:Generated_Source\PSoC4/Accel_Pin.c ****     intrCfg =  Accel_Pin_INTCFG & (uint32)(~(uint32)position);
 188              		.loc 1 211 5 view .LVU31
ARM GAS  C:\Users\EDULU~1.DES\AppData\Local\Temp\ccsqo3rj.s 			page 8


 189              		.loc 1 211 16 is_stmt 0 view .LVU32
 190 0000 034A     		ldr	r2, .L14
 191 0002 1368     		ldr	r3, [r2]
 192              		.loc 1 211 13 view .LVU33
 193 0004 8343     		bics	r3, r0
 194              	.LVL7:
 212:Generated_Source\PSoC4/Accel_Pin.c ****     Accel_Pin_INTCFG = intrCfg | ((uint32)position & (uint32)mode);
 195              		.loc 1 212 5 is_stmt 1 view .LVU34
 196              		.loc 1 212 52 is_stmt 0 view .LVU35
 197 0006 0140     		ands	r1, r0
 198              	.LVL8:
 199              		.loc 1 212 32 view .LVU36
 200 0008 1943     		orrs	r1, r3
 201              		.loc 1 212 22 view .LVU37
 202 000a 1160     		str	r1, [r2]
 213:Generated_Source\PSoC4/Accel_Pin.c **** }
 203              		.loc 1 213 1 view .LVU38
 204              		@ sp needed
 205 000c 7047     		bx	lr
 206              	.L15:
 207 000e C046     		.align	2
 208              	.L14:
 209 0010 0C010440 		.word	1074004236
 210              		.cfi_endproc
 211              	.LFE4:
 212              		.size	Accel_Pin_SetInterruptMode, .-Accel_Pin_SetInterruptMode
 213              		.section	.text.Accel_Pin_ClearInterrupt,"ax",%progbits
 214              		.align	1
 215              		.global	Accel_Pin_ClearInterrupt
 216              		.syntax unified
 217              		.code	16
 218              		.thumb_func
 219              		.fpu softvfp
 220              		.type	Accel_Pin_ClearInterrupt, %function
 221              	Accel_Pin_ClearInterrupt:
 222              	.LFB5:
 214:Generated_Source\PSoC4/Accel_Pin.c **** 
 215:Generated_Source\PSoC4/Accel_Pin.c **** 
 216:Generated_Source\PSoC4/Accel_Pin.c **** /*******************************************************************************
 217:Generated_Source\PSoC4/Accel_Pin.c **** * Function Name: Accel_Pin_ClearInterrupt
 218:Generated_Source\PSoC4/Accel_Pin.c **** ****************************************************************************//**
 219:Generated_Source\PSoC4/Accel_Pin.c **** *
 220:Generated_Source\PSoC4/Accel_Pin.c **** * \brief Clears any active interrupts attached with the component and returns 
 221:Generated_Source\PSoC4/Accel_Pin.c **** *  the value of the interrupt status register allowing determination of which
 222:Generated_Source\PSoC4/Accel_Pin.c **** *  pins generated an interrupt event.
 223:Generated_Source\PSoC4/Accel_Pin.c **** *
 224:Generated_Source\PSoC4/Accel_Pin.c **** * \return 
 225:Generated_Source\PSoC4/Accel_Pin.c **** *  The right-shifted current value of the interrupt status register. Each pin 
 226:Generated_Source\PSoC4/Accel_Pin.c **** *  has one bit set if it generated an interrupt event. For example, bit 0 is 
 227:Generated_Source\PSoC4/Accel_Pin.c **** *  for pin 0 and bit 1 is for pin 1 of the Pins component.
 228:Generated_Source\PSoC4/Accel_Pin.c **** *  
 229:Generated_Source\PSoC4/Accel_Pin.c **** * \sideeffect
 230:Generated_Source\PSoC4/Accel_Pin.c **** *  Clears all bits of the physical port's interrupt status register, not just
 231:Generated_Source\PSoC4/Accel_Pin.c **** *  those associated with the Pins component.
 232:Generated_Source\PSoC4/Accel_Pin.c **** *
 233:Generated_Source\PSoC4/Accel_Pin.c **** * \funcusage
 234:Generated_Source\PSoC4/Accel_Pin.c **** *  \snippet Accel_Pin_SUT.c usage_Accel_Pin_ClearInterrupt
ARM GAS  C:\Users\EDULU~1.DES\AppData\Local\Temp\ccsqo3rj.s 			page 9


 235:Generated_Source\PSoC4/Accel_Pin.c **** *******************************************************************************/
 236:Generated_Source\PSoC4/Accel_Pin.c **** uint8 Accel_Pin_ClearInterrupt(void)
 237:Generated_Source\PSoC4/Accel_Pin.c **** {
 223              		.loc 1 237 1 is_stmt 1 view -0
 224              		.cfi_startproc
 225              		@ args = 0, pretend = 0, frame = 0
 226              		@ frame_needed = 0, uses_anonymous_args = 0
 227              		@ link register save eliminated.
 238:Generated_Source\PSoC4/Accel_Pin.c **** 	uint8 maskedStatus = (uint8)(Accel_Pin_INTSTAT & Accel_Pin_MASK);
 228              		.loc 1 238 2 view .LVU40
 229              		.loc 1 238 31 is_stmt 0 view .LVU41
 230 0000 034B     		ldr	r3, .L17
 231 0002 1868     		ldr	r0, [r3]
 232              		.loc 1 238 8 view .LVU42
 233 0004 4022     		movs	r2, #64
 234 0006 1040     		ands	r0, r2
 235              	.LVL9:
 239:Generated_Source\PSoC4/Accel_Pin.c **** 	Accel_Pin_INTSTAT = maskedStatus;
 236              		.loc 1 239 2 is_stmt 1 view .LVU43
 237              		.loc 1 239 20 is_stmt 0 view .LVU44
 238 0008 1860     		str	r0, [r3]
 240:Generated_Source\PSoC4/Accel_Pin.c ****     return maskedStatus >> Accel_Pin_SHIFT;
 239              		.loc 1 240 5 is_stmt 1 view .LVU45
 240              		.loc 1 240 25 is_stmt 0 view .LVU46
 241 000a 8009     		lsrs	r0, r0, #6
 242              	.LVL10:
 241:Generated_Source\PSoC4/Accel_Pin.c **** }
 243              		.loc 1 241 1 view .LVU47
 244              		@ sp needed
 245 000c 7047     		bx	lr
 246              	.L18:
 247 000e C046     		.align	2
 248              	.L17:
 249 0010 10010440 		.word	1074004240
 250              		.cfi_endproc
 251              	.LFE5:
 252              		.size	Accel_Pin_ClearInterrupt, .-Accel_Pin_ClearInterrupt
 253              		.text
 254              	.Letext0:
 255              		.file 2 "Generated_Source\\PSoC4\\cytypes.h"
 256              		.section	.debug_info,"",%progbits
 257              	.Ldebug_info0:
 258 0000 C4010000 		.4byte	0x1c4
 259 0004 0400     		.2byte	0x4
 260 0006 00000000 		.4byte	.Ldebug_abbrev0
 261 000a 04       		.byte	0x4
 262 000b 01       		.uleb128 0x1
 263 000c 10000000 		.4byte	.LASF25
 264 0010 0C       		.byte	0xc
 265 0011 73020000 		.4byte	.LASF26
 266 0015 00010000 		.4byte	.LASF27
 267 0019 00000000 		.4byte	.Ldebug_ranges0+0
 268 001d 00000000 		.4byte	0
 269 0021 00000000 		.4byte	.Ldebug_line0
 270 0025 02       		.uleb128 0x2
 271 0026 01       		.byte	0x1
 272 0027 06       		.byte	0x6
ARM GAS  C:\Users\EDULU~1.DES\AppData\Local\Temp\ccsqo3rj.s 			page 10


 273 0028 99010000 		.4byte	.LASF0
 274 002c 02       		.uleb128 0x2
 275 002d 01       		.byte	0x1
 276 002e 08       		.byte	0x8
 277 002f 8B010000 		.4byte	.LASF1
 278 0033 02       		.uleb128 0x2
 279 0034 02       		.byte	0x2
 280 0035 05       		.byte	0x5
 281 0036 06000000 		.4byte	.LASF2
 282 003a 02       		.uleb128 0x2
 283 003b 02       		.byte	0x2
 284 003c 07       		.byte	0x7
 285 003d CF010000 		.4byte	.LASF3
 286 0041 02       		.uleb128 0x2
 287 0042 04       		.byte	0x4
 288 0043 05       		.byte	0x5
 289 0044 82010000 		.4byte	.LASF4
 290 0048 02       		.uleb128 0x2
 291 0049 04       		.byte	0x4
 292 004a 07       		.byte	0x7
 293 004b FB010000 		.4byte	.LASF5
 294 004f 02       		.uleb128 0x2
 295 0050 08       		.byte	0x8
 296 0051 05       		.byte	0x5
 297 0052 74010000 		.4byte	.LASF6
 298 0056 02       		.uleb128 0x2
 299 0057 08       		.byte	0x8
 300 0058 07       		.byte	0x7
 301 0059 A5010000 		.4byte	.LASF7
 302 005d 03       		.uleb128 0x3
 303 005e 04       		.byte	0x4
 304 005f 05       		.byte	0x5
 305 0060 696E7400 		.ascii	"int\000"
 306 0064 02       		.uleb128 0x2
 307 0065 04       		.byte	0x4
 308 0066 07       		.byte	0x7
 309 0067 BC010000 		.4byte	.LASF8
 310 006b 04       		.uleb128 0x4
 311 006c DF000000 		.4byte	.LASF9
 312 0070 02       		.byte	0x2
 313 0071 E401     		.2byte	0x1e4
 314 0073 19       		.byte	0x19
 315 0074 2C000000 		.4byte	0x2c
 316 0078 04       		.uleb128 0x4
 317 0079 D8000000 		.4byte	.LASF10
 318 007d 02       		.byte	0x2
 319 007e E501     		.2byte	0x1e5
 320 0080 19       		.byte	0x19
 321 0081 3A000000 		.4byte	0x3a
 322 0085 04       		.uleb128 0x4
 323 0086 F4010000 		.4byte	.LASF11
 324 008a 02       		.byte	0x2
 325 008b E601     		.2byte	0x1e6
 326 008d 19       		.byte	0x19
 327 008e 48000000 		.4byte	0x48
 328 0092 05       		.uleb128 0x5
 329 0093 85000000 		.4byte	0x85
ARM GAS  C:\Users\EDULU~1.DES\AppData\Local\Temp\ccsqo3rj.s 			page 11


 330 0097 02       		.uleb128 0x2
 331 0098 04       		.byte	0x4
 332 0099 04       		.byte	0x4
 333 009a 6E010000 		.4byte	.LASF12
 334 009e 02       		.uleb128 0x2
 335 009f 08       		.byte	0x8
 336 00a0 04       		.byte	0x4
 337 00a1 0D020000 		.4byte	.LASF13
 338 00a5 02       		.uleb128 0x2
 339 00a6 01       		.byte	0x1
 340 00a7 08       		.byte	0x8
 341 00a8 E2010000 		.4byte	.LASF14
 342 00ac 04       		.uleb128 0x4
 343 00ad C9010000 		.4byte	.LASF15
 344 00b1 02       		.byte	0x2
 345 00b2 9002     		.2byte	0x290
 346 00b4 21       		.byte	0x21
 347 00b5 92000000 		.4byte	0x92
 348 00b9 06       		.uleb128 0x6
 349 00ba 51020000 		.4byte	.LASF28
 350 00be 01       		.byte	0x1
 351 00bf EC       		.byte	0xec
 352 00c0 07       		.byte	0x7
 353 00c1 6B000000 		.4byte	0x6b
 354 00c5 00000000 		.4byte	.LFB5
 355 00c9 14000000 		.4byte	.LFE5-.LFB5
 356 00cd 01       		.uleb128 0x1
 357 00ce 9C       		.byte	0x9c
 358 00cf E8000000 		.4byte	0xe8
 359 00d3 07       		.uleb128 0x7
 360 00d4 E7010000 		.4byte	.LASF16
 361 00d8 01       		.byte	0x1
 362 00d9 EE       		.byte	0xee
 363 00da 08       		.byte	0x8
 364 00db 6B000000 		.4byte	0x6b
 365 00df 04000000 		.4byte	.LLST5
 366 00e3 00000000 		.4byte	.LVUS5
 367 00e7 00       		.byte	0
 368 00e8 08       		.uleb128 0x8
 369 00e9 E5000000 		.4byte	.LASF20
 370 00ed 01       		.byte	0x1
 371 00ee CF       		.byte	0xcf
 372 00ef 06       		.byte	0x6
 373 00f0 00000000 		.4byte	.LFB4
 374 00f4 14000000 		.4byte	.LFE4-.LFB4
 375 00f8 01       		.uleb128 0x1
 376 00f9 9C       		.byte	0x9c
 377 00fa 35010000 		.4byte	0x135
 378 00fe 09       		.uleb128 0x9
 379 00ff 6A020000 		.4byte	.LASF29
 380 0103 01       		.byte	0x1
 381 0104 CF       		.byte	0xcf
 382 0105 28       		.byte	0x28
 383 0106 78000000 		.4byte	0x78
 384 010a 01       		.uleb128 0x1
 385 010b 50       		.byte	0x50
 386 010c 0A       		.uleb128 0xa
ARM GAS  C:\Users\EDULU~1.DES\AppData\Local\Temp\ccsqo3rj.s 			page 12


 387 010d B6000000 		.4byte	.LASF22
 388 0111 01       		.byte	0x1
 389 0112 CF       		.byte	0xcf
 390 0113 39       		.byte	0x39
 391 0114 78000000 		.4byte	0x78
 392 0118 29000000 		.4byte	.LLST3
 393 011c 25000000 		.4byte	.LVUS3
 394 0120 07       		.uleb128 0x7
 395 0121 3A020000 		.4byte	.LASF17
 396 0125 01       		.byte	0x1
 397 0126 D1       		.byte	0xd1
 398 0127 0C       		.byte	0xc
 399 0128 85000000 		.4byte	0x85
 400 012c 4C000000 		.4byte	.LLST4
 401 0130 4A000000 		.4byte	.LVUS4
 402 0134 00       		.byte	0
 403 0135 0B       		.uleb128 0xb
 404 0136 24020000 		.4byte	.LASF18
 405 013a 01       		.byte	0x1
 406 013b A4       		.byte	0xa4
 407 013c 07       		.byte	0x7
 408 013d 6B000000 		.4byte	0x6b
 409 0141 00000000 		.4byte	.LFB3
 410 0145 10000000 		.4byte	.LFE3-.LFB3
 411 0149 01       		.uleb128 0x1
 412 014a 9C       		.byte	0x9c
 413 014b 0B       		.uleb128 0xb
 414 014c 42020000 		.4byte	.LASF19
 415 0150 01       		.byte	0x1
 416 0151 88       		.byte	0x88
 417 0152 07       		.byte	0x7
 418 0153 6B000000 		.4byte	0x6b
 419 0157 00000000 		.4byte	.LFB2
 420 015b 10000000 		.4byte	.LFE2-.LFB2
 421 015f 01       		.uleb128 0x1
 422 0160 9C       		.byte	0x9c
 423 0161 08       		.uleb128 0x8
 424 0162 14020000 		.4byte	.LASF21
 425 0166 01       		.byte	0x1
 426 0167 6F       		.byte	0x6f
 427 0168 06       		.byte	0x6
 428 0169 00000000 		.4byte	.LFB1
 429 016d 18000000 		.4byte	.LFE1-.LFB1
 430 0171 01       		.uleb128 0x1
 431 0172 9C       		.byte	0x9c
 432 0173 A0010000 		.4byte	0x1a0
 433 0177 0A       		.uleb128 0xa
 434 0178 D2000000 		.4byte	.LASF23
 435 017c 01       		.byte	0x1
 436 017d 6F       		.byte	0x6f
 437 017e 1C       		.byte	0x1c
 438 017f 6B000000 		.4byte	0x6b
 439 0183 63000000 		.4byte	.LLST1
 440 0187 5F000000 		.4byte	.LVUS1
 441 018b 07       		.uleb128 0x7
 442 018c 00000000 		.4byte	.LASF24
 443 0190 01       		.byte	0x1
ARM GAS  C:\Users\EDULU~1.DES\AppData\Local\Temp\ccsqo3rj.s 			page 13


 444 0191 71       		.byte	0x71
 445 0192 0B       		.byte	0xb
 446 0193 6B000000 		.4byte	0x6b
 447 0197 88000000 		.4byte	.LLST2
 448 019b 84000000 		.4byte	.LVUS2
 449 019f 00       		.byte	0
 450 01a0 0C       		.uleb128 0xc
 451 01a1 BB000000 		.4byte	.LASF30
 452 01a5 01       		.byte	0x1
 453 01a6 48       		.byte	0x48
 454 01a7 0A       		.byte	0xa
 455 01a8 00000000 		.4byte	.LFB0
 456 01ac 18000000 		.4byte	.LFE0-.LFB0
 457 01b0 01       		.uleb128 0x1
 458 01b1 9C       		.byte	0x9c
 459 01b2 0A       		.uleb128 0xa
 460 01b3 B6000000 		.4byte	.LASF22
 461 01b7 01       		.byte	0x1
 462 01b8 48       		.byte	0x48
 463 01b9 27       		.byte	0x27
 464 01ba 6B000000 		.4byte	0x6b
 465 01be AA000000 		.4byte	.LLST0
 466 01c2 A6000000 		.4byte	.LVUS0
 467 01c6 00       		.byte	0
 468 01c7 00       		.byte	0
 469              		.section	.debug_abbrev,"",%progbits
 470              	.Ldebug_abbrev0:
 471 0000 01       		.uleb128 0x1
 472 0001 11       		.uleb128 0x11
 473 0002 01       		.byte	0x1
 474 0003 25       		.uleb128 0x25
 475 0004 0E       		.uleb128 0xe
 476 0005 13       		.uleb128 0x13
 477 0006 0B       		.uleb128 0xb
 478 0007 03       		.uleb128 0x3
 479 0008 0E       		.uleb128 0xe
 480 0009 1B       		.uleb128 0x1b
 481 000a 0E       		.uleb128 0xe
 482 000b 55       		.uleb128 0x55
 483 000c 17       		.uleb128 0x17
 484 000d 11       		.uleb128 0x11
 485 000e 01       		.uleb128 0x1
 486 000f 10       		.uleb128 0x10
 487 0010 17       		.uleb128 0x17
 488 0011 00       		.byte	0
 489 0012 00       		.byte	0
 490 0013 02       		.uleb128 0x2
 491 0014 24       		.uleb128 0x24
 492 0015 00       		.byte	0
 493 0016 0B       		.uleb128 0xb
 494 0017 0B       		.uleb128 0xb
 495 0018 3E       		.uleb128 0x3e
 496 0019 0B       		.uleb128 0xb
 497 001a 03       		.uleb128 0x3
 498 001b 0E       		.uleb128 0xe
 499 001c 00       		.byte	0
 500 001d 00       		.byte	0
ARM GAS  C:\Users\EDULU~1.DES\AppData\Local\Temp\ccsqo3rj.s 			page 14


 501 001e 03       		.uleb128 0x3
 502 001f 24       		.uleb128 0x24
 503 0020 00       		.byte	0
 504 0021 0B       		.uleb128 0xb
 505 0022 0B       		.uleb128 0xb
 506 0023 3E       		.uleb128 0x3e
 507 0024 0B       		.uleb128 0xb
 508 0025 03       		.uleb128 0x3
 509 0026 08       		.uleb128 0x8
 510 0027 00       		.byte	0
 511 0028 00       		.byte	0
 512 0029 04       		.uleb128 0x4
 513 002a 16       		.uleb128 0x16
 514 002b 00       		.byte	0
 515 002c 03       		.uleb128 0x3
 516 002d 0E       		.uleb128 0xe
 517 002e 3A       		.uleb128 0x3a
 518 002f 0B       		.uleb128 0xb
 519 0030 3B       		.uleb128 0x3b
 520 0031 05       		.uleb128 0x5
 521 0032 39       		.uleb128 0x39
 522 0033 0B       		.uleb128 0xb
 523 0034 49       		.uleb128 0x49
 524 0035 13       		.uleb128 0x13
 525 0036 00       		.byte	0
 526 0037 00       		.byte	0
 527 0038 05       		.uleb128 0x5
 528 0039 35       		.uleb128 0x35
 529 003a 00       		.byte	0
 530 003b 49       		.uleb128 0x49
 531 003c 13       		.uleb128 0x13
 532 003d 00       		.byte	0
 533 003e 00       		.byte	0
 534 003f 06       		.uleb128 0x6
 535 0040 2E       		.uleb128 0x2e
 536 0041 01       		.byte	0x1
 537 0042 3F       		.uleb128 0x3f
 538 0043 19       		.uleb128 0x19
 539 0044 03       		.uleb128 0x3
 540 0045 0E       		.uleb128 0xe
 541 0046 3A       		.uleb128 0x3a
 542 0047 0B       		.uleb128 0xb
 543 0048 3B       		.uleb128 0x3b
 544 0049 0B       		.uleb128 0xb
 545 004a 39       		.uleb128 0x39
 546 004b 0B       		.uleb128 0xb
 547 004c 27       		.uleb128 0x27
 548 004d 19       		.uleb128 0x19
 549 004e 49       		.uleb128 0x49
 550 004f 13       		.uleb128 0x13
 551 0050 11       		.uleb128 0x11
 552 0051 01       		.uleb128 0x1
 553 0052 12       		.uleb128 0x12
 554 0053 06       		.uleb128 0x6
 555 0054 40       		.uleb128 0x40
 556 0055 18       		.uleb128 0x18
 557 0056 9742     		.uleb128 0x2117
ARM GAS  C:\Users\EDULU~1.DES\AppData\Local\Temp\ccsqo3rj.s 			page 15


 558 0058 19       		.uleb128 0x19
 559 0059 01       		.uleb128 0x1
 560 005a 13       		.uleb128 0x13
 561 005b 00       		.byte	0
 562 005c 00       		.byte	0
 563 005d 07       		.uleb128 0x7
 564 005e 34       		.uleb128 0x34
 565 005f 00       		.byte	0
 566 0060 03       		.uleb128 0x3
 567 0061 0E       		.uleb128 0xe
 568 0062 3A       		.uleb128 0x3a
 569 0063 0B       		.uleb128 0xb
 570 0064 3B       		.uleb128 0x3b
 571 0065 0B       		.uleb128 0xb
 572 0066 39       		.uleb128 0x39
 573 0067 0B       		.uleb128 0xb
 574 0068 49       		.uleb128 0x49
 575 0069 13       		.uleb128 0x13
 576 006a 02       		.uleb128 0x2
 577 006b 17       		.uleb128 0x17
 578 006c B742     		.uleb128 0x2137
 579 006e 17       		.uleb128 0x17
 580 006f 00       		.byte	0
 581 0070 00       		.byte	0
 582 0071 08       		.uleb128 0x8
 583 0072 2E       		.uleb128 0x2e
 584 0073 01       		.byte	0x1
 585 0074 3F       		.uleb128 0x3f
 586 0075 19       		.uleb128 0x19
 587 0076 03       		.uleb128 0x3
 588 0077 0E       		.uleb128 0xe
 589 0078 3A       		.uleb128 0x3a
 590 0079 0B       		.uleb128 0xb
 591 007a 3B       		.uleb128 0x3b
 592 007b 0B       		.uleb128 0xb
 593 007c 39       		.uleb128 0x39
 594 007d 0B       		.uleb128 0xb
 595 007e 27       		.uleb128 0x27
 596 007f 19       		.uleb128 0x19
 597 0080 11       		.uleb128 0x11
 598 0081 01       		.uleb128 0x1
 599 0082 12       		.uleb128 0x12
 600 0083 06       		.uleb128 0x6
 601 0084 40       		.uleb128 0x40
 602 0085 18       		.uleb128 0x18
 603 0086 9742     		.uleb128 0x2117
 604 0088 19       		.uleb128 0x19
 605 0089 01       		.uleb128 0x1
 606 008a 13       		.uleb128 0x13
 607 008b 00       		.byte	0
 608 008c 00       		.byte	0
 609 008d 09       		.uleb128 0x9
 610 008e 05       		.uleb128 0x5
 611 008f 00       		.byte	0
 612 0090 03       		.uleb128 0x3
 613 0091 0E       		.uleb128 0xe
 614 0092 3A       		.uleb128 0x3a
ARM GAS  C:\Users\EDULU~1.DES\AppData\Local\Temp\ccsqo3rj.s 			page 16


 615 0093 0B       		.uleb128 0xb
 616 0094 3B       		.uleb128 0x3b
 617 0095 0B       		.uleb128 0xb
 618 0096 39       		.uleb128 0x39
 619 0097 0B       		.uleb128 0xb
 620 0098 49       		.uleb128 0x49
 621 0099 13       		.uleb128 0x13
 622 009a 02       		.uleb128 0x2
 623 009b 18       		.uleb128 0x18
 624 009c 00       		.byte	0
 625 009d 00       		.byte	0
 626 009e 0A       		.uleb128 0xa
 627 009f 05       		.uleb128 0x5
 628 00a0 00       		.byte	0
 629 00a1 03       		.uleb128 0x3
 630 00a2 0E       		.uleb128 0xe
 631 00a3 3A       		.uleb128 0x3a
 632 00a4 0B       		.uleb128 0xb
 633 00a5 3B       		.uleb128 0x3b
 634 00a6 0B       		.uleb128 0xb
 635 00a7 39       		.uleb128 0x39
 636 00a8 0B       		.uleb128 0xb
 637 00a9 49       		.uleb128 0x49
 638 00aa 13       		.uleb128 0x13
 639 00ab 02       		.uleb128 0x2
 640 00ac 17       		.uleb128 0x17
 641 00ad B742     		.uleb128 0x2137
 642 00af 17       		.uleb128 0x17
 643 00b0 00       		.byte	0
 644 00b1 00       		.byte	0
 645 00b2 0B       		.uleb128 0xb
 646 00b3 2E       		.uleb128 0x2e
 647 00b4 00       		.byte	0
 648 00b5 3F       		.uleb128 0x3f
 649 00b6 19       		.uleb128 0x19
 650 00b7 03       		.uleb128 0x3
 651 00b8 0E       		.uleb128 0xe
 652 00b9 3A       		.uleb128 0x3a
 653 00ba 0B       		.uleb128 0xb
 654 00bb 3B       		.uleb128 0x3b
 655 00bc 0B       		.uleb128 0xb
 656 00bd 39       		.uleb128 0x39
 657 00be 0B       		.uleb128 0xb
 658 00bf 27       		.uleb128 0x27
 659 00c0 19       		.uleb128 0x19
 660 00c1 49       		.uleb128 0x49
 661 00c2 13       		.uleb128 0x13
 662 00c3 11       		.uleb128 0x11
 663 00c4 01       		.uleb128 0x1
 664 00c5 12       		.uleb128 0x12
 665 00c6 06       		.uleb128 0x6
 666 00c7 40       		.uleb128 0x40
 667 00c8 18       		.uleb128 0x18
 668 00c9 9742     		.uleb128 0x2117
 669 00cb 19       		.uleb128 0x19
 670 00cc 00       		.byte	0
 671 00cd 00       		.byte	0
ARM GAS  C:\Users\EDULU~1.DES\AppData\Local\Temp\ccsqo3rj.s 			page 17


 672 00ce 0C       		.uleb128 0xc
 673 00cf 2E       		.uleb128 0x2e
 674 00d0 01       		.byte	0x1
 675 00d1 3F       		.uleb128 0x3f
 676 00d2 19       		.uleb128 0x19
 677 00d3 03       		.uleb128 0x3
 678 00d4 0E       		.uleb128 0xe
 679 00d5 3A       		.uleb128 0x3a
 680 00d6 0B       		.uleb128 0xb
 681 00d7 3B       		.uleb128 0x3b
 682 00d8 0B       		.uleb128 0xb
 683 00d9 39       		.uleb128 0x39
 684 00da 0B       		.uleb128 0xb
 685 00db 27       		.uleb128 0x27
 686 00dc 19       		.uleb128 0x19
 687 00dd 11       		.uleb128 0x11
 688 00de 01       		.uleb128 0x1
 689 00df 12       		.uleb128 0x12
 690 00e0 06       		.uleb128 0x6
 691 00e1 40       		.uleb128 0x40
 692 00e2 18       		.uleb128 0x18
 693 00e3 9742     		.uleb128 0x2117
 694 00e5 19       		.uleb128 0x19
 695 00e6 00       		.byte	0
 696 00e7 00       		.byte	0
 697 00e8 00       		.byte	0
 698              		.section	.debug_loc,"",%progbits
 699              	.Ldebug_loc0:
 700              	.LVUS5:
 701 0000 00       		.uleb128 .LVU43
 702 0001 00       		.uleb128 .LVU47
 703 0002 00       		.uleb128 .LVU47
 704 0003 00       		.uleb128 0
 705              	.LLST5:
 706 0004 08000000 		.4byte	.LVL9
 707 0008 0C000000 		.4byte	.LVL10
 708 000c 0100     		.2byte	0x1
 709 000e 50       		.byte	0x50
 710 000f 0C000000 		.4byte	.LVL10
 711 0013 14000000 		.4byte	.LFE5
 712 0017 0400     		.2byte	0x4
 713 0019 73       		.byte	0x73
 714 001a 00       		.sleb128 0
 715 001b 06       		.byte	0x6
 716 001c 9F       		.byte	0x9f
 717 001d 00000000 		.4byte	0
 718 0021 00000000 		.4byte	0
 719              	.LVUS3:
 720 0025 00       		.uleb128 0
 721 0026 00       		.uleb128 .LVU36
 722 0027 00       		.uleb128 .LVU36
 723 0028 00       		.uleb128 0
 724              	.LLST3:
 725 0029 00000000 		.4byte	.LVL6
 726 002d 08000000 		.4byte	.LVL8
 727 0031 0100     		.2byte	0x1
 728 0033 51       		.byte	0x51
ARM GAS  C:\Users\EDULU~1.DES\AppData\Local\Temp\ccsqo3rj.s 			page 18


 729 0034 08000000 		.4byte	.LVL8
 730 0038 14000000 		.4byte	.LFE4
 731 003c 0400     		.2byte	0x4
 732 003e F3       		.byte	0xf3
 733 003f 01       		.uleb128 0x1
 734 0040 51       		.byte	0x51
 735 0041 9F       		.byte	0x9f
 736 0042 00000000 		.4byte	0
 737 0046 00000000 		.4byte	0
 738              	.LVUS4:
 739 004a 00       		.uleb128 .LVU34
 740 004b 00       		.uleb128 0
 741              	.LLST4:
 742 004c 06000000 		.4byte	.LVL7
 743 0050 14000000 		.4byte	.LFE4
 744 0054 0100     		.2byte	0x1
 745 0056 53       		.byte	0x53
 746 0057 00000000 		.4byte	0
 747 005b 00000000 		.4byte	0
 748              	.LVUS1:
 749 005f 00       		.uleb128 0
 750 0060 00       		.uleb128 .LVU12
 751 0061 00       		.uleb128 .LVU12
 752 0062 00       		.uleb128 0
 753              	.LLST1:
 754 0063 00000000 		.4byte	.LVL2
 755 0067 0C000000 		.4byte	.LVL4
 756 006b 0100     		.2byte	0x1
 757 006d 50       		.byte	0x50
 758 006e 0C000000 		.4byte	.LVL4
 759 0072 18000000 		.4byte	.LFE1
 760 0076 0400     		.2byte	0x4
 761 0078 F3       		.byte	0xf3
 762 0079 01       		.uleb128 0x1
 763 007a 50       		.byte	0x50
 764 007b 9F       		.byte	0x9f
 765 007c 00000000 		.4byte	0
 766 0080 00000000 		.4byte	0
 767              	.LVUS2:
 768 0084 00       		.uleb128 .LVU10
 769 0085 00       		.uleb128 .LVU14
 770 0086 00       		.uleb128 .LVU14
 771 0087 00       		.uleb128 0
 772              	.LLST2:
 773 0088 0A000000 		.4byte	.LVL3
 774 008c 10000000 		.4byte	.LVL5
 775 0090 0100     		.2byte	0x1
 776 0092 53       		.byte	0x53
 777 0093 10000000 		.4byte	.LVL5
 778 0097 18000000 		.4byte	.LFE1
 779 009b 0100     		.2byte	0x1
 780 009d 50       		.byte	0x50
 781 009e 00000000 		.4byte	0
 782 00a2 00000000 		.4byte	0
 783              	.LVUS0:
 784 00a6 00       		.uleb128 0
 785 00a7 00       		.uleb128 .LVU3
ARM GAS  C:\Users\EDULU~1.DES\AppData\Local\Temp\ccsqo3rj.s 			page 19


 786 00a8 00       		.uleb128 .LVU3
 787 00a9 00       		.uleb128 0
 788              	.LLST0:
 789 00aa 00000000 		.4byte	.LVL0
 790 00ae 0A000000 		.4byte	.LVL1
 791 00b2 0100     		.2byte	0x1
 792 00b4 50       		.byte	0x50
 793 00b5 0A000000 		.4byte	.LVL1
 794 00b9 18000000 		.4byte	.LFE0
 795 00bd 0400     		.2byte	0x4
 796 00bf F3       		.byte	0xf3
 797 00c0 01       		.uleb128 0x1
 798 00c1 50       		.byte	0x50
 799 00c2 9F       		.byte	0x9f
 800 00c3 00000000 		.4byte	0
 801 00c7 00000000 		.4byte	0
 802              		.section	.debug_aranges,"",%progbits
 803 0000 44000000 		.4byte	0x44
 804 0004 0200     		.2byte	0x2
 805 0006 00000000 		.4byte	.Ldebug_info0
 806 000a 04       		.byte	0x4
 807 000b 00       		.byte	0
 808 000c 0000     		.2byte	0
 809 000e 0000     		.2byte	0
 810 0010 00000000 		.4byte	.LFB0
 811 0014 18000000 		.4byte	.LFE0-.LFB0
 812 0018 00000000 		.4byte	.LFB1
 813 001c 18000000 		.4byte	.LFE1-.LFB1
 814 0020 00000000 		.4byte	.LFB2
 815 0024 10000000 		.4byte	.LFE2-.LFB2
 816 0028 00000000 		.4byte	.LFB3
 817 002c 10000000 		.4byte	.LFE3-.LFB3
 818 0030 00000000 		.4byte	.LFB4
 819 0034 14000000 		.4byte	.LFE4-.LFB4
 820 0038 00000000 		.4byte	.LFB5
 821 003c 14000000 		.4byte	.LFE5-.LFB5
 822 0040 00000000 		.4byte	0
 823 0044 00000000 		.4byte	0
 824              		.section	.debug_ranges,"",%progbits
 825              	.Ldebug_ranges0:
 826 0000 00000000 		.4byte	.LFB0
 827 0004 18000000 		.4byte	.LFE0
 828 0008 00000000 		.4byte	.LFB1
 829 000c 18000000 		.4byte	.LFE1
 830 0010 00000000 		.4byte	.LFB2
 831 0014 10000000 		.4byte	.LFE2
 832 0018 00000000 		.4byte	.LFB3
 833 001c 10000000 		.4byte	.LFE3
 834 0020 00000000 		.4byte	.LFB4
 835 0024 14000000 		.4byte	.LFE4
 836 0028 00000000 		.4byte	.LFB5
 837 002c 14000000 		.4byte	.LFE5
 838 0030 00000000 		.4byte	0
 839 0034 00000000 		.4byte	0
 840              		.section	.debug_line,"",%progbits
 841              	.Ldebug_line0:
 842 0000 40010000 		.section	.debug_str,"MS",%progbits,1
ARM GAS  C:\Users\EDULU~1.DES\AppData\Local\Temp\ccsqo3rj.s 			page 20


 842      03004600 
 842      00000201 
 842      FB0E0D00 
 842      01010101 
 843              	.LASF24:
 844 0000 64725661 		.ascii	"drVal\000"
 844      6C00
 845              	.LASF2:
 846 0006 73686F72 		.ascii	"short int\000"
 846      7420696E 
 846      7400
 847              	.LASF25:
 848 0010 474E5520 		.ascii	"GNU C17 8.2.1 20181213 (release) [gcc-8-branch revi"
 848      43313720 
 848      382E322E 
 848      31203230 
 848      31383132 
 849 0043 73696F6E 		.ascii	"sion 267074] -mcpu=cortex-m0 -mthumb -mfloat-abi=so"
 849      20323637 
 849      3037345D 
 849      202D6D63 
 849      70753D63 
 850 0076 6674202D 		.ascii	"ft -march=armv6s-m -g -Og -ffunction-sections -ffat"
 850      6D617263 
 850      683D6172 
 850      6D763673 
 850      2D6D202D 
 851 00a9 2D6C746F 		.ascii	"-lto-objects\000"
 851      2D6F626A 
 851      65637473 
 851      00
 852              	.LASF22:
 853 00b6 6D6F6465 		.ascii	"mode\000"
 853      00
 854              	.LASF30:
 855 00bb 41636365 		.ascii	"Accel_Pin_SetDriveMode\000"
 855      6C5F5069 
 855      6E5F5365 
 855      74447269 
 855      76654D6F 
 856              	.LASF23:
 857 00d2 76616C75 		.ascii	"value\000"
 857      6500
 858              	.LASF10:
 859 00d8 75696E74 		.ascii	"uint16\000"
 859      313600
 860              	.LASF9:
 861 00df 75696E74 		.ascii	"uint8\000"
 861      3800
 862              	.LASF20:
 863 00e5 41636365 		.ascii	"Accel_Pin_SetInterruptMode\000"
 863      6C5F5069 
 863      6E5F5365 
 863      74496E74 
 863      65727275 
 864              	.LASF27:
 865 0100 433A5C55 		.ascii	"C:\\Users\\edulu.DESKTOP-961TG4K\\Documents\\PSoC C"
ARM GAS  C:\Users\EDULU~1.DES\AppData\Local\Temp\ccsqo3rj.s 			page 21


 865      73657273 
 865      5C656475 
 865      6C752E44 
 865      45534B54 
 866 012f 72656174 		.ascii	"reator\\Micrium\\Examples\\Cypress\\CY8CKIT-044\\OS"
 866      6F725C4D 
 866      69637269 
 866      756D5C45 
 866      78616D70 
 867 015d 335C5053 		.ascii	"3\\PSoC\\OS3.cydsn\000"
 867      6F435C4F 
 867      53332E63 
 867      7964736E 
 867      00
 868              	.LASF12:
 869 016e 666C6F61 		.ascii	"float\000"
 869      7400
 870              	.LASF6:
 871 0174 6C6F6E67 		.ascii	"long long int\000"
 871      206C6F6E 
 871      6720696E 
 871      7400
 872              	.LASF4:
 873 0182 6C6F6E67 		.ascii	"long int\000"
 873      20696E74 
 873      00
 874              	.LASF1:
 875 018b 756E7369 		.ascii	"unsigned char\000"
 875      676E6564 
 875      20636861 
 875      7200
 876              	.LASF0:
 877 0199 7369676E 		.ascii	"signed char\000"
 877      65642063 
 877      68617200 
 878              	.LASF7:
 879 01a5 6C6F6E67 		.ascii	"long long unsigned int\000"
 879      206C6F6E 
 879      6720756E 
 879      7369676E 
 879      65642069 
 880              	.LASF8:
 881 01bc 756E7369 		.ascii	"unsigned int\000"
 881      676E6564 
 881      20696E74 
 881      00
 882              	.LASF15:
 883 01c9 72656733 		.ascii	"reg32\000"
 883      3200
 884              	.LASF3:
 885 01cf 73686F72 		.ascii	"short unsigned int\000"
 885      7420756E 
 885      7369676E 
 885      65642069 
 885      6E7400
 886              	.LASF14:
 887 01e2 63686172 		.ascii	"char\000"
ARM GAS  C:\Users\EDULU~1.DES\AppData\Local\Temp\ccsqo3rj.s 			page 22


 887      00
 888              	.LASF16:
 889 01e7 6D61736B 		.ascii	"maskedStatus\000"
 889      65645374 
 889      61747573 
 889      00
 890              	.LASF11:
 891 01f4 75696E74 		.ascii	"uint32\000"
 891      333200
 892              	.LASF5:
 893 01fb 6C6F6E67 		.ascii	"long unsigned int\000"
 893      20756E73 
 893      69676E65 
 893      6420696E 
 893      7400
 894              	.LASF13:
 895 020d 646F7562 		.ascii	"double\000"
 895      6C6500
 896              	.LASF21:
 897 0214 41636365 		.ascii	"Accel_Pin_Write\000"
 897      6C5F5069 
 897      6E5F5772 
 897      69746500 
 898              	.LASF18:
 899 0224 41636365 		.ascii	"Accel_Pin_ReadDataReg\000"
 899      6C5F5069 
 899      6E5F5265 
 899      61644461 
 899      74615265 
 900              	.LASF17:
 901 023a 696E7472 		.ascii	"intrCfg\000"
 901      43666700 
 902              	.LASF19:
 903 0242 41636365 		.ascii	"Accel_Pin_Read\000"
 903      6C5F5069 
 903      6E5F5265 
 903      616400
 904              	.LASF28:
 905 0251 41636365 		.ascii	"Accel_Pin_ClearInterrupt\000"
 905      6C5F5069 
 905      6E5F436C 
 905      65617249 
 905      6E746572 
 906              	.LASF29:
 907 026a 706F7369 		.ascii	"position\000"
 907      74696F6E 
 907      00
 908              	.LASF26:
 909 0273 47656E65 		.ascii	"Generated_Source\\PSoC4\\Accel_Pin.c\000"
 909      72617465 
 909      645F536F 
 909      75726365 
 909      5C50536F 
 910              		.ident	"GCC: (GNU Tools for Arm Embedded Processors 8-2018-q4-major) 8.2.1 20181213 (release) [gcc
