ARM GAS  C:\Users\EDULU~1.DES\AppData\Local\Temp\ccWwDPVB.s 			page 1


   1              		.cpu cortex-m0
   2              		.eabi_attribute 20, 1
   3              		.eabi_attribute 21, 1
   4              		.eabi_attribute 23, 3
   5              		.eabi_attribute 24, 1
   6              		.eabi_attribute 25, 1
   7              		.eabi_attribute 26, 1
   8              		.eabi_attribute 30, 1
   9              		.eabi_attribute 34, 0
  10              		.eabi_attribute 18, 4
  11              		.file	"Clock_Temp.c"
  12              		.text
  13              	.Ltext0:
  14              		.cfi_sections	.debug_frame
  15              		.section	.text.Clock_Temp_Start,"ax",%progbits
  16              		.align	1
  17              		.global	Clock_Temp_Start
  18              		.arch armv6s-m
  19              		.syntax unified
  20              		.code	16
  21              		.thumb_func
  22              		.fpu softvfp
  23              		.type	Clock_Temp_Start, %function
  24              	Clock_Temp_Start:
  25              	.LFB0:
  26              		.file 1 "Generated_Source\\PSoC4\\Clock_Temp.c"
   1:Generated_Source\PSoC4/Clock_Temp.c **** /*******************************************************************************
   2:Generated_Source\PSoC4/Clock_Temp.c **** * File Name: Clock_Temp.c
   3:Generated_Source\PSoC4/Clock_Temp.c **** * Version 2.20
   4:Generated_Source\PSoC4/Clock_Temp.c **** *
   5:Generated_Source\PSoC4/Clock_Temp.c **** *  Description:
   6:Generated_Source\PSoC4/Clock_Temp.c **** *   Provides system API for the clocking, interrupts and watchdog timer.
   7:Generated_Source\PSoC4/Clock_Temp.c **** *
   8:Generated_Source\PSoC4/Clock_Temp.c **** *  Note:
   9:Generated_Source\PSoC4/Clock_Temp.c **** *   Documentation of the API's in this file is located in the
  10:Generated_Source\PSoC4/Clock_Temp.c **** *   System Reference Guide provided with PSoC Creator.
  11:Generated_Source\PSoC4/Clock_Temp.c **** *
  12:Generated_Source\PSoC4/Clock_Temp.c **** ********************************************************************************
  13:Generated_Source\PSoC4/Clock_Temp.c **** * Copyright 2008-2012, Cypress Semiconductor Corporation.  All rights reserved.
  14:Generated_Source\PSoC4/Clock_Temp.c **** * You may use this file only in accordance with the license, terms, conditions,
  15:Generated_Source\PSoC4/Clock_Temp.c **** * disclaimers, and limitations in the end user license agreement accompanying
  16:Generated_Source\PSoC4/Clock_Temp.c **** * the software package with which this file was provided.
  17:Generated_Source\PSoC4/Clock_Temp.c **** *******************************************************************************/
  18:Generated_Source\PSoC4/Clock_Temp.c **** 
  19:Generated_Source\PSoC4/Clock_Temp.c **** #include <cydevice_trm.h>
  20:Generated_Source\PSoC4/Clock_Temp.c **** #include "Clock_Temp.h"
  21:Generated_Source\PSoC4/Clock_Temp.c **** 
  22:Generated_Source\PSoC4/Clock_Temp.c **** #if defined CYREG_PERI_DIV_CMD
  23:Generated_Source\PSoC4/Clock_Temp.c **** 
  24:Generated_Source\PSoC4/Clock_Temp.c **** /*******************************************************************************
  25:Generated_Source\PSoC4/Clock_Temp.c **** * Function Name: Clock_Temp_StartEx
  26:Generated_Source\PSoC4/Clock_Temp.c **** ********************************************************************************
  27:Generated_Source\PSoC4/Clock_Temp.c **** *
  28:Generated_Source\PSoC4/Clock_Temp.c **** * Summary:
  29:Generated_Source\PSoC4/Clock_Temp.c **** *  Starts the clock, aligned to the specified running clock.
  30:Generated_Source\PSoC4/Clock_Temp.c **** *
  31:Generated_Source\PSoC4/Clock_Temp.c **** * Parameters:
ARM GAS  C:\Users\EDULU~1.DES\AppData\Local\Temp\ccWwDPVB.s 			page 2


  32:Generated_Source\PSoC4/Clock_Temp.c **** *  alignClkDiv:  The divider to which phase alignment is performed when the
  33:Generated_Source\PSoC4/Clock_Temp.c **** *    clock is started.
  34:Generated_Source\PSoC4/Clock_Temp.c **** *
  35:Generated_Source\PSoC4/Clock_Temp.c **** * Returns:
  36:Generated_Source\PSoC4/Clock_Temp.c **** *  None
  37:Generated_Source\PSoC4/Clock_Temp.c **** *
  38:Generated_Source\PSoC4/Clock_Temp.c **** *******************************************************************************/
  39:Generated_Source\PSoC4/Clock_Temp.c **** void Clock_Temp_StartEx(uint32 alignClkDiv)
  40:Generated_Source\PSoC4/Clock_Temp.c **** {
  41:Generated_Source\PSoC4/Clock_Temp.c ****     /* Make sure any previous start command has finished. */
  42:Generated_Source\PSoC4/Clock_Temp.c ****     while((Clock_Temp_CMD_REG & Clock_Temp_CMD_ENABLE_MASK) != 0u)
  43:Generated_Source\PSoC4/Clock_Temp.c ****     {
  44:Generated_Source\PSoC4/Clock_Temp.c ****     }
  45:Generated_Source\PSoC4/Clock_Temp.c ****     
  46:Generated_Source\PSoC4/Clock_Temp.c ****     /* Specify the target divider and it's alignment divider, and enable. */
  47:Generated_Source\PSoC4/Clock_Temp.c ****     Clock_Temp_CMD_REG =
  48:Generated_Source\PSoC4/Clock_Temp.c ****         ((uint32)Clock_Temp__DIV_ID << Clock_Temp_CMD_DIV_SHIFT)|
  49:Generated_Source\PSoC4/Clock_Temp.c ****         (alignClkDiv << Clock_Temp_CMD_PA_DIV_SHIFT) |
  50:Generated_Source\PSoC4/Clock_Temp.c ****         (uint32)Clock_Temp_CMD_ENABLE_MASK;
  51:Generated_Source\PSoC4/Clock_Temp.c **** }
  52:Generated_Source\PSoC4/Clock_Temp.c **** 
  53:Generated_Source\PSoC4/Clock_Temp.c **** #else
  54:Generated_Source\PSoC4/Clock_Temp.c **** 
  55:Generated_Source\PSoC4/Clock_Temp.c **** /*******************************************************************************
  56:Generated_Source\PSoC4/Clock_Temp.c **** * Function Name: Clock_Temp_Start
  57:Generated_Source\PSoC4/Clock_Temp.c **** ********************************************************************************
  58:Generated_Source\PSoC4/Clock_Temp.c **** *
  59:Generated_Source\PSoC4/Clock_Temp.c **** * Summary:
  60:Generated_Source\PSoC4/Clock_Temp.c **** *  Starts the clock.
  61:Generated_Source\PSoC4/Clock_Temp.c **** *
  62:Generated_Source\PSoC4/Clock_Temp.c **** * Parameters:
  63:Generated_Source\PSoC4/Clock_Temp.c **** *  None
  64:Generated_Source\PSoC4/Clock_Temp.c **** *
  65:Generated_Source\PSoC4/Clock_Temp.c **** * Returns:
  66:Generated_Source\PSoC4/Clock_Temp.c **** *  None
  67:Generated_Source\PSoC4/Clock_Temp.c **** *
  68:Generated_Source\PSoC4/Clock_Temp.c **** *******************************************************************************/
  69:Generated_Source\PSoC4/Clock_Temp.c **** 
  70:Generated_Source\PSoC4/Clock_Temp.c **** void Clock_Temp_Start(void)
  71:Generated_Source\PSoC4/Clock_Temp.c **** {
  27              		.loc 1 71 1 view -0
  28              		.cfi_startproc
  29              		@ args = 0, pretend = 0, frame = 0
  30              		@ frame_needed = 0, uses_anonymous_args = 0
  31              		@ link register save eliminated.
  72:Generated_Source\PSoC4/Clock_Temp.c ****     /* Set the bit to enable the clock. */
  73:Generated_Source\PSoC4/Clock_Temp.c ****     Clock_Temp_ENABLE_REG |= Clock_Temp__ENABLE_MASK;
  32              		.loc 1 73 5 view .LVU1
  33              		.loc 1 73 27 is_stmt 0 view .LVU2
  34 0000 034A     		ldr	r2, .L2
  35 0002 1168     		ldr	r1, [r2]
  36 0004 8023     		movs	r3, #128
  37 0006 1B06     		lsls	r3, r3, #24
  38 0008 0B43     		orrs	r3, r1
  39 000a 1360     		str	r3, [r2]
  74:Generated_Source\PSoC4/Clock_Temp.c **** }
  40              		.loc 1 74 1 view .LVU3
ARM GAS  C:\Users\EDULU~1.DES\AppData\Local\Temp\ccWwDPVB.s 			page 3


  41              		@ sp needed
  42 000c 7047     		bx	lr
  43              	.L3:
  44 000e C046     		.align	2
  45              	.L2:
  46 0010 04000240 		.word	1073872900
  47              		.cfi_endproc
  48              	.LFE0:
  49              		.size	Clock_Temp_Start, .-Clock_Temp_Start
  50              		.section	.text.Clock_Temp_Stop,"ax",%progbits
  51              		.align	1
  52              		.global	Clock_Temp_Stop
  53              		.syntax unified
  54              		.code	16
  55              		.thumb_func
  56              		.fpu softvfp
  57              		.type	Clock_Temp_Stop, %function
  58              	Clock_Temp_Stop:
  59              	.LFB1:
  75:Generated_Source\PSoC4/Clock_Temp.c **** 
  76:Generated_Source\PSoC4/Clock_Temp.c **** #endif /* CYREG_PERI_DIV_CMD */
  77:Generated_Source\PSoC4/Clock_Temp.c **** 
  78:Generated_Source\PSoC4/Clock_Temp.c **** 
  79:Generated_Source\PSoC4/Clock_Temp.c **** /*******************************************************************************
  80:Generated_Source\PSoC4/Clock_Temp.c **** * Function Name: Clock_Temp_Stop
  81:Generated_Source\PSoC4/Clock_Temp.c **** ********************************************************************************
  82:Generated_Source\PSoC4/Clock_Temp.c **** *
  83:Generated_Source\PSoC4/Clock_Temp.c **** * Summary:
  84:Generated_Source\PSoC4/Clock_Temp.c **** *  Stops the clock and returns immediately. This API does not require the
  85:Generated_Source\PSoC4/Clock_Temp.c **** *  source clock to be running but may return before the hardware is actually
  86:Generated_Source\PSoC4/Clock_Temp.c **** *  disabled.
  87:Generated_Source\PSoC4/Clock_Temp.c **** *
  88:Generated_Source\PSoC4/Clock_Temp.c **** * Parameters:
  89:Generated_Source\PSoC4/Clock_Temp.c **** *  None
  90:Generated_Source\PSoC4/Clock_Temp.c **** *
  91:Generated_Source\PSoC4/Clock_Temp.c **** * Returns:
  92:Generated_Source\PSoC4/Clock_Temp.c **** *  None
  93:Generated_Source\PSoC4/Clock_Temp.c **** *
  94:Generated_Source\PSoC4/Clock_Temp.c **** *******************************************************************************/
  95:Generated_Source\PSoC4/Clock_Temp.c **** void Clock_Temp_Stop(void)
  96:Generated_Source\PSoC4/Clock_Temp.c **** {
  60              		.loc 1 96 1 is_stmt 1 view -0
  61              		.cfi_startproc
  62              		@ args = 0, pretend = 0, frame = 0
  63              		@ frame_needed = 0, uses_anonymous_args = 0
  64              		@ link register save eliminated.
  97:Generated_Source\PSoC4/Clock_Temp.c **** #if defined CYREG_PERI_DIV_CMD
  98:Generated_Source\PSoC4/Clock_Temp.c **** 
  99:Generated_Source\PSoC4/Clock_Temp.c ****     /* Make sure any previous start command has finished. */
 100:Generated_Source\PSoC4/Clock_Temp.c ****     while((Clock_Temp_CMD_REG & Clock_Temp_CMD_ENABLE_MASK) != 0u)
 101:Generated_Source\PSoC4/Clock_Temp.c ****     {
 102:Generated_Source\PSoC4/Clock_Temp.c ****     }
 103:Generated_Source\PSoC4/Clock_Temp.c ****     
 104:Generated_Source\PSoC4/Clock_Temp.c ****     /* Specify the target divider and it's alignment divider, and disable. */
 105:Generated_Source\PSoC4/Clock_Temp.c ****     Clock_Temp_CMD_REG =
 106:Generated_Source\PSoC4/Clock_Temp.c ****         ((uint32)Clock_Temp__DIV_ID << Clock_Temp_CMD_DIV_SHIFT)|
 107:Generated_Source\PSoC4/Clock_Temp.c ****         ((uint32)Clock_Temp_CMD_DISABLE_MASK);
ARM GAS  C:\Users\EDULU~1.DES\AppData\Local\Temp\ccWwDPVB.s 			page 4


 108:Generated_Source\PSoC4/Clock_Temp.c **** 
 109:Generated_Source\PSoC4/Clock_Temp.c **** #else
 110:Generated_Source\PSoC4/Clock_Temp.c **** 
 111:Generated_Source\PSoC4/Clock_Temp.c ****     /* Clear the bit to disable the clock. */
 112:Generated_Source\PSoC4/Clock_Temp.c ****     Clock_Temp_ENABLE_REG &= (uint32)(~Clock_Temp__ENABLE_MASK);
  65              		.loc 1 112 5 view .LVU5
  66              		.loc 1 112 27 is_stmt 0 view .LVU6
  67 0000 024A     		ldr	r2, .L5
  68 0002 1368     		ldr	r3, [r2]
  69 0004 5B00     		lsls	r3, r3, #1
  70 0006 5B08     		lsrs	r3, r3, #1
  71 0008 1360     		str	r3, [r2]
 113:Generated_Source\PSoC4/Clock_Temp.c ****     
 114:Generated_Source\PSoC4/Clock_Temp.c **** #endif /* CYREG_PERI_DIV_CMD */
 115:Generated_Source\PSoC4/Clock_Temp.c **** }
  72              		.loc 1 115 1 view .LVU7
  73              		@ sp needed
  74 000a 7047     		bx	lr
  75              	.L6:
  76              		.align	2
  77              	.L5:
  78 000c 04000240 		.word	1073872900
  79              		.cfi_endproc
  80              	.LFE1:
  81              		.size	Clock_Temp_Stop, .-Clock_Temp_Stop
  82              		.section	.text.Clock_Temp_SetFractionalDividerRegister,"ax",%progbits
  83              		.align	1
  84              		.global	Clock_Temp_SetFractionalDividerRegister
  85              		.syntax unified
  86              		.code	16
  87              		.thumb_func
  88              		.fpu softvfp
  89              		.type	Clock_Temp_SetFractionalDividerRegister, %function
  90              	Clock_Temp_SetFractionalDividerRegister:
  91              	.LVL0:
  92              	.LFB2:
 116:Generated_Source\PSoC4/Clock_Temp.c **** 
 117:Generated_Source\PSoC4/Clock_Temp.c **** 
 118:Generated_Source\PSoC4/Clock_Temp.c **** /*******************************************************************************
 119:Generated_Source\PSoC4/Clock_Temp.c **** * Function Name: Clock_Temp_SetFractionalDividerRegister
 120:Generated_Source\PSoC4/Clock_Temp.c **** ********************************************************************************
 121:Generated_Source\PSoC4/Clock_Temp.c **** *
 122:Generated_Source\PSoC4/Clock_Temp.c **** * Summary:
 123:Generated_Source\PSoC4/Clock_Temp.c **** *  Modifies the clock divider and the fractional divider.
 124:Generated_Source\PSoC4/Clock_Temp.c **** *
 125:Generated_Source\PSoC4/Clock_Temp.c **** * Parameters:
 126:Generated_Source\PSoC4/Clock_Temp.c **** *  clkDivider:  Divider register value (0-65535). This value is NOT the
 127:Generated_Source\PSoC4/Clock_Temp.c **** *    divider; the clock hardware divides by clkDivider plus one. For example,
 128:Generated_Source\PSoC4/Clock_Temp.c **** *    to divide the clock by 2, this parameter should be set to 1.
 129:Generated_Source\PSoC4/Clock_Temp.c **** *  fracDivider:  Fractional Divider register value (0-31).
 130:Generated_Source\PSoC4/Clock_Temp.c **** * Returns:
 131:Generated_Source\PSoC4/Clock_Temp.c **** *  None
 132:Generated_Source\PSoC4/Clock_Temp.c **** *
 133:Generated_Source\PSoC4/Clock_Temp.c **** *******************************************************************************/
 134:Generated_Source\PSoC4/Clock_Temp.c **** void Clock_Temp_SetFractionalDividerRegister(uint16 clkDivider, uint8 clkFractional)
 135:Generated_Source\PSoC4/Clock_Temp.c **** {
  93              		.loc 1 135 1 is_stmt 1 view -0
ARM GAS  C:\Users\EDULU~1.DES\AppData\Local\Temp\ccWwDPVB.s 			page 5


  94              		.cfi_startproc
  95              		@ args = 0, pretend = 0, frame = 0
  96              		@ frame_needed = 0, uses_anonymous_args = 0
  97              		@ link register save eliminated.
 136:Generated_Source\PSoC4/Clock_Temp.c ****     uint32 maskVal;
  98              		.loc 1 136 5 view .LVU9
 137:Generated_Source\PSoC4/Clock_Temp.c ****     uint32 regVal;
  99              		.loc 1 137 5 view .LVU10
 138:Generated_Source\PSoC4/Clock_Temp.c ****     
 139:Generated_Source\PSoC4/Clock_Temp.c **** #if defined (Clock_Temp__FRAC_MASK) || defined (CYREG_PERI_DIV_CMD)
 140:Generated_Source\PSoC4/Clock_Temp.c ****     
 141:Generated_Source\PSoC4/Clock_Temp.c **** 	/* get all but divider bits */
 142:Generated_Source\PSoC4/Clock_Temp.c ****     maskVal = Clock_Temp_DIV_REG & 
 143:Generated_Source\PSoC4/Clock_Temp.c ****                     (uint32)(~(uint32)(Clock_Temp_DIV_INT_MASK | Clock_Temp_DIV_FRAC_MASK)); 
 144:Generated_Source\PSoC4/Clock_Temp.c **** 	/* combine mask and new divider vals into 32-bit value */
 145:Generated_Source\PSoC4/Clock_Temp.c ****     regVal = maskVal |
 146:Generated_Source\PSoC4/Clock_Temp.c ****         ((uint32)((uint32)clkDivider <<  Clock_Temp_DIV_INT_SHIFT) & Clock_Temp_DIV_INT_MASK) |
 147:Generated_Source\PSoC4/Clock_Temp.c ****         ((uint32)((uint32)clkFractional << Clock_Temp_DIV_FRAC_SHIFT) & Clock_Temp_DIV_FRAC_MASK);
 148:Generated_Source\PSoC4/Clock_Temp.c ****     
 149:Generated_Source\PSoC4/Clock_Temp.c **** #else
 150:Generated_Source\PSoC4/Clock_Temp.c ****     /* get all but integer divider bits */
 151:Generated_Source\PSoC4/Clock_Temp.c ****     maskVal = Clock_Temp_DIV_REG & (uint32)(~(uint32)Clock_Temp__DIVIDER_MASK);
 100              		.loc 1 151 5 view .LVU11
 101              		.loc 1 151 15 is_stmt 0 view .LVU12
 102 0000 034A     		ldr	r2, .L8
 103 0002 1368     		ldr	r3, [r2]
 104              		.loc 1 151 13 view .LVU13
 105 0004 1B0C     		lsrs	r3, r3, #16
 106 0006 1B04     		lsls	r3, r3, #16
 107              	.LVL1:
 152:Generated_Source\PSoC4/Clock_Temp.c ****     /* combine mask and new divider val into 32-bit value */
 153:Generated_Source\PSoC4/Clock_Temp.c ****     regVal = clkDivider | maskVal;
 108              		.loc 1 153 5 is_stmt 1 view .LVU14
 109              		.loc 1 153 12 is_stmt 0 view .LVU15
 110 0008 0343     		orrs	r3, r0
 111              	.LVL2:
 154:Generated_Source\PSoC4/Clock_Temp.c ****     
 155:Generated_Source\PSoC4/Clock_Temp.c **** #endif /* Clock_Temp__FRAC_MASK || CYREG_PERI_DIV_CMD */
 156:Generated_Source\PSoC4/Clock_Temp.c **** 
 157:Generated_Source\PSoC4/Clock_Temp.c ****     Clock_Temp_DIV_REG = regVal;
 112              		.loc 1 157 5 is_stmt 1 view .LVU16
 113              		.loc 1 157 24 is_stmt 0 view .LVU17
 114 000a 1360     		str	r3, [r2]
 158:Generated_Source\PSoC4/Clock_Temp.c **** }
 115              		.loc 1 158 1 view .LVU18
 116              		@ sp needed
 117 000c 7047     		bx	lr
 118              	.L9:
 119 000e C046     		.align	2
 120              	.L8:
 121 0010 04000240 		.word	1073872900
 122              		.cfi_endproc
 123              	.LFE2:
 124              		.size	Clock_Temp_SetFractionalDividerRegister, .-Clock_Temp_SetFractionalDividerRegister
 125              		.section	.text.Clock_Temp_GetDividerRegister,"ax",%progbits
 126              		.align	1
 127              		.global	Clock_Temp_GetDividerRegister
ARM GAS  C:\Users\EDULU~1.DES\AppData\Local\Temp\ccWwDPVB.s 			page 6


 128              		.syntax unified
 129              		.code	16
 130              		.thumb_func
 131              		.fpu softvfp
 132              		.type	Clock_Temp_GetDividerRegister, %function
 133              	Clock_Temp_GetDividerRegister:
 134              	.LFB3:
 159:Generated_Source\PSoC4/Clock_Temp.c **** 
 160:Generated_Source\PSoC4/Clock_Temp.c **** 
 161:Generated_Source\PSoC4/Clock_Temp.c **** /*******************************************************************************
 162:Generated_Source\PSoC4/Clock_Temp.c **** * Function Name: Clock_Temp_GetDividerRegister
 163:Generated_Source\PSoC4/Clock_Temp.c **** ********************************************************************************
 164:Generated_Source\PSoC4/Clock_Temp.c **** *
 165:Generated_Source\PSoC4/Clock_Temp.c **** * Summary:
 166:Generated_Source\PSoC4/Clock_Temp.c **** *  Gets the clock divider register value.
 167:Generated_Source\PSoC4/Clock_Temp.c **** *
 168:Generated_Source\PSoC4/Clock_Temp.c **** * Parameters:
 169:Generated_Source\PSoC4/Clock_Temp.c **** *  None
 170:Generated_Source\PSoC4/Clock_Temp.c **** *
 171:Generated_Source\PSoC4/Clock_Temp.c **** * Returns:
 172:Generated_Source\PSoC4/Clock_Temp.c **** *  Divide value of the clock minus 1. For example, if the clock is set to
 173:Generated_Source\PSoC4/Clock_Temp.c **** *  divide by 2, the return value will be 1.
 174:Generated_Source\PSoC4/Clock_Temp.c **** *
 175:Generated_Source\PSoC4/Clock_Temp.c **** *******************************************************************************/
 176:Generated_Source\PSoC4/Clock_Temp.c **** uint16 Clock_Temp_GetDividerRegister(void)
 177:Generated_Source\PSoC4/Clock_Temp.c **** {
 135              		.loc 1 177 1 is_stmt 1 view -0
 136              		.cfi_startproc
 137              		@ args = 0, pretend = 0, frame = 0
 138              		@ frame_needed = 0, uses_anonymous_args = 0
 139              		@ link register save eliminated.
 178:Generated_Source\PSoC4/Clock_Temp.c ****     return (uint16)((Clock_Temp_DIV_REG & Clock_Temp_DIV_INT_MASK)
 140              		.loc 1 178 5 view .LVU20
 141              		.loc 1 178 22 is_stmt 0 view .LVU21
 142 0000 014B     		ldr	r3, .L11
 143 0002 1868     		ldr	r0, [r3]
 144              		.loc 1 178 12 view .LVU22
 145 0004 80B2     		uxth	r0, r0
 179:Generated_Source\PSoC4/Clock_Temp.c ****         >> Clock_Temp_DIV_INT_SHIFT);
 180:Generated_Source\PSoC4/Clock_Temp.c **** }
 146              		.loc 1 180 1 view .LVU23
 147              		@ sp needed
 148 0006 7047     		bx	lr
 149              	.L12:
 150              		.align	2
 151              	.L11:
 152 0008 04000240 		.word	1073872900
 153              		.cfi_endproc
 154              	.LFE3:
 155              		.size	Clock_Temp_GetDividerRegister, .-Clock_Temp_GetDividerRegister
 156              		.section	.text.Clock_Temp_GetFractionalDividerRegister,"ax",%progbits
 157              		.align	1
 158              		.global	Clock_Temp_GetFractionalDividerRegister
 159              		.syntax unified
 160              		.code	16
 161              		.thumb_func
 162              		.fpu softvfp
ARM GAS  C:\Users\EDULU~1.DES\AppData\Local\Temp\ccWwDPVB.s 			page 7


 163              		.type	Clock_Temp_GetFractionalDividerRegister, %function
 164              	Clock_Temp_GetFractionalDividerRegister:
 165              	.LFB4:
 181:Generated_Source\PSoC4/Clock_Temp.c **** 
 182:Generated_Source\PSoC4/Clock_Temp.c **** 
 183:Generated_Source\PSoC4/Clock_Temp.c **** /*******************************************************************************
 184:Generated_Source\PSoC4/Clock_Temp.c **** * Function Name: Clock_Temp_GetFractionalDividerRegister
 185:Generated_Source\PSoC4/Clock_Temp.c **** ********************************************************************************
 186:Generated_Source\PSoC4/Clock_Temp.c **** *
 187:Generated_Source\PSoC4/Clock_Temp.c **** * Summary:
 188:Generated_Source\PSoC4/Clock_Temp.c **** *  Gets the clock fractional divider register value.
 189:Generated_Source\PSoC4/Clock_Temp.c **** *
 190:Generated_Source\PSoC4/Clock_Temp.c **** * Parameters:
 191:Generated_Source\PSoC4/Clock_Temp.c **** *  None
 192:Generated_Source\PSoC4/Clock_Temp.c **** *
 193:Generated_Source\PSoC4/Clock_Temp.c **** * Returns:
 194:Generated_Source\PSoC4/Clock_Temp.c **** *  Fractional Divide value of the clock
 195:Generated_Source\PSoC4/Clock_Temp.c **** *  0 if the fractional divider is not in use.
 196:Generated_Source\PSoC4/Clock_Temp.c **** *
 197:Generated_Source\PSoC4/Clock_Temp.c **** *******************************************************************************/
 198:Generated_Source\PSoC4/Clock_Temp.c **** uint8 Clock_Temp_GetFractionalDividerRegister(void)
 199:Generated_Source\PSoC4/Clock_Temp.c **** {
 166              		.loc 1 199 1 is_stmt 1 view -0
 167              		.cfi_startproc
 168              		@ args = 0, pretend = 0, frame = 0
 169              		@ frame_needed = 0, uses_anonymous_args = 0
 170              		@ link register save eliminated.
 200:Generated_Source\PSoC4/Clock_Temp.c **** #if defined (Clock_Temp__FRAC_MASK)
 201:Generated_Source\PSoC4/Clock_Temp.c ****     /* return fractional divider bits */
 202:Generated_Source\PSoC4/Clock_Temp.c ****     return (uint8)((Clock_Temp_DIV_REG & Clock_Temp_DIV_FRAC_MASK)
 203:Generated_Source\PSoC4/Clock_Temp.c ****         >> Clock_Temp_DIV_FRAC_SHIFT);
 204:Generated_Source\PSoC4/Clock_Temp.c **** #else
 205:Generated_Source\PSoC4/Clock_Temp.c ****     return 0u;
 171              		.loc 1 205 5 view .LVU25
 206:Generated_Source\PSoC4/Clock_Temp.c **** #endif /* Clock_Temp__FRAC_MASK */
 207:Generated_Source\PSoC4/Clock_Temp.c **** }
 172              		.loc 1 207 1 is_stmt 0 view .LVU26
 173 0000 0020     		movs	r0, #0
 174              		@ sp needed
 175 0002 7047     		bx	lr
 176              		.cfi_endproc
 177              	.LFE4:
 178              		.size	Clock_Temp_GetFractionalDividerRegister, .-Clock_Temp_GetFractionalDividerRegister
 179              		.text
 180              	.Letext0:
 181              		.file 2 "Generated_Source\\PSoC4/cytypes.h"
 182              		.section	.debug_info,"",%progbits
 183              	.Ldebug_info0:
 184 0000 61010000 		.4byte	0x161
 185 0004 0400     		.2byte	0x4
 186 0006 00000000 		.4byte	.Ldebug_abbrev0
 187 000a 04       		.byte	0x4
 188 000b 01       		.uleb128 0x1
 189 000c 6A010000 		.4byte	.LASF24
 190 0010 0C       		.byte	0xc
 191 0011 92000000 		.4byte	.LASF25
 192 0015 1E000000 		.4byte	.LASF26
ARM GAS  C:\Users\EDULU~1.DES\AppData\Local\Temp\ccWwDPVB.s 			page 8


 193 0019 00000000 		.4byte	.Ldebug_ranges0+0
 194 001d 00000000 		.4byte	0
 195 0021 00000000 		.4byte	.Ldebug_line0
 196 0025 02       		.uleb128 0x2
 197 0026 01       		.byte	0x1
 198 0027 06       		.byte	0x6
 199 0028 93020000 		.4byte	.LASF0
 200 002c 02       		.uleb128 0x2
 201 002d 01       		.byte	0x1
 202 002e 08       		.byte	0x8
 203 002f B6000000 		.4byte	.LASF1
 204 0033 02       		.uleb128 0x2
 205 0034 02       		.byte	0x2
 206 0035 05       		.byte	0x5
 207 0036 52020000 		.4byte	.LASF2
 208 003a 02       		.uleb128 0x2
 209 003b 02       		.byte	0x2
 210 003c 07       		.byte	0x7
 211 003d D6000000 		.4byte	.LASF3
 212 0041 02       		.uleb128 0x2
 213 0042 04       		.byte	0x4
 214 0043 05       		.byte	0x5
 215 0044 62020000 		.4byte	.LASF4
 216 0048 02       		.uleb128 0x2
 217 0049 04       		.byte	0x4
 218 004a 07       		.byte	0x7
 219 004b C4000000 		.4byte	.LASF5
 220 004f 02       		.uleb128 0x2
 221 0050 08       		.byte	0x8
 222 0051 05       		.byte	0x5
 223 0052 21020000 		.4byte	.LASF6
 224 0056 02       		.uleb128 0x2
 225 0057 08       		.byte	0x8
 226 0058 07       		.byte	0x7
 227 0059 53010000 		.4byte	.LASF7
 228 005d 03       		.uleb128 0x3
 229 005e 04       		.byte	0x4
 230 005f 05       		.byte	0x5
 231 0060 696E7400 		.ascii	"int\000"
 232 0064 02       		.uleb128 0x2
 233 0065 04       		.byte	0x4
 234 0066 07       		.byte	0x7
 235 0067 46010000 		.4byte	.LASF8
 236 006b 04       		.uleb128 0x4
 237 006c 5C020000 		.4byte	.LASF9
 238 0070 02       		.byte	0x2
 239 0071 E401     		.2byte	0x1e4
 240 0073 19       		.byte	0x19
 241 0074 2C000000 		.4byte	0x2c
 242 0078 04       		.uleb128 0x4
 243 0079 10010000 		.4byte	.LASF10
 244 007d 02       		.byte	0x2
 245 007e E501     		.2byte	0x1e5
 246 0080 19       		.byte	0x19
 247 0081 3A000000 		.4byte	0x3a
 248 0085 04       		.uleb128 0x4
 249 0086 3F010000 		.4byte	.LASF11
ARM GAS  C:\Users\EDULU~1.DES\AppData\Local\Temp\ccWwDPVB.s 			page 9


 250 008a 02       		.byte	0x2
 251 008b E601     		.2byte	0x1e6
 252 008d 19       		.byte	0x19
 253 008e 48000000 		.4byte	0x48
 254 0092 05       		.uleb128 0x5
 255 0093 85000000 		.4byte	0x85
 256 0097 02       		.uleb128 0x2
 257 0098 04       		.byte	0x4
 258 0099 04       		.byte	0x4
 259 009a 8C000000 		.4byte	.LASF12
 260 009e 02       		.uleb128 0x2
 261 009f 08       		.byte	0x8
 262 00a0 04       		.byte	0x4
 263 00a1 F4000000 		.4byte	.LASF13
 264 00a5 02       		.uleb128 0x2
 265 00a6 01       		.byte	0x1
 266 00a7 08       		.byte	0x8
 267 00a8 4D020000 		.4byte	.LASF14
 268 00ac 04       		.uleb128 0x4
 269 00ad 00000000 		.4byte	.LASF15
 270 00b1 02       		.byte	0x2
 271 00b2 9002     		.2byte	0x290
 272 00b4 21       		.byte	0x21
 273 00b5 92000000 		.4byte	0x92
 274 00b9 06       		.uleb128 0x6
 275 00ba 6B020000 		.4byte	.LASF16
 276 00be 01       		.byte	0x1
 277 00bf C6       		.byte	0xc6
 278 00c0 07       		.byte	0x7
 279 00c1 6B000000 		.4byte	0x6b
 280 00c5 00000000 		.4byte	.LFB4
 281 00c9 04000000 		.4byte	.LFE4-.LFB4
 282 00cd 01       		.uleb128 0x1
 283 00ce 9C       		.byte	0x9c
 284 00cf 06       		.uleb128 0x6
 285 00d0 2F020000 		.4byte	.LASF17
 286 00d4 01       		.byte	0x1
 287 00d5 B0       		.byte	0xb0
 288 00d6 08       		.byte	0x8
 289 00d7 78000000 		.4byte	0x78
 290 00db 00000000 		.4byte	.LFB3
 291 00df 0C000000 		.4byte	.LFE3-.LFB3
 292 00e3 01       		.uleb128 0x1
 293 00e4 9C       		.byte	0x9c
 294 00e5 07       		.uleb128 0x7
 295 00e6 17010000 		.4byte	.LASF27
 296 00ea 01       		.byte	0x1
 297 00eb 86       		.byte	0x86
 298 00ec 06       		.byte	0x6
 299 00ed 00000000 		.4byte	.LFB2
 300 00f1 14000000 		.4byte	.LFE2-.LFB2
 301 00f5 01       		.uleb128 0x1
 302 00f6 9C       		.byte	0x9c
 303 00f7 40010000 		.4byte	0x140
 304 00fb 08       		.uleb128 0x8
 305 00fc E9000000 		.4byte	.LASF18
 306 0100 01       		.byte	0x1
ARM GAS  C:\Users\EDULU~1.DES\AppData\Local\Temp\ccWwDPVB.s 			page 10


 307 0101 86       		.byte	0x86
 308 0102 35       		.byte	0x35
 309 0103 78000000 		.4byte	0x78
 310 0107 01       		.uleb128 0x1
 311 0108 50       		.byte	0x50
 312 0109 08       		.uleb128 0x8
 313 010a 02010000 		.4byte	.LASF19
 314 010e 01       		.byte	0x1
 315 010f 86       		.byte	0x86
 316 0110 47       		.byte	0x47
 317 0111 6B000000 		.4byte	0x6b
 318 0115 01       		.uleb128 0x1
 319 0116 51       		.byte	0x51
 320 0117 09       		.uleb128 0x9
 321 0118 06000000 		.4byte	.LASF20
 322 011c 01       		.byte	0x1
 323 011d 88       		.byte	0x88
 324 011e 0C       		.byte	0xc
 325 011f 85000000 		.4byte	0x85
 326 0123 02000000 		.4byte	.LLST0
 327 0127 00000000 		.4byte	.LVUS0
 328 012b 09       		.uleb128 0x9
 329 012c FB000000 		.4byte	.LASF21
 330 0130 01       		.byte	0x1
 331 0131 89       		.byte	0x89
 332 0132 0C       		.byte	0xc
 333 0133 85000000 		.4byte	0x85
 334 0137 17000000 		.4byte	.LLST1
 335 013b 15000000 		.4byte	.LVUS1
 336 013f 00       		.byte	0
 337 0140 0A       		.uleb128 0xa
 338 0141 0E000000 		.4byte	.LASF22
 339 0145 01       		.byte	0x1
 340 0146 5F       		.byte	0x5f
 341 0147 06       		.byte	0x6
 342 0148 00000000 		.4byte	.LFB1
 343 014c 10000000 		.4byte	.LFE1-.LFB1
 344 0150 01       		.uleb128 0x1
 345 0151 9C       		.byte	0x9c
 346 0152 0A       		.uleb128 0xa
 347 0153 10020000 		.4byte	.LASF23
 348 0157 01       		.byte	0x1
 349 0158 46       		.byte	0x46
 350 0159 06       		.byte	0x6
 351 015a 00000000 		.4byte	.LFB0
 352 015e 14000000 		.4byte	.LFE0-.LFB0
 353 0162 01       		.uleb128 0x1
 354 0163 9C       		.byte	0x9c
 355 0164 00       		.byte	0
 356              		.section	.debug_abbrev,"",%progbits
 357              	.Ldebug_abbrev0:
 358 0000 01       		.uleb128 0x1
 359 0001 11       		.uleb128 0x11
 360 0002 01       		.byte	0x1
 361 0003 25       		.uleb128 0x25
 362 0004 0E       		.uleb128 0xe
 363 0005 13       		.uleb128 0x13
ARM GAS  C:\Users\EDULU~1.DES\AppData\Local\Temp\ccWwDPVB.s 			page 11


 364 0006 0B       		.uleb128 0xb
 365 0007 03       		.uleb128 0x3
 366 0008 0E       		.uleb128 0xe
 367 0009 1B       		.uleb128 0x1b
 368 000a 0E       		.uleb128 0xe
 369 000b 55       		.uleb128 0x55
 370 000c 17       		.uleb128 0x17
 371 000d 11       		.uleb128 0x11
 372 000e 01       		.uleb128 0x1
 373 000f 10       		.uleb128 0x10
 374 0010 17       		.uleb128 0x17
 375 0011 00       		.byte	0
 376 0012 00       		.byte	0
 377 0013 02       		.uleb128 0x2
 378 0014 24       		.uleb128 0x24
 379 0015 00       		.byte	0
 380 0016 0B       		.uleb128 0xb
 381 0017 0B       		.uleb128 0xb
 382 0018 3E       		.uleb128 0x3e
 383 0019 0B       		.uleb128 0xb
 384 001a 03       		.uleb128 0x3
 385 001b 0E       		.uleb128 0xe
 386 001c 00       		.byte	0
 387 001d 00       		.byte	0
 388 001e 03       		.uleb128 0x3
 389 001f 24       		.uleb128 0x24
 390 0020 00       		.byte	0
 391 0021 0B       		.uleb128 0xb
 392 0022 0B       		.uleb128 0xb
 393 0023 3E       		.uleb128 0x3e
 394 0024 0B       		.uleb128 0xb
 395 0025 03       		.uleb128 0x3
 396 0026 08       		.uleb128 0x8
 397 0027 00       		.byte	0
 398 0028 00       		.byte	0
 399 0029 04       		.uleb128 0x4
 400 002a 16       		.uleb128 0x16
 401 002b 00       		.byte	0
 402 002c 03       		.uleb128 0x3
 403 002d 0E       		.uleb128 0xe
 404 002e 3A       		.uleb128 0x3a
 405 002f 0B       		.uleb128 0xb
 406 0030 3B       		.uleb128 0x3b
 407 0031 05       		.uleb128 0x5
 408 0032 39       		.uleb128 0x39
 409 0033 0B       		.uleb128 0xb
 410 0034 49       		.uleb128 0x49
 411 0035 13       		.uleb128 0x13
 412 0036 00       		.byte	0
 413 0037 00       		.byte	0
 414 0038 05       		.uleb128 0x5
 415 0039 35       		.uleb128 0x35
 416 003a 00       		.byte	0
 417 003b 49       		.uleb128 0x49
 418 003c 13       		.uleb128 0x13
 419 003d 00       		.byte	0
 420 003e 00       		.byte	0
ARM GAS  C:\Users\EDULU~1.DES\AppData\Local\Temp\ccWwDPVB.s 			page 12


 421 003f 06       		.uleb128 0x6
 422 0040 2E       		.uleb128 0x2e
 423 0041 00       		.byte	0
 424 0042 3F       		.uleb128 0x3f
 425 0043 19       		.uleb128 0x19
 426 0044 03       		.uleb128 0x3
 427 0045 0E       		.uleb128 0xe
 428 0046 3A       		.uleb128 0x3a
 429 0047 0B       		.uleb128 0xb
 430 0048 3B       		.uleb128 0x3b
 431 0049 0B       		.uleb128 0xb
 432 004a 39       		.uleb128 0x39
 433 004b 0B       		.uleb128 0xb
 434 004c 27       		.uleb128 0x27
 435 004d 19       		.uleb128 0x19
 436 004e 49       		.uleb128 0x49
 437 004f 13       		.uleb128 0x13
 438 0050 11       		.uleb128 0x11
 439 0051 01       		.uleb128 0x1
 440 0052 12       		.uleb128 0x12
 441 0053 06       		.uleb128 0x6
 442 0054 40       		.uleb128 0x40
 443 0055 18       		.uleb128 0x18
 444 0056 9742     		.uleb128 0x2117
 445 0058 19       		.uleb128 0x19
 446 0059 00       		.byte	0
 447 005a 00       		.byte	0
 448 005b 07       		.uleb128 0x7
 449 005c 2E       		.uleb128 0x2e
 450 005d 01       		.byte	0x1
 451 005e 3F       		.uleb128 0x3f
 452 005f 19       		.uleb128 0x19
 453 0060 03       		.uleb128 0x3
 454 0061 0E       		.uleb128 0xe
 455 0062 3A       		.uleb128 0x3a
 456 0063 0B       		.uleb128 0xb
 457 0064 3B       		.uleb128 0x3b
 458 0065 0B       		.uleb128 0xb
 459 0066 39       		.uleb128 0x39
 460 0067 0B       		.uleb128 0xb
 461 0068 27       		.uleb128 0x27
 462 0069 19       		.uleb128 0x19
 463 006a 11       		.uleb128 0x11
 464 006b 01       		.uleb128 0x1
 465 006c 12       		.uleb128 0x12
 466 006d 06       		.uleb128 0x6
 467 006e 40       		.uleb128 0x40
 468 006f 18       		.uleb128 0x18
 469 0070 9742     		.uleb128 0x2117
 470 0072 19       		.uleb128 0x19
 471 0073 01       		.uleb128 0x1
 472 0074 13       		.uleb128 0x13
 473 0075 00       		.byte	0
 474 0076 00       		.byte	0
 475 0077 08       		.uleb128 0x8
 476 0078 05       		.uleb128 0x5
 477 0079 00       		.byte	0
ARM GAS  C:\Users\EDULU~1.DES\AppData\Local\Temp\ccWwDPVB.s 			page 13


 478 007a 03       		.uleb128 0x3
 479 007b 0E       		.uleb128 0xe
 480 007c 3A       		.uleb128 0x3a
 481 007d 0B       		.uleb128 0xb
 482 007e 3B       		.uleb128 0x3b
 483 007f 0B       		.uleb128 0xb
 484 0080 39       		.uleb128 0x39
 485 0081 0B       		.uleb128 0xb
 486 0082 49       		.uleb128 0x49
 487 0083 13       		.uleb128 0x13
 488 0084 02       		.uleb128 0x2
 489 0085 18       		.uleb128 0x18
 490 0086 00       		.byte	0
 491 0087 00       		.byte	0
 492 0088 09       		.uleb128 0x9
 493 0089 34       		.uleb128 0x34
 494 008a 00       		.byte	0
 495 008b 03       		.uleb128 0x3
 496 008c 0E       		.uleb128 0xe
 497 008d 3A       		.uleb128 0x3a
 498 008e 0B       		.uleb128 0xb
 499 008f 3B       		.uleb128 0x3b
 500 0090 0B       		.uleb128 0xb
 501 0091 39       		.uleb128 0x39
 502 0092 0B       		.uleb128 0xb
 503 0093 49       		.uleb128 0x49
 504 0094 13       		.uleb128 0x13
 505 0095 02       		.uleb128 0x2
 506 0096 17       		.uleb128 0x17
 507 0097 B742     		.uleb128 0x2137
 508 0099 17       		.uleb128 0x17
 509 009a 00       		.byte	0
 510 009b 00       		.byte	0
 511 009c 0A       		.uleb128 0xa
 512 009d 2E       		.uleb128 0x2e
 513 009e 00       		.byte	0
 514 009f 3F       		.uleb128 0x3f
 515 00a0 19       		.uleb128 0x19
 516 00a1 03       		.uleb128 0x3
 517 00a2 0E       		.uleb128 0xe
 518 00a3 3A       		.uleb128 0x3a
 519 00a4 0B       		.uleb128 0xb
 520 00a5 3B       		.uleb128 0x3b
 521 00a6 0B       		.uleb128 0xb
 522 00a7 39       		.uleb128 0x39
 523 00a8 0B       		.uleb128 0xb
 524 00a9 27       		.uleb128 0x27
 525 00aa 19       		.uleb128 0x19
 526 00ab 11       		.uleb128 0x11
 527 00ac 01       		.uleb128 0x1
 528 00ad 12       		.uleb128 0x12
 529 00ae 06       		.uleb128 0x6
 530 00af 40       		.uleb128 0x40
 531 00b0 18       		.uleb128 0x18
 532 00b1 9742     		.uleb128 0x2117
 533 00b3 19       		.uleb128 0x19
 534 00b4 00       		.byte	0
ARM GAS  C:\Users\EDULU~1.DES\AppData\Local\Temp\ccWwDPVB.s 			page 14


 535 00b5 00       		.byte	0
 536 00b6 00       		.byte	0
 537              		.section	.debug_loc,"",%progbits
 538              	.Ldebug_loc0:
 539              	.LVUS0:
 540 0000 00       		.uleb128 .LVU14
 541 0001 00       		.uleb128 .LVU16
 542              	.LLST0:
 543 0002 08000000 		.4byte	.LVL1
 544 0006 0A000000 		.4byte	.LVL2
 545 000a 0100     		.2byte	0x1
 546 000c 53       		.byte	0x53
 547 000d 00000000 		.4byte	0
 548 0011 00000000 		.4byte	0
 549              	.LVUS1:
 550 0015 00       		.uleb128 .LVU16
 551 0016 00       		.uleb128 0
 552              	.LLST1:
 553 0017 0A000000 		.4byte	.LVL2
 554 001b 14000000 		.4byte	.LFE2
 555 001f 0100     		.2byte	0x1
 556 0021 53       		.byte	0x53
 557 0022 00000000 		.4byte	0
 558 0026 00000000 		.4byte	0
 559              		.section	.debug_aranges,"",%progbits
 560 0000 3C000000 		.4byte	0x3c
 561 0004 0200     		.2byte	0x2
 562 0006 00000000 		.4byte	.Ldebug_info0
 563 000a 04       		.byte	0x4
 564 000b 00       		.byte	0
 565 000c 0000     		.2byte	0
 566 000e 0000     		.2byte	0
 567 0010 00000000 		.4byte	.LFB0
 568 0014 14000000 		.4byte	.LFE0-.LFB0
 569 0018 00000000 		.4byte	.LFB1
 570 001c 10000000 		.4byte	.LFE1-.LFB1
 571 0020 00000000 		.4byte	.LFB2
 572 0024 14000000 		.4byte	.LFE2-.LFB2
 573 0028 00000000 		.4byte	.LFB3
 574 002c 0C000000 		.4byte	.LFE3-.LFB3
 575 0030 00000000 		.4byte	.LFB4
 576 0034 04000000 		.4byte	.LFE4-.LFB4
 577 0038 00000000 		.4byte	0
 578 003c 00000000 		.4byte	0
 579              		.section	.debug_ranges,"",%progbits
 580              	.Ldebug_ranges0:
 581 0000 00000000 		.4byte	.LFB0
 582 0004 14000000 		.4byte	.LFE0
 583 0008 00000000 		.4byte	.LFB1
 584 000c 10000000 		.4byte	.LFE1
 585 0010 00000000 		.4byte	.LFB2
 586 0014 14000000 		.4byte	.LFE2
 587 0018 00000000 		.4byte	.LFB3
 588 001c 0C000000 		.4byte	.LFE3
 589 0020 00000000 		.4byte	.LFB4
 590 0024 04000000 		.4byte	.LFE4
 591 0028 00000000 		.4byte	0
ARM GAS  C:\Users\EDULU~1.DES\AppData\Local\Temp\ccWwDPVB.s 			page 15


 592 002c 00000000 		.4byte	0
 593              		.section	.debug_line,"",%progbits
 594              	.Ldebug_line0:
 595 0000 F2000000 		.section	.debug_str,"MS",%progbits,1
 595      03004700 
 595      00000201 
 595      FB0E0D00 
 595      01010101 
 596              	.LASF15:
 597 0000 72656733 		.ascii	"reg32\000"
 597      3200
 598              	.LASF20:
 599 0006 6D61736B 		.ascii	"maskVal\000"
 599      56616C00 
 600              	.LASF22:
 601 000e 436C6F63 		.ascii	"Clock_Temp_Stop\000"
 601      6B5F5465 
 601      6D705F53 
 601      746F7000 
 602              	.LASF26:
 603 001e 433A5C55 		.ascii	"C:\\Users\\edulu.DESKTOP-961TG4K\\Documents\\PSoC C"
 603      73657273 
 603      5C656475 
 603      6C752E44 
 603      45534B54 
 604 004d 72656174 		.ascii	"reator\\Micrium\\Examples\\Cypress\\CY8CKIT-044\\OS"
 604      6F725C4D 
 604      69637269 
 604      756D5C45 
 604      78616D70 
 605 007b 335C5053 		.ascii	"3\\PSoC\\OS3.cydsn\000"
 605      6F435C4F 
 605      53332E63 
 605      7964736E 
 605      00
 606              	.LASF12:
 607 008c 666C6F61 		.ascii	"float\000"
 607      7400
 608              	.LASF25:
 609 0092 47656E65 		.ascii	"Generated_Source\\PSoC4\\Clock_Temp.c\000"
 609      72617465 
 609      645F536F 
 609      75726365 
 609      5C50536F 
 610              	.LASF1:
 611 00b6 756E7369 		.ascii	"unsigned char\000"
 611      676E6564 
 611      20636861 
 611      7200
 612              	.LASF5:
 613 00c4 6C6F6E67 		.ascii	"long unsigned int\000"
 613      20756E73 
 613      69676E65 
 613      6420696E 
 613      7400
 614              	.LASF3:
 615 00d6 73686F72 		.ascii	"short unsigned int\000"
ARM GAS  C:\Users\EDULU~1.DES\AppData\Local\Temp\ccWwDPVB.s 			page 16


 615      7420756E 
 615      7369676E 
 615      65642069 
 615      6E7400
 616              	.LASF18:
 617 00e9 636C6B44 		.ascii	"clkDivider\000"
 617      69766964 
 617      657200
 618              	.LASF13:
 619 00f4 646F7562 		.ascii	"double\000"
 619      6C6500
 620              	.LASF21:
 621 00fb 72656756 		.ascii	"regVal\000"
 621      616C00
 622              	.LASF19:
 623 0102 636C6B46 		.ascii	"clkFractional\000"
 623      72616374 
 623      696F6E61 
 623      6C00
 624              	.LASF10:
 625 0110 75696E74 		.ascii	"uint16\000"
 625      313600
 626              	.LASF27:
 627 0117 436C6F63 		.ascii	"Clock_Temp_SetFractionalDividerRegister\000"
 627      6B5F5465 
 627      6D705F53 
 627      65744672 
 627      61637469 
 628              	.LASF11:
 629 013f 75696E74 		.ascii	"uint32\000"
 629      333200
 630              	.LASF8:
 631 0146 756E7369 		.ascii	"unsigned int\000"
 631      676E6564 
 631      20696E74 
 631      00
 632              	.LASF7:
 633 0153 6C6F6E67 		.ascii	"long long unsigned int\000"
 633      206C6F6E 
 633      6720756E 
 633      7369676E 
 633      65642069 
 634              	.LASF24:
 635 016a 474E5520 		.ascii	"GNU C17 8.2.1 20181213 (release) [gcc-8-branch revi"
 635      43313720 
 635      382E322E 
 635      31203230 
 635      31383132 
 636 019d 73696F6E 		.ascii	"sion 267074] -mcpu=cortex-m0 -mthumb -mfloat-abi=so"
 636      20323637 
 636      3037345D 
 636      202D6D63 
 636      70753D63 
 637 01d0 6674202D 		.ascii	"ft -march=armv6s-m -g -Og -ffunction-sections -ffat"
 637      6D617263 
 637      683D6172 
 637      6D763673 
ARM GAS  C:\Users\EDULU~1.DES\AppData\Local\Temp\ccWwDPVB.s 			page 17


 637      2D6D202D 
 638 0203 2D6C746F 		.ascii	"-lto-objects\000"
 638      2D6F626A 
 638      65637473 
 638      00
 639              	.LASF23:
 640 0210 436C6F63 		.ascii	"Clock_Temp_Start\000"
 640      6B5F5465 
 640      6D705F53 
 640      74617274 
 640      00
 641              	.LASF6:
 642 0221 6C6F6E67 		.ascii	"long long int\000"
 642      206C6F6E 
 642      6720696E 
 642      7400
 643              	.LASF17:
 644 022f 436C6F63 		.ascii	"Clock_Temp_GetDividerRegister\000"
 644      6B5F5465 
 644      6D705F47 
 644      65744469 
 644      76696465 
 645              	.LASF14:
 646 024d 63686172 		.ascii	"char\000"
 646      00
 647              	.LASF2:
 648 0252 73686F72 		.ascii	"short int\000"
 648      7420696E 
 648      7400
 649              	.LASF9:
 650 025c 75696E74 		.ascii	"uint8\000"
 650      3800
 651              	.LASF4:
 652 0262 6C6F6E67 		.ascii	"long int\000"
 652      20696E74 
 652      00
 653              	.LASF16:
 654 026b 436C6F63 		.ascii	"Clock_Temp_GetFractionalDividerRegister\000"
 654      6B5F5465 
 654      6D705F47 
 654      65744672 
 654      61637469 
 655              	.LASF0:
 656 0293 7369676E 		.ascii	"signed char\000"
 656      65642063 
 656      68617200 
 657              		.ident	"GCC: (GNU Tools for Arm Embedded Processors 8-2018-q4-major) 8.2.1 20181213 (release) [gcc
