ARM GAS  C:\Users\EDULU~1.DES\AppData\Local\Temp\cckZKTBt.s 			page 1


   1              		.cpu cortex-m0
   2              		.eabi_attribute 20, 1
   3              		.eabi_attribute 21, 1
   4              		.eabi_attribute 23, 3
   5              		.eabi_attribute 24, 1
   6              		.eabi_attribute 25, 1
   7              		.eabi_attribute 26, 1
   8              		.eabi_attribute 30, 1
   9              		.eabi_attribute 34, 0
  10              		.eabi_attribute 18, 4
  11              		.file	"cymetadata.c"
  12              		.text
  13              	.Ltext0:
  14              		.cfi_sections	.debug_frame
  15              		.global	cy_meta_chipprotect
  16              		.global	cy_metadata
  17              		.global	cy_meta_flashprotect
  18              		.section	.cychipprotect,"a"
  19              		.align	2
  20              		.type	cy_meta_chipprotect, %object
  21              		.size	cy_meta_chipprotect, 1
  22              	cy_meta_chipprotect:
  23 0000 01       		.byte	1
  24              		.section	.cyflashprotect,"a"
  25              		.align	2
  26              		.type	cy_meta_flashprotect, %object
  27              		.size	cy_meta_flashprotect, 32
  28              	cy_meta_flashprotect:
  29 0000 00000000 		.space	32
  29      00000000 
  29      00000000 
  29      00000000 
  29      00000000 
  30              		.section	.cymeta,"a"
  31              		.align	2
  32              		.type	cy_metadata, %object
  33              		.size	cy_metadata, 12
  34              	cy_metadata:
  35 0000 00       		.byte	0
  36 0001 02       		.byte	2
  37 0002 04       		.byte	4
  38 0003 C8       		.byte	-56
  39 0004 11       		.byte	17
  40 0005 93       		.byte	-109
  41 0006 11       		.byte	17
  42 0007 01       		.byte	1
  43 0008 00       		.byte	0
  44 0009 00       		.byte	0
  45 000a 00       		.byte	0
  46 000b 00       		.byte	0
  47              		.text
  48              	.Letext0:
  49              		.file 1 "c:\\program files (x86)\\gnu tools arm embedded\\8 2018-q4-major\\arm-none-eabi\\include\
  50              		.file 2 "c:\\program files (x86)\\gnu tools arm embedded\\8 2018-q4-major\\arm-none-eabi\\include\
  51              		.file 3 "Generated_Source\\PSoC4\\cymetadata.c"
  52              		.section	.debug_info,"",%progbits
  53              	.Ldebug_info0:
ARM GAS  C:\Users\EDULU~1.DES\AppData\Local\Temp\cckZKTBt.s 			page 2


  54 0000 F2000000 		.4byte	0xf2
  55 0004 0400     		.2byte	0x4
  56 0006 00000000 		.4byte	.Ldebug_abbrev0
  57 000a 04       		.byte	0x4
  58 000b 01       		.uleb128 0x1
  59 000c 30010000 		.4byte	.LASF14
  60 0010 0C       		.byte	0xc
  61 0011 A6000000 		.4byte	.LASF15
  62 0015 2A000000 		.4byte	.LASF16
  63 0019 00000000 		.4byte	.Ldebug_line0
  64 001d 02       		.uleb128 0x2
  65 001e 01       		.byte	0x1
  66 001f 06       		.byte	0x6
  67 0020 F7010000 		.4byte	.LASF0
  68 0024 03       		.uleb128 0x3
  69 0025 00000000 		.4byte	.LASF9
  70 0029 01       		.byte	0x1
  71 002a 2B       		.byte	0x2b
  72 002b 18       		.byte	0x18
  73 002c 30000000 		.4byte	0x30
  74 0030 02       		.uleb128 0x2
  75 0031 01       		.byte	0x1
  76 0032 08       		.byte	0x8
  77 0033 98000000 		.4byte	.LASF1
  78 0037 02       		.uleb128 0x2
  79 0038 02       		.byte	0x2
  80 0039 05       		.byte	0x5
  81 003a E4010000 		.4byte	.LASF2
  82 003e 02       		.uleb128 0x2
  83 003f 02       		.byte	0x2
  84 0040 07       		.byte	0x7
  85 0041 DC000000 		.4byte	.LASF3
  86 0045 02       		.uleb128 0x2
  87 0046 04       		.byte	0x4
  88 0047 05       		.byte	0x5
  89 0048 EE010000 		.4byte	.LASF4
  90 004c 02       		.uleb128 0x2
  91 004d 04       		.byte	0x4
  92 004e 07       		.byte	0x7
  93 004f CA000000 		.4byte	.LASF5
  94 0053 02       		.uleb128 0x2
  95 0054 08       		.byte	0x8
  96 0055 05       		.byte	0x5
  97 0056 D6010000 		.4byte	.LASF6
  98 005a 02       		.uleb128 0x2
  99 005b 08       		.byte	0x8
 100 005c 07       		.byte	0x7
 101 005d FC000000 		.4byte	.LASF7
 102 0061 04       		.uleb128 0x4
 103 0062 04       		.byte	0x4
 104 0063 05       		.byte	0x5
 105 0064 696E7400 		.ascii	"int\000"
 106 0068 02       		.uleb128 0x2
 107 0069 04       		.byte	0x4
 108 006a 07       		.byte	0x7
 109 006b EF000000 		.4byte	.LASF8
 110 006f 03       		.uleb128 0x3
ARM GAS  C:\Users\EDULU~1.DES\AppData\Local\Temp\cckZKTBt.s 			page 3


 111 0070 13010000 		.4byte	.LASF10
 112 0074 02       		.byte	0x2
 113 0075 18       		.byte	0x18
 114 0076 13       		.byte	0x13
 115 0077 24000000 		.4byte	0x24
 116 007b 05       		.uleb128 0x5
 117 007c 6F000000 		.4byte	0x6f
 118 0080 06       		.uleb128 0x6
 119 0081 7B000000 		.4byte	0x7b
 120 0085 90000000 		.4byte	0x90
 121 0089 07       		.uleb128 0x7
 122 008a 68000000 		.4byte	0x68
 123 008e 1F       		.byte	0x1f
 124 008f 00       		.byte	0
 125 0090 05       		.uleb128 0x5
 126 0091 80000000 		.4byte	0x80
 127 0095 08       		.uleb128 0x8
 128 0096 1B010000 		.4byte	.LASF11
 129 009a 03       		.byte	0x3
 130 009b 1F       		.byte	0x1f
 131 009c 0F       		.byte	0xf
 132 009d 90000000 		.4byte	0x90
 133 00a1 05       		.uleb128 0x5
 134 00a2 03       		.byte	0x3
 135 00a3 00000000 		.4byte	cy_meta_flashprotect
 136 00a7 06       		.uleb128 0x6
 137 00a8 7B000000 		.4byte	0x7b
 138 00ac B7000000 		.4byte	0xb7
 139 00b0 07       		.uleb128 0x7
 140 00b1 68000000 		.4byte	0x68
 141 00b5 0B       		.byte	0xb
 142 00b6 00       		.byte	0
 143 00b7 05       		.uleb128 0x5
 144 00b8 A7000000 		.4byte	0xa7
 145 00bc 08       		.uleb128 0x8
 146 00bd 1E000000 		.4byte	.LASF12
 147 00c1 03       		.byte	0x3
 148 00c2 30       		.byte	0x30
 149 00c3 0F       		.byte	0xf
 150 00c4 B7000000 		.4byte	0xb7
 151 00c8 05       		.uleb128 0x5
 152 00c9 03       		.byte	0x3
 153 00ca 00000000 		.4byte	cy_metadata
 154 00ce 06       		.uleb128 0x6
 155 00cf 7B000000 		.4byte	0x7b
 156 00d3 DE000000 		.4byte	0xde
 157 00d7 07       		.uleb128 0x7
 158 00d8 68000000 		.4byte	0x68
 159 00dc 00       		.byte	0
 160 00dd 00       		.byte	0
 161 00de 05       		.uleb128 0x5
 162 00df CE000000 		.4byte	0xce
 163 00e3 08       		.uleb128 0x8
 164 00e4 0A000000 		.4byte	.LASF13
 165 00e8 03       		.byte	0x3
 166 00e9 3F       		.byte	0x3f
 167 00ea 0F       		.byte	0xf
ARM GAS  C:\Users\EDULU~1.DES\AppData\Local\Temp\cckZKTBt.s 			page 4


 168 00eb DE000000 		.4byte	0xde
 169 00ef 05       		.uleb128 0x5
 170 00f0 03       		.byte	0x3
 171 00f1 00000000 		.4byte	cy_meta_chipprotect
 172 00f5 00       		.byte	0
 173              		.section	.debug_abbrev,"",%progbits
 174              	.Ldebug_abbrev0:
 175 0000 01       		.uleb128 0x1
 176 0001 11       		.uleb128 0x11
 177 0002 01       		.byte	0x1
 178 0003 25       		.uleb128 0x25
 179 0004 0E       		.uleb128 0xe
 180 0005 13       		.uleb128 0x13
 181 0006 0B       		.uleb128 0xb
 182 0007 03       		.uleb128 0x3
 183 0008 0E       		.uleb128 0xe
 184 0009 1B       		.uleb128 0x1b
 185 000a 0E       		.uleb128 0xe
 186 000b 10       		.uleb128 0x10
 187 000c 17       		.uleb128 0x17
 188 000d 00       		.byte	0
 189 000e 00       		.byte	0
 190 000f 02       		.uleb128 0x2
 191 0010 24       		.uleb128 0x24
 192 0011 00       		.byte	0
 193 0012 0B       		.uleb128 0xb
 194 0013 0B       		.uleb128 0xb
 195 0014 3E       		.uleb128 0x3e
 196 0015 0B       		.uleb128 0xb
 197 0016 03       		.uleb128 0x3
 198 0017 0E       		.uleb128 0xe
 199 0018 00       		.byte	0
 200 0019 00       		.byte	0
 201 001a 03       		.uleb128 0x3
 202 001b 16       		.uleb128 0x16
 203 001c 00       		.byte	0
 204 001d 03       		.uleb128 0x3
 205 001e 0E       		.uleb128 0xe
 206 001f 3A       		.uleb128 0x3a
 207 0020 0B       		.uleb128 0xb
 208 0021 3B       		.uleb128 0x3b
 209 0022 0B       		.uleb128 0xb
 210 0023 39       		.uleb128 0x39
 211 0024 0B       		.uleb128 0xb
 212 0025 49       		.uleb128 0x49
 213 0026 13       		.uleb128 0x13
 214 0027 00       		.byte	0
 215 0028 00       		.byte	0
 216 0029 04       		.uleb128 0x4
 217 002a 24       		.uleb128 0x24
 218 002b 00       		.byte	0
 219 002c 0B       		.uleb128 0xb
 220 002d 0B       		.uleb128 0xb
 221 002e 3E       		.uleb128 0x3e
 222 002f 0B       		.uleb128 0xb
 223 0030 03       		.uleb128 0x3
 224 0031 08       		.uleb128 0x8
ARM GAS  C:\Users\EDULU~1.DES\AppData\Local\Temp\cckZKTBt.s 			page 5


 225 0032 00       		.byte	0
 226 0033 00       		.byte	0
 227 0034 05       		.uleb128 0x5
 228 0035 26       		.uleb128 0x26
 229 0036 00       		.byte	0
 230 0037 49       		.uleb128 0x49
 231 0038 13       		.uleb128 0x13
 232 0039 00       		.byte	0
 233 003a 00       		.byte	0
 234 003b 06       		.uleb128 0x6
 235 003c 01       		.uleb128 0x1
 236 003d 01       		.byte	0x1
 237 003e 49       		.uleb128 0x49
 238 003f 13       		.uleb128 0x13
 239 0040 01       		.uleb128 0x1
 240 0041 13       		.uleb128 0x13
 241 0042 00       		.byte	0
 242 0043 00       		.byte	0
 243 0044 07       		.uleb128 0x7
 244 0045 21       		.uleb128 0x21
 245 0046 00       		.byte	0
 246 0047 49       		.uleb128 0x49
 247 0048 13       		.uleb128 0x13
 248 0049 2F       		.uleb128 0x2f
 249 004a 0B       		.uleb128 0xb
 250 004b 00       		.byte	0
 251 004c 00       		.byte	0
 252 004d 08       		.uleb128 0x8
 253 004e 34       		.uleb128 0x34
 254 004f 00       		.byte	0
 255 0050 03       		.uleb128 0x3
 256 0051 0E       		.uleb128 0xe
 257 0052 3A       		.uleb128 0x3a
 258 0053 0B       		.uleb128 0xb
 259 0054 3B       		.uleb128 0x3b
 260 0055 0B       		.uleb128 0xb
 261 0056 39       		.uleb128 0x39
 262 0057 0B       		.uleb128 0xb
 263 0058 49       		.uleb128 0x49
 264 0059 13       		.uleb128 0x13
 265 005a 3F       		.uleb128 0x3f
 266 005b 19       		.uleb128 0x19
 267 005c 02       		.uleb128 0x2
 268 005d 18       		.uleb128 0x18
 269 005e 00       		.byte	0
 270 005f 00       		.byte	0
 271 0060 00       		.byte	0
 272              		.section	.debug_aranges,"",%progbits
 273 0000 14000000 		.4byte	0x14
 274 0004 0200     		.2byte	0x2
 275 0006 00000000 		.4byte	.Ldebug_info0
 276 000a 04       		.byte	0x4
 277 000b 00       		.byte	0
 278 000c 0000     		.2byte	0
 279 000e 0000     		.2byte	0
 280 0010 00000000 		.4byte	0
 281 0014 00000000 		.4byte	0
ARM GAS  C:\Users\EDULU~1.DES\AppData\Local\Temp\cckZKTBt.s 			page 6


 282              		.section	.debug_line,"",%progbits
 283              	.Ldebug_line0:
 284 0000 15010000 		.section	.debug_str,"MS",%progbits,1
 284      03000F01 
 284      00000201 
 284      FB0E0D00 
 284      01010101 
 285              	.LASF9:
 286 0000 5F5F7569 		.ascii	"__uint8_t\000"
 286      6E74385F 
 286      7400
 287              	.LASF13:
 288 000a 63795F6D 		.ascii	"cy_meta_chipprotect\000"
 288      6574615F 
 288      63686970 
 288      70726F74 
 288      65637400 
 289              	.LASF12:
 290 001e 63795F6D 		.ascii	"cy_metadata\000"
 290      65746164 
 290      61746100 
 291              	.LASF16:
 292 002a 433A5C55 		.ascii	"C:\\Users\\edulu.DESKTOP-961TG4K\\Documents\\PSoC C"
 292      73657273 
 292      5C656475 
 292      6C752E44 
 292      45534B54 
 293 0059 72656174 		.ascii	"reator\\Micrium\\Examples\\Cypress\\CY8CKIT-044\\OS"
 293      6F725C4D 
 293      69637269 
 293      756D5C45 
 293      78616D70 
 294 0087 335C5053 		.ascii	"3\\PSoC\\OS3.cydsn\000"
 294      6F435C4F 
 294      53332E63 
 294      7964736E 
 294      00
 295              	.LASF1:
 296 0098 756E7369 		.ascii	"unsigned char\000"
 296      676E6564 
 296      20636861 
 296      7200
 297              	.LASF15:
 298 00a6 47656E65 		.ascii	"Generated_Source\\PSoC4\\cymetadata.c\000"
 298      72617465 
 298      645F536F 
 298      75726365 
 298      5C50536F 
 299              	.LASF5:
 300 00ca 6C6F6E67 		.ascii	"long unsigned int\000"
 300      20756E73 
 300      69676E65 
 300      6420696E 
 300      7400
 301              	.LASF3:
 302 00dc 73686F72 		.ascii	"short unsigned int\000"
 302      7420756E 
ARM GAS  C:\Users\EDULU~1.DES\AppData\Local\Temp\cckZKTBt.s 			page 7


 302      7369676E 
 302      65642069 
 302      6E7400
 303              	.LASF8:
 304 00ef 756E7369 		.ascii	"unsigned int\000"
 304      676E6564 
 304      20696E74 
 304      00
 305              	.LASF7:
 306 00fc 6C6F6E67 		.ascii	"long long unsigned int\000"
 306      206C6F6E 
 306      6720756E 
 306      7369676E 
 306      65642069 
 307              	.LASF10:
 308 0113 75696E74 		.ascii	"uint8_t\000"
 308      385F7400 
 309              	.LASF11:
 310 011b 63795F6D 		.ascii	"cy_meta_flashprotect\000"
 310      6574615F 
 310      666C6173 
 310      6870726F 
 310      74656374 
 311              	.LASF14:
 312 0130 474E5520 		.ascii	"GNU C17 8.2.1 20181213 (release) [gcc-8-branch revi"
 312      43313720 
 312      382E322E 
 312      31203230 
 312      31383132 
 313 0163 73696F6E 		.ascii	"sion 267074] -mcpu=cortex-m0 -mthumb -mfloat-abi=so"
 313      20323637 
 313      3037345D 
 313      202D6D63 
 313      70753D63 
 314 0196 6674202D 		.ascii	"ft -march=armv6s-m -g -Og -ffunction-sections -ffat"
 314      6D617263 
 314      683D6172 
 314      6D763673 
 314      2D6D202D 
 315 01c9 2D6C746F 		.ascii	"-lto-objects\000"
 315      2D6F626A 
 315      65637473 
 315      00
 316              	.LASF6:
 317 01d6 6C6F6E67 		.ascii	"long long int\000"
 317      206C6F6E 
 317      6720696E 
 317      7400
 318              	.LASF2:
 319 01e4 73686F72 		.ascii	"short int\000"
 319      7420696E 
 319      7400
 320              	.LASF4:
 321 01ee 6C6F6E67 		.ascii	"long int\000"
 321      20696E74 
 321      00
 322              	.LASF0:
ARM GAS  C:\Users\EDULU~1.DES\AppData\Local\Temp\cckZKTBt.s 			page 8


 323 01f7 7369676E 		.ascii	"signed char\000"
 323      65642063 
 323      68617200 
 324              		.ident	"GCC: (GNU Tools for Arm Embedded Processors 8-2018-q4-major) 8.2.1 20181213 (release) [gcc
