ARM GAS  C:\Users\EDULU~1.DES\AppData\Local\Temp\ccoj4FDE.s 			page 1


   1              		.cpu cortex-m0
   2              		.eabi_attribute 20, 1
   3              		.eabi_attribute 21, 1
   4              		.eabi_attribute 23, 3
   5              		.eabi_attribute 24, 1
   6              		.eabi_attribute 25, 1
   7              		.eabi_attribute 26, 1
   8              		.eabi_attribute 30, 1
   9              		.eabi_attribute 34, 0
  10              		.eabi_attribute 18, 4
  11              		.file	"cyutils.c"
  12              		.text
  13              	.Ltext0:
  14              		.cfi_sections	.debug_frame
  15              		.section	.text.CySetReg24,"ax",%progbits
  16              		.align	1
  17              		.global	CySetReg24
  18              		.arch armv6s-m
  19              		.syntax unified
  20              		.code	16
  21              		.thumb_func
  22              		.fpu softvfp
  23              		.type	CySetReg24, %function
  24              	CySetReg24:
  25              	.LVL0:
  26              	.LFB0:
  27              		.file 1 "Generated_Source\\PSoC4\\cyutils.c"
   1:Generated_Source\PSoC4/cyutils.c **** /***************************************************************************//**
   2:Generated_Source\PSoC4/cyutils.c **** * \file cyutils.c
   3:Generated_Source\PSoC4/cyutils.c **** * \version 5.80
   4:Generated_Source\PSoC4/cyutils.c **** *
   5:Generated_Source\PSoC4/cyutils.c **** * \brief Provides a function to handle 24-bit value writes.
   6:Generated_Source\PSoC4/cyutils.c **** *
   7:Generated_Source\PSoC4/cyutils.c **** ********************************************************************************
   8:Generated_Source\PSoC4/cyutils.c **** * \copyright
   9:Generated_Source\PSoC4/cyutils.c **** * Copyright 2008-2018, Cypress Semiconductor Corporation.  All rights reserved.
  10:Generated_Source\PSoC4/cyutils.c **** * You may use this file only in accordance with the license, terms, conditions,
  11:Generated_Source\PSoC4/cyutils.c **** * disclaimers, and limitations in the end user license agreement accompanying
  12:Generated_Source\PSoC4/cyutils.c **** * the software package with which this file was provided.
  13:Generated_Source\PSoC4/cyutils.c **** *******************************************************************************/
  14:Generated_Source\PSoC4/cyutils.c **** 
  15:Generated_Source\PSoC4/cyutils.c **** #include "cytypes.h"
  16:Generated_Source\PSoC4/cyutils.c **** 
  17:Generated_Source\PSoC4/cyutils.c **** #if (!CY_PSOC3)
  18:Generated_Source\PSoC4/cyutils.c **** 
  19:Generated_Source\PSoC4/cyutils.c ****     /***************************************************************************
  20:Generated_Source\PSoC4/cyutils.c ****     * Function Name: CySetReg24
  21:Generated_Source\PSoC4/cyutils.c ****     ************************************************************************//**
  22:Generated_Source\PSoC4/cyutils.c ****     *
  23:Generated_Source\PSoC4/cyutils.c ****     * Writes a 24-bit value to the specified register.
  24:Generated_Source\PSoC4/cyutils.c ****     *
  25:Generated_Source\PSoC4/cyutils.c ****     * \param addr The address where data must be written.
  26:Generated_Source\PSoC4/cyutils.c ****     * \param value The data that must be written.
  27:Generated_Source\PSoC4/cyutils.c ****     *
  28:Generated_Source\PSoC4/cyutils.c ****     * \reentrant No
  29:Generated_Source\PSoC4/cyutils.c ****     *
  30:Generated_Source\PSoC4/cyutils.c ****     ***************************************************************************/
ARM GAS  C:\Users\EDULU~1.DES\AppData\Local\Temp\ccoj4FDE.s 			page 2


  31:Generated_Source\PSoC4/cyutils.c ****     void CySetReg24(uint32 volatile * addr, uint32 value)
  32:Generated_Source\PSoC4/cyutils.c ****     {
  28              		.loc 1 32 5 view -0
  29              		.cfi_startproc
  30              		@ args = 0, pretend = 0, frame = 0
  31              		@ frame_needed = 0, uses_anonymous_args = 0
  32              		@ link register save eliminated.
  33:Generated_Source\PSoC4/cyutils.c ****         uint8 volatile *tmpAddr;
  33              		.loc 1 33 9 view .LVU1
  34:Generated_Source\PSoC4/cyutils.c **** 
  35:Generated_Source\PSoC4/cyutils.c ****         tmpAddr = (uint8 volatile *) addr;
  34              		.loc 1 35 9 view .LVU2
  36:Generated_Source\PSoC4/cyutils.c **** 
  37:Generated_Source\PSoC4/cyutils.c ****         tmpAddr[0u] = (uint8) value;
  35              		.loc 1 37 9 view .LVU3
  36              		.loc 1 37 23 is_stmt 0 view .LVU4
  37 0000 CBB2     		uxtb	r3, r1
  38              		.loc 1 37 21 view .LVU5
  39 0002 0370     		strb	r3, [r0]
  38:Generated_Source\PSoC4/cyutils.c ****         tmpAddr[1u] = (uint8) (value >> 8u);
  40              		.loc 1 38 9 is_stmt 1 view .LVU6
  41              		.loc 1 38 38 is_stmt 0 view .LVU7
  42 0004 0B0A     		lsrs	r3, r1, #8
  43              		.loc 1 38 23 view .LVU8
  44 0006 DBB2     		uxtb	r3, r3
  45              		.loc 1 38 21 view .LVU9
  46 0008 4370     		strb	r3, [r0, #1]
  39:Generated_Source\PSoC4/cyutils.c ****         tmpAddr[2u] = (uint8) (value >> 16u);
  47              		.loc 1 39 9 is_stmt 1 view .LVU10
  48              		.loc 1 39 38 is_stmt 0 view .LVU11
  49 000a 090C     		lsrs	r1, r1, #16
  50              	.LVL1:
  51              		.loc 1 39 23 view .LVU12
  52 000c C9B2     		uxtb	r1, r1
  53              		.loc 1 39 21 view .LVU13
  54 000e 8170     		strb	r1, [r0, #2]
  40:Generated_Source\PSoC4/cyutils.c ****     }
  55              		.loc 1 40 5 view .LVU14
  56              		@ sp needed
  57 0010 7047     		bx	lr
  58              		.cfi_endproc
  59              	.LFE0:
  60              		.size	CySetReg24, .-CySetReg24
  61              		.section	.text.CyGetReg24,"ax",%progbits
  62              		.align	1
  63              		.global	CyGetReg24
  64              		.syntax unified
  65              		.code	16
  66              		.thumb_func
  67              		.fpu softvfp
  68              		.type	CyGetReg24, %function
  69              	CyGetReg24:
  70              	.LVL2:
  71              	.LFB1:
  41:Generated_Source\PSoC4/cyutils.c **** 
  42:Generated_Source\PSoC4/cyutils.c **** 
  43:Generated_Source\PSoC4/cyutils.c ****     #if(CY_PSOC4)
ARM GAS  C:\Users\EDULU~1.DES\AppData\Local\Temp\ccoj4FDE.s 			page 3


  44:Generated_Source\PSoC4/cyutils.c **** 
  45:Generated_Source\PSoC4/cyutils.c ****         /***************************************************************************
  46:Generated_Source\PSoC4/cyutils.c ****         * Function Name: CyGetReg24
  47:Generated_Source\PSoC4/cyutils.c ****         ************************************************************************//**
  48:Generated_Source\PSoC4/cyutils.c ****         *
  49:Generated_Source\PSoC4/cyutils.c ****         * Reads the 24-bit value from the specified register.
  50:Generated_Source\PSoC4/cyutils.c ****         *
  51:Generated_Source\PSoC4/cyutils.c ****         * \param addr The address where data must be read.
  52:Generated_Source\PSoC4/cyutils.c ****         *
  53:Generated_Source\PSoC4/cyutils.c ****         * \reentrant No
  54:Generated_Source\PSoC4/cyutils.c ****         *
  55:Generated_Source\PSoC4/cyutils.c ****         ***************************************************************************/
  56:Generated_Source\PSoC4/cyutils.c ****         uint32 CyGetReg24(uint32 const volatile * addr)
  57:Generated_Source\PSoC4/cyutils.c ****         {
  72              		.loc 1 57 9 is_stmt 1 view -0
  73              		.cfi_startproc
  74              		@ args = 0, pretend = 0, frame = 0
  75              		@ frame_needed = 0, uses_anonymous_args = 0
  76              		@ link register save eliminated.
  58:Generated_Source\PSoC4/cyutils.c ****             uint8 const volatile *tmpAddr;
  77              		.loc 1 58 13 view .LVU16
  59:Generated_Source\PSoC4/cyutils.c ****             uint32 value;
  78              		.loc 1 59 13 view .LVU17
  60:Generated_Source\PSoC4/cyutils.c **** 
  61:Generated_Source\PSoC4/cyutils.c ****             tmpAddr = (uint8 const volatile *) addr;
  79              		.loc 1 61 13 view .LVU18
  62:Generated_Source\PSoC4/cyutils.c **** 
  63:Generated_Source\PSoC4/cyutils.c ****             value  =  (uint32) tmpAddr[0u];
  80              		.loc 1 63 13 view .LVU19
  81              		.loc 1 63 39 is_stmt 0 view .LVU20
  82 0000 0378     		ldrb	r3, [r0]
  83              	.LVL3:
  64:Generated_Source\PSoC4/cyutils.c ****             value |= ((uint32) tmpAddr[1u] << 8u );
  84              		.loc 1 64 13 is_stmt 1 view .LVU21
  85              		.loc 1 64 39 is_stmt 0 view .LVU22
  86 0002 4278     		ldrb	r2, [r0, #1]
  87              		.loc 1 64 44 view .LVU23
  88 0004 1202     		lsls	r2, r2, #8
  89              		.loc 1 64 19 view .LVU24
  90 0006 1343     		orrs	r3, r2
  91              	.LVL4:
  65:Generated_Source\PSoC4/cyutils.c ****             value |= ((uint32) tmpAddr[2u] << 16u);
  92              		.loc 1 65 13 is_stmt 1 view .LVU25
  93              		.loc 1 65 39 is_stmt 0 view .LVU26
  94 0008 8078     		ldrb	r0, [r0, #2]
  95              	.LVL5:
  96              		.loc 1 65 44 view .LVU27
  97 000a 0004     		lsls	r0, r0, #16
  98              		.loc 1 65 19 view .LVU28
  99 000c 1843     		orrs	r0, r3
 100              	.LVL6:
  66:Generated_Source\PSoC4/cyutils.c **** 
  67:Generated_Source\PSoC4/cyutils.c ****             return(value);
 101              		.loc 1 67 13 is_stmt 1 view .LVU29
  68:Generated_Source\PSoC4/cyutils.c ****         }
 102              		.loc 1 68 9 is_stmt 0 view .LVU30
 103              		@ sp needed
ARM GAS  C:\Users\EDULU~1.DES\AppData\Local\Temp\ccoj4FDE.s 			page 4


 104 000e 7047     		bx	lr
 105              		.cfi_endproc
 106              	.LFE1:
 107              		.size	CyGetReg24, .-CyGetReg24
 108              		.text
 109              	.Letext0:
 110              		.file 2 "Generated_Source\\PSoC4\\cytypes.h"
 111              		.section	.debug_info,"",%progbits
 112              	.Ldebug_info0:
 113 0000 67010000 		.4byte	0x167
 114 0004 0400     		.2byte	0x4
 115 0006 00000000 		.4byte	.Ldebug_abbrev0
 116 000a 04       		.byte	0x4
 117 000b 01       		.uleb128 0x1
 118 000c 02010000 		.4byte	.LASF17
 119 0010 0C       		.byte	0xc
 120 0011 A8010000 		.4byte	.LASF18
 121 0015 21000000 		.4byte	.LASF19
 122 0019 00000000 		.4byte	.Ldebug_ranges0+0
 123 001d 00000000 		.4byte	0
 124 0021 00000000 		.4byte	.Ldebug_line0
 125 0025 02       		.uleb128 0x2
 126 0026 01       		.byte	0x1
 127 0027 06       		.byte	0x6
 128 0028 F5010000 		.4byte	.LASF0
 129 002c 02       		.uleb128 0x2
 130 002d 01       		.byte	0x1
 131 002e 08       		.byte	0x8
 132 002f 95000000 		.4byte	.LASF1
 133 0033 02       		.uleb128 0x2
 134 0034 02       		.byte	0x2
 135 0035 05       		.byte	0x5
 136 0036 DC010000 		.4byte	.LASF2
 137 003a 02       		.uleb128 0x2
 138 003b 02       		.byte	0x2
 139 003c 07       		.byte	0x7
 140 003d BD000000 		.4byte	.LASF3
 141 0041 02       		.uleb128 0x2
 142 0042 04       		.byte	0x4
 143 0043 05       		.byte	0x5
 144 0044 EC010000 		.4byte	.LASF4
 145 0048 02       		.uleb128 0x2
 146 0049 04       		.byte	0x4
 147 004a 07       		.byte	0x7
 148 004b AB000000 		.4byte	.LASF5
 149 004f 02       		.uleb128 0x2
 150 0050 08       		.byte	0x8
 151 0051 05       		.byte	0x5
 152 0052 C9010000 		.4byte	.LASF6
 153 0056 02       		.uleb128 0x2
 154 0057 08       		.byte	0x8
 155 0058 07       		.byte	0x7
 156 0059 EB000000 		.4byte	.LASF7
 157 005d 03       		.uleb128 0x3
 158 005e 04       		.byte	0x4
 159 005f 05       		.byte	0x5
 160 0060 696E7400 		.ascii	"int\000"
ARM GAS  C:\Users\EDULU~1.DES\AppData\Local\Temp\ccoj4FDE.s 			page 5


 161 0064 02       		.uleb128 0x2
 162 0065 04       		.byte	0x4
 163 0066 07       		.byte	0x7
 164 0067 DE000000 		.4byte	.LASF8
 165 006b 04       		.uleb128 0x4
 166 006c E6010000 		.4byte	.LASF9
 167 0070 02       		.byte	0x2
 168 0071 E401     		.2byte	0x1e4
 169 0073 19       		.byte	0x19
 170 0074 2C000000 		.4byte	0x2c
 171 0078 05       		.uleb128 0x5
 172 0079 6B000000 		.4byte	0x6b
 173 007d 06       		.uleb128 0x6
 174 007e 78000000 		.4byte	0x78
 175 0082 04       		.uleb128 0x4
 176 0083 D7000000 		.4byte	.LASF10
 177 0087 02       		.byte	0x2
 178 0088 E601     		.2byte	0x1e6
 179 008a 19       		.byte	0x19
 180 008b 48000000 		.4byte	0x48
 181 008f 05       		.uleb128 0x5
 182 0090 82000000 		.4byte	0x82
 183 0094 06       		.uleb128 0x6
 184 0095 8F000000 		.4byte	0x8f
 185 0099 02       		.uleb128 0x2
 186 009a 04       		.byte	0x4
 187 009b 04       		.byte	0x4
 188 009c 8F000000 		.4byte	.LASF11
 189 00a0 02       		.uleb128 0x2
 190 00a1 08       		.byte	0x8
 191 00a2 04       		.byte	0x4
 192 00a3 D0000000 		.4byte	.LASF12
 193 00a7 02       		.uleb128 0x2
 194 00a8 01       		.byte	0x1
 195 00a9 08       		.byte	0x8
 196 00aa D7010000 		.4byte	.LASF13
 197 00ae 07       		.uleb128 0x7
 198 00af 06000000 		.4byte	.LASF20
 199 00b3 01       		.byte	0x1
 200 00b4 38       		.byte	0x38
 201 00b5 10       		.byte	0x10
 202 00b6 82000000 		.4byte	0x82
 203 00ba 00000000 		.4byte	.LFB1
 204 00be 10000000 		.4byte	.LFE1-.LFB1
 205 00c2 01       		.uleb128 0x1
 206 00c3 9C       		.byte	0x9c
 207 00c4 05010000 		.4byte	0x105
 208 00c8 08       		.uleb128 0x8
 209 00c9 1C000000 		.4byte	.LASF16
 210 00cd 01       		.byte	0x1
 211 00ce 38       		.byte	0x38
 212 00cf 33       		.byte	0x33
 213 00d0 05010000 		.4byte	0x105
 214 00d4 04000000 		.4byte	.LLST2
 215 00d8 00000000 		.4byte	.LVUS2
 216 00dc 09       		.uleb128 0x9
 217 00dd A3000000 		.4byte	.LASF14
ARM GAS  C:\Users\EDULU~1.DES\AppData\Local\Temp\ccoj4FDE.s 			page 6


 218 00e1 01       		.byte	0x1
 219 00e2 3A       		.byte	0x3a
 220 00e3 23       		.byte	0x23
 221 00e4 0B010000 		.4byte	0x10b
 222 00e8 29000000 		.4byte	.LLST3
 223 00ec 25000000 		.4byte	.LVUS3
 224 00f0 09       		.uleb128 0x9
 225 00f1 00000000 		.4byte	.LASF15
 226 00f5 01       		.byte	0x1
 227 00f6 3B       		.byte	0x3b
 228 00f7 14       		.byte	0x14
 229 00f8 82000000 		.4byte	0x82
 230 00fc 50000000 		.4byte	.LLST4
 231 0100 4A000000 		.4byte	.LVUS4
 232 0104 00       		.byte	0
 233 0105 0A       		.uleb128 0xa
 234 0106 04       		.byte	0x4
 235 0107 94000000 		.4byte	0x94
 236 010b 0A       		.uleb128 0xa
 237 010c 04       		.byte	0x4
 238 010d 7D000000 		.4byte	0x7d
 239 0111 0B       		.uleb128 0xb
 240 0112 11000000 		.4byte	.LASF21
 241 0116 01       		.byte	0x1
 242 0117 1F       		.byte	0x1f
 243 0118 0A       		.byte	0xa
 244 0119 00000000 		.4byte	.LFB0
 245 011d 12000000 		.4byte	.LFE0-.LFB0
 246 0121 01       		.uleb128 0x1
 247 0122 9C       		.byte	0x9c
 248 0123 5E010000 		.4byte	0x15e
 249 0127 0C       		.uleb128 0xc
 250 0128 1C000000 		.4byte	.LASF16
 251 012c 01       		.byte	0x1
 252 012d 1F       		.byte	0x1f
 253 012e 27       		.byte	0x27
 254 012f 5E010000 		.4byte	0x15e
 255 0133 01       		.uleb128 0x1
 256 0134 50       		.byte	0x50
 257 0135 08       		.uleb128 0x8
 258 0136 00000000 		.4byte	.LASF15
 259 013a 01       		.byte	0x1
 260 013b 1F       		.byte	0x1f
 261 013c 34       		.byte	0x34
 262 013d 82000000 		.4byte	0x82
 263 0141 82000000 		.4byte	.LLST0
 264 0145 7E000000 		.4byte	.LVUS0
 265 0149 09       		.uleb128 0x9
 266 014a A3000000 		.4byte	.LASF14
 267 014e 01       		.byte	0x1
 268 014f 21       		.byte	0x21
 269 0150 19       		.byte	0x19
 270 0151 64010000 		.4byte	0x164
 271 0155 A5000000 		.4byte	.LLST1
 272 0159 A3000000 		.4byte	.LVUS1
 273 015d 00       		.byte	0
 274 015e 0A       		.uleb128 0xa
ARM GAS  C:\Users\EDULU~1.DES\AppData\Local\Temp\ccoj4FDE.s 			page 7


 275 015f 04       		.byte	0x4
 276 0160 8F000000 		.4byte	0x8f
 277 0164 0A       		.uleb128 0xa
 278 0165 04       		.byte	0x4
 279 0166 78000000 		.4byte	0x78
 280 016a 00       		.byte	0
 281              		.section	.debug_abbrev,"",%progbits
 282              	.Ldebug_abbrev0:
 283 0000 01       		.uleb128 0x1
 284 0001 11       		.uleb128 0x11
 285 0002 01       		.byte	0x1
 286 0003 25       		.uleb128 0x25
 287 0004 0E       		.uleb128 0xe
 288 0005 13       		.uleb128 0x13
 289 0006 0B       		.uleb128 0xb
 290 0007 03       		.uleb128 0x3
 291 0008 0E       		.uleb128 0xe
 292 0009 1B       		.uleb128 0x1b
 293 000a 0E       		.uleb128 0xe
 294 000b 55       		.uleb128 0x55
 295 000c 17       		.uleb128 0x17
 296 000d 11       		.uleb128 0x11
 297 000e 01       		.uleb128 0x1
 298 000f 10       		.uleb128 0x10
 299 0010 17       		.uleb128 0x17
 300 0011 00       		.byte	0
 301 0012 00       		.byte	0
 302 0013 02       		.uleb128 0x2
 303 0014 24       		.uleb128 0x24
 304 0015 00       		.byte	0
 305 0016 0B       		.uleb128 0xb
 306 0017 0B       		.uleb128 0xb
 307 0018 3E       		.uleb128 0x3e
 308 0019 0B       		.uleb128 0xb
 309 001a 03       		.uleb128 0x3
 310 001b 0E       		.uleb128 0xe
 311 001c 00       		.byte	0
 312 001d 00       		.byte	0
 313 001e 03       		.uleb128 0x3
 314 001f 24       		.uleb128 0x24
 315 0020 00       		.byte	0
 316 0021 0B       		.uleb128 0xb
 317 0022 0B       		.uleb128 0xb
 318 0023 3E       		.uleb128 0x3e
 319 0024 0B       		.uleb128 0xb
 320 0025 03       		.uleb128 0x3
 321 0026 08       		.uleb128 0x8
 322 0027 00       		.byte	0
 323 0028 00       		.byte	0
 324 0029 04       		.uleb128 0x4
 325 002a 16       		.uleb128 0x16
 326 002b 00       		.byte	0
 327 002c 03       		.uleb128 0x3
 328 002d 0E       		.uleb128 0xe
 329 002e 3A       		.uleb128 0x3a
 330 002f 0B       		.uleb128 0xb
 331 0030 3B       		.uleb128 0x3b
ARM GAS  C:\Users\EDULU~1.DES\AppData\Local\Temp\ccoj4FDE.s 			page 8


 332 0031 05       		.uleb128 0x5
 333 0032 39       		.uleb128 0x39
 334 0033 0B       		.uleb128 0xb
 335 0034 49       		.uleb128 0x49
 336 0035 13       		.uleb128 0x13
 337 0036 00       		.byte	0
 338 0037 00       		.byte	0
 339 0038 05       		.uleb128 0x5
 340 0039 35       		.uleb128 0x35
 341 003a 00       		.byte	0
 342 003b 49       		.uleb128 0x49
 343 003c 13       		.uleb128 0x13
 344 003d 00       		.byte	0
 345 003e 00       		.byte	0
 346 003f 06       		.uleb128 0x6
 347 0040 26       		.uleb128 0x26
 348 0041 00       		.byte	0
 349 0042 49       		.uleb128 0x49
 350 0043 13       		.uleb128 0x13
 351 0044 00       		.byte	0
 352 0045 00       		.byte	0
 353 0046 07       		.uleb128 0x7
 354 0047 2E       		.uleb128 0x2e
 355 0048 01       		.byte	0x1
 356 0049 3F       		.uleb128 0x3f
 357 004a 19       		.uleb128 0x19
 358 004b 03       		.uleb128 0x3
 359 004c 0E       		.uleb128 0xe
 360 004d 3A       		.uleb128 0x3a
 361 004e 0B       		.uleb128 0xb
 362 004f 3B       		.uleb128 0x3b
 363 0050 0B       		.uleb128 0xb
 364 0051 39       		.uleb128 0x39
 365 0052 0B       		.uleb128 0xb
 366 0053 27       		.uleb128 0x27
 367 0054 19       		.uleb128 0x19
 368 0055 49       		.uleb128 0x49
 369 0056 13       		.uleb128 0x13
 370 0057 11       		.uleb128 0x11
 371 0058 01       		.uleb128 0x1
 372 0059 12       		.uleb128 0x12
 373 005a 06       		.uleb128 0x6
 374 005b 40       		.uleb128 0x40
 375 005c 18       		.uleb128 0x18
 376 005d 9742     		.uleb128 0x2117
 377 005f 19       		.uleb128 0x19
 378 0060 01       		.uleb128 0x1
 379 0061 13       		.uleb128 0x13
 380 0062 00       		.byte	0
 381 0063 00       		.byte	0
 382 0064 08       		.uleb128 0x8
 383 0065 05       		.uleb128 0x5
 384 0066 00       		.byte	0
 385 0067 03       		.uleb128 0x3
 386 0068 0E       		.uleb128 0xe
 387 0069 3A       		.uleb128 0x3a
 388 006a 0B       		.uleb128 0xb
ARM GAS  C:\Users\EDULU~1.DES\AppData\Local\Temp\ccoj4FDE.s 			page 9


 389 006b 3B       		.uleb128 0x3b
 390 006c 0B       		.uleb128 0xb
 391 006d 39       		.uleb128 0x39
 392 006e 0B       		.uleb128 0xb
 393 006f 49       		.uleb128 0x49
 394 0070 13       		.uleb128 0x13
 395 0071 02       		.uleb128 0x2
 396 0072 17       		.uleb128 0x17
 397 0073 B742     		.uleb128 0x2137
 398 0075 17       		.uleb128 0x17
 399 0076 00       		.byte	0
 400 0077 00       		.byte	0
 401 0078 09       		.uleb128 0x9
 402 0079 34       		.uleb128 0x34
 403 007a 00       		.byte	0
 404 007b 03       		.uleb128 0x3
 405 007c 0E       		.uleb128 0xe
 406 007d 3A       		.uleb128 0x3a
 407 007e 0B       		.uleb128 0xb
 408 007f 3B       		.uleb128 0x3b
 409 0080 0B       		.uleb128 0xb
 410 0081 39       		.uleb128 0x39
 411 0082 0B       		.uleb128 0xb
 412 0083 49       		.uleb128 0x49
 413 0084 13       		.uleb128 0x13
 414 0085 02       		.uleb128 0x2
 415 0086 17       		.uleb128 0x17
 416 0087 B742     		.uleb128 0x2137
 417 0089 17       		.uleb128 0x17
 418 008a 00       		.byte	0
 419 008b 00       		.byte	0
 420 008c 0A       		.uleb128 0xa
 421 008d 0F       		.uleb128 0xf
 422 008e 00       		.byte	0
 423 008f 0B       		.uleb128 0xb
 424 0090 0B       		.uleb128 0xb
 425 0091 49       		.uleb128 0x49
 426 0092 13       		.uleb128 0x13
 427 0093 00       		.byte	0
 428 0094 00       		.byte	0
 429 0095 0B       		.uleb128 0xb
 430 0096 2E       		.uleb128 0x2e
 431 0097 01       		.byte	0x1
 432 0098 3F       		.uleb128 0x3f
 433 0099 19       		.uleb128 0x19
 434 009a 03       		.uleb128 0x3
 435 009b 0E       		.uleb128 0xe
 436 009c 3A       		.uleb128 0x3a
 437 009d 0B       		.uleb128 0xb
 438 009e 3B       		.uleb128 0x3b
 439 009f 0B       		.uleb128 0xb
 440 00a0 39       		.uleb128 0x39
 441 00a1 0B       		.uleb128 0xb
 442 00a2 27       		.uleb128 0x27
 443 00a3 19       		.uleb128 0x19
 444 00a4 11       		.uleb128 0x11
 445 00a5 01       		.uleb128 0x1
ARM GAS  C:\Users\EDULU~1.DES\AppData\Local\Temp\ccoj4FDE.s 			page 10


 446 00a6 12       		.uleb128 0x12
 447 00a7 06       		.uleb128 0x6
 448 00a8 40       		.uleb128 0x40
 449 00a9 18       		.uleb128 0x18
 450 00aa 9742     		.uleb128 0x2117
 451 00ac 19       		.uleb128 0x19
 452 00ad 01       		.uleb128 0x1
 453 00ae 13       		.uleb128 0x13
 454 00af 00       		.byte	0
 455 00b0 00       		.byte	0
 456 00b1 0C       		.uleb128 0xc
 457 00b2 05       		.uleb128 0x5
 458 00b3 00       		.byte	0
 459 00b4 03       		.uleb128 0x3
 460 00b5 0E       		.uleb128 0xe
 461 00b6 3A       		.uleb128 0x3a
 462 00b7 0B       		.uleb128 0xb
 463 00b8 3B       		.uleb128 0x3b
 464 00b9 0B       		.uleb128 0xb
 465 00ba 39       		.uleb128 0x39
 466 00bb 0B       		.uleb128 0xb
 467 00bc 49       		.uleb128 0x49
 468 00bd 13       		.uleb128 0x13
 469 00be 02       		.uleb128 0x2
 470 00bf 18       		.uleb128 0x18
 471 00c0 00       		.byte	0
 472 00c1 00       		.byte	0
 473 00c2 00       		.byte	0
 474              		.section	.debug_loc,"",%progbits
 475              	.Ldebug_loc0:
 476              	.LVUS2:
 477 0000 00       		.uleb128 0
 478 0001 00       		.uleb128 .LVU27
 479 0002 00       		.uleb128 .LVU27
 480 0003 00       		.uleb128 0
 481              	.LLST2:
 482 0004 00000000 		.4byte	.LVL2
 483 0008 0A000000 		.4byte	.LVL5
 484 000c 0100     		.2byte	0x1
 485 000e 50       		.byte	0x50
 486 000f 0A000000 		.4byte	.LVL5
 487 0013 10000000 		.4byte	.LFE1
 488 0017 0400     		.2byte	0x4
 489 0019 F3       		.byte	0xf3
 490 001a 01       		.uleb128 0x1
 491 001b 50       		.byte	0x50
 492 001c 9F       		.byte	0x9f
 493 001d 00000000 		.4byte	0
 494 0021 00000000 		.4byte	0
 495              	.LVUS3:
 496 0025 04       		.uleb128 .LVU19
 497 0026 00       		.uleb128 .LVU27
 498 0027 00       		.uleb128 .LVU27
 499 0028 00       		.uleb128 0
 500              	.LLST3:
 501 0029 00000000 		.4byte	.LVL2
 502 002d 0A000000 		.4byte	.LVL5
ARM GAS  C:\Users\EDULU~1.DES\AppData\Local\Temp\ccoj4FDE.s 			page 11


 503 0031 0100     		.2byte	0x1
 504 0033 50       		.byte	0x50
 505 0034 0A000000 		.4byte	.LVL5
 506 0038 10000000 		.4byte	.LFE1
 507 003c 0400     		.2byte	0x4
 508 003e F3       		.byte	0xf3
 509 003f 01       		.uleb128 0x1
 510 0040 50       		.byte	0x50
 511 0041 9F       		.byte	0x9f
 512 0042 00000000 		.4byte	0
 513 0046 00000000 		.4byte	0
 514              	.LVUS4:
 515 004a 00       		.uleb128 .LVU21
 516 004b 00       		.uleb128 .LVU25
 517 004c 00       		.uleb128 .LVU25
 518 004d 00       		.uleb128 .LVU29
 519 004e 00       		.uleb128 .LVU29
 520 004f 00       		.uleb128 0
 521              	.LLST4:
 522 0050 02000000 		.4byte	.LVL3
 523 0054 08000000 		.4byte	.LVL4
 524 0058 0600     		.2byte	0x6
 525 005a 73       		.byte	0x73
 526 005b 00       		.sleb128 0
 527 005c 08       		.byte	0x8
 528 005d FF       		.byte	0xff
 529 005e 1A       		.byte	0x1a
 530 005f 9F       		.byte	0x9f
 531 0060 08000000 		.4byte	.LVL4
 532 0064 0E000000 		.4byte	.LVL6
 533 0068 0100     		.2byte	0x1
 534 006a 53       		.byte	0x53
 535 006b 0E000000 		.4byte	.LVL6
 536 006f 10000000 		.4byte	.LFE1
 537 0073 0100     		.2byte	0x1
 538 0075 50       		.byte	0x50
 539 0076 00000000 		.4byte	0
 540 007a 00000000 		.4byte	0
 541              	.LVUS0:
 542 007e 00       		.uleb128 0
 543 007f 00       		.uleb128 .LVU12
 544 0080 00       		.uleb128 .LVU12
 545 0081 00       		.uleb128 0
 546              	.LLST0:
 547 0082 00000000 		.4byte	.LVL0
 548 0086 0C000000 		.4byte	.LVL1
 549 008a 0100     		.2byte	0x1
 550 008c 51       		.byte	0x51
 551 008d 0C000000 		.4byte	.LVL1
 552 0091 12000000 		.4byte	.LFE0
 553 0095 0400     		.2byte	0x4
 554 0097 F3       		.byte	0xf3
 555 0098 01       		.uleb128 0x1
 556 0099 51       		.byte	0x51
 557 009a 9F       		.byte	0x9f
 558 009b 00000000 		.4byte	0
 559 009f 00000000 		.4byte	0
ARM GAS  C:\Users\EDULU~1.DES\AppData\Local\Temp\ccoj4FDE.s 			page 12


 560              	.LVUS1:
 561 00a3 03       		.uleb128 .LVU3
 562 00a4 00       		.uleb128 0
 563              	.LLST1:
 564 00a5 00000000 		.4byte	.LVL0
 565 00a9 12000000 		.4byte	.LFE0
 566 00ad 0100     		.2byte	0x1
 567 00af 50       		.byte	0x50
 568 00b0 00000000 		.4byte	0
 569 00b4 00000000 		.4byte	0
 570              		.section	.debug_aranges,"",%progbits
 571 0000 24000000 		.4byte	0x24
 572 0004 0200     		.2byte	0x2
 573 0006 00000000 		.4byte	.Ldebug_info0
 574 000a 04       		.byte	0x4
 575 000b 00       		.byte	0
 576 000c 0000     		.2byte	0
 577 000e 0000     		.2byte	0
 578 0010 00000000 		.4byte	.LFB0
 579 0014 12000000 		.4byte	.LFE0-.LFB0
 580 0018 00000000 		.4byte	.LFB1
 581 001c 10000000 		.4byte	.LFE1-.LFB1
 582 0020 00000000 		.4byte	0
 583 0024 00000000 		.4byte	0
 584              		.section	.debug_ranges,"",%progbits
 585              	.Ldebug_ranges0:
 586 0000 00000000 		.4byte	.LFB0
 587 0004 12000000 		.4byte	.LFE0
 588 0008 00000000 		.4byte	.LFB1
 589 000c 10000000 		.4byte	.LFE1
 590 0010 00000000 		.4byte	0
 591 0014 00000000 		.4byte	0
 592              		.section	.debug_line,"",%progbits
 593              	.Ldebug_line0:
 594 0000 C5000000 		.section	.debug_str,"MS",%progbits,1
 594      03004400 
 594      00000201 
 594      FB0E0D00 
 594      01010101 
 595              	.LASF15:
 596 0000 76616C75 		.ascii	"value\000"
 596      6500
 597              	.LASF20:
 598 0006 43794765 		.ascii	"CyGetReg24\000"
 598      74526567 
 598      323400
 599              	.LASF21:
 600 0011 43795365 		.ascii	"CySetReg24\000"
 600      74526567 
 600      323400
 601              	.LASF16:
 602 001c 61646472 		.ascii	"addr\000"
 602      00
 603              	.LASF19:
 604 0021 433A5C55 		.ascii	"C:\\Users\\edulu.DESKTOP-961TG4K\\Documents\\PSoC C"
 604      73657273 
 604      5C656475 
ARM GAS  C:\Users\EDULU~1.DES\AppData\Local\Temp\ccoj4FDE.s 			page 13


 604      6C752E44 
 604      45534B54 
 605 0050 72656174 		.ascii	"reator\\Micrium\\Examples\\Cypress\\CY8CKIT-044\\OS"
 605      6F725C4D 
 605      69637269 
 605      756D5C45 
 605      78616D70 
 606 007e 335C5053 		.ascii	"3\\PSoC\\OS3.cydsn\000"
 606      6F435C4F 
 606      53332E63 
 606      7964736E 
 606      00
 607              	.LASF11:
 608 008f 666C6F61 		.ascii	"float\000"
 608      7400
 609              	.LASF1:
 610 0095 756E7369 		.ascii	"unsigned char\000"
 610      676E6564 
 610      20636861 
 610      7200
 611              	.LASF14:
 612 00a3 746D7041 		.ascii	"tmpAddr\000"
 612      64647200 
 613              	.LASF5:
 614 00ab 6C6F6E67 		.ascii	"long unsigned int\000"
 614      20756E73 
 614      69676E65 
 614      6420696E 
 614      7400
 615              	.LASF3:
 616 00bd 73686F72 		.ascii	"short unsigned int\000"
 616      7420756E 
 616      7369676E 
 616      65642069 
 616      6E7400
 617              	.LASF12:
 618 00d0 646F7562 		.ascii	"double\000"
 618      6C6500
 619              	.LASF10:
 620 00d7 75696E74 		.ascii	"uint32\000"
 620      333200
 621              	.LASF8:
 622 00de 756E7369 		.ascii	"unsigned int\000"
 622      676E6564 
 622      20696E74 
 622      00
 623              	.LASF7:
 624 00eb 6C6F6E67 		.ascii	"long long unsigned int\000"
 624      206C6F6E 
 624      6720756E 
 624      7369676E 
 624      65642069 
 625              	.LASF17:
 626 0102 474E5520 		.ascii	"GNU C17 8.2.1 20181213 (release) [gcc-8-branch revi"
 626      43313720 
 626      382E322E 
 626      31203230 
ARM GAS  C:\Users\EDULU~1.DES\AppData\Local\Temp\ccoj4FDE.s 			page 14


 626      31383132 
 627 0135 73696F6E 		.ascii	"sion 267074] -mcpu=cortex-m0 -mthumb -mfloat-abi=so"
 627      20323637 
 627      3037345D 
 627      202D6D63 
 627      70753D63 
 628 0168 6674202D 		.ascii	"ft -march=armv6s-m -g -Og -ffunction-sections -ffat"
 628      6D617263 
 628      683D6172 
 628      6D763673 
 628      2D6D202D 
 629 019b 2D6C746F 		.ascii	"-lto-objects\000"
 629      2D6F626A 
 629      65637473 
 629      00
 630              	.LASF18:
 631 01a8 47656E65 		.ascii	"Generated_Source\\PSoC4\\cyutils.c\000"
 631      72617465 
 631      645F536F 
 631      75726365 
 631      5C50536F 
 632              	.LASF6:
 633 01c9 6C6F6E67 		.ascii	"long long int\000"
 633      206C6F6E 
 633      6720696E 
 633      7400
 634              	.LASF13:
 635 01d7 63686172 		.ascii	"char\000"
 635      00
 636              	.LASF2:
 637 01dc 73686F72 		.ascii	"short int\000"
 637      7420696E 
 637      7400
 638              	.LASF9:
 639 01e6 75696E74 		.ascii	"uint8\000"
 639      3800
 640              	.LASF4:
 641 01ec 6C6F6E67 		.ascii	"long int\000"
 641      20696E74 
 641      00
 642              	.LASF0:
 643 01f5 7369676E 		.ascii	"signed char\000"
 643      65642063 
 643      68617200 
 644              		.ident	"GCC: (GNU Tools for Arm Embedded Processors 8-2018-q4-major) 8.2.1 20181213 (release) [gcc
