ARM GAS  C:\Users\EDULU~1.DES\AppData\Local\Temp\ccd2EWzG.s 			page 1


   1              		.cpu cortex-m0
   2              		.eabi_attribute 20, 1
   3              		.eabi_attribute 21, 1
   4              		.eabi_attribute 23, 3
   5              		.eabi_attribute 24, 1
   6              		.eabi_attribute 25, 1
   7              		.eabi_attribute 26, 1
   8              		.eabi_attribute 30, 1
   9              		.eabi_attribute 34, 0
  10              		.eabi_attribute 18, 4
  11              		.file	"I2C_BOOT.c"
  12              		.text
  13              	.Ltext0:
  14              		.cfi_sections	.debug_frame
  15              	.Letext0:
  16              		.file 1 "Generated_Source\\PSoC4/cytypes.h"
  17              		.file 2 "c:\\program files (x86)\\gnu tools arm embedded\\8 2018-q4-major\\arm-none-eabi\\include\
  18              		.file 3 "c:\\program files (x86)\\gnu tools arm embedded\\8 2018-q4-major\\arm-none-eabi\\include\
  19              		.file 4 "c:\\program files (x86)\\gnu tools arm embedded\\8 2018-q4-major\\lib\\gcc\\arm-none-eabi
  20              		.file 5 "c:\\program files (x86)\\gnu tools arm embedded\\8 2018-q4-major\\arm-none-eabi\\include\
  21              		.file 6 "c:\\program files (x86)\\gnu tools arm embedded\\8 2018-q4-major\\arm-none-eabi\\include\
  22              		.file 7 "Generated_Source\\PSoC4/CyLib.h"
  23              		.file 8 "Generated_Source\\PSoC4\\I2C.h"
  24              		.file 9 "Generated_Source\\PSoC4\\I2C_PVT.h"
  25              		.section	.debug_info,"",%progbits
  26              	.Ldebug_info0:
  27 0000 060A0000 		.4byte	0xa06
  28 0004 0400     		.2byte	0x4
  29 0006 00000000 		.4byte	.Ldebug_abbrev0
  30 000a 04       		.byte	0x4
  31 000b 01       		.uleb128 0x1
  32 000c D8020000 		.4byte	.LASF138
  33 0010 0C       		.byte	0xc
  34 0011 D4050000 		.4byte	.LASF139
  35 0015 32010000 		.4byte	.LASF140
  36 0019 00000000 		.4byte	.Ldebug_line0
  37 001d 02       		.uleb128 0x2
  38 001e 01       		.byte	0x1
  39 001f 06       		.byte	0x6
  40 0020 CE000000 		.4byte	.LASF0
  41 0024 02       		.uleb128 0x2
  42 0025 01       		.byte	0x1
  43 0026 08       		.byte	0x8
  44 0027 19040000 		.4byte	.LASF1
  45 002b 02       		.uleb128 0x2
  46 002c 02       		.byte	0x2
  47 002d 05       		.byte	0x5
  48 002e 35040000 		.4byte	.LASF2
  49 0032 02       		.uleb128 0x2
  50 0033 02       		.byte	0x2
  51 0034 07       		.byte	0x7
  52 0035 86020000 		.4byte	.LASF3
  53 0039 02       		.uleb128 0x2
  54 003a 04       		.byte	0x4
  55 003b 05       		.byte	0x5
  56 003c 13010000 		.4byte	.LASF4
  57 0040 02       		.uleb128 0x2
ARM GAS  C:\Users\EDULU~1.DES\AppData\Local\Temp\ccd2EWzG.s 			page 2


  58 0041 04       		.byte	0x4
  59 0042 07       		.byte	0x7
  60 0043 67020000 		.4byte	.LASF5
  61 0047 02       		.uleb128 0x2
  62 0048 08       		.byte	0x8
  63 0049 05       		.byte	0x5
  64 004a C0000000 		.4byte	.LASF6
  65 004e 02       		.uleb128 0x2
  66 004f 08       		.byte	0x8
  67 0050 07       		.byte	0x7
  68 0051 6C000000 		.4byte	.LASF7
  69 0055 03       		.uleb128 0x3
  70 0056 04       		.byte	0x4
  71 0057 05       		.byte	0x5
  72 0058 696E7400 		.ascii	"int\000"
  73 005c 02       		.uleb128 0x2
  74 005d 04       		.byte	0x4
  75 005e 07       		.byte	0x7
  76 005f 43020000 		.4byte	.LASF8
  77 0063 04       		.uleb128 0x4
  78 0064 A9010000 		.4byte	.LASF9
  79 0068 01       		.byte	0x1
  80 0069 E401     		.2byte	0x1e4
  81 006b 19       		.byte	0x19
  82 006c 24000000 		.4byte	0x24
  83 0070 05       		.uleb128 0x5
  84 0071 63000000 		.4byte	0x63
  85 0075 04       		.uleb128 0x4
  86 0076 F4010000 		.4byte	.LASF10
  87 007a 01       		.byte	0x1
  88 007b E601     		.2byte	0x1e6
  89 007d 19       		.byte	0x19
  90 007e 40000000 		.4byte	0x40
  91 0082 02       		.uleb128 0x2
  92 0083 04       		.byte	0x4
  93 0084 04       		.byte	0x4
  94 0085 FB030000 		.4byte	.LASF11
  95 0089 02       		.uleb128 0x2
  96 008a 08       		.byte	0x8
  97 008b 04       		.byte	0x4
  98 008c BE010000 		.4byte	.LASF12
  99 0090 02       		.uleb128 0x2
 100 0091 01       		.byte	0x1
 101 0092 08       		.byte	0x8
 102 0093 13050000 		.4byte	.LASF13
 103 0097 05       		.uleb128 0x5
 104 0098 90000000 		.4byte	0x90
 105 009c 04       		.uleb128 0x4
 106 009d 18050000 		.4byte	.LASF14
 107 00a1 01       		.byte	0x1
 108 00a2 A002     		.2byte	0x2a0
 109 00a4 15       		.byte	0x15
 110 00a5 A9000000 		.4byte	0xa9
 111 00a9 06       		.uleb128 0x6
 112 00aa 04       		.byte	0x4
 113 00ab AF000000 		.4byte	0xaf
 114 00af 07       		.uleb128 0x7
ARM GAS  C:\Users\EDULU~1.DES\AppData\Local\Temp\ccd2EWzG.s 			page 3


 115 00b0 02       		.uleb128 0x2
 116 00b1 08       		.byte	0x8
 117 00b2 04       		.byte	0x4
 118 00b3 B4030000 		.4byte	.LASF15
 119 00b7 08       		.uleb128 0x8
 120 00b8 C9020000 		.4byte	.LASF16
 121 00bc 02       		.byte	0x2
 122 00bd 22       		.byte	0x22
 123 00be 19       		.byte	0x19
 124 00bf C3000000 		.4byte	0xc3
 125 00c3 06       		.uleb128 0x6
 126 00c4 04       		.byte	0x4
 127 00c5 C9000000 		.4byte	0xc9
 128 00c9 09       		.uleb128 0x9
 129 00ca E3040000 		.4byte	.LASF122
 130 00ce 08       		.uleb128 0x8
 131 00cf F4030000 		.4byte	.LASF17
 132 00d3 03       		.byte	0x3
 133 00d4 2C       		.byte	0x2c
 134 00d5 0E       		.byte	0xe
 135 00d6 39000000 		.4byte	0x39
 136 00da 08       		.uleb128 0x8
 137 00db 04050000 		.4byte	.LASF18
 138 00df 03       		.byte	0x3
 139 00e0 72       		.byte	0x72
 140 00e1 0E       		.byte	0xe
 141 00e2 39000000 		.4byte	0x39
 142 00e6 04       		.uleb128 0x4
 143 00e7 D1020000 		.4byte	.LASF19
 144 00eb 04       		.byte	0x4
 145 00ec 6501     		.2byte	0x165
 146 00ee 17       		.byte	0x17
 147 00ef 5C000000 		.4byte	0x5c
 148 00f3 0A       		.uleb128 0xa
 149 00f4 04       		.byte	0x4
 150 00f5 03       		.byte	0x3
 151 00f6 A6       		.byte	0xa6
 152 00f7 03       		.byte	0x3
 153 00f8 15010000 		.4byte	0x115
 154 00fc 0B       		.uleb128 0xb
 155 00fd C3020000 		.4byte	.LASF20
 156 0101 03       		.byte	0x3
 157 0102 A8       		.byte	0xa8
 158 0103 0C       		.byte	0xc
 159 0104 E6000000 		.4byte	0xe6
 160 0108 0B       		.uleb128 0xb
 161 0109 50020000 		.4byte	.LASF21
 162 010d 03       		.byte	0x3
 163 010e A9       		.byte	0xa9
 164 010f 13       		.byte	0x13
 165 0110 15010000 		.4byte	0x115
 166 0114 00       		.byte	0
 167 0115 0C       		.uleb128 0xc
 168 0116 24000000 		.4byte	0x24
 169 011a 25010000 		.4byte	0x125
 170 011e 0D       		.uleb128 0xd
 171 011f 5C000000 		.4byte	0x5c
ARM GAS  C:\Users\EDULU~1.DES\AppData\Local\Temp\ccd2EWzG.s 			page 4


 172 0123 03       		.byte	0x3
 173 0124 00       		.byte	0
 174 0125 0E       		.uleb128 0xe
 175 0126 08       		.byte	0x8
 176 0127 03       		.byte	0x3
 177 0128 A3       		.byte	0xa3
 178 0129 09       		.byte	0x9
 179 012a 49010000 		.4byte	0x149
 180 012e 0F       		.uleb128 0xf
 181 012f DB040000 		.4byte	.LASF22
 182 0133 03       		.byte	0x3
 183 0134 A5       		.byte	0xa5
 184 0135 07       		.byte	0x7
 185 0136 55000000 		.4byte	0x55
 186 013a 00       		.byte	0
 187 013b 0F       		.uleb128 0xf
 188 013c EA040000 		.4byte	.LASF23
 189 0140 03       		.byte	0x3
 190 0141 AA       		.byte	0xaa
 191 0142 05       		.byte	0x5
 192 0143 F3000000 		.4byte	0xf3
 193 0147 04       		.byte	0x4
 194 0148 00       		.byte	0
 195 0149 08       		.uleb128 0x8
 196 014a 5D040000 		.4byte	.LASF24
 197 014e 03       		.byte	0x3
 198 014f AB       		.byte	0xab
 199 0150 03       		.byte	0x3
 200 0151 25010000 		.4byte	0x125
 201 0155 08       		.uleb128 0x8
 202 0156 06020000 		.4byte	.LASF25
 203 015a 03       		.byte	0x3
 204 015b AF       		.byte	0xaf
 205 015c 1B       		.byte	0x1b
 206 015d B7000000 		.4byte	0xb7
 207 0161 10       		.uleb128 0x10
 208 0162 04       		.byte	0x4
 209 0163 06       		.uleb128 0x6
 210 0164 04       		.byte	0x4
 211 0165 90000000 		.4byte	0x90
 212 0169 08       		.uleb128 0x8
 213 016a 7B050000 		.4byte	.LASF26
 214 016e 05       		.byte	0x5
 215 016f 16       		.byte	0x16
 216 0170 19       		.byte	0x19
 217 0171 40000000 		.4byte	0x40
 218 0175 11       		.uleb128 0x11
 219 0176 17020000 		.4byte	.LASF31
 220 017a 18       		.byte	0x18
 221 017b 05       		.byte	0x5
 222 017c 2F       		.byte	0x2f
 223 017d 08       		.byte	0x8
 224 017e CF010000 		.4byte	0x1cf
 225 0182 0F       		.uleb128 0xf
 226 0183 48050000 		.4byte	.LASF27
 227 0187 05       		.byte	0x5
 228 0188 31       		.byte	0x31
ARM GAS  C:\Users\EDULU~1.DES\AppData\Local\Temp\ccd2EWzG.s 			page 5


 229 0189 13       		.byte	0x13
 230 018a CF010000 		.4byte	0x1cf
 231 018e 00       		.byte	0
 232 018f 12       		.uleb128 0x12
 233 0190 5F6B00   		.ascii	"_k\000"
 234 0193 05       		.byte	0x5
 235 0194 32       		.byte	0x32
 236 0195 07       		.byte	0x7
 237 0196 55000000 		.4byte	0x55
 238 019a 04       		.byte	0x4
 239 019b 0F       		.uleb128 0xf
 240 019c C6040000 		.4byte	.LASF28
 241 01a0 05       		.byte	0x5
 242 01a1 32       		.byte	0x32
 243 01a2 0B       		.byte	0xb
 244 01a3 55000000 		.4byte	0x55
 245 01a7 08       		.byte	0x8
 246 01a8 0F       		.uleb128 0xf
 247 01a9 00020000 		.4byte	.LASF29
 248 01ad 05       		.byte	0x5
 249 01ae 32       		.byte	0x32
 250 01af 14       		.byte	0x14
 251 01b0 55000000 		.4byte	0x55
 252 01b4 0C       		.byte	0xc
 253 01b5 0F       		.uleb128 0xf
 254 01b6 BF050000 		.4byte	.LASF30
 255 01ba 05       		.byte	0x5
 256 01bb 32       		.byte	0x32
 257 01bc 1B       		.byte	0x1b
 258 01bd 55000000 		.4byte	0x55
 259 01c1 10       		.byte	0x10
 260 01c2 12       		.uleb128 0x12
 261 01c3 5F7800   		.ascii	"_x\000"
 262 01c6 05       		.byte	0x5
 263 01c7 33       		.byte	0x33
 264 01c8 0B       		.byte	0xb
 265 01c9 D5010000 		.4byte	0x1d5
 266 01cd 14       		.byte	0x14
 267 01ce 00       		.byte	0
 268 01cf 06       		.uleb128 0x6
 269 01d0 04       		.byte	0x4
 270 01d1 75010000 		.4byte	0x175
 271 01d5 0C       		.uleb128 0xc
 272 01d6 69010000 		.4byte	0x169
 273 01da E5010000 		.4byte	0x1e5
 274 01de 0D       		.uleb128 0xd
 275 01df 5C000000 		.4byte	0x5c
 276 01e3 00       		.byte	0
 277 01e4 00       		.byte	0
 278 01e5 11       		.uleb128 0x11
 279 01e6 3E020000 		.4byte	.LASF32
 280 01ea 24       		.byte	0x24
 281 01eb 05       		.byte	0x5
 282 01ec 37       		.byte	0x37
 283 01ed 08       		.byte	0x8
 284 01ee 68020000 		.4byte	0x268
 285 01f2 0F       		.uleb128 0xf
ARM GAS  C:\Users\EDULU~1.DES\AppData\Local\Temp\ccd2EWzG.s 			page 6


 286 01f3 B7000000 		.4byte	.LASF33
 287 01f7 05       		.byte	0x5
 288 01f8 39       		.byte	0x39
 289 01f9 09       		.byte	0x9
 290 01fa 55000000 		.4byte	0x55
 291 01fe 00       		.byte	0
 292 01ff 0F       		.uleb128 0xf
 293 0200 25050000 		.4byte	.LASF34
 294 0204 05       		.byte	0x5
 295 0205 3A       		.byte	0x3a
 296 0206 09       		.byte	0x9
 297 0207 55000000 		.4byte	0x55
 298 020b 04       		.byte	0x4
 299 020c 0F       		.uleb128 0xf
 300 020d E6000000 		.4byte	.LASF35
 301 0211 05       		.byte	0x5
 302 0212 3B       		.byte	0x3b
 303 0213 09       		.byte	0x9
 304 0214 55000000 		.4byte	0x55
 305 0218 08       		.byte	0x8
 306 0219 0F       		.uleb128 0xf
 307 021a 72060000 		.4byte	.LASF36
 308 021e 05       		.byte	0x5
 309 021f 3C       		.byte	0x3c
 310 0220 09       		.byte	0x9
 311 0221 55000000 		.4byte	0x55
 312 0225 0C       		.byte	0xc
 313 0226 0F       		.uleb128 0xf
 314 0227 D8030000 		.4byte	.LASF37
 315 022b 05       		.byte	0x5
 316 022c 3D       		.byte	0x3d
 317 022d 09       		.byte	0x9
 318 022e 55000000 		.4byte	0x55
 319 0232 10       		.byte	0x10
 320 0233 0F       		.uleb128 0xf
 321 0234 93030000 		.4byte	.LASF38
 322 0238 05       		.byte	0x5
 323 0239 3E       		.byte	0x3e
 324 023a 09       		.byte	0x9
 325 023b 55000000 		.4byte	0x55
 326 023f 14       		.byte	0x14
 327 0240 0F       		.uleb128 0xf
 328 0241 C4050000 		.4byte	.LASF39
 329 0245 05       		.byte	0x5
 330 0246 3F       		.byte	0x3f
 331 0247 09       		.byte	0x9
 332 0248 55000000 		.4byte	0x55
 333 024c 18       		.byte	0x18
 334 024d 0F       		.uleb128 0xf
 335 024e 3F040000 		.4byte	.LASF40
 336 0252 05       		.byte	0x5
 337 0253 40       		.byte	0x40
 338 0254 09       		.byte	0x9
 339 0255 55000000 		.4byte	0x55
 340 0259 1C       		.byte	0x1c
 341 025a 0F       		.uleb128 0xf
 342 025b 23060000 		.4byte	.LASF41
ARM GAS  C:\Users\EDULU~1.DES\AppData\Local\Temp\ccd2EWzG.s 			page 7


 343 025f 05       		.byte	0x5
 344 0260 41       		.byte	0x41
 345 0261 09       		.byte	0x9
 346 0262 55000000 		.4byte	0x55
 347 0266 20       		.byte	0x20
 348 0267 00       		.byte	0
 349 0268 13       		.uleb128 0x13
 350 0269 F5000000 		.4byte	.LASF42
 351 026d 0801     		.2byte	0x108
 352 026f 05       		.byte	0x5
 353 0270 4A       		.byte	0x4a
 354 0271 08       		.byte	0x8
 355 0272 AD020000 		.4byte	0x2ad
 356 0276 0F       		.uleb128 0xf
 357 0277 1E000000 		.4byte	.LASF43
 358 027b 05       		.byte	0x5
 359 027c 4B       		.byte	0x4b
 360 027d 0A       		.byte	0xa
 361 027e AD020000 		.4byte	0x2ad
 362 0282 00       		.byte	0
 363 0283 0F       		.uleb128 0xf
 364 0284 00000000 		.4byte	.LASF44
 365 0288 05       		.byte	0x5
 366 0289 4C       		.byte	0x4c
 367 028a 09       		.byte	0x9
 368 028b AD020000 		.4byte	0x2ad
 369 028f 80       		.byte	0x80
 370 0290 14       		.uleb128 0x14
 371 0291 5B050000 		.4byte	.LASF45
 372 0295 05       		.byte	0x5
 373 0296 4E       		.byte	0x4e
 374 0297 0A       		.byte	0xa
 375 0298 69010000 		.4byte	0x169
 376 029c 0001     		.2byte	0x100
 377 029e 14       		.uleb128 0x14
 378 029f 23010000 		.4byte	.LASF46
 379 02a3 05       		.byte	0x5
 380 02a4 51       		.byte	0x51
 381 02a5 0A       		.byte	0xa
 382 02a6 69010000 		.4byte	0x169
 383 02aa 0401     		.2byte	0x104
 384 02ac 00       		.byte	0
 385 02ad 0C       		.uleb128 0xc
 386 02ae 61010000 		.4byte	0x161
 387 02b2 BD020000 		.4byte	0x2bd
 388 02b6 0D       		.uleb128 0xd
 389 02b7 5C000000 		.4byte	0x5c
 390 02bb 1F       		.byte	0x1f
 391 02bc 00       		.byte	0
 392 02bd 13       		.uleb128 0x13
 393 02be E1030000 		.4byte	.LASF47
 394 02c2 9001     		.2byte	0x190
 395 02c4 05       		.byte	0x5
 396 02c5 5D       		.byte	0x5d
 397 02c6 08       		.byte	0x8
 398 02c7 00030000 		.4byte	0x300
 399 02cb 0F       		.uleb128 0xf
ARM GAS  C:\Users\EDULU~1.DES\AppData\Local\Temp\ccd2EWzG.s 			page 8


 400 02cc 48050000 		.4byte	.LASF27
 401 02d0 05       		.byte	0x5
 402 02d1 5E       		.byte	0x5e
 403 02d2 12       		.byte	0x12
 404 02d3 00030000 		.4byte	0x300
 405 02d7 00       		.byte	0
 406 02d8 0F       		.uleb128 0xf
 407 02d9 96040000 		.4byte	.LASF48
 408 02dd 05       		.byte	0x5
 409 02de 5F       		.byte	0x5f
 410 02df 06       		.byte	0x6
 411 02e0 55000000 		.4byte	0x55
 412 02e4 04       		.byte	0x4
 413 02e5 0F       		.uleb128 0xf
 414 02e6 FB010000 		.4byte	.LASF49
 415 02ea 05       		.byte	0x5
 416 02eb 61       		.byte	0x61
 417 02ec 09       		.byte	0x9
 418 02ed 06030000 		.4byte	0x306
 419 02f1 08       		.byte	0x8
 420 02f2 0F       		.uleb128 0xf
 421 02f3 F5000000 		.4byte	.LASF42
 422 02f7 05       		.byte	0x5
 423 02f8 62       		.byte	0x62
 424 02f9 1E       		.byte	0x1e
 425 02fa 68020000 		.4byte	0x268
 426 02fe 88       		.byte	0x88
 427 02ff 00       		.byte	0
 428 0300 06       		.uleb128 0x6
 429 0301 04       		.byte	0x4
 430 0302 BD020000 		.4byte	0x2bd
 431 0306 0C       		.uleb128 0xc
 432 0307 A9000000 		.4byte	0xa9
 433 030b 16030000 		.4byte	0x316
 434 030f 0D       		.uleb128 0xd
 435 0310 5C000000 		.4byte	0x5c
 436 0314 1F       		.byte	0x1f
 437 0315 00       		.byte	0
 438 0316 11       		.uleb128 0x11
 439 0317 49040000 		.4byte	.LASF50
 440 031b 08       		.byte	0x8
 441 031c 05       		.byte	0x5
 442 031d 75       		.byte	0x75
 443 031e 08       		.byte	0x8
 444 031f 3E030000 		.4byte	0x33e
 445 0323 0F       		.uleb128 0xf
 446 0324 E0000000 		.4byte	.LASF51
 447 0328 05       		.byte	0x5
 448 0329 76       		.byte	0x76
 449 032a 11       		.byte	0x11
 450 032b 3E030000 		.4byte	0x33e
 451 032f 00       		.byte	0
 452 0330 0F       		.uleb128 0xf
 453 0331 18000000 		.4byte	.LASF52
 454 0335 05       		.byte	0x5
 455 0336 77       		.byte	0x77
 456 0337 06       		.byte	0x6
ARM GAS  C:\Users\EDULU~1.DES\AppData\Local\Temp\ccd2EWzG.s 			page 9


 457 0338 55000000 		.4byte	0x55
 458 033c 04       		.byte	0x4
 459 033d 00       		.byte	0
 460 033e 06       		.uleb128 0x6
 461 033f 04       		.byte	0x4
 462 0340 24000000 		.4byte	0x24
 463 0344 11       		.uleb128 0x11
 464 0345 68040000 		.4byte	.LASF53
 465 0349 68       		.byte	0x68
 466 034a 05       		.byte	0x5
 467 034b B5       		.byte	0xb5
 468 034c 08       		.byte	0x8
 469 034d 87040000 		.4byte	0x487
 470 0351 12       		.uleb128 0x12
 471 0352 5F7000   		.ascii	"_p\000"
 472 0355 05       		.byte	0x5
 473 0356 B6       		.byte	0xb6
 474 0357 12       		.byte	0x12
 475 0358 3E030000 		.4byte	0x33e
 476 035c 00       		.byte	0
 477 035d 12       		.uleb128 0x12
 478 035e 5F7200   		.ascii	"_r\000"
 479 0361 05       		.byte	0x5
 480 0362 B7       		.byte	0xb7
 481 0363 07       		.byte	0x7
 482 0364 55000000 		.4byte	0x55
 483 0368 04       		.byte	0x4
 484 0369 12       		.uleb128 0x12
 485 036a 5F7700   		.ascii	"_w\000"
 486 036d 05       		.byte	0x5
 487 036e B8       		.byte	0xb8
 488 036f 07       		.byte	0x7
 489 0370 55000000 		.4byte	0x55
 490 0374 08       		.byte	0x8
 491 0375 0F       		.uleb128 0xf
 492 0376 1C010000 		.4byte	.LASF54
 493 037a 05       		.byte	0x5
 494 037b B9       		.byte	0xb9
 495 037c 09       		.byte	0x9
 496 037d 2B000000 		.4byte	0x2b
 497 0381 0C       		.byte	0xc
 498 0382 0F       		.uleb128 0xf
 499 0383 79020000 		.4byte	.LASF55
 500 0387 05       		.byte	0x5
 501 0388 BA       		.byte	0xba
 502 0389 09       		.byte	0x9
 503 038a 2B000000 		.4byte	0x2b
 504 038e 0E       		.byte	0xe
 505 038f 12       		.uleb128 0x12
 506 0390 5F626600 		.ascii	"_bf\000"
 507 0394 05       		.byte	0x5
 508 0395 BB       		.byte	0xbb
 509 0396 11       		.byte	0x11
 510 0397 16030000 		.4byte	0x316
 511 039b 10       		.byte	0x10
 512 039c 0F       		.uleb128 0xf
 513 039d 83000000 		.4byte	.LASF56
ARM GAS  C:\Users\EDULU~1.DES\AppData\Local\Temp\ccd2EWzG.s 			page 10


 514 03a1 05       		.byte	0x5
 515 03a2 BC       		.byte	0xbc
 516 03a3 07       		.byte	0x7
 517 03a4 55000000 		.4byte	0x55
 518 03a8 18       		.byte	0x18
 519 03a9 0F       		.uleb128 0xf
 520 03aa 03010000 		.4byte	.LASF57
 521 03ae 05       		.byte	0x5
 522 03af C3       		.byte	0xc3
 523 03b0 0A       		.byte	0xa
 524 03b1 61010000 		.4byte	0x161
 525 03b5 1C       		.byte	0x1c
 526 03b6 0F       		.uleb128 0xf
 527 03b7 2E020000 		.4byte	.LASF58
 528 03bb 05       		.byte	0x5
 529 03bc C5       		.byte	0xc5
 530 03bd 1D       		.byte	0x1d
 531 03be F9050000 		.4byte	0x5f9
 532 03c2 20       		.byte	0x20
 533 03c3 0F       		.uleb128 0xf
 534 03c4 8C030000 		.4byte	.LASF59
 535 03c8 05       		.byte	0x5
 536 03c9 C7       		.byte	0xc7
 537 03ca 1D       		.byte	0x1d
 538 03cb 23060000 		.4byte	0x623
 539 03cf 24       		.byte	0x24
 540 03d0 0F       		.uleb128 0xf
 541 03d1 F2040000 		.4byte	.LASF60
 542 03d5 05       		.byte	0x5
 543 03d6 CA       		.byte	0xca
 544 03d7 0D       		.byte	0xd
 545 03d8 47060000 		.4byte	0x647
 546 03dc 28       		.byte	0x28
 547 03dd 0F       		.uleb128 0xf
 548 03de 3D060000 		.4byte	.LASF61
 549 03e2 05       		.byte	0x5
 550 03e3 CB       		.byte	0xcb
 551 03e4 09       		.byte	0x9
 552 03e5 61060000 		.4byte	0x661
 553 03e9 2C       		.byte	0x2c
 554 03ea 12       		.uleb128 0x12
 555 03eb 5F756200 		.ascii	"_ub\000"
 556 03ef 05       		.byte	0x5
 557 03f0 CE       		.byte	0xce
 558 03f1 11       		.byte	0x11
 559 03f2 16030000 		.4byte	0x316
 560 03f6 30       		.byte	0x30
 561 03f7 12       		.uleb128 0x12
 562 03f8 5F757000 		.ascii	"_up\000"
 563 03fc 05       		.byte	0x5
 564 03fd CF       		.byte	0xcf
 565 03fe 12       		.byte	0x12
 566 03ff 3E030000 		.4byte	0x33e
 567 0403 38       		.byte	0x38
 568 0404 12       		.uleb128 0x12
 569 0405 5F757200 		.ascii	"_ur\000"
 570 0409 05       		.byte	0x5
ARM GAS  C:\Users\EDULU~1.DES\AppData\Local\Temp\ccd2EWzG.s 			page 11


 571 040a D0       		.byte	0xd0
 572 040b 07       		.byte	0x7
 573 040c 55000000 		.4byte	0x55
 574 0410 3C       		.byte	0x3c
 575 0411 0F       		.uleb128 0xf
 576 0412 DA000000 		.4byte	.LASF62
 577 0416 05       		.byte	0x5
 578 0417 D3       		.byte	0xd3
 579 0418 11       		.byte	0x11
 580 0419 67060000 		.4byte	0x667
 581 041d 40       		.byte	0x40
 582 041e 0F       		.uleb128 0xf
 583 041f 0A060000 		.4byte	.LASF63
 584 0423 05       		.byte	0x5
 585 0424 D4       		.byte	0xd4
 586 0425 11       		.byte	0x11
 587 0426 77060000 		.4byte	0x677
 588 042a 43       		.byte	0x43
 589 042b 12       		.uleb128 0x12
 590 042c 5F6C6200 		.ascii	"_lb\000"
 591 0430 05       		.byte	0x5
 592 0431 D7       		.byte	0xd7
 593 0432 11       		.byte	0x11
 594 0433 16030000 		.4byte	0x316
 595 0437 44       		.byte	0x44
 596 0438 0F       		.uleb128 0xf
 597 0439 A0010000 		.4byte	.LASF64
 598 043d 05       		.byte	0x5
 599 043e DA       		.byte	0xda
 600 043f 07       		.byte	0x7
 601 0440 55000000 		.4byte	0x55
 602 0444 4C       		.byte	0x4c
 603 0445 0F       		.uleb128 0xf
 604 0446 CD010000 		.4byte	.LASF65
 605 044a 05       		.byte	0x5
 606 044b DB       		.byte	0xdb
 607 044c 0A       		.byte	0xa
 608 044d CE000000 		.4byte	0xce
 609 0451 50       		.byte	0x50
 610 0452 0F       		.uleb128 0xf
 611 0453 39000000 		.4byte	.LASF66
 612 0457 05       		.byte	0x5
 613 0458 DE       		.byte	0xde
 614 0459 12       		.byte	0x12
 615 045a A5040000 		.4byte	0x4a5
 616 045e 54       		.byte	0x54
 617 045f 0F       		.uleb128 0xf
 618 0460 7E030000 		.4byte	.LASF67
 619 0464 05       		.byte	0x5
 620 0465 E2       		.byte	0xe2
 621 0466 0C       		.byte	0xc
 622 0467 55010000 		.4byte	0x155
 623 046b 58       		.byte	0x58
 624 046c 0F       		.uleb128 0xf
 625 046d 70040000 		.4byte	.LASF68
 626 0471 05       		.byte	0x5
 627 0472 E4       		.byte	0xe4
ARM GAS  C:\Users\EDULU~1.DES\AppData\Local\Temp\ccd2EWzG.s 			page 12


 628 0473 0E       		.byte	0xe
 629 0474 49010000 		.4byte	0x149
 630 0478 5C       		.byte	0x5c
 631 0479 0F       		.uleb128 0xf
 632 047a 84030000 		.4byte	.LASF69
 633 047e 05       		.byte	0x5
 634 047f E5       		.byte	0xe5
 635 0480 09       		.byte	0x9
 636 0481 55000000 		.4byte	0x55
 637 0485 64       		.byte	0x64
 638 0486 00       		.byte	0
 639 0487 15       		.uleb128 0x15
 640 0488 55000000 		.4byte	0x55
 641 048c A5040000 		.4byte	0x4a5
 642 0490 16       		.uleb128 0x16
 643 0491 A5040000 		.4byte	0x4a5
 644 0495 16       		.uleb128 0x16
 645 0496 61010000 		.4byte	0x161
 646 049a 16       		.uleb128 0x16
 647 049b 63010000 		.4byte	0x163
 648 049f 16       		.uleb128 0x16
 649 04a0 55000000 		.4byte	0x55
 650 04a4 00       		.byte	0
 651 04a5 06       		.uleb128 0x6
 652 04a6 04       		.byte	0x4
 653 04a7 B0040000 		.4byte	0x4b0
 654 04ab 05       		.uleb128 0x5
 655 04ac A5040000 		.4byte	0x4a5
 656 04b0 17       		.uleb128 0x17
 657 04b1 CE040000 		.4byte	.LASF70
 658 04b5 2804     		.2byte	0x428
 659 04b7 05       		.byte	0x5
 660 04b8 6002     		.2byte	0x260
 661 04ba 08       		.byte	0x8
 662 04bb F9050000 		.4byte	0x5f9
 663 04bf 18       		.uleb128 0x18
 664 04c0 0C050000 		.4byte	.LASF71
 665 04c4 05       		.byte	0x5
 666 04c5 6202     		.2byte	0x262
 667 04c7 07       		.byte	0x7
 668 04c8 55000000 		.4byte	0x55
 669 04cc 00       		.byte	0
 670 04cd 18       		.uleb128 0x18
 671 04ce 2B010000 		.4byte	.LASF72
 672 04d2 05       		.byte	0x5
 673 04d3 6702     		.2byte	0x267
 674 04d5 0B       		.byte	0xb
 675 04d6 D3060000 		.4byte	0x6d3
 676 04da 04       		.byte	0x4
 677 04db 18       		.uleb128 0x18
 678 04dc 57020000 		.4byte	.LASF73
 679 04e0 05       		.byte	0x5
 680 04e1 6702     		.2byte	0x267
 681 04e3 14       		.byte	0x14
 682 04e4 D3060000 		.4byte	0x6d3
 683 04e8 08       		.byte	0x8
 684 04e9 18       		.uleb128 0x18
ARM GAS  C:\Users\EDULU~1.DES\AppData\Local\Temp\ccd2EWzG.s 			page 13


 685 04ea 0F020000 		.4byte	.LASF74
 686 04ee 05       		.byte	0x5
 687 04ef 6702     		.2byte	0x267
 688 04f1 1E       		.byte	0x1e
 689 04f2 D3060000 		.4byte	0x6d3
 690 04f6 0C       		.byte	0xc
 691 04f7 18       		.uleb128 0x18
 692 04f8 91040000 		.4byte	.LASF75
 693 04fc 05       		.byte	0x5
 694 04fd 6902     		.2byte	0x269
 695 04ff 08       		.byte	0x8
 696 0500 55000000 		.4byte	0x55
 697 0504 10       		.byte	0x10
 698 0505 18       		.uleb128 0x18
 699 0506 2E000000 		.4byte	.LASF76
 700 050a 05       		.byte	0x5
 701 050b 6A02     		.2byte	0x26a
 702 050d 08       		.byte	0x8
 703 050e D3080000 		.4byte	0x8d3
 704 0512 14       		.byte	0x14
 705 0513 18       		.uleb128 0x18
 706 0514 AD040000 		.4byte	.LASF77
 707 0518 05       		.byte	0x5
 708 0519 6D02     		.2byte	0x26d
 709 051b 07       		.byte	0x7
 710 051c 55000000 		.4byte	0x55
 711 0520 30       		.byte	0x30
 712 0521 18       		.uleb128 0x18
 713 0522 9B040000 		.4byte	.LASF78
 714 0526 05       		.byte	0x5
 715 0527 6E02     		.2byte	0x26e
 716 0529 16       		.byte	0x16
 717 052a E8080000 		.4byte	0x8e8
 718 052e 34       		.byte	0x34
 719 052f 18       		.uleb128 0x18
 720 0530 E9030000 		.4byte	.LASF79
 721 0534 05       		.byte	0x5
 722 0535 7002     		.2byte	0x270
 723 0537 07       		.byte	0x7
 724 0538 55000000 		.4byte	0x55
 725 053c 38       		.byte	0x38
 726 053d 18       		.uleb128 0x18
 727 053e A3040000 		.4byte	.LASF80
 728 0542 05       		.byte	0x5
 729 0543 7202     		.2byte	0x272
 730 0545 0A       		.byte	0xa
 731 0546 F9080000 		.4byte	0x8f9
 732 054a 3C       		.byte	0x3c
 733 054b 18       		.uleb128 0x18
 734 054c BB020000 		.4byte	.LASF81
 735 0550 05       		.byte	0x5
 736 0551 7502     		.2byte	0x275
 737 0553 13       		.byte	0x13
 738 0554 CF010000 		.4byte	0x1cf
 739 0558 40       		.byte	0x40
 740 0559 18       		.uleb128 0x18
 741 055a 34020000 		.4byte	.LASF82
ARM GAS  C:\Users\EDULU~1.DES\AppData\Local\Temp\ccd2EWzG.s 			page 14


 742 055e 05       		.byte	0x5
 743 055f 7602     		.2byte	0x276
 744 0561 07       		.byte	0x7
 745 0562 55000000 		.4byte	0x55
 746 0566 44       		.byte	0x44
 747 0567 18       		.uleb128 0x18
 748 0568 57060000 		.4byte	.LASF83
 749 056c 05       		.byte	0x5
 750 056d 7702     		.2byte	0x277
 751 056f 13       		.byte	0x13
 752 0570 CF010000 		.4byte	0x1cf
 753 0574 48       		.byte	0x48
 754 0575 18       		.uleb128 0x18
 755 0576 01040000 		.4byte	.LASF84
 756 057a 05       		.byte	0x5
 757 057b 7802     		.2byte	0x278
 758 057d 14       		.byte	0x14
 759 057e FF080000 		.4byte	0x8ff
 760 0582 4C       		.byte	0x4c
 761 0583 18       		.uleb128 0x18
 762 0584 5F020000 		.4byte	.LASF85
 763 0588 05       		.byte	0x5
 764 0589 7B02     		.2byte	0x27b
 765 058b 07       		.byte	0x7
 766 058c 55000000 		.4byte	0x55
 767 0590 50       		.byte	0x50
 768 0591 18       		.uleb128 0x18
 769 0592 C5010000 		.4byte	.LASF86
 770 0596 05       		.byte	0x5
 771 0597 7C02     		.2byte	0x27c
 772 0599 09       		.byte	0x9
 773 059a 63010000 		.4byte	0x163
 774 059e 54       		.byte	0x54
 775 059f 18       		.uleb128 0x18
 776 05a0 27040000 		.4byte	.LASF87
 777 05a4 05       		.byte	0x5
 778 05a5 9F02     		.2byte	0x29f
 779 05a7 07       		.byte	0x7
 780 05a8 AE080000 		.4byte	0x8ae
 781 05ac 58       		.byte	0x58
 782 05ad 19       		.uleb128 0x19
 783 05ae E1030000 		.4byte	.LASF47
 784 05b2 05       		.byte	0x5
 785 05b3 A302     		.2byte	0x2a3
 786 05b5 13       		.byte	0x13
 787 05b6 00030000 		.4byte	0x300
 788 05ba 4801     		.2byte	0x148
 789 05bc 19       		.uleb128 0x19
 790 05bd 99020000 		.4byte	.LASF88
 791 05c1 05       		.byte	0x5
 792 05c2 A402     		.2byte	0x2a4
 793 05c4 12       		.byte	0x12
 794 05c5 BD020000 		.4byte	0x2bd
 795 05c9 4C01     		.2byte	0x14c
 796 05cb 19       		.uleb128 0x19
 797 05cc 00060000 		.4byte	.LASF89
 798 05d0 05       		.byte	0x5
ARM GAS  C:\Users\EDULU~1.DES\AppData\Local\Temp\ccd2EWzG.s 			page 15


 799 05d1 A802     		.2byte	0x2a8
 800 05d3 0C       		.byte	0xc
 801 05d4 10090000 		.4byte	0x910
 802 05d8 DC02     		.2byte	0x2dc
 803 05da 19       		.uleb128 0x19
 804 05db 0B010000 		.4byte	.LASF90
 805 05df 05       		.byte	0x5
 806 05e0 AD02     		.2byte	0x2ad
 807 05e2 10       		.byte	0x10
 808 05e3 94060000 		.4byte	0x694
 809 05e7 E002     		.2byte	0x2e0
 810 05e9 19       		.uleb128 0x19
 811 05ea F0000000 		.4byte	.LASF91
 812 05ee 05       		.byte	0x5
 813 05ef AF02     		.2byte	0x2af
 814 05f1 0A       		.byte	0xa
 815 05f2 1C090000 		.4byte	0x91c
 816 05f6 EC02     		.2byte	0x2ec
 817 05f8 00       		.byte	0
 818 05f9 06       		.uleb128 0x6
 819 05fa 04       		.byte	0x4
 820 05fb 87040000 		.4byte	0x487
 821 05ff 15       		.uleb128 0x15
 822 0600 55000000 		.4byte	0x55
 823 0604 1D060000 		.4byte	0x61d
 824 0608 16       		.uleb128 0x16
 825 0609 A5040000 		.4byte	0x4a5
 826 060d 16       		.uleb128 0x16
 827 060e 61010000 		.4byte	0x161
 828 0612 16       		.uleb128 0x16
 829 0613 1D060000 		.4byte	0x61d
 830 0617 16       		.uleb128 0x16
 831 0618 55000000 		.4byte	0x55
 832 061c 00       		.byte	0
 833 061d 06       		.uleb128 0x6
 834 061e 04       		.byte	0x4
 835 061f 97000000 		.4byte	0x97
 836 0623 06       		.uleb128 0x6
 837 0624 04       		.byte	0x4
 838 0625 FF050000 		.4byte	0x5ff
 839 0629 15       		.uleb128 0x15
 840 062a DA000000 		.4byte	0xda
 841 062e 47060000 		.4byte	0x647
 842 0632 16       		.uleb128 0x16
 843 0633 A5040000 		.4byte	0x4a5
 844 0637 16       		.uleb128 0x16
 845 0638 61010000 		.4byte	0x161
 846 063c 16       		.uleb128 0x16
 847 063d DA000000 		.4byte	0xda
 848 0641 16       		.uleb128 0x16
 849 0642 55000000 		.4byte	0x55
 850 0646 00       		.byte	0
 851 0647 06       		.uleb128 0x6
 852 0648 04       		.byte	0x4
 853 0649 29060000 		.4byte	0x629
 854 064d 15       		.uleb128 0x15
 855 064e 55000000 		.4byte	0x55
ARM GAS  C:\Users\EDULU~1.DES\AppData\Local\Temp\ccd2EWzG.s 			page 16


 856 0652 61060000 		.4byte	0x661
 857 0656 16       		.uleb128 0x16
 858 0657 A5040000 		.4byte	0x4a5
 859 065b 16       		.uleb128 0x16
 860 065c 61010000 		.4byte	0x161
 861 0660 00       		.byte	0
 862 0661 06       		.uleb128 0x6
 863 0662 04       		.byte	0x4
 864 0663 4D060000 		.4byte	0x64d
 865 0667 0C       		.uleb128 0xc
 866 0668 24000000 		.4byte	0x24
 867 066c 77060000 		.4byte	0x677
 868 0670 0D       		.uleb128 0xd
 869 0671 5C000000 		.4byte	0x5c
 870 0675 02       		.byte	0x2
 871 0676 00       		.byte	0
 872 0677 0C       		.uleb128 0xc
 873 0678 24000000 		.4byte	0x24
 874 067c 87060000 		.4byte	0x687
 875 0680 0D       		.uleb128 0xd
 876 0681 5C000000 		.4byte	0x5c
 877 0685 00       		.byte	0
 878 0686 00       		.byte	0
 879 0687 04       		.uleb128 0x4
 880 0688 56040000 		.4byte	.LASF92
 881 068c 05       		.byte	0x5
 882 068d 1F01     		.2byte	0x11f
 883 068f 1A       		.byte	0x1a
 884 0690 44030000 		.4byte	0x344
 885 0694 1A       		.uleb128 0x1a
 886 0695 CE050000 		.4byte	.LASF93
 887 0699 0C       		.byte	0xc
 888 069a 05       		.byte	0x5
 889 069b 2301     		.2byte	0x123
 890 069d 08       		.byte	0x8
 891 069e CD060000 		.4byte	0x6cd
 892 06a2 18       		.uleb128 0x18
 893 06a3 48050000 		.4byte	.LASF27
 894 06a7 05       		.byte	0x5
 895 06a8 2501     		.2byte	0x125
 896 06aa 11       		.byte	0x11
 897 06ab CD060000 		.4byte	0x6cd
 898 06af 00       		.byte	0
 899 06b0 18       		.uleb128 0x18
 900 06b1 7F020000 		.4byte	.LASF94
 901 06b5 05       		.byte	0x5
 902 06b6 2601     		.2byte	0x126
 903 06b8 07       		.byte	0x7
 904 06b9 55000000 		.4byte	0x55
 905 06bd 04       		.byte	0x4
 906 06be 18       		.uleb128 0x18
 907 06bf 50040000 		.4byte	.LASF95
 908 06c3 05       		.byte	0x5
 909 06c4 2701     		.2byte	0x127
 910 06c6 0B       		.byte	0xb
 911 06c7 D3060000 		.4byte	0x6d3
 912 06cb 08       		.byte	0x8
ARM GAS  C:\Users\EDULU~1.DES\AppData\Local\Temp\ccd2EWzG.s 			page 17


 913 06cc 00       		.byte	0
 914 06cd 06       		.uleb128 0x6
 915 06ce 04       		.byte	0x4
 916 06cf 94060000 		.4byte	0x694
 917 06d3 06       		.uleb128 0x6
 918 06d4 04       		.byte	0x4
 919 06d5 87060000 		.4byte	0x687
 920 06d9 1A       		.uleb128 0x1a
 921 06da 26000000 		.4byte	.LASF96
 922 06de 0E       		.byte	0xe
 923 06df 05       		.byte	0x5
 924 06e0 3F01     		.2byte	0x13f
 925 06e2 08       		.byte	0x8
 926 06e3 12070000 		.4byte	0x712
 927 06e7 18       		.uleb128 0x18
 928 06e8 D5040000 		.4byte	.LASF97
 929 06ec 05       		.byte	0x5
 930 06ed 4001     		.2byte	0x140
 931 06ef 12       		.byte	0x12
 932 06f0 12070000 		.4byte	0x712
 933 06f4 00       		.byte	0
 934 06f5 18       		.uleb128 0x18
 935 06f6 42050000 		.4byte	.LASF98
 936 06fa 05       		.byte	0x5
 937 06fb 4101     		.2byte	0x141
 938 06fd 12       		.byte	0x12
 939 06fe 12070000 		.4byte	0x712
 940 0702 06       		.byte	0x6
 941 0703 18       		.uleb128 0x18
 942 0704 76050000 		.4byte	.LASF99
 943 0708 05       		.byte	0x5
 944 0709 4201     		.2byte	0x142
 945 070b 12       		.byte	0x12
 946 070c 32000000 		.4byte	0x32
 947 0710 0C       		.byte	0xc
 948 0711 00       		.byte	0
 949 0712 0C       		.uleb128 0xc
 950 0713 32000000 		.4byte	0x32
 951 0717 22070000 		.4byte	0x722
 952 071b 0D       		.uleb128 0xd
 953 071c 5C000000 		.4byte	0x5c
 954 0720 02       		.byte	0x2
 955 0721 00       		.byte	0
 956 0722 1B       		.uleb128 0x1b
 957 0723 D0       		.byte	0xd0
 958 0724 05       		.byte	0x5
 959 0725 8002     		.2byte	0x280
 960 0727 07       		.byte	0x7
 961 0728 37080000 		.4byte	0x837
 962 072c 18       		.uleb128 0x18
 963 072d B2050000 		.4byte	.LASF100
 964 0731 05       		.byte	0x5
 965 0732 8202     		.2byte	0x282
 966 0734 18       		.byte	0x18
 967 0735 5C000000 		.4byte	0x5c
 968 0739 00       		.byte	0
 969 073a 18       		.uleb128 0x18
ARM GAS  C:\Users\EDULU~1.DES\AppData\Local\Temp\ccd2EWzG.s 			page 18


 970 073b 4E050000 		.4byte	.LASF101
 971 073f 05       		.byte	0x5
 972 0740 8302     		.2byte	0x283
 973 0742 12       		.byte	0x12
 974 0743 63010000 		.4byte	0x163
 975 0747 04       		.byte	0x4
 976 0748 18       		.uleb128 0x18
 977 0749 AE020000 		.4byte	.LASF102
 978 074d 05       		.byte	0x5
 979 074e 8402     		.2byte	0x284
 980 0750 10       		.byte	0x10
 981 0751 37080000 		.4byte	0x837
 982 0755 08       		.byte	0x8
 983 0756 18       		.uleb128 0x18
 984 0757 2E060000 		.4byte	.LASF103
 985 075b 05       		.byte	0x5
 986 075c 8502     		.2byte	0x285
 987 075e 17       		.byte	0x17
 988 075f E5010000 		.4byte	0x1e5
 989 0763 24       		.byte	0x24
 990 0764 18       		.uleb128 0x18
 991 0765 1F020000 		.4byte	.LASF104
 992 0769 05       		.byte	0x5
 993 076a 8602     		.2byte	0x286
 994 076c 0F       		.byte	0xf
 995 076d 55000000 		.4byte	0x55
 996 0771 48       		.byte	0x48
 997 0772 18       		.uleb128 0x18
 998 0773 79040000 		.4byte	.LASF105
 999 0777 05       		.byte	0x5
 1000 0778 8702     		.2byte	0x287
 1001 077a 2C       		.byte	0x2c
 1002 077b 4E000000 		.4byte	0x4e
 1003 077f 50       		.byte	0x50
 1004 0780 18       		.uleb128 0x18
 1005 0781 44060000 		.4byte	.LASF106
 1006 0785 05       		.byte	0x5
 1007 0786 8802     		.2byte	0x288
 1008 0788 1A       		.byte	0x1a
 1009 0789 D9060000 		.4byte	0x6d9
 1010 078d 58       		.byte	0x58
 1011 078e 18       		.uleb128 0x18
 1012 078f 84040000 		.4byte	.LASF107
 1013 0793 05       		.byte	0x5
 1014 0794 8902     		.2byte	0x289
 1015 0796 16       		.byte	0x16
 1016 0797 49010000 		.4byte	0x149
 1017 079b 68       		.byte	0x68
 1018 079c 18       		.uleb128 0x18
 1019 079d 49060000 		.4byte	.LASF108
 1020 07a1 05       		.byte	0x5
 1021 07a2 8A02     		.2byte	0x28a
 1022 07a4 16       		.byte	0x16
 1023 07a5 49010000 		.4byte	0x149
 1024 07a9 70       		.byte	0x70
 1025 07aa 18       		.uleb128 0x18
 1026 07ab 0B040000 		.4byte	.LASF109
ARM GAS  C:\Users\EDULU~1.DES\AppData\Local\Temp\ccd2EWzG.s 			page 19


 1027 07af 05       		.byte	0x5
 1028 07b0 8B02     		.2byte	0x28b
 1029 07b2 16       		.byte	0x16
 1030 07b3 49010000 		.4byte	0x149
 1031 07b7 78       		.byte	0x78
 1032 07b8 18       		.uleb128 0x18
 1033 07b9 F6050000 		.4byte	.LASF110
 1034 07bd 05       		.byte	0x5
 1035 07be 8C02     		.2byte	0x28c
 1036 07c0 10       		.byte	0x10
 1037 07c1 47080000 		.4byte	0x847
 1038 07c5 80       		.byte	0x80
 1039 07c6 18       		.uleb128 0x18
 1040 07c7 A2020000 		.4byte	.LASF111
 1041 07cb 05       		.byte	0x5
 1042 07cc 8D02     		.2byte	0x28d
 1043 07ce 10       		.byte	0x10
 1044 07cf 57080000 		.4byte	0x857
 1045 07d3 88       		.byte	0x88
 1046 07d4 18       		.uleb128 0x18
 1047 07d5 83050000 		.4byte	.LASF112
 1048 07d9 05       		.byte	0x5
 1049 07da 8E02     		.2byte	0x28e
 1050 07dc 0F       		.byte	0xf
 1051 07dd 55000000 		.4byte	0x55
 1052 07e1 A0       		.byte	0xa0
 1053 07e2 18       		.uleb128 0x18
 1054 07e3 E6010000 		.4byte	.LASF113
 1055 07e7 05       		.byte	0x5
 1056 07e8 8F02     		.2byte	0x28f
 1057 07ea 16       		.byte	0x16
 1058 07eb 49010000 		.4byte	0x149
 1059 07ef A4       		.byte	0xa4
 1060 07f0 18       		.uleb128 0x18
 1061 07f1 A8000000 		.4byte	.LASF114
 1062 07f5 05       		.byte	0x5
 1063 07f6 9002     		.2byte	0x290
 1064 07f8 16       		.byte	0x16
 1065 07f9 49010000 		.4byte	0x149
 1066 07fd AC       		.byte	0xac
 1067 07fe 18       		.uleb128 0x18
 1068 07ff D5010000 		.4byte	.LASF115
 1069 0803 05       		.byte	0x5
 1070 0804 9102     		.2byte	0x291
 1071 0806 16       		.byte	0x16
 1072 0807 49010000 		.4byte	0x149
 1073 080b B4       		.byte	0xb4
 1074 080c 18       		.uleb128 0x18
 1075 080d 4C000000 		.4byte	.LASF116
 1076 0811 05       		.byte	0x5
 1077 0812 9202     		.2byte	0x292
 1078 0814 16       		.byte	0x16
 1079 0815 49010000 		.4byte	0x149
 1080 0819 BC       		.byte	0xbc
 1081 081a 18       		.uleb128 0x18
 1082 081b 5B000000 		.4byte	.LASF117
 1083 081f 05       		.byte	0x5
ARM GAS  C:\Users\EDULU~1.DES\AppData\Local\Temp\ccd2EWzG.s 			page 20


 1084 0820 9302     		.2byte	0x293
 1085 0822 16       		.byte	0x16
 1086 0823 49010000 		.4byte	0x149
 1087 0827 C4       		.byte	0xc4
 1088 0828 18       		.uleb128 0x18
 1089 0829 2C040000 		.4byte	.LASF118
 1090 082d 05       		.byte	0x5
 1091 082e 9402     		.2byte	0x294
 1092 0830 08       		.byte	0x8
 1093 0831 55000000 		.4byte	0x55
 1094 0835 CC       		.byte	0xcc
 1095 0836 00       		.byte	0
 1096 0837 0C       		.uleb128 0xc
 1097 0838 90000000 		.4byte	0x90
 1098 083c 47080000 		.4byte	0x847
 1099 0840 0D       		.uleb128 0xd
 1100 0841 5C000000 		.4byte	0x5c
 1101 0845 19       		.byte	0x19
 1102 0846 00       		.byte	0
 1103 0847 0C       		.uleb128 0xc
 1104 0848 90000000 		.4byte	0x90
 1105 084c 57080000 		.4byte	0x857
 1106 0850 0D       		.uleb128 0xd
 1107 0851 5C000000 		.4byte	0x5c
 1108 0855 07       		.byte	0x7
 1109 0856 00       		.byte	0
 1110 0857 0C       		.uleb128 0xc
 1111 0858 90000000 		.4byte	0x90
 1112 085c 67080000 		.4byte	0x867
 1113 0860 0D       		.uleb128 0xd
 1114 0861 5C000000 		.4byte	0x5c
 1115 0865 17       		.byte	0x17
 1116 0866 00       		.byte	0
 1117 0867 1B       		.uleb128 0x1b
 1118 0868 F0       		.byte	0xf0
 1119 0869 05       		.byte	0x5
 1120 086a 9902     		.2byte	0x299
 1121 086c 07       		.byte	0x7
 1122 086d 8E080000 		.4byte	0x88e
 1123 0871 18       		.uleb128 0x18
 1124 0872 C0030000 		.4byte	.LASF119
 1125 0876 05       		.byte	0x5
 1126 0877 9C02     		.2byte	0x29c
 1127 0879 1B       		.byte	0x1b
 1128 087a 8E080000 		.4byte	0x88e
 1129 087e 00       		.byte	0
 1130 087f 18       		.uleb128 0x18
 1131 0880 9D030000 		.4byte	.LASF120
 1132 0884 05       		.byte	0x5
 1133 0885 9D02     		.2byte	0x29d
 1134 0887 18       		.byte	0x18
 1135 0888 9E080000 		.4byte	0x89e
 1136 088c 78       		.byte	0x78
 1137 088d 00       		.byte	0
 1138 088e 0C       		.uleb128 0xc
 1139 088f 3E030000 		.4byte	0x33e
 1140 0893 9E080000 		.4byte	0x89e
ARM GAS  C:\Users\EDULU~1.DES\AppData\Local\Temp\ccd2EWzG.s 			page 21


 1141 0897 0D       		.uleb128 0xd
 1142 0898 5C000000 		.4byte	0x5c
 1143 089c 1D       		.byte	0x1d
 1144 089d 00       		.byte	0
 1145 089e 0C       		.uleb128 0xc
 1146 089f 5C000000 		.4byte	0x5c
 1147 08a3 AE080000 		.4byte	0x8ae
 1148 08a7 0D       		.uleb128 0xd
 1149 08a8 5C000000 		.4byte	0x5c
 1150 08ac 1D       		.byte	0x1d
 1151 08ad 00       		.byte	0
 1152 08ae 1C       		.uleb128 0x1c
 1153 08af F0       		.byte	0xf0
 1154 08b0 05       		.byte	0x5
 1155 08b1 7E02     		.2byte	0x27e
 1156 08b3 03       		.byte	0x3
 1157 08b4 D3080000 		.4byte	0x8d3
 1158 08b8 1D       		.uleb128 0x1d
 1159 08b9 CE040000 		.4byte	.LASF70
 1160 08bd 05       		.byte	0x5
 1161 08be 9502     		.2byte	0x295
 1162 08c0 0B       		.byte	0xb
 1163 08c1 22070000 		.4byte	0x722
 1164 08c5 1D       		.uleb128 0x1d
 1165 08c6 10060000 		.4byte	.LASF121
 1166 08ca 05       		.byte	0x5
 1167 08cb 9E02     		.2byte	0x29e
 1168 08cd 0B       		.byte	0xb
 1169 08ce 67080000 		.4byte	0x867
 1170 08d2 00       		.byte	0
 1171 08d3 0C       		.uleb128 0xc
 1172 08d4 90000000 		.4byte	0x90
 1173 08d8 E3080000 		.4byte	0x8e3
 1174 08dc 0D       		.uleb128 0xd
 1175 08dd 5C000000 		.4byte	0x5c
 1176 08e1 18       		.byte	0x18
 1177 08e2 00       		.byte	0
 1178 08e3 09       		.uleb128 0x9
 1179 08e4 9D000000 		.4byte	.LASF123
 1180 08e8 06       		.uleb128 0x6
 1181 08e9 04       		.byte	0x4
 1182 08ea E3080000 		.4byte	0x8e3
 1183 08ee 1E       		.uleb128 0x1e
 1184 08ef F9080000 		.4byte	0x8f9
 1185 08f3 16       		.uleb128 0x16
 1186 08f4 A5040000 		.4byte	0x4a5
 1187 08f8 00       		.byte	0
 1188 08f9 06       		.uleb128 0x6
 1189 08fa 04       		.byte	0x4
 1190 08fb EE080000 		.4byte	0x8ee
 1191 08ff 06       		.uleb128 0x6
 1192 0900 04       		.byte	0x4
 1193 0901 CF010000 		.4byte	0x1cf
 1194 0905 1E       		.uleb128 0x1e
 1195 0906 10090000 		.4byte	0x910
 1196 090a 16       		.uleb128 0x16
 1197 090b 55000000 		.4byte	0x55
ARM GAS  C:\Users\EDULU~1.DES\AppData\Local\Temp\ccd2EWzG.s 			page 22


 1198 090f 00       		.byte	0
 1199 0910 06       		.uleb128 0x6
 1200 0911 04       		.byte	0x4
 1201 0912 16090000 		.4byte	0x916
 1202 0916 06       		.uleb128 0x6
 1203 0917 04       		.byte	0x4
 1204 0918 05090000 		.4byte	0x905
 1205 091c 0C       		.uleb128 0xc
 1206 091d 87060000 		.4byte	0x687
 1207 0921 2C090000 		.4byte	0x92c
 1208 0925 0D       		.uleb128 0xd
 1209 0926 5C000000 		.4byte	0x5c
 1210 092a 02       		.byte	0x2
 1211 092b 00       		.byte	0
 1212 092c 1F       		.uleb128 0x1f
 1213 092d F8040000 		.4byte	.LASF124
 1214 0931 05       		.byte	0x5
 1215 0932 2E03     		.2byte	0x32e
 1216 0934 17       		.byte	0x17
 1217 0935 A5040000 		.4byte	0x4a5
 1218 0939 1F       		.uleb128 0x1f
 1219 093a 90050000 		.4byte	.LASF125
 1220 093e 05       		.byte	0x5
 1221 093f 2F03     		.2byte	0x32f
 1222 0941 1D       		.byte	0x1d
 1223 0942 AB040000 		.4byte	0x4ab
 1224 0946 0C       		.uleb128 0xc
 1225 0947 97000000 		.4byte	0x97
 1226 094b 51090000 		.4byte	0x951
 1227 094f 20       		.uleb128 0x20
 1228 0950 00       		.byte	0
 1229 0951 05       		.uleb128 0x5
 1230 0952 46090000 		.4byte	0x946
 1231 0956 21       		.uleb128 0x21
 1232 0957 3A050000 		.4byte	.LASF126
 1233 095b 06       		.byte	0x6
 1234 095c AE       		.byte	0xae
 1235 095d 1C       		.byte	0x1c
 1236 095e 51090000 		.4byte	0x951
 1237 0962 21       		.uleb128 0x21
 1238 0963 A6030000 		.4byte	.LASF127
 1239 0967 07       		.byte	0x7
 1240 0968 D4       		.byte	0xd4
 1241 0969 0F       		.byte	0xf
 1242 096a 75000000 		.4byte	0x75
 1243 096e 21       		.uleb128 0x21
 1244 096f AF010000 		.4byte	.LASF128
 1245 0973 07       		.byte	0x7
 1246 0974 D5       		.byte	0xd5
 1247 0975 0F       		.byte	0xf
 1248 0976 75000000 		.4byte	0x75
 1249 097a 21       		.uleb128 0x21
 1250 097b A3050000 		.4byte	.LASF129
 1251 097f 07       		.byte	0x7
 1252 0980 D6       		.byte	0xd6
 1253 0981 0F       		.byte	0xf
 1254 0982 63000000 		.4byte	0x63
ARM GAS  C:\Users\EDULU~1.DES\AppData\Local\Temp\ccd2EWzG.s 			page 23


 1255 0986 21       		.uleb128 0x21
 1256 0987 3F000000 		.4byte	.LASF130
 1257 098b 07       		.byte	0x7
 1258 098c D7       		.byte	0xd7
 1259 098d 0F       		.byte	0xf
 1260 098e 75000000 		.4byte	0x75
 1261 0992 1F       		.uleb128 0x1f
 1262 0993 8C000000 		.4byte	.LASF131
 1263 0997 07       		.byte	0x7
 1264 0998 0A01     		.2byte	0x10a
 1265 099a 0F       		.byte	0xf
 1266 099b 75000000 		.4byte	0x75
 1267 099f 0C       		.uleb128 0xc
 1268 09a0 70000000 		.4byte	0x70
 1269 09a4 AF090000 		.4byte	0x9af
 1270 09a8 0D       		.uleb128 0xd
 1271 09a9 5C000000 		.4byte	0x5c
 1272 09ad 2D       		.byte	0x2d
 1273 09ae 00       		.byte	0
 1274 09af 05       		.uleb128 0x5
 1275 09b0 9F090000 		.4byte	0x99f
 1276 09b4 1F       		.uleb128 0x1f
 1277 09b5 C7030000 		.4byte	.LASF132
 1278 09b9 07       		.byte	0x7
 1279 09ba 2402     		.2byte	0x224
 1280 09bc 1C       		.byte	0x1c
 1281 09bd AF090000 		.4byte	0x9af
 1282 09c1 0E       		.uleb128 0xe
 1283 09c2 01       		.byte	0x1
 1284 09c3 08       		.byte	0x8
 1285 09c4 60       		.byte	0x60
 1286 09c5 09       		.byte	0x9
 1287 09c6 D8090000 		.4byte	0x9d8
 1288 09ca 0F       		.uleb128 0xf
 1289 09cb 2E050000 		.4byte	.LASF133
 1290 09cf 08       		.byte	0x8
 1291 09d0 62       		.byte	0x62
 1292 09d1 0B       		.byte	0xb
 1293 09d2 63000000 		.4byte	0x63
 1294 09d6 00       		.byte	0
 1295 09d7 00       		.byte	0
 1296 09d8 08       		.uleb128 0x8
 1297 09d9 64050000 		.4byte	.LASF134
 1298 09dd 08       		.byte	0x8
 1299 09de 63       		.byte	0x63
 1300 09df 03       		.byte	0x3
 1301 09e0 C1090000 		.4byte	0x9c1
 1302 09e4 1F       		.uleb128 0x1f
 1303 09e5 0C000000 		.4byte	.LASF135
 1304 09e9 08       		.byte	0x8
 1305 09ea B502     		.2byte	0x2b5
 1306 09ec 0E       		.byte	0xe
 1307 09ed 63000000 		.4byte	0x63
 1308 09f1 21       		.uleb128 0x21
 1309 09f2 5C060000 		.4byte	.LASF136
 1310 09f6 09       		.byte	0x9
 1311 09f7 3B       		.byte	0x3b
ARM GAS  C:\Users\EDULU~1.DES\AppData\Local\Temp\ccd2EWzG.s 			page 24


 1312 09f8 19       		.byte	0x19
 1313 09f9 9C000000 		.4byte	0x9c
 1314 09fd 21       		.uleb128 0x21
 1315 09fe 18060000 		.4byte	.LASF137
 1316 0a02 09       		.byte	0x9
 1317 0a03 3F       		.byte	0x3f
 1318 0a04 1A       		.byte	0x1a
 1319 0a05 D8090000 		.4byte	0x9d8
 1320 0a09 00       		.byte	0
 1321              		.section	.debug_abbrev,"",%progbits
 1322              	.Ldebug_abbrev0:
 1323 0000 01       		.uleb128 0x1
 1324 0001 11       		.uleb128 0x11
 1325 0002 01       		.byte	0x1
 1326 0003 25       		.uleb128 0x25
 1327 0004 0E       		.uleb128 0xe
 1328 0005 13       		.uleb128 0x13
 1329 0006 0B       		.uleb128 0xb
 1330 0007 03       		.uleb128 0x3
 1331 0008 0E       		.uleb128 0xe
 1332 0009 1B       		.uleb128 0x1b
 1333 000a 0E       		.uleb128 0xe
 1334 000b 10       		.uleb128 0x10
 1335 000c 17       		.uleb128 0x17
 1336 000d 00       		.byte	0
 1337 000e 00       		.byte	0
 1338 000f 02       		.uleb128 0x2
 1339 0010 24       		.uleb128 0x24
 1340 0011 00       		.byte	0
 1341 0012 0B       		.uleb128 0xb
 1342 0013 0B       		.uleb128 0xb
 1343 0014 3E       		.uleb128 0x3e
 1344 0015 0B       		.uleb128 0xb
 1345 0016 03       		.uleb128 0x3
 1346 0017 0E       		.uleb128 0xe
 1347 0018 00       		.byte	0
 1348 0019 00       		.byte	0
 1349 001a 03       		.uleb128 0x3
 1350 001b 24       		.uleb128 0x24
 1351 001c 00       		.byte	0
 1352 001d 0B       		.uleb128 0xb
 1353 001e 0B       		.uleb128 0xb
 1354 001f 3E       		.uleb128 0x3e
 1355 0020 0B       		.uleb128 0xb
 1356 0021 03       		.uleb128 0x3
 1357 0022 08       		.uleb128 0x8
 1358 0023 00       		.byte	0
 1359 0024 00       		.byte	0
 1360 0025 04       		.uleb128 0x4
 1361 0026 16       		.uleb128 0x16
 1362 0027 00       		.byte	0
 1363 0028 03       		.uleb128 0x3
 1364 0029 0E       		.uleb128 0xe
 1365 002a 3A       		.uleb128 0x3a
 1366 002b 0B       		.uleb128 0xb
 1367 002c 3B       		.uleb128 0x3b
 1368 002d 05       		.uleb128 0x5
ARM GAS  C:\Users\EDULU~1.DES\AppData\Local\Temp\ccd2EWzG.s 			page 25


 1369 002e 39       		.uleb128 0x39
 1370 002f 0B       		.uleb128 0xb
 1371 0030 49       		.uleb128 0x49
 1372 0031 13       		.uleb128 0x13
 1373 0032 00       		.byte	0
 1374 0033 00       		.byte	0
 1375 0034 05       		.uleb128 0x5
 1376 0035 26       		.uleb128 0x26
 1377 0036 00       		.byte	0
 1378 0037 49       		.uleb128 0x49
 1379 0038 13       		.uleb128 0x13
 1380 0039 00       		.byte	0
 1381 003a 00       		.byte	0
 1382 003b 06       		.uleb128 0x6
 1383 003c 0F       		.uleb128 0xf
 1384 003d 00       		.byte	0
 1385 003e 0B       		.uleb128 0xb
 1386 003f 0B       		.uleb128 0xb
 1387 0040 49       		.uleb128 0x49
 1388 0041 13       		.uleb128 0x13
 1389 0042 00       		.byte	0
 1390 0043 00       		.byte	0
 1391 0044 07       		.uleb128 0x7
 1392 0045 15       		.uleb128 0x15
 1393 0046 00       		.byte	0
 1394 0047 27       		.uleb128 0x27
 1395 0048 19       		.uleb128 0x19
 1396 0049 00       		.byte	0
 1397 004a 00       		.byte	0
 1398 004b 08       		.uleb128 0x8
 1399 004c 16       		.uleb128 0x16
 1400 004d 00       		.byte	0
 1401 004e 03       		.uleb128 0x3
 1402 004f 0E       		.uleb128 0xe
 1403 0050 3A       		.uleb128 0x3a
 1404 0051 0B       		.uleb128 0xb
 1405 0052 3B       		.uleb128 0x3b
 1406 0053 0B       		.uleb128 0xb
 1407 0054 39       		.uleb128 0x39
 1408 0055 0B       		.uleb128 0xb
 1409 0056 49       		.uleb128 0x49
 1410 0057 13       		.uleb128 0x13
 1411 0058 00       		.byte	0
 1412 0059 00       		.byte	0
 1413 005a 09       		.uleb128 0x9
 1414 005b 13       		.uleb128 0x13
 1415 005c 00       		.byte	0
 1416 005d 03       		.uleb128 0x3
 1417 005e 0E       		.uleb128 0xe
 1418 005f 3C       		.uleb128 0x3c
 1419 0060 19       		.uleb128 0x19
 1420 0061 00       		.byte	0
 1421 0062 00       		.byte	0
 1422 0063 0A       		.uleb128 0xa
 1423 0064 17       		.uleb128 0x17
 1424 0065 01       		.byte	0x1
 1425 0066 0B       		.uleb128 0xb
ARM GAS  C:\Users\EDULU~1.DES\AppData\Local\Temp\ccd2EWzG.s 			page 26


 1426 0067 0B       		.uleb128 0xb
 1427 0068 3A       		.uleb128 0x3a
 1428 0069 0B       		.uleb128 0xb
 1429 006a 3B       		.uleb128 0x3b
 1430 006b 0B       		.uleb128 0xb
 1431 006c 39       		.uleb128 0x39
 1432 006d 0B       		.uleb128 0xb
 1433 006e 01       		.uleb128 0x1
 1434 006f 13       		.uleb128 0x13
 1435 0070 00       		.byte	0
 1436 0071 00       		.byte	0
 1437 0072 0B       		.uleb128 0xb
 1438 0073 0D       		.uleb128 0xd
 1439 0074 00       		.byte	0
 1440 0075 03       		.uleb128 0x3
 1441 0076 0E       		.uleb128 0xe
 1442 0077 3A       		.uleb128 0x3a
 1443 0078 0B       		.uleb128 0xb
 1444 0079 3B       		.uleb128 0x3b
 1445 007a 0B       		.uleb128 0xb
 1446 007b 39       		.uleb128 0x39
 1447 007c 0B       		.uleb128 0xb
 1448 007d 49       		.uleb128 0x49
 1449 007e 13       		.uleb128 0x13
 1450 007f 00       		.byte	0
 1451 0080 00       		.byte	0
 1452 0081 0C       		.uleb128 0xc
 1453 0082 01       		.uleb128 0x1
 1454 0083 01       		.byte	0x1
 1455 0084 49       		.uleb128 0x49
 1456 0085 13       		.uleb128 0x13
 1457 0086 01       		.uleb128 0x1
 1458 0087 13       		.uleb128 0x13
 1459 0088 00       		.byte	0
 1460 0089 00       		.byte	0
 1461 008a 0D       		.uleb128 0xd
 1462 008b 21       		.uleb128 0x21
 1463 008c 00       		.byte	0
 1464 008d 49       		.uleb128 0x49
 1465 008e 13       		.uleb128 0x13
 1466 008f 2F       		.uleb128 0x2f
 1467 0090 0B       		.uleb128 0xb
 1468 0091 00       		.byte	0
 1469 0092 00       		.byte	0
 1470 0093 0E       		.uleb128 0xe
 1471 0094 13       		.uleb128 0x13
 1472 0095 01       		.byte	0x1
 1473 0096 0B       		.uleb128 0xb
 1474 0097 0B       		.uleb128 0xb
 1475 0098 3A       		.uleb128 0x3a
 1476 0099 0B       		.uleb128 0xb
 1477 009a 3B       		.uleb128 0x3b
 1478 009b 0B       		.uleb128 0xb
 1479 009c 39       		.uleb128 0x39
 1480 009d 0B       		.uleb128 0xb
 1481 009e 01       		.uleb128 0x1
 1482 009f 13       		.uleb128 0x13
ARM GAS  C:\Users\EDULU~1.DES\AppData\Local\Temp\ccd2EWzG.s 			page 27


 1483 00a0 00       		.byte	0
 1484 00a1 00       		.byte	0
 1485 00a2 0F       		.uleb128 0xf
 1486 00a3 0D       		.uleb128 0xd
 1487 00a4 00       		.byte	0
 1488 00a5 03       		.uleb128 0x3
 1489 00a6 0E       		.uleb128 0xe
 1490 00a7 3A       		.uleb128 0x3a
 1491 00a8 0B       		.uleb128 0xb
 1492 00a9 3B       		.uleb128 0x3b
 1493 00aa 0B       		.uleb128 0xb
 1494 00ab 39       		.uleb128 0x39
 1495 00ac 0B       		.uleb128 0xb
 1496 00ad 49       		.uleb128 0x49
 1497 00ae 13       		.uleb128 0x13
 1498 00af 38       		.uleb128 0x38
 1499 00b0 0B       		.uleb128 0xb
 1500 00b1 00       		.byte	0
 1501 00b2 00       		.byte	0
 1502 00b3 10       		.uleb128 0x10
 1503 00b4 0F       		.uleb128 0xf
 1504 00b5 00       		.byte	0
 1505 00b6 0B       		.uleb128 0xb
 1506 00b7 0B       		.uleb128 0xb
 1507 00b8 00       		.byte	0
 1508 00b9 00       		.byte	0
 1509 00ba 11       		.uleb128 0x11
 1510 00bb 13       		.uleb128 0x13
 1511 00bc 01       		.byte	0x1
 1512 00bd 03       		.uleb128 0x3
 1513 00be 0E       		.uleb128 0xe
 1514 00bf 0B       		.uleb128 0xb
 1515 00c0 0B       		.uleb128 0xb
 1516 00c1 3A       		.uleb128 0x3a
 1517 00c2 0B       		.uleb128 0xb
 1518 00c3 3B       		.uleb128 0x3b
 1519 00c4 0B       		.uleb128 0xb
 1520 00c5 39       		.uleb128 0x39
 1521 00c6 0B       		.uleb128 0xb
 1522 00c7 01       		.uleb128 0x1
 1523 00c8 13       		.uleb128 0x13
 1524 00c9 00       		.byte	0
 1525 00ca 00       		.byte	0
 1526 00cb 12       		.uleb128 0x12
 1527 00cc 0D       		.uleb128 0xd
 1528 00cd 00       		.byte	0
 1529 00ce 03       		.uleb128 0x3
 1530 00cf 08       		.uleb128 0x8
 1531 00d0 3A       		.uleb128 0x3a
 1532 00d1 0B       		.uleb128 0xb
 1533 00d2 3B       		.uleb128 0x3b
 1534 00d3 0B       		.uleb128 0xb
 1535 00d4 39       		.uleb128 0x39
 1536 00d5 0B       		.uleb128 0xb
 1537 00d6 49       		.uleb128 0x49
 1538 00d7 13       		.uleb128 0x13
 1539 00d8 38       		.uleb128 0x38
ARM GAS  C:\Users\EDULU~1.DES\AppData\Local\Temp\ccd2EWzG.s 			page 28


 1540 00d9 0B       		.uleb128 0xb
 1541 00da 00       		.byte	0
 1542 00db 00       		.byte	0
 1543 00dc 13       		.uleb128 0x13
 1544 00dd 13       		.uleb128 0x13
 1545 00de 01       		.byte	0x1
 1546 00df 03       		.uleb128 0x3
 1547 00e0 0E       		.uleb128 0xe
 1548 00e1 0B       		.uleb128 0xb
 1549 00e2 05       		.uleb128 0x5
 1550 00e3 3A       		.uleb128 0x3a
 1551 00e4 0B       		.uleb128 0xb
 1552 00e5 3B       		.uleb128 0x3b
 1553 00e6 0B       		.uleb128 0xb
 1554 00e7 39       		.uleb128 0x39
 1555 00e8 0B       		.uleb128 0xb
 1556 00e9 01       		.uleb128 0x1
 1557 00ea 13       		.uleb128 0x13
 1558 00eb 00       		.byte	0
 1559 00ec 00       		.byte	0
 1560 00ed 14       		.uleb128 0x14
 1561 00ee 0D       		.uleb128 0xd
 1562 00ef 00       		.byte	0
 1563 00f0 03       		.uleb128 0x3
 1564 00f1 0E       		.uleb128 0xe
 1565 00f2 3A       		.uleb128 0x3a
 1566 00f3 0B       		.uleb128 0xb
 1567 00f4 3B       		.uleb128 0x3b
 1568 00f5 0B       		.uleb128 0xb
 1569 00f6 39       		.uleb128 0x39
 1570 00f7 0B       		.uleb128 0xb
 1571 00f8 49       		.uleb128 0x49
 1572 00f9 13       		.uleb128 0x13
 1573 00fa 38       		.uleb128 0x38
 1574 00fb 05       		.uleb128 0x5
 1575 00fc 00       		.byte	0
 1576 00fd 00       		.byte	0
 1577 00fe 15       		.uleb128 0x15
 1578 00ff 15       		.uleb128 0x15
 1579 0100 01       		.byte	0x1
 1580 0101 27       		.uleb128 0x27
 1581 0102 19       		.uleb128 0x19
 1582 0103 49       		.uleb128 0x49
 1583 0104 13       		.uleb128 0x13
 1584 0105 01       		.uleb128 0x1
 1585 0106 13       		.uleb128 0x13
 1586 0107 00       		.byte	0
 1587 0108 00       		.byte	0
 1588 0109 16       		.uleb128 0x16
 1589 010a 05       		.uleb128 0x5
 1590 010b 00       		.byte	0
 1591 010c 49       		.uleb128 0x49
 1592 010d 13       		.uleb128 0x13
 1593 010e 00       		.byte	0
 1594 010f 00       		.byte	0
 1595 0110 17       		.uleb128 0x17
 1596 0111 13       		.uleb128 0x13
ARM GAS  C:\Users\EDULU~1.DES\AppData\Local\Temp\ccd2EWzG.s 			page 29


 1597 0112 01       		.byte	0x1
 1598 0113 03       		.uleb128 0x3
 1599 0114 0E       		.uleb128 0xe
 1600 0115 0B       		.uleb128 0xb
 1601 0116 05       		.uleb128 0x5
 1602 0117 3A       		.uleb128 0x3a
 1603 0118 0B       		.uleb128 0xb
 1604 0119 3B       		.uleb128 0x3b
 1605 011a 05       		.uleb128 0x5
 1606 011b 39       		.uleb128 0x39
 1607 011c 0B       		.uleb128 0xb
 1608 011d 01       		.uleb128 0x1
 1609 011e 13       		.uleb128 0x13
 1610 011f 00       		.byte	0
 1611 0120 00       		.byte	0
 1612 0121 18       		.uleb128 0x18
 1613 0122 0D       		.uleb128 0xd
 1614 0123 00       		.byte	0
 1615 0124 03       		.uleb128 0x3
 1616 0125 0E       		.uleb128 0xe
 1617 0126 3A       		.uleb128 0x3a
 1618 0127 0B       		.uleb128 0xb
 1619 0128 3B       		.uleb128 0x3b
 1620 0129 05       		.uleb128 0x5
 1621 012a 39       		.uleb128 0x39
 1622 012b 0B       		.uleb128 0xb
 1623 012c 49       		.uleb128 0x49
 1624 012d 13       		.uleb128 0x13
 1625 012e 38       		.uleb128 0x38
 1626 012f 0B       		.uleb128 0xb
 1627 0130 00       		.byte	0
 1628 0131 00       		.byte	0
 1629 0132 19       		.uleb128 0x19
 1630 0133 0D       		.uleb128 0xd
 1631 0134 00       		.byte	0
 1632 0135 03       		.uleb128 0x3
 1633 0136 0E       		.uleb128 0xe
 1634 0137 3A       		.uleb128 0x3a
 1635 0138 0B       		.uleb128 0xb
 1636 0139 3B       		.uleb128 0x3b
 1637 013a 05       		.uleb128 0x5
 1638 013b 39       		.uleb128 0x39
 1639 013c 0B       		.uleb128 0xb
 1640 013d 49       		.uleb128 0x49
 1641 013e 13       		.uleb128 0x13
 1642 013f 38       		.uleb128 0x38
 1643 0140 05       		.uleb128 0x5
 1644 0141 00       		.byte	0
 1645 0142 00       		.byte	0
 1646 0143 1A       		.uleb128 0x1a
 1647 0144 13       		.uleb128 0x13
 1648 0145 01       		.byte	0x1
 1649 0146 03       		.uleb128 0x3
 1650 0147 0E       		.uleb128 0xe
 1651 0148 0B       		.uleb128 0xb
 1652 0149 0B       		.uleb128 0xb
 1653 014a 3A       		.uleb128 0x3a
ARM GAS  C:\Users\EDULU~1.DES\AppData\Local\Temp\ccd2EWzG.s 			page 30


 1654 014b 0B       		.uleb128 0xb
 1655 014c 3B       		.uleb128 0x3b
 1656 014d 05       		.uleb128 0x5
 1657 014e 39       		.uleb128 0x39
 1658 014f 0B       		.uleb128 0xb
 1659 0150 01       		.uleb128 0x1
 1660 0151 13       		.uleb128 0x13
 1661 0152 00       		.byte	0
 1662 0153 00       		.byte	0
 1663 0154 1B       		.uleb128 0x1b
 1664 0155 13       		.uleb128 0x13
 1665 0156 01       		.byte	0x1
 1666 0157 0B       		.uleb128 0xb
 1667 0158 0B       		.uleb128 0xb
 1668 0159 3A       		.uleb128 0x3a
 1669 015a 0B       		.uleb128 0xb
 1670 015b 3B       		.uleb128 0x3b
 1671 015c 05       		.uleb128 0x5
 1672 015d 39       		.uleb128 0x39
 1673 015e 0B       		.uleb128 0xb
 1674 015f 01       		.uleb128 0x1
 1675 0160 13       		.uleb128 0x13
 1676 0161 00       		.byte	0
 1677 0162 00       		.byte	0
 1678 0163 1C       		.uleb128 0x1c
 1679 0164 17       		.uleb128 0x17
 1680 0165 01       		.byte	0x1
 1681 0166 0B       		.uleb128 0xb
 1682 0167 0B       		.uleb128 0xb
 1683 0168 3A       		.uleb128 0x3a
 1684 0169 0B       		.uleb128 0xb
 1685 016a 3B       		.uleb128 0x3b
 1686 016b 05       		.uleb128 0x5
 1687 016c 39       		.uleb128 0x39
 1688 016d 0B       		.uleb128 0xb
 1689 016e 01       		.uleb128 0x1
 1690 016f 13       		.uleb128 0x13
 1691 0170 00       		.byte	0
 1692 0171 00       		.byte	0
 1693 0172 1D       		.uleb128 0x1d
 1694 0173 0D       		.uleb128 0xd
 1695 0174 00       		.byte	0
 1696 0175 03       		.uleb128 0x3
 1697 0176 0E       		.uleb128 0xe
 1698 0177 3A       		.uleb128 0x3a
 1699 0178 0B       		.uleb128 0xb
 1700 0179 3B       		.uleb128 0x3b
 1701 017a 05       		.uleb128 0x5
 1702 017b 39       		.uleb128 0x39
 1703 017c 0B       		.uleb128 0xb
 1704 017d 49       		.uleb128 0x49
 1705 017e 13       		.uleb128 0x13
 1706 017f 00       		.byte	0
 1707 0180 00       		.byte	0
 1708 0181 1E       		.uleb128 0x1e
 1709 0182 15       		.uleb128 0x15
 1710 0183 01       		.byte	0x1
ARM GAS  C:\Users\EDULU~1.DES\AppData\Local\Temp\ccd2EWzG.s 			page 31


 1711 0184 27       		.uleb128 0x27
 1712 0185 19       		.uleb128 0x19
 1713 0186 01       		.uleb128 0x1
 1714 0187 13       		.uleb128 0x13
 1715 0188 00       		.byte	0
 1716 0189 00       		.byte	0
 1717 018a 1F       		.uleb128 0x1f
 1718 018b 34       		.uleb128 0x34
 1719 018c 00       		.byte	0
 1720 018d 03       		.uleb128 0x3
 1721 018e 0E       		.uleb128 0xe
 1722 018f 3A       		.uleb128 0x3a
 1723 0190 0B       		.uleb128 0xb
 1724 0191 3B       		.uleb128 0x3b
 1725 0192 05       		.uleb128 0x5
 1726 0193 39       		.uleb128 0x39
 1727 0194 0B       		.uleb128 0xb
 1728 0195 49       		.uleb128 0x49
 1729 0196 13       		.uleb128 0x13
 1730 0197 3F       		.uleb128 0x3f
 1731 0198 19       		.uleb128 0x19
 1732 0199 3C       		.uleb128 0x3c
 1733 019a 19       		.uleb128 0x19
 1734 019b 00       		.byte	0
 1735 019c 00       		.byte	0
 1736 019d 20       		.uleb128 0x20
 1737 019e 21       		.uleb128 0x21
 1738 019f 00       		.byte	0
 1739 01a0 00       		.byte	0
 1740 01a1 00       		.byte	0
 1741 01a2 21       		.uleb128 0x21
 1742 01a3 34       		.uleb128 0x34
 1743 01a4 00       		.byte	0
 1744 01a5 03       		.uleb128 0x3
 1745 01a6 0E       		.uleb128 0xe
 1746 01a7 3A       		.uleb128 0x3a
 1747 01a8 0B       		.uleb128 0xb
 1748 01a9 3B       		.uleb128 0x3b
 1749 01aa 0B       		.uleb128 0xb
 1750 01ab 39       		.uleb128 0x39
 1751 01ac 0B       		.uleb128 0xb
 1752 01ad 49       		.uleb128 0x49
 1753 01ae 13       		.uleb128 0x13
 1754 01af 3F       		.uleb128 0x3f
 1755 01b0 19       		.uleb128 0x19
 1756 01b1 3C       		.uleb128 0x3c
 1757 01b2 19       		.uleb128 0x19
 1758 01b3 00       		.byte	0
 1759 01b4 00       		.byte	0
 1760 01b5 00       		.byte	0
 1761              		.section	.debug_aranges,"",%progbits
 1762 0000 14000000 		.4byte	0x14
 1763 0004 0200     		.2byte	0x2
 1764 0006 00000000 		.4byte	.Ldebug_info0
 1765 000a 04       		.byte	0x4
 1766 000b 00       		.byte	0
 1767 000c 0000     		.2byte	0
ARM GAS  C:\Users\EDULU~1.DES\AppData\Local\Temp\ccd2EWzG.s 			page 32


 1768 000e 0000     		.2byte	0
 1769 0010 00000000 		.4byte	0
 1770 0014 00000000 		.4byte	0
 1771              		.section	.debug_line,"",%progbits
 1772              	.Ldebug_line0:
 1773 0000 A4010000 		.section	.debug_str,"MS",%progbits,1
 1773      03009E01 
 1773      00000201 
 1773      FB0E0D00 
 1773      01010101 
 1774              	.LASF44:
 1775 0000 5F64736F 		.ascii	"_dso_handle\000"
 1775      5F68616E 
 1775      646C6500 
 1776              	.LASF135:
 1777 000c 4932435F 		.ascii	"I2C_initVar\000"
 1777      696E6974 
 1777      56617200 
 1778              	.LASF52:
 1779 0018 5F73697A 		.ascii	"_size\000"
 1779      6500
 1780              	.LASF43:
 1781 001e 5F666E61 		.ascii	"_fnargs\000"
 1781      72677300 
 1782              	.LASF96:
 1783 0026 5F72616E 		.ascii	"_rand48\000"
 1783      64343800 
 1784              	.LASF76:
 1785 002e 5F656D65 		.ascii	"_emergency\000"
 1785      7267656E 
 1785      637900
 1786              	.LASF66:
 1787 0039 5F646174 		.ascii	"_data\000"
 1787      6100
 1788              	.LASF130:
 1789 003f 63796465 		.ascii	"cydelay32kMs\000"
 1789      6C617933 
 1789      326B4D73 
 1789      00
 1790              	.LASF116:
 1791 004c 5F776372 		.ascii	"_wcrtomb_state\000"
 1791      746F6D62 
 1791      5F737461 
 1791      746500
 1792              	.LASF117:
 1793 005b 5F776373 		.ascii	"_wcsrtombs_state\000"
 1793      72746F6D 
 1793      62735F73 
 1793      74617465 
 1793      00
 1794              	.LASF7:
 1795 006c 6C6F6E67 		.ascii	"long long unsigned int\000"
 1795      206C6F6E 
 1795      6720756E 
 1795      7369676E 
 1795      65642069 
 1796              	.LASF56:
ARM GAS  C:\Users\EDULU~1.DES\AppData\Local\Temp\ccd2EWzG.s 			page 33


 1797 0083 5F6C6266 		.ascii	"_lbfsize\000"
 1797      73697A65 
 1797      00
 1798              	.LASF131:
 1799 008c 43795379 		.ascii	"CySysTickInitVar\000"
 1799      73546963 
 1799      6B496E69 
 1799      74566172 
 1799      00
 1800              	.LASF123:
 1801 009d 5F5F6C6F 		.ascii	"__locale_t\000"
 1801      63616C65 
 1801      5F7400
 1802              	.LASF114:
 1803 00a8 5F6D6272 		.ascii	"_mbrtowc_state\000"
 1803      746F7763 
 1803      5F737461 
 1803      746500
 1804              	.LASF33:
 1805 00b7 5F5F746D 		.ascii	"__tm_sec\000"
 1805      5F736563 
 1805      00
 1806              	.LASF6:
 1807 00c0 6C6F6E67 		.ascii	"long long int\000"
 1807      206C6F6E 
 1807      6720696E 
 1807      7400
 1808              	.LASF0:
 1809 00ce 7369676E 		.ascii	"signed char\000"
 1809      65642063 
 1809      68617200 
 1810              	.LASF62:
 1811 00da 5F756275 		.ascii	"_ubuf\000"
 1811      6600
 1812              	.LASF51:
 1813 00e0 5F626173 		.ascii	"_base\000"
 1813      6500
 1814              	.LASF35:
 1815 00e6 5F5F746D 		.ascii	"__tm_hour\000"
 1815      5F686F75 
 1815      7200
 1816              	.LASF91:
 1817 00f0 5F5F7366 		.ascii	"__sf\000"
 1817      00
 1818              	.LASF42:
 1819 00f5 5F6F6E5F 		.ascii	"_on_exit_args\000"
 1819      65786974 
 1819      5F617267 
 1819      7300
 1820              	.LASF57:
 1821 0103 5F636F6F 		.ascii	"_cookie\000"
 1821      6B696500 
 1822              	.LASF90:
 1823 010b 5F5F7367 		.ascii	"__sglue\000"
 1823      6C756500 
 1824              	.LASF4:
 1825 0113 6C6F6E67 		.ascii	"long int\000"
ARM GAS  C:\Users\EDULU~1.DES\AppData\Local\Temp\ccd2EWzG.s 			page 34


 1825      20696E74 
 1825      00
 1826              	.LASF54:
 1827 011c 5F666C61 		.ascii	"_flags\000"
 1827      677300
 1828              	.LASF46:
 1829 0123 5F69735F 		.ascii	"_is_cxa\000"
 1829      63786100 
 1830              	.LASF72:
 1831 012b 5F737464 		.ascii	"_stdin\000"
 1831      696E00
 1832              	.LASF140:
 1833 0132 433A5C55 		.ascii	"C:\\Users\\edulu.DESKTOP-961TG4K\\Documents\\PSoC C"
 1833      73657273 
 1833      5C656475 
 1833      6C752E44 
 1833      45534B54 
 1834 0161 72656174 		.ascii	"reator\\Micrium\\Examples\\Cypress\\CY8CKIT-044\\OS"
 1834      6F725C4D 
 1834      69637269 
 1834      756D5C45 
 1834      78616D70 
 1835 018f 335C5053 		.ascii	"3\\PSoC\\OS3.cydsn\000"
 1835      6F435C4F 
 1835      53332E63 
 1835      7964736E 
 1835      00
 1836              	.LASF64:
 1837 01a0 5F626C6B 		.ascii	"_blksize\000"
 1837      73697A65 
 1837      00
 1838              	.LASF9:
 1839 01a9 75696E74 		.ascii	"uint8\000"
 1839      3800
 1840              	.LASF128:
 1841 01af 63796465 		.ascii	"cydelayFreqKhz\000"
 1841      6C617946 
 1841      7265714B 
 1841      687A00
 1842              	.LASF12:
 1843 01be 646F7562 		.ascii	"double\000"
 1843      6C6500
 1844              	.LASF86:
 1845 01c5 5F637674 		.ascii	"_cvtbuf\000"
 1845      62756600 
 1846              	.LASF65:
 1847 01cd 5F6F6666 		.ascii	"_offset\000"
 1847      73657400 
 1848              	.LASF115:
 1849 01d5 5F6D6273 		.ascii	"_mbsrtowcs_state\000"
 1849      72746F77 
 1849      63735F73 
 1849      74617465 
 1849      00
 1850              	.LASF113:
 1851 01e6 5F6D6272 		.ascii	"_mbrlen_state\000"
 1851      6C656E5F 
ARM GAS  C:\Users\EDULU~1.DES\AppData\Local\Temp\ccd2EWzG.s 			page 35


 1851      73746174 
 1851      6500
 1852              	.LASF10:
 1853 01f4 75696E74 		.ascii	"uint32\000"
 1853      333200
 1854              	.LASF49:
 1855 01fb 5F666E73 		.ascii	"_fns\000"
 1855      00
 1856              	.LASF29:
 1857 0200 5F736967 		.ascii	"_sign\000"
 1857      6E00
 1858              	.LASF25:
 1859 0206 5F666C6F 		.ascii	"_flock_t\000"
 1859      636B5F74 
 1859      00
 1860              	.LASF74:
 1861 020f 5F737464 		.ascii	"_stderr\000"
 1861      65727200 
 1862              	.LASF31:
 1863 0217 5F426967 		.ascii	"_Bigint\000"
 1863      696E7400 
 1864              	.LASF104:
 1865 021f 5F67616D 		.ascii	"_gamma_signgam\000"
 1865      6D615F73 
 1865      69676E67 
 1865      616D00
 1866              	.LASF58:
 1867 022e 5F726561 		.ascii	"_read\000"
 1867      6400
 1868              	.LASF82:
 1869 0234 5F726573 		.ascii	"_result_k\000"
 1869      756C745F 
 1869      6B00
 1870              	.LASF32:
 1871 023e 5F5F746D 		.ascii	"__tm\000"
 1871      00
 1872              	.LASF8:
 1873 0243 756E7369 		.ascii	"unsigned int\000"
 1873      676E6564 
 1873      20696E74 
 1873      00
 1874              	.LASF21:
 1875 0250 5F5F7763 		.ascii	"__wchb\000"
 1875      686200
 1876              	.LASF73:
 1877 0257 5F737464 		.ascii	"_stdout\000"
 1877      6F757400 
 1878              	.LASF85:
 1879 025f 5F637674 		.ascii	"_cvtlen\000"
 1879      6C656E00 
 1880              	.LASF5:
 1881 0267 6C6F6E67 		.ascii	"long unsigned int\000"
 1881      20756E73 
 1881      69676E65 
 1881      6420696E 
 1881      7400
 1882              	.LASF55:
ARM GAS  C:\Users\EDULU~1.DES\AppData\Local\Temp\ccd2EWzG.s 			page 36


 1883 0279 5F66696C 		.ascii	"_file\000"
 1883      6500
 1884              	.LASF94:
 1885 027f 5F6E696F 		.ascii	"_niobs\000"
 1885      627300
 1886              	.LASF3:
 1887 0286 73686F72 		.ascii	"short unsigned int\000"
 1887      7420756E 
 1887      7369676E 
 1887      65642069 
 1887      6E7400
 1888              	.LASF88:
 1889 0299 5F617465 		.ascii	"_atexit0\000"
 1889      78697430 
 1889      00
 1890              	.LASF111:
 1891 02a2 5F736967 		.ascii	"_signal_buf\000"
 1891      6E616C5F 
 1891      62756600 
 1892              	.LASF102:
 1893 02ae 5F617363 		.ascii	"_asctime_buf\000"
 1893      74696D65 
 1893      5F627566 
 1893      00
 1894              	.LASF81:
 1895 02bb 5F726573 		.ascii	"_result\000"
 1895      756C7400 
 1896              	.LASF20:
 1897 02c3 5F5F7763 		.ascii	"__wch\000"
 1897      6800
 1898              	.LASF16:
 1899 02c9 5F4C4F43 		.ascii	"_LOCK_T\000"
 1899      4B5F5400 
 1900              	.LASF19:
 1901 02d1 77696E74 		.ascii	"wint_t\000"
 1901      5F7400
 1902              	.LASF138:
 1903 02d8 474E5520 		.ascii	"GNU C17 8.2.1 20181213 (release) [gcc-8-branch revi"
 1903      43313720 
 1903      382E322E 
 1903      31203230 
 1903      31383132 
 1904 030b 73696F6E 		.ascii	"sion 267074] -mcpu=cortex-m0 -mthumb -mfloat-abi=so"
 1904      20323637 
 1904      3037345D 
 1904      202D6D63 
 1904      70753D63 
 1905 033e 6674202D 		.ascii	"ft -march=armv6s-m -g -Og -ffunction-sections -ffat"
 1905      6D617263 
 1905      683D6172 
 1905      6D763673 
 1905      2D6D202D 
 1906 0371 2D6C746F 		.ascii	"-lto-objects\000"
 1906      2D6F626A 
 1906      65637473 
 1906      00
 1907              	.LASF67:
ARM GAS  C:\Users\EDULU~1.DES\AppData\Local\Temp\ccd2EWzG.s 			page 37


 1908 037e 5F6C6F63 		.ascii	"_lock\000"
 1908      6B00
 1909              	.LASF69:
 1910 0384 5F666C61 		.ascii	"_flags2\000"
 1910      67733200 
 1911              	.LASF59:
 1912 038c 5F777269 		.ascii	"_write\000"
 1912      746500
 1913              	.LASF38:
 1914 0393 5F5F746D 		.ascii	"__tm_year\000"
 1914      5F796561 
 1914      7200
 1915              	.LASF120:
 1916 039d 5F6E6D61 		.ascii	"_nmalloc\000"
 1916      6C6C6F63 
 1916      00
 1917              	.LASF127:
 1918 03a6 63796465 		.ascii	"cydelayFreqHz\000"
 1918      6C617946 
 1918      72657148 
 1918      7A00
 1919              	.LASF15:
 1920 03b4 6C6F6E67 		.ascii	"long double\000"
 1920      20646F75 
 1920      626C6500 
 1921              	.LASF119:
 1922 03c0 5F6E6578 		.ascii	"_nextf\000"
 1922      746600
 1923              	.LASF132:
 1924 03c7 6379496D 		.ascii	"cyImoFreqMhz2Reg\000"
 1924      6F467265 
 1924      714D687A 
 1924      32526567 
 1924      00
 1925              	.LASF37:
 1926 03d8 5F5F746D 		.ascii	"__tm_mon\000"
 1926      5F6D6F6E 
 1926      00
 1927              	.LASF47:
 1928 03e1 5F617465 		.ascii	"_atexit\000"
 1928      78697400 
 1929              	.LASF79:
 1930 03e9 5F5F7364 		.ascii	"__sdidinit\000"
 1930      6964696E 
 1930      697400
 1931              	.LASF17:
 1932 03f4 5F6F6666 		.ascii	"_off_t\000"
 1932      5F7400
 1933              	.LASF11:
 1934 03fb 666C6F61 		.ascii	"float\000"
 1934      7400
 1935              	.LASF84:
 1936 0401 5F667265 		.ascii	"_freelist\000"
 1936      656C6973 
 1936      7400
 1937              	.LASF109:
 1938 040b 5F776374 		.ascii	"_wctomb_state\000"
ARM GAS  C:\Users\EDULU~1.DES\AppData\Local\Temp\ccd2EWzG.s 			page 38


 1938      6F6D625F 
 1938      73746174 
 1938      6500
 1939              	.LASF1:
 1940 0419 756E7369 		.ascii	"unsigned char\000"
 1940      676E6564 
 1940      20636861 
 1940      7200
 1941              	.LASF87:
 1942 0427 5F6E6577 		.ascii	"_new\000"
 1942      00
 1943              	.LASF118:
 1944 042c 5F685F65 		.ascii	"_h_errno\000"
 1944      72726E6F 
 1944      00
 1945              	.LASF2:
 1946 0435 73686F72 		.ascii	"short int\000"
 1946      7420696E 
 1946      7400
 1947              	.LASF40:
 1948 043f 5F5F746D 		.ascii	"__tm_yday\000"
 1948      5F796461 
 1948      7900
 1949              	.LASF50:
 1950 0449 5F5F7362 		.ascii	"__sbuf\000"
 1950      756600
 1951              	.LASF95:
 1952 0450 5F696F62 		.ascii	"_iobs\000"
 1952      7300
 1953              	.LASF92:
 1954 0456 5F5F4649 		.ascii	"__FILE\000"
 1954      4C4500
 1955              	.LASF24:
 1956 045d 5F6D6273 		.ascii	"_mbstate_t\000"
 1956      74617465 
 1956      5F7400
 1957              	.LASF53:
 1958 0468 5F5F7346 		.ascii	"__sFILE\000"
 1958      494C4500 
 1959              	.LASF68:
 1960 0470 5F6D6273 		.ascii	"_mbstate\000"
 1960      74617465 
 1960      00
 1961              	.LASF105:
 1962 0479 5F72616E 		.ascii	"_rand_next\000"
 1962      645F6E65 
 1962      787400
 1963              	.LASF107:
 1964 0484 5F6D626C 		.ascii	"_mblen_state\000"
 1964      656E5F73 
 1964      74617465 
 1964      00
 1965              	.LASF75:
 1966 0491 5F696E63 		.ascii	"_inc\000"
 1966      00
 1967              	.LASF48:
 1968 0496 5F696E64 		.ascii	"_ind\000"
ARM GAS  C:\Users\EDULU~1.DES\AppData\Local\Temp\ccd2EWzG.s 			page 39


 1968      00
 1969              	.LASF78:
 1970 049b 5F6C6F63 		.ascii	"_locale\000"
 1970      616C6500 
 1971              	.LASF80:
 1972 04a3 5F5F636C 		.ascii	"__cleanup\000"
 1972      65616E75 
 1972      7000
 1973              	.LASF77:
 1974 04ad 5F756E73 		.ascii	"_unspecified_locale_info\000"
 1974      70656369 
 1974      66696564 
 1974      5F6C6F63 
 1974      616C655F 
 1975              	.LASF28:
 1976 04c6 5F6D6178 		.ascii	"_maxwds\000"
 1976      77647300 
 1977              	.LASF70:
 1978 04ce 5F726565 		.ascii	"_reent\000"
 1978      6E7400
 1979              	.LASF97:
 1980 04d5 5F736565 		.ascii	"_seed\000"
 1980      6400
 1981              	.LASF22:
 1982 04db 5F5F636F 		.ascii	"__count\000"
 1982      756E7400 
 1983              	.LASF122:
 1984 04e3 5F5F6C6F 		.ascii	"__lock\000"
 1984      636B00
 1985              	.LASF23:
 1986 04ea 5F5F7661 		.ascii	"__value\000"
 1986      6C756500 
 1987              	.LASF60:
 1988 04f2 5F736565 		.ascii	"_seek\000"
 1988      6B00
 1989              	.LASF124:
 1990 04f8 5F696D70 		.ascii	"_impure_ptr\000"
 1990      7572655F 
 1990      70747200 
 1991              	.LASF18:
 1992 0504 5F66706F 		.ascii	"_fpos_t\000"
 1992      735F7400 
 1993              	.LASF71:
 1994 050c 5F657272 		.ascii	"_errno\000"
 1994      6E6F00
 1995              	.LASF13:
 1996 0513 63686172 		.ascii	"char\000"
 1996      00
 1997              	.LASF14:
 1998 0518 63796973 		.ascii	"cyisraddress\000"
 1998      72616464 
 1998      72657373 
 1998      00
 1999              	.LASF34:
 2000 0525 5F5F746D 		.ascii	"__tm_min\000"
 2000      5F6D696E 
 2000      00
ARM GAS  C:\Users\EDULU~1.DES\AppData\Local\Temp\ccd2EWzG.s 			page 40


 2001              	.LASF133:
 2002 052e 656E6162 		.ascii	"enableState\000"
 2002      6C655374 
 2002      61746500 
 2003              	.LASF126:
 2004 053a 5F637479 		.ascii	"_ctype_\000"
 2004      70655F00 
 2005              	.LASF98:
 2006 0542 5F6D756C 		.ascii	"_mult\000"
 2006      7400
 2007              	.LASF27:
 2008 0548 5F6E6578 		.ascii	"_next\000"
 2008      7400
 2009              	.LASF101:
 2010 054e 5F737472 		.ascii	"_strtok_last\000"
 2010      746F6B5F 
 2010      6C617374 
 2010      00
 2011              	.LASF45:
 2012 055b 5F666E74 		.ascii	"_fntypes\000"
 2012      79706573 
 2012      00
 2013              	.LASF134:
 2014 0564 4932435F 		.ascii	"I2C_BACKUP_STRUCT\000"
 2014      4241434B 
 2014      55505F53 
 2014      54525543 
 2014      5400
 2015              	.LASF99:
 2016 0576 5F616464 		.ascii	"_add\000"
 2016      00
 2017              	.LASF26:
 2018 057b 5F5F554C 		.ascii	"__ULong\000"
 2018      6F6E6700 
 2019              	.LASF112:
 2020 0583 5F676574 		.ascii	"_getdate_err\000"
 2020      64617465 
 2020      5F657272 
 2020      00
 2021              	.LASF125:
 2022 0590 5F676C6F 		.ascii	"_global_impure_ptr\000"
 2022      62616C5F 
 2022      696D7075 
 2022      72655F70 
 2022      747200
 2023              	.LASF129:
 2024 05a3 63796465 		.ascii	"cydelayFreqMhz\000"
 2024      6C617946 
 2024      7265714D 
 2024      687A00
 2025              	.LASF100:
 2026 05b2 5F756E75 		.ascii	"_unused_rand\000"
 2026      7365645F 
 2026      72616E64 
 2026      00
 2027              	.LASF30:
 2028 05bf 5F776473 		.ascii	"_wds\000"
ARM GAS  C:\Users\EDULU~1.DES\AppData\Local\Temp\ccd2EWzG.s 			page 41


 2028      00
 2029              	.LASF39:
 2030 05c4 5F5F746D 		.ascii	"__tm_wday\000"
 2030      5F776461 
 2030      7900
 2031              	.LASF93:
 2032 05ce 5F676C75 		.ascii	"_glue\000"
 2032      6500
 2033              	.LASF139:
 2034 05d4 47656E65 		.ascii	"Generated_Source\\PSoC4\\I2C_BOOT.c\000"
 2034      72617465 
 2034      645F536F 
 2034      75726365 
 2034      5C50536F 
 2035              	.LASF110:
 2036 05f6 5F6C3634 		.ascii	"_l64a_buf\000"
 2036      615F6275 
 2036      6600
 2037              	.LASF89:
 2038 0600 5F736967 		.ascii	"_sig_func\000"
 2038      5F66756E 
 2038      6300
 2039              	.LASF63:
 2040 060a 5F6E6275 		.ascii	"_nbuf\000"
 2040      6600
 2041              	.LASF121:
 2042 0610 5F756E75 		.ascii	"_unused\000"
 2042      73656400 
 2043              	.LASF137:
 2044 0618 4932435F 		.ascii	"I2C_backup\000"
 2044      6261636B 
 2044      757000
 2045              	.LASF41:
 2046 0623 5F5F746D 		.ascii	"__tm_isdst\000"
 2046      5F697364 
 2046      737400
 2047              	.LASF103:
 2048 062e 5F6C6F63 		.ascii	"_localtime_buf\000"
 2048      616C7469 
 2048      6D655F62 
 2048      756600
 2049              	.LASF61:
 2050 063d 5F636C6F 		.ascii	"_close\000"
 2050      736500
 2051              	.LASF106:
 2052 0644 5F723438 		.ascii	"_r48\000"
 2052      00
 2053              	.LASF108:
 2054 0649 5F6D6274 		.ascii	"_mbtowc_state\000"
 2054      6F77635F 
 2054      73746174 
 2054      6500
 2055              	.LASF83:
 2056 0657 5F703573 		.ascii	"_p5s\000"
 2056      00
 2057              	.LASF136:
 2058 065c 4932435F 		.ascii	"I2C_customIntrHandler\000"
ARM GAS  C:\Users\EDULU~1.DES\AppData\Local\Temp\ccd2EWzG.s 			page 42


 2058      63757374 
 2058      6F6D496E 
 2058      74724861 
 2058      6E646C65 
 2059              	.LASF36:
 2060 0672 5F5F746D 		.ascii	"__tm_mday\000"
 2060      5F6D6461 
 2060      7900
 2061              		.ident	"GCC: (GNU Tools for Arm Embedded Processors 8-2018-q4-major) 8.2.1 20181213 (release) [gcc
