ARM GAS  C:\Users\EDULU~1.DES\AppData\Local\Temp\ccCvlrIh.s 			page 1


   1              		.cpu cortex-m0
   2              		.eabi_attribute 20, 1
   3              		.eabi_attribute 21, 1
   4              		.eabi_attribute 23, 3
   5              		.eabi_attribute 24, 1
   6              		.eabi_attribute 25, 1
   7              		.eabi_attribute 26, 1
   8              		.eabi_attribute 30, 1
   9              		.eabi_attribute 34, 0
  10              		.eabi_attribute 18, 4
  11              		.file	"I2C_sda.c"
  12              		.text
  13              	.Ltext0:
  14              		.cfi_sections	.debug_frame
  15              		.section	.text.I2C_sda_SetDriveMode,"ax",%progbits
  16              		.align	1
  17              		.global	I2C_sda_SetDriveMode
  18              		.arch armv6s-m
  19              		.syntax unified
  20              		.code	16
  21              		.thumb_func
  22              		.fpu softvfp
  23              		.type	I2C_sda_SetDriveMode, %function
  24              	I2C_sda_SetDriveMode:
  25              	.LVL0:
  26              	.LFB0:
  27              		.file 1 "Generated_Source\\PSoC4\\I2C_sda.c"
   1:Generated_Source\PSoC4/I2C_sda.c **** /*******************************************************************************
   2:Generated_Source\PSoC4/I2C_sda.c **** * File Name: I2C_sda.c  
   3:Generated_Source\PSoC4/I2C_sda.c **** * Version 2.20
   4:Generated_Source\PSoC4/I2C_sda.c **** *
   5:Generated_Source\PSoC4/I2C_sda.c **** * Description:
   6:Generated_Source\PSoC4/I2C_sda.c **** *  This file contains API to enable firmware control of a Pins component.
   7:Generated_Source\PSoC4/I2C_sda.c **** *
   8:Generated_Source\PSoC4/I2C_sda.c **** ********************************************************************************
   9:Generated_Source\PSoC4/I2C_sda.c **** * Copyright 2008-2015, Cypress Semiconductor Corporation.  All rights reserved.
  10:Generated_Source\PSoC4/I2C_sda.c **** * You may use this file only in accordance with the license, terms, conditions, 
  11:Generated_Source\PSoC4/I2C_sda.c **** * disclaimers, and limitations in the end user license agreement accompanying 
  12:Generated_Source\PSoC4/I2C_sda.c **** * the software package with which this file was provided.
  13:Generated_Source\PSoC4/I2C_sda.c **** *******************************************************************************/
  14:Generated_Source\PSoC4/I2C_sda.c **** 
  15:Generated_Source\PSoC4/I2C_sda.c **** #include "cytypes.h"
  16:Generated_Source\PSoC4/I2C_sda.c **** #include "I2C_sda.h"
  17:Generated_Source\PSoC4/I2C_sda.c **** 
  18:Generated_Source\PSoC4/I2C_sda.c **** 
  19:Generated_Source\PSoC4/I2C_sda.c **** #if defined(I2C_sda__PC)
  20:Generated_Source\PSoC4/I2C_sda.c ****     #define I2C_sda_SetP4PinDriveMode(shift, mode)  \
  21:Generated_Source\PSoC4/I2C_sda.c ****     do { \
  22:Generated_Source\PSoC4/I2C_sda.c ****         I2C_sda_PC =   (I2C_sda_PC & \
  23:Generated_Source\PSoC4/I2C_sda.c ****                                 (uint32)(~(uint32)(I2C_sda_DRIVE_MODE_IND_MASK << \
  24:Generated_Source\PSoC4/I2C_sda.c ****                                 (I2C_sda_DRIVE_MODE_BITS * (shift))))) | \
  25:Generated_Source\PSoC4/I2C_sda.c ****                                 (uint32)((uint32)(mode) << \
  26:Generated_Source\PSoC4/I2C_sda.c ****                                 (I2C_sda_DRIVE_MODE_BITS * (shift))); \
  27:Generated_Source\PSoC4/I2C_sda.c ****     } while (0)
  28:Generated_Source\PSoC4/I2C_sda.c **** #else
  29:Generated_Source\PSoC4/I2C_sda.c ****     #if (CY_PSOC4_4200L)
  30:Generated_Source\PSoC4/I2C_sda.c ****         #define I2C_sda_SetP4PinDriveMode(shift, mode)  \
ARM GAS  C:\Users\EDULU~1.DES\AppData\Local\Temp\ccCvlrIh.s 			page 2


  31:Generated_Source\PSoC4/I2C_sda.c ****         do { \
  32:Generated_Source\PSoC4/I2C_sda.c ****             I2C_sda_USBIO_CTRL_REG = (I2C_sda_USBIO_CTRL_REG & \
  33:Generated_Source\PSoC4/I2C_sda.c ****                                     (uint32)(~(uint32)(I2C_sda_DRIVE_MODE_IND_MASK << \
  34:Generated_Source\PSoC4/I2C_sda.c ****                                     (I2C_sda_DRIVE_MODE_BITS * (shift))))) | \
  35:Generated_Source\PSoC4/I2C_sda.c ****                                     (uint32)((uint32)(mode) << \
  36:Generated_Source\PSoC4/I2C_sda.c ****                                     (I2C_sda_DRIVE_MODE_BITS * (shift))); \
  37:Generated_Source\PSoC4/I2C_sda.c ****         } while (0)
  38:Generated_Source\PSoC4/I2C_sda.c ****     #endif
  39:Generated_Source\PSoC4/I2C_sda.c **** #endif
  40:Generated_Source\PSoC4/I2C_sda.c ****   
  41:Generated_Source\PSoC4/I2C_sda.c **** 
  42:Generated_Source\PSoC4/I2C_sda.c **** #if defined(I2C_sda__PC) || (CY_PSOC4_4200L) 
  43:Generated_Source\PSoC4/I2C_sda.c ****     /*******************************************************************************
  44:Generated_Source\PSoC4/I2C_sda.c ****     * Function Name: I2C_sda_SetDriveMode
  45:Generated_Source\PSoC4/I2C_sda.c ****     ****************************************************************************//**
  46:Generated_Source\PSoC4/I2C_sda.c ****     *
  47:Generated_Source\PSoC4/I2C_sda.c ****     * \brief Sets the drive mode for each of the Pins component's pins.
  48:Generated_Source\PSoC4/I2C_sda.c ****     * 
  49:Generated_Source\PSoC4/I2C_sda.c ****     * <b>Note</b> This affects all pins in the Pins component instance. Use the
  50:Generated_Source\PSoC4/I2C_sda.c ****     * Per-Pin APIs if you wish to control individual pin's drive modes.
  51:Generated_Source\PSoC4/I2C_sda.c ****     *
  52:Generated_Source\PSoC4/I2C_sda.c ****     * <b>Note</b> USBIOs have limited drive functionality. Refer to the Drive Mode
  53:Generated_Source\PSoC4/I2C_sda.c ****     * parameter for more information.
  54:Generated_Source\PSoC4/I2C_sda.c ****     *
  55:Generated_Source\PSoC4/I2C_sda.c ****     * \param mode
  56:Generated_Source\PSoC4/I2C_sda.c ****     *  Mode for the selected signals. Valid options are documented in 
  57:Generated_Source\PSoC4/I2C_sda.c ****     *  \ref driveMode.
  58:Generated_Source\PSoC4/I2C_sda.c ****     *
  59:Generated_Source\PSoC4/I2C_sda.c ****     * \return
  60:Generated_Source\PSoC4/I2C_sda.c ****     *  None
  61:Generated_Source\PSoC4/I2C_sda.c ****     *
  62:Generated_Source\PSoC4/I2C_sda.c ****     * \sideeffect
  63:Generated_Source\PSoC4/I2C_sda.c ****     *  If you use read-modify-write operations that are not atomic, the ISR can
  64:Generated_Source\PSoC4/I2C_sda.c ****     *  cause corruption of this function. An ISR that interrupts this function 
  65:Generated_Source\PSoC4/I2C_sda.c ****     *  and performs writes to the Pins component Drive Mode registers can cause 
  66:Generated_Source\PSoC4/I2C_sda.c ****     *  corrupted port data. To avoid this issue, you should either use the Per-Pin
  67:Generated_Source\PSoC4/I2C_sda.c ****     *  APIs (primary method) or disable interrupts around this function.
  68:Generated_Source\PSoC4/I2C_sda.c ****     *
  69:Generated_Source\PSoC4/I2C_sda.c ****     * \funcusage
  70:Generated_Source\PSoC4/I2C_sda.c ****     *  \snippet I2C_sda_SUT.c usage_I2C_sda_SetDriveMode
  71:Generated_Source\PSoC4/I2C_sda.c ****     *******************************************************************************/
  72:Generated_Source\PSoC4/I2C_sda.c ****     void I2C_sda_SetDriveMode(uint8 mode)
  73:Generated_Source\PSoC4/I2C_sda.c ****     {
  28              		.loc 1 73 5 view -0
  29              		.cfi_startproc
  30              		@ args = 0, pretend = 0, frame = 0
  31              		@ frame_needed = 0, uses_anonymous_args = 0
  32              		@ link register save eliminated.
  74:Generated_Source\PSoC4/I2C_sda.c **** 		I2C_sda_SetP4PinDriveMode(I2C_sda__0__SHIFT, mode);
  33              		.loc 1 74 3 view .LVU1
  34              		.loc 1 74 3 view .LVU2
  35 0000 034A     		ldr	r2, .L2
  36 0002 1368     		ldr	r3, [r2]
  37 0004 3821     		movs	r1, #56
  38 0006 8B43     		bics	r3, r1
  39 0008 C000     		lsls	r0, r0, #3
  40              	.LVL1:
ARM GAS  C:\Users\EDULU~1.DES\AppData\Local\Temp\ccCvlrIh.s 			page 3


  41              		.loc 1 74 3 is_stmt 0 view .LVU3
  42 000a 0343     		orrs	r3, r0
  43 000c 1360     		str	r3, [r2]
  75:Generated_Source\PSoC4/I2C_sda.c ****     }
  44              		.loc 1 75 5 view .LVU4
  45              		@ sp needed
  46 000e 7047     		bx	lr
  47              	.L3:
  48              		.align	2
  49              	.L2:
  50 0010 08040440 		.word	1074005000
  51              		.cfi_endproc
  52              	.LFE0:
  53              		.size	I2C_sda_SetDriveMode, .-I2C_sda_SetDriveMode
  54              		.section	.text.I2C_sda_Write,"ax",%progbits
  55              		.align	1
  56              		.global	I2C_sda_Write
  57              		.syntax unified
  58              		.code	16
  59              		.thumb_func
  60              		.fpu softvfp
  61              		.type	I2C_sda_Write, %function
  62              	I2C_sda_Write:
  63              	.LVL2:
  64              	.LFB1:
  76:Generated_Source\PSoC4/I2C_sda.c **** #endif
  77:Generated_Source\PSoC4/I2C_sda.c **** 
  78:Generated_Source\PSoC4/I2C_sda.c **** 
  79:Generated_Source\PSoC4/I2C_sda.c **** /*******************************************************************************
  80:Generated_Source\PSoC4/I2C_sda.c **** * Function Name: I2C_sda_Write
  81:Generated_Source\PSoC4/I2C_sda.c **** ****************************************************************************//**
  82:Generated_Source\PSoC4/I2C_sda.c **** *
  83:Generated_Source\PSoC4/I2C_sda.c **** * \brief Writes the value to the physical port (data output register), masking
  84:Generated_Source\PSoC4/I2C_sda.c **** *  and shifting the bits appropriately. 
  85:Generated_Source\PSoC4/I2C_sda.c **** *
  86:Generated_Source\PSoC4/I2C_sda.c **** * The data output register controls the signal applied to the physical pin in 
  87:Generated_Source\PSoC4/I2C_sda.c **** * conjunction with the drive mode parameter. This function avoids changing 
  88:Generated_Source\PSoC4/I2C_sda.c **** * other bits in the port by using the appropriate method (read-modify-write or
  89:Generated_Source\PSoC4/I2C_sda.c **** * bit banding).
  90:Generated_Source\PSoC4/I2C_sda.c **** *
  91:Generated_Source\PSoC4/I2C_sda.c **** * <b>Note</b> This function should not be used on a hardware digital output pin 
  92:Generated_Source\PSoC4/I2C_sda.c **** * as it is driven by the hardware signal attached to it.
  93:Generated_Source\PSoC4/I2C_sda.c **** *
  94:Generated_Source\PSoC4/I2C_sda.c **** * \param value
  95:Generated_Source\PSoC4/I2C_sda.c **** *  Value to write to the component instance.
  96:Generated_Source\PSoC4/I2C_sda.c **** *
  97:Generated_Source\PSoC4/I2C_sda.c **** * \return 
  98:Generated_Source\PSoC4/I2C_sda.c **** *  None 
  99:Generated_Source\PSoC4/I2C_sda.c **** *
 100:Generated_Source\PSoC4/I2C_sda.c **** * \sideeffect
 101:Generated_Source\PSoC4/I2C_sda.c **** *  If you use read-modify-write operations that are not atomic; the Interrupt 
 102:Generated_Source\PSoC4/I2C_sda.c **** *  Service Routines (ISR) can cause corruption of this function. An ISR that 
 103:Generated_Source\PSoC4/I2C_sda.c **** *  interrupts this function and performs writes to the Pins component data 
 104:Generated_Source\PSoC4/I2C_sda.c **** *  register can cause corrupted port data. To avoid this issue, you should 
 105:Generated_Source\PSoC4/I2C_sda.c **** *  either use the Per-Pin APIs (primary method) or disable interrupts around 
 106:Generated_Source\PSoC4/I2C_sda.c **** *  this function.
 107:Generated_Source\PSoC4/I2C_sda.c **** *
ARM GAS  C:\Users\EDULU~1.DES\AppData\Local\Temp\ccCvlrIh.s 			page 4


 108:Generated_Source\PSoC4/I2C_sda.c **** * \funcusage
 109:Generated_Source\PSoC4/I2C_sda.c **** *  \snippet I2C_sda_SUT.c usage_I2C_sda_Write
 110:Generated_Source\PSoC4/I2C_sda.c **** *******************************************************************************/
 111:Generated_Source\PSoC4/I2C_sda.c **** void I2C_sda_Write(uint8 value)
 112:Generated_Source\PSoC4/I2C_sda.c **** {
  65              		.loc 1 112 1 is_stmt 1 view -0
  66              		.cfi_startproc
  67              		@ args = 0, pretend = 0, frame = 0
  68              		@ frame_needed = 0, uses_anonymous_args = 0
  69              		@ link register save eliminated.
 113:Generated_Source\PSoC4/I2C_sda.c ****     uint8 drVal = (uint8)(I2C_sda_DR & (uint8)(~I2C_sda_MASK));
  70              		.loc 1 113 5 view .LVU6
  71              		.loc 1 113 27 is_stmt 0 view .LVU7
  72 0000 044A     		ldr	r2, .L5
  73 0002 1368     		ldr	r3, [r2]
  74              		.loc 1 113 19 view .LVU8
  75 0004 DBB2     		uxtb	r3, r3
  76              		.loc 1 113 11 view .LVU9
  77 0006 0221     		movs	r1, #2
  78 0008 8B43     		bics	r3, r1
  79              	.LVL3:
 114:Generated_Source\PSoC4/I2C_sda.c ****     drVal = (drVal | ((uint8)(value << I2C_sda_SHIFT) & I2C_sda_MASK));
  80              		.loc 1 114 5 is_stmt 1 view .LVU10
  81              		.loc 1 114 23 is_stmt 0 view .LVU11
  82 000a 4000     		lsls	r0, r0, #1
  83              	.LVL4:
  84              		.loc 1 114 55 view .LVU12
  85 000c 0840     		ands	r0, r1
  86              		.loc 1 114 11 view .LVU13
  87 000e 1843     		orrs	r0, r3
  88              	.LVL5:
 115:Generated_Source\PSoC4/I2C_sda.c ****     I2C_sda_DR = (uint32)drVal;
  89              		.loc 1 115 5 is_stmt 1 view .LVU14
  90              		.loc 1 115 16 is_stmt 0 view .LVU15
  91 0010 1060     		str	r0, [r2]
 116:Generated_Source\PSoC4/I2C_sda.c **** }
  92              		.loc 1 116 1 view .LVU16
  93              		@ sp needed
  94 0012 7047     		bx	lr
  95              	.L6:
  96              		.align	2
  97              	.L5:
  98 0014 00040440 		.word	1074004992
  99              		.cfi_endproc
 100              	.LFE1:
 101              		.size	I2C_sda_Write, .-I2C_sda_Write
 102              		.section	.text.I2C_sda_Read,"ax",%progbits
 103              		.align	1
 104              		.global	I2C_sda_Read
 105              		.syntax unified
 106              		.code	16
 107              		.thumb_func
 108              		.fpu softvfp
 109              		.type	I2C_sda_Read, %function
 110              	I2C_sda_Read:
 111              	.LFB2:
 117:Generated_Source\PSoC4/I2C_sda.c **** 
ARM GAS  C:\Users\EDULU~1.DES\AppData\Local\Temp\ccCvlrIh.s 			page 5


 118:Generated_Source\PSoC4/I2C_sda.c **** 
 119:Generated_Source\PSoC4/I2C_sda.c **** /*******************************************************************************
 120:Generated_Source\PSoC4/I2C_sda.c **** * Function Name: I2C_sda_Read
 121:Generated_Source\PSoC4/I2C_sda.c **** ****************************************************************************//**
 122:Generated_Source\PSoC4/I2C_sda.c **** *
 123:Generated_Source\PSoC4/I2C_sda.c **** * \brief Reads the associated physical port (pin status register) and masks 
 124:Generated_Source\PSoC4/I2C_sda.c **** *  the required bits according to the width and bit position of the component
 125:Generated_Source\PSoC4/I2C_sda.c **** *  instance. 
 126:Generated_Source\PSoC4/I2C_sda.c **** *
 127:Generated_Source\PSoC4/I2C_sda.c **** * The pin's status register returns the current logic level present on the 
 128:Generated_Source\PSoC4/I2C_sda.c **** * physical pin.
 129:Generated_Source\PSoC4/I2C_sda.c **** *
 130:Generated_Source\PSoC4/I2C_sda.c **** * \return 
 131:Generated_Source\PSoC4/I2C_sda.c **** *  The current value for the pins in the component as a right justified number.
 132:Generated_Source\PSoC4/I2C_sda.c **** *
 133:Generated_Source\PSoC4/I2C_sda.c **** * \funcusage
 134:Generated_Source\PSoC4/I2C_sda.c **** *  \snippet I2C_sda_SUT.c usage_I2C_sda_Read  
 135:Generated_Source\PSoC4/I2C_sda.c **** *******************************************************************************/
 136:Generated_Source\PSoC4/I2C_sda.c **** uint8 I2C_sda_Read(void)
 137:Generated_Source\PSoC4/I2C_sda.c **** {
 112              		.loc 1 137 1 is_stmt 1 view -0
 113              		.cfi_startproc
 114              		@ args = 0, pretend = 0, frame = 0
 115              		@ frame_needed = 0, uses_anonymous_args = 0
 116              		@ link register save eliminated.
 138:Generated_Source\PSoC4/I2C_sda.c ****     return (uint8)((I2C_sda_PS & I2C_sda_MASK) >> I2C_sda_SHIFT);
 117              		.loc 1 138 5 view .LVU18
 118              		.loc 1 138 21 is_stmt 0 view .LVU19
 119 0000 024B     		ldr	r3, .L8
 120 0002 1B68     		ldr	r3, [r3]
 121              		.loc 1 138 48 view .LVU20
 122 0004 5B08     		lsrs	r3, r3, #1
 123              		.loc 1 138 12 view .LVU21
 124 0006 0120     		movs	r0, #1
 125 0008 1840     		ands	r0, r3
 139:Generated_Source\PSoC4/I2C_sda.c **** }
 126              		.loc 1 139 1 view .LVU22
 127              		@ sp needed
 128 000a 7047     		bx	lr
 129              	.L9:
 130              		.align	2
 131              	.L8:
 132 000c 04040440 		.word	1074004996
 133              		.cfi_endproc
 134              	.LFE2:
 135              		.size	I2C_sda_Read, .-I2C_sda_Read
 136              		.section	.text.I2C_sda_ReadDataReg,"ax",%progbits
 137              		.align	1
 138              		.global	I2C_sda_ReadDataReg
 139              		.syntax unified
 140              		.code	16
 141              		.thumb_func
 142              		.fpu softvfp
 143              		.type	I2C_sda_ReadDataReg, %function
 144              	I2C_sda_ReadDataReg:
 145              	.LFB3:
 140:Generated_Source\PSoC4/I2C_sda.c **** 
ARM GAS  C:\Users\EDULU~1.DES\AppData\Local\Temp\ccCvlrIh.s 			page 6


 141:Generated_Source\PSoC4/I2C_sda.c **** 
 142:Generated_Source\PSoC4/I2C_sda.c **** /*******************************************************************************
 143:Generated_Source\PSoC4/I2C_sda.c **** * Function Name: I2C_sda_ReadDataReg
 144:Generated_Source\PSoC4/I2C_sda.c **** ****************************************************************************//**
 145:Generated_Source\PSoC4/I2C_sda.c **** *
 146:Generated_Source\PSoC4/I2C_sda.c **** * \brief Reads the associated physical port's data output register and masks 
 147:Generated_Source\PSoC4/I2C_sda.c **** *  the correct bits according to the width and bit position of the component 
 148:Generated_Source\PSoC4/I2C_sda.c **** *  instance. 
 149:Generated_Source\PSoC4/I2C_sda.c **** *
 150:Generated_Source\PSoC4/I2C_sda.c **** * The data output register controls the signal applied to the physical pin in 
 151:Generated_Source\PSoC4/I2C_sda.c **** * conjunction with the drive mode parameter. This is not the same as the 
 152:Generated_Source\PSoC4/I2C_sda.c **** * preferred I2C_sda_Read() API because the 
 153:Generated_Source\PSoC4/I2C_sda.c **** * I2C_sda_ReadDataReg() reads the data register instead of the status 
 154:Generated_Source\PSoC4/I2C_sda.c **** * register. For output pins this is a useful function to determine the value 
 155:Generated_Source\PSoC4/I2C_sda.c **** * just written to the pin.
 156:Generated_Source\PSoC4/I2C_sda.c **** *
 157:Generated_Source\PSoC4/I2C_sda.c **** * \return 
 158:Generated_Source\PSoC4/I2C_sda.c **** *  The current value of the data register masked and shifted into a right 
 159:Generated_Source\PSoC4/I2C_sda.c **** *  justified number for the component instance.
 160:Generated_Source\PSoC4/I2C_sda.c **** *
 161:Generated_Source\PSoC4/I2C_sda.c **** * \funcusage
 162:Generated_Source\PSoC4/I2C_sda.c **** *  \snippet I2C_sda_SUT.c usage_I2C_sda_ReadDataReg 
 163:Generated_Source\PSoC4/I2C_sda.c **** *******************************************************************************/
 164:Generated_Source\PSoC4/I2C_sda.c **** uint8 I2C_sda_ReadDataReg(void)
 165:Generated_Source\PSoC4/I2C_sda.c **** {
 146              		.loc 1 165 1 is_stmt 1 view -0
 147              		.cfi_startproc
 148              		@ args = 0, pretend = 0, frame = 0
 149              		@ frame_needed = 0, uses_anonymous_args = 0
 150              		@ link register save eliminated.
 166:Generated_Source\PSoC4/I2C_sda.c ****     return (uint8)((I2C_sda_DR & I2C_sda_MASK) >> I2C_sda_SHIFT);
 151              		.loc 1 166 5 view .LVU24
 152              		.loc 1 166 21 is_stmt 0 view .LVU25
 153 0000 024B     		ldr	r3, .L11
 154 0002 1B68     		ldr	r3, [r3]
 155              		.loc 1 166 48 view .LVU26
 156 0004 5B08     		lsrs	r3, r3, #1
 157              		.loc 1 166 12 view .LVU27
 158 0006 0120     		movs	r0, #1
 159 0008 1840     		ands	r0, r3
 167:Generated_Source\PSoC4/I2C_sda.c **** }
 160              		.loc 1 167 1 view .LVU28
 161              		@ sp needed
 162 000a 7047     		bx	lr
 163              	.L12:
 164              		.align	2
 165              	.L11:
 166 000c 00040440 		.word	1074004992
 167              		.cfi_endproc
 168              	.LFE3:
 169              		.size	I2C_sda_ReadDataReg, .-I2C_sda_ReadDataReg
 170              		.section	.text.I2C_sda_SetInterruptMode,"ax",%progbits
 171              		.align	1
 172              		.global	I2C_sda_SetInterruptMode
 173              		.syntax unified
 174              		.code	16
 175              		.thumb_func
ARM GAS  C:\Users\EDULU~1.DES\AppData\Local\Temp\ccCvlrIh.s 			page 7


 176              		.fpu softvfp
 177              		.type	I2C_sda_SetInterruptMode, %function
 178              	I2C_sda_SetInterruptMode:
 179              	.LVL6:
 180              	.LFB4:
 168:Generated_Source\PSoC4/I2C_sda.c **** 
 169:Generated_Source\PSoC4/I2C_sda.c **** 
 170:Generated_Source\PSoC4/I2C_sda.c **** /*******************************************************************************
 171:Generated_Source\PSoC4/I2C_sda.c **** * Function Name: I2C_sda_SetInterruptMode
 172:Generated_Source\PSoC4/I2C_sda.c **** ****************************************************************************//**
 173:Generated_Source\PSoC4/I2C_sda.c **** *
 174:Generated_Source\PSoC4/I2C_sda.c **** * \brief Configures the interrupt mode for each of the Pins component's
 175:Generated_Source\PSoC4/I2C_sda.c **** *  pins. Alternatively you may set the interrupt mode for all the pins
 176:Generated_Source\PSoC4/I2C_sda.c **** *  specified in the Pins component.
 177:Generated_Source\PSoC4/I2C_sda.c **** *
 178:Generated_Source\PSoC4/I2C_sda.c **** *  <b>Note</b> The interrupt is port-wide and therefore any enabled pin
 179:Generated_Source\PSoC4/I2C_sda.c **** *  interrupt may trigger it.
 180:Generated_Source\PSoC4/I2C_sda.c **** *
 181:Generated_Source\PSoC4/I2C_sda.c **** * \param position
 182:Generated_Source\PSoC4/I2C_sda.c **** *  The pin position as listed in the Pins component. You may OR these to be 
 183:Generated_Source\PSoC4/I2C_sda.c **** *  able to configure the interrupt mode of multiple pins within a Pins 
 184:Generated_Source\PSoC4/I2C_sda.c **** *  component. Or you may use I2C_sda_INTR_ALL to configure the
 185:Generated_Source\PSoC4/I2C_sda.c **** *  interrupt mode of all the pins in the Pins component.       
 186:Generated_Source\PSoC4/I2C_sda.c **** *  - I2C_sda_0_INTR       (First pin in the list)
 187:Generated_Source\PSoC4/I2C_sda.c **** *  - I2C_sda_1_INTR       (Second pin in the list)
 188:Generated_Source\PSoC4/I2C_sda.c **** *  - ...
 189:Generated_Source\PSoC4/I2C_sda.c **** *  - I2C_sda_INTR_ALL     (All pins in Pins component)
 190:Generated_Source\PSoC4/I2C_sda.c **** *
 191:Generated_Source\PSoC4/I2C_sda.c **** * \param mode
 192:Generated_Source\PSoC4/I2C_sda.c **** *  Interrupt mode for the selected pins. Valid options are documented in
 193:Generated_Source\PSoC4/I2C_sda.c **** *  \ref intrMode.
 194:Generated_Source\PSoC4/I2C_sda.c **** *
 195:Generated_Source\PSoC4/I2C_sda.c **** * \return 
 196:Generated_Source\PSoC4/I2C_sda.c **** *  None
 197:Generated_Source\PSoC4/I2C_sda.c **** *  
 198:Generated_Source\PSoC4/I2C_sda.c **** * \sideeffect
 199:Generated_Source\PSoC4/I2C_sda.c **** *  It is recommended that the interrupt be disabled before calling this 
 200:Generated_Source\PSoC4/I2C_sda.c **** *  function to avoid unintended interrupt requests. Note that the interrupt
 201:Generated_Source\PSoC4/I2C_sda.c **** *  type is port wide, and therefore will trigger for any enabled pin on the 
 202:Generated_Source\PSoC4/I2C_sda.c **** *  port.
 203:Generated_Source\PSoC4/I2C_sda.c **** *
 204:Generated_Source\PSoC4/I2C_sda.c **** * \funcusage
 205:Generated_Source\PSoC4/I2C_sda.c **** *  \snippet I2C_sda_SUT.c usage_I2C_sda_SetInterruptMode
 206:Generated_Source\PSoC4/I2C_sda.c **** *******************************************************************************/
 207:Generated_Source\PSoC4/I2C_sda.c **** void I2C_sda_SetInterruptMode(uint16 position, uint16 mode)
 208:Generated_Source\PSoC4/I2C_sda.c **** {
 181              		.loc 1 208 1 is_stmt 1 view -0
 182              		.cfi_startproc
 183              		@ args = 0, pretend = 0, frame = 0
 184              		@ frame_needed = 0, uses_anonymous_args = 0
 185              		@ link register save eliminated.
 209:Generated_Source\PSoC4/I2C_sda.c ****     uint32 intrCfg;
 186              		.loc 1 209 5 view .LVU30
 210:Generated_Source\PSoC4/I2C_sda.c ****     
 211:Generated_Source\PSoC4/I2C_sda.c ****     intrCfg =  I2C_sda_INTCFG & (uint32)(~(uint32)position);
 187              		.loc 1 211 5 view .LVU31
 188              		.loc 1 211 16 is_stmt 0 view .LVU32
ARM GAS  C:\Users\EDULU~1.DES\AppData\Local\Temp\ccCvlrIh.s 			page 8


 189 0000 034A     		ldr	r2, .L14
 190 0002 1368     		ldr	r3, [r2]
 191              		.loc 1 211 13 view .LVU33
 192 0004 8343     		bics	r3, r0
 193              	.LVL7:
 212:Generated_Source\PSoC4/I2C_sda.c ****     I2C_sda_INTCFG = intrCfg | ((uint32)position & (uint32)mode);
 194              		.loc 1 212 5 is_stmt 1 view .LVU34
 195              		.loc 1 212 50 is_stmt 0 view .LVU35
 196 0006 0140     		ands	r1, r0
 197              	.LVL8:
 198              		.loc 1 212 30 view .LVU36
 199 0008 1943     		orrs	r1, r3
 200              		.loc 1 212 20 view .LVU37
 201 000a 1160     		str	r1, [r2]
 213:Generated_Source\PSoC4/I2C_sda.c **** }
 202              		.loc 1 213 1 view .LVU38
 203              		@ sp needed
 204 000c 7047     		bx	lr
 205              	.L15:
 206 000e C046     		.align	2
 207              	.L14:
 208 0010 0C040440 		.word	1074005004
 209              		.cfi_endproc
 210              	.LFE4:
 211              		.size	I2C_sda_SetInterruptMode, .-I2C_sda_SetInterruptMode
 212              		.section	.text.I2C_sda_ClearInterrupt,"ax",%progbits
 213              		.align	1
 214              		.global	I2C_sda_ClearInterrupt
 215              		.syntax unified
 216              		.code	16
 217              		.thumb_func
 218              		.fpu softvfp
 219              		.type	I2C_sda_ClearInterrupt, %function
 220              	I2C_sda_ClearInterrupt:
 221              	.LFB5:
 214:Generated_Source\PSoC4/I2C_sda.c **** 
 215:Generated_Source\PSoC4/I2C_sda.c **** 
 216:Generated_Source\PSoC4/I2C_sda.c **** /*******************************************************************************
 217:Generated_Source\PSoC4/I2C_sda.c **** * Function Name: I2C_sda_ClearInterrupt
 218:Generated_Source\PSoC4/I2C_sda.c **** ****************************************************************************//**
 219:Generated_Source\PSoC4/I2C_sda.c **** *
 220:Generated_Source\PSoC4/I2C_sda.c **** * \brief Clears any active interrupts attached with the component and returns 
 221:Generated_Source\PSoC4/I2C_sda.c **** *  the value of the interrupt status register allowing determination of which
 222:Generated_Source\PSoC4/I2C_sda.c **** *  pins generated an interrupt event.
 223:Generated_Source\PSoC4/I2C_sda.c **** *
 224:Generated_Source\PSoC4/I2C_sda.c **** * \return 
 225:Generated_Source\PSoC4/I2C_sda.c **** *  The right-shifted current value of the interrupt status register. Each pin 
 226:Generated_Source\PSoC4/I2C_sda.c **** *  has one bit set if it generated an interrupt event. For example, bit 0 is 
 227:Generated_Source\PSoC4/I2C_sda.c **** *  for pin 0 and bit 1 is for pin 1 of the Pins component.
 228:Generated_Source\PSoC4/I2C_sda.c **** *  
 229:Generated_Source\PSoC4/I2C_sda.c **** * \sideeffect
 230:Generated_Source\PSoC4/I2C_sda.c **** *  Clears all bits of the physical port's interrupt status register, not just
 231:Generated_Source\PSoC4/I2C_sda.c **** *  those associated with the Pins component.
 232:Generated_Source\PSoC4/I2C_sda.c **** *
 233:Generated_Source\PSoC4/I2C_sda.c **** * \funcusage
 234:Generated_Source\PSoC4/I2C_sda.c **** *  \snippet I2C_sda_SUT.c usage_I2C_sda_ClearInterrupt
 235:Generated_Source\PSoC4/I2C_sda.c **** *******************************************************************************/
ARM GAS  C:\Users\EDULU~1.DES\AppData\Local\Temp\ccCvlrIh.s 			page 9


 236:Generated_Source\PSoC4/I2C_sda.c **** uint8 I2C_sda_ClearInterrupt(void)
 237:Generated_Source\PSoC4/I2C_sda.c **** {
 222              		.loc 1 237 1 is_stmt 1 view -0
 223              		.cfi_startproc
 224              		@ args = 0, pretend = 0, frame = 0
 225              		@ frame_needed = 0, uses_anonymous_args = 0
 226              		@ link register save eliminated.
 238:Generated_Source\PSoC4/I2C_sda.c **** 	uint8 maskedStatus = (uint8)(I2C_sda_INTSTAT & I2C_sda_MASK);
 227              		.loc 1 238 2 view .LVU40
 228              		.loc 1 238 31 is_stmt 0 view .LVU41
 229 0000 034B     		ldr	r3, .L17
 230 0002 1868     		ldr	r0, [r3]
 231              		.loc 1 238 8 view .LVU42
 232 0004 0222     		movs	r2, #2
 233 0006 1040     		ands	r0, r2
 234              	.LVL9:
 239:Generated_Source\PSoC4/I2C_sda.c **** 	I2C_sda_INTSTAT = maskedStatus;
 235              		.loc 1 239 2 is_stmt 1 view .LVU43
 236              		.loc 1 239 18 is_stmt 0 view .LVU44
 237 0008 1860     		str	r0, [r3]
 240:Generated_Source\PSoC4/I2C_sda.c ****     return maskedStatus >> I2C_sda_SHIFT;
 238              		.loc 1 240 5 is_stmt 1 view .LVU45
 239              		.loc 1 240 25 is_stmt 0 view .LVU46
 240 000a 4008     		lsrs	r0, r0, #1
 241              	.LVL10:
 241:Generated_Source\PSoC4/I2C_sda.c **** }
 242              		.loc 1 241 1 view .LVU47
 243              		@ sp needed
 244 000c 7047     		bx	lr
 245              	.L18:
 246 000e C046     		.align	2
 247              	.L17:
 248 0010 10040440 		.word	1074005008
 249              		.cfi_endproc
 250              	.LFE5:
 251              		.size	I2C_sda_ClearInterrupt, .-I2C_sda_ClearInterrupt
 252              		.text
 253              	.Letext0:
 254              		.file 2 "Generated_Source\\PSoC4\\cytypes.h"
 255              		.section	.debug_info,"",%progbits
 256              	.Ldebug_info0:
 257 0000 C4010000 		.4byte	0x1c4
 258 0004 0400     		.2byte	0x4
 259 0006 00000000 		.4byte	.Ldebug_abbrev0
 260 000a 04       		.byte	0x4
 261 000b 01       		.uleb128 0x1
 262 000c 1D000000 		.4byte	.LASF25
 263 0010 0C       		.byte	0xc
 264 0011 5E020000 		.4byte	.LASF26
 265 0015 DB000000 		.4byte	.LASF27
 266 0019 00000000 		.4byte	.Ldebug_ranges0+0
 267 001d 00000000 		.4byte	0
 268 0021 00000000 		.4byte	.Ldebug_line0
 269 0025 02       		.uleb128 0x2
 270 0026 01       		.byte	0x1
 271 0027 06       		.byte	0x6
 272 0028 8D010000 		.4byte	.LASF0
ARM GAS  C:\Users\EDULU~1.DES\AppData\Local\Temp\ccCvlrIh.s 			page 10


 273 002c 02       		.uleb128 0x2
 274 002d 01       		.byte	0x1
 275 002e 08       		.byte	0x8
 276 002f 7F010000 		.4byte	.LASF1
 277 0033 02       		.uleb128 0x2
 278 0034 02       		.byte	0x2
 279 0035 05       		.byte	0x5
 280 0036 13000000 		.4byte	.LASF2
 281 003a 02       		.uleb128 0x2
 282 003b 02       		.byte	0x2
 283 003c 07       		.byte	0x7
 284 003d C3010000 		.4byte	.LASF3
 285 0041 02       		.uleb128 0x2
 286 0042 04       		.byte	0x4
 287 0043 05       		.byte	0x5
 288 0044 5D010000 		.4byte	.LASF4
 289 0048 02       		.uleb128 0x2
 290 0049 04       		.byte	0x4
 291 004a 07       		.byte	0x7
 292 004b 03020000 		.4byte	.LASF5
 293 004f 02       		.uleb128 0x2
 294 0050 08       		.byte	0x8
 295 0051 05       		.byte	0x5
 296 0052 4F010000 		.4byte	.LASF6
 297 0056 02       		.uleb128 0x2
 298 0057 08       		.byte	0x8
 299 0058 07       		.byte	0x7
 300 0059 99010000 		.4byte	.LASF7
 301 005d 03       		.uleb128 0x3
 302 005e 04       		.byte	0x4
 303 005f 05       		.byte	0x5
 304 0060 696E7400 		.ascii	"int\000"
 305 0064 02       		.uleb128 0x2
 306 0065 04       		.byte	0x4
 307 0066 07       		.byte	0x7
 308 0067 B0010000 		.4byte	.LASF8
 309 006b 04       		.uleb128 0x4
 310 006c D5000000 		.4byte	.LASF9
 311 0070 02       		.byte	0x2
 312 0071 E401     		.2byte	0x1e4
 313 0073 19       		.byte	0x19
 314 0074 2C000000 		.4byte	0x2c
 315 0078 04       		.uleb128 0x4
 316 0079 CE000000 		.4byte	.LASF10
 317 007d 02       		.byte	0x2
 318 007e E501     		.2byte	0x1e5
 319 0080 19       		.byte	0x19
 320 0081 3A000000 		.4byte	0x3a
 321 0085 04       		.uleb128 0x4
 322 0086 FC010000 		.4byte	.LASF11
 323 008a 02       		.byte	0x2
 324 008b E601     		.2byte	0x1e6
 325 008d 19       		.byte	0x19
 326 008e 48000000 		.4byte	0x48
 327 0092 05       		.uleb128 0x5
 328 0093 85000000 		.4byte	0x85
 329 0097 02       		.uleb128 0x2
ARM GAS  C:\Users\EDULU~1.DES\AppData\Local\Temp\ccCvlrIh.s 			page 11


 330 0098 04       		.byte	0x4
 331 0099 04       		.byte	0x4
 332 009a 49010000 		.4byte	.LASF12
 333 009e 02       		.uleb128 0x2
 334 009f 08       		.byte	0x8
 335 00a0 04       		.byte	0x4
 336 00a1 15020000 		.4byte	.LASF13
 337 00a5 02       		.uleb128 0x2
 338 00a6 01       		.byte	0x1
 339 00a7 08       		.byte	0x8
 340 00a8 D6010000 		.4byte	.LASF14
 341 00ac 04       		.uleb128 0x4
 342 00ad BD010000 		.4byte	.LASF15
 343 00b1 02       		.byte	0x2
 344 00b2 9002     		.2byte	0x290
 345 00b4 21       		.byte	0x21
 346 00b5 92000000 		.4byte	0x92
 347 00b9 06       		.uleb128 0x6
 348 00ba 1C020000 		.4byte	.LASF28
 349 00be 01       		.byte	0x1
 350 00bf EC       		.byte	0xec
 351 00c0 07       		.byte	0x7
 352 00c1 6B000000 		.4byte	0x6b
 353 00c5 00000000 		.4byte	.LFB5
 354 00c9 14000000 		.4byte	.LFE5-.LFB5
 355 00cd 01       		.uleb128 0x1
 356 00ce 9C       		.byte	0x9c
 357 00cf E8000000 		.4byte	0xe8
 358 00d3 07       		.uleb128 0x7
 359 00d4 DB010000 		.4byte	.LASF16
 360 00d8 01       		.byte	0x1
 361 00d9 EE       		.byte	0xee
 362 00da 08       		.byte	0x8
 363 00db 6B000000 		.4byte	0x6b
 364 00df 04000000 		.4byte	.LLST5
 365 00e3 00000000 		.4byte	.LVUS5
 366 00e7 00       		.byte	0
 367 00e8 08       		.uleb128 0x8
 368 00e9 66010000 		.4byte	.LASF20
 369 00ed 01       		.byte	0x1
 370 00ee CF       		.byte	0xcf
 371 00ef 06       		.byte	0x6
 372 00f0 00000000 		.4byte	.LFB4
 373 00f4 14000000 		.4byte	.LFE4-.LFB4
 374 00f8 01       		.uleb128 0x1
 375 00f9 9C       		.byte	0x9c
 376 00fa 35010000 		.4byte	0x135
 377 00fe 09       		.uleb128 0x9
 378 00ff 7F020000 		.4byte	.LASF29
 379 0103 01       		.byte	0x1
 380 0104 CF       		.byte	0xcf
 381 0105 26       		.byte	0x26
 382 0106 78000000 		.4byte	0x78
 383 010a 01       		.uleb128 0x1
 384 010b 50       		.byte	0x50
 385 010c 0A       		.uleb128 0xa
 386 010d C3000000 		.4byte	.LASF22
ARM GAS  C:\Users\EDULU~1.DES\AppData\Local\Temp\ccCvlrIh.s 			page 12


 387 0111 01       		.byte	0x1
 388 0112 CF       		.byte	0xcf
 389 0113 37       		.byte	0x37
 390 0114 78000000 		.4byte	0x78
 391 0118 29000000 		.4byte	.LLST3
 392 011c 25000000 		.4byte	.LVUS3
 393 0120 07       		.uleb128 0x7
 394 0121 41020000 		.4byte	.LASF17
 395 0125 01       		.byte	0x1
 396 0126 D1       		.byte	0xd1
 397 0127 0C       		.byte	0xc
 398 0128 85000000 		.4byte	0x85
 399 012c 4C000000 		.4byte	.LLST4
 400 0130 4A000000 		.4byte	.LVUS4
 401 0134 00       		.byte	0
 402 0135 0B       		.uleb128 0xb
 403 0136 E8010000 		.4byte	.LASF18
 404 013a 01       		.byte	0x1
 405 013b A4       		.byte	0xa4
 406 013c 07       		.byte	0x7
 407 013d 6B000000 		.4byte	0x6b
 408 0141 00000000 		.4byte	.LFB3
 409 0145 10000000 		.4byte	.LFE3-.LFB3
 410 0149 01       		.uleb128 0x1
 411 014a 9C       		.byte	0x9c
 412 014b 0B       		.uleb128 0xb
 413 014c 06000000 		.4byte	.LASF19
 414 0150 01       		.byte	0x1
 415 0151 88       		.byte	0x88
 416 0152 07       		.byte	0x7
 417 0153 6B000000 		.4byte	0x6b
 418 0157 00000000 		.4byte	.LFB2
 419 015b 10000000 		.4byte	.LFE2-.LFB2
 420 015f 01       		.uleb128 0x1
 421 0160 9C       		.byte	0x9c
 422 0161 08       		.uleb128 0x8
 423 0162 33020000 		.4byte	.LASF21
 424 0166 01       		.byte	0x1
 425 0167 6F       		.byte	0x6f
 426 0168 06       		.byte	0x6
 427 0169 00000000 		.4byte	.LFB1
 428 016d 18000000 		.4byte	.LFE1-.LFB1
 429 0171 01       		.uleb128 0x1
 430 0172 9C       		.byte	0x9c
 431 0173 A0010000 		.4byte	0x1a0
 432 0177 0A       		.uleb128 0xa
 433 0178 C8000000 		.4byte	.LASF23
 434 017c 01       		.byte	0x1
 435 017d 6F       		.byte	0x6f
 436 017e 1A       		.byte	0x1a
 437 017f 6B000000 		.4byte	0x6b
 438 0183 63000000 		.4byte	.LLST1
 439 0187 5F000000 		.4byte	.LVUS1
 440 018b 07       		.uleb128 0x7
 441 018c 00000000 		.4byte	.LASF24
 442 0190 01       		.byte	0x1
 443 0191 71       		.byte	0x71
ARM GAS  C:\Users\EDULU~1.DES\AppData\Local\Temp\ccCvlrIh.s 			page 13


 444 0192 0B       		.byte	0xb
 445 0193 6B000000 		.4byte	0x6b
 446 0197 88000000 		.4byte	.LLST2
 447 019b 84000000 		.4byte	.LVUS2
 448 019f 00       		.byte	0
 449 01a0 0C       		.uleb128 0xc
 450 01a1 49020000 		.4byte	.LASF30
 451 01a5 01       		.byte	0x1
 452 01a6 48       		.byte	0x48
 453 01a7 0A       		.byte	0xa
 454 01a8 00000000 		.4byte	.LFB0
 455 01ac 14000000 		.4byte	.LFE0-.LFB0
 456 01b0 01       		.uleb128 0x1
 457 01b1 9C       		.byte	0x9c
 458 01b2 0A       		.uleb128 0xa
 459 01b3 C3000000 		.4byte	.LASF22
 460 01b7 01       		.byte	0x1
 461 01b8 48       		.byte	0x48
 462 01b9 25       		.byte	0x25
 463 01ba 6B000000 		.4byte	0x6b
 464 01be AA000000 		.4byte	.LLST0
 465 01c2 A6000000 		.4byte	.LVUS0
 466 01c6 00       		.byte	0
 467 01c7 00       		.byte	0
 468              		.section	.debug_abbrev,"",%progbits
 469              	.Ldebug_abbrev0:
 470 0000 01       		.uleb128 0x1
 471 0001 11       		.uleb128 0x11
 472 0002 01       		.byte	0x1
 473 0003 25       		.uleb128 0x25
 474 0004 0E       		.uleb128 0xe
 475 0005 13       		.uleb128 0x13
 476 0006 0B       		.uleb128 0xb
 477 0007 03       		.uleb128 0x3
 478 0008 0E       		.uleb128 0xe
 479 0009 1B       		.uleb128 0x1b
 480 000a 0E       		.uleb128 0xe
 481 000b 55       		.uleb128 0x55
 482 000c 17       		.uleb128 0x17
 483 000d 11       		.uleb128 0x11
 484 000e 01       		.uleb128 0x1
 485 000f 10       		.uleb128 0x10
 486 0010 17       		.uleb128 0x17
 487 0011 00       		.byte	0
 488 0012 00       		.byte	0
 489 0013 02       		.uleb128 0x2
 490 0014 24       		.uleb128 0x24
 491 0015 00       		.byte	0
 492 0016 0B       		.uleb128 0xb
 493 0017 0B       		.uleb128 0xb
 494 0018 3E       		.uleb128 0x3e
 495 0019 0B       		.uleb128 0xb
 496 001a 03       		.uleb128 0x3
 497 001b 0E       		.uleb128 0xe
 498 001c 00       		.byte	0
 499 001d 00       		.byte	0
 500 001e 03       		.uleb128 0x3
ARM GAS  C:\Users\EDULU~1.DES\AppData\Local\Temp\ccCvlrIh.s 			page 14


 501 001f 24       		.uleb128 0x24
 502 0020 00       		.byte	0
 503 0021 0B       		.uleb128 0xb
 504 0022 0B       		.uleb128 0xb
 505 0023 3E       		.uleb128 0x3e
 506 0024 0B       		.uleb128 0xb
 507 0025 03       		.uleb128 0x3
 508 0026 08       		.uleb128 0x8
 509 0027 00       		.byte	0
 510 0028 00       		.byte	0
 511 0029 04       		.uleb128 0x4
 512 002a 16       		.uleb128 0x16
 513 002b 00       		.byte	0
 514 002c 03       		.uleb128 0x3
 515 002d 0E       		.uleb128 0xe
 516 002e 3A       		.uleb128 0x3a
 517 002f 0B       		.uleb128 0xb
 518 0030 3B       		.uleb128 0x3b
 519 0031 05       		.uleb128 0x5
 520 0032 39       		.uleb128 0x39
 521 0033 0B       		.uleb128 0xb
 522 0034 49       		.uleb128 0x49
 523 0035 13       		.uleb128 0x13
 524 0036 00       		.byte	0
 525 0037 00       		.byte	0
 526 0038 05       		.uleb128 0x5
 527 0039 35       		.uleb128 0x35
 528 003a 00       		.byte	0
 529 003b 49       		.uleb128 0x49
 530 003c 13       		.uleb128 0x13
 531 003d 00       		.byte	0
 532 003e 00       		.byte	0
 533 003f 06       		.uleb128 0x6
 534 0040 2E       		.uleb128 0x2e
 535 0041 01       		.byte	0x1
 536 0042 3F       		.uleb128 0x3f
 537 0043 19       		.uleb128 0x19
 538 0044 03       		.uleb128 0x3
 539 0045 0E       		.uleb128 0xe
 540 0046 3A       		.uleb128 0x3a
 541 0047 0B       		.uleb128 0xb
 542 0048 3B       		.uleb128 0x3b
 543 0049 0B       		.uleb128 0xb
 544 004a 39       		.uleb128 0x39
 545 004b 0B       		.uleb128 0xb
 546 004c 27       		.uleb128 0x27
 547 004d 19       		.uleb128 0x19
 548 004e 49       		.uleb128 0x49
 549 004f 13       		.uleb128 0x13
 550 0050 11       		.uleb128 0x11
 551 0051 01       		.uleb128 0x1
 552 0052 12       		.uleb128 0x12
 553 0053 06       		.uleb128 0x6
 554 0054 40       		.uleb128 0x40
 555 0055 18       		.uleb128 0x18
 556 0056 9742     		.uleb128 0x2117
 557 0058 19       		.uleb128 0x19
ARM GAS  C:\Users\EDULU~1.DES\AppData\Local\Temp\ccCvlrIh.s 			page 15


 558 0059 01       		.uleb128 0x1
 559 005a 13       		.uleb128 0x13
 560 005b 00       		.byte	0
 561 005c 00       		.byte	0
 562 005d 07       		.uleb128 0x7
 563 005e 34       		.uleb128 0x34
 564 005f 00       		.byte	0
 565 0060 03       		.uleb128 0x3
 566 0061 0E       		.uleb128 0xe
 567 0062 3A       		.uleb128 0x3a
 568 0063 0B       		.uleb128 0xb
 569 0064 3B       		.uleb128 0x3b
 570 0065 0B       		.uleb128 0xb
 571 0066 39       		.uleb128 0x39
 572 0067 0B       		.uleb128 0xb
 573 0068 49       		.uleb128 0x49
 574 0069 13       		.uleb128 0x13
 575 006a 02       		.uleb128 0x2
 576 006b 17       		.uleb128 0x17
 577 006c B742     		.uleb128 0x2137
 578 006e 17       		.uleb128 0x17
 579 006f 00       		.byte	0
 580 0070 00       		.byte	0
 581 0071 08       		.uleb128 0x8
 582 0072 2E       		.uleb128 0x2e
 583 0073 01       		.byte	0x1
 584 0074 3F       		.uleb128 0x3f
 585 0075 19       		.uleb128 0x19
 586 0076 03       		.uleb128 0x3
 587 0077 0E       		.uleb128 0xe
 588 0078 3A       		.uleb128 0x3a
 589 0079 0B       		.uleb128 0xb
 590 007a 3B       		.uleb128 0x3b
 591 007b 0B       		.uleb128 0xb
 592 007c 39       		.uleb128 0x39
 593 007d 0B       		.uleb128 0xb
 594 007e 27       		.uleb128 0x27
 595 007f 19       		.uleb128 0x19
 596 0080 11       		.uleb128 0x11
 597 0081 01       		.uleb128 0x1
 598 0082 12       		.uleb128 0x12
 599 0083 06       		.uleb128 0x6
 600 0084 40       		.uleb128 0x40
 601 0085 18       		.uleb128 0x18
 602 0086 9742     		.uleb128 0x2117
 603 0088 19       		.uleb128 0x19
 604 0089 01       		.uleb128 0x1
 605 008a 13       		.uleb128 0x13
 606 008b 00       		.byte	0
 607 008c 00       		.byte	0
 608 008d 09       		.uleb128 0x9
 609 008e 05       		.uleb128 0x5
 610 008f 00       		.byte	0
 611 0090 03       		.uleb128 0x3
 612 0091 0E       		.uleb128 0xe
 613 0092 3A       		.uleb128 0x3a
 614 0093 0B       		.uleb128 0xb
ARM GAS  C:\Users\EDULU~1.DES\AppData\Local\Temp\ccCvlrIh.s 			page 16


 615 0094 3B       		.uleb128 0x3b
 616 0095 0B       		.uleb128 0xb
 617 0096 39       		.uleb128 0x39
 618 0097 0B       		.uleb128 0xb
 619 0098 49       		.uleb128 0x49
 620 0099 13       		.uleb128 0x13
 621 009a 02       		.uleb128 0x2
 622 009b 18       		.uleb128 0x18
 623 009c 00       		.byte	0
 624 009d 00       		.byte	0
 625 009e 0A       		.uleb128 0xa
 626 009f 05       		.uleb128 0x5
 627 00a0 00       		.byte	0
 628 00a1 03       		.uleb128 0x3
 629 00a2 0E       		.uleb128 0xe
 630 00a3 3A       		.uleb128 0x3a
 631 00a4 0B       		.uleb128 0xb
 632 00a5 3B       		.uleb128 0x3b
 633 00a6 0B       		.uleb128 0xb
 634 00a7 39       		.uleb128 0x39
 635 00a8 0B       		.uleb128 0xb
 636 00a9 49       		.uleb128 0x49
 637 00aa 13       		.uleb128 0x13
 638 00ab 02       		.uleb128 0x2
 639 00ac 17       		.uleb128 0x17
 640 00ad B742     		.uleb128 0x2137
 641 00af 17       		.uleb128 0x17
 642 00b0 00       		.byte	0
 643 00b1 00       		.byte	0
 644 00b2 0B       		.uleb128 0xb
 645 00b3 2E       		.uleb128 0x2e
 646 00b4 00       		.byte	0
 647 00b5 3F       		.uleb128 0x3f
 648 00b6 19       		.uleb128 0x19
 649 00b7 03       		.uleb128 0x3
 650 00b8 0E       		.uleb128 0xe
 651 00b9 3A       		.uleb128 0x3a
 652 00ba 0B       		.uleb128 0xb
 653 00bb 3B       		.uleb128 0x3b
 654 00bc 0B       		.uleb128 0xb
 655 00bd 39       		.uleb128 0x39
 656 00be 0B       		.uleb128 0xb
 657 00bf 27       		.uleb128 0x27
 658 00c0 19       		.uleb128 0x19
 659 00c1 49       		.uleb128 0x49
 660 00c2 13       		.uleb128 0x13
 661 00c3 11       		.uleb128 0x11
 662 00c4 01       		.uleb128 0x1
 663 00c5 12       		.uleb128 0x12
 664 00c6 06       		.uleb128 0x6
 665 00c7 40       		.uleb128 0x40
 666 00c8 18       		.uleb128 0x18
 667 00c9 9742     		.uleb128 0x2117
 668 00cb 19       		.uleb128 0x19
 669 00cc 00       		.byte	0
 670 00cd 00       		.byte	0
 671 00ce 0C       		.uleb128 0xc
ARM GAS  C:\Users\EDULU~1.DES\AppData\Local\Temp\ccCvlrIh.s 			page 17


 672 00cf 2E       		.uleb128 0x2e
 673 00d0 01       		.byte	0x1
 674 00d1 3F       		.uleb128 0x3f
 675 00d2 19       		.uleb128 0x19
 676 00d3 03       		.uleb128 0x3
 677 00d4 0E       		.uleb128 0xe
 678 00d5 3A       		.uleb128 0x3a
 679 00d6 0B       		.uleb128 0xb
 680 00d7 3B       		.uleb128 0x3b
 681 00d8 0B       		.uleb128 0xb
 682 00d9 39       		.uleb128 0x39
 683 00da 0B       		.uleb128 0xb
 684 00db 27       		.uleb128 0x27
 685 00dc 19       		.uleb128 0x19
 686 00dd 11       		.uleb128 0x11
 687 00de 01       		.uleb128 0x1
 688 00df 12       		.uleb128 0x12
 689 00e0 06       		.uleb128 0x6
 690 00e1 40       		.uleb128 0x40
 691 00e2 18       		.uleb128 0x18
 692 00e3 9742     		.uleb128 0x2117
 693 00e5 19       		.uleb128 0x19
 694 00e6 00       		.byte	0
 695 00e7 00       		.byte	0
 696 00e8 00       		.byte	0
 697              		.section	.debug_loc,"",%progbits
 698              	.Ldebug_loc0:
 699              	.LVUS5:
 700 0000 00       		.uleb128 .LVU43
 701 0001 00       		.uleb128 .LVU47
 702 0002 00       		.uleb128 .LVU47
 703 0003 00       		.uleb128 0
 704              	.LLST5:
 705 0004 08000000 		.4byte	.LVL9
 706 0008 0C000000 		.4byte	.LVL10
 707 000c 0100     		.2byte	0x1
 708 000e 50       		.byte	0x50
 709 000f 0C000000 		.4byte	.LVL10
 710 0013 14000000 		.4byte	.LFE5
 711 0017 0400     		.2byte	0x4
 712 0019 73       		.byte	0x73
 713 001a 00       		.sleb128 0
 714 001b 06       		.byte	0x6
 715 001c 9F       		.byte	0x9f
 716 001d 00000000 		.4byte	0
 717 0021 00000000 		.4byte	0
 718              	.LVUS3:
 719 0025 00       		.uleb128 0
 720 0026 00       		.uleb128 .LVU36
 721 0027 00       		.uleb128 .LVU36
 722 0028 00       		.uleb128 0
 723              	.LLST3:
 724 0029 00000000 		.4byte	.LVL6
 725 002d 08000000 		.4byte	.LVL8
 726 0031 0100     		.2byte	0x1
 727 0033 51       		.byte	0x51
 728 0034 08000000 		.4byte	.LVL8
ARM GAS  C:\Users\EDULU~1.DES\AppData\Local\Temp\ccCvlrIh.s 			page 18


 729 0038 14000000 		.4byte	.LFE4
 730 003c 0400     		.2byte	0x4
 731 003e F3       		.byte	0xf3
 732 003f 01       		.uleb128 0x1
 733 0040 51       		.byte	0x51
 734 0041 9F       		.byte	0x9f
 735 0042 00000000 		.4byte	0
 736 0046 00000000 		.4byte	0
 737              	.LVUS4:
 738 004a 00       		.uleb128 .LVU34
 739 004b 00       		.uleb128 0
 740              	.LLST4:
 741 004c 06000000 		.4byte	.LVL7
 742 0050 14000000 		.4byte	.LFE4
 743 0054 0100     		.2byte	0x1
 744 0056 53       		.byte	0x53
 745 0057 00000000 		.4byte	0
 746 005b 00000000 		.4byte	0
 747              	.LVUS1:
 748 005f 00       		.uleb128 0
 749 0060 00       		.uleb128 .LVU12
 750 0061 00       		.uleb128 .LVU12
 751 0062 00       		.uleb128 0
 752              	.LLST1:
 753 0063 00000000 		.4byte	.LVL2
 754 0067 0C000000 		.4byte	.LVL4
 755 006b 0100     		.2byte	0x1
 756 006d 50       		.byte	0x50
 757 006e 0C000000 		.4byte	.LVL4
 758 0072 18000000 		.4byte	.LFE1
 759 0076 0400     		.2byte	0x4
 760 0078 F3       		.byte	0xf3
 761 0079 01       		.uleb128 0x1
 762 007a 50       		.byte	0x50
 763 007b 9F       		.byte	0x9f
 764 007c 00000000 		.4byte	0
 765 0080 00000000 		.4byte	0
 766              	.LVUS2:
 767 0084 00       		.uleb128 .LVU10
 768 0085 00       		.uleb128 .LVU14
 769 0086 00       		.uleb128 .LVU14
 770 0087 00       		.uleb128 0
 771              	.LLST2:
 772 0088 0A000000 		.4byte	.LVL3
 773 008c 10000000 		.4byte	.LVL5
 774 0090 0100     		.2byte	0x1
 775 0092 53       		.byte	0x53
 776 0093 10000000 		.4byte	.LVL5
 777 0097 18000000 		.4byte	.LFE1
 778 009b 0100     		.2byte	0x1
 779 009d 50       		.byte	0x50
 780 009e 00000000 		.4byte	0
 781 00a2 00000000 		.4byte	0
 782              	.LVUS0:
 783 00a6 00       		.uleb128 0
 784 00a7 00       		.uleb128 .LVU3
 785 00a8 00       		.uleb128 .LVU3
ARM GAS  C:\Users\EDULU~1.DES\AppData\Local\Temp\ccCvlrIh.s 			page 19


 786 00a9 00       		.uleb128 0
 787              	.LLST0:
 788 00aa 00000000 		.4byte	.LVL0
 789 00ae 0A000000 		.4byte	.LVL1
 790 00b2 0100     		.2byte	0x1
 791 00b4 50       		.byte	0x50
 792 00b5 0A000000 		.4byte	.LVL1
 793 00b9 14000000 		.4byte	.LFE0
 794 00bd 0400     		.2byte	0x4
 795 00bf F3       		.byte	0xf3
 796 00c0 01       		.uleb128 0x1
 797 00c1 50       		.byte	0x50
 798 00c2 9F       		.byte	0x9f
 799 00c3 00000000 		.4byte	0
 800 00c7 00000000 		.4byte	0
 801              		.section	.debug_aranges,"",%progbits
 802 0000 44000000 		.4byte	0x44
 803 0004 0200     		.2byte	0x2
 804 0006 00000000 		.4byte	.Ldebug_info0
 805 000a 04       		.byte	0x4
 806 000b 00       		.byte	0
 807 000c 0000     		.2byte	0
 808 000e 0000     		.2byte	0
 809 0010 00000000 		.4byte	.LFB0
 810 0014 14000000 		.4byte	.LFE0-.LFB0
 811 0018 00000000 		.4byte	.LFB1
 812 001c 18000000 		.4byte	.LFE1-.LFB1
 813 0020 00000000 		.4byte	.LFB2
 814 0024 10000000 		.4byte	.LFE2-.LFB2
 815 0028 00000000 		.4byte	.LFB3
 816 002c 10000000 		.4byte	.LFE3-.LFB3
 817 0030 00000000 		.4byte	.LFB4
 818 0034 14000000 		.4byte	.LFE4-.LFB4
 819 0038 00000000 		.4byte	.LFB5
 820 003c 14000000 		.4byte	.LFE5-.LFB5
 821 0040 00000000 		.4byte	0
 822 0044 00000000 		.4byte	0
 823              		.section	.debug_ranges,"",%progbits
 824              	.Ldebug_ranges0:
 825 0000 00000000 		.4byte	.LFB0
 826 0004 14000000 		.4byte	.LFE0
 827 0008 00000000 		.4byte	.LFB1
 828 000c 18000000 		.4byte	.LFE1
 829 0010 00000000 		.4byte	.LFB2
 830 0014 10000000 		.4byte	.LFE2
 831 0018 00000000 		.4byte	.LFB3
 832 001c 10000000 		.4byte	.LFE3
 833 0020 00000000 		.4byte	.LFB4
 834 0024 14000000 		.4byte	.LFE4
 835 0028 00000000 		.4byte	.LFB5
 836 002c 14000000 		.4byte	.LFE5
 837 0030 00000000 		.4byte	0
 838 0034 00000000 		.4byte	0
 839              		.section	.debug_line,"",%progbits
 840              	.Ldebug_line0:
 841 0000 3E010000 		.section	.debug_str,"MS",%progbits,1
 841      03004400 
ARM GAS  C:\Users\EDULU~1.DES\AppData\Local\Temp\ccCvlrIh.s 			page 20


 841      00000201 
 841      FB0E0D00 
 841      01010101 
 842              	.LASF24:
 843 0000 64725661 		.ascii	"drVal\000"
 843      6C00
 844              	.LASF19:
 845 0006 4932435F 		.ascii	"I2C_sda_Read\000"
 845      7364615F 
 845      52656164 
 845      00
 846              	.LASF2:
 847 0013 73686F72 		.ascii	"short int\000"
 847      7420696E 
 847      7400
 848              	.LASF25:
 849 001d 474E5520 		.ascii	"GNU C17 8.2.1 20181213 (release) [gcc-8-branch revi"
 849      43313720 
 849      382E322E 
 849      31203230 
 849      31383132 
 850 0050 73696F6E 		.ascii	"sion 267074] -mcpu=cortex-m0 -mthumb -mfloat-abi=so"
 850      20323637 
 850      3037345D 
 850      202D6D63 
 850      70753D63 
 851 0083 6674202D 		.ascii	"ft -march=armv6s-m -g -Og -ffunction-sections -ffat"
 851      6D617263 
 851      683D6172 
 851      6D763673 
 851      2D6D202D 
 852 00b6 2D6C746F 		.ascii	"-lto-objects\000"
 852      2D6F626A 
 852      65637473 
 852      00
 853              	.LASF22:
 854 00c3 6D6F6465 		.ascii	"mode\000"
 854      00
 855              	.LASF23:
 856 00c8 76616C75 		.ascii	"value\000"
 856      6500
 857              	.LASF10:
 858 00ce 75696E74 		.ascii	"uint16\000"
 858      313600
 859              	.LASF9:
 860 00d5 75696E74 		.ascii	"uint8\000"
 860      3800
 861              	.LASF27:
 862 00db 433A5C55 		.ascii	"C:\\Users\\edulu.DESKTOP-961TG4K\\Documents\\PSoC C"
 862      73657273 
 862      5C656475 
 862      6C752E44 
 862      45534B54 
 863 010a 72656174 		.ascii	"reator\\Micrium\\Examples\\Cypress\\CY8CKIT-044\\OS"
 863      6F725C4D 
 863      69637269 
 863      756D5C45 
ARM GAS  C:\Users\EDULU~1.DES\AppData\Local\Temp\ccCvlrIh.s 			page 21


 863      78616D70 
 864 0138 335C5053 		.ascii	"3\\PSoC\\OS3.cydsn\000"
 864      6F435C4F 
 864      53332E63 
 864      7964736E 
 864      00
 865              	.LASF12:
 866 0149 666C6F61 		.ascii	"float\000"
 866      7400
 867              	.LASF6:
 868 014f 6C6F6E67 		.ascii	"long long int\000"
 868      206C6F6E 
 868      6720696E 
 868      7400
 869              	.LASF4:
 870 015d 6C6F6E67 		.ascii	"long int\000"
 870      20696E74 
 870      00
 871              	.LASF20:
 872 0166 4932435F 		.ascii	"I2C_sda_SetInterruptMode\000"
 872      7364615F 
 872      53657449 
 872      6E746572 
 872      72757074 
 873              	.LASF1:
 874 017f 756E7369 		.ascii	"unsigned char\000"
 874      676E6564 
 874      20636861 
 874      7200
 875              	.LASF0:
 876 018d 7369676E 		.ascii	"signed char\000"
 876      65642063 
 876      68617200 
 877              	.LASF7:
 878 0199 6C6F6E67 		.ascii	"long long unsigned int\000"
 878      206C6F6E 
 878      6720756E 
 878      7369676E 
 878      65642069 
 879              	.LASF8:
 880 01b0 756E7369 		.ascii	"unsigned int\000"
 880      676E6564 
 880      20696E74 
 880      00
 881              	.LASF15:
 882 01bd 72656733 		.ascii	"reg32\000"
 882      3200
 883              	.LASF3:
 884 01c3 73686F72 		.ascii	"short unsigned int\000"
 884      7420756E 
 884      7369676E 
 884      65642069 
 884      6E7400
 885              	.LASF14:
 886 01d6 63686172 		.ascii	"char\000"
 886      00
 887              	.LASF16:
ARM GAS  C:\Users\EDULU~1.DES\AppData\Local\Temp\ccCvlrIh.s 			page 22


 888 01db 6D61736B 		.ascii	"maskedStatus\000"
 888      65645374 
 888      61747573 
 888      00
 889              	.LASF18:
 890 01e8 4932435F 		.ascii	"I2C_sda_ReadDataReg\000"
 890      7364615F 
 890      52656164 
 890      44617461 
 890      52656700 
 891              	.LASF11:
 892 01fc 75696E74 		.ascii	"uint32\000"
 892      333200
 893              	.LASF5:
 894 0203 6C6F6E67 		.ascii	"long unsigned int\000"
 894      20756E73 
 894      69676E65 
 894      6420696E 
 894      7400
 895              	.LASF13:
 896 0215 646F7562 		.ascii	"double\000"
 896      6C6500
 897              	.LASF28:
 898 021c 4932435F 		.ascii	"I2C_sda_ClearInterrupt\000"
 898      7364615F 
 898      436C6561 
 898      72496E74 
 898      65727275 
 899              	.LASF21:
 900 0233 4932435F 		.ascii	"I2C_sda_Write\000"
 900      7364615F 
 900      57726974 
 900      6500
 901              	.LASF17:
 902 0241 696E7472 		.ascii	"intrCfg\000"
 902      43666700 
 903              	.LASF30:
 904 0249 4932435F 		.ascii	"I2C_sda_SetDriveMode\000"
 904      7364615F 
 904      53657444 
 904      72697665 
 904      4D6F6465 
 905              	.LASF26:
 906 025e 47656E65 		.ascii	"Generated_Source\\PSoC4\\I2C_sda.c\000"
 906      72617465 
 906      645F536F 
 906      75726365 
 906      5C50536F 
 907              	.LASF29:
 908 027f 706F7369 		.ascii	"position\000"
 908      74696F6E 
 908      00
 909              		.ident	"GCC: (GNU Tools for Arm Embedded Processors 8-2018-q4-major) 8.2.1 20181213 (release) [gcc
