ARM GAS  C:\Users\EDULU~1.DES\AppData\Local\Temp\ccYcdbC0.s 			page 1


   1              		.cpu cortex-m0
   2              		.eabi_attribute 20, 1
   3              		.eabi_attribute 21, 1
   4              		.eabi_attribute 23, 3
   5              		.eabi_attribute 24, 1
   6              		.eabi_attribute 25, 1
   7              		.eabi_attribute 26, 1
   8              		.eabi_attribute 30, 1
   9              		.eabi_attribute 34, 0
  10              		.eabi_attribute 18, 4
  11              		.file	"I2C_I2C_BOOT.c"
  12              		.text
  13              	.Ltext0:
  14              		.cfi_sections	.debug_frame
  15              	.Letext0:
  16              		.file 1 "Generated_Source\\PSoC4/cytypes.h"
  17              		.file 2 "c:\\program files (x86)\\gnu tools arm embedded\\8 2018-q4-major\\arm-none-eabi\\include\
  18              		.file 3 "c:\\program files (x86)\\gnu tools arm embedded\\8 2018-q4-major\\arm-none-eabi\\include\
  19              		.file 4 "c:\\program files (x86)\\gnu tools arm embedded\\8 2018-q4-major\\lib\\gcc\\arm-none-eabi
  20              		.file 5 "c:\\program files (x86)\\gnu tools arm embedded\\8 2018-q4-major\\arm-none-eabi\\include\
  21              		.file 6 "c:\\program files (x86)\\gnu tools arm embedded\\8 2018-q4-major\\arm-none-eabi\\include\
  22              		.file 7 "Generated_Source\\PSoC4/CyLib.h"
  23              		.file 8 "Generated_Source\\PSoC4\\I2C.h"
  24              		.file 9 "Generated_Source\\PSoC4\\I2C_PVT.h"
  25              		.file 10 "Generated_Source\\PSoC4\\I2C_I2C_PVT.h"
  26              		.section	.debug_info,"",%progbits
  27              	.Ldebug_info0:
  28 0000 A00A0000 		.4byte	0xaa0
  29 0004 0400     		.2byte	0x4
  30 0006 00000000 		.4byte	.Ldebug_abbrev0
  31 000a 04       		.byte	0x4
  32 000b 01       		.uleb128 0x1
  33 000c 15030000 		.4byte	.LASF149
  34 0010 0C       		.byte	0xc
  35 0011 62050000 		.4byte	.LASF150
  36 0015 5E010000 		.4byte	.LASF151
  37 0019 00000000 		.4byte	.Ldebug_line0
  38 001d 02       		.uleb128 0x2
  39 001e 01       		.byte	0x1
  40 001f 06       		.byte	0x6
  41 0020 FA000000 		.4byte	.LASF0
  42 0024 02       		.uleb128 0x2
  43 0025 01       		.byte	0x1
  44 0026 08       		.byte	0x8
  45 0027 83040000 		.4byte	.LASF1
  46 002b 02       		.uleb128 0x2
  47 002c 02       		.byte	0x2
  48 002d 05       		.byte	0x5
  49 002e 9F040000 		.4byte	.LASF2
  50 0032 02       		.uleb128 0x2
  51 0033 02       		.byte	0x2
  52 0034 07       		.byte	0x7
  53 0035 C3020000 		.4byte	.LASF3
  54 0039 02       		.uleb128 0x2
  55 003a 04       		.byte	0x4
  56 003b 05       		.byte	0x5
  57 003c 3F010000 		.4byte	.LASF4
ARM GAS  C:\Users\EDULU~1.DES\AppData\Local\Temp\ccYcdbC0.s 			page 2


  58 0040 02       		.uleb128 0x2
  59 0041 04       		.byte	0x4
  60 0042 07       		.byte	0x7
  61 0043 A4020000 		.4byte	.LASF5
  62 0047 02       		.uleb128 0x2
  63 0048 08       		.byte	0x8
  64 0049 05       		.byte	0x5
  65 004a EC000000 		.4byte	.LASF6
  66 004e 02       		.uleb128 0x2
  67 004f 08       		.byte	0x8
  68 0050 07       		.byte	0x7
  69 0051 98000000 		.4byte	.LASF7
  70 0055 03       		.uleb128 0x3
  71 0056 04       		.byte	0x4
  72 0057 05       		.byte	0x5
  73 0058 696E7400 		.ascii	"int\000"
  74 005c 02       		.uleb128 0x2
  75 005d 04       		.byte	0x4
  76 005e 07       		.byte	0x7
  77 005f 6F020000 		.4byte	.LASF8
  78 0063 04       		.uleb128 0x4
  79 0064 D5010000 		.4byte	.LASF9
  80 0068 01       		.byte	0x1
  81 0069 E401     		.2byte	0x1e4
  82 006b 19       		.byte	0x19
  83 006c 24000000 		.4byte	0x24
  84 0070 05       		.uleb128 0x5
  85 0071 63000000 		.4byte	0x63
  86 0075 06       		.uleb128 0x6
  87 0076 63000000 		.4byte	0x63
  88 007a 04       		.uleb128 0x4
  89 007b 0C000000 		.4byte	.LASF10
  90 007f 01       		.byte	0x1
  91 0080 E501     		.2byte	0x1e5
  92 0082 19       		.byte	0x19
  93 0083 32000000 		.4byte	0x32
  94 0087 05       		.uleb128 0x5
  95 0088 7A000000 		.4byte	0x7a
  96 008c 04       		.uleb128 0x4
  97 008d 20020000 		.4byte	.LASF11
  98 0091 01       		.byte	0x1
  99 0092 E601     		.2byte	0x1e6
 100 0094 19       		.byte	0x19
 101 0095 40000000 		.4byte	0x40
 102 0099 05       		.uleb128 0x5
 103 009a 8C000000 		.4byte	0x8c
 104 009e 02       		.uleb128 0x2
 105 009f 04       		.byte	0x4
 106 00a0 04       		.byte	0x4
 107 00a1 54040000 		.4byte	.LASF12
 108 00a5 02       		.uleb128 0x2
 109 00a6 08       		.byte	0x8
 110 00a7 04       		.byte	0x4
 111 00a8 EA010000 		.4byte	.LASF13
 112 00ac 02       		.uleb128 0x2
 113 00ad 01       		.byte	0x1
 114 00ae 08       		.byte	0x8
ARM GAS  C:\Users\EDULU~1.DES\AppData\Local\Temp\ccYcdbC0.s 			page 3


 115 00af A3050000 		.4byte	.LASF14
 116 00b3 06       		.uleb128 0x6
 117 00b4 AC000000 		.4byte	0xac
 118 00b8 04       		.uleb128 0x4
 119 00b9 A8050000 		.4byte	.LASF15
 120 00bd 01       		.byte	0x1
 121 00be A002     		.2byte	0x2a0
 122 00c0 15       		.byte	0x15
 123 00c1 C5000000 		.4byte	0xc5
 124 00c5 07       		.uleb128 0x7
 125 00c6 04       		.byte	0x4
 126 00c7 CB000000 		.4byte	0xcb
 127 00cb 08       		.uleb128 0x8
 128 00cc 02       		.uleb128 0x2
 129 00cd 08       		.byte	0x8
 130 00ce 04       		.byte	0x4
 131 00cf 0D040000 		.4byte	.LASF16
 132 00d3 09       		.uleb128 0x9
 133 00d4 06030000 		.4byte	.LASF17
 134 00d8 02       		.byte	0x2
 135 00d9 22       		.byte	0x22
 136 00da 19       		.byte	0x19
 137 00db DF000000 		.4byte	0xdf
 138 00df 07       		.uleb128 0x7
 139 00e0 04       		.byte	0x4
 140 00e1 E5000000 		.4byte	0xe5
 141 00e5 0A       		.uleb128 0xa
 142 00e6 4D050000 		.4byte	.LASF123
 143 00ea 09       		.uleb128 0x9
 144 00eb 4D040000 		.4byte	.LASF18
 145 00ef 03       		.byte	0x3
 146 00f0 2C       		.byte	0x2c
 147 00f1 0E       		.byte	0xe
 148 00f2 39000000 		.4byte	0x39
 149 00f6 09       		.uleb128 0x9
 150 00f7 94050000 		.4byte	.LASF19
 151 00fb 03       		.byte	0x3
 152 00fc 72       		.byte	0x72
 153 00fd 0E       		.byte	0xe
 154 00fe 39000000 		.4byte	0x39
 155 0102 04       		.uleb128 0x4
 156 0103 0E030000 		.4byte	.LASF20
 157 0107 04       		.byte	0x4
 158 0108 6501     		.2byte	0x165
 159 010a 17       		.byte	0x17
 160 010b 5C000000 		.4byte	0x5c
 161 010f 0B       		.uleb128 0xb
 162 0110 04       		.byte	0x4
 163 0111 03       		.byte	0x3
 164 0112 A6       		.byte	0xa6
 165 0113 03       		.byte	0x3
 166 0114 31010000 		.4byte	0x131
 167 0118 0C       		.uleb128 0xc
 168 0119 00030000 		.4byte	.LASF21
 169 011d 03       		.byte	0x3
 170 011e A8       		.byte	0xa8
 171 011f 0C       		.byte	0xc
ARM GAS  C:\Users\EDULU~1.DES\AppData\Local\Temp\ccYcdbC0.s 			page 4


 172 0120 02010000 		.4byte	0x102
 173 0124 0C       		.uleb128 0xc
 174 0125 7C020000 		.4byte	.LASF22
 175 0129 03       		.byte	0x3
 176 012a A9       		.byte	0xa9
 177 012b 13       		.byte	0x13
 178 012c 31010000 		.4byte	0x131
 179 0130 00       		.byte	0
 180 0131 0D       		.uleb128 0xd
 181 0132 24000000 		.4byte	0x24
 182 0136 41010000 		.4byte	0x141
 183 013a 0E       		.uleb128 0xe
 184 013b 5C000000 		.4byte	0x5c
 185 013f 03       		.byte	0x3
 186 0140 00       		.byte	0
 187 0141 0F       		.uleb128 0xf
 188 0142 08       		.byte	0x8
 189 0143 03       		.byte	0x3
 190 0144 A3       		.byte	0xa3
 191 0145 09       		.byte	0x9
 192 0146 65010000 		.4byte	0x165
 193 014a 10       		.uleb128 0x10
 194 014b 45050000 		.4byte	.LASF23
 195 014f 03       		.byte	0x3
 196 0150 A5       		.byte	0xa5
 197 0151 07       		.byte	0x7
 198 0152 55000000 		.4byte	0x55
 199 0156 00       		.byte	0
 200 0157 10       		.uleb128 0x10
 201 0158 54050000 		.4byte	.LASF24
 202 015c 03       		.byte	0x3
 203 015d AA       		.byte	0xaa
 204 015e 05       		.byte	0x5
 205 015f 0F010000 		.4byte	0x10f
 206 0163 04       		.byte	0x4
 207 0164 00       		.byte	0
 208 0165 09       		.uleb128 0x9
 209 0166 C7040000 		.4byte	.LASF25
 210 016a 03       		.byte	0x3
 211 016b AB       		.byte	0xab
 212 016c 03       		.byte	0x3
 213 016d 41010000 		.4byte	0x141
 214 0171 09       		.uleb128 0x9
 215 0172 32020000 		.4byte	.LASF26
 216 0176 03       		.byte	0x3
 217 0177 AF       		.byte	0xaf
 218 0178 1B       		.byte	0x1b
 219 0179 D3000000 		.4byte	0xd3
 220 017d 11       		.uleb128 0x11
 221 017e 04       		.byte	0x4
 222 017f 07       		.uleb128 0x7
 223 0180 04       		.byte	0x4
 224 0181 AC000000 		.4byte	0xac
 225 0185 09       		.uleb128 0x9
 226 0186 0B060000 		.4byte	.LASF27
 227 018a 05       		.byte	0x5
 228 018b 16       		.byte	0x16
ARM GAS  C:\Users\EDULU~1.DES\AppData\Local\Temp\ccYcdbC0.s 			page 5


 229 018c 19       		.byte	0x19
 230 018d 40000000 		.4byte	0x40
 231 0191 12       		.uleb128 0x12
 232 0192 43020000 		.4byte	.LASF32
 233 0196 18       		.byte	0x18
 234 0197 05       		.byte	0x5
 235 0198 2F       		.byte	0x2f
 236 0199 08       		.byte	0x8
 237 019a EB010000 		.4byte	0x1eb
 238 019e 10       		.uleb128 0x10
 239 019f D8050000 		.4byte	.LASF28
 240 01a3 05       		.byte	0x5
 241 01a4 31       		.byte	0x31
 242 01a5 13       		.byte	0x13
 243 01a6 EB010000 		.4byte	0x1eb
 244 01aa 00       		.byte	0
 245 01ab 13       		.uleb128 0x13
 246 01ac 5F6B00   		.ascii	"_k\000"
 247 01af 05       		.byte	0x5
 248 01b0 32       		.byte	0x32
 249 01b1 07       		.byte	0x7
 250 01b2 55000000 		.4byte	0x55
 251 01b6 04       		.byte	0x4
 252 01b7 10       		.uleb128 0x10
 253 01b8 30050000 		.4byte	.LASF29
 254 01bc 05       		.byte	0x5
 255 01bd 32       		.byte	0x32
 256 01be 0B       		.byte	0xb
 257 01bf 55000000 		.4byte	0x55
 258 01c3 08       		.byte	0x8
 259 01c4 10       		.uleb128 0x10
 260 01c5 2C020000 		.4byte	.LASF30
 261 01c9 05       		.byte	0x5
 262 01ca 32       		.byte	0x32
 263 01cb 14       		.byte	0x14
 264 01cc 55000000 		.4byte	0x55
 265 01d0 0C       		.byte	0xc
 266 01d1 10       		.uleb128 0x10
 267 01d2 6B060000 		.4byte	.LASF31
 268 01d6 05       		.byte	0x5
 269 01d7 32       		.byte	0x32
 270 01d8 1B       		.byte	0x1b
 271 01d9 55000000 		.4byte	0x55
 272 01dd 10       		.byte	0x10
 273 01de 13       		.uleb128 0x13
 274 01df 5F7800   		.ascii	"_x\000"
 275 01e2 05       		.byte	0x5
 276 01e3 33       		.byte	0x33
 277 01e4 0B       		.byte	0xb
 278 01e5 F1010000 		.4byte	0x1f1
 279 01e9 14       		.byte	0x14
 280 01ea 00       		.byte	0
 281 01eb 07       		.uleb128 0x7
 282 01ec 04       		.byte	0x4
 283 01ed 91010000 		.4byte	0x191
 284 01f1 0D       		.uleb128 0xd
 285 01f2 85010000 		.4byte	0x185
ARM GAS  C:\Users\EDULU~1.DES\AppData\Local\Temp\ccYcdbC0.s 			page 6


 286 01f6 01020000 		.4byte	0x201
 287 01fa 0E       		.uleb128 0xe
 288 01fb 5C000000 		.4byte	0x5c
 289 01ff 00       		.byte	0
 290 0200 00       		.byte	0
 291 0201 12       		.uleb128 0x12
 292 0202 6A020000 		.4byte	.LASF33
 293 0206 24       		.byte	0x24
 294 0207 05       		.byte	0x5
 295 0208 37       		.byte	0x37
 296 0209 08       		.byte	0x8
 297 020a 84020000 		.4byte	0x284
 298 020e 10       		.uleb128 0x10
 299 020f E3000000 		.4byte	.LASF34
 300 0213 05       		.byte	0x5
 301 0214 39       		.byte	0x39
 302 0215 09       		.byte	0x9
 303 0216 55000000 		.4byte	0x55
 304 021a 00       		.byte	0
 305 021b 10       		.uleb128 0x10
 306 021c B5050000 		.4byte	.LASF35
 307 0220 05       		.byte	0x5
 308 0221 3A       		.byte	0x3a
 309 0222 09       		.byte	0x9
 310 0223 55000000 		.4byte	0x55
 311 0227 04       		.byte	0x4
 312 0228 10       		.uleb128 0x10
 313 0229 12010000 		.4byte	.LASF36
 314 022d 05       		.byte	0x5
 315 022e 3B       		.byte	0x3b
 316 022f 09       		.byte	0x9
 317 0230 55000000 		.4byte	0x55
 318 0234 08       		.byte	0x8
 319 0235 10       		.uleb128 0x10
 320 0236 28070000 		.4byte	.LASF37
 321 023a 05       		.byte	0x5
 322 023b 3C       		.byte	0x3c
 323 023c 09       		.byte	0x9
 324 023d 55000000 		.4byte	0x55
 325 0241 0C       		.byte	0xc
 326 0242 10       		.uleb128 0x10
 327 0243 31040000 		.4byte	.LASF38
 328 0247 05       		.byte	0x5
 329 0248 3D       		.byte	0x3d
 330 0249 09       		.byte	0x9
 331 024a 55000000 		.4byte	0x55
 332 024e 10       		.byte	0x10
 333 024f 10       		.uleb128 0x10
 334 0250 D0030000 		.4byte	.LASF39
 335 0254 05       		.byte	0x5
 336 0255 3E       		.byte	0x3e
 337 0256 09       		.byte	0x9
 338 0257 55000000 		.4byte	0x55
 339 025b 14       		.byte	0x14
 340 025c 10       		.uleb128 0x10
 341 025d 70060000 		.4byte	.LASF40
 342 0261 05       		.byte	0x5
ARM GAS  C:\Users\EDULU~1.DES\AppData\Local\Temp\ccYcdbC0.s 			page 7


 343 0262 3F       		.byte	0x3f
 344 0263 09       		.byte	0x9
 345 0264 55000000 		.4byte	0x55
 346 0268 18       		.byte	0x18
 347 0269 10       		.uleb128 0x10
 348 026a A9040000 		.4byte	.LASF41
 349 026e 05       		.byte	0x5
 350 026f 40       		.byte	0x40
 351 0270 09       		.byte	0x9
 352 0271 55000000 		.4byte	0x55
 353 0275 1C       		.byte	0x1c
 354 0276 10       		.uleb128 0x10
 355 0277 C6060000 		.4byte	.LASF42
 356 027b 05       		.byte	0x5
 357 027c 41       		.byte	0x41
 358 027d 09       		.byte	0x9
 359 027e 55000000 		.4byte	0x55
 360 0282 20       		.byte	0x20
 361 0283 00       		.byte	0
 362 0284 14       		.uleb128 0x14
 363 0285 21010000 		.4byte	.LASF43
 364 0289 0801     		.2byte	0x108
 365 028b 05       		.byte	0x5
 366 028c 4A       		.byte	0x4a
 367 028d 08       		.byte	0x8
 368 028e C9020000 		.4byte	0x2c9
 369 0292 10       		.uleb128 0x10
 370 0293 25000000 		.4byte	.LASF44
 371 0297 05       		.byte	0x5
 372 0298 4B       		.byte	0x4b
 373 0299 0A       		.byte	0xa
 374 029a C9020000 		.4byte	0x2c9
 375 029e 00       		.byte	0
 376 029f 10       		.uleb128 0x10
 377 02a0 00000000 		.4byte	.LASF45
 378 02a4 05       		.byte	0x5
 379 02a5 4C       		.byte	0x4c
 380 02a6 09       		.byte	0x9
 381 02a7 C9020000 		.4byte	0x2c9
 382 02ab 80       		.byte	0x80
 383 02ac 15       		.uleb128 0x15
 384 02ad EB050000 		.4byte	.LASF46
 385 02b1 05       		.byte	0x5
 386 02b2 4E       		.byte	0x4e
 387 02b3 0A       		.byte	0xa
 388 02b4 85010000 		.4byte	0x185
 389 02b8 0001     		.2byte	0x100
 390 02ba 15       		.uleb128 0x15
 391 02bb 4F010000 		.4byte	.LASF47
 392 02bf 05       		.byte	0x5
 393 02c0 51       		.byte	0x51
 394 02c1 0A       		.byte	0xa
 395 02c2 85010000 		.4byte	0x185
 396 02c6 0401     		.2byte	0x104
 397 02c8 00       		.byte	0
 398 02c9 0D       		.uleb128 0xd
 399 02ca 7D010000 		.4byte	0x17d
ARM GAS  C:\Users\EDULU~1.DES\AppData\Local\Temp\ccYcdbC0.s 			page 8


 400 02ce D9020000 		.4byte	0x2d9
 401 02d2 0E       		.uleb128 0xe
 402 02d3 5C000000 		.4byte	0x5c
 403 02d7 1F       		.byte	0x1f
 404 02d8 00       		.byte	0
 405 02d9 14       		.uleb128 0x14
 406 02da 3A040000 		.4byte	.LASF48
 407 02de 9001     		.2byte	0x190
 408 02e0 05       		.byte	0x5
 409 02e1 5D       		.byte	0x5d
 410 02e2 08       		.byte	0x8
 411 02e3 1C030000 		.4byte	0x31c
 412 02e7 10       		.uleb128 0x10
 413 02e8 D8050000 		.4byte	.LASF28
 414 02ec 05       		.byte	0x5
 415 02ed 5E       		.byte	0x5e
 416 02ee 12       		.byte	0x12
 417 02ef 1C030000 		.4byte	0x31c
 418 02f3 00       		.byte	0
 419 02f4 10       		.uleb128 0x10
 420 02f5 00050000 		.4byte	.LASF49
 421 02f9 05       		.byte	0x5
 422 02fa 5F       		.byte	0x5f
 423 02fb 06       		.byte	0x6
 424 02fc 55000000 		.4byte	0x55
 425 0300 04       		.byte	0x4
 426 0301 10       		.uleb128 0x10
 427 0302 27020000 		.4byte	.LASF50
 428 0306 05       		.byte	0x5
 429 0307 61       		.byte	0x61
 430 0308 09       		.byte	0x9
 431 0309 22030000 		.4byte	0x322
 432 030d 08       		.byte	0x8
 433 030e 10       		.uleb128 0x10
 434 030f 21010000 		.4byte	.LASF43
 435 0313 05       		.byte	0x5
 436 0314 62       		.byte	0x62
 437 0315 1E       		.byte	0x1e
 438 0316 84020000 		.4byte	0x284
 439 031a 88       		.byte	0x88
 440 031b 00       		.byte	0
 441 031c 07       		.uleb128 0x7
 442 031d 04       		.byte	0x4
 443 031e D9020000 		.4byte	0x2d9
 444 0322 0D       		.uleb128 0xd
 445 0323 C5000000 		.4byte	0xc5
 446 0327 32030000 		.4byte	0x332
 447 032b 0E       		.uleb128 0xe
 448 032c 5C000000 		.4byte	0x5c
 449 0330 1F       		.byte	0x1f
 450 0331 00       		.byte	0
 451 0332 12       		.uleb128 0x12
 452 0333 B3040000 		.4byte	.LASF51
 453 0337 08       		.byte	0x8
 454 0338 05       		.byte	0x5
 455 0339 75       		.byte	0x75
 456 033a 08       		.byte	0x8
ARM GAS  C:\Users\EDULU~1.DES\AppData\Local\Temp\ccYcdbC0.s 			page 9


 457 033b 5A030000 		.4byte	0x35a
 458 033f 10       		.uleb128 0x10
 459 0340 0C010000 		.4byte	.LASF52
 460 0344 05       		.byte	0x5
 461 0345 76       		.byte	0x76
 462 0346 11       		.byte	0x11
 463 0347 5A030000 		.4byte	0x35a
 464 034b 00       		.byte	0
 465 034c 10       		.uleb128 0x10
 466 034d 1F000000 		.4byte	.LASF53
 467 0351 05       		.byte	0x5
 468 0352 77       		.byte	0x77
 469 0353 06       		.byte	0x6
 470 0354 55000000 		.4byte	0x55
 471 0358 04       		.byte	0x4
 472 0359 00       		.byte	0
 473 035a 07       		.uleb128 0x7
 474 035b 04       		.byte	0x4
 475 035c 24000000 		.4byte	0x24
 476 0360 12       		.uleb128 0x12
 477 0361 D2040000 		.4byte	.LASF54
 478 0365 68       		.byte	0x68
 479 0366 05       		.byte	0x5
 480 0367 B5       		.byte	0xb5
 481 0368 08       		.byte	0x8
 482 0369 A3040000 		.4byte	0x4a3
 483 036d 13       		.uleb128 0x13
 484 036e 5F7000   		.ascii	"_p\000"
 485 0371 05       		.byte	0x5
 486 0372 B6       		.byte	0xb6
 487 0373 12       		.byte	0x12
 488 0374 5A030000 		.4byte	0x35a
 489 0378 00       		.byte	0
 490 0379 13       		.uleb128 0x13
 491 037a 5F7200   		.ascii	"_r\000"
 492 037d 05       		.byte	0x5
 493 037e B7       		.byte	0xb7
 494 037f 07       		.byte	0x7
 495 0380 55000000 		.4byte	0x55
 496 0384 04       		.byte	0x4
 497 0385 13       		.uleb128 0x13
 498 0386 5F7700   		.ascii	"_w\000"
 499 0389 05       		.byte	0x5
 500 038a B8       		.byte	0xb8
 501 038b 07       		.byte	0x7
 502 038c 55000000 		.4byte	0x55
 503 0390 08       		.byte	0x8
 504 0391 10       		.uleb128 0x10
 505 0392 48010000 		.4byte	.LASF55
 506 0396 05       		.byte	0x5
 507 0397 B9       		.byte	0xb9
 508 0398 09       		.byte	0x9
 509 0399 2B000000 		.4byte	0x2b
 510 039d 0C       		.byte	0xc
 511 039e 10       		.uleb128 0x10
 512 039f B6020000 		.4byte	.LASF56
 513 03a3 05       		.byte	0x5
ARM GAS  C:\Users\EDULU~1.DES\AppData\Local\Temp\ccYcdbC0.s 			page 10


 514 03a4 BA       		.byte	0xba
 515 03a5 09       		.byte	0x9
 516 03a6 2B000000 		.4byte	0x2b
 517 03aa 0E       		.byte	0xe
 518 03ab 13       		.uleb128 0x13
 519 03ac 5F626600 		.ascii	"_bf\000"
 520 03b0 05       		.byte	0x5
 521 03b1 BB       		.byte	0xbb
 522 03b2 11       		.byte	0x11
 523 03b3 32030000 		.4byte	0x332
 524 03b7 10       		.byte	0x10
 525 03b8 10       		.uleb128 0x10
 526 03b9 AF000000 		.4byte	.LASF57
 527 03bd 05       		.byte	0x5
 528 03be BC       		.byte	0xbc
 529 03bf 07       		.byte	0x7
 530 03c0 55000000 		.4byte	0x55
 531 03c4 18       		.byte	0x18
 532 03c5 10       		.uleb128 0x10
 533 03c6 2F010000 		.4byte	.LASF58
 534 03ca 05       		.byte	0x5
 535 03cb C3       		.byte	0xc3
 536 03cc 0A       		.byte	0xa
 537 03cd 7D010000 		.4byte	0x17d
 538 03d1 1C       		.byte	0x1c
 539 03d2 10       		.uleb128 0x10
 540 03d3 5A020000 		.4byte	.LASF59
 541 03d7 05       		.byte	0x5
 542 03d8 C5       		.byte	0xc5
 543 03d9 1D       		.byte	0x1d
 544 03da 15060000 		.4byte	0x615
 545 03de 20       		.byte	0x20
 546 03df 10       		.uleb128 0x10
 547 03e0 C9030000 		.4byte	.LASF60
 548 03e4 05       		.byte	0x5
 549 03e5 C7       		.byte	0xc7
 550 03e6 1D       		.byte	0x1d
 551 03e7 3F060000 		.4byte	0x63f
 552 03eb 24       		.byte	0x24
 553 03ec 10       		.uleb128 0x10
 554 03ed 5C050000 		.4byte	.LASF61
 555 03f1 05       		.byte	0x5
 556 03f2 CA       		.byte	0xca
 557 03f3 0D       		.byte	0xd
 558 03f4 63060000 		.4byte	0x663
 559 03f8 28       		.byte	0x28
 560 03f9 10       		.uleb128 0x10
 561 03fa E0060000 		.4byte	.LASF62
 562 03fe 05       		.byte	0x5
 563 03ff CB       		.byte	0xcb
 564 0400 09       		.byte	0x9
 565 0401 7D060000 		.4byte	0x67d
 566 0405 2C       		.byte	0x2c
 567 0406 13       		.uleb128 0x13
 568 0407 5F756200 		.ascii	"_ub\000"
 569 040b 05       		.byte	0x5
 570 040c CE       		.byte	0xce
ARM GAS  C:\Users\EDULU~1.DES\AppData\Local\Temp\ccYcdbC0.s 			page 11


 571 040d 11       		.byte	0x11
 572 040e 32030000 		.4byte	0x332
 573 0412 30       		.byte	0x30
 574 0413 13       		.uleb128 0x13
 575 0414 5F757000 		.ascii	"_up\000"
 576 0418 05       		.byte	0x5
 577 0419 CF       		.byte	0xcf
 578 041a 12       		.byte	0x12
 579 041b 5A030000 		.4byte	0x35a
 580 041f 38       		.byte	0x38
 581 0420 13       		.uleb128 0x13
 582 0421 5F757200 		.ascii	"_ur\000"
 583 0425 05       		.byte	0x5
 584 0426 D0       		.byte	0xd0
 585 0427 07       		.byte	0x7
 586 0428 55000000 		.4byte	0x55
 587 042c 3C       		.byte	0x3c
 588 042d 10       		.uleb128 0x10
 589 042e 06010000 		.4byte	.LASF63
 590 0432 05       		.byte	0x5
 591 0433 D3       		.byte	0xd3
 592 0434 11       		.byte	0x11
 593 0435 83060000 		.4byte	0x683
 594 0439 40       		.byte	0x40
 595 043a 10       		.uleb128 0x10
 596 043b AD060000 		.4byte	.LASF64
 597 043f 05       		.byte	0x5
 598 0440 D4       		.byte	0xd4
 599 0441 11       		.byte	0x11
 600 0442 93060000 		.4byte	0x693
 601 0446 43       		.byte	0x43
 602 0447 13       		.uleb128 0x13
 603 0448 5F6C6200 		.ascii	"_lb\000"
 604 044c 05       		.byte	0x5
 605 044d D7       		.byte	0xd7
 606 044e 11       		.byte	0x11
 607 044f 32030000 		.4byte	0x332
 608 0453 44       		.byte	0x44
 609 0454 10       		.uleb128 0x10
 610 0455 CC010000 		.4byte	.LASF65
 611 0459 05       		.byte	0x5
 612 045a DA       		.byte	0xda
 613 045b 07       		.byte	0x7
 614 045c 55000000 		.4byte	0x55
 615 0460 4C       		.byte	0x4c
 616 0461 10       		.uleb128 0x10
 617 0462 F9010000 		.4byte	.LASF66
 618 0466 05       		.byte	0x5
 619 0467 DB       		.byte	0xdb
 620 0468 0A       		.byte	0xa
 621 0469 EA000000 		.4byte	0xea
 622 046d 50       		.byte	0x50
 623 046e 10       		.uleb128 0x10
 624 046f 52000000 		.4byte	.LASF67
 625 0473 05       		.byte	0x5
 626 0474 DE       		.byte	0xde
 627 0475 12       		.byte	0x12
ARM GAS  C:\Users\EDULU~1.DES\AppData\Local\Temp\ccYcdbC0.s 			page 12


 628 0476 C1040000 		.4byte	0x4c1
 629 047a 54       		.byte	0x54
 630 047b 10       		.uleb128 0x10
 631 047c BB030000 		.4byte	.LASF68
 632 0480 05       		.byte	0x5
 633 0481 E2       		.byte	0xe2
 634 0482 0C       		.byte	0xc
 635 0483 71010000 		.4byte	0x171
 636 0487 58       		.byte	0x58
 637 0488 10       		.uleb128 0x10
 638 0489 DA040000 		.4byte	.LASF69
 639 048d 05       		.byte	0x5
 640 048e E4       		.byte	0xe4
 641 048f 0E       		.byte	0xe
 642 0490 65010000 		.4byte	0x165
 643 0494 5C       		.byte	0x5c
 644 0495 10       		.uleb128 0x10
 645 0496 C1030000 		.4byte	.LASF70
 646 049a 05       		.byte	0x5
 647 049b E5       		.byte	0xe5
 648 049c 09       		.byte	0x9
 649 049d 55000000 		.4byte	0x55
 650 04a1 64       		.byte	0x64
 651 04a2 00       		.byte	0
 652 04a3 16       		.uleb128 0x16
 653 04a4 55000000 		.4byte	0x55
 654 04a8 C1040000 		.4byte	0x4c1
 655 04ac 17       		.uleb128 0x17
 656 04ad C1040000 		.4byte	0x4c1
 657 04b1 17       		.uleb128 0x17
 658 04b2 7D010000 		.4byte	0x17d
 659 04b6 17       		.uleb128 0x17
 660 04b7 7F010000 		.4byte	0x17f
 661 04bb 17       		.uleb128 0x17
 662 04bc 55000000 		.4byte	0x55
 663 04c0 00       		.byte	0
 664 04c1 07       		.uleb128 0x7
 665 04c2 04       		.byte	0x4
 666 04c3 CC040000 		.4byte	0x4cc
 667 04c7 06       		.uleb128 0x6
 668 04c8 C1040000 		.4byte	0x4c1
 669 04cc 18       		.uleb128 0x18
 670 04cd 38050000 		.4byte	.LASF71
 671 04d1 2804     		.2byte	0x428
 672 04d3 05       		.byte	0x5
 673 04d4 6002     		.2byte	0x260
 674 04d6 08       		.byte	0x8
 675 04d7 15060000 		.4byte	0x615
 676 04db 19       		.uleb128 0x19
 677 04dc 9C050000 		.4byte	.LASF72
 678 04e0 05       		.byte	0x5
 679 04e1 6202     		.2byte	0x262
 680 04e3 07       		.byte	0x7
 681 04e4 55000000 		.4byte	0x55
 682 04e8 00       		.byte	0
 683 04e9 19       		.uleb128 0x19
 684 04ea 57010000 		.4byte	.LASF73
ARM GAS  C:\Users\EDULU~1.DES\AppData\Local\Temp\ccYcdbC0.s 			page 13


 685 04ee 05       		.byte	0x5
 686 04ef 6702     		.2byte	0x267
 687 04f1 0B       		.byte	0xb
 688 04f2 EF060000 		.4byte	0x6ef
 689 04f6 04       		.byte	0x4
 690 04f7 19       		.uleb128 0x19
 691 04f8 83020000 		.4byte	.LASF74
 692 04fc 05       		.byte	0x5
 693 04fd 6702     		.2byte	0x267
 694 04ff 14       		.byte	0x14
 695 0500 EF060000 		.4byte	0x6ef
 696 0504 08       		.byte	0x8
 697 0505 19       		.uleb128 0x19
 698 0506 3B020000 		.4byte	.LASF75
 699 050a 05       		.byte	0x5
 700 050b 6702     		.2byte	0x267
 701 050d 1E       		.byte	0x1e
 702 050e EF060000 		.4byte	0x6ef
 703 0512 0C       		.byte	0xc
 704 0513 19       		.uleb128 0x19
 705 0514 FB040000 		.4byte	.LASF76
 706 0518 05       		.byte	0x5
 707 0519 6902     		.2byte	0x269
 708 051b 08       		.byte	0x8
 709 051c 55000000 		.4byte	0x55
 710 0520 10       		.byte	0x10
 711 0521 19       		.uleb128 0x19
 712 0522 35000000 		.4byte	.LASF77
 713 0526 05       		.byte	0x5
 714 0527 6A02     		.2byte	0x26a
 715 0529 08       		.byte	0x8
 716 052a EF080000 		.4byte	0x8ef
 717 052e 14       		.byte	0x14
 718 052f 19       		.uleb128 0x19
 719 0530 17050000 		.4byte	.LASF78
 720 0534 05       		.byte	0x5
 721 0535 6D02     		.2byte	0x26d
 722 0537 07       		.byte	0x7
 723 0538 55000000 		.4byte	0x55
 724 053c 30       		.byte	0x30
 725 053d 19       		.uleb128 0x19
 726 053e 05050000 		.4byte	.LASF79
 727 0542 05       		.byte	0x5
 728 0543 6E02     		.2byte	0x26e
 729 0545 16       		.byte	0x16
 730 0546 04090000 		.4byte	0x904
 731 054a 34       		.byte	0x34
 732 054b 19       		.uleb128 0x19
 733 054c 42040000 		.4byte	.LASF80
 734 0550 05       		.byte	0x5
 735 0551 7002     		.2byte	0x270
 736 0553 07       		.byte	0x7
 737 0554 55000000 		.4byte	0x55
 738 0558 38       		.byte	0x38
 739 0559 19       		.uleb128 0x19
 740 055a 0D050000 		.4byte	.LASF81
 741 055e 05       		.byte	0x5
ARM GAS  C:\Users\EDULU~1.DES\AppData\Local\Temp\ccYcdbC0.s 			page 14


 742 055f 7202     		.2byte	0x272
 743 0561 0A       		.byte	0xa
 744 0562 15090000 		.4byte	0x915
 745 0566 3C       		.byte	0x3c
 746 0567 19       		.uleb128 0x19
 747 0568 F8020000 		.4byte	.LASF82
 748 056c 05       		.byte	0x5
 749 056d 7502     		.2byte	0x275
 750 056f 13       		.byte	0x13
 751 0570 EB010000 		.4byte	0x1eb
 752 0574 40       		.byte	0x40
 753 0575 19       		.uleb128 0x19
 754 0576 60020000 		.4byte	.LASF83
 755 057a 05       		.byte	0x5
 756 057b 7602     		.2byte	0x276
 757 057d 07       		.byte	0x7
 758 057e 55000000 		.4byte	0x55
 759 0582 44       		.byte	0x44
 760 0583 19       		.uleb128 0x19
 761 0584 FA060000 		.4byte	.LASF84
 762 0588 05       		.byte	0x5
 763 0589 7702     		.2byte	0x277
 764 058b 13       		.byte	0x13
 765 058c EB010000 		.4byte	0x1eb
 766 0590 48       		.byte	0x48
 767 0591 19       		.uleb128 0x19
 768 0592 5A040000 		.4byte	.LASF85
 769 0596 05       		.byte	0x5
 770 0597 7802     		.2byte	0x278
 771 0599 14       		.byte	0x14
 772 059a 1B090000 		.4byte	0x91b
 773 059e 4C       		.byte	0x4c
 774 059f 19       		.uleb128 0x19
 775 05a0 8B020000 		.4byte	.LASF86
 776 05a4 05       		.byte	0x5
 777 05a5 7B02     		.2byte	0x27b
 778 05a7 07       		.byte	0x7
 779 05a8 55000000 		.4byte	0x55
 780 05ac 50       		.byte	0x50
 781 05ad 19       		.uleb128 0x19
 782 05ae F1010000 		.4byte	.LASF87
 783 05b2 05       		.byte	0x5
 784 05b3 7C02     		.2byte	0x27c
 785 05b5 09       		.byte	0x9
 786 05b6 7F010000 		.4byte	0x17f
 787 05ba 54       		.byte	0x54
 788 05bb 19       		.uleb128 0x19
 789 05bc 91040000 		.4byte	.LASF88
 790 05c0 05       		.byte	0x5
 791 05c1 9F02     		.2byte	0x29f
 792 05c3 07       		.byte	0x7
 793 05c4 CA080000 		.4byte	0x8ca
 794 05c8 58       		.byte	0x58
 795 05c9 1A       		.uleb128 0x1a
 796 05ca 3A040000 		.4byte	.LASF48
 797 05ce 05       		.byte	0x5
 798 05cf A302     		.2byte	0x2a3
ARM GAS  C:\Users\EDULU~1.DES\AppData\Local\Temp\ccYcdbC0.s 			page 15


 799 05d1 13       		.byte	0x13
 800 05d2 1C030000 		.4byte	0x31c
 801 05d6 4801     		.2byte	0x148
 802 05d8 1A       		.uleb128 0x1a
 803 05d9 D6020000 		.4byte	.LASF89
 804 05dd 05       		.byte	0x5
 805 05de A402     		.2byte	0x2a4
 806 05e0 12       		.byte	0x12
 807 05e1 D9020000 		.4byte	0x2d9
 808 05e5 4C01     		.2byte	0x14c
 809 05e7 1A       		.uleb128 0x1a
 810 05e8 93060000 		.4byte	.LASF90
 811 05ec 05       		.byte	0x5
 812 05ed A802     		.2byte	0x2a8
 813 05ef 0C       		.byte	0xc
 814 05f0 2C090000 		.4byte	0x92c
 815 05f4 DC02     		.2byte	0x2dc
 816 05f6 1A       		.uleb128 0x1a
 817 05f7 37010000 		.4byte	.LASF91
 818 05fb 05       		.byte	0x5
 819 05fc AD02     		.2byte	0x2ad
 820 05fe 10       		.byte	0x10
 821 05ff B0060000 		.4byte	0x6b0
 822 0603 E002     		.2byte	0x2e0
 823 0605 1A       		.uleb128 0x1a
 824 0606 1C010000 		.4byte	.LASF92
 825 060a 05       		.byte	0x5
 826 060b AF02     		.2byte	0x2af
 827 060d 0A       		.byte	0xa
 828 060e 38090000 		.4byte	0x938
 829 0612 EC02     		.2byte	0x2ec
 830 0614 00       		.byte	0
 831 0615 07       		.uleb128 0x7
 832 0616 04       		.byte	0x4
 833 0617 A3040000 		.4byte	0x4a3
 834 061b 16       		.uleb128 0x16
 835 061c 55000000 		.4byte	0x55
 836 0620 39060000 		.4byte	0x639
 837 0624 17       		.uleb128 0x17
 838 0625 C1040000 		.4byte	0x4c1
 839 0629 17       		.uleb128 0x17
 840 062a 7D010000 		.4byte	0x17d
 841 062e 17       		.uleb128 0x17
 842 062f 39060000 		.4byte	0x639
 843 0633 17       		.uleb128 0x17
 844 0634 55000000 		.4byte	0x55
 845 0638 00       		.byte	0
 846 0639 07       		.uleb128 0x7
 847 063a 04       		.byte	0x4
 848 063b B3000000 		.4byte	0xb3
 849 063f 07       		.uleb128 0x7
 850 0640 04       		.byte	0x4
 851 0641 1B060000 		.4byte	0x61b
 852 0645 16       		.uleb128 0x16
 853 0646 F6000000 		.4byte	0xf6
 854 064a 63060000 		.4byte	0x663
 855 064e 17       		.uleb128 0x17
ARM GAS  C:\Users\EDULU~1.DES\AppData\Local\Temp\ccYcdbC0.s 			page 16


 856 064f C1040000 		.4byte	0x4c1
 857 0653 17       		.uleb128 0x17
 858 0654 7D010000 		.4byte	0x17d
 859 0658 17       		.uleb128 0x17
 860 0659 F6000000 		.4byte	0xf6
 861 065d 17       		.uleb128 0x17
 862 065e 55000000 		.4byte	0x55
 863 0662 00       		.byte	0
 864 0663 07       		.uleb128 0x7
 865 0664 04       		.byte	0x4
 866 0665 45060000 		.4byte	0x645
 867 0669 16       		.uleb128 0x16
 868 066a 55000000 		.4byte	0x55
 869 066e 7D060000 		.4byte	0x67d
 870 0672 17       		.uleb128 0x17
 871 0673 C1040000 		.4byte	0x4c1
 872 0677 17       		.uleb128 0x17
 873 0678 7D010000 		.4byte	0x17d
 874 067c 00       		.byte	0
 875 067d 07       		.uleb128 0x7
 876 067e 04       		.byte	0x4
 877 067f 69060000 		.4byte	0x669
 878 0683 0D       		.uleb128 0xd
 879 0684 24000000 		.4byte	0x24
 880 0688 93060000 		.4byte	0x693
 881 068c 0E       		.uleb128 0xe
 882 068d 5C000000 		.4byte	0x5c
 883 0691 02       		.byte	0x2
 884 0692 00       		.byte	0
 885 0693 0D       		.uleb128 0xd
 886 0694 24000000 		.4byte	0x24
 887 0698 A3060000 		.4byte	0x6a3
 888 069c 0E       		.uleb128 0xe
 889 069d 5C000000 		.4byte	0x5c
 890 06a1 00       		.byte	0
 891 06a2 00       		.byte	0
 892 06a3 04       		.uleb128 0x4
 893 06a4 C0040000 		.4byte	.LASF93
 894 06a8 05       		.byte	0x5
 895 06a9 1F01     		.2byte	0x11f
 896 06ab 1A       		.byte	0x1a
 897 06ac 60030000 		.4byte	0x360
 898 06b0 1B       		.uleb128 0x1b
 899 06b1 7A060000 		.4byte	.LASF94
 900 06b5 0C       		.byte	0xc
 901 06b6 05       		.byte	0x5
 902 06b7 2301     		.2byte	0x123
 903 06b9 08       		.byte	0x8
 904 06ba E9060000 		.4byte	0x6e9
 905 06be 19       		.uleb128 0x19
 906 06bf D8050000 		.4byte	.LASF28
 907 06c3 05       		.byte	0x5
 908 06c4 2501     		.2byte	0x125
 909 06c6 11       		.byte	0x11
 910 06c7 E9060000 		.4byte	0x6e9
 911 06cb 00       		.byte	0
 912 06cc 19       		.uleb128 0x19
ARM GAS  C:\Users\EDULU~1.DES\AppData\Local\Temp\ccYcdbC0.s 			page 17


 913 06cd BC020000 		.4byte	.LASF95
 914 06d1 05       		.byte	0x5
 915 06d2 2601     		.2byte	0x126
 916 06d4 07       		.byte	0x7
 917 06d5 55000000 		.4byte	0x55
 918 06d9 04       		.byte	0x4
 919 06da 19       		.uleb128 0x19
 920 06db BA040000 		.4byte	.LASF96
 921 06df 05       		.byte	0x5
 922 06e0 2701     		.2byte	0x127
 923 06e2 0B       		.byte	0xb
 924 06e3 EF060000 		.4byte	0x6ef
 925 06e7 08       		.byte	0x8
 926 06e8 00       		.byte	0
 927 06e9 07       		.uleb128 0x7
 928 06ea 04       		.byte	0x4
 929 06eb B0060000 		.4byte	0x6b0
 930 06ef 07       		.uleb128 0x7
 931 06f0 04       		.byte	0x4
 932 06f1 A3060000 		.4byte	0x6a3
 933 06f5 1B       		.uleb128 0x1b
 934 06f6 2D000000 		.4byte	.LASF97
 935 06fa 0E       		.byte	0xe
 936 06fb 05       		.byte	0x5
 937 06fc 3F01     		.2byte	0x13f
 938 06fe 08       		.byte	0x8
 939 06ff 2E070000 		.4byte	0x72e
 940 0703 19       		.uleb128 0x19
 941 0704 3F050000 		.4byte	.LASF98
 942 0708 05       		.byte	0x5
 943 0709 4001     		.2byte	0x140
 944 070b 12       		.byte	0x12
 945 070c 2E070000 		.4byte	0x72e
 946 0710 00       		.byte	0
 947 0711 19       		.uleb128 0x19
 948 0712 D2050000 		.4byte	.LASF99
 949 0716 05       		.byte	0x5
 950 0717 4101     		.2byte	0x141
 951 0719 12       		.byte	0x12
 952 071a 2E070000 		.4byte	0x72e
 953 071e 06       		.byte	0x6
 954 071f 19       		.uleb128 0x19
 955 0720 06060000 		.4byte	.LASF100
 956 0724 05       		.byte	0x5
 957 0725 4201     		.2byte	0x142
 958 0727 12       		.byte	0x12
 959 0728 32000000 		.4byte	0x32
 960 072c 0C       		.byte	0xc
 961 072d 00       		.byte	0
 962 072e 0D       		.uleb128 0xd
 963 072f 32000000 		.4byte	0x32
 964 0733 3E070000 		.4byte	0x73e
 965 0737 0E       		.uleb128 0xe
 966 0738 5C000000 		.4byte	0x5c
 967 073c 02       		.byte	0x2
 968 073d 00       		.byte	0
 969 073e 1C       		.uleb128 0x1c
ARM GAS  C:\Users\EDULU~1.DES\AppData\Local\Temp\ccYcdbC0.s 			page 18


 970 073f D0       		.byte	0xd0
 971 0740 05       		.byte	0x5
 972 0741 8002     		.2byte	0x280
 973 0743 07       		.byte	0x7
 974 0744 53080000 		.4byte	0x853
 975 0748 19       		.uleb128 0x19
 976 0749 4C060000 		.4byte	.LASF101
 977 074d 05       		.byte	0x5
 978 074e 8202     		.2byte	0x282
 979 0750 18       		.byte	0x18
 980 0751 5C000000 		.4byte	0x5c
 981 0755 00       		.byte	0
 982 0756 19       		.uleb128 0x19
 983 0757 DE050000 		.4byte	.LASF102
 984 075b 05       		.byte	0x5
 985 075c 8302     		.2byte	0x283
 986 075e 12       		.byte	0x12
 987 075f 7F010000 		.4byte	0x17f
 988 0763 04       		.byte	0x4
 989 0764 19       		.uleb128 0x19
 990 0765 EB020000 		.4byte	.LASF103
 991 0769 05       		.byte	0x5
 992 076a 8402     		.2byte	0x284
 993 076c 10       		.byte	0x10
 994 076d 53080000 		.4byte	0x853
 995 0771 08       		.byte	0x8
 996 0772 19       		.uleb128 0x19
 997 0773 D1060000 		.4byte	.LASF104
 998 0777 05       		.byte	0x5
 999 0778 8502     		.2byte	0x285
 1000 077a 17       		.byte	0x17
 1001 077b 01020000 		.4byte	0x201
 1002 077f 24       		.byte	0x24
 1003 0780 19       		.uleb128 0x19
 1004 0781 4B020000 		.4byte	.LASF105
 1005 0785 05       		.byte	0x5
 1006 0786 8602     		.2byte	0x286
 1007 0788 0F       		.byte	0xf
 1008 0789 55000000 		.4byte	0x55
 1009 078d 48       		.byte	0x48
 1010 078e 19       		.uleb128 0x19
 1011 078f E3040000 		.4byte	.LASF106
 1012 0793 05       		.byte	0x5
 1013 0794 8702     		.2byte	0x287
 1014 0796 2C       		.byte	0x2c
 1015 0797 4E000000 		.4byte	0x4e
 1016 079b 50       		.byte	0x50
 1017 079c 19       		.uleb128 0x19
 1018 079d E7060000 		.4byte	.LASF107
 1019 07a1 05       		.byte	0x5
 1020 07a2 8802     		.2byte	0x288
 1021 07a4 1A       		.byte	0x1a
 1022 07a5 F5060000 		.4byte	0x6f5
 1023 07a9 58       		.byte	0x58
 1024 07aa 19       		.uleb128 0x19
 1025 07ab EE040000 		.4byte	.LASF108
 1026 07af 05       		.byte	0x5
ARM GAS  C:\Users\EDULU~1.DES\AppData\Local\Temp\ccYcdbC0.s 			page 19


 1027 07b0 8902     		.2byte	0x289
 1028 07b2 16       		.byte	0x16
 1029 07b3 65010000 		.4byte	0x165
 1030 07b7 68       		.byte	0x68
 1031 07b8 19       		.uleb128 0x19
 1032 07b9 EC060000 		.4byte	.LASF109
 1033 07bd 05       		.byte	0x5
 1034 07be 8A02     		.2byte	0x28a
 1035 07c0 16       		.byte	0x16
 1036 07c1 65010000 		.4byte	0x165
 1037 07c5 70       		.byte	0x70
 1038 07c6 19       		.uleb128 0x19
 1039 07c7 64040000 		.4byte	.LASF110
 1040 07cb 05       		.byte	0x5
 1041 07cc 8B02     		.2byte	0x28b
 1042 07ce 16       		.byte	0x16
 1043 07cf 65010000 		.4byte	0x165
 1044 07d3 78       		.byte	0x78
 1045 07d4 19       		.uleb128 0x19
 1046 07d5 89060000 		.4byte	.LASF111
 1047 07d9 05       		.byte	0x5
 1048 07da 8C02     		.2byte	0x28c
 1049 07dc 10       		.byte	0x10
 1050 07dd 63080000 		.4byte	0x863
 1051 07e1 80       		.byte	0x80
 1052 07e2 19       		.uleb128 0x19
 1053 07e3 DF020000 		.4byte	.LASF112
 1054 07e7 05       		.byte	0x5
 1055 07e8 8D02     		.2byte	0x28d
 1056 07ea 10       		.byte	0x10
 1057 07eb 73080000 		.4byte	0x873
 1058 07ef 88       		.byte	0x88
 1059 07f0 19       		.uleb128 0x19
 1060 07f1 13060000 		.4byte	.LASF113
 1061 07f5 05       		.byte	0x5
 1062 07f6 8E02     		.2byte	0x28e
 1063 07f8 0F       		.byte	0xf
 1064 07f9 55000000 		.4byte	0x55
 1065 07fd A0       		.byte	0xa0
 1066 07fe 19       		.uleb128 0x19
 1067 07ff 12020000 		.4byte	.LASF114
 1068 0803 05       		.byte	0x5
 1069 0804 8F02     		.2byte	0x28f
 1070 0806 16       		.byte	0x16
 1071 0807 65010000 		.4byte	0x165
 1072 080b A4       		.byte	0xa4
 1073 080c 19       		.uleb128 0x19
 1074 080d D4000000 		.4byte	.LASF115
 1075 0811 05       		.byte	0x5
 1076 0812 9002     		.2byte	0x290
 1077 0814 16       		.byte	0x16
 1078 0815 65010000 		.4byte	0x165
 1079 0819 AC       		.byte	0xac
 1080 081a 19       		.uleb128 0x19
 1081 081b 01020000 		.4byte	.LASF116
 1082 081f 05       		.byte	0x5
 1083 0820 9102     		.2byte	0x291
ARM GAS  C:\Users\EDULU~1.DES\AppData\Local\Temp\ccYcdbC0.s 			page 20


 1084 0822 16       		.byte	0x16
 1085 0823 65010000 		.4byte	0x165
 1086 0827 B4       		.byte	0xb4
 1087 0828 19       		.uleb128 0x19
 1088 0829 65000000 		.4byte	.LASF117
 1089 082d 05       		.byte	0x5
 1090 082e 9202     		.2byte	0x292
 1091 0830 16       		.byte	0x16
 1092 0831 65010000 		.4byte	0x165
 1093 0835 BC       		.byte	0xbc
 1094 0836 19       		.uleb128 0x19
 1095 0837 87000000 		.4byte	.LASF118
 1096 083b 05       		.byte	0x5
 1097 083c 9302     		.2byte	0x293
 1098 083e 16       		.byte	0x16
 1099 083f 65010000 		.4byte	0x165
 1100 0843 C4       		.byte	0xc4
 1101 0844 19       		.uleb128 0x19
 1102 0845 96040000 		.4byte	.LASF119
 1103 0849 05       		.byte	0x5
 1104 084a 9402     		.2byte	0x294
 1105 084c 08       		.byte	0x8
 1106 084d 55000000 		.4byte	0x55
 1107 0851 CC       		.byte	0xcc
 1108 0852 00       		.byte	0
 1109 0853 0D       		.uleb128 0xd
 1110 0854 AC000000 		.4byte	0xac
 1111 0858 63080000 		.4byte	0x863
 1112 085c 0E       		.uleb128 0xe
 1113 085d 5C000000 		.4byte	0x5c
 1114 0861 19       		.byte	0x19
 1115 0862 00       		.byte	0
 1116 0863 0D       		.uleb128 0xd
 1117 0864 AC000000 		.4byte	0xac
 1118 0868 73080000 		.4byte	0x873
 1119 086c 0E       		.uleb128 0xe
 1120 086d 5C000000 		.4byte	0x5c
 1121 0871 07       		.byte	0x7
 1122 0872 00       		.byte	0
 1123 0873 0D       		.uleb128 0xd
 1124 0874 AC000000 		.4byte	0xac
 1125 0878 83080000 		.4byte	0x883
 1126 087c 0E       		.uleb128 0xe
 1127 087d 5C000000 		.4byte	0x5c
 1128 0881 17       		.byte	0x17
 1129 0882 00       		.byte	0
 1130 0883 1C       		.uleb128 0x1c
 1131 0884 F0       		.byte	0xf0
 1132 0885 05       		.byte	0x5
 1133 0886 9902     		.2byte	0x299
 1134 0888 07       		.byte	0x7
 1135 0889 AA080000 		.4byte	0x8aa
 1136 088d 19       		.uleb128 0x19
 1137 088e 19040000 		.4byte	.LASF120
 1138 0892 05       		.byte	0x5
 1139 0893 9C02     		.2byte	0x29c
 1140 0895 1B       		.byte	0x1b
ARM GAS  C:\Users\EDULU~1.DES\AppData\Local\Temp\ccYcdbC0.s 			page 21


 1141 0896 AA080000 		.4byte	0x8aa
 1142 089a 00       		.byte	0
 1143 089b 19       		.uleb128 0x19
 1144 089c 80060000 		.4byte	.LASF121
 1145 08a0 05       		.byte	0x5
 1146 08a1 9D02     		.2byte	0x29d
 1147 08a3 18       		.byte	0x18
 1148 08a4 BA080000 		.4byte	0x8ba
 1149 08a8 78       		.byte	0x78
 1150 08a9 00       		.byte	0
 1151 08aa 0D       		.uleb128 0xd
 1152 08ab 5A030000 		.4byte	0x35a
 1153 08af BA080000 		.4byte	0x8ba
 1154 08b3 0E       		.uleb128 0xe
 1155 08b4 5C000000 		.4byte	0x5c
 1156 08b8 1D       		.byte	0x1d
 1157 08b9 00       		.byte	0
 1158 08ba 0D       		.uleb128 0xd
 1159 08bb 5C000000 		.4byte	0x5c
 1160 08bf CA080000 		.4byte	0x8ca
 1161 08c3 0E       		.uleb128 0xe
 1162 08c4 5C000000 		.4byte	0x5c
 1163 08c8 1D       		.byte	0x1d
 1164 08c9 00       		.byte	0
 1165 08ca 1D       		.uleb128 0x1d
 1166 08cb F0       		.byte	0xf0
 1167 08cc 05       		.byte	0x5
 1168 08cd 7E02     		.2byte	0x27e
 1169 08cf 03       		.byte	0x3
 1170 08d0 EF080000 		.4byte	0x8ef
 1171 08d4 1E       		.uleb128 0x1e
 1172 08d5 38050000 		.4byte	.LASF71
 1173 08d9 05       		.byte	0x5
 1174 08da 9502     		.2byte	0x295
 1175 08dc 0B       		.byte	0xb
 1176 08dd 3E070000 		.4byte	0x73e
 1177 08e1 1E       		.uleb128 0x1e
 1178 08e2 B3060000 		.4byte	.LASF122
 1179 08e6 05       		.byte	0x5
 1180 08e7 9E02     		.2byte	0x29e
 1181 08e9 0B       		.byte	0xb
 1182 08ea 83080000 		.4byte	0x883
 1183 08ee 00       		.byte	0
 1184 08ef 0D       		.uleb128 0xd
 1185 08f0 AC000000 		.4byte	0xac
 1186 08f4 FF080000 		.4byte	0x8ff
 1187 08f8 0E       		.uleb128 0xe
 1188 08f9 5C000000 		.4byte	0x5c
 1189 08fd 18       		.byte	0x18
 1190 08fe 00       		.byte	0
 1191 08ff 0A       		.uleb128 0xa
 1192 0900 C9000000 		.4byte	.LASF124
 1193 0904 07       		.uleb128 0x7
 1194 0905 04       		.byte	0x4
 1195 0906 FF080000 		.4byte	0x8ff
 1196 090a 1F       		.uleb128 0x1f
 1197 090b 15090000 		.4byte	0x915
ARM GAS  C:\Users\EDULU~1.DES\AppData\Local\Temp\ccYcdbC0.s 			page 22


 1198 090f 17       		.uleb128 0x17
 1199 0910 C1040000 		.4byte	0x4c1
 1200 0914 00       		.byte	0
 1201 0915 07       		.uleb128 0x7
 1202 0916 04       		.byte	0x4
 1203 0917 0A090000 		.4byte	0x90a
 1204 091b 07       		.uleb128 0x7
 1205 091c 04       		.byte	0x4
 1206 091d EB010000 		.4byte	0x1eb
 1207 0921 1F       		.uleb128 0x1f
 1208 0922 2C090000 		.4byte	0x92c
 1209 0926 17       		.uleb128 0x17
 1210 0927 55000000 		.4byte	0x55
 1211 092b 00       		.byte	0
 1212 092c 07       		.uleb128 0x7
 1213 092d 04       		.byte	0x4
 1214 092e 32090000 		.4byte	0x932
 1215 0932 07       		.uleb128 0x7
 1216 0933 04       		.byte	0x4
 1217 0934 21090000 		.4byte	0x921
 1218 0938 0D       		.uleb128 0xd
 1219 0939 A3060000 		.4byte	0x6a3
 1220 093d 48090000 		.4byte	0x948
 1221 0941 0E       		.uleb128 0xe
 1222 0942 5C000000 		.4byte	0x5c
 1223 0946 02       		.byte	0x2
 1224 0947 00       		.byte	0
 1225 0948 20       		.uleb128 0x20
 1226 0949 88050000 		.4byte	.LASF125
 1227 094d 05       		.byte	0x5
 1228 094e 2E03     		.2byte	0x32e
 1229 0950 17       		.byte	0x17
 1230 0951 C1040000 		.4byte	0x4c1
 1231 0955 20       		.uleb128 0x20
 1232 0956 20060000 		.4byte	.LASF126
 1233 095a 05       		.byte	0x5
 1234 095b 2F03     		.2byte	0x32f
 1235 095d 1D       		.byte	0x1d
 1236 095e C7040000 		.4byte	0x4c7
 1237 0962 0D       		.uleb128 0xd
 1238 0963 B3000000 		.4byte	0xb3
 1239 0967 6D090000 		.4byte	0x96d
 1240 096b 21       		.uleb128 0x21
 1241 096c 00       		.byte	0
 1242 096d 06       		.uleb128 0x6
 1243 096e 62090000 		.4byte	0x962
 1244 0972 22       		.uleb128 0x22
 1245 0973 CA050000 		.4byte	.LASF127
 1246 0977 06       		.byte	0x6
 1247 0978 AE       		.byte	0xae
 1248 0979 1C       		.byte	0x1c
 1249 097a 6D090000 		.4byte	0x96d
 1250 097e 22       		.uleb128 0x22
 1251 097f FF030000 		.4byte	.LASF128
 1252 0983 07       		.byte	0x7
 1253 0984 D4       		.byte	0xd4
 1254 0985 0F       		.byte	0xf
ARM GAS  C:\Users\EDULU~1.DES\AppData\Local\Temp\ccYcdbC0.s 			page 23


 1255 0986 8C000000 		.4byte	0x8c
 1256 098a 22       		.uleb128 0x22
 1257 098b DB010000 		.4byte	.LASF129
 1258 098f 07       		.byte	0x7
 1259 0990 D5       		.byte	0xd5
 1260 0991 0F       		.byte	0xf
 1261 0992 8C000000 		.4byte	0x8c
 1262 0996 22       		.uleb128 0x22
 1263 0997 33060000 		.4byte	.LASF130
 1264 099b 07       		.byte	0x7
 1265 099c D6       		.byte	0xd6
 1266 099d 0F       		.byte	0xf
 1267 099e 63000000 		.4byte	0x63
 1268 09a2 22       		.uleb128 0x22
 1269 09a3 58000000 		.4byte	.LASF131
 1270 09a7 07       		.byte	0x7
 1271 09a8 D7       		.byte	0xd7
 1272 09a9 0F       		.byte	0xf
 1273 09aa 8C000000 		.4byte	0x8c
 1274 09ae 20       		.uleb128 0x20
 1275 09af B8000000 		.4byte	.LASF132
 1276 09b3 07       		.byte	0x7
 1277 09b4 0A01     		.2byte	0x10a
 1278 09b6 0F       		.byte	0xf
 1279 09b7 8C000000 		.4byte	0x8c
 1280 09bb 0D       		.uleb128 0xd
 1281 09bc 75000000 		.4byte	0x75
 1282 09c0 CB090000 		.4byte	0x9cb
 1283 09c4 0E       		.uleb128 0xe
 1284 09c5 5C000000 		.4byte	0x5c
 1285 09c9 2D       		.byte	0x2d
 1286 09ca 00       		.byte	0
 1287 09cb 06       		.uleb128 0x6
 1288 09cc BB090000 		.4byte	0x9bb
 1289 09d0 20       		.uleb128 0x20
 1290 09d1 20040000 		.4byte	.LASF133
 1291 09d5 07       		.byte	0x7
 1292 09d6 2402     		.2byte	0x224
 1293 09d8 1C       		.byte	0x1c
 1294 09d9 CB090000 		.4byte	0x9cb
 1295 09dd 0F       		.uleb128 0xf
 1296 09de 01       		.byte	0x1
 1297 09df 08       		.byte	0x8
 1298 09e0 60       		.byte	0x60
 1299 09e1 09       		.byte	0x9
 1300 09e2 F4090000 		.4byte	0x9f4
 1301 09e6 10       		.uleb128 0x10
 1302 09e7 BE050000 		.4byte	.LASF134
 1303 09eb 08       		.byte	0x8
 1304 09ec 62       		.byte	0x62
 1305 09ed 0B       		.byte	0xb
 1306 09ee 63000000 		.4byte	0x63
 1307 09f2 00       		.byte	0
 1308 09f3 00       		.byte	0
 1309 09f4 09       		.uleb128 0x9
 1310 09f5 F4050000 		.4byte	.LASF135
 1311 09f9 08       		.byte	0x8
ARM GAS  C:\Users\EDULU~1.DES\AppData\Local\Temp\ccYcdbC0.s 			page 24


 1312 09fa 63       		.byte	0x63
 1313 09fb 03       		.byte	0x3
 1314 09fc DD090000 		.4byte	0x9dd
 1315 0a00 20       		.uleb128 0x20
 1316 0a01 13000000 		.4byte	.LASF136
 1317 0a05 08       		.byte	0x8
 1318 0a06 B502     		.2byte	0x2b5
 1319 0a08 0E       		.byte	0xe
 1320 0a09 63000000 		.4byte	0x63
 1321 0a0d 22       		.uleb128 0x22
 1322 0a0e 12070000 		.4byte	.LASF137
 1323 0a12 09       		.byte	0x9
 1324 0a13 3B       		.byte	0x3b
 1325 0a14 19       		.byte	0x19
 1326 0a15 B8000000 		.4byte	0xb8
 1327 0a19 22       		.uleb128 0x22
 1328 0a1a BB060000 		.4byte	.LASF138
 1329 0a1e 09       		.byte	0x9
 1330 0a1f 3F       		.byte	0x3f
 1331 0a20 1A       		.byte	0x1a
 1332 0a21 F4090000 		.4byte	0x9f4
 1333 0a25 22       		.uleb128 0x22
 1334 0a26 42060000 		.4byte	.LASF139
 1335 0a2a 0A       		.byte	0xa
 1336 0a2b 1E       		.byte	0x1e
 1337 0a2c 17       		.byte	0x17
 1338 0a2d 70000000 		.4byte	0x70
 1339 0a31 22       		.uleb128 0x22
 1340 0a32 F0030000 		.4byte	.LASF140
 1341 0a36 0A       		.byte	0xa
 1342 0a37 31       		.byte	0x31
 1343 0a38 1C       		.byte	0x1c
 1344 0a39 87000000 		.4byte	0x87
 1345 0a3d 22       		.uleb128 0x22
 1346 0a3e 9D060000 		.4byte	.LASF141
 1347 0a42 0A       		.byte	0xa
 1348 0a43 32       		.byte	0x32
 1349 0a44 1C       		.byte	0x1c
 1350 0a45 70000000 		.4byte	0x70
 1351 0a49 22       		.uleb128 0x22
 1352 0a4a 93020000 		.4byte	.LASF142
 1353 0a4e 0A       		.byte	0xa
 1354 0a4f 35       		.byte	0x35
 1355 0a50 1D       		.byte	0x1d
 1356 0a51 550A0000 		.4byte	0xa55
 1357 0a55 07       		.uleb128 0x7
 1358 0a56 04       		.byte	0x4
 1359 0a57 70000000 		.4byte	0x70
 1360 0a5b 22       		.uleb128 0x22
 1361 0a5c 40000000 		.4byte	.LASF143
 1362 0a60 0A       		.byte	0xa
 1363 0a61 36       		.byte	0x36
 1364 0a62 1D       		.byte	0x1d
 1365 0a63 99000000 		.4byte	0x99
 1366 0a67 22       		.uleb128 0x22
 1367 0a68 FF060000 		.4byte	.LASF144
 1368 0a6c 0A       		.byte	0xa
ARM GAS  C:\Users\EDULU~1.DES\AppData\Local\Temp\ccYcdbC0.s 			page 25


 1369 0a6d 37       		.byte	0x37
 1370 0a6e 1D       		.byte	0x1d
 1371 0a6f 99000000 		.4byte	0x99
 1372 0a73 22       		.uleb128 0x22
 1373 0a74 72040000 		.4byte	.LASF145
 1374 0a78 0A       		.byte	0xa
 1375 0a79 3A       		.byte	0x3a
 1376 0a7a 1D       		.byte	0x1d
 1377 0a7b 550A0000 		.4byte	0xa55
 1378 0a7f 22       		.uleb128 0x22
 1379 0a80 59060000 		.4byte	.LASF146
 1380 0a84 0A       		.byte	0xa
 1381 0a85 3B       		.byte	0x3b
 1382 0a86 1D       		.byte	0x1d
 1383 0a87 99000000 		.4byte	0x99
 1384 0a8b 22       		.uleb128 0x22
 1385 0a8c 74000000 		.4byte	.LASF147
 1386 0a90 0A       		.byte	0xa
 1387 0a91 3C       		.byte	0x3c
 1388 0a92 1D       		.byte	0x1d
 1389 0a93 99000000 		.4byte	0x99
 1390 0a97 22       		.uleb128 0x22
 1391 0a98 DA030000 		.4byte	.LASF148
 1392 0a9c 0A       		.byte	0xa
 1393 0a9d 3D       		.byte	0x3d
 1394 0a9e 1D       		.byte	0x1d
 1395 0a9f 99000000 		.4byte	0x99
 1396 0aa3 00       		.byte	0
 1397              		.section	.debug_abbrev,"",%progbits
 1398              	.Ldebug_abbrev0:
 1399 0000 01       		.uleb128 0x1
 1400 0001 11       		.uleb128 0x11
 1401 0002 01       		.byte	0x1
 1402 0003 25       		.uleb128 0x25
 1403 0004 0E       		.uleb128 0xe
 1404 0005 13       		.uleb128 0x13
 1405 0006 0B       		.uleb128 0xb
 1406 0007 03       		.uleb128 0x3
 1407 0008 0E       		.uleb128 0xe
 1408 0009 1B       		.uleb128 0x1b
 1409 000a 0E       		.uleb128 0xe
 1410 000b 10       		.uleb128 0x10
 1411 000c 17       		.uleb128 0x17
 1412 000d 00       		.byte	0
 1413 000e 00       		.byte	0
 1414 000f 02       		.uleb128 0x2
 1415 0010 24       		.uleb128 0x24
 1416 0011 00       		.byte	0
 1417 0012 0B       		.uleb128 0xb
 1418 0013 0B       		.uleb128 0xb
 1419 0014 3E       		.uleb128 0x3e
 1420 0015 0B       		.uleb128 0xb
 1421 0016 03       		.uleb128 0x3
 1422 0017 0E       		.uleb128 0xe
 1423 0018 00       		.byte	0
 1424 0019 00       		.byte	0
 1425 001a 03       		.uleb128 0x3
ARM GAS  C:\Users\EDULU~1.DES\AppData\Local\Temp\ccYcdbC0.s 			page 26


 1426 001b 24       		.uleb128 0x24
 1427 001c 00       		.byte	0
 1428 001d 0B       		.uleb128 0xb
 1429 001e 0B       		.uleb128 0xb
 1430 001f 3E       		.uleb128 0x3e
 1431 0020 0B       		.uleb128 0xb
 1432 0021 03       		.uleb128 0x3
 1433 0022 08       		.uleb128 0x8
 1434 0023 00       		.byte	0
 1435 0024 00       		.byte	0
 1436 0025 04       		.uleb128 0x4
 1437 0026 16       		.uleb128 0x16
 1438 0027 00       		.byte	0
 1439 0028 03       		.uleb128 0x3
 1440 0029 0E       		.uleb128 0xe
 1441 002a 3A       		.uleb128 0x3a
 1442 002b 0B       		.uleb128 0xb
 1443 002c 3B       		.uleb128 0x3b
 1444 002d 05       		.uleb128 0x5
 1445 002e 39       		.uleb128 0x39
 1446 002f 0B       		.uleb128 0xb
 1447 0030 49       		.uleb128 0x49
 1448 0031 13       		.uleb128 0x13
 1449 0032 00       		.byte	0
 1450 0033 00       		.byte	0
 1451 0034 05       		.uleb128 0x5
 1452 0035 35       		.uleb128 0x35
 1453 0036 00       		.byte	0
 1454 0037 49       		.uleb128 0x49
 1455 0038 13       		.uleb128 0x13
 1456 0039 00       		.byte	0
 1457 003a 00       		.byte	0
 1458 003b 06       		.uleb128 0x6
 1459 003c 26       		.uleb128 0x26
 1460 003d 00       		.byte	0
 1461 003e 49       		.uleb128 0x49
 1462 003f 13       		.uleb128 0x13
 1463 0040 00       		.byte	0
 1464 0041 00       		.byte	0
 1465 0042 07       		.uleb128 0x7
 1466 0043 0F       		.uleb128 0xf
 1467 0044 00       		.byte	0
 1468 0045 0B       		.uleb128 0xb
 1469 0046 0B       		.uleb128 0xb
 1470 0047 49       		.uleb128 0x49
 1471 0048 13       		.uleb128 0x13
 1472 0049 00       		.byte	0
 1473 004a 00       		.byte	0
 1474 004b 08       		.uleb128 0x8
 1475 004c 15       		.uleb128 0x15
 1476 004d 00       		.byte	0
 1477 004e 27       		.uleb128 0x27
 1478 004f 19       		.uleb128 0x19
 1479 0050 00       		.byte	0
 1480 0051 00       		.byte	0
 1481 0052 09       		.uleb128 0x9
 1482 0053 16       		.uleb128 0x16
ARM GAS  C:\Users\EDULU~1.DES\AppData\Local\Temp\ccYcdbC0.s 			page 27


 1483 0054 00       		.byte	0
 1484 0055 03       		.uleb128 0x3
 1485 0056 0E       		.uleb128 0xe
 1486 0057 3A       		.uleb128 0x3a
 1487 0058 0B       		.uleb128 0xb
 1488 0059 3B       		.uleb128 0x3b
 1489 005a 0B       		.uleb128 0xb
 1490 005b 39       		.uleb128 0x39
 1491 005c 0B       		.uleb128 0xb
 1492 005d 49       		.uleb128 0x49
 1493 005e 13       		.uleb128 0x13
 1494 005f 00       		.byte	0
 1495 0060 00       		.byte	0
 1496 0061 0A       		.uleb128 0xa
 1497 0062 13       		.uleb128 0x13
 1498 0063 00       		.byte	0
 1499 0064 03       		.uleb128 0x3
 1500 0065 0E       		.uleb128 0xe
 1501 0066 3C       		.uleb128 0x3c
 1502 0067 19       		.uleb128 0x19
 1503 0068 00       		.byte	0
 1504 0069 00       		.byte	0
 1505 006a 0B       		.uleb128 0xb
 1506 006b 17       		.uleb128 0x17
 1507 006c 01       		.byte	0x1
 1508 006d 0B       		.uleb128 0xb
 1509 006e 0B       		.uleb128 0xb
 1510 006f 3A       		.uleb128 0x3a
 1511 0070 0B       		.uleb128 0xb
 1512 0071 3B       		.uleb128 0x3b
 1513 0072 0B       		.uleb128 0xb
 1514 0073 39       		.uleb128 0x39
 1515 0074 0B       		.uleb128 0xb
 1516 0075 01       		.uleb128 0x1
 1517 0076 13       		.uleb128 0x13
 1518 0077 00       		.byte	0
 1519 0078 00       		.byte	0
 1520 0079 0C       		.uleb128 0xc
 1521 007a 0D       		.uleb128 0xd
 1522 007b 00       		.byte	0
 1523 007c 03       		.uleb128 0x3
 1524 007d 0E       		.uleb128 0xe
 1525 007e 3A       		.uleb128 0x3a
 1526 007f 0B       		.uleb128 0xb
 1527 0080 3B       		.uleb128 0x3b
 1528 0081 0B       		.uleb128 0xb
 1529 0082 39       		.uleb128 0x39
 1530 0083 0B       		.uleb128 0xb
 1531 0084 49       		.uleb128 0x49
 1532 0085 13       		.uleb128 0x13
 1533 0086 00       		.byte	0
 1534 0087 00       		.byte	0
 1535 0088 0D       		.uleb128 0xd
 1536 0089 01       		.uleb128 0x1
 1537 008a 01       		.byte	0x1
 1538 008b 49       		.uleb128 0x49
 1539 008c 13       		.uleb128 0x13
ARM GAS  C:\Users\EDULU~1.DES\AppData\Local\Temp\ccYcdbC0.s 			page 28


 1540 008d 01       		.uleb128 0x1
 1541 008e 13       		.uleb128 0x13
 1542 008f 00       		.byte	0
 1543 0090 00       		.byte	0
 1544 0091 0E       		.uleb128 0xe
 1545 0092 21       		.uleb128 0x21
 1546 0093 00       		.byte	0
 1547 0094 49       		.uleb128 0x49
 1548 0095 13       		.uleb128 0x13
 1549 0096 2F       		.uleb128 0x2f
 1550 0097 0B       		.uleb128 0xb
 1551 0098 00       		.byte	0
 1552 0099 00       		.byte	0
 1553 009a 0F       		.uleb128 0xf
 1554 009b 13       		.uleb128 0x13
 1555 009c 01       		.byte	0x1
 1556 009d 0B       		.uleb128 0xb
 1557 009e 0B       		.uleb128 0xb
 1558 009f 3A       		.uleb128 0x3a
 1559 00a0 0B       		.uleb128 0xb
 1560 00a1 3B       		.uleb128 0x3b
 1561 00a2 0B       		.uleb128 0xb
 1562 00a3 39       		.uleb128 0x39
 1563 00a4 0B       		.uleb128 0xb
 1564 00a5 01       		.uleb128 0x1
 1565 00a6 13       		.uleb128 0x13
 1566 00a7 00       		.byte	0
 1567 00a8 00       		.byte	0
 1568 00a9 10       		.uleb128 0x10
 1569 00aa 0D       		.uleb128 0xd
 1570 00ab 00       		.byte	0
 1571 00ac 03       		.uleb128 0x3
 1572 00ad 0E       		.uleb128 0xe
 1573 00ae 3A       		.uleb128 0x3a
 1574 00af 0B       		.uleb128 0xb
 1575 00b0 3B       		.uleb128 0x3b
 1576 00b1 0B       		.uleb128 0xb
 1577 00b2 39       		.uleb128 0x39
 1578 00b3 0B       		.uleb128 0xb
 1579 00b4 49       		.uleb128 0x49
 1580 00b5 13       		.uleb128 0x13
 1581 00b6 38       		.uleb128 0x38
 1582 00b7 0B       		.uleb128 0xb
 1583 00b8 00       		.byte	0
 1584 00b9 00       		.byte	0
 1585 00ba 11       		.uleb128 0x11
 1586 00bb 0F       		.uleb128 0xf
 1587 00bc 00       		.byte	0
 1588 00bd 0B       		.uleb128 0xb
 1589 00be 0B       		.uleb128 0xb
 1590 00bf 00       		.byte	0
 1591 00c0 00       		.byte	0
 1592 00c1 12       		.uleb128 0x12
 1593 00c2 13       		.uleb128 0x13
 1594 00c3 01       		.byte	0x1
 1595 00c4 03       		.uleb128 0x3
 1596 00c5 0E       		.uleb128 0xe
ARM GAS  C:\Users\EDULU~1.DES\AppData\Local\Temp\ccYcdbC0.s 			page 29


 1597 00c6 0B       		.uleb128 0xb
 1598 00c7 0B       		.uleb128 0xb
 1599 00c8 3A       		.uleb128 0x3a
 1600 00c9 0B       		.uleb128 0xb
 1601 00ca 3B       		.uleb128 0x3b
 1602 00cb 0B       		.uleb128 0xb
 1603 00cc 39       		.uleb128 0x39
 1604 00cd 0B       		.uleb128 0xb
 1605 00ce 01       		.uleb128 0x1
 1606 00cf 13       		.uleb128 0x13
 1607 00d0 00       		.byte	0
 1608 00d1 00       		.byte	0
 1609 00d2 13       		.uleb128 0x13
 1610 00d3 0D       		.uleb128 0xd
 1611 00d4 00       		.byte	0
 1612 00d5 03       		.uleb128 0x3
 1613 00d6 08       		.uleb128 0x8
 1614 00d7 3A       		.uleb128 0x3a
 1615 00d8 0B       		.uleb128 0xb
 1616 00d9 3B       		.uleb128 0x3b
 1617 00da 0B       		.uleb128 0xb
 1618 00db 39       		.uleb128 0x39
 1619 00dc 0B       		.uleb128 0xb
 1620 00dd 49       		.uleb128 0x49
 1621 00de 13       		.uleb128 0x13
 1622 00df 38       		.uleb128 0x38
 1623 00e0 0B       		.uleb128 0xb
 1624 00e1 00       		.byte	0
 1625 00e2 00       		.byte	0
 1626 00e3 14       		.uleb128 0x14
 1627 00e4 13       		.uleb128 0x13
 1628 00e5 01       		.byte	0x1
 1629 00e6 03       		.uleb128 0x3
 1630 00e7 0E       		.uleb128 0xe
 1631 00e8 0B       		.uleb128 0xb
 1632 00e9 05       		.uleb128 0x5
 1633 00ea 3A       		.uleb128 0x3a
 1634 00eb 0B       		.uleb128 0xb
 1635 00ec 3B       		.uleb128 0x3b
 1636 00ed 0B       		.uleb128 0xb
 1637 00ee 39       		.uleb128 0x39
 1638 00ef 0B       		.uleb128 0xb
 1639 00f0 01       		.uleb128 0x1
 1640 00f1 13       		.uleb128 0x13
 1641 00f2 00       		.byte	0
 1642 00f3 00       		.byte	0
 1643 00f4 15       		.uleb128 0x15
 1644 00f5 0D       		.uleb128 0xd
 1645 00f6 00       		.byte	0
 1646 00f7 03       		.uleb128 0x3
 1647 00f8 0E       		.uleb128 0xe
 1648 00f9 3A       		.uleb128 0x3a
 1649 00fa 0B       		.uleb128 0xb
 1650 00fb 3B       		.uleb128 0x3b
 1651 00fc 0B       		.uleb128 0xb
 1652 00fd 39       		.uleb128 0x39
 1653 00fe 0B       		.uleb128 0xb
ARM GAS  C:\Users\EDULU~1.DES\AppData\Local\Temp\ccYcdbC0.s 			page 30


 1654 00ff 49       		.uleb128 0x49
 1655 0100 13       		.uleb128 0x13
 1656 0101 38       		.uleb128 0x38
 1657 0102 05       		.uleb128 0x5
 1658 0103 00       		.byte	0
 1659 0104 00       		.byte	0
 1660 0105 16       		.uleb128 0x16
 1661 0106 15       		.uleb128 0x15
 1662 0107 01       		.byte	0x1
 1663 0108 27       		.uleb128 0x27
 1664 0109 19       		.uleb128 0x19
 1665 010a 49       		.uleb128 0x49
 1666 010b 13       		.uleb128 0x13
 1667 010c 01       		.uleb128 0x1
 1668 010d 13       		.uleb128 0x13
 1669 010e 00       		.byte	0
 1670 010f 00       		.byte	0
 1671 0110 17       		.uleb128 0x17
 1672 0111 05       		.uleb128 0x5
 1673 0112 00       		.byte	0
 1674 0113 49       		.uleb128 0x49
 1675 0114 13       		.uleb128 0x13
 1676 0115 00       		.byte	0
 1677 0116 00       		.byte	0
 1678 0117 18       		.uleb128 0x18
 1679 0118 13       		.uleb128 0x13
 1680 0119 01       		.byte	0x1
 1681 011a 03       		.uleb128 0x3
 1682 011b 0E       		.uleb128 0xe
 1683 011c 0B       		.uleb128 0xb
 1684 011d 05       		.uleb128 0x5
 1685 011e 3A       		.uleb128 0x3a
 1686 011f 0B       		.uleb128 0xb
 1687 0120 3B       		.uleb128 0x3b
 1688 0121 05       		.uleb128 0x5
 1689 0122 39       		.uleb128 0x39
 1690 0123 0B       		.uleb128 0xb
 1691 0124 01       		.uleb128 0x1
 1692 0125 13       		.uleb128 0x13
 1693 0126 00       		.byte	0
 1694 0127 00       		.byte	0
 1695 0128 19       		.uleb128 0x19
 1696 0129 0D       		.uleb128 0xd
 1697 012a 00       		.byte	0
 1698 012b 03       		.uleb128 0x3
 1699 012c 0E       		.uleb128 0xe
 1700 012d 3A       		.uleb128 0x3a
 1701 012e 0B       		.uleb128 0xb
 1702 012f 3B       		.uleb128 0x3b
 1703 0130 05       		.uleb128 0x5
 1704 0131 39       		.uleb128 0x39
 1705 0132 0B       		.uleb128 0xb
 1706 0133 49       		.uleb128 0x49
 1707 0134 13       		.uleb128 0x13
 1708 0135 38       		.uleb128 0x38
 1709 0136 0B       		.uleb128 0xb
 1710 0137 00       		.byte	0
ARM GAS  C:\Users\EDULU~1.DES\AppData\Local\Temp\ccYcdbC0.s 			page 31


 1711 0138 00       		.byte	0
 1712 0139 1A       		.uleb128 0x1a
 1713 013a 0D       		.uleb128 0xd
 1714 013b 00       		.byte	0
 1715 013c 03       		.uleb128 0x3
 1716 013d 0E       		.uleb128 0xe
 1717 013e 3A       		.uleb128 0x3a
 1718 013f 0B       		.uleb128 0xb
 1719 0140 3B       		.uleb128 0x3b
 1720 0141 05       		.uleb128 0x5
 1721 0142 39       		.uleb128 0x39
 1722 0143 0B       		.uleb128 0xb
 1723 0144 49       		.uleb128 0x49
 1724 0145 13       		.uleb128 0x13
 1725 0146 38       		.uleb128 0x38
 1726 0147 05       		.uleb128 0x5
 1727 0148 00       		.byte	0
 1728 0149 00       		.byte	0
 1729 014a 1B       		.uleb128 0x1b
 1730 014b 13       		.uleb128 0x13
 1731 014c 01       		.byte	0x1
 1732 014d 03       		.uleb128 0x3
 1733 014e 0E       		.uleb128 0xe
 1734 014f 0B       		.uleb128 0xb
 1735 0150 0B       		.uleb128 0xb
 1736 0151 3A       		.uleb128 0x3a
 1737 0152 0B       		.uleb128 0xb
 1738 0153 3B       		.uleb128 0x3b
 1739 0154 05       		.uleb128 0x5
 1740 0155 39       		.uleb128 0x39
 1741 0156 0B       		.uleb128 0xb
 1742 0157 01       		.uleb128 0x1
 1743 0158 13       		.uleb128 0x13
 1744 0159 00       		.byte	0
 1745 015a 00       		.byte	0
 1746 015b 1C       		.uleb128 0x1c
 1747 015c 13       		.uleb128 0x13
 1748 015d 01       		.byte	0x1
 1749 015e 0B       		.uleb128 0xb
 1750 015f 0B       		.uleb128 0xb
 1751 0160 3A       		.uleb128 0x3a
 1752 0161 0B       		.uleb128 0xb
 1753 0162 3B       		.uleb128 0x3b
 1754 0163 05       		.uleb128 0x5
 1755 0164 39       		.uleb128 0x39
 1756 0165 0B       		.uleb128 0xb
 1757 0166 01       		.uleb128 0x1
 1758 0167 13       		.uleb128 0x13
 1759 0168 00       		.byte	0
 1760 0169 00       		.byte	0
 1761 016a 1D       		.uleb128 0x1d
 1762 016b 17       		.uleb128 0x17
 1763 016c 01       		.byte	0x1
 1764 016d 0B       		.uleb128 0xb
 1765 016e 0B       		.uleb128 0xb
 1766 016f 3A       		.uleb128 0x3a
 1767 0170 0B       		.uleb128 0xb
ARM GAS  C:\Users\EDULU~1.DES\AppData\Local\Temp\ccYcdbC0.s 			page 32


 1768 0171 3B       		.uleb128 0x3b
 1769 0172 05       		.uleb128 0x5
 1770 0173 39       		.uleb128 0x39
 1771 0174 0B       		.uleb128 0xb
 1772 0175 01       		.uleb128 0x1
 1773 0176 13       		.uleb128 0x13
 1774 0177 00       		.byte	0
 1775 0178 00       		.byte	0
 1776 0179 1E       		.uleb128 0x1e
 1777 017a 0D       		.uleb128 0xd
 1778 017b 00       		.byte	0
 1779 017c 03       		.uleb128 0x3
 1780 017d 0E       		.uleb128 0xe
 1781 017e 3A       		.uleb128 0x3a
 1782 017f 0B       		.uleb128 0xb
 1783 0180 3B       		.uleb128 0x3b
 1784 0181 05       		.uleb128 0x5
 1785 0182 39       		.uleb128 0x39
 1786 0183 0B       		.uleb128 0xb
 1787 0184 49       		.uleb128 0x49
 1788 0185 13       		.uleb128 0x13
 1789 0186 00       		.byte	0
 1790 0187 00       		.byte	0
 1791 0188 1F       		.uleb128 0x1f
 1792 0189 15       		.uleb128 0x15
 1793 018a 01       		.byte	0x1
 1794 018b 27       		.uleb128 0x27
 1795 018c 19       		.uleb128 0x19
 1796 018d 01       		.uleb128 0x1
 1797 018e 13       		.uleb128 0x13
 1798 018f 00       		.byte	0
 1799 0190 00       		.byte	0
 1800 0191 20       		.uleb128 0x20
 1801 0192 34       		.uleb128 0x34
 1802 0193 00       		.byte	0
 1803 0194 03       		.uleb128 0x3
 1804 0195 0E       		.uleb128 0xe
 1805 0196 3A       		.uleb128 0x3a
 1806 0197 0B       		.uleb128 0xb
 1807 0198 3B       		.uleb128 0x3b
 1808 0199 05       		.uleb128 0x5
 1809 019a 39       		.uleb128 0x39
 1810 019b 0B       		.uleb128 0xb
 1811 019c 49       		.uleb128 0x49
 1812 019d 13       		.uleb128 0x13
 1813 019e 3F       		.uleb128 0x3f
 1814 019f 19       		.uleb128 0x19
 1815 01a0 3C       		.uleb128 0x3c
 1816 01a1 19       		.uleb128 0x19
 1817 01a2 00       		.byte	0
 1818 01a3 00       		.byte	0
 1819 01a4 21       		.uleb128 0x21
 1820 01a5 21       		.uleb128 0x21
 1821 01a6 00       		.byte	0
 1822 01a7 00       		.byte	0
 1823 01a8 00       		.byte	0
 1824 01a9 22       		.uleb128 0x22
ARM GAS  C:\Users\EDULU~1.DES\AppData\Local\Temp\ccYcdbC0.s 			page 33


 1825 01aa 34       		.uleb128 0x34
 1826 01ab 00       		.byte	0
 1827 01ac 03       		.uleb128 0x3
 1828 01ad 0E       		.uleb128 0xe
 1829 01ae 3A       		.uleb128 0x3a
 1830 01af 0B       		.uleb128 0xb
 1831 01b0 3B       		.uleb128 0x3b
 1832 01b1 0B       		.uleb128 0xb
 1833 01b2 39       		.uleb128 0x39
 1834 01b3 0B       		.uleb128 0xb
 1835 01b4 49       		.uleb128 0x49
 1836 01b5 13       		.uleb128 0x13
 1837 01b6 3F       		.uleb128 0x3f
 1838 01b7 19       		.uleb128 0x19
 1839 01b8 3C       		.uleb128 0x3c
 1840 01b9 19       		.uleb128 0x19
 1841 01ba 00       		.byte	0
 1842 01bb 00       		.byte	0
 1843 01bc 00       		.byte	0
 1844              		.section	.debug_aranges,"",%progbits
 1845 0000 14000000 		.4byte	0x14
 1846 0004 0200     		.2byte	0x2
 1847 0006 00000000 		.4byte	.Ldebug_info0
 1848 000a 04       		.byte	0x4
 1849 000b 00       		.byte	0
 1850 000c 0000     		.2byte	0
 1851 000e 0000     		.2byte	0
 1852 0010 00000000 		.4byte	0
 1853 0014 00000000 		.4byte	0
 1854              		.section	.debug_line,"",%progbits
 1855              	.Ldebug_line0:
 1856 0000 B5010000 		.section	.debug_str,"MS",%progbits,1
 1856      0300AF01 
 1856      00000201 
 1856      FB0E0D00 
 1856      01010101 
 1857              	.LASF45:
 1858 0000 5F64736F 		.ascii	"_dso_handle\000"
 1858      5F68616E 
 1858      646C6500 
 1859              	.LASF10:
 1860 000c 75696E74 		.ascii	"uint16\000"
 1860      313600
 1861              	.LASF136:
 1862 0013 4932435F 		.ascii	"I2C_initVar\000"
 1862      696E6974 
 1862      56617200 
 1863              	.LASF53:
 1864 001f 5F73697A 		.ascii	"_size\000"
 1864      6500
 1865              	.LASF44:
 1866 0025 5F666E61 		.ascii	"_fnargs\000"
 1866      72677300 
 1867              	.LASF97:
 1868 002d 5F72616E 		.ascii	"_rand48\000"
 1868      64343800 
 1869              	.LASF77:
ARM GAS  C:\Users\EDULU~1.DES\AppData\Local\Temp\ccYcdbC0.s 			page 34


 1870 0035 5F656D65 		.ascii	"_emergency\000"
 1870      7267656E 
 1870      637900
 1871              	.LASF143:
 1872 0040 4932435F 		.ascii	"I2C_mstrRdBufSize\000"
 1872      6D737472 
 1872      52644275 
 1872      6653697A 
 1872      6500
 1873              	.LASF67:
 1874 0052 5F646174 		.ascii	"_data\000"
 1874      6100
 1875              	.LASF131:
 1876 0058 63796465 		.ascii	"cydelay32kMs\000"
 1876      6C617933 
 1876      326B4D73 
 1876      00
 1877              	.LASF117:
 1878 0065 5F776372 		.ascii	"_wcrtomb_state\000"
 1878      746F6D62 
 1878      5F737461 
 1878      746500
 1879              	.LASF147:
 1880 0074 4932435F 		.ascii	"I2C_mstrWrBufIndex\000"
 1880      6D737472 
 1880      57724275 
 1880      66496E64 
 1880      657800
 1881              	.LASF118:
 1882 0087 5F776373 		.ascii	"_wcsrtombs_state\000"
 1882      72746F6D 
 1882      62735F73 
 1882      74617465 
 1882      00
 1883              	.LASF7:
 1884 0098 6C6F6E67 		.ascii	"long long unsigned int\000"
 1884      206C6F6E 
 1884      6720756E 
 1884      7369676E 
 1884      65642069 
 1885              	.LASF57:
 1886 00af 5F6C6266 		.ascii	"_lbfsize\000"
 1886      73697A65 
 1886      00
 1887              	.LASF132:
 1888 00b8 43795379 		.ascii	"CySysTickInitVar\000"
 1888      73546963 
 1888      6B496E69 
 1888      74566172 
 1888      00
 1889              	.LASF124:
 1890 00c9 5F5F6C6F 		.ascii	"__locale_t\000"
 1890      63616C65 
 1890      5F7400
 1891              	.LASF115:
 1892 00d4 5F6D6272 		.ascii	"_mbrtowc_state\000"
 1892      746F7763 
ARM GAS  C:\Users\EDULU~1.DES\AppData\Local\Temp\ccYcdbC0.s 			page 35


 1892      5F737461 
 1892      746500
 1893              	.LASF34:
 1894 00e3 5F5F746D 		.ascii	"__tm_sec\000"
 1894      5F736563 
 1894      00
 1895              	.LASF6:
 1896 00ec 6C6F6E67 		.ascii	"long long int\000"
 1896      206C6F6E 
 1896      6720696E 
 1896      7400
 1897              	.LASF0:
 1898 00fa 7369676E 		.ascii	"signed char\000"
 1898      65642063 
 1898      68617200 
 1899              	.LASF63:
 1900 0106 5F756275 		.ascii	"_ubuf\000"
 1900      6600
 1901              	.LASF52:
 1902 010c 5F626173 		.ascii	"_base\000"
 1902      6500
 1903              	.LASF36:
 1904 0112 5F5F746D 		.ascii	"__tm_hour\000"
 1904      5F686F75 
 1904      7200
 1905              	.LASF92:
 1906 011c 5F5F7366 		.ascii	"__sf\000"
 1906      00
 1907              	.LASF43:
 1908 0121 5F6F6E5F 		.ascii	"_on_exit_args\000"
 1908      65786974 
 1908      5F617267 
 1908      7300
 1909              	.LASF58:
 1910 012f 5F636F6F 		.ascii	"_cookie\000"
 1910      6B696500 
 1911              	.LASF91:
 1912 0137 5F5F7367 		.ascii	"__sglue\000"
 1912      6C756500 
 1913              	.LASF4:
 1914 013f 6C6F6E67 		.ascii	"long int\000"
 1914      20696E74 
 1914      00
 1915              	.LASF55:
 1916 0148 5F666C61 		.ascii	"_flags\000"
 1916      677300
 1917              	.LASF47:
 1918 014f 5F69735F 		.ascii	"_is_cxa\000"
 1918      63786100 
 1919              	.LASF73:
 1920 0157 5F737464 		.ascii	"_stdin\000"
 1920      696E00
 1921              	.LASF151:
 1922 015e 433A5C55 		.ascii	"C:\\Users\\edulu.DESKTOP-961TG4K\\Documents\\PSoC C"
 1922      73657273 
 1922      5C656475 
 1922      6C752E44 
ARM GAS  C:\Users\EDULU~1.DES\AppData\Local\Temp\ccYcdbC0.s 			page 36


 1922      45534B54 
 1923 018d 72656174 		.ascii	"reator\\Micrium\\Examples\\Cypress\\CY8CKIT-044\\OS"
 1923      6F725C4D 
 1923      69637269 
 1923      756D5C45 
 1923      78616D70 
 1924 01bb 335C5053 		.ascii	"3\\PSoC\\OS3.cydsn\000"
 1924      6F435C4F 
 1924      53332E63 
 1924      7964736E 
 1924      00
 1925              	.LASF65:
 1926 01cc 5F626C6B 		.ascii	"_blksize\000"
 1926      73697A65 
 1926      00
 1927              	.LASF9:
 1928 01d5 75696E74 		.ascii	"uint8\000"
 1928      3800
 1929              	.LASF129:
 1930 01db 63796465 		.ascii	"cydelayFreqKhz\000"
 1930      6C617946 
 1930      7265714B 
 1930      687A00
 1931              	.LASF13:
 1932 01ea 646F7562 		.ascii	"double\000"
 1932      6C6500
 1933              	.LASF87:
 1934 01f1 5F637674 		.ascii	"_cvtbuf\000"
 1934      62756600 
 1935              	.LASF66:
 1936 01f9 5F6F6666 		.ascii	"_offset\000"
 1936      73657400 
 1937              	.LASF116:
 1938 0201 5F6D6273 		.ascii	"_mbsrtowcs_state\000"
 1938      72746F77 
 1938      63735F73 
 1938      74617465 
 1938      00
 1939              	.LASF114:
 1940 0212 5F6D6272 		.ascii	"_mbrlen_state\000"
 1940      6C656E5F 
 1940      73746174 
 1940      6500
 1941              	.LASF11:
 1942 0220 75696E74 		.ascii	"uint32\000"
 1942      333200
 1943              	.LASF50:
 1944 0227 5F666E73 		.ascii	"_fns\000"
 1944      00
 1945              	.LASF30:
 1946 022c 5F736967 		.ascii	"_sign\000"
 1946      6E00
 1947              	.LASF26:
 1948 0232 5F666C6F 		.ascii	"_flock_t\000"
 1948      636B5F74 
 1948      00
 1949              	.LASF75:
ARM GAS  C:\Users\EDULU~1.DES\AppData\Local\Temp\ccYcdbC0.s 			page 37


 1950 023b 5F737464 		.ascii	"_stderr\000"
 1950      65727200 
 1951              	.LASF32:
 1952 0243 5F426967 		.ascii	"_Bigint\000"
 1952      696E7400 
 1953              	.LASF105:
 1954 024b 5F67616D 		.ascii	"_gamma_signgam\000"
 1954      6D615F73 
 1954      69676E67 
 1954      616D00
 1955              	.LASF59:
 1956 025a 5F726561 		.ascii	"_read\000"
 1956      6400
 1957              	.LASF83:
 1958 0260 5F726573 		.ascii	"_result_k\000"
 1958      756C745F 
 1958      6B00
 1959              	.LASF33:
 1960 026a 5F5F746D 		.ascii	"__tm\000"
 1960      00
 1961              	.LASF8:
 1962 026f 756E7369 		.ascii	"unsigned int\000"
 1962      676E6564 
 1962      20696E74 
 1962      00
 1963              	.LASF22:
 1964 027c 5F5F7763 		.ascii	"__wchb\000"
 1964      686200
 1965              	.LASF74:
 1966 0283 5F737464 		.ascii	"_stdout\000"
 1966      6F757400 
 1967              	.LASF86:
 1968 028b 5F637674 		.ascii	"_cvtlen\000"
 1968      6C656E00 
 1969              	.LASF142:
 1970 0293 4932435F 		.ascii	"I2C_mstrRdBufPtr\000"
 1970      6D737472 
 1970      52644275 
 1970      66507472 
 1970      00
 1971              	.LASF5:
 1972 02a4 6C6F6E67 		.ascii	"long unsigned int\000"
 1972      20756E73 
 1972      69676E65 
 1972      6420696E 
 1972      7400
 1973              	.LASF56:
 1974 02b6 5F66696C 		.ascii	"_file\000"
 1974      6500
 1975              	.LASF95:
 1976 02bc 5F6E696F 		.ascii	"_niobs\000"
 1976      627300
 1977              	.LASF3:
 1978 02c3 73686F72 		.ascii	"short unsigned int\000"
 1978      7420756E 
 1978      7369676E 
 1978      65642069 
ARM GAS  C:\Users\EDULU~1.DES\AppData\Local\Temp\ccYcdbC0.s 			page 38


 1978      6E7400
 1979              	.LASF89:
 1980 02d6 5F617465 		.ascii	"_atexit0\000"
 1980      78697430 
 1980      00
 1981              	.LASF112:
 1982 02df 5F736967 		.ascii	"_signal_buf\000"
 1982      6E616C5F 
 1982      62756600 
 1983              	.LASF103:
 1984 02eb 5F617363 		.ascii	"_asctime_buf\000"
 1984      74696D65 
 1984      5F627566 
 1984      00
 1985              	.LASF82:
 1986 02f8 5F726573 		.ascii	"_result\000"
 1986      756C7400 
 1987              	.LASF21:
 1988 0300 5F5F7763 		.ascii	"__wch\000"
 1988      6800
 1989              	.LASF17:
 1990 0306 5F4C4F43 		.ascii	"_LOCK_T\000"
 1990      4B5F5400 
 1991              	.LASF20:
 1992 030e 77696E74 		.ascii	"wint_t\000"
 1992      5F7400
 1993              	.LASF149:
 1994 0315 474E5520 		.ascii	"GNU C17 8.2.1 20181213 (release) [gcc-8-branch revi"
 1994      43313720 
 1994      382E322E 
 1994      31203230 
 1994      31383132 
 1995 0348 73696F6E 		.ascii	"sion 267074] -mcpu=cortex-m0 -mthumb -mfloat-abi=so"
 1995      20323637 
 1995      3037345D 
 1995      202D6D63 
 1995      70753D63 
 1996 037b 6674202D 		.ascii	"ft -march=armv6s-m -g -Og -ffunction-sections -ffat"
 1996      6D617263 
 1996      683D6172 
 1996      6D763673 
 1996      2D6D202D 
 1997 03ae 2D6C746F 		.ascii	"-lto-objects\000"
 1997      2D6F626A 
 1997      65637473 
 1997      00
 1998              	.LASF68:
 1999 03bb 5F6C6F63 		.ascii	"_lock\000"
 1999      6B00
 2000              	.LASF70:
 2001 03c1 5F666C61 		.ascii	"_flags2\000"
 2001      67733200 
 2002              	.LASF60:
 2003 03c9 5F777269 		.ascii	"_write\000"
 2003      746500
 2004              	.LASF39:
 2005 03d0 5F5F746D 		.ascii	"__tm_year\000"
ARM GAS  C:\Users\EDULU~1.DES\AppData\Local\Temp\ccYcdbC0.s 			page 39


 2005      5F796561 
 2005      7200
 2006              	.LASF148:
 2007 03da 4932435F 		.ascii	"I2C_mstrWrBufIndexTmp\000"
 2007      6D737472 
 2007      57724275 
 2007      66496E64 
 2007      6578546D 
 2008              	.LASF140:
 2009 03f0 4932435F 		.ascii	"I2C_mstrStatus\000"
 2009      6D737472 
 2009      53746174 
 2009      757300
 2010              	.LASF128:
 2011 03ff 63796465 		.ascii	"cydelayFreqHz\000"
 2011      6C617946 
 2011      72657148 
 2011      7A00
 2012              	.LASF16:
 2013 040d 6C6F6E67 		.ascii	"long double\000"
 2013      20646F75 
 2013      626C6500 
 2014              	.LASF120:
 2015 0419 5F6E6578 		.ascii	"_nextf\000"
 2015      746600
 2016              	.LASF133:
 2017 0420 6379496D 		.ascii	"cyImoFreqMhz2Reg\000"
 2017      6F467265 
 2017      714D687A 
 2017      32526567 
 2017      00
 2018              	.LASF38:
 2019 0431 5F5F746D 		.ascii	"__tm_mon\000"
 2019      5F6D6F6E 
 2019      00
 2020              	.LASF48:
 2021 043a 5F617465 		.ascii	"_atexit\000"
 2021      78697400 
 2022              	.LASF80:
 2023 0442 5F5F7364 		.ascii	"__sdidinit\000"
 2023      6964696E 
 2023      697400
 2024              	.LASF18:
 2025 044d 5F6F6666 		.ascii	"_off_t\000"
 2025      5F7400
 2026              	.LASF12:
 2027 0454 666C6F61 		.ascii	"float\000"
 2027      7400
 2028              	.LASF85:
 2029 045a 5F667265 		.ascii	"_freelist\000"
 2029      656C6973 
 2029      7400
 2030              	.LASF110:
 2031 0464 5F776374 		.ascii	"_wctomb_state\000"
 2031      6F6D625F 
 2031      73746174 
 2031      6500
ARM GAS  C:\Users\EDULU~1.DES\AppData\Local\Temp\ccYcdbC0.s 			page 40


 2032              	.LASF145:
 2033 0472 4932435F 		.ascii	"I2C_mstrWrBufPtr\000"
 2033      6D737472 
 2033      57724275 
 2033      66507472 
 2033      00
 2034              	.LASF1:
 2035 0483 756E7369 		.ascii	"unsigned char\000"
 2035      676E6564 
 2035      20636861 
 2035      7200
 2036              	.LASF88:
 2037 0491 5F6E6577 		.ascii	"_new\000"
 2037      00
 2038              	.LASF119:
 2039 0496 5F685F65 		.ascii	"_h_errno\000"
 2039      72726E6F 
 2039      00
 2040              	.LASF2:
 2041 049f 73686F72 		.ascii	"short int\000"
 2041      7420696E 
 2041      7400
 2042              	.LASF41:
 2043 04a9 5F5F746D 		.ascii	"__tm_yday\000"
 2043      5F796461 
 2043      7900
 2044              	.LASF51:
 2045 04b3 5F5F7362 		.ascii	"__sbuf\000"
 2045      756600
 2046              	.LASF96:
 2047 04ba 5F696F62 		.ascii	"_iobs\000"
 2047      7300
 2048              	.LASF93:
 2049 04c0 5F5F4649 		.ascii	"__FILE\000"
 2049      4C4500
 2050              	.LASF25:
 2051 04c7 5F6D6273 		.ascii	"_mbstate_t\000"
 2051      74617465 
 2051      5F7400
 2052              	.LASF54:
 2053 04d2 5F5F7346 		.ascii	"__sFILE\000"
 2053      494C4500 
 2054              	.LASF69:
 2055 04da 5F6D6273 		.ascii	"_mbstate\000"
 2055      74617465 
 2055      00
 2056              	.LASF106:
 2057 04e3 5F72616E 		.ascii	"_rand_next\000"
 2057      645F6E65 
 2057      787400
 2058              	.LASF108:
 2059 04ee 5F6D626C 		.ascii	"_mblen_state\000"
 2059      656E5F73 
 2059      74617465 
 2059      00
 2060              	.LASF76:
 2061 04fb 5F696E63 		.ascii	"_inc\000"
ARM GAS  C:\Users\EDULU~1.DES\AppData\Local\Temp\ccYcdbC0.s 			page 41


 2061      00
 2062              	.LASF49:
 2063 0500 5F696E64 		.ascii	"_ind\000"
 2063      00
 2064              	.LASF79:
 2065 0505 5F6C6F63 		.ascii	"_locale\000"
 2065      616C6500 
 2066              	.LASF81:
 2067 050d 5F5F636C 		.ascii	"__cleanup\000"
 2067      65616E75 
 2067      7000
 2068              	.LASF78:
 2069 0517 5F756E73 		.ascii	"_unspecified_locale_info\000"
 2069      70656369 
 2069      66696564 
 2069      5F6C6F63 
 2069      616C655F 
 2070              	.LASF29:
 2071 0530 5F6D6178 		.ascii	"_maxwds\000"
 2071      77647300 
 2072              	.LASF71:
 2073 0538 5F726565 		.ascii	"_reent\000"
 2073      6E7400
 2074              	.LASF98:
 2075 053f 5F736565 		.ascii	"_seed\000"
 2075      6400
 2076              	.LASF23:
 2077 0545 5F5F636F 		.ascii	"__count\000"
 2077      756E7400 
 2078              	.LASF123:
 2079 054d 5F5F6C6F 		.ascii	"__lock\000"
 2079      636B00
 2080              	.LASF24:
 2081 0554 5F5F7661 		.ascii	"__value\000"
 2081      6C756500 
 2082              	.LASF61:
 2083 055c 5F736565 		.ascii	"_seek\000"
 2083      6B00
 2084              	.LASF150:
 2085 0562 47656E65 		.ascii	"Generated_Source\\PSoC4\\I2C_I2C_BOOT.c\000"
 2085      72617465 
 2085      645F536F 
 2085      75726365 
 2085      5C50536F 
 2086              	.LASF125:
 2087 0588 5F696D70 		.ascii	"_impure_ptr\000"
 2087      7572655F 
 2087      70747200 
 2088              	.LASF19:
 2089 0594 5F66706F 		.ascii	"_fpos_t\000"
 2089      735F7400 
 2090              	.LASF72:
 2091 059c 5F657272 		.ascii	"_errno\000"
 2091      6E6F00
 2092              	.LASF14:
 2093 05a3 63686172 		.ascii	"char\000"
 2093      00
ARM GAS  C:\Users\EDULU~1.DES\AppData\Local\Temp\ccYcdbC0.s 			page 42


 2094              	.LASF15:
 2095 05a8 63796973 		.ascii	"cyisraddress\000"
 2095      72616464 
 2095      72657373 
 2095      00
 2096              	.LASF35:
 2097 05b5 5F5F746D 		.ascii	"__tm_min\000"
 2097      5F6D696E 
 2097      00
 2098              	.LASF134:
 2099 05be 656E6162 		.ascii	"enableState\000"
 2099      6C655374 
 2099      61746500 
 2100              	.LASF127:
 2101 05ca 5F637479 		.ascii	"_ctype_\000"
 2101      70655F00 
 2102              	.LASF99:
 2103 05d2 5F6D756C 		.ascii	"_mult\000"
 2103      7400
 2104              	.LASF28:
 2105 05d8 5F6E6578 		.ascii	"_next\000"
 2105      7400
 2106              	.LASF102:
 2107 05de 5F737472 		.ascii	"_strtok_last\000"
 2107      746F6B5F 
 2107      6C617374 
 2107      00
 2108              	.LASF46:
 2109 05eb 5F666E74 		.ascii	"_fntypes\000"
 2109      79706573 
 2109      00
 2110              	.LASF135:
 2111 05f4 4932435F 		.ascii	"I2C_BACKUP_STRUCT\000"
 2111      4241434B 
 2111      55505F53 
 2111      54525543 
 2111      5400
 2112              	.LASF100:
 2113 0606 5F616464 		.ascii	"_add\000"
 2113      00
 2114              	.LASF27:
 2115 060b 5F5F554C 		.ascii	"__ULong\000"
 2115      6F6E6700 
 2116              	.LASF113:
 2117 0613 5F676574 		.ascii	"_getdate_err\000"
 2117      64617465 
 2117      5F657272 
 2117      00
 2118              	.LASF126:
 2119 0620 5F676C6F 		.ascii	"_global_impure_ptr\000"
 2119      62616C5F 
 2119      696D7075 
 2119      72655F70 
 2119      747200
 2120              	.LASF130:
 2121 0633 63796465 		.ascii	"cydelayFreqMhz\000"
 2121      6C617946 
ARM GAS  C:\Users\EDULU~1.DES\AppData\Local\Temp\ccYcdbC0.s 			page 43


 2121      7265714D 
 2121      687A00
 2122              	.LASF139:
 2123 0642 4932435F 		.ascii	"I2C_state\000"
 2123      73746174 
 2123      6500
 2124              	.LASF101:
 2125 064c 5F756E75 		.ascii	"_unused_rand\000"
 2125      7365645F 
 2125      72616E64 
 2125      00
 2126              	.LASF146:
 2127 0659 4932435F 		.ascii	"I2C_mstrWrBufSize\000"
 2127      6D737472 
 2127      57724275 
 2127      6653697A 
 2127      6500
 2128              	.LASF31:
 2129 066b 5F776473 		.ascii	"_wds\000"
 2129      00
 2130              	.LASF40:
 2131 0670 5F5F746D 		.ascii	"__tm_wday\000"
 2131      5F776461 
 2131      7900
 2132              	.LASF94:
 2133 067a 5F676C75 		.ascii	"_glue\000"
 2133      6500
 2134              	.LASF121:
 2135 0680 5F6E6D61 		.ascii	"_nmalloc\000"
 2135      6C6C6F63 
 2135      00
 2136              	.LASF111:
 2137 0689 5F6C3634 		.ascii	"_l64a_buf\000"
 2137      615F6275 
 2137      6600
 2138              	.LASF90:
 2139 0693 5F736967 		.ascii	"_sig_func\000"
 2139      5F66756E 
 2139      6300
 2140              	.LASF141:
 2141 069d 4932435F 		.ascii	"I2C_mstrControl\000"
 2141      6D737472 
 2141      436F6E74 
 2141      726F6C00 
 2142              	.LASF64:
 2143 06ad 5F6E6275 		.ascii	"_nbuf\000"
 2143      6600
 2144              	.LASF122:
 2145 06b3 5F756E75 		.ascii	"_unused\000"
 2145      73656400 
 2146              	.LASF138:
 2147 06bb 4932435F 		.ascii	"I2C_backup\000"
 2147      6261636B 
 2147      757000
 2148              	.LASF42:
 2149 06c6 5F5F746D 		.ascii	"__tm_isdst\000"
 2149      5F697364 
ARM GAS  C:\Users\EDULU~1.DES\AppData\Local\Temp\ccYcdbC0.s 			page 44


 2149      737400
 2150              	.LASF104:
 2151 06d1 5F6C6F63 		.ascii	"_localtime_buf\000"
 2151      616C7469 
 2151      6D655F62 
 2151      756600
 2152              	.LASF62:
 2153 06e0 5F636C6F 		.ascii	"_close\000"
 2153      736500
 2154              	.LASF107:
 2155 06e7 5F723438 		.ascii	"_r48\000"
 2155      00
 2156              	.LASF109:
 2157 06ec 5F6D6274 		.ascii	"_mbtowc_state\000"
 2157      6F77635F 
 2157      73746174 
 2157      6500
 2158              	.LASF84:
 2159 06fa 5F703573 		.ascii	"_p5s\000"
 2159      00
 2160              	.LASF144:
 2161 06ff 4932435F 		.ascii	"I2C_mstrRdBufIndex\000"
 2161      6D737472 
 2161      52644275 
 2161      66496E64 
 2161      657800
 2162              	.LASF137:
 2163 0712 4932435F 		.ascii	"I2C_customIntrHandler\000"
 2163      63757374 
 2163      6F6D496E 
 2163      74724861 
 2163      6E646C65 
 2164              	.LASF37:
 2165 0728 5F5F746D 		.ascii	"__tm_mday\000"
 2165      5F6D6461 
 2165      7900
 2166              		.ident	"GCC: (GNU Tools for Arm Embedded Processors 8-2018-q4-major) 8.2.1 20181213 (release) [gcc
