ARM GAS  C:\Users\EDULU~1.DES\AppData\Local\Temp\cchRPQqe.s 			page 1


   1              		.cpu cortex-m0
   2              		.eabi_attribute 20, 1
   3              		.eabi_attribute 21, 1
   4              		.eabi_attribute 23, 3
   5              		.eabi_attribute 24, 1
   6              		.eabi_attribute 25, 1
   7              		.eabi_attribute 26, 1
   8              		.eabi_attribute 30, 1
   9              		.eabi_attribute 34, 0
  10              		.eabi_attribute 18, 4
  11              		.file	"Opamp.c"
  12              		.text
  13              	.Ltext0:
  14              		.cfi_sections	.debug_frame
  15              		.section	.text.Opamp_Init,"ax",%progbits
  16              		.align	1
  17              		.global	Opamp_Init
  18              		.arch armv6s-m
  19              		.syntax unified
  20              		.code	16
  21              		.thumb_func
  22              		.fpu softvfp
  23              		.type	Opamp_Init, %function
  24              	Opamp_Init:
  25              	.LFB0:
  26              		.file 1 "Generated_Source\\PSoC4\\Opamp.c"
   1:Generated_Source\PSoC4/Opamp.c **** /*******************************************************************************
   2:Generated_Source\PSoC4/Opamp.c **** * File Name: Opamp.c
   3:Generated_Source\PSoC4/Opamp.c **** * Version 1.20
   4:Generated_Source\PSoC4/Opamp.c **** *
   5:Generated_Source\PSoC4/Opamp.c **** * Description:
   6:Generated_Source\PSoC4/Opamp.c **** *  This file provides the source code to the API for the Opamp (Analog Buffer)
   7:Generated_Source\PSoC4/Opamp.c **** *  Component.
   8:Generated_Source\PSoC4/Opamp.c **** *
   9:Generated_Source\PSoC4/Opamp.c **** *
  10:Generated_Source\PSoC4/Opamp.c **** ********************************************************************************
  11:Generated_Source\PSoC4/Opamp.c **** * Copyright 2013-2015, Cypress Semiconductor Corporation.  All rights reserved.
  12:Generated_Source\PSoC4/Opamp.c **** * You may use this file only in accordance with the license, terms, conditions,
  13:Generated_Source\PSoC4/Opamp.c **** * disclaimers, and limitations in the end user license agreement accompanying
  14:Generated_Source\PSoC4/Opamp.c **** * the software package with which this file was provided.
  15:Generated_Source\PSoC4/Opamp.c **** *******************************************************************************/
  16:Generated_Source\PSoC4/Opamp.c **** 
  17:Generated_Source\PSoC4/Opamp.c **** #include "Opamp.h"
  18:Generated_Source\PSoC4/Opamp.c **** 
  19:Generated_Source\PSoC4/Opamp.c **** uint8 Opamp_initVar = 0u; /* Defines if component was initialized */
  20:Generated_Source\PSoC4/Opamp.c **** static uint32 Opamp_internalPower = 0u; /* Defines component Power value */
  21:Generated_Source\PSoC4/Opamp.c **** 
  22:Generated_Source\PSoC4/Opamp.c **** 
  23:Generated_Source\PSoC4/Opamp.c **** /*******************************************************************************
  24:Generated_Source\PSoC4/Opamp.c **** * Function Name: Opamp_Init
  25:Generated_Source\PSoC4/Opamp.c **** ********************************************************************************
  26:Generated_Source\PSoC4/Opamp.c **** *
  27:Generated_Source\PSoC4/Opamp.c **** * Summary:
  28:Generated_Source\PSoC4/Opamp.c **** *  Initializes or restores the component according to the customizer Configure 
  29:Generated_Source\PSoC4/Opamp.c **** *  dialog settings. It is not necessary to call Init() because the Start() API 
  30:Generated_Source\PSoC4/Opamp.c **** *  calls this function and is the preferred method to begin the component operation.
  31:Generated_Source\PSoC4/Opamp.c **** *
ARM GAS  C:\Users\EDULU~1.DES\AppData\Local\Temp\cchRPQqe.s 			page 2


  32:Generated_Source\PSoC4/Opamp.c **** * Parameters:
  33:Generated_Source\PSoC4/Opamp.c **** *  None
  34:Generated_Source\PSoC4/Opamp.c **** *
  35:Generated_Source\PSoC4/Opamp.c **** * Return:
  36:Generated_Source\PSoC4/Opamp.c **** *  None
  37:Generated_Source\PSoC4/Opamp.c **** *
  38:Generated_Source\PSoC4/Opamp.c **** *******************************************************************************/
  39:Generated_Source\PSoC4/Opamp.c **** void Opamp_Init(void)
  40:Generated_Source\PSoC4/Opamp.c **** {
  27              		.loc 1 40 1 view -0
  28              		.cfi_startproc
  29              		@ args = 0, pretend = 0, frame = 0
  30              		@ frame_needed = 0, uses_anonymous_args = 0
  31              		@ link register save eliminated.
  41:Generated_Source\PSoC4/Opamp.c ****     Opamp_internalPower = Opamp_POWER;
  32              		.loc 1 41 5 view .LVU1
  33              		.loc 1 41 25 is_stmt 0 view .LVU2
  34 0000 064B     		ldr	r3, .L2
  35 0002 0222     		movs	r2, #2
  36 0004 1A60     		str	r2, [r3]
  42:Generated_Source\PSoC4/Opamp.c ****     Opamp_CTB_CTRL_REG = Opamp_DEFAULT_CTB_CTRL;
  37              		.loc 1 42 5 is_stmt 1 view .LVU3
  38              		.loc 1 42 24 is_stmt 0 view .LVU4
  39 0006 064B     		ldr	r3, .L2+4
  40 0008 8022     		movs	r2, #128
  41 000a 1206     		lsls	r2, r2, #24
  42 000c 1A60     		str	r2, [r3]
  43:Generated_Source\PSoC4/Opamp.c ****     Opamp_OA_RES_CTRL_REG = Opamp_DEFAULT_OA_RES_CTRL;
  43              		.loc 1 43 5 is_stmt 1 view .LVU5
  44              		.loc 1 43 27 is_stmt 0 view .LVU6
  45 000e 054B     		ldr	r3, .L2+8
  46 0010 0422     		movs	r2, #4
  47 0012 1A60     		str	r2, [r3]
  44:Generated_Source\PSoC4/Opamp.c ****     Opamp_OA_COMP_TRIM_REG = Opamp_DEFAULT_OA_COMP_TRIM_REG;
  48              		.loc 1 44 5 is_stmt 1 view .LVU7
  49              		.loc 1 44 28 is_stmt 0 view .LVU8
  50 0014 044B     		ldr	r3, .L2+12
  51 0016 013A     		subs	r2, r2, #1
  52 0018 1A60     		str	r2, [r3]
  45:Generated_Source\PSoC4/Opamp.c **** }
  53              		.loc 1 45 1 view .LVU9
  54              		@ sp needed
  55 001a 7047     		bx	lr
  56              	.L3:
  57              		.align	2
  58              	.L2:
  59 001c 00000000 		.word	.LANCHOR0
  60 0020 00001040 		.word	1074790400
  61 0024 04001040 		.word	1074790404
  62 0028 080F1040 		.word	1074794248
  63              		.cfi_endproc
  64              	.LFE0:
  65              		.size	Opamp_Init, .-Opamp_Init
  66              		.section	.text.Opamp_Enable,"ax",%progbits
  67              		.align	1
  68              		.global	Opamp_Enable
  69              		.syntax unified
ARM GAS  C:\Users\EDULU~1.DES\AppData\Local\Temp\cchRPQqe.s 			page 3


  70              		.code	16
  71              		.thumb_func
  72              		.fpu softvfp
  73              		.type	Opamp_Enable, %function
  74              	Opamp_Enable:
  75              	.LFB1:
  46:Generated_Source\PSoC4/Opamp.c **** 
  47:Generated_Source\PSoC4/Opamp.c **** 
  48:Generated_Source\PSoC4/Opamp.c **** /*******************************************************************************
  49:Generated_Source\PSoC4/Opamp.c **** * Function Name: Opamp_Enable
  50:Generated_Source\PSoC4/Opamp.c **** ********************************************************************************
  51:Generated_Source\PSoC4/Opamp.c **** *
  52:Generated_Source\PSoC4/Opamp.c **** * Summary:
  53:Generated_Source\PSoC4/Opamp.c **** *  Activates the hardware and begins the component operation. It is not necessary to 
  54:Generated_Source\PSoC4/Opamp.c **** *  call Enable() because the Start() API calls this function, which is the 
  55:Generated_Source\PSoC4/Opamp.c **** *  preferred method to begin the component operation.
  56:Generated_Source\PSoC4/Opamp.c **** *
  57:Generated_Source\PSoC4/Opamp.c **** * Parameters:
  58:Generated_Source\PSoC4/Opamp.c **** *  None
  59:Generated_Source\PSoC4/Opamp.c **** *
  60:Generated_Source\PSoC4/Opamp.c **** * Return:
  61:Generated_Source\PSoC4/Opamp.c **** *  None
  62:Generated_Source\PSoC4/Opamp.c **** *
  63:Generated_Source\PSoC4/Opamp.c **** *******************************************************************************/
  64:Generated_Source\PSoC4/Opamp.c **** void Opamp_Enable(void)
  65:Generated_Source\PSoC4/Opamp.c **** {
  76              		.loc 1 65 1 is_stmt 1 view -0
  77              		.cfi_startproc
  78              		@ args = 0, pretend = 0, frame = 0
  79              		@ frame_needed = 0, uses_anonymous_args = 0
  80              		@ link register save eliminated.
  66:Generated_Source\PSoC4/Opamp.c ****     Opamp_OA_RES_CTRL_REG |= Opamp_internalPower | \
  81              		.loc 1 66 5 view .LVU11
  82              		.loc 1 66 27 is_stmt 0 view .LVU12
  83 0000 0449     		ldr	r1, .L5
  84 0002 0B68     		ldr	r3, [r1]
  85 0004 044A     		ldr	r2, .L5+4
  86 0006 1268     		ldr	r2, [r2]
  87 0008 1A43     		orrs	r2, r3
  88 000a 8023     		movs	r3, #128
  89 000c 1B01     		lsls	r3, r3, #4
  90 000e 1343     		orrs	r3, r2
  91 0010 0B60     		str	r3, [r1]
  67:Generated_Source\PSoC4/Opamp.c ****                                         Opamp_OA_PUMP_EN;
  68:Generated_Source\PSoC4/Opamp.c **** }
  92              		.loc 1 68 1 view .LVU13
  93              		@ sp needed
  94 0012 7047     		bx	lr
  95              	.L6:
  96              		.align	2
  97              	.L5:
  98 0014 04001040 		.word	1074790404
  99 0018 00000000 		.word	.LANCHOR0
 100              		.cfi_endproc
 101              	.LFE1:
 102              		.size	Opamp_Enable, .-Opamp_Enable
 103              		.section	.text.Opamp_Start,"ax",%progbits
ARM GAS  C:\Users\EDULU~1.DES\AppData\Local\Temp\cchRPQqe.s 			page 4


 104              		.align	1
 105              		.global	Opamp_Start
 106              		.syntax unified
 107              		.code	16
 108              		.thumb_func
 109              		.fpu softvfp
 110              		.type	Opamp_Start, %function
 111              	Opamp_Start:
 112              	.LFB2:
  69:Generated_Source\PSoC4/Opamp.c **** 
  70:Generated_Source\PSoC4/Opamp.c **** 
  71:Generated_Source\PSoC4/Opamp.c **** /*******************************************************************************
  72:Generated_Source\PSoC4/Opamp.c **** * Function Name: Opamp_Start
  73:Generated_Source\PSoC4/Opamp.c **** ********************************************************************************
  74:Generated_Source\PSoC4/Opamp.c **** *
  75:Generated_Source\PSoC4/Opamp.c **** * Summary:
  76:Generated_Source\PSoC4/Opamp.c **** *  Performs all of the required initialization for the component and enables power 
  77:Generated_Source\PSoC4/Opamp.c **** *  to the block. The first time the routine is executed, the Power level, Mode, 
  78:Generated_Source\PSoC4/Opamp.c **** *  and Output mode are set. When called to restart the Opamp following a Stop() call, 
  79:Generated_Source\PSoC4/Opamp.c **** *  the current component parameter settings are retained.
  80:Generated_Source\PSoC4/Opamp.c **** *
  81:Generated_Source\PSoC4/Opamp.c **** * Parameters:
  82:Generated_Source\PSoC4/Opamp.c **** *  None
  83:Generated_Source\PSoC4/Opamp.c **** *
  84:Generated_Source\PSoC4/Opamp.c **** * Return:
  85:Generated_Source\PSoC4/Opamp.c **** *  None
  86:Generated_Source\PSoC4/Opamp.c **** *
  87:Generated_Source\PSoC4/Opamp.c **** * Global variables:
  88:Generated_Source\PSoC4/Opamp.c **** *  Opamp_initVar: Used to check the initial configuration, modified
  89:Generated_Source\PSoC4/Opamp.c **** *  when this function is called for the first time.
  90:Generated_Source\PSoC4/Opamp.c **** *
  91:Generated_Source\PSoC4/Opamp.c **** *******************************************************************************/
  92:Generated_Source\PSoC4/Opamp.c **** void Opamp_Start(void)
  93:Generated_Source\PSoC4/Opamp.c **** {
 113              		.loc 1 93 1 is_stmt 1 view -0
 114              		.cfi_startproc
 115              		@ args = 0, pretend = 0, frame = 0
 116              		@ frame_needed = 0, uses_anonymous_args = 0
 117 0000 10B5     		push	{r4, lr}
 118              		.cfi_def_cfa_offset 8
 119              		.cfi_offset 4, -8
 120              		.cfi_offset 14, -4
  94:Generated_Source\PSoC4/Opamp.c ****     if( 0u == Opamp_initVar)
 121              		.loc 1 94 5 view .LVU15
 122              		.loc 1 94 12 is_stmt 0 view .LVU16
 123 0002 064B     		ldr	r3, .L10
 124 0004 1B79     		ldrb	r3, [r3, #4]
 125              		.loc 1 94 7 view .LVU17
 126 0006 002B     		cmp	r3, #0
 127 0008 02D0     		beq	.L9
 128              	.L8:
  95:Generated_Source\PSoC4/Opamp.c ****     {
  96:Generated_Source\PSoC4/Opamp.c ****         Opamp_Init();
  97:Generated_Source\PSoC4/Opamp.c ****         Opamp_initVar = 1u;
  98:Generated_Source\PSoC4/Opamp.c ****     }
  99:Generated_Source\PSoC4/Opamp.c ****     Opamp_Enable();
 129              		.loc 1 99 5 is_stmt 1 view .LVU18
ARM GAS  C:\Users\EDULU~1.DES\AppData\Local\Temp\cchRPQqe.s 			page 5


 130 000a FFF7FEFF 		bl	Opamp_Enable
 131              	.LVL0:
 100:Generated_Source\PSoC4/Opamp.c **** }
 132              		.loc 1 100 1 is_stmt 0 view .LVU19
 133              		@ sp needed
 134 000e 10BD     		pop	{r4, pc}
 135              	.L9:
  96:Generated_Source\PSoC4/Opamp.c ****         Opamp_initVar = 1u;
 136              		.loc 1 96 9 is_stmt 1 view .LVU20
 137 0010 FFF7FEFF 		bl	Opamp_Init
 138              	.LVL1:
  97:Generated_Source\PSoC4/Opamp.c ****     }
 139              		.loc 1 97 9 view .LVU21
  97:Generated_Source\PSoC4/Opamp.c ****     }
 140              		.loc 1 97 23 is_stmt 0 view .LVU22
 141 0014 014B     		ldr	r3, .L10
 142 0016 0122     		movs	r2, #1
 143 0018 1A71     		strb	r2, [r3, #4]
 144 001a F6E7     		b	.L8
 145              	.L11:
 146              		.align	2
 147              	.L10:
 148 001c 00000000 		.word	.LANCHOR0
 149              		.cfi_endproc
 150              	.LFE2:
 151              		.size	Opamp_Start, .-Opamp_Start
 152              		.section	.text.Opamp_Stop,"ax",%progbits
 153              		.align	1
 154              		.global	Opamp_Stop
 155              		.syntax unified
 156              		.code	16
 157              		.thumb_func
 158              		.fpu softvfp
 159              		.type	Opamp_Stop, %function
 160              	Opamp_Stop:
 161              	.LFB3:
 101:Generated_Source\PSoC4/Opamp.c **** 
 102:Generated_Source\PSoC4/Opamp.c **** 
 103:Generated_Source\PSoC4/Opamp.c **** /*******************************************************************************
 104:Generated_Source\PSoC4/Opamp.c **** * Function Name: Opamp_Stop
 105:Generated_Source\PSoC4/Opamp.c **** ********************************************************************************
 106:Generated_Source\PSoC4/Opamp.c **** *
 107:Generated_Source\PSoC4/Opamp.c **** * Summary:
 108:Generated_Source\PSoC4/Opamp.c **** *  Turn off the Opamp block.
 109:Generated_Source\PSoC4/Opamp.c **** *
 110:Generated_Source\PSoC4/Opamp.c **** * Parameters:
 111:Generated_Source\PSoC4/Opamp.c **** *  None
 112:Generated_Source\PSoC4/Opamp.c **** *
 113:Generated_Source\PSoC4/Opamp.c **** * Return:
 114:Generated_Source\PSoC4/Opamp.c **** *  None
 115:Generated_Source\PSoC4/Opamp.c **** *
 116:Generated_Source\PSoC4/Opamp.c **** *******************************************************************************/
 117:Generated_Source\PSoC4/Opamp.c **** void Opamp_Stop(void)
 118:Generated_Source\PSoC4/Opamp.c **** {
 162              		.loc 1 118 1 is_stmt 1 view -0
 163              		.cfi_startproc
 164              		@ args = 0, pretend = 0, frame = 0
ARM GAS  C:\Users\EDULU~1.DES\AppData\Local\Temp\cchRPQqe.s 			page 6


 165              		@ frame_needed = 0, uses_anonymous_args = 0
 166              		@ link register save eliminated.
 119:Generated_Source\PSoC4/Opamp.c ****     Opamp_OA_RES_CTRL_REG &= ((uint32)~(Opamp_OA_PWR_MODE_MASK | \
 167              		.loc 1 119 5 view .LVU24
 168              		.loc 1 119 27 is_stmt 0 view .LVU25
 169 0000 024A     		ldr	r2, .L13
 170 0002 1368     		ldr	r3, [r2]
 171 0004 0249     		ldr	r1, .L13+4
 172 0006 0B40     		ands	r3, r1
 173 0008 1360     		str	r3, [r2]
 120:Generated_Source\PSoC4/Opamp.c ****                                                    Opamp_OA_PUMP_EN));
 121:Generated_Source\PSoC4/Opamp.c **** }
 174              		.loc 1 121 1 view .LVU26
 175              		@ sp needed
 176 000a 7047     		bx	lr
 177              	.L14:
 178              		.align	2
 179              	.L13:
 180 000c 04001040 		.word	1074790404
 181 0010 FCF7FFFF 		.word	-2052
 182              		.cfi_endproc
 183              	.LFE3:
 184              		.size	Opamp_Stop, .-Opamp_Stop
 185              		.section	.text.Opamp_SetPower,"ax",%progbits
 186              		.align	1
 187              		.global	Opamp_SetPower
 188              		.syntax unified
 189              		.code	16
 190              		.thumb_func
 191              		.fpu softvfp
 192              		.type	Opamp_SetPower, %function
 193              	Opamp_SetPower:
 194              	.LVL2:
 195              	.LFB4:
 122:Generated_Source\PSoC4/Opamp.c **** 
 123:Generated_Source\PSoC4/Opamp.c **** 
 124:Generated_Source\PSoC4/Opamp.c **** /*******************************************************************************
 125:Generated_Source\PSoC4/Opamp.c **** * Function Name: Opamp_SetPower
 126:Generated_Source\PSoC4/Opamp.c **** ********************************************************************************
 127:Generated_Source\PSoC4/Opamp.c **** *
 128:Generated_Source\PSoC4/Opamp.c **** * Summary:
 129:Generated_Source\PSoC4/Opamp.c **** *  Sets the Opamp to one of the three power levels.
 130:Generated_Source\PSoC4/Opamp.c **** *
 131:Generated_Source\PSoC4/Opamp.c **** * Parameters:
 132:Generated_Source\PSoC4/Opamp.c **** *  power: power levels.
 133:Generated_Source\PSoC4/Opamp.c **** *   Opamp_LOW_POWER - Lowest active power
 134:Generated_Source\PSoC4/Opamp.c **** *   Opamp_MED_POWER - Medium power
 135:Generated_Source\PSoC4/Opamp.c **** *   Opamp_HIGH_POWER - Highest active power
 136:Generated_Source\PSoC4/Opamp.c **** *
 137:Generated_Source\PSoC4/Opamp.c **** * Return:
 138:Generated_Source\PSoC4/Opamp.c **** *  None
 139:Generated_Source\PSoC4/Opamp.c **** *
 140:Generated_Source\PSoC4/Opamp.c **** **********************************************************************************/
 141:Generated_Source\PSoC4/Opamp.c **** void Opamp_SetPower(uint32 power)
 142:Generated_Source\PSoC4/Opamp.c **** {
 196              		.loc 1 142 1 is_stmt 1 view -0
 197              		.cfi_startproc
ARM GAS  C:\Users\EDULU~1.DES\AppData\Local\Temp\cchRPQqe.s 			page 7


 198              		@ args = 0, pretend = 0, frame = 0
 199              		@ frame_needed = 0, uses_anonymous_args = 0
 200              		@ link register save eliminated.
 143:Generated_Source\PSoC4/Opamp.c ****     uint32 tmp;
 201              		.loc 1 143 5 view .LVU28
 144:Generated_Source\PSoC4/Opamp.c ****     
 145:Generated_Source\PSoC4/Opamp.c ****     Opamp_internalPower = Opamp_GET_OA_PWR_MODE(power);
 202              		.loc 1 145 5 view .LVU29
 203              		.loc 1 145 27 is_stmt 0 view .LVU30
 204 0000 0321     		movs	r1, #3
 205 0002 0840     		ands	r0, r1
 206              	.LVL3:
 207              		.loc 1 145 25 view .LVU31
 208 0004 034B     		ldr	r3, .L16
 209 0006 1860     		str	r0, [r3]
 146:Generated_Source\PSoC4/Opamp.c ****     tmp = Opamp_OA_RES_CTRL_REG & \
 210              		.loc 1 146 5 is_stmt 1 view .LVU32
 211              		.loc 1 146 11 is_stmt 0 view .LVU33
 212 0008 034A     		ldr	r2, .L16+4
 213 000a 1368     		ldr	r3, [r2]
 214              		.loc 1 146 9 view .LVU34
 215 000c 8B43     		bics	r3, r1
 216              	.LVL4:
 147:Generated_Source\PSoC4/Opamp.c ****            (uint32)~Opamp_OA_PWR_MODE_MASK;
 148:Generated_Source\PSoC4/Opamp.c ****     Opamp_OA_RES_CTRL_REG = tmp | Opamp_internalPower;
 217              		.loc 1 148 5 is_stmt 1 view .LVU35
 218              		.loc 1 148 33 is_stmt 0 view .LVU36
 219 000e 1843     		orrs	r0, r3
 220              		.loc 1 148 27 view .LVU37
 221 0010 1060     		str	r0, [r2]
 149:Generated_Source\PSoC4/Opamp.c **** }
 222              		.loc 1 149 1 view .LVU38
 223              		@ sp needed
 224 0012 7047     		bx	lr
 225              	.L17:
 226              		.align	2
 227              	.L16:
 228 0014 00000000 		.word	.LANCHOR0
 229 0018 04001040 		.word	1074790404
 230              		.cfi_endproc
 231              	.LFE4:
 232              		.size	Opamp_SetPower, .-Opamp_SetPower
 233              		.section	.text.Opamp_PumpControl,"ax",%progbits
 234              		.align	1
 235              		.global	Opamp_PumpControl
 236              		.syntax unified
 237              		.code	16
 238              		.thumb_func
 239              		.fpu softvfp
 240              		.type	Opamp_PumpControl, %function
 241              	Opamp_PumpControl:
 242              	.LVL5:
 243              	.LFB5:
 150:Generated_Source\PSoC4/Opamp.c **** 
 151:Generated_Source\PSoC4/Opamp.c **** 
 152:Generated_Source\PSoC4/Opamp.c **** /*******************************************************************************
 153:Generated_Source\PSoC4/Opamp.c **** * Function Name: Opamp_PumpControl
ARM GAS  C:\Users\EDULU~1.DES\AppData\Local\Temp\cchRPQqe.s 			page 8


 154:Generated_Source\PSoC4/Opamp.c **** ********************************************************************************
 155:Generated_Source\PSoC4/Opamp.c **** *
 156:Generated_Source\PSoC4/Opamp.c **** * Summary:
 157:Generated_Source\PSoC4/Opamp.c **** *  Allows the user to turn the Opamp's boost pump on or off. By Default the Start() 
 158:Generated_Source\PSoC4/Opamp.c **** *  function turns on the pump. Use this API to turn it off. The boost must be 
 159:Generated_Source\PSoC4/Opamp.c **** *  turned on when the supply is less than 2.7 volts and off if the supply is more 
 160:Generated_Source\PSoC4/Opamp.c **** *  than 4 volts.
 161:Generated_Source\PSoC4/Opamp.c **** *
 162:Generated_Source\PSoC4/Opamp.c **** * Parameters:
 163:Generated_Source\PSoC4/Opamp.c **** *  onOff: Control the pump.
 164:Generated_Source\PSoC4/Opamp.c **** *   Opamp_PUMP_OFF - Turn off the pump
 165:Generated_Source\PSoC4/Opamp.c **** *   Opamp_PUMP_ON - Turn on the pump
 166:Generated_Source\PSoC4/Opamp.c **** *
 167:Generated_Source\PSoC4/Opamp.c **** * Return:
 168:Generated_Source\PSoC4/Opamp.c **** *  None
 169:Generated_Source\PSoC4/Opamp.c **** *
 170:Generated_Source\PSoC4/Opamp.c **** **********************************************************************************/
 171:Generated_Source\PSoC4/Opamp.c **** void Opamp_PumpControl(uint32 onOff)
 172:Generated_Source\PSoC4/Opamp.c **** {
 244              		.loc 1 172 1 is_stmt 1 view -0
 245              		.cfi_startproc
 246              		@ args = 0, pretend = 0, frame = 0
 247              		@ frame_needed = 0, uses_anonymous_args = 0
 248              		@ link register save eliminated.
 173:Generated_Source\PSoC4/Opamp.c ****     
 174:Generated_Source\PSoC4/Opamp.c ****     if(0u != onOff)
 249              		.loc 1 174 5 view .LVU40
 250              		.loc 1 174 7 is_stmt 0 view .LVU41
 251 0000 0028     		cmp	r0, #0
 252 0002 06D0     		beq	.L19
 175:Generated_Source\PSoC4/Opamp.c ****     {
 176:Generated_Source\PSoC4/Opamp.c ****         Opamp_OA_RES_CTRL |= Opamp_OA_PUMP_EN;    
 253              		.loc 1 176 9 is_stmt 1 view .LVU42
 254              		.loc 1 176 27 is_stmt 0 view .LVU43
 255 0004 064A     		ldr	r2, .L21
 256 0006 1168     		ldr	r1, [r2]
 257 0008 8023     		movs	r3, #128
 258 000a 1B01     		lsls	r3, r3, #4
 259 000c 0B43     		orrs	r3, r1
 260 000e 1360     		str	r3, [r2]
 261              	.L18:
 177:Generated_Source\PSoC4/Opamp.c ****     }
 178:Generated_Source\PSoC4/Opamp.c ****     else
 179:Generated_Source\PSoC4/Opamp.c ****     {
 180:Generated_Source\PSoC4/Opamp.c ****         Opamp_OA_RES_CTRL &= (uint32)~Opamp_OA_PUMP_EN;
 181:Generated_Source\PSoC4/Opamp.c ****     }
 182:Generated_Source\PSoC4/Opamp.c **** }
 262              		.loc 1 182 1 view .LVU44
 263              		@ sp needed
 264 0010 7047     		bx	lr
 265              	.L19:
 180:Generated_Source\PSoC4/Opamp.c ****     }
 266              		.loc 1 180 9 is_stmt 1 view .LVU45
 180:Generated_Source\PSoC4/Opamp.c ****     }
 267              		.loc 1 180 27 is_stmt 0 view .LVU46
 268 0012 034A     		ldr	r2, .L21
 269 0014 1368     		ldr	r3, [r2]
ARM GAS  C:\Users\EDULU~1.DES\AppData\Local\Temp\cchRPQqe.s 			page 9


 270 0016 0349     		ldr	r1, .L21+4
 271 0018 0B40     		ands	r3, r1
 272 001a 1360     		str	r3, [r2]
 273              		.loc 1 182 1 view .LVU47
 274 001c F8E7     		b	.L18
 275              	.L22:
 276 001e C046     		.align	2
 277              	.L21:
 278 0020 04001040 		.word	1074790404
 279 0024 FFF7FFFF 		.word	-2049
 280              		.cfi_endproc
 281              	.LFE5:
 282              		.size	Opamp_PumpControl, .-Opamp_PumpControl
 283              		.global	Opamp_initVar
 284              		.bss
 285              		.align	2
 286              		.set	.LANCHOR0,. + 0
 287              		.type	Opamp_internalPower, %object
 288              		.size	Opamp_internalPower, 4
 289              	Opamp_internalPower:
 290 0000 00000000 		.space	4
 291              		.type	Opamp_initVar, %object
 292              		.size	Opamp_initVar, 1
 293              	Opamp_initVar:
 294 0004 00       		.space	1
 295              		.text
 296              	.Letext0:
 297              		.file 2 "Generated_Source\\PSoC4\\cytypes.h"
 298              		.file 3 "Generated_Source\\PSoC4\\Opamp.h"
 299              		.section	.debug_info,"",%progbits
 300              	.Ldebug_info0:
 301 0000 98010000 		.4byte	0x198
 302 0004 0400     		.2byte	0x4
 303 0006 00000000 		.4byte	.Ldebug_abbrev0
 304 000a 04       		.byte	0x4
 305 000b 01       		.uleb128 0x1
 306 000c 44010000 		.4byte	.LASF22
 307 0010 0C       		.byte	0xc
 308 0011 25010000 		.4byte	.LASF23
 309 0015 2D000000 		.4byte	.LASF24
 310 0019 00000000 		.4byte	.Ldebug_ranges0+0
 311 001d 00000000 		.4byte	0
 312 0021 00000000 		.4byte	.Ldebug_line0
 313 0025 02       		.uleb128 0x2
 314 0026 01       		.byte	0x1
 315 0027 06       		.byte	0x6
 316 0028 43020000 		.4byte	.LASF0
 317 002c 02       		.uleb128 0x2
 318 002d 01       		.byte	0x1
 319 002e 08       		.byte	0x8
 320 002f AF000000 		.4byte	.LASF1
 321 0033 02       		.uleb128 0x2
 322 0034 02       		.byte	0x2
 323 0035 05       		.byte	0x5
 324 0036 2A020000 		.4byte	.LASF2
 325 003a 02       		.uleb128 0x2
 326 003b 02       		.byte	0x2
ARM GAS  C:\Users\EDULU~1.DES\AppData\Local\Temp\cchRPQqe.s 			page 10


 327 003c 07       		.byte	0x7
 328 003d D5000000 		.4byte	.LASF3
 329 0041 02       		.uleb128 0x2
 330 0042 04       		.byte	0x4
 331 0043 05       		.byte	0x5
 332 0044 3A020000 		.4byte	.LASF4
 333 0048 02       		.uleb128 0x2
 334 0049 04       		.byte	0x4
 335 004a 07       		.byte	0x7
 336 004b C3000000 		.4byte	.LASF5
 337 004f 02       		.uleb128 0x2
 338 0050 08       		.byte	0x8
 339 0051 05       		.byte	0x5
 340 0052 EA010000 		.4byte	.LASF6
 341 0056 02       		.uleb128 0x2
 342 0057 08       		.byte	0x8
 343 0058 07       		.byte	0x7
 344 0059 03010000 		.4byte	.LASF7
 345 005d 03       		.uleb128 0x3
 346 005e 04       		.byte	0x4
 347 005f 05       		.byte	0x5
 348 0060 696E7400 		.ascii	"int\000"
 349 0064 02       		.uleb128 0x2
 350 0065 04       		.byte	0x4
 351 0066 07       		.byte	0x7
 352 0067 F6000000 		.4byte	.LASF8
 353 006b 04       		.uleb128 0x4
 354 006c 34020000 		.4byte	.LASF9
 355 0070 02       		.byte	0x2
 356 0071 E401     		.2byte	0x1e4
 357 0073 19       		.byte	0x19
 358 0074 2C000000 		.4byte	0x2c
 359 0078 04       		.uleb128 0x4
 360 0079 EF000000 		.4byte	.LASF10
 361 007d 02       		.byte	0x2
 362 007e E601     		.2byte	0x1e6
 363 0080 19       		.byte	0x19
 364 0081 48000000 		.4byte	0x48
 365 0085 05       		.uleb128 0x5
 366 0086 78000000 		.4byte	0x78
 367 008a 02       		.uleb128 0x2
 368 008b 04       		.byte	0x4
 369 008c 04       		.byte	0x4
 370 008d 9B000000 		.4byte	.LASF11
 371 0091 02       		.uleb128 0x2
 372 0092 08       		.byte	0x8
 373 0093 04       		.byte	0x4
 374 0094 E8000000 		.4byte	.LASF12
 375 0098 02       		.uleb128 0x2
 376 0099 01       		.byte	0x1
 377 009a 08       		.byte	0x8
 378 009b 0C020000 		.4byte	.LASF13
 379 009f 04       		.uleb128 0x4
 380 00a0 00000000 		.4byte	.LASF14
 381 00a4 02       		.byte	0x2
 382 00a5 9002     		.2byte	0x290
 383 00a7 21       		.byte	0x21
ARM GAS  C:\Users\EDULU~1.DES\AppData\Local\Temp\cchRPQqe.s 			page 11


 384 00a8 85000000 		.4byte	0x85
 385 00ac 06       		.uleb128 0x6
 386 00ad A1000000 		.4byte	.LASF17
 387 00b1 03       		.byte	0x3
 388 00b2 51       		.byte	0x51
 389 00b3 0F       		.byte	0xf
 390 00b4 6B000000 		.4byte	0x6b
 391 00b8 07       		.uleb128 0x7
 392 00b9 AC000000 		.4byte	0xac
 393 00bd 01       		.byte	0x1
 394 00be 13       		.byte	0x13
 395 00bf 07       		.byte	0x7
 396 00c0 05       		.uleb128 0x5
 397 00c1 03       		.byte	0x3
 398 00c2 00000000 		.4byte	Opamp_initVar
 399 00c6 08       		.uleb128 0x8
 400 00c7 F8010000 		.4byte	.LASF25
 401 00cb 01       		.byte	0x1
 402 00cc 14       		.byte	0x14
 403 00cd 0F       		.byte	0xf
 404 00ce 78000000 		.4byte	0x78
 405 00d2 05       		.uleb128 0x5
 406 00d3 03       		.byte	0x3
 407 00d4 00000000 		.4byte	Opamp_internalPower
 408 00d8 09       		.uleb128 0x9
 409 00d9 06000000 		.4byte	.LASF15
 410 00dd 01       		.byte	0x1
 411 00de AB       		.byte	0xab
 412 00df 06       		.byte	0x6
 413 00e0 00000000 		.4byte	.LFB5
 414 00e4 28000000 		.4byte	.LFE5-.LFB5
 415 00e8 01       		.uleb128 0x1
 416 00e9 9C       		.byte	0x9c
 417 00ea FD000000 		.4byte	0xfd
 418 00ee 0A       		.uleb128 0xa
 419 00ef BD000000 		.4byte	.LASF26
 420 00f3 01       		.byte	0x1
 421 00f4 AB       		.byte	0xab
 422 00f5 1F       		.byte	0x1f
 423 00f6 78000000 		.4byte	0x78
 424 00fa 01       		.uleb128 0x1
 425 00fb 50       		.byte	0x50
 426 00fc 00       		.byte	0
 427 00fd 09       		.uleb128 0x9
 428 00fe 1E000000 		.4byte	.LASF16
 429 0102 01       		.byte	0x1
 430 0103 8D       		.byte	0x8d
 431 0104 06       		.byte	0x6
 432 0105 00000000 		.4byte	.LFB4
 433 0109 1C000000 		.4byte	.LFE4-.LFB4
 434 010d 01       		.uleb128 0x1
 435 010e 9C       		.byte	0x9c
 436 010f 3C010000 		.4byte	0x13c
 437 0113 0B       		.uleb128 0xb
 438 0114 18000000 		.4byte	.LASF27
 439 0118 01       		.byte	0x1
 440 0119 8D       		.byte	0x8d
ARM GAS  C:\Users\EDULU~1.DES\AppData\Local\Temp\cchRPQqe.s 			page 12


 441 011a 1C       		.byte	0x1c
 442 011b 78000000 		.4byte	0x78
 443 011f 04000000 		.4byte	.LLST0
 444 0123 00000000 		.4byte	.LVUS0
 445 0127 0C       		.uleb128 0xc
 446 0128 746D7000 		.ascii	"tmp\000"
 447 012c 01       		.byte	0x1
 448 012d 8F       		.byte	0x8f
 449 012e 0C       		.byte	0xc
 450 012f 78000000 		.4byte	0x78
 451 0133 27000000 		.4byte	.LLST1
 452 0137 25000000 		.4byte	.LVUS1
 453 013b 00       		.byte	0
 454 013c 0D       		.uleb128 0xd
 455 013d 4F020000 		.4byte	.LASF19
 456 0141 01       		.byte	0x1
 457 0142 75       		.byte	0x75
 458 0143 06       		.byte	0x6
 459 0144 00000000 		.4byte	.LFB3
 460 0148 14000000 		.4byte	.LFE3-.LFB3
 461 014c 01       		.uleb128 0x1
 462 014d 9C       		.byte	0x9c
 463 014e 09       		.uleb128 0x9
 464 014f 1E020000 		.4byte	.LASF18
 465 0153 01       		.byte	0x1
 466 0154 5C       		.byte	0x5c
 467 0155 06       		.byte	0x6
 468 0156 00000000 		.4byte	.LFB2
 469 015a 20000000 		.4byte	.LFE2-.LFB2
 470 015e 01       		.uleb128 0x1
 471 015f 9C       		.byte	0x9c
 472 0160 77010000 		.4byte	0x177
 473 0164 0E       		.uleb128 0xe
 474 0165 0E000000 		.4byte	.LVL0
 475 0169 77010000 		.4byte	0x177
 476 016d 0E       		.uleb128 0xe
 477 016e 14000000 		.4byte	.LVL1
 478 0172 89010000 		.4byte	0x189
 479 0176 00       		.byte	0
 480 0177 0D       		.uleb128 0xd
 481 0178 11020000 		.4byte	.LASF20
 482 017c 01       		.byte	0x1
 483 017d 40       		.byte	0x40
 484 017e 06       		.byte	0x6
 485 017f 00000000 		.4byte	.LFB1
 486 0183 1C000000 		.4byte	.LFE1-.LFB1
 487 0187 01       		.uleb128 0x1
 488 0188 9C       		.byte	0x9c
 489 0189 0D       		.uleb128 0xd
 490 018a 1A010000 		.4byte	.LASF21
 491 018e 01       		.byte	0x1
 492 018f 27       		.byte	0x27
 493 0190 06       		.byte	0x6
 494 0191 00000000 		.4byte	.LFB0
 495 0195 2C000000 		.4byte	.LFE0-.LFB0
 496 0199 01       		.uleb128 0x1
 497 019a 9C       		.byte	0x9c
ARM GAS  C:\Users\EDULU~1.DES\AppData\Local\Temp\cchRPQqe.s 			page 13


 498 019b 00       		.byte	0
 499              		.section	.debug_abbrev,"",%progbits
 500              	.Ldebug_abbrev0:
 501 0000 01       		.uleb128 0x1
 502 0001 11       		.uleb128 0x11
 503 0002 01       		.byte	0x1
 504 0003 25       		.uleb128 0x25
 505 0004 0E       		.uleb128 0xe
 506 0005 13       		.uleb128 0x13
 507 0006 0B       		.uleb128 0xb
 508 0007 03       		.uleb128 0x3
 509 0008 0E       		.uleb128 0xe
 510 0009 1B       		.uleb128 0x1b
 511 000a 0E       		.uleb128 0xe
 512 000b 55       		.uleb128 0x55
 513 000c 17       		.uleb128 0x17
 514 000d 11       		.uleb128 0x11
 515 000e 01       		.uleb128 0x1
 516 000f 10       		.uleb128 0x10
 517 0010 17       		.uleb128 0x17
 518 0011 00       		.byte	0
 519 0012 00       		.byte	0
 520 0013 02       		.uleb128 0x2
 521 0014 24       		.uleb128 0x24
 522 0015 00       		.byte	0
 523 0016 0B       		.uleb128 0xb
 524 0017 0B       		.uleb128 0xb
 525 0018 3E       		.uleb128 0x3e
 526 0019 0B       		.uleb128 0xb
 527 001a 03       		.uleb128 0x3
 528 001b 0E       		.uleb128 0xe
 529 001c 00       		.byte	0
 530 001d 00       		.byte	0
 531 001e 03       		.uleb128 0x3
 532 001f 24       		.uleb128 0x24
 533 0020 00       		.byte	0
 534 0021 0B       		.uleb128 0xb
 535 0022 0B       		.uleb128 0xb
 536 0023 3E       		.uleb128 0x3e
 537 0024 0B       		.uleb128 0xb
 538 0025 03       		.uleb128 0x3
 539 0026 08       		.uleb128 0x8
 540 0027 00       		.byte	0
 541 0028 00       		.byte	0
 542 0029 04       		.uleb128 0x4
 543 002a 16       		.uleb128 0x16
 544 002b 00       		.byte	0
 545 002c 03       		.uleb128 0x3
 546 002d 0E       		.uleb128 0xe
 547 002e 3A       		.uleb128 0x3a
 548 002f 0B       		.uleb128 0xb
 549 0030 3B       		.uleb128 0x3b
 550 0031 05       		.uleb128 0x5
 551 0032 39       		.uleb128 0x39
 552 0033 0B       		.uleb128 0xb
 553 0034 49       		.uleb128 0x49
 554 0035 13       		.uleb128 0x13
ARM GAS  C:\Users\EDULU~1.DES\AppData\Local\Temp\cchRPQqe.s 			page 14


 555 0036 00       		.byte	0
 556 0037 00       		.byte	0
 557 0038 05       		.uleb128 0x5
 558 0039 35       		.uleb128 0x35
 559 003a 00       		.byte	0
 560 003b 49       		.uleb128 0x49
 561 003c 13       		.uleb128 0x13
 562 003d 00       		.byte	0
 563 003e 00       		.byte	0
 564 003f 06       		.uleb128 0x6
 565 0040 34       		.uleb128 0x34
 566 0041 00       		.byte	0
 567 0042 03       		.uleb128 0x3
 568 0043 0E       		.uleb128 0xe
 569 0044 3A       		.uleb128 0x3a
 570 0045 0B       		.uleb128 0xb
 571 0046 3B       		.uleb128 0x3b
 572 0047 0B       		.uleb128 0xb
 573 0048 39       		.uleb128 0x39
 574 0049 0B       		.uleb128 0xb
 575 004a 49       		.uleb128 0x49
 576 004b 13       		.uleb128 0x13
 577 004c 3F       		.uleb128 0x3f
 578 004d 19       		.uleb128 0x19
 579 004e 3C       		.uleb128 0x3c
 580 004f 19       		.uleb128 0x19
 581 0050 00       		.byte	0
 582 0051 00       		.byte	0
 583 0052 07       		.uleb128 0x7
 584 0053 34       		.uleb128 0x34
 585 0054 00       		.byte	0
 586 0055 47       		.uleb128 0x47
 587 0056 13       		.uleb128 0x13
 588 0057 3A       		.uleb128 0x3a
 589 0058 0B       		.uleb128 0xb
 590 0059 3B       		.uleb128 0x3b
 591 005a 0B       		.uleb128 0xb
 592 005b 39       		.uleb128 0x39
 593 005c 0B       		.uleb128 0xb
 594 005d 02       		.uleb128 0x2
 595 005e 18       		.uleb128 0x18
 596 005f 00       		.byte	0
 597 0060 00       		.byte	0
 598 0061 08       		.uleb128 0x8
 599 0062 34       		.uleb128 0x34
 600 0063 00       		.byte	0
 601 0064 03       		.uleb128 0x3
 602 0065 0E       		.uleb128 0xe
 603 0066 3A       		.uleb128 0x3a
 604 0067 0B       		.uleb128 0xb
 605 0068 3B       		.uleb128 0x3b
 606 0069 0B       		.uleb128 0xb
 607 006a 39       		.uleb128 0x39
 608 006b 0B       		.uleb128 0xb
 609 006c 49       		.uleb128 0x49
 610 006d 13       		.uleb128 0x13
 611 006e 02       		.uleb128 0x2
ARM GAS  C:\Users\EDULU~1.DES\AppData\Local\Temp\cchRPQqe.s 			page 15


 612 006f 18       		.uleb128 0x18
 613 0070 00       		.byte	0
 614 0071 00       		.byte	0
 615 0072 09       		.uleb128 0x9
 616 0073 2E       		.uleb128 0x2e
 617 0074 01       		.byte	0x1
 618 0075 3F       		.uleb128 0x3f
 619 0076 19       		.uleb128 0x19
 620 0077 03       		.uleb128 0x3
 621 0078 0E       		.uleb128 0xe
 622 0079 3A       		.uleb128 0x3a
 623 007a 0B       		.uleb128 0xb
 624 007b 3B       		.uleb128 0x3b
 625 007c 0B       		.uleb128 0xb
 626 007d 39       		.uleb128 0x39
 627 007e 0B       		.uleb128 0xb
 628 007f 27       		.uleb128 0x27
 629 0080 19       		.uleb128 0x19
 630 0081 11       		.uleb128 0x11
 631 0082 01       		.uleb128 0x1
 632 0083 12       		.uleb128 0x12
 633 0084 06       		.uleb128 0x6
 634 0085 40       		.uleb128 0x40
 635 0086 18       		.uleb128 0x18
 636 0087 9742     		.uleb128 0x2117
 637 0089 19       		.uleb128 0x19
 638 008a 01       		.uleb128 0x1
 639 008b 13       		.uleb128 0x13
 640 008c 00       		.byte	0
 641 008d 00       		.byte	0
 642 008e 0A       		.uleb128 0xa
 643 008f 05       		.uleb128 0x5
 644 0090 00       		.byte	0
 645 0091 03       		.uleb128 0x3
 646 0092 0E       		.uleb128 0xe
 647 0093 3A       		.uleb128 0x3a
 648 0094 0B       		.uleb128 0xb
 649 0095 3B       		.uleb128 0x3b
 650 0096 0B       		.uleb128 0xb
 651 0097 39       		.uleb128 0x39
 652 0098 0B       		.uleb128 0xb
 653 0099 49       		.uleb128 0x49
 654 009a 13       		.uleb128 0x13
 655 009b 02       		.uleb128 0x2
 656 009c 18       		.uleb128 0x18
 657 009d 00       		.byte	0
 658 009e 00       		.byte	0
 659 009f 0B       		.uleb128 0xb
 660 00a0 05       		.uleb128 0x5
 661 00a1 00       		.byte	0
 662 00a2 03       		.uleb128 0x3
 663 00a3 0E       		.uleb128 0xe
 664 00a4 3A       		.uleb128 0x3a
 665 00a5 0B       		.uleb128 0xb
 666 00a6 3B       		.uleb128 0x3b
 667 00a7 0B       		.uleb128 0xb
 668 00a8 39       		.uleb128 0x39
ARM GAS  C:\Users\EDULU~1.DES\AppData\Local\Temp\cchRPQqe.s 			page 16


 669 00a9 0B       		.uleb128 0xb
 670 00aa 49       		.uleb128 0x49
 671 00ab 13       		.uleb128 0x13
 672 00ac 02       		.uleb128 0x2
 673 00ad 17       		.uleb128 0x17
 674 00ae B742     		.uleb128 0x2137
 675 00b0 17       		.uleb128 0x17
 676 00b1 00       		.byte	0
 677 00b2 00       		.byte	0
 678 00b3 0C       		.uleb128 0xc
 679 00b4 34       		.uleb128 0x34
 680 00b5 00       		.byte	0
 681 00b6 03       		.uleb128 0x3
 682 00b7 08       		.uleb128 0x8
 683 00b8 3A       		.uleb128 0x3a
 684 00b9 0B       		.uleb128 0xb
 685 00ba 3B       		.uleb128 0x3b
 686 00bb 0B       		.uleb128 0xb
 687 00bc 39       		.uleb128 0x39
 688 00bd 0B       		.uleb128 0xb
 689 00be 49       		.uleb128 0x49
 690 00bf 13       		.uleb128 0x13
 691 00c0 02       		.uleb128 0x2
 692 00c1 17       		.uleb128 0x17
 693 00c2 B742     		.uleb128 0x2137
 694 00c4 17       		.uleb128 0x17
 695 00c5 00       		.byte	0
 696 00c6 00       		.byte	0
 697 00c7 0D       		.uleb128 0xd
 698 00c8 2E       		.uleb128 0x2e
 699 00c9 00       		.byte	0
 700 00ca 3F       		.uleb128 0x3f
 701 00cb 19       		.uleb128 0x19
 702 00cc 03       		.uleb128 0x3
 703 00cd 0E       		.uleb128 0xe
 704 00ce 3A       		.uleb128 0x3a
 705 00cf 0B       		.uleb128 0xb
 706 00d0 3B       		.uleb128 0x3b
 707 00d1 0B       		.uleb128 0xb
 708 00d2 39       		.uleb128 0x39
 709 00d3 0B       		.uleb128 0xb
 710 00d4 27       		.uleb128 0x27
 711 00d5 19       		.uleb128 0x19
 712 00d6 11       		.uleb128 0x11
 713 00d7 01       		.uleb128 0x1
 714 00d8 12       		.uleb128 0x12
 715 00d9 06       		.uleb128 0x6
 716 00da 40       		.uleb128 0x40
 717 00db 18       		.uleb128 0x18
 718 00dc 9742     		.uleb128 0x2117
 719 00de 19       		.uleb128 0x19
 720 00df 00       		.byte	0
 721 00e0 00       		.byte	0
 722 00e1 0E       		.uleb128 0xe
 723 00e2 898201   		.uleb128 0x4109
 724 00e5 00       		.byte	0
 725 00e6 11       		.uleb128 0x11
ARM GAS  C:\Users\EDULU~1.DES\AppData\Local\Temp\cchRPQqe.s 			page 17


 726 00e7 01       		.uleb128 0x1
 727 00e8 31       		.uleb128 0x31
 728 00e9 13       		.uleb128 0x13
 729 00ea 00       		.byte	0
 730 00eb 00       		.byte	0
 731 00ec 00       		.byte	0
 732              		.section	.debug_loc,"",%progbits
 733              	.Ldebug_loc0:
 734              	.LVUS0:
 735 0000 00       		.uleb128 0
 736 0001 00       		.uleb128 .LVU31
 737 0002 00       		.uleb128 .LVU31
 738 0003 00       		.uleb128 0
 739              	.LLST0:
 740 0004 00000000 		.4byte	.LVL2
 741 0008 04000000 		.4byte	.LVL3
 742 000c 0100     		.2byte	0x1
 743 000e 50       		.byte	0x50
 744 000f 04000000 		.4byte	.LVL3
 745 0013 1C000000 		.4byte	.LFE4
 746 0017 0400     		.2byte	0x4
 747 0019 F3       		.byte	0xf3
 748 001a 01       		.uleb128 0x1
 749 001b 50       		.byte	0x50
 750 001c 9F       		.byte	0x9f
 751 001d 00000000 		.4byte	0
 752 0021 00000000 		.4byte	0
 753              	.LVUS1:
 754 0025 00       		.uleb128 .LVU35
 755 0026 00       		.uleb128 0
 756              	.LLST1:
 757 0027 0E000000 		.4byte	.LVL4
 758 002b 1C000000 		.4byte	.LFE4
 759 002f 0100     		.2byte	0x1
 760 0031 53       		.byte	0x53
 761 0032 00000000 		.4byte	0
 762 0036 00000000 		.4byte	0
 763              		.section	.debug_aranges,"",%progbits
 764 0000 44000000 		.4byte	0x44
 765 0004 0200     		.2byte	0x2
 766 0006 00000000 		.4byte	.Ldebug_info0
 767 000a 04       		.byte	0x4
 768 000b 00       		.byte	0
 769 000c 0000     		.2byte	0
 770 000e 0000     		.2byte	0
 771 0010 00000000 		.4byte	.LFB0
 772 0014 2C000000 		.4byte	.LFE0-.LFB0
 773 0018 00000000 		.4byte	.LFB1
 774 001c 1C000000 		.4byte	.LFE1-.LFB1
 775 0020 00000000 		.4byte	.LFB2
 776 0024 20000000 		.4byte	.LFE2-.LFB2
 777 0028 00000000 		.4byte	.LFB3
 778 002c 14000000 		.4byte	.LFE3-.LFB3
 779 0030 00000000 		.4byte	.LFB4
 780 0034 1C000000 		.4byte	.LFE4-.LFB4
 781 0038 00000000 		.4byte	.LFB5
 782 003c 28000000 		.4byte	.LFE5-.LFB5
ARM GAS  C:\Users\EDULU~1.DES\AppData\Local\Temp\cchRPQqe.s 			page 18


 783 0040 00000000 		.4byte	0
 784 0044 00000000 		.4byte	0
 785              		.section	.debug_ranges,"",%progbits
 786              	.Ldebug_ranges0:
 787 0000 00000000 		.4byte	.LFB0
 788 0004 2C000000 		.4byte	.LFE0
 789 0008 00000000 		.4byte	.LFB1
 790 000c 1C000000 		.4byte	.LFE1
 791 0010 00000000 		.4byte	.LFB2
 792 0014 20000000 		.4byte	.LFE2
 793 0018 00000000 		.4byte	.LFB3
 794 001c 14000000 		.4byte	.LFE3
 795 0020 00000000 		.4byte	.LFB4
 796 0024 1C000000 		.4byte	.LFE4
 797 0028 00000000 		.4byte	.LFB5
 798 002c 28000000 		.4byte	.LFE5
 799 0030 00000000 		.4byte	0
 800 0034 00000000 		.4byte	0
 801              		.section	.debug_line,"",%progbits
 802              	.Ldebug_line0:
 803 0000 50010000 		.section	.debug_str,"MS",%progbits,1
 803      03004D00 
 803      00000201 
 803      FB0E0D00 
 803      01010101 
 804              	.LASF14:
 805 0000 72656733 		.ascii	"reg32\000"
 805      3200
 806              	.LASF15:
 807 0006 4F70616D 		.ascii	"Opamp_PumpControl\000"
 807      705F5075 
 807      6D70436F 
 807      6E74726F 
 807      6C00
 808              	.LASF27:
 809 0018 706F7765 		.ascii	"power\000"
 809      7200
 810              	.LASF16:
 811 001e 4F70616D 		.ascii	"Opamp_SetPower\000"
 811      705F5365 
 811      74506F77 
 811      657200
 812              	.LASF24:
 813 002d 433A5C55 		.ascii	"C:\\Users\\edulu.DESKTOP-961TG4K\\Documents\\PSoC C"
 813      73657273 
 813      5C656475 
 813      6C752E44 
 813      45534B54 
 814 005c 72656174 		.ascii	"reator\\Micrium\\Examples\\Cypress\\CY8CKIT-044\\OS"
 814      6F725C4D 
 814      69637269 
 814      756D5C45 
 814      78616D70 
 815 008a 335C5053 		.ascii	"3\\PSoC\\OS3.cydsn\000"
 815      6F435C4F 
 815      53332E63 
 815      7964736E 
ARM GAS  C:\Users\EDULU~1.DES\AppData\Local\Temp\cchRPQqe.s 			page 19


 815      00
 816              	.LASF11:
 817 009b 666C6F61 		.ascii	"float\000"
 817      7400
 818              	.LASF17:
 819 00a1 4F70616D 		.ascii	"Opamp_initVar\000"
 819      705F696E 
 819      69745661 
 819      7200
 820              	.LASF1:
 821 00af 756E7369 		.ascii	"unsigned char\000"
 821      676E6564 
 821      20636861 
 821      7200
 822              	.LASF26:
 823 00bd 6F6E4F66 		.ascii	"onOff\000"
 823      6600
 824              	.LASF5:
 825 00c3 6C6F6E67 		.ascii	"long unsigned int\000"
 825      20756E73 
 825      69676E65 
 825      6420696E 
 825      7400
 826              	.LASF3:
 827 00d5 73686F72 		.ascii	"short unsigned int\000"
 827      7420756E 
 827      7369676E 
 827      65642069 
 827      6E7400
 828              	.LASF12:
 829 00e8 646F7562 		.ascii	"double\000"
 829      6C6500
 830              	.LASF10:
 831 00ef 75696E74 		.ascii	"uint32\000"
 831      333200
 832              	.LASF8:
 833 00f6 756E7369 		.ascii	"unsigned int\000"
 833      676E6564 
 833      20696E74 
 833      00
 834              	.LASF7:
 835 0103 6C6F6E67 		.ascii	"long long unsigned int\000"
 835      206C6F6E 
 835      6720756E 
 835      7369676E 
 835      65642069 
 836              	.LASF21:
 837 011a 4F70616D 		.ascii	"Opamp_Init\000"
 837      705F496E 
 837      697400
 838              	.LASF23:
 839 0125 47656E65 		.ascii	"Generated_Source\\PSoC4\\Opamp.c\000"
 839      72617465 
 839      645F536F 
 839      75726365 
 839      5C50536F 
 840              	.LASF22:
ARM GAS  C:\Users\EDULU~1.DES\AppData\Local\Temp\cchRPQqe.s 			page 20


 841 0144 474E5520 		.ascii	"GNU C17 8.2.1 20181213 (release) [gcc-8-branch revi"
 841      43313720 
 841      382E322E 
 841      31203230 
 841      31383132 
 842 0177 73696F6E 		.ascii	"sion 267074] -mcpu=cortex-m0 -mthumb -mfloat-abi=so"
 842      20323637 
 842      3037345D 
 842      202D6D63 
 842      70753D63 
 843 01aa 6674202D 		.ascii	"ft -march=armv6s-m -g -Og -ffunction-sections -ffat"
 843      6D617263 
 843      683D6172 
 843      6D763673 
 843      2D6D202D 
 844 01dd 2D6C746F 		.ascii	"-lto-objects\000"
 844      2D6F626A 
 844      65637473 
 844      00
 845              	.LASF6:
 846 01ea 6C6F6E67 		.ascii	"long long int\000"
 846      206C6F6E 
 846      6720696E 
 846      7400
 847              	.LASF25:
 848 01f8 4F70616D 		.ascii	"Opamp_internalPower\000"
 848      705F696E 
 848      7465726E 
 848      616C506F 
 848      77657200 
 849              	.LASF13:
 850 020c 63686172 		.ascii	"char\000"
 850      00
 851              	.LASF20:
 852 0211 4F70616D 		.ascii	"Opamp_Enable\000"
 852      705F456E 
 852      61626C65 
 852      00
 853              	.LASF18:
 854 021e 4F70616D 		.ascii	"Opamp_Start\000"
 854      705F5374 
 854      61727400 
 855              	.LASF2:
 856 022a 73686F72 		.ascii	"short int\000"
 856      7420696E 
 856      7400
 857              	.LASF9:
 858 0234 75696E74 		.ascii	"uint8\000"
 858      3800
 859              	.LASF4:
 860 023a 6C6F6E67 		.ascii	"long int\000"
 860      20696E74 
 860      00
 861              	.LASF0:
 862 0243 7369676E 		.ascii	"signed char\000"
 862      65642063 
 862      68617200 
ARM GAS  C:\Users\EDULU~1.DES\AppData\Local\Temp\cchRPQqe.s 			page 21


 863              	.LASF19:
 864 024f 4F70616D 		.ascii	"Opamp_Stop\000"
 864      705F5374 
 864      6F7000
 865              		.ident	"GCC: (GNU Tools for Arm Embedded Processors 8-2018-q4-major) 8.2.1 20181213 (release) [gcc
