ARM GAS  C:\Users\EDULU~1.DES\AppData\Local\Temp\ccdfGASl.s 			page 1


   1              		.cpu cortex-m0
   2              		.eabi_attribute 20, 1
   3              		.eabi_attribute 21, 1
   4              		.eabi_attribute 23, 3
   5              		.eabi_attribute 24, 1
   6              		.eabi_attribute 25, 1
   7              		.eabi_attribute 26, 1
   8              		.eabi_attribute 30, 1
   9              		.eabi_attribute 34, 0
  10              		.eabi_attribute 18, 4
  11              		.file	"Opamp_PM.c"
  12              		.text
  13              	.Ltext0:
  14              		.cfi_sections	.debug_frame
  15              		.section	.text.Opamp_SaveConfig,"ax",%progbits
  16              		.align	1
  17              		.global	Opamp_SaveConfig
  18              		.arch armv6s-m
  19              		.syntax unified
  20              		.code	16
  21              		.thumb_func
  22              		.fpu softvfp
  23              		.type	Opamp_SaveConfig, %function
  24              	Opamp_SaveConfig:
  25              	.LFB0:
  26              		.file 1 "Generated_Source\\PSoC4\\Opamp_PM.c"
   1:Generated_Source\PSoC4/Opamp_PM.c **** /*******************************************************************************
   2:Generated_Source\PSoC4/Opamp_PM.c **** * File Name: Opamp_PM.c
   3:Generated_Source\PSoC4/Opamp_PM.c **** * Version 1.20
   4:Generated_Source\PSoC4/Opamp_PM.c **** *
   5:Generated_Source\PSoC4/Opamp_PM.c **** * Description:
   6:Generated_Source\PSoC4/Opamp_PM.c **** *  This file provides the power management source code to the API for the
   7:Generated_Source\PSoC4/Opamp_PM.c **** *  Opamp (Analog Buffer) component.
   8:Generated_Source\PSoC4/Opamp_PM.c **** *
   9:Generated_Source\PSoC4/Opamp_PM.c **** *
  10:Generated_Source\PSoC4/Opamp_PM.c **** ********************************************************************************
  11:Generated_Source\PSoC4/Opamp_PM.c **** * Copyright 2013-2015, Cypress Semiconductor Corporation.  All rights reserved.
  12:Generated_Source\PSoC4/Opamp_PM.c **** * You may use this file only in accordance with the license, terms, conditions,
  13:Generated_Source\PSoC4/Opamp_PM.c **** * disclaimers, and limitations in the end user license agreement accompanying
  14:Generated_Source\PSoC4/Opamp_PM.c **** * the software package with which this file was provided.
  15:Generated_Source\PSoC4/Opamp_PM.c **** *******************************************************************************/
  16:Generated_Source\PSoC4/Opamp_PM.c **** 
  17:Generated_Source\PSoC4/Opamp_PM.c **** #include "Opamp.h"
  18:Generated_Source\PSoC4/Opamp_PM.c **** 
  19:Generated_Source\PSoC4/Opamp_PM.c **** #if(!Opamp_CHECK_DEEPSLEEP_SUPPORT)
  20:Generated_Source\PSoC4/Opamp_PM.c ****     static Opamp_BACKUP_STRUCT Opamp_backup =
  21:Generated_Source\PSoC4/Opamp_PM.c ****     {
  22:Generated_Source\PSoC4/Opamp_PM.c ****         0u, /* enableState */
  23:Generated_Source\PSoC4/Opamp_PM.c ****     };
  24:Generated_Source\PSoC4/Opamp_PM.c **** #endif /* (Opamp_CHECK_DEEPSLEEP_SUPPORT) */
  25:Generated_Source\PSoC4/Opamp_PM.c **** 
  26:Generated_Source\PSoC4/Opamp_PM.c **** 
  27:Generated_Source\PSoC4/Opamp_PM.c **** /*******************************************************************************
  28:Generated_Source\PSoC4/Opamp_PM.c **** * Function Name: Opamp_SaveConfig
  29:Generated_Source\PSoC4/Opamp_PM.c **** ********************************************************************************
  30:Generated_Source\PSoC4/Opamp_PM.c **** *
  31:Generated_Source\PSoC4/Opamp_PM.c **** * Summary:
ARM GAS  C:\Users\EDULU~1.DES\AppData\Local\Temp\ccdfGASl.s 			page 2


  32:Generated_Source\PSoC4/Opamp_PM.c **** *  Empty function. Included for consistency with other components.
  33:Generated_Source\PSoC4/Opamp_PM.c **** *
  34:Generated_Source\PSoC4/Opamp_PM.c **** * Parameters:
  35:Generated_Source\PSoC4/Opamp_PM.c **** *  None
  36:Generated_Source\PSoC4/Opamp_PM.c **** *
  37:Generated_Source\PSoC4/Opamp_PM.c **** * Return:
  38:Generated_Source\PSoC4/Opamp_PM.c **** *  None
  39:Generated_Source\PSoC4/Opamp_PM.c **** *
  40:Generated_Source\PSoC4/Opamp_PM.c **** *******************************************************************************/
  41:Generated_Source\PSoC4/Opamp_PM.c **** void Opamp_SaveConfig(void)
  42:Generated_Source\PSoC4/Opamp_PM.c **** {
  27              		.loc 1 42 1 view -0
  28              		.cfi_startproc
  29              		@ args = 0, pretend = 0, frame = 0
  30              		@ frame_needed = 0, uses_anonymous_args = 0
  31              		@ link register save eliminated.
  43:Generated_Source\PSoC4/Opamp_PM.c **** 
  44:Generated_Source\PSoC4/Opamp_PM.c **** }
  32              		.loc 1 44 1 view .LVU1
  33              		@ sp needed
  34 0000 7047     		bx	lr
  35              		.cfi_endproc
  36              	.LFE0:
  37              		.size	Opamp_SaveConfig, .-Opamp_SaveConfig
  38              		.section	.text.Opamp_RestoreConfig,"ax",%progbits
  39              		.align	1
  40              		.global	Opamp_RestoreConfig
  41              		.syntax unified
  42              		.code	16
  43              		.thumb_func
  44              		.fpu softvfp
  45              		.type	Opamp_RestoreConfig, %function
  46              	Opamp_RestoreConfig:
  47              	.LFB1:
  45:Generated_Source\PSoC4/Opamp_PM.c **** 
  46:Generated_Source\PSoC4/Opamp_PM.c **** 
  47:Generated_Source\PSoC4/Opamp_PM.c **** /*******************************************************************************
  48:Generated_Source\PSoC4/Opamp_PM.c **** * Function Name: Opamp_RestoreConfig
  49:Generated_Source\PSoC4/Opamp_PM.c **** ********************************************************************************
  50:Generated_Source\PSoC4/Opamp_PM.c **** *
  51:Generated_Source\PSoC4/Opamp_PM.c **** * Summary:
  52:Generated_Source\PSoC4/Opamp_PM.c **** *  Empty function. Included for consistency with other components.
  53:Generated_Source\PSoC4/Opamp_PM.c **** *
  54:Generated_Source\PSoC4/Opamp_PM.c **** * Parameters:
  55:Generated_Source\PSoC4/Opamp_PM.c **** *  None
  56:Generated_Source\PSoC4/Opamp_PM.c **** *
  57:Generated_Source\PSoC4/Opamp_PM.c **** * Return:
  58:Generated_Source\PSoC4/Opamp_PM.c **** *  None
  59:Generated_Source\PSoC4/Opamp_PM.c **** *
  60:Generated_Source\PSoC4/Opamp_PM.c **** *******************************************************************************/
  61:Generated_Source\PSoC4/Opamp_PM.c **** void Opamp_RestoreConfig(void)
  62:Generated_Source\PSoC4/Opamp_PM.c **** {
  48              		.loc 1 62 1 view -0
  49              		.cfi_startproc
  50              		@ args = 0, pretend = 0, frame = 0
  51              		@ frame_needed = 0, uses_anonymous_args = 0
  52              		@ link register save eliminated.
ARM GAS  C:\Users\EDULU~1.DES\AppData\Local\Temp\ccdfGASl.s 			page 3


  63:Generated_Source\PSoC4/Opamp_PM.c ****     
  64:Generated_Source\PSoC4/Opamp_PM.c **** }
  53              		.loc 1 64 1 view .LVU3
  54              		@ sp needed
  55 0000 7047     		bx	lr
  56              		.cfi_endproc
  57              	.LFE1:
  58              		.size	Opamp_RestoreConfig, .-Opamp_RestoreConfig
  59              		.section	.text.Opamp_Sleep,"ax",%progbits
  60              		.align	1
  61              		.global	Opamp_Sleep
  62              		.syntax unified
  63              		.code	16
  64              		.thumb_func
  65              		.fpu softvfp
  66              		.type	Opamp_Sleep, %function
  67              	Opamp_Sleep:
  68              	.LFB2:
  65:Generated_Source\PSoC4/Opamp_PM.c **** 
  66:Generated_Source\PSoC4/Opamp_PM.c **** 
  67:Generated_Source\PSoC4/Opamp_PM.c **** /*******************************************************************************
  68:Generated_Source\PSoC4/Opamp_PM.c **** * Function Name: Opamp_Sleep
  69:Generated_Source\PSoC4/Opamp_PM.c **** ********************************************************************************
  70:Generated_Source\PSoC4/Opamp_PM.c **** *
  71:Generated_Source\PSoC4/Opamp_PM.c **** * Summary:
  72:Generated_Source\PSoC4/Opamp_PM.c **** *  This is the preferred API to prepare the component for sleep. The Sleep() API 
  73:Generated_Source\PSoC4/Opamp_PM.c **** *  saves the current component state. Call the Sleep() function before calling the 
  74:Generated_Source\PSoC4/Opamp_PM.c **** *  CySysPmDeepSleep() or the CySysPmHibernate() functions. The "Deep sleep operation" 
  75:Generated_Source\PSoC4/Opamp_PM.c **** *  option has an influence on this function implementation.
  76:Generated_Source\PSoC4/Opamp_PM.c **** *
  77:Generated_Source\PSoC4/Opamp_PM.c **** * Parameters:
  78:Generated_Source\PSoC4/Opamp_PM.c **** *  None
  79:Generated_Source\PSoC4/Opamp_PM.c **** *
  80:Generated_Source\PSoC4/Opamp_PM.c **** * Return:
  81:Generated_Source\PSoC4/Opamp_PM.c **** *  None
  82:Generated_Source\PSoC4/Opamp_PM.c **** *
  83:Generated_Source\PSoC4/Opamp_PM.c **** * Global variables:
  84:Generated_Source\PSoC4/Opamp_PM.c **** *  Opamp_backup: The structure field 'enableState' is modified
  85:Generated_Source\PSoC4/Opamp_PM.c **** *  depending on the enable state of the block before entering the sleep mode.
  86:Generated_Source\PSoC4/Opamp_PM.c **** *
  87:Generated_Source\PSoC4/Opamp_PM.c **** *******************************************************************************/
  88:Generated_Source\PSoC4/Opamp_PM.c **** void Opamp_Sleep(void)
  89:Generated_Source\PSoC4/Opamp_PM.c **** {
  69              		.loc 1 89 1 view -0
  70              		.cfi_startproc
  71              		@ args = 0, pretend = 0, frame = 0
  72              		@ frame_needed = 0, uses_anonymous_args = 0
  73 0000 10B5     		push	{r4, lr}
  74              		.cfi_def_cfa_offset 8
  75              		.cfi_offset 4, -8
  76              		.cfi_offset 14, -4
  90:Generated_Source\PSoC4/Opamp_PM.c **** #if(!Opamp_CHECK_DEEPSLEEP_SUPPORT)
  91:Generated_Source\PSoC4/Opamp_PM.c ****     if(Opamp_CHECK_PWR_MODE_OFF)
  77              		.loc 1 91 5 view .LVU5
  78              		.loc 1 91 8 is_stmt 0 view .LVU6
  79 0002 074B     		ldr	r3, .L7
  80 0004 1B68     		ldr	r3, [r3]
ARM GAS  C:\Users\EDULU~1.DES\AppData\Local\Temp\ccdfGASl.s 			page 4


  81              		.loc 1 91 7 view .LVU7
  82 0006 9B07     		lsls	r3, r3, #30
  83 0008 03D1     		bne	.L6
  92:Generated_Source\PSoC4/Opamp_PM.c ****     {
  93:Generated_Source\PSoC4/Opamp_PM.c ****         Opamp_backup.enableState = 1u;
  94:Generated_Source\PSoC4/Opamp_PM.c ****         Opamp_Stop();
  95:Generated_Source\PSoC4/Opamp_PM.c ****     }
  96:Generated_Source\PSoC4/Opamp_PM.c ****     else /* The component is disabled */
  97:Generated_Source\PSoC4/Opamp_PM.c ****     {
  98:Generated_Source\PSoC4/Opamp_PM.c ****         Opamp_backup.enableState = 0u;
  84              		.loc 1 98 9 is_stmt 1 view .LVU8
  85              		.loc 1 98 34 is_stmt 0 view .LVU9
  86 000a 064B     		ldr	r3, .L7+4
  87 000c 0022     		movs	r2, #0
  88 000e 1A70     		strb	r2, [r3]
  89              	.L3:
  99:Generated_Source\PSoC4/Opamp_PM.c ****     }
 100:Generated_Source\PSoC4/Opamp_PM.c **** #endif /* (Opamp_CHECK_DEEPSLEEP_SUPPORT) */
 101:Generated_Source\PSoC4/Opamp_PM.c **** }
  90              		.loc 1 101 1 view .LVU10
  91              		@ sp needed
  92 0010 10BD     		pop	{r4, pc}
  93              	.L6:
  93:Generated_Source\PSoC4/Opamp_PM.c ****         Opamp_Stop();
  94              		.loc 1 93 9 is_stmt 1 view .LVU11
  93:Generated_Source\PSoC4/Opamp_PM.c ****         Opamp_Stop();
  95              		.loc 1 93 34 is_stmt 0 view .LVU12
  96 0012 044B     		ldr	r3, .L7+4
  97 0014 0122     		movs	r2, #1
  98 0016 1A70     		strb	r2, [r3]
  94:Generated_Source\PSoC4/Opamp_PM.c ****     }
  99              		.loc 1 94 9 is_stmt 1 view .LVU13
 100 0018 FFF7FEFF 		bl	Opamp_Stop
 101              	.LVL0:
 102 001c F8E7     		b	.L3
 103              	.L8:
 104 001e C046     		.align	2
 105              	.L7:
 106 0020 04001040 		.word	1074790404
 107 0024 00000000 		.word	.LANCHOR0
 108              		.cfi_endproc
 109              	.LFE2:
 110              		.size	Opamp_Sleep, .-Opamp_Sleep
 111              		.section	.text.Opamp_Wakeup,"ax",%progbits
 112              		.align	1
 113              		.global	Opamp_Wakeup
 114              		.syntax unified
 115              		.code	16
 116              		.thumb_func
 117              		.fpu softvfp
 118              		.type	Opamp_Wakeup, %function
 119              	Opamp_Wakeup:
 120              	.LFB3:
 102:Generated_Source\PSoC4/Opamp_PM.c **** 
 103:Generated_Source\PSoC4/Opamp_PM.c **** 
 104:Generated_Source\PSoC4/Opamp_PM.c **** /*******************************************************************************
 105:Generated_Source\PSoC4/Opamp_PM.c **** * Function Name: Opamp_Wakeup
ARM GAS  C:\Users\EDULU~1.DES\AppData\Local\Temp\ccdfGASl.s 			page 5


 106:Generated_Source\PSoC4/Opamp_PM.c **** ********************************************************************************
 107:Generated_Source\PSoC4/Opamp_PM.c **** *
 108:Generated_Source\PSoC4/Opamp_PM.c **** * Summary:
 109:Generated_Source\PSoC4/Opamp_PM.c **** *  This is the preferred API to restore the component to the state when Sleep() 
 110:Generated_Source\PSoC4/Opamp_PM.c **** *  is called. If the component has been enabled before the Sleep() function is 
 111:Generated_Source\PSoC4/Opamp_PM.c **** *  called, the Wakeup() function will also re-enable the component.
 112:Generated_Source\PSoC4/Opamp_PM.c **** *  The "Deep sleep operation" option has an influence on this function
 113:Generated_Source\PSoC4/Opamp_PM.c **** *  implementation.
 114:Generated_Source\PSoC4/Opamp_PM.c **** *
 115:Generated_Source\PSoC4/Opamp_PM.c **** * Parameters:
 116:Generated_Source\PSoC4/Opamp_PM.c **** *  None
 117:Generated_Source\PSoC4/Opamp_PM.c **** *
 118:Generated_Source\PSoC4/Opamp_PM.c **** * Return:
 119:Generated_Source\PSoC4/Opamp_PM.c **** *  None
 120:Generated_Source\PSoC4/Opamp_PM.c **** *
 121:Generated_Source\PSoC4/Opamp_PM.c **** * Global variables:
 122:Generated_Source\PSoC4/Opamp_PM.c **** *  Opamp_backup: The structure field 'enableState' is used to
 123:Generated_Source\PSoC4/Opamp_PM.c **** *  restore the enable state of block after wakeup from sleep mode.
 124:Generated_Source\PSoC4/Opamp_PM.c **** *
 125:Generated_Source\PSoC4/Opamp_PM.c **** *******************************************************************************/
 126:Generated_Source\PSoC4/Opamp_PM.c **** void Opamp_Wakeup(void)
 127:Generated_Source\PSoC4/Opamp_PM.c **** {
 121              		.loc 1 127 1 view -0
 122              		.cfi_startproc
 123              		@ args = 0, pretend = 0, frame = 0
 124              		@ frame_needed = 0, uses_anonymous_args = 0
 125 0000 10B5     		push	{r4, lr}
 126              		.cfi_def_cfa_offset 8
 127              		.cfi_offset 4, -8
 128              		.cfi_offset 14, -4
 128:Generated_Source\PSoC4/Opamp_PM.c **** #if(!Opamp_CHECK_DEEPSLEEP_SUPPORT)
 129:Generated_Source\PSoC4/Opamp_PM.c ****     if(0u != Opamp_backup.enableState)
 129              		.loc 1 129 5 view .LVU15
 130              		.loc 1 129 26 is_stmt 0 view .LVU16
 131 0002 044B     		ldr	r3, .L12
 132 0004 1B78     		ldrb	r3, [r3]
 133              		.loc 1 129 7 view .LVU17
 134 0006 002B     		cmp	r3, #0
 135 0008 00D1     		bne	.L11
 136              	.L9:
 130:Generated_Source\PSoC4/Opamp_PM.c ****     {
 131:Generated_Source\PSoC4/Opamp_PM.c ****         /* Enable Opamp's operation */
 132:Generated_Source\PSoC4/Opamp_PM.c ****         Opamp_Enable();
 133:Generated_Source\PSoC4/Opamp_PM.c ****     } /* Do nothing if Opamp was disabled before */
 134:Generated_Source\PSoC4/Opamp_PM.c **** #endif /* (Opamp_CHECK_DEEPSLEEP_SUPPORT) */
 135:Generated_Source\PSoC4/Opamp_PM.c **** }
 137              		.loc 1 135 1 view .LVU18
 138              		@ sp needed
 139 000a 10BD     		pop	{r4, pc}
 140              	.L11:
 132:Generated_Source\PSoC4/Opamp_PM.c ****     } /* Do nothing if Opamp was disabled before */
 141              		.loc 1 132 9 is_stmt 1 view .LVU19
 142 000c FFF7FEFF 		bl	Opamp_Enable
 143              	.LVL1:
 144              		.loc 1 135 1 is_stmt 0 view .LVU20
 145 0010 FBE7     		b	.L9
 146              	.L13:
ARM GAS  C:\Users\EDULU~1.DES\AppData\Local\Temp\ccdfGASl.s 			page 6


 147 0012 C046     		.align	2
 148              	.L12:
 149 0014 00000000 		.word	.LANCHOR0
 150              		.cfi_endproc
 151              	.LFE3:
 152              		.size	Opamp_Wakeup, .-Opamp_Wakeup
 153              		.bss
 154              		.align	2
 155              		.set	.LANCHOR0,. + 0
 156              		.type	Opamp_backup, %object
 157              		.size	Opamp_backup, 1
 158              	Opamp_backup:
 159 0000 00       		.space	1
 160              		.text
 161              	.Letext0:
 162              		.file 2 "Generated_Source\\PSoC4\\cytypes.h"
 163              		.file 3 "Generated_Source\\PSoC4\\Opamp.h"
 164              		.section	.debug_info,"",%progbits
 165              	.Ldebug_info0:
 166 0000 66010000 		.4byte	0x166
 167 0004 0400     		.2byte	0x4
 168 0006 00000000 		.4byte	.Ldebug_abbrev0
 169 000a 04       		.byte	0x4
 170 000b 01       		.uleb128 0x1
 171 000c 6E010000 		.4byte	.LASF22
 172 0010 0C       		.byte	0xc
 173 0011 35010000 		.4byte	.LASF23
 174 0015 31000000 		.4byte	.LASF24
 175 0019 00000000 		.4byte	.Ldebug_ranges0+0
 176 001d 00000000 		.4byte	0
 177 0021 00000000 		.4byte	.Ldebug_line0
 178 0025 02       		.uleb128 0x2
 179 0026 01       		.byte	0x1
 180 0027 06       		.byte	0x6
 181 0028 59020000 		.4byte	.LASF0
 182 002c 02       		.uleb128 0x2
 183 002d 01       		.byte	0x1
 184 002e 08       		.byte	0x8
 185 002f C7000000 		.4byte	.LASF1
 186 0033 02       		.uleb128 0x2
 187 0034 02       		.byte	0x2
 188 0035 05       		.byte	0x5
 189 0036 34020000 		.4byte	.LASF2
 190 003a 02       		.uleb128 0x2
 191 003b 02       		.byte	0x2
 192 003c 07       		.byte	0x7
 193 003d FB000000 		.4byte	.LASF3
 194 0041 02       		.uleb128 0x2
 195 0042 04       		.byte	0x4
 196 0043 05       		.byte	0x5
 197 0044 44020000 		.4byte	.LASF4
 198 0048 02       		.uleb128 0x2
 199 0049 04       		.byte	0x4
 200 004a 07       		.byte	0x7
 201 004b E9000000 		.4byte	.LASF5
 202 004f 02       		.uleb128 0x2
 203 0050 08       		.byte	0x8
ARM GAS  C:\Users\EDULU~1.DES\AppData\Local\Temp\ccdfGASl.s 			page 7


 204 0051 05       		.byte	0x5
 205 0052 14020000 		.4byte	.LASF6
 206 0056 02       		.uleb128 0x2
 207 0057 08       		.byte	0x8
 208 0058 07       		.byte	0x7
 209 0059 57010000 		.4byte	.LASF7
 210 005d 03       		.uleb128 0x3
 211 005e 04       		.byte	0x4
 212 005f 05       		.byte	0x5
 213 0060 696E7400 		.ascii	"int\000"
 214 0064 02       		.uleb128 0x2
 215 0065 04       		.byte	0x4
 216 0066 07       		.byte	0x7
 217 0067 28010000 		.4byte	.LASF8
 218 006b 04       		.uleb128 0x4
 219 006c 3E020000 		.4byte	.LASF9
 220 0070 02       		.byte	0x2
 221 0071 E401     		.2byte	0x1e4
 222 0073 19       		.byte	0x19
 223 0074 2C000000 		.4byte	0x2c
 224 0078 04       		.uleb128 0x4
 225 0079 15010000 		.4byte	.LASF10
 226 007d 02       		.byte	0x2
 227 007e E601     		.2byte	0x1e6
 228 0080 19       		.byte	0x19
 229 0081 48000000 		.4byte	0x48
 230 0085 05       		.uleb128 0x5
 231 0086 78000000 		.4byte	0x78
 232 008a 02       		.uleb128 0x2
 233 008b 04       		.byte	0x4
 234 008c 04       		.byte	0x4
 235 008d 9F000000 		.4byte	.LASF11
 236 0091 02       		.uleb128 0x2
 237 0092 08       		.byte	0x8
 238 0093 04       		.byte	0x4
 239 0094 0E010000 		.4byte	.LASF12
 240 0098 02       		.uleb128 0x2
 241 0099 01       		.byte	0x1
 242 009a 08       		.byte	0x8
 243 009b 22020000 		.4byte	.LASF13
 244 009f 04       		.uleb128 0x4
 245 00a0 00000000 		.4byte	.LASF14
 246 00a4 02       		.byte	0x2
 247 00a5 9002     		.2byte	0x290
 248 00a7 21       		.byte	0x21
 249 00a8 85000000 		.4byte	0x85
 250 00ac 06       		.uleb128 0x6
 251 00ad 01       		.byte	0x1
 252 00ae 03       		.byte	0x3
 253 00af 1E       		.byte	0x1e
 254 00b0 09       		.byte	0x9
 255 00b1 C3000000 		.4byte	0xc3
 256 00b5 07       		.uleb128 0x7
 257 00b6 4D020000 		.4byte	.LASF25
 258 00ba 03       		.byte	0x3
 259 00bb 20       		.byte	0x20
 260 00bc 0C       		.byte	0xc
ARM GAS  C:\Users\EDULU~1.DES\AppData\Local\Temp\ccdfGASl.s 			page 8


 261 00bd 6B000000 		.4byte	0x6b
 262 00c1 00       		.byte	0
 263 00c2 00       		.byte	0
 264 00c3 08       		.uleb128 0x8
 265 00c4 B3000000 		.4byte	.LASF15
 266 00c8 03       		.byte	0x3
 267 00c9 21       		.byte	0x21
 268 00ca 03       		.byte	0x3
 269 00cb AC000000 		.4byte	0xac
 270 00cf 09       		.uleb128 0x9
 271 00d0 A5000000 		.4byte	.LASF26
 272 00d4 03       		.byte	0x3
 273 00d5 51       		.byte	0x51
 274 00d6 0F       		.byte	0xf
 275 00d7 6B000000 		.4byte	0x6b
 276 00db 0A       		.uleb128 0xa
 277 00dc 06000000 		.4byte	.LASF27
 278 00e0 01       		.byte	0x1
 279 00e1 14       		.byte	0x14
 280 00e2 20       		.byte	0x20
 281 00e3 C3000000 		.4byte	0xc3
 282 00e7 05       		.uleb128 0x5
 283 00e8 03       		.byte	0x3
 284 00e9 00000000 		.4byte	Opamp_backup
 285 00ed 0B       		.uleb128 0xb
 286 00ee 24000000 		.4byte	.LASF16
 287 00f2 01       		.byte	0x1
 288 00f3 7E       		.byte	0x7e
 289 00f4 06       		.byte	0x6
 290 00f5 00000000 		.4byte	.LFB3
 291 00f9 18000000 		.4byte	.LFE3-.LFB3
 292 00fd 01       		.uleb128 0x1
 293 00fe 9C       		.byte	0x9c
 294 00ff 0D010000 		.4byte	0x10d
 295 0103 0C       		.uleb128 0xc
 296 0104 10000000 		.4byte	.LVL1
 297 0108 51010000 		.4byte	0x151
 298 010c 00       		.byte	0
 299 010d 0B       		.uleb128 0xb
 300 010e 1C010000 		.4byte	.LASF17
 301 0112 01       		.byte	0x1
 302 0113 58       		.byte	0x58
 303 0114 06       		.byte	0x6
 304 0115 00000000 		.4byte	.LFB2
 305 0119 28000000 		.4byte	.LFE2-.LFB2
 306 011d 01       		.uleb128 0x1
 307 011e 9C       		.byte	0x9c
 308 011f 2D010000 		.4byte	0x12d
 309 0123 0C       		.uleb128 0xc
 310 0124 1C000000 		.4byte	.LVL0
 311 0128 5D010000 		.4byte	0x15d
 312 012c 00       		.byte	0
 313 012d 0D       		.uleb128 0xd
 314 012e D5000000 		.4byte	.LASF18
 315 0132 01       		.byte	0x1
 316 0133 3D       		.byte	0x3d
 317 0134 06       		.byte	0x6
ARM GAS  C:\Users\EDULU~1.DES\AppData\Local\Temp\ccdfGASl.s 			page 9


 318 0135 00000000 		.4byte	.LFB1
 319 0139 02000000 		.4byte	.LFE1-.LFB1
 320 013d 01       		.uleb128 0x1
 321 013e 9C       		.byte	0x9c
 322 013f 0D       		.uleb128 0xd
 323 0140 13000000 		.4byte	.LASF19
 324 0144 01       		.byte	0x1
 325 0145 29       		.byte	0x29
 326 0146 06       		.byte	0x6
 327 0147 00000000 		.4byte	.LFB0
 328 014b 02000000 		.4byte	.LFE0-.LFB0
 329 014f 01       		.uleb128 0x1
 330 0150 9C       		.byte	0x9c
 331 0151 0E       		.uleb128 0xe
 332 0152 27020000 		.4byte	.LASF20
 333 0156 27020000 		.4byte	.LASF20
 334 015a 03       		.byte	0x3
 335 015b 28       		.byte	0x28
 336 015c 06       		.byte	0x6
 337 015d 0E       		.uleb128 0xe
 338 015e 65020000 		.4byte	.LASF21
 339 0162 65020000 		.4byte	.LASF21
 340 0166 03       		.byte	0x3
 341 0167 2A       		.byte	0x2a
 342 0168 06       		.byte	0x6
 343 0169 00       		.byte	0
 344              		.section	.debug_abbrev,"",%progbits
 345              	.Ldebug_abbrev0:
 346 0000 01       		.uleb128 0x1
 347 0001 11       		.uleb128 0x11
 348 0002 01       		.byte	0x1
 349 0003 25       		.uleb128 0x25
 350 0004 0E       		.uleb128 0xe
 351 0005 13       		.uleb128 0x13
 352 0006 0B       		.uleb128 0xb
 353 0007 03       		.uleb128 0x3
 354 0008 0E       		.uleb128 0xe
 355 0009 1B       		.uleb128 0x1b
 356 000a 0E       		.uleb128 0xe
 357 000b 55       		.uleb128 0x55
 358 000c 17       		.uleb128 0x17
 359 000d 11       		.uleb128 0x11
 360 000e 01       		.uleb128 0x1
 361 000f 10       		.uleb128 0x10
 362 0010 17       		.uleb128 0x17
 363 0011 00       		.byte	0
 364 0012 00       		.byte	0
 365 0013 02       		.uleb128 0x2
 366 0014 24       		.uleb128 0x24
 367 0015 00       		.byte	0
 368 0016 0B       		.uleb128 0xb
 369 0017 0B       		.uleb128 0xb
 370 0018 3E       		.uleb128 0x3e
 371 0019 0B       		.uleb128 0xb
 372 001a 03       		.uleb128 0x3
 373 001b 0E       		.uleb128 0xe
 374 001c 00       		.byte	0
ARM GAS  C:\Users\EDULU~1.DES\AppData\Local\Temp\ccdfGASl.s 			page 10


 375 001d 00       		.byte	0
 376 001e 03       		.uleb128 0x3
 377 001f 24       		.uleb128 0x24
 378 0020 00       		.byte	0
 379 0021 0B       		.uleb128 0xb
 380 0022 0B       		.uleb128 0xb
 381 0023 3E       		.uleb128 0x3e
 382 0024 0B       		.uleb128 0xb
 383 0025 03       		.uleb128 0x3
 384 0026 08       		.uleb128 0x8
 385 0027 00       		.byte	0
 386 0028 00       		.byte	0
 387 0029 04       		.uleb128 0x4
 388 002a 16       		.uleb128 0x16
 389 002b 00       		.byte	0
 390 002c 03       		.uleb128 0x3
 391 002d 0E       		.uleb128 0xe
 392 002e 3A       		.uleb128 0x3a
 393 002f 0B       		.uleb128 0xb
 394 0030 3B       		.uleb128 0x3b
 395 0031 05       		.uleb128 0x5
 396 0032 39       		.uleb128 0x39
 397 0033 0B       		.uleb128 0xb
 398 0034 49       		.uleb128 0x49
 399 0035 13       		.uleb128 0x13
 400 0036 00       		.byte	0
 401 0037 00       		.byte	0
 402 0038 05       		.uleb128 0x5
 403 0039 35       		.uleb128 0x35
 404 003a 00       		.byte	0
 405 003b 49       		.uleb128 0x49
 406 003c 13       		.uleb128 0x13
 407 003d 00       		.byte	0
 408 003e 00       		.byte	0
 409 003f 06       		.uleb128 0x6
 410 0040 13       		.uleb128 0x13
 411 0041 01       		.byte	0x1
 412 0042 0B       		.uleb128 0xb
 413 0043 0B       		.uleb128 0xb
 414 0044 3A       		.uleb128 0x3a
 415 0045 0B       		.uleb128 0xb
 416 0046 3B       		.uleb128 0x3b
 417 0047 0B       		.uleb128 0xb
 418 0048 39       		.uleb128 0x39
 419 0049 0B       		.uleb128 0xb
 420 004a 01       		.uleb128 0x1
 421 004b 13       		.uleb128 0x13
 422 004c 00       		.byte	0
 423 004d 00       		.byte	0
 424 004e 07       		.uleb128 0x7
 425 004f 0D       		.uleb128 0xd
 426 0050 00       		.byte	0
 427 0051 03       		.uleb128 0x3
 428 0052 0E       		.uleb128 0xe
 429 0053 3A       		.uleb128 0x3a
 430 0054 0B       		.uleb128 0xb
 431 0055 3B       		.uleb128 0x3b
ARM GAS  C:\Users\EDULU~1.DES\AppData\Local\Temp\ccdfGASl.s 			page 11


 432 0056 0B       		.uleb128 0xb
 433 0057 39       		.uleb128 0x39
 434 0058 0B       		.uleb128 0xb
 435 0059 49       		.uleb128 0x49
 436 005a 13       		.uleb128 0x13
 437 005b 38       		.uleb128 0x38
 438 005c 0B       		.uleb128 0xb
 439 005d 00       		.byte	0
 440 005e 00       		.byte	0
 441 005f 08       		.uleb128 0x8
 442 0060 16       		.uleb128 0x16
 443 0061 00       		.byte	0
 444 0062 03       		.uleb128 0x3
 445 0063 0E       		.uleb128 0xe
 446 0064 3A       		.uleb128 0x3a
 447 0065 0B       		.uleb128 0xb
 448 0066 3B       		.uleb128 0x3b
 449 0067 0B       		.uleb128 0xb
 450 0068 39       		.uleb128 0x39
 451 0069 0B       		.uleb128 0xb
 452 006a 49       		.uleb128 0x49
 453 006b 13       		.uleb128 0x13
 454 006c 00       		.byte	0
 455 006d 00       		.byte	0
 456 006e 09       		.uleb128 0x9
 457 006f 34       		.uleb128 0x34
 458 0070 00       		.byte	0
 459 0071 03       		.uleb128 0x3
 460 0072 0E       		.uleb128 0xe
 461 0073 3A       		.uleb128 0x3a
 462 0074 0B       		.uleb128 0xb
 463 0075 3B       		.uleb128 0x3b
 464 0076 0B       		.uleb128 0xb
 465 0077 39       		.uleb128 0x39
 466 0078 0B       		.uleb128 0xb
 467 0079 49       		.uleb128 0x49
 468 007a 13       		.uleb128 0x13
 469 007b 3F       		.uleb128 0x3f
 470 007c 19       		.uleb128 0x19
 471 007d 3C       		.uleb128 0x3c
 472 007e 19       		.uleb128 0x19
 473 007f 00       		.byte	0
 474 0080 00       		.byte	0
 475 0081 0A       		.uleb128 0xa
 476 0082 34       		.uleb128 0x34
 477 0083 00       		.byte	0
 478 0084 03       		.uleb128 0x3
 479 0085 0E       		.uleb128 0xe
 480 0086 3A       		.uleb128 0x3a
 481 0087 0B       		.uleb128 0xb
 482 0088 3B       		.uleb128 0x3b
 483 0089 0B       		.uleb128 0xb
 484 008a 39       		.uleb128 0x39
 485 008b 0B       		.uleb128 0xb
 486 008c 49       		.uleb128 0x49
 487 008d 13       		.uleb128 0x13
 488 008e 02       		.uleb128 0x2
ARM GAS  C:\Users\EDULU~1.DES\AppData\Local\Temp\ccdfGASl.s 			page 12


 489 008f 18       		.uleb128 0x18
 490 0090 00       		.byte	0
 491 0091 00       		.byte	0
 492 0092 0B       		.uleb128 0xb
 493 0093 2E       		.uleb128 0x2e
 494 0094 01       		.byte	0x1
 495 0095 3F       		.uleb128 0x3f
 496 0096 19       		.uleb128 0x19
 497 0097 03       		.uleb128 0x3
 498 0098 0E       		.uleb128 0xe
 499 0099 3A       		.uleb128 0x3a
 500 009a 0B       		.uleb128 0xb
 501 009b 3B       		.uleb128 0x3b
 502 009c 0B       		.uleb128 0xb
 503 009d 39       		.uleb128 0x39
 504 009e 0B       		.uleb128 0xb
 505 009f 27       		.uleb128 0x27
 506 00a0 19       		.uleb128 0x19
 507 00a1 11       		.uleb128 0x11
 508 00a2 01       		.uleb128 0x1
 509 00a3 12       		.uleb128 0x12
 510 00a4 06       		.uleb128 0x6
 511 00a5 40       		.uleb128 0x40
 512 00a6 18       		.uleb128 0x18
 513 00a7 9742     		.uleb128 0x2117
 514 00a9 19       		.uleb128 0x19
 515 00aa 01       		.uleb128 0x1
 516 00ab 13       		.uleb128 0x13
 517 00ac 00       		.byte	0
 518 00ad 00       		.byte	0
 519 00ae 0C       		.uleb128 0xc
 520 00af 898201   		.uleb128 0x4109
 521 00b2 00       		.byte	0
 522 00b3 11       		.uleb128 0x11
 523 00b4 01       		.uleb128 0x1
 524 00b5 31       		.uleb128 0x31
 525 00b6 13       		.uleb128 0x13
 526 00b7 00       		.byte	0
 527 00b8 00       		.byte	0
 528 00b9 0D       		.uleb128 0xd
 529 00ba 2E       		.uleb128 0x2e
 530 00bb 00       		.byte	0
 531 00bc 3F       		.uleb128 0x3f
 532 00bd 19       		.uleb128 0x19
 533 00be 03       		.uleb128 0x3
 534 00bf 0E       		.uleb128 0xe
 535 00c0 3A       		.uleb128 0x3a
 536 00c1 0B       		.uleb128 0xb
 537 00c2 3B       		.uleb128 0x3b
 538 00c3 0B       		.uleb128 0xb
 539 00c4 39       		.uleb128 0x39
 540 00c5 0B       		.uleb128 0xb
 541 00c6 27       		.uleb128 0x27
 542 00c7 19       		.uleb128 0x19
 543 00c8 11       		.uleb128 0x11
 544 00c9 01       		.uleb128 0x1
 545 00ca 12       		.uleb128 0x12
ARM GAS  C:\Users\EDULU~1.DES\AppData\Local\Temp\ccdfGASl.s 			page 13


 546 00cb 06       		.uleb128 0x6
 547 00cc 40       		.uleb128 0x40
 548 00cd 18       		.uleb128 0x18
 549 00ce 9742     		.uleb128 0x2117
 550 00d0 19       		.uleb128 0x19
 551 00d1 00       		.byte	0
 552 00d2 00       		.byte	0
 553 00d3 0E       		.uleb128 0xe
 554 00d4 2E       		.uleb128 0x2e
 555 00d5 00       		.byte	0
 556 00d6 3F       		.uleb128 0x3f
 557 00d7 19       		.uleb128 0x19
 558 00d8 3C       		.uleb128 0x3c
 559 00d9 19       		.uleb128 0x19
 560 00da 6E       		.uleb128 0x6e
 561 00db 0E       		.uleb128 0xe
 562 00dc 03       		.uleb128 0x3
 563 00dd 0E       		.uleb128 0xe
 564 00de 3A       		.uleb128 0x3a
 565 00df 0B       		.uleb128 0xb
 566 00e0 3B       		.uleb128 0x3b
 567 00e1 0B       		.uleb128 0xb
 568 00e2 39       		.uleb128 0x39
 569 00e3 0B       		.uleb128 0xb
 570 00e4 00       		.byte	0
 571 00e5 00       		.byte	0
 572 00e6 00       		.byte	0
 573              		.section	.debug_aranges,"",%progbits
 574 0000 34000000 		.4byte	0x34
 575 0004 0200     		.2byte	0x2
 576 0006 00000000 		.4byte	.Ldebug_info0
 577 000a 04       		.byte	0x4
 578 000b 00       		.byte	0
 579 000c 0000     		.2byte	0
 580 000e 0000     		.2byte	0
 581 0010 00000000 		.4byte	.LFB0
 582 0014 02000000 		.4byte	.LFE0-.LFB0
 583 0018 00000000 		.4byte	.LFB1
 584 001c 02000000 		.4byte	.LFE1-.LFB1
 585 0020 00000000 		.4byte	.LFB2
 586 0024 28000000 		.4byte	.LFE2-.LFB2
 587 0028 00000000 		.4byte	.LFB3
 588 002c 18000000 		.4byte	.LFE3-.LFB3
 589 0030 00000000 		.4byte	0
 590 0034 00000000 		.4byte	0
 591              		.section	.debug_ranges,"",%progbits
 592              	.Ldebug_ranges0:
 593 0000 00000000 		.4byte	.LFB0
 594 0004 02000000 		.4byte	.LFE0
 595 0008 00000000 		.4byte	.LFB1
 596 000c 02000000 		.4byte	.LFE1
 597 0010 00000000 		.4byte	.LFB2
 598 0014 28000000 		.4byte	.LFE2
 599 0018 00000000 		.4byte	.LFB3
 600 001c 18000000 		.4byte	.LFE3
 601 0020 00000000 		.4byte	0
 602 0024 00000000 		.4byte	0
ARM GAS  C:\Users\EDULU~1.DES\AppData\Local\Temp\ccdfGASl.s 			page 14


 603              		.section	.debug_line,"",%progbits
 604              	.Ldebug_line0:
 605 0000 D6000000 		.section	.debug_str,"MS",%progbits,1
 605      03005000 
 605      00000201 
 605      FB0E0D00 
 605      01010101 
 606              	.LASF14:
 607 0000 72656733 		.ascii	"reg32\000"
 607      3200
 608              	.LASF27:
 609 0006 4F70616D 		.ascii	"Opamp_backup\000"
 609      705F6261 
 609      636B7570 
 609      00
 610              	.LASF19:
 611 0013 4F70616D 		.ascii	"Opamp_SaveConfig\000"
 611      705F5361 
 611      7665436F 
 611      6E666967 
 611      00
 612              	.LASF16:
 613 0024 4F70616D 		.ascii	"Opamp_Wakeup\000"
 613      705F5761 
 613      6B657570 
 613      00
 614              	.LASF24:
 615 0031 433A5C55 		.ascii	"C:\\Users\\edulu.DESKTOP-961TG4K\\Documents\\PSoC C"
 615      73657273 
 615      5C656475 
 615      6C752E44 
 615      45534B54 
 616 0060 72656174 		.ascii	"reator\\Micrium\\Examples\\Cypress\\CY8CKIT-044\\OS"
 616      6F725C4D 
 616      69637269 
 616      756D5C45 
 616      78616D70 
 617 008e 335C5053 		.ascii	"3\\PSoC\\OS3.cydsn\000"
 617      6F435C4F 
 617      53332E63 
 617      7964736E 
 617      00
 618              	.LASF11:
 619 009f 666C6F61 		.ascii	"float\000"
 619      7400
 620              	.LASF26:
 621 00a5 4F70616D 		.ascii	"Opamp_initVar\000"
 621      705F696E 
 621      69745661 
 621      7200
 622              	.LASF15:
 623 00b3 4F70616D 		.ascii	"Opamp_BACKUP_STRUCT\000"
 623      705F4241 
 623      434B5550 
 623      5F535452 
 623      55435400 
 624              	.LASF1:
ARM GAS  C:\Users\EDULU~1.DES\AppData\Local\Temp\ccdfGASl.s 			page 15


 625 00c7 756E7369 		.ascii	"unsigned char\000"
 625      676E6564 
 625      20636861 
 625      7200
 626              	.LASF18:
 627 00d5 4F70616D 		.ascii	"Opamp_RestoreConfig\000"
 627      705F5265 
 627      73746F72 
 627      65436F6E 
 627      66696700 
 628              	.LASF5:
 629 00e9 6C6F6E67 		.ascii	"long unsigned int\000"
 629      20756E73 
 629      69676E65 
 629      6420696E 
 629      7400
 630              	.LASF3:
 631 00fb 73686F72 		.ascii	"short unsigned int\000"
 631      7420756E 
 631      7369676E 
 631      65642069 
 631      6E7400
 632              	.LASF12:
 633 010e 646F7562 		.ascii	"double\000"
 633      6C6500
 634              	.LASF10:
 635 0115 75696E74 		.ascii	"uint32\000"
 635      333200
 636              	.LASF17:
 637 011c 4F70616D 		.ascii	"Opamp_Sleep\000"
 637      705F536C 
 637      65657000 
 638              	.LASF8:
 639 0128 756E7369 		.ascii	"unsigned int\000"
 639      676E6564 
 639      20696E74 
 639      00
 640              	.LASF23:
 641 0135 47656E65 		.ascii	"Generated_Source\\PSoC4\\Opamp_PM.c\000"
 641      72617465 
 641      645F536F 
 641      75726365 
 641      5C50536F 
 642              	.LASF7:
 643 0157 6C6F6E67 		.ascii	"long long unsigned int\000"
 643      206C6F6E 
 643      6720756E 
 643      7369676E 
 643      65642069 
 644              	.LASF22:
 645 016e 474E5520 		.ascii	"GNU C17 8.2.1 20181213 (release) [gcc-8-branch revi"
 645      43313720 
 645      382E322E 
 645      31203230 
 645      31383132 
 646 01a1 73696F6E 		.ascii	"sion 267074] -mcpu=cortex-m0 -mthumb -mfloat-abi=so"
 646      20323637 
ARM GAS  C:\Users\EDULU~1.DES\AppData\Local\Temp\ccdfGASl.s 			page 16


 646      3037345D 
 646      202D6D63 
 646      70753D63 
 647 01d4 6674202D 		.ascii	"ft -march=armv6s-m -g -Og -ffunction-sections -ffat"
 647      6D617263 
 647      683D6172 
 647      6D763673 
 647      2D6D202D 
 648 0207 2D6C746F 		.ascii	"-lto-objects\000"
 648      2D6F626A 
 648      65637473 
 648      00
 649              	.LASF6:
 650 0214 6C6F6E67 		.ascii	"long long int\000"
 650      206C6F6E 
 650      6720696E 
 650      7400
 651              	.LASF13:
 652 0222 63686172 		.ascii	"char\000"
 652      00
 653              	.LASF20:
 654 0227 4F70616D 		.ascii	"Opamp_Enable\000"
 654      705F456E 
 654      61626C65 
 654      00
 655              	.LASF2:
 656 0234 73686F72 		.ascii	"short int\000"
 656      7420696E 
 656      7400
 657              	.LASF9:
 658 023e 75696E74 		.ascii	"uint8\000"
 658      3800
 659              	.LASF4:
 660 0244 6C6F6E67 		.ascii	"long int\000"
 660      20696E74 
 660      00
 661              	.LASF25:
 662 024d 656E6162 		.ascii	"enableState\000"
 662      6C655374 
 662      61746500 
 663              	.LASF0:
 664 0259 7369676E 		.ascii	"signed char\000"
 664      65642063 
 664      68617200 
 665              	.LASF21:
 666 0265 4F70616D 		.ascii	"Opamp_Stop\000"
 666      705F5374 
 666      6F7000
 667              		.ident	"GCC: (GNU Tools for Arm Embedded Processors 8-2018-q4-major) 8.2.1 20181213 (release) [gcc
