ARM GAS  C:\Users\alex\AppData\Local\Temp\ccmq3oj1.s 			page 1


   1              		.syntax unified
   2              		.cpu cortex-m3
   3              		.fpu softvfp
   4              		.eabi_attribute 20, 1
   5              		.eabi_attribute 21, 1
   6              		.eabi_attribute 23, 3
   7              		.eabi_attribute 24, 1
   8              		.eabi_attribute 25, 1
   9              		.eabi_attribute 26, 1
  10              		.eabi_attribute 30, 6
  11              		.eabi_attribute 34, 1
  12              		.eabi_attribute 18, 4
  13              		.thumb
  14              		.syntax unified
  15              		.file	"ADC_SAR_Seq_PM.c"
  16              		.text
  17              	.Ltext0:
  18              		.cfi_sections	.debug_frame
  19              		.section	.text.ADC_SAR_Seq_Sleep,"ax",%progbits
  20              		.align	2
  21              		.global	ADC_SAR_Seq_Sleep
  22              		.thumb
  23              		.thumb_func
  24              		.type	ADC_SAR_Seq_Sleep, %function
  25              	ADC_SAR_Seq_Sleep:
  26              	.LFB0:
  27              		.file 1 "Generated_Source\\PSoC5\\ADC_SAR_Seq_PM.c"
   1:Generated_Source\PSoC5/ADC_SAR_Seq_PM.c **** /*******************************************************************************
   2:Generated_Source\PSoC5/ADC_SAR_Seq_PM.c **** * File Name: ADC_SAR_Seq_PM.c
   3:Generated_Source\PSoC5/ADC_SAR_Seq_PM.c **** * Version 2.0
   4:Generated_Source\PSoC5/ADC_SAR_Seq_PM.c **** *
   5:Generated_Source\PSoC5/ADC_SAR_Seq_PM.c **** * Description:
   6:Generated_Source\PSoC5/ADC_SAR_Seq_PM.c **** *  This file contains the setup, control and status commands to support
   7:Generated_Source\PSoC5/ADC_SAR_Seq_PM.c **** *  component operations in low power mode.
   8:Generated_Source\PSoC5/ADC_SAR_Seq_PM.c **** *
   9:Generated_Source\PSoC5/ADC_SAR_Seq_PM.c **** * Note:
  10:Generated_Source\PSoC5/ADC_SAR_Seq_PM.c **** *
  11:Generated_Source\PSoC5/ADC_SAR_Seq_PM.c **** ********************************************************************************
  12:Generated_Source\PSoC5/ADC_SAR_Seq_PM.c **** * Copyright 2012-2015, Cypress Semiconductor Corporation.  All rights reserved.
  13:Generated_Source\PSoC5/ADC_SAR_Seq_PM.c **** * You may use this file only in accordance with the license, terms, conditions,
  14:Generated_Source\PSoC5/ADC_SAR_Seq_PM.c **** * disclaimers, and limitations in the end user license agreement accompanying
  15:Generated_Source\PSoC5/ADC_SAR_Seq_PM.c **** * the software package with which this file was provided.
  16:Generated_Source\PSoC5/ADC_SAR_Seq_PM.c **** *******************************************************************************/
  17:Generated_Source\PSoC5/ADC_SAR_Seq_PM.c **** 
  18:Generated_Source\PSoC5/ADC_SAR_Seq_PM.c **** #include "ADC_SAR_Seq.h"
  19:Generated_Source\PSoC5/ADC_SAR_Seq_PM.c **** #include "ADC_SAR_Seq_SAR.h"
  20:Generated_Source\PSoC5/ADC_SAR_Seq_PM.c **** #if(ADC_SAR_Seq_CLOCK_SOURCE == ADC_SAR_Seq_CLOCK_INTERNAL)
  21:Generated_Source\PSoC5/ADC_SAR_Seq_PM.c ****     #include "ADC_SAR_Seq_IntClock.h"
  22:Generated_Source\PSoC5/ADC_SAR_Seq_PM.c **** #endif   /* ADC_SAR_Seq_CLOCK_SOURCE == ADC_SAR_Seq_CLOCK_INTERNAL */
  23:Generated_Source\PSoC5/ADC_SAR_Seq_PM.c **** 
  24:Generated_Source\PSoC5/ADC_SAR_Seq_PM.c **** 
  25:Generated_Source\PSoC5/ADC_SAR_Seq_PM.c **** /*******************************************************************************
  26:Generated_Source\PSoC5/ADC_SAR_Seq_PM.c **** * Function Name: ADC_SAR_Seq_Sleep
  27:Generated_Source\PSoC5/ADC_SAR_Seq_PM.c **** ********************************************************************************
  28:Generated_Source\PSoC5/ADC_SAR_Seq_PM.c **** *
  29:Generated_Source\PSoC5/ADC_SAR_Seq_PM.c **** * Summary:
  30:Generated_Source\PSoC5/ADC_SAR_Seq_PM.c **** *  Stops the ADC operation and saves the configuration registers and component
ARM GAS  C:\Users\alex\AppData\Local\Temp\ccmq3oj1.s 			page 2


  31:Generated_Source\PSoC5/ADC_SAR_Seq_PM.c **** *  enable state. Should be called just prior to entering sleep
  32:Generated_Source\PSoC5/ADC_SAR_Seq_PM.c **** *
  33:Generated_Source\PSoC5/ADC_SAR_Seq_PM.c **** * Parameters:
  34:Generated_Source\PSoC5/ADC_SAR_Seq_PM.c **** *  None.
  35:Generated_Source\PSoC5/ADC_SAR_Seq_PM.c **** *
  36:Generated_Source\PSoC5/ADC_SAR_Seq_PM.c **** * Return:
  37:Generated_Source\PSoC5/ADC_SAR_Seq_PM.c **** *  None.
  38:Generated_Source\PSoC5/ADC_SAR_Seq_PM.c **** *
  39:Generated_Source\PSoC5/ADC_SAR_Seq_PM.c **** * Side Effects:
  40:Generated_Source\PSoC5/ADC_SAR_Seq_PM.c **** *  None.
  41:Generated_Source\PSoC5/ADC_SAR_Seq_PM.c **** *
  42:Generated_Source\PSoC5/ADC_SAR_Seq_PM.c **** * Reentrant:
  43:Generated_Source\PSoC5/ADC_SAR_Seq_PM.c **** *  No.
  44:Generated_Source\PSoC5/ADC_SAR_Seq_PM.c **** *
  45:Generated_Source\PSoC5/ADC_SAR_Seq_PM.c **** *******************************************************************************/
  46:Generated_Source\PSoC5/ADC_SAR_Seq_PM.c **** void ADC_SAR_Seq_Sleep(void)
  47:Generated_Source\PSoC5/ADC_SAR_Seq_PM.c **** {
  28              		.loc 1 47 0
  29              		.cfi_startproc
  30              		@ args = 0, pretend = 0, frame = 0
  31              		@ frame_needed = 1, uses_anonymous_args = 0
  32 0000 80B5     		push	{r7, lr}
  33              		.cfi_def_cfa_offset 8
  34              		.cfi_offset 7, -8
  35              		.cfi_offset 14, -4
  36 0002 00AF     		add	r7, sp, #0
  37              		.cfi_def_cfa_register 7
  48:Generated_Source\PSoC5/ADC_SAR_Seq_PM.c ****     ADC_SAR_Seq_SAR_Stop();
  38              		.loc 1 48 0
  39 0004 FFF7FEFF 		bl	ADC_SAR_Seq_SAR_Stop
  49:Generated_Source\PSoC5/ADC_SAR_Seq_PM.c ****     ADC_SAR_Seq_SAR_Sleep();
  40              		.loc 1 49 0
  41 0008 FFF7FEFF 		bl	ADC_SAR_Seq_SAR_Sleep
  50:Generated_Source\PSoC5/ADC_SAR_Seq_PM.c ****     ADC_SAR_Seq_Disable();
  42              		.loc 1 50 0
  43 000c FFF7FEFF 		bl	ADC_SAR_Seq_Disable
  51:Generated_Source\PSoC5/ADC_SAR_Seq_PM.c **** 
  52:Generated_Source\PSoC5/ADC_SAR_Seq_PM.c ****     #if(ADC_SAR_Seq_CLOCK_SOURCE == ADC_SAR_Seq_CLOCK_INTERNAL)
  53:Generated_Source\PSoC5/ADC_SAR_Seq_PM.c ****         ADC_SAR_Seq_IntClock_Stop();
  54:Generated_Source\PSoC5/ADC_SAR_Seq_PM.c ****     #endif   /* ADC_SAR_Seq_CLOCK_SOURCE == ADC_SAR_Seq_CLOCK_INTERNAL */
  55:Generated_Source\PSoC5/ADC_SAR_Seq_PM.c **** }
  44              		.loc 1 55 0
  45 0010 00BF     		nop
  46 0012 80BD     		pop	{r7, pc}
  47              		.cfi_endproc
  48              	.LFE0:
  49              		.size	ADC_SAR_Seq_Sleep, .-ADC_SAR_Seq_Sleep
  50              		.section	.text.ADC_SAR_Seq_Wakeup,"ax",%progbits
  51              		.align	2
  52              		.global	ADC_SAR_Seq_Wakeup
  53              		.thumb
  54              		.thumb_func
  55              		.type	ADC_SAR_Seq_Wakeup, %function
  56              	ADC_SAR_Seq_Wakeup:
  57              	.LFB1:
  56:Generated_Source\PSoC5/ADC_SAR_Seq_PM.c **** 
  57:Generated_Source\PSoC5/ADC_SAR_Seq_PM.c **** 
ARM GAS  C:\Users\alex\AppData\Local\Temp\ccmq3oj1.s 			page 3


  58:Generated_Source\PSoC5/ADC_SAR_Seq_PM.c **** /*******************************************************************************
  59:Generated_Source\PSoC5/ADC_SAR_Seq_PM.c **** * Function Name: ADC_SAR_Seq_Wakeup
  60:Generated_Source\PSoC5/ADC_SAR_Seq_PM.c **** ********************************************************************************
  61:Generated_Source\PSoC5/ADC_SAR_Seq_PM.c **** *
  62:Generated_Source\PSoC5/ADC_SAR_Seq_PM.c **** * Summary:
  63:Generated_Source\PSoC5/ADC_SAR_Seq_PM.c **** *  Restores the component enable state and configuration registers. This should
  64:Generated_Source\PSoC5/ADC_SAR_Seq_PM.c **** *  be called just after awaking from sleep mode
  65:Generated_Source\PSoC5/ADC_SAR_Seq_PM.c **** *
  66:Generated_Source\PSoC5/ADC_SAR_Seq_PM.c **** * Parameters:
  67:Generated_Source\PSoC5/ADC_SAR_Seq_PM.c **** *  None.
  68:Generated_Source\PSoC5/ADC_SAR_Seq_PM.c **** *
  69:Generated_Source\PSoC5/ADC_SAR_Seq_PM.c **** * Return:
  70:Generated_Source\PSoC5/ADC_SAR_Seq_PM.c **** *  None.
  71:Generated_Source\PSoC5/ADC_SAR_Seq_PM.c **** *
  72:Generated_Source\PSoC5/ADC_SAR_Seq_PM.c **** * Side Effects:
  73:Generated_Source\PSoC5/ADC_SAR_Seq_PM.c **** *  None.
  74:Generated_Source\PSoC5/ADC_SAR_Seq_PM.c **** *
  75:Generated_Source\PSoC5/ADC_SAR_Seq_PM.c **** * Reentrant:
  76:Generated_Source\PSoC5/ADC_SAR_Seq_PM.c **** *  No.
  77:Generated_Source\PSoC5/ADC_SAR_Seq_PM.c **** *
  78:Generated_Source\PSoC5/ADC_SAR_Seq_PM.c **** *******************************************************************************/
  79:Generated_Source\PSoC5/ADC_SAR_Seq_PM.c **** void ADC_SAR_Seq_Wakeup(void)
  80:Generated_Source\PSoC5/ADC_SAR_Seq_PM.c **** {
  58              		.loc 1 80 0
  59              		.cfi_startproc
  60              		@ args = 0, pretend = 0, frame = 0
  61              		@ frame_needed = 1, uses_anonymous_args = 0
  62 0000 80B5     		push	{r7, lr}
  63              		.cfi_def_cfa_offset 8
  64              		.cfi_offset 7, -8
  65              		.cfi_offset 14, -4
  66 0002 00AF     		add	r7, sp, #0
  67              		.cfi_def_cfa_register 7
  81:Generated_Source\PSoC5/ADC_SAR_Seq_PM.c ****     ADC_SAR_Seq_SAR_Wakeup();
  68              		.loc 1 81 0
  69 0004 FFF7FEFF 		bl	ADC_SAR_Seq_SAR_Wakeup
  82:Generated_Source\PSoC5/ADC_SAR_Seq_PM.c ****     ADC_SAR_Seq_SAR_Enable();
  70              		.loc 1 82 0
  71 0008 FFF7FEFF 		bl	ADC_SAR_Seq_SAR_Enable
  83:Generated_Source\PSoC5/ADC_SAR_Seq_PM.c **** 
  84:Generated_Source\PSoC5/ADC_SAR_Seq_PM.c ****     #if(ADC_SAR_Seq_CLOCK_SOURCE == ADC_SAR_Seq_CLOCK_INTERNAL)
  85:Generated_Source\PSoC5/ADC_SAR_Seq_PM.c ****         ADC_SAR_Seq_IntClock_Start();
  86:Generated_Source\PSoC5/ADC_SAR_Seq_PM.c ****     #endif   /* ADC_SAR_Seq_CLOCK_SOURCE == ADC_SAR_Seq_CLOCK_INTERNAL */
  87:Generated_Source\PSoC5/ADC_SAR_Seq_PM.c **** 
  88:Generated_Source\PSoC5/ADC_SAR_Seq_PM.c ****     /* The block is ready to use 10 us after the SAR enable signal is set high. */
  89:Generated_Source\PSoC5/ADC_SAR_Seq_PM.c ****     CyDelayUs(10u);
  72              		.loc 1 89 0
  73 000c 0A20     		movs	r0, #10
  74 000e FFF7FEFF 		bl	CyDelayUs
  90:Generated_Source\PSoC5/ADC_SAR_Seq_PM.c ****     
  91:Generated_Source\PSoC5/ADC_SAR_Seq_PM.c ****     ADC_SAR_Seq_Enable();
  75              		.loc 1 91 0
  76 0012 FFF7FEFF 		bl	ADC_SAR_Seq_Enable
  92:Generated_Source\PSoC5/ADC_SAR_Seq_PM.c **** 
  93:Generated_Source\PSoC5/ADC_SAR_Seq_PM.c ****     #if(ADC_SAR_Seq_SAMPLE_MODE == ADC_SAR_Seq_SAMPLE_MODE_FREE_RUNNING)
  94:Generated_Source\PSoC5/ADC_SAR_Seq_PM.c ****         ADC_SAR_Seq_SAR_StartConvert();
  77              		.loc 1 94 0
ARM GAS  C:\Users\alex\AppData\Local\Temp\ccmq3oj1.s 			page 4


  78 0016 FFF7FEFF 		bl	ADC_SAR_Seq_SAR_StartConvert
  95:Generated_Source\PSoC5/ADC_SAR_Seq_PM.c ****     #endif /* (ADC_SAR_Seq_SAMPLE_MODE == ADC_SAR_Seq_SAMPLE_MODE_FREE_RUNNING) */
  96:Generated_Source\PSoC5/ADC_SAR_Seq_PM.c **** 
  97:Generated_Source\PSoC5/ADC_SAR_Seq_PM.c ****     (void) CY_GET_REG8(ADC_SAR_Seq_STATUS_PTR);
  79              		.loc 1 97 0
  80 001a 024B     		ldr	r3, .L3
  81 001c 1B78     		ldrb	r3, [r3]
  98:Generated_Source\PSoC5/ADC_SAR_Seq_PM.c **** }
  82              		.loc 1 98 0
  83 001e 00BF     		nop
  84 0020 80BD     		pop	{r7, pc}
  85              	.L4:
  86 0022 00BF     		.align	2
  87              	.L3:
  88 0024 66640040 		.word	1073767526
  89              		.cfi_endproc
  90              	.LFE1:
  91              		.size	ADC_SAR_Seq_Wakeup, .-ADC_SAR_Seq_Wakeup
  92              		.section	.text.ADC_SAR_Seq_SaveConfig,"ax",%progbits
  93              		.align	2
  94              		.global	ADC_SAR_Seq_SaveConfig
  95              		.thumb
  96              		.thumb_func
  97              		.type	ADC_SAR_Seq_SaveConfig, %function
  98              	ADC_SAR_Seq_SaveConfig:
  99              	.LFB2:
  99:Generated_Source\PSoC5/ADC_SAR_Seq_PM.c **** 
 100:Generated_Source\PSoC5/ADC_SAR_Seq_PM.c **** 
 101:Generated_Source\PSoC5/ADC_SAR_Seq_PM.c **** /*******************************************************************************
 102:Generated_Source\PSoC5/ADC_SAR_Seq_PM.c **** * Function Name: ADC_SAR_Seq_SaveConfig
 103:Generated_Source\PSoC5/ADC_SAR_Seq_PM.c **** ********************************************************************************
 104:Generated_Source\PSoC5/ADC_SAR_Seq_PM.c **** *
 105:Generated_Source\PSoC5/ADC_SAR_Seq_PM.c **** * Summary:
 106:Generated_Source\PSoC5/ADC_SAR_Seq_PM.c **** *  Save the current configuration of ADC non-retention registers
 107:Generated_Source\PSoC5/ADC_SAR_Seq_PM.c **** *
 108:Generated_Source\PSoC5/ADC_SAR_Seq_PM.c **** * Parameters:
 109:Generated_Source\PSoC5/ADC_SAR_Seq_PM.c **** *  None.
 110:Generated_Source\PSoC5/ADC_SAR_Seq_PM.c **** *
 111:Generated_Source\PSoC5/ADC_SAR_Seq_PM.c **** * Return:
 112:Generated_Source\PSoC5/ADC_SAR_Seq_PM.c **** *  None.
 113:Generated_Source\PSoC5/ADC_SAR_Seq_PM.c **** *
 114:Generated_Source\PSoC5/ADC_SAR_Seq_PM.c **** * Side Effects:
 115:Generated_Source\PSoC5/ADC_SAR_Seq_PM.c **** *  None.
 116:Generated_Source\PSoC5/ADC_SAR_Seq_PM.c **** *
 117:Generated_Source\PSoC5/ADC_SAR_Seq_PM.c **** * Reentrant:
 118:Generated_Source\PSoC5/ADC_SAR_Seq_PM.c **** *  No.
 119:Generated_Source\PSoC5/ADC_SAR_Seq_PM.c **** *
 120:Generated_Source\PSoC5/ADC_SAR_Seq_PM.c **** *******************************************************************************/
 121:Generated_Source\PSoC5/ADC_SAR_Seq_PM.c **** void ADC_SAR_Seq_SaveConfig(void)
 122:Generated_Source\PSoC5/ADC_SAR_Seq_PM.c **** {
 100              		.loc 1 122 0
 101              		.cfi_startproc
 102              		@ args = 0, pretend = 0, frame = 0
 103              		@ frame_needed = 1, uses_anonymous_args = 0
 104              		@ link register save eliminated.
 105 0000 80B4     		push	{r7}
 106              		.cfi_def_cfa_offset 4
ARM GAS  C:\Users\alex\AppData\Local\Temp\ccmq3oj1.s 			page 5


 107              		.cfi_offset 7, -4
 108 0002 00AF     		add	r7, sp, #0
 109              		.cfi_def_cfa_register 7
 123:Generated_Source\PSoC5/ADC_SAR_Seq_PM.c **** 
 124:Generated_Source\PSoC5/ADC_SAR_Seq_PM.c **** }
 110              		.loc 1 124 0
 111 0004 00BF     		nop
 112 0006 BD46     		mov	sp, r7
 113              		.cfi_def_cfa_register 13
 114              		@ sp needed
 115 0008 80BC     		pop	{r7}
 116              		.cfi_restore 7
 117              		.cfi_def_cfa_offset 0
 118 000a 7047     		bx	lr
 119              		.cfi_endproc
 120              	.LFE2:
 121              		.size	ADC_SAR_Seq_SaveConfig, .-ADC_SAR_Seq_SaveConfig
 122              		.section	.text.ADC_SAR_Seq_RestoreConfig,"ax",%progbits
 123              		.align	2
 124              		.global	ADC_SAR_Seq_RestoreConfig
 125              		.thumb
 126              		.thumb_func
 127              		.type	ADC_SAR_Seq_RestoreConfig, %function
 128              	ADC_SAR_Seq_RestoreConfig:
 129              	.LFB3:
 125:Generated_Source\PSoC5/ADC_SAR_Seq_PM.c **** 
 126:Generated_Source\PSoC5/ADC_SAR_Seq_PM.c **** 
 127:Generated_Source\PSoC5/ADC_SAR_Seq_PM.c **** /*******************************************************************************
 128:Generated_Source\PSoC5/ADC_SAR_Seq_PM.c **** * Function Name: ADC_SAR_Seq_RestoreConfig
 129:Generated_Source\PSoC5/ADC_SAR_Seq_PM.c **** ********************************************************************************
 130:Generated_Source\PSoC5/ADC_SAR_Seq_PM.c **** *
 131:Generated_Source\PSoC5/ADC_SAR_Seq_PM.c **** * Summary:
 132:Generated_Source\PSoC5/ADC_SAR_Seq_PM.c **** *  Restores the configuration of ADC non-retention registers
 133:Generated_Source\PSoC5/ADC_SAR_Seq_PM.c **** *
 134:Generated_Source\PSoC5/ADC_SAR_Seq_PM.c **** * Parameters:
 135:Generated_Source\PSoC5/ADC_SAR_Seq_PM.c **** *  None.
 136:Generated_Source\PSoC5/ADC_SAR_Seq_PM.c **** *
 137:Generated_Source\PSoC5/ADC_SAR_Seq_PM.c **** * Return:
 138:Generated_Source\PSoC5/ADC_SAR_Seq_PM.c **** *  None.
 139:Generated_Source\PSoC5/ADC_SAR_Seq_PM.c **** *
 140:Generated_Source\PSoC5/ADC_SAR_Seq_PM.c **** * Side Effects:
 141:Generated_Source\PSoC5/ADC_SAR_Seq_PM.c **** *  None.
 142:Generated_Source\PSoC5/ADC_SAR_Seq_PM.c **** *
 143:Generated_Source\PSoC5/ADC_SAR_Seq_PM.c **** * Reentrant:
 144:Generated_Source\PSoC5/ADC_SAR_Seq_PM.c **** *  No.
 145:Generated_Source\PSoC5/ADC_SAR_Seq_PM.c **** *
 146:Generated_Source\PSoC5/ADC_SAR_Seq_PM.c **** *******************************************************************************/
 147:Generated_Source\PSoC5/ADC_SAR_Seq_PM.c **** void ADC_SAR_Seq_RestoreConfig(void)
 148:Generated_Source\PSoC5/ADC_SAR_Seq_PM.c **** {
 130              		.loc 1 148 0
 131              		.cfi_startproc
 132              		@ args = 0, pretend = 0, frame = 0
 133              		@ frame_needed = 1, uses_anonymous_args = 0
 134              		@ link register save eliminated.
 135 0000 80B4     		push	{r7}
 136              		.cfi_def_cfa_offset 4
 137              		.cfi_offset 7, -4
ARM GAS  C:\Users\alex\AppData\Local\Temp\ccmq3oj1.s 			page 6


 138 0002 00AF     		add	r7, sp, #0
 139              		.cfi_def_cfa_register 7
 149:Generated_Source\PSoC5/ADC_SAR_Seq_PM.c **** 
 150:Generated_Source\PSoC5/ADC_SAR_Seq_PM.c **** }
 140              		.loc 1 150 0
 141 0004 00BF     		nop
 142 0006 BD46     		mov	sp, r7
 143              		.cfi_def_cfa_register 13
 144              		@ sp needed
 145 0008 80BC     		pop	{r7}
 146              		.cfi_restore 7
 147              		.cfi_def_cfa_offset 0
 148 000a 7047     		bx	lr
 149              		.cfi_endproc
 150              	.LFE3:
 151              		.size	ADC_SAR_Seq_RestoreConfig, .-ADC_SAR_Seq_RestoreConfig
 152              		.text
 153              	.Letext0:
 154              		.file 2 "Generated_Source\\PSoC5\\cytypes.h"
 155              		.section	.debug_info,"",%progbits
 156              	.Ldebug_info0:
 157 0000 EC000000 		.4byte	0xec
 158 0004 0400     		.2byte	0x4
 159 0006 00000000 		.4byte	.Ldebug_abbrev0
 160 000a 04       		.byte	0x4
 161 000b 01       		.uleb128 0x1
 162 000c AE000000 		.4byte	.LASF20
 163 0010 0C       		.byte	0xc
 164 0011 0E000000 		.4byte	.LASF21
 165 0015 71010000 		.4byte	.LASF22
 166 0019 00000000 		.4byte	.Ldebug_ranges0+0
 167 001d 00000000 		.4byte	0
 168 0021 00000000 		.4byte	.Ldebug_line0
 169 0025 02       		.uleb128 0x2
 170 0026 01       		.byte	0x1
 171 0027 06       		.byte	0x6
 172 0028 65010000 		.4byte	.LASF0
 173 002c 02       		.uleb128 0x2
 174 002d 01       		.byte	0x1
 175 002e 08       		.byte	0x8
 176 002f 3C010000 		.4byte	.LASF1
 177 0033 02       		.uleb128 0x2
 178 0034 02       		.byte	0x2
 179 0035 05       		.byte	0x5
 180 0036 0D020000 		.4byte	.LASF2
 181 003a 02       		.uleb128 0x2
 182 003b 02       		.byte	0x2
 183 003c 07       		.byte	0x7
 184 003d 95000000 		.4byte	.LASF3
 185 0041 02       		.uleb128 0x2
 186 0042 04       		.byte	0x4
 187 0043 05       		.byte	0x5
 188 0044 4F010000 		.4byte	.LASF4
 189 0048 02       		.uleb128 0x2
 190 0049 04       		.byte	0x4
 191 004a 07       		.byte	0x7
 192 004b 6C000000 		.4byte	.LASF5
ARM GAS  C:\Users\alex\AppData\Local\Temp\ccmq3oj1.s 			page 7


 193 004f 02       		.uleb128 0x2
 194 0050 08       		.byte	0x8
 195 0051 05       		.byte	0x5
 196 0052 00000000 		.4byte	.LASF6
 197 0056 02       		.uleb128 0x2
 198 0057 08       		.byte	0x8
 199 0058 07       		.byte	0x7
 200 0059 7E000000 		.4byte	.LASF7
 201 005d 03       		.uleb128 0x3
 202 005e 04       		.byte	0x4
 203 005f 05       		.byte	0x5
 204 0060 696E7400 		.ascii	"int\000"
 205 0064 02       		.uleb128 0x2
 206 0065 04       		.byte	0x4
 207 0066 07       		.byte	0x7
 208 0067 36000000 		.4byte	.LASF8
 209 006b 04       		.uleb128 0x4
 210 006c 5F010000 		.4byte	.LASF12
 211 0070 02       		.byte	0x2
 212 0071 9201     		.2byte	0x192
 213 0073 2C000000 		.4byte	0x2c
 214 0077 02       		.uleb128 0x2
 215 0078 04       		.byte	0x4
 216 0079 04       		.byte	0x4
 217 007a A8000000 		.4byte	.LASF9
 218 007e 02       		.uleb128 0x2
 219 007f 08       		.byte	0x8
 220 0080 04       		.byte	0x4
 221 0081 58010000 		.4byte	.LASF10
 222 0085 02       		.uleb128 0x2
 223 0086 01       		.byte	0x1
 224 0087 08       		.byte	0x8
 225 0088 4A010000 		.4byte	.LASF11
 226 008c 04       		.uleb128 0x4
 227 008d 17020000 		.4byte	.LASF13
 228 0091 02       		.byte	0x2
 229 0092 3C02     		.2byte	0x23c
 230 0094 98000000 		.4byte	0x98
 231 0098 05       		.uleb128 0x5
 232 0099 6B000000 		.4byte	0x6b
 233 009d 02       		.uleb128 0x2
 234 009e 08       		.byte	0x8
 235 009f 04       		.byte	0x4
 236 00a0 EE010000 		.4byte	.LASF14
 237 00a4 02       		.uleb128 0x2
 238 00a5 04       		.byte	0x4
 239 00a6 07       		.byte	0x7
 240 00a7 1C020000 		.4byte	.LASF15
 241 00ab 06       		.uleb128 0x6
 242 00ac 5A000000 		.4byte	.LASF16
 243 00b0 01       		.byte	0x1
 244 00b1 2E       		.byte	0x2e
 245 00b2 00000000 		.4byte	.LFB0
 246 00b6 14000000 		.4byte	.LFE0-.LFB0
 247 00ba 01       		.uleb128 0x1
 248 00bb 9C       		.byte	0x9c
 249 00bc 06       		.uleb128 0x6
ARM GAS  C:\Users\alex\AppData\Local\Temp\ccmq3oj1.s 			page 8


 250 00bd FA010000 		.4byte	.LASF17
 251 00c1 01       		.byte	0x1
 252 00c2 4F       		.byte	0x4f
 253 00c3 00000000 		.4byte	.LFB1
 254 00c7 28000000 		.4byte	.LFE1-.LFB1
 255 00cb 01       		.uleb128 0x1
 256 00cc 9C       		.byte	0x9c
 257 00cd 07       		.uleb128 0x7
 258 00ce 43000000 		.4byte	.LASF18
 259 00d2 01       		.byte	0x1
 260 00d3 79       		.byte	0x79
 261 00d4 00000000 		.4byte	.LFB2
 262 00d8 0C000000 		.4byte	.LFE2-.LFB2
 263 00dc 01       		.uleb128 0x1
 264 00dd 9C       		.byte	0x9c
 265 00de 07       		.uleb128 0x7
 266 00df 25020000 		.4byte	.LASF19
 267 00e3 01       		.byte	0x1
 268 00e4 93       		.byte	0x93
 269 00e5 00000000 		.4byte	.LFB3
 270 00e9 0C000000 		.4byte	.LFE3-.LFB3
 271 00ed 01       		.uleb128 0x1
 272 00ee 9C       		.byte	0x9c
 273 00ef 00       		.byte	0
 274              		.section	.debug_abbrev,"",%progbits
 275              	.Ldebug_abbrev0:
 276 0000 01       		.uleb128 0x1
 277 0001 11       		.uleb128 0x11
 278 0002 01       		.byte	0x1
 279 0003 25       		.uleb128 0x25
 280 0004 0E       		.uleb128 0xe
 281 0005 13       		.uleb128 0x13
 282 0006 0B       		.uleb128 0xb
 283 0007 03       		.uleb128 0x3
 284 0008 0E       		.uleb128 0xe
 285 0009 1B       		.uleb128 0x1b
 286 000a 0E       		.uleb128 0xe
 287 000b 55       		.uleb128 0x55
 288 000c 17       		.uleb128 0x17
 289 000d 11       		.uleb128 0x11
 290 000e 01       		.uleb128 0x1
 291 000f 10       		.uleb128 0x10
 292 0010 17       		.uleb128 0x17
 293 0011 00       		.byte	0
 294 0012 00       		.byte	0
 295 0013 02       		.uleb128 0x2
 296 0014 24       		.uleb128 0x24
 297 0015 00       		.byte	0
 298 0016 0B       		.uleb128 0xb
 299 0017 0B       		.uleb128 0xb
 300 0018 3E       		.uleb128 0x3e
 301 0019 0B       		.uleb128 0xb
 302 001a 03       		.uleb128 0x3
 303 001b 0E       		.uleb128 0xe
 304 001c 00       		.byte	0
 305 001d 00       		.byte	0
 306 001e 03       		.uleb128 0x3
ARM GAS  C:\Users\alex\AppData\Local\Temp\ccmq3oj1.s 			page 9


 307 001f 24       		.uleb128 0x24
 308 0020 00       		.byte	0
 309 0021 0B       		.uleb128 0xb
 310 0022 0B       		.uleb128 0xb
 311 0023 3E       		.uleb128 0x3e
 312 0024 0B       		.uleb128 0xb
 313 0025 03       		.uleb128 0x3
 314 0026 08       		.uleb128 0x8
 315 0027 00       		.byte	0
 316 0028 00       		.byte	0
 317 0029 04       		.uleb128 0x4
 318 002a 16       		.uleb128 0x16
 319 002b 00       		.byte	0
 320 002c 03       		.uleb128 0x3
 321 002d 0E       		.uleb128 0xe
 322 002e 3A       		.uleb128 0x3a
 323 002f 0B       		.uleb128 0xb
 324 0030 3B       		.uleb128 0x3b
 325 0031 05       		.uleb128 0x5
 326 0032 49       		.uleb128 0x49
 327 0033 13       		.uleb128 0x13
 328 0034 00       		.byte	0
 329 0035 00       		.byte	0
 330 0036 05       		.uleb128 0x5
 331 0037 35       		.uleb128 0x35
 332 0038 00       		.byte	0
 333 0039 49       		.uleb128 0x49
 334 003a 13       		.uleb128 0x13
 335 003b 00       		.byte	0
 336 003c 00       		.byte	0
 337 003d 06       		.uleb128 0x6
 338 003e 2E       		.uleb128 0x2e
 339 003f 00       		.byte	0
 340 0040 3F       		.uleb128 0x3f
 341 0041 19       		.uleb128 0x19
 342 0042 03       		.uleb128 0x3
 343 0043 0E       		.uleb128 0xe
 344 0044 3A       		.uleb128 0x3a
 345 0045 0B       		.uleb128 0xb
 346 0046 3B       		.uleb128 0x3b
 347 0047 0B       		.uleb128 0xb
 348 0048 27       		.uleb128 0x27
 349 0049 19       		.uleb128 0x19
 350 004a 11       		.uleb128 0x11
 351 004b 01       		.uleb128 0x1
 352 004c 12       		.uleb128 0x12
 353 004d 06       		.uleb128 0x6
 354 004e 40       		.uleb128 0x40
 355 004f 18       		.uleb128 0x18
 356 0050 9642     		.uleb128 0x2116
 357 0052 19       		.uleb128 0x19
 358 0053 00       		.byte	0
 359 0054 00       		.byte	0
 360 0055 07       		.uleb128 0x7
 361 0056 2E       		.uleb128 0x2e
 362 0057 00       		.byte	0
 363 0058 3F       		.uleb128 0x3f
ARM GAS  C:\Users\alex\AppData\Local\Temp\ccmq3oj1.s 			page 10


 364 0059 19       		.uleb128 0x19
 365 005a 03       		.uleb128 0x3
 366 005b 0E       		.uleb128 0xe
 367 005c 3A       		.uleb128 0x3a
 368 005d 0B       		.uleb128 0xb
 369 005e 3B       		.uleb128 0x3b
 370 005f 0B       		.uleb128 0xb
 371 0060 27       		.uleb128 0x27
 372 0061 19       		.uleb128 0x19
 373 0062 11       		.uleb128 0x11
 374 0063 01       		.uleb128 0x1
 375 0064 12       		.uleb128 0x12
 376 0065 06       		.uleb128 0x6
 377 0066 40       		.uleb128 0x40
 378 0067 18       		.uleb128 0x18
 379 0068 9742     		.uleb128 0x2117
 380 006a 19       		.uleb128 0x19
 381 006b 00       		.byte	0
 382 006c 00       		.byte	0
 383 006d 00       		.byte	0
 384              		.section	.debug_aranges,"",%progbits
 385 0000 34000000 		.4byte	0x34
 386 0004 0200     		.2byte	0x2
 387 0006 00000000 		.4byte	.Ldebug_info0
 388 000a 04       		.byte	0x4
 389 000b 00       		.byte	0
 390 000c 0000     		.2byte	0
 391 000e 0000     		.2byte	0
 392 0010 00000000 		.4byte	.LFB0
 393 0014 14000000 		.4byte	.LFE0-.LFB0
 394 0018 00000000 		.4byte	.LFB1
 395 001c 28000000 		.4byte	.LFE1-.LFB1
 396 0020 00000000 		.4byte	.LFB2
 397 0024 0C000000 		.4byte	.LFE2-.LFB2
 398 0028 00000000 		.4byte	.LFB3
 399 002c 0C000000 		.4byte	.LFE3-.LFB3
 400 0030 00000000 		.4byte	0
 401 0034 00000000 		.4byte	0
 402              		.section	.debug_ranges,"",%progbits
 403              	.Ldebug_ranges0:
 404 0000 00000000 		.4byte	.LFB0
 405 0004 14000000 		.4byte	.LFE0
 406 0008 00000000 		.4byte	.LFB1
 407 000c 28000000 		.4byte	.LFE1
 408 0010 00000000 		.4byte	.LFB2
 409 0014 0C000000 		.4byte	.LFE2
 410 0018 00000000 		.4byte	.LFB3
 411 001c 0C000000 		.4byte	.LFE3
 412 0020 00000000 		.4byte	0
 413 0024 00000000 		.4byte	0
 414              		.section	.debug_line,"",%progbits
 415              	.Ldebug_line0:
 416 0000 9D000000 		.section	.debug_str,"MS",%progbits,1
 416      02004B00 
 416      00000201 
 416      FB0E0D00 
 416      01010101 
ARM GAS  C:\Users\alex\AppData\Local\Temp\ccmq3oj1.s 			page 11


 417              	.LASF6:
 418 0000 6C6F6E67 		.ascii	"long long int\000"
 418      206C6F6E 
 418      6720696E 
 418      7400
 419              	.LASF21:
 420 000e 47656E65 		.ascii	"Generated_Source\\PSoC5\\ADC_SAR_Seq_PM.c\000"
 420      72617465 
 420      645F536F 
 420      75726365 
 420      5C50536F 
 421              	.LASF8:
 422 0036 756E7369 		.ascii	"unsigned int\000"
 422      676E6564 
 422      20696E74 
 422      00
 423              	.LASF18:
 424 0043 4144435F 		.ascii	"ADC_SAR_Seq_SaveConfig\000"
 424      5341525F 
 424      5365715F 
 424      53617665 
 424      436F6E66 
 425              	.LASF16:
 426 005a 4144435F 		.ascii	"ADC_SAR_Seq_Sleep\000"
 426      5341525F 
 426      5365715F 
 426      536C6565 
 426      7000
 427              	.LASF5:
 428 006c 6C6F6E67 		.ascii	"long unsigned int\000"
 428      20756E73 
 428      69676E65 
 428      6420696E 
 428      7400
 429              	.LASF7:
 430 007e 6C6F6E67 		.ascii	"long long unsigned int\000"
 430      206C6F6E 
 430      6720756E 
 430      7369676E 
 430      65642069 
 431              	.LASF3:
 432 0095 73686F72 		.ascii	"short unsigned int\000"
 432      7420756E 
 432      7369676E 
 432      65642069 
 432      6E7400
 433              	.LASF9:
 434 00a8 666C6F61 		.ascii	"float\000"
 434      7400
 435              	.LASF20:
 436 00ae 474E5520 		.ascii	"GNU C11 5.4.1 20160609 (release) [ARM/embedded-5-br"
 436      43313120 
 436      352E342E 
 436      31203230 
 436      31363036 
 437 00e1 616E6368 		.ascii	"anch revision 237715] -mcpu=cortex-m3 -mthumb -g -O"
 437      20726576 
ARM GAS  C:\Users\alex\AppData\Local\Temp\ccmq3oj1.s 			page 12


 437      6973696F 
 437      6E203233 
 437      37373135 
 438 0114 30202D66 		.ascii	"0 -ffunction-sections -ffat-lto-objects\000"
 438      66756E63 
 438      74696F6E 
 438      2D736563 
 438      74696F6E 
 439              	.LASF1:
 440 013c 756E7369 		.ascii	"unsigned char\000"
 440      676E6564 
 440      20636861 
 440      7200
 441              	.LASF11:
 442 014a 63686172 		.ascii	"char\000"
 442      00
 443              	.LASF4:
 444 014f 6C6F6E67 		.ascii	"long int\000"
 444      20696E74 
 444      00
 445              	.LASF10:
 446 0158 646F7562 		.ascii	"double\000"
 446      6C6500
 447              	.LASF12:
 448 015f 75696E74 		.ascii	"uint8\000"
 448      3800
 449              	.LASF0:
 450 0165 7369676E 		.ascii	"signed char\000"
 450      65642063 
 450      68617200 
 451              	.LASF22:
 452 0171 483A5C42 		.ascii	"H:\\BCC722-RTOS-moinho\\UCoS\\Micrium_2\\Software\\"
 452      43433732 
 452      322D5254 
 452      4F532D6D 
 452      6F696E68 
 453 019f 4576616C 		.ascii	"EvalBoards\\Cypress\\CY8CKIT-050\\PSoC\\uCOS-III-Pr"
 453      426F6172 
 453      64735C43 
 453      79707265 
 453      73735C43 
 454 01ce 6F62655C 		.ascii	"obe\\ADC_SAR_Seq_Example01.cydsn\000"
 454      4144435F 
 454      5341525F 
 454      5365715F 
 454      4578616D 
 455              	.LASF14:
 456 01ee 6C6F6E67 		.ascii	"long double\000"
 456      20646F75 
 456      626C6500 
 457              	.LASF17:
 458 01fa 4144435F 		.ascii	"ADC_SAR_Seq_Wakeup\000"
 458      5341525F 
 458      5365715F 
 458      57616B65 
 458      757000
 459              	.LASF2:
ARM GAS  C:\Users\alex\AppData\Local\Temp\ccmq3oj1.s 			page 13


 460 020d 73686F72 		.ascii	"short int\000"
 460      7420696E 
 460      7400
 461              	.LASF13:
 462 0217 72656738 		.ascii	"reg8\000"
 462      00
 463              	.LASF15:
 464 021c 73697A65 		.ascii	"sizetype\000"
 464      74797065 
 464      00
 465              	.LASF19:
 466 0225 4144435F 		.ascii	"ADC_SAR_Seq_RestoreConfig\000"
 466      5341525F 
 466      5365715F 
 466      52657374 
 466      6F726543 
 467              		.ident	"GCC: (GNU Tools for ARM Embedded Processors) 5.4.1 20160609 (release) [ARM/embedded-5-bran
