ARM GAS  C:\Users\alex\AppData\Local\Temp\ccgdQA5H.s 			page 1


   1              		.syntax unified
   2              		.cpu cortex-m3
   3              		.fpu softvfp
   4              		.eabi_attribute 20, 1
   5              		.eabi_attribute 21, 1
   6              		.eabi_attribute 23, 3
   7              		.eabi_attribute 24, 1
   8              		.eabi_attribute 25, 1
   9              		.eabi_attribute 26, 1
  10              		.eabi_attribute 30, 6
  11              		.eabi_attribute 34, 1
  12              		.eabi_attribute 18, 4
  13              		.thumb
  14              		.syntax unified
  15              		.file	"cymetadata.c"
  16              		.text
  17              	.Ltext0:
  18              		.cfi_sections	.debug_frame
  19              		.global	cy_meta_configecc
  20              		.section	.cyconfigecc,"a",%progbits
  21              		.align	2
  22              		.type	cy_meta_configecc, %object
  23              		.size	cy_meta_configecc, 1224
  24              	cy_meta_configecc:
  25 0000 04       		.byte	4
  26 0001 52       		.byte	82
  27 0002 00       		.byte	0
  28 0003 40       		.byte	64
  29 0004 01       		.byte	1
  30 0005 5B       		.byte	91
  31 0006 00       		.byte	0
  32 0007 40       		.byte	64
  33 0008 01       		.byte	1
  34 0009 64       		.byte	100
  35 000a 00       		.byte	0
  36 000b 40       		.byte	64
  37 000c 16       		.byte	22
  38 000d 00       		.byte	0
  39 000e 01       		.byte	1
  40 000f 40       		.byte	64
  41 0010 24       		.byte	36
  42 0011 01       		.byte	1
  43 0012 01       		.byte	1
  44 0013 40       		.byte	64
  45 0014 14       		.byte	20
  46 0015 02       		.byte	2
  47 0016 01       		.byte	1
  48 0017 40       		.byte	64
  49 0018 38       		.byte	56
  50 0019 03       		.byte	3
  51 001a 01       		.byte	1
  52 001b 40       		.byte	64
  53 001c 33       		.byte	51
  54 001d 04       		.byte	4
  55 001e 01       		.byte	1
  56 001f 40       		.byte	64
  57 0020 47       		.byte	71
ARM GAS  C:\Users\alex\AppData\Local\Temp\ccgdQA5H.s 			page 2


  58 0021 05       		.byte	5
  59 0022 01       		.byte	1
  60 0023 40       		.byte	64
  61 0024 0E       		.byte	14
  62 0025 06       		.byte	6
  63 0026 01       		.byte	1
  64 0027 40       		.byte	64
  65 0028 3D       		.byte	61
  66 0029 07       		.byte	7
  67 002a 01       		.byte	1
  68 002b 40       		.byte	64
  69 002c 01       		.byte	1
  70 002d 0B       		.byte	11
  71 002e 01       		.byte	1
  72 002f 40       		.byte	64
  73 0030 0E       		.byte	14
  74 0031 14       		.byte	20
  75 0032 01       		.byte	1
  76 0033 40       		.byte	64
  77 0034 2E       		.byte	46
  78 0035 15       		.byte	21
  79 0036 01       		.byte	1
  80 0037 40       		.byte	64
  81 0038 0E       		.byte	14
  82 0039 16       		.byte	22
  83 003a 01       		.byte	1
  84 003b 40       		.byte	64
  85 003c 2F       		.byte	47
  86 003d 17       		.byte	23
  87 003e 01       		.byte	1
  88 003f 40       		.byte	64
  89 0040 02       		.byte	2
  90 0041 1B       		.byte	27
  91 0042 01       		.byte	1
  92 0043 40       		.byte	64
  93 0044 0E       		.byte	14
  94 0045 40       		.byte	64
  95 0046 01       		.byte	1
  96 0047 40       		.byte	64
  97 0048 08       		.byte	8
  98 0049 41       		.byte	65
  99 004a 01       		.byte	1
 100 004b 40       		.byte	64
 101 004c 06       		.byte	6
 102 004d 42       		.byte	66
 103 004e 01       		.byte	1
 104 004f 40       		.byte	64
 105 0050 03       		.byte	3
 106 0051 43       		.byte	67
 107 0052 01       		.byte	1
 108 0053 40       		.byte	64
 109 0054 02       		.byte	2
 110 0055 45       		.byte	69
 111 0056 01       		.byte	1
 112 0057 40       		.byte	64
 113 0058 02       		.byte	2
 114 0059 46       		.byte	70
ARM GAS  C:\Users\alex\AppData\Local\Temp\ccgdQA5H.s 			page 3


 115 005a 01       		.byte	1
 116 005b 40       		.byte	64
 117 005c 06       		.byte	6
 118 005d 48       		.byte	72
 119 005e 01       		.byte	1
 120 005f 40       		.byte	64
 121 0060 0D       		.byte	13
 122 0061 49       		.byte	73
 123 0062 01       		.byte	1
 124 0063 40       		.byte	64
 125 0064 04       		.byte	4
 126 0065 4C       		.byte	76
 127 0066 01       		.byte	1
 128 0067 40       		.byte	64
 129 0068 03       		.byte	3
 130 0069 4D       		.byte	77
 131 006a 01       		.byte	1
 132 006b 40       		.byte	64
 133 006c 08       		.byte	8
 134 006d 50       		.byte	80
 135 006e 01       		.byte	1
 136 006f 40       		.byte	64
 137 0070 02       		.byte	2
 138 0071 51       		.byte	81
 139 0072 01       		.byte	1
 140 0073 40       		.byte	64
 141 0074 18       		.byte	24
 142 0075 05       		.byte	5
 143 0076 19       		.byte	25
 144 0077 0C       		.byte	12
 145 0078 20       		.byte	32
 146 0079 01       		.byte	1
 147 007a 21       		.byte	33
 148 007b 01       		.byte	1
 149 007c 2F       		.byte	47
 150 007d 84       		.byte	-124
 151 007e 85       		.byte	-123
 152 007f 03       		.byte	3
 153 0080 04       		.byte	4
 154 0081 01       		.byte	1
 155 0082 08       		.byte	8
 156 0083 01       		.byte	1
 157 0084 0C       		.byte	12
 158 0085 01       		.byte	1
 159 0086 10       		.byte	16
 160 0087 01       		.byte	1
 161 0088 20       		.byte	32
 162 0089 01       		.byte	1
 163 008a 26       		.byte	38
 164 008b 01       		.byte	1
 165 008c 2E       		.byte	46
 166 008d 01       		.byte	1
 167 008e 30       		.byte	48
 168 008f 01       		.byte	1
 169 0090 58       		.byte	88
 170 0091 04       		.byte	4
 171 0092 59       		.byte	89
ARM GAS  C:\Users\alex\AppData\Local\Temp\ccgdQA5H.s 			page 4


 172 0093 04       		.byte	4
 173 0094 5F       		.byte	95
 174 0095 01       		.byte	1
 175 0096 82       		.byte	-126
 176 0097 01       		.byte	1
 177 0098 84       		.byte	-124
 178 0099 01       		.byte	1
 179 009a 90       		.byte	-112
 180 009b 01       		.byte	1
 181 009c 98       		.byte	-104
 182 009d 01       		.byte	1
 183 009e A0       		.byte	-96
 184 009f 01       		.byte	1
 185 00a0 A8       		.byte	-88
 186 00a1 01       		.byte	1
 187 00a2 AE       		.byte	-82
 188 00a3 01       		.byte	1
 189 00a4 B0       		.byte	-80
 190 00a5 01       		.byte	1
 191 00a6 D8       		.byte	-40
 192 00a7 04       		.byte	4
 193 00a8 D9       		.byte	-39
 194 00a9 04       		.byte	4
 195 00aa DF       		.byte	-33
 196 00ab 01       		.byte	1
 197 00ac 01       		.byte	1
 198 00ad 40       		.byte	64
 199 00ae 03       		.byte	3
 200 00af 19       		.byte	25
 201 00b0 05       		.byte	5
 202 00b1 05       		.byte	5
 203 00b2 06       		.byte	6
 204 00b3 40       		.byte	64
 205 00b4 0B       		.byte	11
 206 00b5 80       		.byte	-128
 207 00b6 0C       		.byte	12
 208 00b7 20       		.byte	32
 209 00b8 0E       		.byte	14
 210 00b9 08       		.byte	8
 211 00ba 0F       		.byte	15
 212 00bb 40       		.byte	64
 213 00bc 10       		.byte	16
 214 00bd 20       		.byte	32
 215 00be 12       		.byte	18
 216 00bf 41       		.byte	65
 217 00c0 15       		.byte	21
 218 00c1 10       		.byte	16
 219 00c2 16       		.byte	22
 220 00c3 01       		.byte	1
 221 00c4 17       		.byte	23
 222 00c5 11       		.byte	17
 223 00c6 19       		.byte	25
 224 00c7 02       		.byte	2
 225 00c8 1E       		.byte	30
 226 00c9 80       		.byte	-128
 227 00ca 29       		.byte	41
 228 00cb 80       		.byte	-128
ARM GAS  C:\Users\alex\AppData\Local\Temp\ccgdQA5H.s 			page 5


 229 00cc 2D       		.byte	45
 230 00cd C0       		.byte	-64
 231 00ce 2F       		.byte	47
 232 00cf 08       		.byte	8
 233 00d0 30       		.byte	48
 234 00d1 20       		.byte	32
 235 00d2 31       		.byte	49
 236 00d3 05       		.byte	5
 237 00d4 33       		.byte	51
 238 00d5 08       		.byte	8
 239 00d6 35       		.byte	53
 240 00d7 01       		.byte	1
 241 00d8 36       		.byte	54
 242 00d9 04       		.byte	4
 243 00da 38       		.byte	56
 244 00db 02       		.byte	2
 245 00dc 39       		.byte	57
 246 00dd 10       		.byte	16
 247 00de 3A       		.byte	58
 248 00df 01       		.byte	1
 249 00e0 3B       		.byte	59
 250 00e1 C1       		.byte	-63
 251 00e2 3D       		.byte	61
 252 00e3 10       		.byte	16
 253 00e4 3F       		.byte	63
 254 00e5 41       		.byte	65
 255 00e6 81       		.byte	-127
 256 00e7 02       		.byte	2
 257 00e8 C0       		.byte	-64
 258 00e9 37       		.byte	55
 259 00ea C2       		.byte	-62
 260 00eb 58       		.byte	88
 261 00ec C4       		.byte	-60
 262 00ed DD       		.byte	-35
 263 00ee CA       		.byte	-54
 264 00ef 38       		.byte	56
 265 00f0 CC       		.byte	-52
 266 00f1 C7       		.byte	-57
 267 00f2 CE       		.byte	-50
 268 00f3 BD       		.byte	-67
 269 00f4 06       		.byte	6
 270 00f5 02       		.byte	2
 271 00f6 07       		.byte	7
 272 00f7 02       		.byte	2
 273 00f8 29       		.byte	41
 274 00f9 01       		.byte	1
 275 00fa 2D       		.byte	45
 276 00fb 01       		.byte	1
 277 00fc 2E       		.byte	46
 278 00fd 01       		.byte	1
 279 00fe 30       		.byte	48
 280 00ff 02       		.byte	2
 281 0100 33       		.byte	51
 282 0101 02       		.byte	2
 283 0102 35       		.byte	53
 284 0103 01       		.byte	1
 285 0104 36       		.byte	54
ARM GAS  C:\Users\alex\AppData\Local\Temp\ccgdQA5H.s 			page 6


 286 0105 01       		.byte	1
 287 0106 39       		.byte	57
 288 0107 20       		.byte	32
 289 0108 3F       		.byte	63
 290 0109 10       		.byte	16
 291 010a 58       		.byte	88
 292 010b 04       		.byte	4
 293 010c 59       		.byte	89
 294 010d 04       		.byte	4
 295 010e 5F       		.byte	95
 296 010f 01       		.byte	1
 297 0110 D6       		.byte	-42
 298 0111 08       		.byte	8
 299 0112 D8       		.byte	-40
 300 0113 04       		.byte	4
 301 0114 D9       		.byte	-39
 302 0115 04       		.byte	4
 303 0116 DB       		.byte	-37
 304 0117 04       		.byte	4
 305 0118 DD       		.byte	-35
 306 0119 90       		.byte	-112
 307 011a DF       		.byte	-33
 308 011b 01       		.byte	1
 309 011c 02       		.byte	2
 310 011d 81       		.byte	-127
 311 011e 03       		.byte	3
 312 011f 08       		.byte	8
 313 0120 04       		.byte	4
 314 0121 08       		.byte	8
 315 0122 05       		.byte	5
 316 0123 01       		.byte	1
 317 0124 06       		.byte	6
 318 0125 02       		.byte	2
 319 0126 07       		.byte	7
 320 0127 08       		.byte	8
 321 0128 09       		.byte	9
 322 0129 28       		.byte	40
 323 012a 0A       		.byte	10
 324 012b 04       		.byte	4
 325 012c 0B       		.byte	11
 326 012d 80       		.byte	-128
 327 012e 0E       		.byte	14
 328 012f 09       		.byte	9
 329 0130 10       		.byte	16
 330 0131 02       		.byte	2
 331 0132 16       		.byte	22
 332 0133 10       		.byte	16
 333 0134 17       		.byte	23
 334 0135 55       		.byte	85
 335 0136 1D       		.byte	29
 336 0137 01       		.byte	1
 337 0138 1E       		.byte	30
 338 0139 03       		.byte	3
 339 013a 1F       		.byte	31
 340 013b 40       		.byte	64
 341 013c 24       		.byte	36
 342 013d 10       		.byte	16
ARM GAS  C:\Users\alex\AppData\Local\Temp\ccgdQA5H.s 			page 7


 343 013e 25       		.byte	37
 344 013f 08       		.byte	8
 345 0140 27       		.byte	39
 346 0141 14       		.byte	20
 347 0142 2A       		.byte	42
 348 0143 01       		.byte	1
 349 0144 2B       		.byte	43
 350 0145 08       		.byte	8
 351 0146 2C       		.byte	44
 352 0147 08       		.byte	8
 353 0148 2D       		.byte	45
 354 0149 80       		.byte	-128
 355 014a 2E       		.byte	46
 356 014b 04       		.byte	4
 357 014c 30       		.byte	48
 358 014d 02       		.byte	2
 359 014e 31       		.byte	49
 360 014f 29       		.byte	41
 361 0150 35       		.byte	53
 362 0151 05       		.byte	5
 363 0152 36       		.byte	54
 364 0153 80       		.byte	-128
 365 0154 37       		.byte	55
 366 0155 08       		.byte	8
 367 0156 38       		.byte	56
 368 0157 02       		.byte	2
 369 0158 3A       		.byte	58
 370 0159 02       		.byte	2
 371 015a 3B       		.byte	59
 372 015b 80       		.byte	-128
 373 015c 3C       		.byte	60
 374 015d 10       		.byte	16
 375 015e 3D       		.byte	61
 376 015f 44       		.byte	68
 377 0160 3E       		.byte	62
 378 0161 01       		.byte	1
 379 0162 5A       		.byte	90
 380 0163 80       		.byte	-128
 381 0164 60       		.byte	96
 382 0165 02       		.byte	2
 383 0166 92       		.byte	-110
 384 0167 80       		.byte	-128
 385 0168 94       		.byte	-108
 386 0169 02       		.byte	2
 387 016a 95       		.byte	-107
 388 016b 40       		.byte	64
 389 016c 97       		.byte	-105
 390 016d 80       		.byte	-128
 391 016e 9B       		.byte	-101
 392 016f 01       		.byte	1
 393 0170 9D       		.byte	-99
 394 0171 05       		.byte	5
 395 0172 9F       		.byte	-97
 396 0173 10       		.byte	16
 397 0174 A3       		.byte	-93
 398 0175 08       		.byte	8
 399 0176 A6       		.byte	-90
ARM GAS  C:\Users\alex\AppData\Local\Temp\ccgdQA5H.s 			page 8


 400 0177 04       		.byte	4
 401 0178 AA       		.byte	-86
 402 0179 40       		.byte	64
 403 017a AE       		.byte	-82
 404 017b 40       		.byte	64
 405 017c C0       		.byte	-64
 406 017d FB       		.byte	-5
 407 017e C2       		.byte	-62
 408 017f CE       		.byte	-50
 409 0180 C4       		.byte	-60
 410 0181 D1       		.byte	-47
 411 0182 CA       		.byte	-54
 412 0183 75       		.byte	117
 413 0184 CC       		.byte	-52
 414 0185 D7       		.byte	-41
 415 0186 CE       		.byte	-50
 416 0187 F9       		.byte	-7
 417 0188 D6       		.byte	-42
 418 0189 08       		.byte	8
 419 018a D8       		.byte	-40
 420 018b 08       		.byte	8
 421 018c 06       		.byte	6
 422 018d 01       		.byte	1
 423 018e 12       		.byte	18
 424 018f 02       		.byte	2
 425 0190 19       		.byte	25
 426 0191 01       		.byte	1
 427 0192 27       		.byte	39
 428 0193 03       		.byte	3
 429 0194 28       		.byte	40
 430 0195 01       		.byte	1
 431 0196 32       		.byte	50
 432 0197 03       		.byte	3
 433 0198 33       		.byte	51
 434 0199 01       		.byte	1
 435 019a 35       		.byte	53
 436 019b 02       		.byte	2
 437 019c 52       		.byte	82
 438 019d 03       		.byte	3
 439 019e 53       		.byte	83
 440 019f 02       		.byte	2
 441 01a0 58       		.byte	88
 442 01a1 04       		.byte	4
 443 01a2 59       		.byte	89
 444 01a3 0C       		.byte	12
 445 01a4 5B       		.byte	91
 446 01a5 04       		.byte	4
 447 01a6 5C       		.byte	92
 448 01a7 09       		.byte	9
 449 01a8 5F       		.byte	95
 450 01a9 01       		.byte	1
 451 01aa 80       		.byte	-128
 452 01ab 10       		.byte	16
 453 01ac 81       		.byte	-127
 454 01ad 04       		.byte	4
 455 01ae 82       		.byte	-126
 456 01af 20       		.byte	32
ARM GAS  C:\Users\alex\AppData\Local\Temp\ccgdQA5H.s 			page 9


 457 01b0 86       		.byte	-122
 458 01b1 02       		.byte	2
 459 01b2 87       		.byte	-121
 460 01b3 01       		.byte	1
 461 01b4 88       		.byte	-120
 462 01b5 01       		.byte	1
 463 01b6 89       		.byte	-119
 464 01b7 01       		.byte	1
 465 01b8 8C       		.byte	-116
 466 01b9 04       		.byte	4
 467 01ba 8F       		.byte	-113
 468 01bb 02       		.byte	2
 469 01bc 90       		.byte	-112
 470 01bd 80       		.byte	-128
 471 01be 92       		.byte	-110
 472 01bf 40       		.byte	64
 473 01c0 96       		.byte	-106
 474 01c1 08       		.byte	8
 475 01c2 98       		.byte	-104
 476 01c3 40       		.byte	64
 477 01c4 99       		.byte	-103
 478 01c5 02       		.byte	2
 479 01c6 9A       		.byte	-102
 480 01c7 80       		.byte	-128
 481 01c8 9E       		.byte	-98
 482 01c9 04       		.byte	4
 483 01ca 9F       		.byte	-97
 484 01cb 04       		.byte	4
 485 01cc A0       		.byte	-96
 486 01cd 02       		.byte	2
 487 01ce A4       		.byte	-92
 488 01cf 08       		.byte	8
 489 01d0 A7       		.byte	-89
 490 01d1 10       		.byte	16
 491 01d2 A8       		.byte	-88
 492 01d3 20       		.byte	32
 493 01d4 AA       		.byte	-86
 494 01d5 10       		.byte	16
 495 01d6 AB       		.byte	-85
 496 01d7 08       		.byte	8
 497 01d8 AD       		.byte	-83
 498 01d9 08       		.byte	8
 499 01da AE       		.byte	-82
 500 01db 01       		.byte	1
 501 01dc B4       		.byte	-76
 502 01dd FF       		.byte	-1
 503 01de B7       		.byte	-73
 504 01df 1F       		.byte	31
 505 01e0 B9       		.byte	-71
 506 01e1 80       		.byte	-128
 507 01e2 BE       		.byte	-66
 508 01e3 10       		.byte	16
 509 01e4 BF       		.byte	-65
 510 01e5 40       		.byte	64
 511 01e6 D6       		.byte	-42
 512 01e7 02       		.byte	2
 513 01e8 D7       		.byte	-41
ARM GAS  C:\Users\alex\AppData\Local\Temp\ccgdQA5H.s 			page 10


 514 01e9 36       		.byte	54
 515 01ea D8       		.byte	-40
 516 01eb 04       		.byte	4
 517 01ec D9       		.byte	-39
 518 01ed 04       		.byte	4
 519 01ee DB       		.byte	-37
 520 01ef 0F       		.byte	15
 521 01f0 DF       		.byte	-33
 522 01f1 01       		.byte	1
 523 01f2 01       		.byte	1
 524 01f3 08       		.byte	8
 525 01f4 04       		.byte	4
 526 01f5 80       		.byte	-128
 527 01f6 05       		.byte	5
 528 01f7 05       		.byte	5
 529 01f8 06       		.byte	6
 530 01f9 40       		.byte	64
 531 01fa 07       		.byte	7
 532 01fb 24       		.byte	36
 533 01fc 08       		.byte	8
 534 01fd 02       		.byte	2
 535 01fe 0C       		.byte	12
 536 01ff 02       		.byte	2
 537 0200 0D       		.byte	13
 538 0201 08       		.byte	8
 539 0202 0E       		.byte	14
 540 0203 0E       		.byte	14
 541 0204 0F       		.byte	15
 542 0205 03       		.byte	3
 543 0206 12       		.byte	18
 544 0207 08       		.byte	8
 545 0208 15       		.byte	21
 546 0209 54       		.byte	84
 547 020a 16       		.byte	22
 548 020b 21       		.byte	33
 549 020c 17       		.byte	23
 550 020d 02       		.byte	2
 551 020e 19       		.byte	25
 552 020f 08       		.byte	8
 553 0210 1F       		.byte	31
 554 0211 10       		.byte	16
 555 0212 21       		.byte	33
 556 0213 20       		.byte	32
 557 0214 22       		.byte	34
 558 0215 08       		.byte	8
 559 0216 24       		.byte	36
 560 0217 02       		.byte	2
 561 0218 26       		.byte	38
 562 0219 80       		.byte	-128
 563 021a 29       		.byte	41
 564 021b 08       		.byte	8
 565 021c 2C       		.byte	44
 566 021d 01       		.byte	1
 567 021e 2E       		.byte	46
 568 021f 22       		.byte	34
 569 0220 2F       		.byte	47
 570 0221 10       		.byte	16
ARM GAS  C:\Users\alex\AppData\Local\Temp\ccgdQA5H.s 			page 11


 571 0222 31       		.byte	49
 572 0223 20       		.byte	32
 573 0224 35       		.byte	53
 574 0225 01       		.byte	1
 575 0226 36       		.byte	54
 576 0227 04       		.byte	4
 577 0228 37       		.byte	55
 578 0229 60       		.byte	96
 579 022a 3C       		.byte	60
 580 022b A0       		.byte	-96
 581 022c 3E       		.byte	62
 582 022d 08       		.byte	8
 583 022e 3F       		.byte	63
 584 022f 02       		.byte	2
 585 0230 5F       		.byte	95
 586 0231 08       		.byte	8
 587 0232 66       		.byte	102
 588 0233 10       		.byte	16
 589 0234 68       		.byte	104
 590 0235 08       		.byte	8
 591 0236 69       		.byte	105
 592 0237 80       		.byte	-128
 593 0238 6A       		.byte	106
 594 0239 80       		.byte	-128
 595 023a 6B       		.byte	107
 596 023b 08       		.byte	8
 597 023c 6C       		.byte	108
 598 023d 46       		.byte	70
 599 023e 6D       		.byte	109
 600 023f 14       		.byte	20
 601 0240 6F       		.byte	111
 602 0241 40       		.byte	64
 603 0242 74       		.byte	116
 604 0243 40       		.byte	64
 605 0244 76       		.byte	118
 606 0245 08       		.byte	8
 607 0246 77       		.byte	119
 608 0247 06       		.byte	6
 609 0248 79       		.byte	121
 610 0249 80       		.byte	-128
 611 024a 7E       		.byte	126
 612 024b 40       		.byte	64
 613 024c 82       		.byte	-126
 614 024d 48       		.byte	72
 615 024e 84       		.byte	-124
 616 024f 01       		.byte	1
 617 0250 85       		.byte	-123
 618 0251 08       		.byte	8
 619 0252 94       		.byte	-108
 620 0253 0A       		.byte	10
 621 0254 95       		.byte	-107
 622 0255 44       		.byte	68
 623 0256 96       		.byte	-106
 624 0257 04       		.byte	4
 625 0258 98       		.byte	-104
 626 0259 02       		.byte	2
 627 025a 99       		.byte	-103
ARM GAS  C:\Users\alex\AppData\Local\Temp\ccgdQA5H.s 			page 12


 628 025b 01       		.byte	1
 629 025c 9A       		.byte	-102
 630 025d 12       		.byte	18
 631 025e 9D       		.byte	-99
 632 025f 04       		.byte	4
 633 0260 9E       		.byte	-98
 634 0261 01       		.byte	1
 635 0262 9F       		.byte	-97
 636 0263 40       		.byte	64
 637 0264 A1       		.byte	-95
 638 0265 08       		.byte	8
 639 0266 A2       		.byte	-94
 640 0267 01       		.byte	1
 641 0268 A4       		.byte	-92
 642 0269 08       		.byte	8
 643 026a A6       		.byte	-90
 644 026b 84       		.byte	-124
 645 026c B1       		.byte	-79
 646 026d 80       		.byte	-128
 647 026e C0       		.byte	-64
 648 026f F4       		.byte	-12
 649 0270 C2       		.byte	-62
 650 0271 F8       		.byte	-8
 651 0272 C4       		.byte	-60
 652 0273 F2       		.byte	-14
 653 0274 CA       		.byte	-54
 654 0275 F2       		.byte	-14
 655 0276 CC       		.byte	-52
 656 0277 F4       		.byte	-12
 657 0278 CE       		.byte	-50
 658 0279 F0       		.byte	-16
 659 027a D6       		.byte	-42
 660 027b 40       		.byte	64
 661 027c D8       		.byte	-40
 662 027d 20       		.byte	32
 663 027e DE       		.byte	-34
 664 027f 88       		.byte	-120
 665 0280 0F       		.byte	15
 666 0281 01       		.byte	1
 667 0282 12       		.byte	18
 668 0283 01       		.byte	1
 669 0284 2A       		.byte	42
 670 0285 02       		.byte	2
 671 0286 33       		.byte	51
 672 0287 01       		.byte	1
 673 0288 34       		.byte	52
 674 0289 01       		.byte	1
 675 028a 36       		.byte	54
 676 028b 02       		.byte	2
 677 028c 54       		.byte	84
 678 028d 01       		.byte	1
 679 028e 58       		.byte	88
 680 028f 04       		.byte	4
 681 0290 59       		.byte	89
 682 0291 04       		.byte	4
 683 0292 5B       		.byte	91
 684 0293 0F       		.byte	15
ARM GAS  C:\Users\alex\AppData\Local\Temp\ccgdQA5H.s 			page 13


 685 0294 5F       		.byte	95
 686 0295 01       		.byte	1
 687 0296 D8       		.byte	-40
 688 0297 04       		.byte	4
 689 0298 D9       		.byte	-39
 690 0299 04       		.byte	4
 691 029a DF       		.byte	-33
 692 029b 01       		.byte	1
 693 029c 00       		.byte	0
 694 029d 20       		.byte	32
 695 029e 02       		.byte	2
 696 029f 40       		.byte	64
 697 02a0 05       		.byte	5
 698 02a1 81       		.byte	-127
 699 02a2 07       		.byte	7
 700 02a3 20       		.byte	32
 701 02a4 08       		.byte	8
 702 02a5 01       		.byte	1
 703 02a6 09       		.byte	9
 704 02a7 20       		.byte	32
 705 02a8 0C       		.byte	12
 706 02a9 02       		.byte	2
 707 02aa 0E       		.byte	14
 708 02ab 08       		.byte	8
 709 02ac 0F       		.byte	15
 710 02ad 02       		.byte	2
 711 02ae 11       		.byte	17
 712 02af 48       		.byte	72
 713 02b0 13       		.byte	19
 714 02b1 01       		.byte	1
 715 02b2 14       		.byte	20
 716 02b3 01       		.byte	1
 717 02b4 15       		.byte	21
 718 02b5 01       		.byte	1
 719 02b6 16       		.byte	22
 720 02b7 08       		.byte	8
 721 02b8 1D       		.byte	29
 722 02b9 20       		.byte	32
 723 02ba 1E       		.byte	30
 724 02bb 08       		.byte	8
 725 02bc 1F       		.byte	31
 726 02bd 40       		.byte	64
 727 02be 25       		.byte	37
 728 02bf 0C       		.byte	12
 729 02c0 27       		.byte	39
 730 02c1 20       		.byte	32
 731 02c2 28       		.byte	40
 732 02c3 01       		.byte	1
 733 02c4 2A       		.byte	42
 734 02c5 01       		.byte	1
 735 02c6 2C       		.byte	44
 736 02c7 01       		.byte	1
 737 02c8 2D       		.byte	45
 738 02c9 01       		.byte	1
 739 02ca 2F       		.byte	47
 740 02cb 40       		.byte	64
 741 02cc 31       		.byte	49
ARM GAS  C:\Users\alex\AppData\Local\Temp\ccgdQA5H.s 			page 14


 742 02cd 29       		.byte	41
 743 02ce 32       		.byte	50
 744 02cf 80       		.byte	-128
 745 02d0 35       		.byte	53
 746 02d1 01       		.byte	1
 747 02d2 36       		.byte	54
 748 02d3 84       		.byte	-124
 749 02d4 3B       		.byte	59
 750 02d5 01       		.byte	1
 751 02d6 3C       		.byte	60
 752 02d7 80       		.byte	-128
 753 02d8 3D       		.byte	61
 754 02d9 08       		.byte	8
 755 02da 3F       		.byte	63
 756 02db 01       		.byte	1
 757 02dc 4C       		.byte	76
 758 02dd 01       		.byte	1
 759 02de 4D       		.byte	77
 760 02df C0       		.byte	-64
 761 02e0 5E       		.byte	94
 762 02e1 40       		.byte	64
 763 02e2 66       		.byte	102
 764 02e3 01       		.byte	1
 765 02e4 67       		.byte	103
 766 02e5 C0       		.byte	-64
 767 02e6 7E       		.byte	126
 768 02e7 40       		.byte	64
 769 02e8 84       		.byte	-124
 770 02e9 10       		.byte	16
 771 02ea 87       		.byte	-121
 772 02eb 40       		.byte	64
 773 02ec 90       		.byte	-112
 774 02ed 02       		.byte	2
 775 02ee 92       		.byte	-110
 776 02ef C0       		.byte	-64
 777 02f0 93       		.byte	-109
 778 02f1 01       		.byte	1
 779 02f2 98       		.byte	-104
 780 02f3 01       		.byte	1
 781 02f4 99       		.byte	-103
 782 02f5 01       		.byte	1
 783 02f6 9A       		.byte	-102
 784 02f7 48       		.byte	72
 785 02f8 9E       		.byte	-98
 786 02f9 01       		.byte	1
 787 02fa 9F       		.byte	-97
 788 02fb 20       		.byte	32
 789 02fc A0       		.byte	-96
 790 02fd 42       		.byte	66
 791 02fe A2       		.byte	-94
 792 02ff 80       		.byte	-128
 793 0300 A3       		.byte	-93
 794 0301 01       		.byte	1
 795 0302 A4       		.byte	-92
 796 0303 10       		.byte	16
 797 0304 A6       		.byte	-90
 798 0305 04       		.byte	4
ARM GAS  C:\Users\alex\AppData\Local\Temp\ccgdQA5H.s 			page 15


 799 0306 C0       		.byte	-64
 800 0307 BA       		.byte	-70
 801 0308 C2       		.byte	-62
 802 0309 DA       		.byte	-38
 803 030a C4       		.byte	-60
 804 030b DD       		.byte	-35
 805 030c CA       		.byte	-54
 806 030d 99       		.byte	-103
 807 030e CC       		.byte	-52
 808 030f DF       		.byte	-33
 809 0310 CE       		.byte	-50
 810 0311 D1       		.byte	-47
 811 0312 D6       		.byte	-42
 812 0313 10       		.byte	16
 813 0314 DE       		.byte	-34
 814 0315 80       		.byte	-128
 815 0316 EE       		.byte	-18
 816 0317 80       		.byte	-128
 817 0318 02       		.byte	2
 818 0319 01       		.byte	1
 819 031a 0C       		.byte	12
 820 031b 01       		.byte	1
 821 031c 10       		.byte	16
 822 031d 01       		.byte	1
 823 031e 1A       		.byte	26
 824 031f 01       		.byte	1
 825 0320 20       		.byte	32
 826 0321 01       		.byte	1
 827 0322 28       		.byte	40
 828 0323 01       		.byte	1
 829 0324 2E       		.byte	46
 830 0325 01       		.byte	1
 831 0326 30       		.byte	48
 832 0327 01       		.byte	1
 833 0328 58       		.byte	88
 834 0329 04       		.byte	4
 835 032a 59       		.byte	89
 836 032b 04       		.byte	4
 837 032c 5F       		.byte	95
 838 032d 01       		.byte	1
 839 032e D8       		.byte	-40
 840 032f 04       		.byte	4
 841 0330 D9       		.byte	-39
 842 0331 04       		.byte	4
 843 0332 DF       		.byte	-33
 844 0333 01       		.byte	1
 845 0334 01       		.byte	1
 846 0335 80       		.byte	-128
 847 0336 02       		.byte	2
 848 0337 C0       		.byte	-64
 849 0338 06       		.byte	6
 850 0339 61       		.byte	97
 851 033a 07       		.byte	7
 852 033b 20       		.byte	32
 853 033c 08       		.byte	8
 854 033d 01       		.byte	1
 855 033e 09       		.byte	9
ARM GAS  C:\Users\alex\AppData\Local\Temp\ccgdQA5H.s 			page 16


 856 033f 20       		.byte	32
 857 0340 0D       		.byte	13
 858 0341 20       		.byte	32
 859 0342 0F       		.byte	15
 860 0343 02       		.byte	2
 861 0344 10       		.byte	16
 862 0345 40       		.byte	64
 863 0346 12       		.byte	18
 864 0347 01       		.byte	1
 865 0348 13       		.byte	19
 866 0349 20       		.byte	32
 867 034a 14       		.byte	20
 868 034b 01       		.byte	1
 869 034c 16       		.byte	22
 870 034d 80       		.byte	-128
 871 034e 19       		.byte	25
 872 034f 02       		.byte	2
 873 0350 28       		.byte	40
 874 0351 40       		.byte	64
 875 0352 29       		.byte	41
 876 0353 80       		.byte	-128
 877 0354 2B       		.byte	43
 878 0355 41       		.byte	65
 879 0356 2C       		.byte	44
 880 0357 01       		.byte	1
 881 0358 2E       		.byte	46
 882 0359 22       		.byte	34
 883 035a 2F       		.byte	47
 884 035b 20       		.byte	32
 885 035c 30       		.byte	48
 886 035d 01       		.byte	1
 887 035e 31       		.byte	49
 888 035f 20       		.byte	32
 889 0360 32       		.byte	50
 890 0361 80       		.byte	-128
 891 0362 33       		.byte	51
 892 0363 20       		.byte	32
 893 0364 36       		.byte	54
 894 0365 80       		.byte	-128
 895 0366 38       		.byte	56
 896 0367 02       		.byte	2
 897 0368 3A       		.byte	58
 898 0369 23       		.byte	35
 899 036a 3E       		.byte	62
 900 036b 80       		.byte	-128
 901 036c 3F       		.byte	63
 902 036d C2       		.byte	-62
 903 036e 8D       		.byte	-115
 904 036f 02       		.byte	2
 905 0370 90       		.byte	-112
 906 0371 02       		.byte	2
 907 0372 93       		.byte	-109
 908 0373 40       		.byte	64
 909 0374 98       		.byte	-104
 910 0375 01       		.byte	1
 911 0376 9A       		.byte	-102
 912 0377 40       		.byte	64
ARM GAS  C:\Users\alex\AppData\Local\Temp\ccgdQA5H.s 			page 17


 913 0378 9B       		.byte	-101
 914 0379 20       		.byte	32
 915 037a A1       		.byte	-95
 916 037b 20       		.byte	32
 917 037c A3       		.byte	-93
 918 037d 01       		.byte	1
 919 037e C0       		.byte	-64
 920 037f B9       		.byte	-71
 921 0380 C2       		.byte	-62
 922 0381 CA       		.byte	-54
 923 0382 C4       		.byte	-60
 924 0383 9B       		.byte	-101
 925 0384 CA       		.byte	-54
 926 0385 F9       		.byte	-7
 927 0386 CC       		.byte	-52
 928 0387 1D       		.byte	29
 929 0388 CE       		.byte	-50
 930 0389 95       		.byte	-107
 931 038a E2       		.byte	-30
 932 038b 40       		.byte	64
 933 038c E8       		.byte	-24
 934 038d 10       		.byte	16
 935 038e EE       		.byte	-18
 936 038f 04       		.byte	4
 937 0390 58       		.byte	88
 938 0391 04       		.byte	4
 939 0392 59       		.byte	89
 940 0393 04       		.byte	4
 941 0394 5F       		.byte	95
 942 0395 01       		.byte	1
 943 0396 80       		.byte	-128
 944 0397 01       		.byte	1
 945 0398 88       		.byte	-120
 946 0399 01       		.byte	1
 947 039a 8C       		.byte	-116
 948 039b 01       		.byte	1
 949 039c 90       		.byte	-112
 950 039d 01       		.byte	1
 951 039e 98       		.byte	-104
 952 039f 01       		.byte	1
 953 03a0 A8       		.byte	-88
 954 03a1 01       		.byte	1
 955 03a2 AE       		.byte	-82
 956 03a3 01       		.byte	1
 957 03a4 B6       		.byte	-74
 958 03a5 01       		.byte	1
 959 03a6 D8       		.byte	-40
 960 03a7 04       		.byte	4
 961 03a8 D9       		.byte	-39
 962 03a9 04       		.byte	4
 963 03aa DF       		.byte	-33
 964 03ab 01       		.byte	1
 965 03ac 00       		.byte	0
 966 03ad 20       		.byte	32
 967 03ae 02       		.byte	2
 968 03af C0       		.byte	-64
 969 03b0 03       		.byte	3
ARM GAS  C:\Users\alex\AppData\Local\Temp\ccgdQA5H.s 			page 18


 970 03b1 02       		.byte	2
 971 03b2 05       		.byte	5
 972 03b3 04       		.byte	4
 973 03b4 06       		.byte	6
 974 03b5 61       		.byte	97
 975 03b6 07       		.byte	7
 976 03b7 20       		.byte	32
 977 03b8 08       		.byte	8
 978 03b9 01       		.byte	1
 979 03ba 09       		.byte	9
 980 03bb 20       		.byte	32
 981 03bc 0D       		.byte	13
 982 03bd 20       		.byte	32
 983 03be 0F       		.byte	15
 984 03bf 02       		.byte	2
 985 03c0 11       		.byte	17
 986 03c1 40       		.byte	64
 987 03c2 13       		.byte	19
 988 03c3 20       		.byte	32
 989 03c4 14       		.byte	20
 990 03c5 01       		.byte	1
 991 03c6 15       		.byte	21
 992 03c7 02       		.byte	2
 993 03c8 19       		.byte	25
 994 03c9 80       		.byte	-128
 995 03ca 29       		.byte	41
 996 03cb 04       		.byte	4
 997 03cc 2A       		.byte	42
 998 03cd 01       		.byte	1
 999 03ce 2B       		.byte	43
 1000 03cf 03       		.byte	3
 1001 03d0 2C       		.byte	44
 1002 03d1 01       		.byte	1
 1003 03d2 2E       		.byte	46
 1004 03d3 20       		.byte	32
 1005 03d4 2F       		.byte	47
 1006 03d5 40       		.byte	64
 1007 03d6 30       		.byte	48
 1008 03d7 01       		.byte	1
 1009 03d8 31       		.byte	49
 1010 03d9 20       		.byte	32
 1011 03da 32       		.byte	50
 1012 03db 80       		.byte	-128
 1013 03dc 36       		.byte	54
 1014 03dd 84       		.byte	-124
 1015 03de 38       		.byte	56
 1016 03df 02       		.byte	2
 1017 03e0 39       		.byte	57
 1018 03e1 02       		.byte	2
 1019 03e2 3D       		.byte	61
 1020 03e3 40       		.byte	64
 1021 03e4 3F       		.byte	63
 1022 03e5 02       		.byte	2
 1023 03e6 89       		.byte	-119
 1024 03e7 80       		.byte	-128
 1025 03e8 90       		.byte	-112
 1026 03e9 02       		.byte	2
ARM GAS  C:\Users\alex\AppData\Local\Temp\ccgdQA5H.s 			page 19


 1027 03ea 91       		.byte	-111
 1028 03eb 40       		.byte	64
 1029 03ec 93       		.byte	-109
 1030 03ed C0       		.byte	-64
 1031 03ee 98       		.byte	-104
 1032 03ef 01       		.byte	1
 1033 03f0 9A       		.byte	-102
 1034 03f1 41       		.byte	65
 1035 03f2 9B       		.byte	-101
 1036 03f3 20       		.byte	32
 1037 03f4 A0       		.byte	-96
 1038 03f5 10       		.byte	16
 1039 03f6 A1       		.byte	-95
 1040 03f7 20       		.byte	32
 1041 03f8 A2       		.byte	-94
 1042 03f9 04       		.byte	4
 1043 03fa A3       		.byte	-93
 1044 03fb 01       		.byte	1
 1045 03fc C0       		.byte	-64
 1046 03fd BB       		.byte	-69
 1047 03fe C2       		.byte	-62
 1048 03ff CA       		.byte	-54
 1049 0400 C4       		.byte	-60
 1050 0401 93       		.byte	-109
 1051 0402 CA       		.byte	-54
 1052 0403 BB       		.byte	-69
 1053 0404 CC       		.byte	-52
 1054 0405 5D       		.byte	93
 1055 0406 CE       		.byte	-50
 1056 0407 91       		.byte	-111
 1057 0408 E6       		.byte	-26
 1058 0409 80       		.byte	-128
 1059 040a E8       		.byte	-24
 1060 040b 10       		.byte	16
 1061 040c EE       		.byte	-18
 1062 040d 04       		.byte	4
 1063 040e 12       		.byte	18
 1064 040f 20       		.byte	32
 1065 0410 16       		.byte	22
 1066 0411 80       		.byte	-128
 1067 0412 30       		.byte	48
 1068 0413 80       		.byte	-128
 1069 0414 3B       		.byte	59
 1070 0415 02       		.byte	2
 1071 0416 3E       		.byte	62
 1072 0417 80       		.byte	-128
 1073 0418 5D       		.byte	93
 1074 0419 80       		.byte	-128
 1075 041a 6C       		.byte	108
 1076 041b 80       		.byte	-128
 1077 041c 75       		.byte	117
 1078 041d 80       		.byte	-128
 1079 041e 83       		.byte	-125
 1080 041f 80       		.byte	-128
 1081 0420 C4       		.byte	-60
 1082 0421 30       		.byte	48
 1083 0422 CC       		.byte	-52
ARM GAS  C:\Users\alex\AppData\Local\Temp\ccgdQA5H.s 			page 20


 1084 0423 10       		.byte	16
 1085 0424 CE       		.byte	-50
 1086 0425 60       		.byte	96
 1087 0426 D6       		.byte	-42
 1088 0427 20       		.byte	32
 1089 0428 E6       		.byte	-26
 1090 0429 20       		.byte	32
 1091 042a 93       		.byte	-109
 1092 042b 40       		.byte	64
 1093 042c 97       		.byte	-105
 1094 042d 02       		.byte	2
 1095 042e 9D       		.byte	-99
 1096 042f 80       		.byte	-128
 1097 0430 A3       		.byte	-93
 1098 0431 80       		.byte	-128
 1099 0432 AA       		.byte	-86
 1100 0433 20       		.byte	32
 1101 0434 AF       		.byte	-81
 1102 0435 40       		.byte	64
 1103 0436 EC       		.byte	-20
 1104 0437 80       		.byte	-128
 1105 0438 EE       		.byte	-18
 1106 0439 40       		.byte	64
 1107 043a 81       		.byte	-127
 1108 043b 80       		.byte	-128
 1109 043c 93       		.byte	-109
 1110 043d 40       		.byte	64
 1111 043e 97       		.byte	-105
 1112 043f 02       		.byte	2
 1113 0440 9D       		.byte	-99
 1114 0441 80       		.byte	-128
 1115 0442 A3       		.byte	-93
 1116 0443 80       		.byte	-128
 1117 0444 E2       		.byte	-30
 1118 0445 20       		.byte	32
 1119 0446 93       		.byte	-109
 1120 0447 40       		.byte	64
 1121 0448 97       		.byte	-105
 1122 0449 02       		.byte	2
 1123 044a A3       		.byte	-93
 1124 044b 80       		.byte	-128
 1125 044c 20       		.byte	32
 1126 044d 20       		.byte	32
 1127 044e C8       		.byte	-56
 1128 044f 02       		.byte	2
 1129 0450 B0       		.byte	-80
 1130 0451 10       		.byte	16
 1131 0452 EE       		.byte	-18
 1132 0453 01       		.byte	1
 1133 0454 24       		.byte	36
 1134 0455 08       		.byte	8
 1135 0456 8A       		.byte	-118
 1136 0457 40       		.byte	64
 1137 0458 93       		.byte	-109
 1138 0459 40       		.byte	64
 1139 045a 97       		.byte	-105
 1140 045b 02       		.byte	2
ARM GAS  C:\Users\alex\AppData\Local\Temp\ccgdQA5H.s 			page 21


 1141 045c A3       		.byte	-93
 1142 045d 80       		.byte	-128
 1143 045e C8       		.byte	-56
 1144 045f 20       		.byte	32
 1145 0460 53       		.byte	83
 1146 0461 80       		.byte	-128
 1147 0462 56       		.byte	86
 1148 0463 40       		.byte	64
 1149 0464 58       		.byte	88
 1150 0465 20       		.byte	32
 1151 0466 5F       		.byte	95
 1152 0467 40       		.byte	64
 1153 0468 8C       		.byte	-116
 1154 0469 20       		.byte	32
 1155 046a 93       		.byte	-109
 1156 046b 40       		.byte	64
 1157 046c 9A       		.byte	-102
 1158 046d 40       		.byte	64
 1159 046e A3       		.byte	-93
 1160 046f 80       		.byte	-128
 1161 0470 AB       		.byte	-85
 1162 0471 01       		.byte	1
 1163 0472 B4       		.byte	-76
 1164 0473 04       		.byte	4
 1165 0474 D4       		.byte	-44
 1166 0475 E0       		.byte	-32
 1167 0476 D6       		.byte	-42
 1168 0477 20       		.byte	32
 1169 0478 EE       		.byte	-18
 1170 0479 20       		.byte	32
 1171 047a 1F       		.byte	31
 1172 047b 80       		.byte	-128
 1173 047c 34       		.byte	52
 1174 047d 02       		.byte	2
 1175 047e C6       		.byte	-58
 1176 047f 01       		.byte	1
 1177 0480 CC       		.byte	-52
 1178 0481 01       		.byte	1
 1179 0482 AB       		.byte	-85
 1180 0483 80       		.byte	-128
 1181 0484 B4       		.byte	-76
 1182 0485 02       		.byte	2
 1183 0486 E8       		.byte	-24
 1184 0487 08       		.byte	8
 1185 0488 00       		.byte	0
 1186 0489 01       		.byte	1
 1187 048a 01       		.byte	1
 1188 048b 01       		.byte	1
 1189 048c 08       		.byte	8
 1190 048d 01       		.byte	1
 1191 048e 09       		.byte	9
 1192 048f 01       		.byte	1
 1193 0490 0A       		.byte	10
 1194 0491 01       		.byte	1
 1195 0492 0B       		.byte	11
 1196 0493 01       		.byte	1
 1197 0494 10       		.byte	16
ARM GAS  C:\Users\alex\AppData\Local\Temp\ccgdQA5H.s 			page 22


 1198 0495 01       		.byte	1
 1199 0496 1A       		.byte	26
 1200 0497 01       		.byte	1
 1201 0498 00       		.byte	0
 1202 0499 03       		.byte	3
 1203 049a 10       		.byte	16
 1204 049b 0A       		.byte	10
 1205 049c 00       		.byte	0
 1206 049d 00       		.byte	0
 1207 049e 00       		.byte	0
 1208 049f 00       		.byte	0
 1209 04a0 00       		.byte	0
 1210 04a1 00       		.byte	0
 1211 04a2 04       		.byte	4
 1212 04a3 00       		.byte	0
 1213 04a4 00       		.byte	0
 1214 04a5 0B       		.byte	11
 1215 04a6 0B       		.byte	11
 1216 04a7 00       		.byte	0
 1217 04a8 00       		.byte	0
 1218 04a9 00       		.byte	0
 1219 04aa 00       		.byte	0
 1220 04ab 00       		.byte	0
 1221 04ac 00       		.byte	0
 1222 04ad 7F       		.byte	127
 1223 04ae 7F       		.byte	127
 1224 04af 00       		.byte	0
 1225 04b0 00       		.byte	0
 1226 04b1 00       		.byte	0
 1227 04b2 00       		.byte	0
 1228 04b3 00       		.byte	0
 1229 04b4 00       		.byte	0
 1230 04b5 00       		.byte	0
 1231 04b6 00       		.byte	0
 1232 04b7 00       		.byte	0
 1233 04b8 00       		.byte	0
 1234 04b9 0F       		.byte	15
 1235 04ba FF       		.byte	-1
 1236 04bb 00       		.byte	0
 1237 04bc 00       		.byte	0
 1238 04bd 01       		.byte	1
 1239 04be 01       		.byte	1
 1240 04bf 00       		.byte	0
 1241 04c0 01       		.byte	1
 1242 04c1 00       		.byte	0
 1243 04c2 00       		.byte	0
 1244 04c3 00       		.byte	0
 1245 04c4 00       		.byte	0
 1246 04c5 01       		.byte	1
 1247 04c6 00       		.byte	0
 1248 04c7 00       		.byte	0
 1249              		.global	cy_meta_custnvl
 1250              		.section	.cycustnvl,"a",%progbits
 1251              		.align	2
 1252              		.type	cy_meta_custnvl, %object
 1253              		.size	cy_meta_custnvl, 4
 1254              	cy_meta_custnvl:
ARM GAS  C:\Users\alex\AppData\Local\Temp\ccgdQA5H.s 			page 23


 1255 0000 00       		.byte	0
 1256 0001 00       		.byte	0
 1257 0002 40       		.byte	64
 1258 0003 05       		.byte	5
 1259              		.global	cy_meta_wonvl
 1260              		.section	.cywolatch,"a",%progbits
 1261              		.align	2
 1262              		.type	cy_meta_wonvl, %object
 1263              		.size	cy_meta_wonvl, 4
 1264              	cy_meta_wonvl:
 1265 0000 BC       		.byte	-68
 1266 0001 90       		.byte	-112
 1267 0002 AC       		.byte	-84
 1268 0003 AF       		.byte	-81
 1269              		.global	cy_meta_flashprotect
 1270              		.section	.cyflashprotect,"a",%progbits
 1271              		.align	2
 1272              		.type	cy_meta_flashprotect, %object
 1273              		.size	cy_meta_flashprotect, 256
 1274              	cy_meta_flashprotect:
 1275 0000 00000000 		.space	256
 1275      00000000 
 1275      00000000 
 1275      00000000 
 1275      00000000 
 1276              		.global	cy_metadata
 1277              		.section	.cymeta,"a",%progbits
 1278              		.align	2
 1279              		.type	cy_metadata, %object
 1280              		.size	cy_metadata, 12
 1281              	cy_metadata:
 1282 0000 00       		.byte	0
 1283 0001 01       		.byte	1
 1284 0002 2E       		.byte	46
 1285 0003 12       		.byte	18
 1286 0004 30       		.byte	48
 1287 0005 69       		.byte	105
 1288 0006 00       		.byte	0
 1289 0007 01       		.byte	1
 1290 0008 00       		.byte	0
 1291 0009 00       		.byte	0
 1292 000a 00       		.byte	0
 1293 000b 00       		.byte	0
 1294              		.text
 1295              	.Letext0:
 1296              		.file 1 "c:\\program files (x86)\\cypress\\psoc creator\\4.4\\psoc creator\\import\\gnu\\arm\\5.4.
 1297              		.file 2 "c:\\program files (x86)\\cypress\\psoc creator\\4.4\\psoc creator\\import\\gnu\\arm\\5.4.
 1298              		.file 3 "Generated_Source\\PSoC5\\cymetadata.c"
 1299              		.section	.debug_info,"",%progbits
 1300              	.Ldebug_info0:
 1301 0000 32010000 		.4byte	0x132
 1302 0004 0400     		.2byte	0x4
 1303 0006 00000000 		.4byte	.Ldebug_abbrev0
 1304 000a 04       		.byte	0x4
 1305 000b 01       		.uleb128 0x1
 1306 000c 0A000000 		.4byte	.LASF17
 1307 0010 0C       		.byte	0xc
ARM GAS  C:\Users\alex\AppData\Local\Temp\ccgdQA5H.s 			page 24


 1308 0011 FB010000 		.4byte	.LASF18
 1309 0015 51010000 		.4byte	.LASF19
 1310 0019 00000000 		.4byte	.Ldebug_line0
 1311 001d 02       		.uleb128 0x2
 1312 001e 01       		.byte	0x1
 1313 001f 06       		.byte	0x6
 1314 0020 EF010000 		.4byte	.LASF0
 1315 0024 03       		.uleb128 0x3
 1316 0025 00000000 		.4byte	.LASF9
 1317 0029 01       		.byte	0x1
 1318 002a 1D       		.byte	0x1d
 1319 002b 2F000000 		.4byte	0x2f
 1320 002f 02       		.uleb128 0x2
 1321 0030 01       		.byte	0x1
 1322 0031 08       		.byte	0x8
 1323 0032 A4000000 		.4byte	.LASF1
 1324 0036 02       		.uleb128 0x2
 1325 0037 02       		.byte	0x2
 1326 0038 05       		.byte	0x5
 1327 0039 DC010000 		.4byte	.LASF2
 1328 003d 02       		.uleb128 0x2
 1329 003e 02       		.byte	0x2
 1330 003f 07       		.byte	0x7
 1331 0040 C4000000 		.4byte	.LASF3
 1332 0044 02       		.uleb128 0x2
 1333 0045 04       		.byte	0x4
 1334 0046 05       		.byte	0x5
 1335 0047 E6010000 		.4byte	.LASF4
 1336 004b 02       		.uleb128 0x2
 1337 004c 04       		.byte	0x4
 1338 004d 07       		.byte	0x7
 1339 004e B2000000 		.4byte	.LASF5
 1340 0052 02       		.uleb128 0x2
 1341 0053 08       		.byte	0x8
 1342 0054 05       		.byte	0x5
 1343 0055 CE010000 		.4byte	.LASF6
 1344 0059 02       		.uleb128 0x2
 1345 005a 08       		.byte	0x8
 1346 005b 07       		.byte	0x7
 1347 005c 06010000 		.4byte	.LASF7
 1348 0060 04       		.uleb128 0x4
 1349 0061 04       		.byte	0x4
 1350 0062 05       		.byte	0x5
 1351 0063 696E7400 		.ascii	"int\000"
 1352 0067 02       		.uleb128 0x2
 1353 0068 04       		.byte	0x4
 1354 0069 07       		.byte	0x7
 1355 006a F9000000 		.4byte	.LASF8
 1356 006e 03       		.uleb128 0x3
 1357 006f 1D010000 		.4byte	.LASF10
 1358 0073 02       		.byte	0x2
 1359 0074 18       		.byte	0x18
 1360 0075 24000000 		.4byte	0x24
 1361 0079 05       		.uleb128 0x5
 1362 007a 91000000 		.4byte	0x91
 1363 007e 8A000000 		.4byte	0x8a
 1364 0082 06       		.uleb128 0x6
ARM GAS  C:\Users\alex\AppData\Local\Temp\ccgdQA5H.s 			page 25


 1365 0083 8A000000 		.4byte	0x8a
 1366 0087 C704     		.2byte	0x4c7
 1367 0089 00       		.byte	0
 1368 008a 02       		.uleb128 0x2
 1369 008b 04       		.byte	0x4
 1370 008c 07       		.byte	0x7
 1371 008d 48010000 		.4byte	.LASF11
 1372 0091 07       		.uleb128 0x7
 1373 0092 6E000000 		.4byte	0x6e
 1374 0096 08       		.uleb128 0x8
 1375 0097 E7000000 		.4byte	.LASF12
 1376 009b 03       		.byte	0x3
 1377 009c 1F       		.byte	0x1f
 1378 009d A7000000 		.4byte	0xa7
 1379 00a1 05       		.uleb128 0x5
 1380 00a2 03       		.byte	0x3
 1381 00a3 00000000 		.4byte	cy_meta_configecc
 1382 00a7 07       		.uleb128 0x7
 1383 00a8 79000000 		.4byte	0x79
 1384 00ac 05       		.uleb128 0x5
 1385 00ad 91000000 		.4byte	0x91
 1386 00b1 BC000000 		.4byte	0xbc
 1387 00b5 09       		.uleb128 0x9
 1388 00b6 8A000000 		.4byte	0x8a
 1389 00ba 03       		.byte	0x3
 1390 00bb 00       		.byte	0
 1391 00bc 08       		.uleb128 0x8
 1392 00bd D7000000 		.4byte	.LASF13
 1393 00c1 03       		.byte	0x3
 1394 00c2 C5       		.byte	0xc5
 1395 00c3 CD000000 		.4byte	0xcd
 1396 00c7 05       		.uleb128 0x5
 1397 00c8 03       		.byte	0x3
 1398 00c9 00000000 		.4byte	cy_meta_custnvl
 1399 00cd 07       		.uleb128 0x7
 1400 00ce AC000000 		.4byte	0xac
 1401 00d2 08       		.uleb128 0x8
 1402 00d3 3A010000 		.4byte	.LASF14
 1403 00d7 03       		.byte	0x3
 1404 00d8 D3       		.byte	0xd3
 1405 00d9 E3000000 		.4byte	0xe3
 1406 00dd 05       		.uleb128 0x5
 1407 00de 03       		.byte	0x3
 1408 00df 00000000 		.4byte	cy_meta_wonvl
 1409 00e3 07       		.uleb128 0x7
 1410 00e4 AC000000 		.4byte	0xac
 1411 00e8 05       		.uleb128 0x5
 1412 00e9 91000000 		.4byte	0x91
 1413 00ed F8000000 		.4byte	0xf8
 1414 00f1 09       		.uleb128 0x9
 1415 00f2 8A000000 		.4byte	0x8a
 1416 00f6 FF       		.byte	0xff
 1417 00f7 00       		.byte	0
 1418 00f8 08       		.uleb128 0x8
 1419 00f9 25010000 		.4byte	.LASF15
 1420 00fd 03       		.byte	0x3
 1421 00fe E1       		.byte	0xe1
ARM GAS  C:\Users\alex\AppData\Local\Temp\ccgdQA5H.s 			page 26


 1422 00ff 09010000 		.4byte	0x109
 1423 0103 05       		.uleb128 0x5
 1424 0104 03       		.byte	0x3
 1425 0105 00000000 		.4byte	cy_meta_flashprotect
 1426 0109 07       		.uleb128 0x7
 1427 010a E8000000 		.4byte	0xe8
 1428 010e 05       		.uleb128 0x5
 1429 010f 91000000 		.4byte	0x91
 1430 0113 1E010000 		.4byte	0x11e
 1431 0117 09       		.uleb128 0x9
 1432 0118 8A000000 		.4byte	0x8a
 1433 011c 0B       		.byte	0xb
 1434 011d 00       		.byte	0
 1435 011e 0A       		.uleb128 0xa
 1436 011f 98000000 		.4byte	.LASF16
 1437 0123 03       		.byte	0x3
 1438 0124 0E01     		.2byte	0x10e
 1439 0126 30010000 		.4byte	0x130
 1440 012a 05       		.uleb128 0x5
 1441 012b 03       		.byte	0x3
 1442 012c 00000000 		.4byte	cy_metadata
 1443 0130 07       		.uleb128 0x7
 1444 0131 0E010000 		.4byte	0x10e
 1445 0135 00       		.byte	0
 1446              		.section	.debug_abbrev,"",%progbits
 1447              	.Ldebug_abbrev0:
 1448 0000 01       		.uleb128 0x1
 1449 0001 11       		.uleb128 0x11
 1450 0002 01       		.byte	0x1
 1451 0003 25       		.uleb128 0x25
 1452 0004 0E       		.uleb128 0xe
 1453 0005 13       		.uleb128 0x13
 1454 0006 0B       		.uleb128 0xb
 1455 0007 03       		.uleb128 0x3
 1456 0008 0E       		.uleb128 0xe
 1457 0009 1B       		.uleb128 0x1b
 1458 000a 0E       		.uleb128 0xe
 1459 000b 10       		.uleb128 0x10
 1460 000c 17       		.uleb128 0x17
 1461 000d 00       		.byte	0
 1462 000e 00       		.byte	0
 1463 000f 02       		.uleb128 0x2
 1464 0010 24       		.uleb128 0x24
 1465 0011 00       		.byte	0
 1466 0012 0B       		.uleb128 0xb
 1467 0013 0B       		.uleb128 0xb
 1468 0014 3E       		.uleb128 0x3e
 1469 0015 0B       		.uleb128 0xb
 1470 0016 03       		.uleb128 0x3
 1471 0017 0E       		.uleb128 0xe
 1472 0018 00       		.byte	0
 1473 0019 00       		.byte	0
 1474 001a 03       		.uleb128 0x3
 1475 001b 16       		.uleb128 0x16
 1476 001c 00       		.byte	0
 1477 001d 03       		.uleb128 0x3
 1478 001e 0E       		.uleb128 0xe
ARM GAS  C:\Users\alex\AppData\Local\Temp\ccgdQA5H.s 			page 27


 1479 001f 3A       		.uleb128 0x3a
 1480 0020 0B       		.uleb128 0xb
 1481 0021 3B       		.uleb128 0x3b
 1482 0022 0B       		.uleb128 0xb
 1483 0023 49       		.uleb128 0x49
 1484 0024 13       		.uleb128 0x13
 1485 0025 00       		.byte	0
 1486 0026 00       		.byte	0
 1487 0027 04       		.uleb128 0x4
 1488 0028 24       		.uleb128 0x24
 1489 0029 00       		.byte	0
 1490 002a 0B       		.uleb128 0xb
 1491 002b 0B       		.uleb128 0xb
 1492 002c 3E       		.uleb128 0x3e
 1493 002d 0B       		.uleb128 0xb
 1494 002e 03       		.uleb128 0x3
 1495 002f 08       		.uleb128 0x8
 1496 0030 00       		.byte	0
 1497 0031 00       		.byte	0
 1498 0032 05       		.uleb128 0x5
 1499 0033 01       		.uleb128 0x1
 1500 0034 01       		.byte	0x1
 1501 0035 49       		.uleb128 0x49
 1502 0036 13       		.uleb128 0x13
 1503 0037 01       		.uleb128 0x1
 1504 0038 13       		.uleb128 0x13
 1505 0039 00       		.byte	0
 1506 003a 00       		.byte	0
 1507 003b 06       		.uleb128 0x6
 1508 003c 21       		.uleb128 0x21
 1509 003d 00       		.byte	0
 1510 003e 49       		.uleb128 0x49
 1511 003f 13       		.uleb128 0x13
 1512 0040 2F       		.uleb128 0x2f
 1513 0041 05       		.uleb128 0x5
 1514 0042 00       		.byte	0
 1515 0043 00       		.byte	0
 1516 0044 07       		.uleb128 0x7
 1517 0045 26       		.uleb128 0x26
 1518 0046 00       		.byte	0
 1519 0047 49       		.uleb128 0x49
 1520 0048 13       		.uleb128 0x13
 1521 0049 00       		.byte	0
 1522 004a 00       		.byte	0
 1523 004b 08       		.uleb128 0x8
 1524 004c 34       		.uleb128 0x34
 1525 004d 00       		.byte	0
 1526 004e 03       		.uleb128 0x3
 1527 004f 0E       		.uleb128 0xe
 1528 0050 3A       		.uleb128 0x3a
 1529 0051 0B       		.uleb128 0xb
 1530 0052 3B       		.uleb128 0x3b
 1531 0053 0B       		.uleb128 0xb
 1532 0054 49       		.uleb128 0x49
 1533 0055 13       		.uleb128 0x13
 1534 0056 3F       		.uleb128 0x3f
 1535 0057 19       		.uleb128 0x19
ARM GAS  C:\Users\alex\AppData\Local\Temp\ccgdQA5H.s 			page 28


 1536 0058 02       		.uleb128 0x2
 1537 0059 18       		.uleb128 0x18
 1538 005a 00       		.byte	0
 1539 005b 00       		.byte	0
 1540 005c 09       		.uleb128 0x9
 1541 005d 21       		.uleb128 0x21
 1542 005e 00       		.byte	0
 1543 005f 49       		.uleb128 0x49
 1544 0060 13       		.uleb128 0x13
 1545 0061 2F       		.uleb128 0x2f
 1546 0062 0B       		.uleb128 0xb
 1547 0063 00       		.byte	0
 1548 0064 00       		.byte	0
 1549 0065 0A       		.uleb128 0xa
 1550 0066 34       		.uleb128 0x34
 1551 0067 00       		.byte	0
 1552 0068 03       		.uleb128 0x3
 1553 0069 0E       		.uleb128 0xe
 1554 006a 3A       		.uleb128 0x3a
 1555 006b 0B       		.uleb128 0xb
 1556 006c 3B       		.uleb128 0x3b
 1557 006d 05       		.uleb128 0x5
 1558 006e 49       		.uleb128 0x49
 1559 006f 13       		.uleb128 0x13
 1560 0070 3F       		.uleb128 0x3f
 1561 0071 19       		.uleb128 0x19
 1562 0072 02       		.uleb128 0x2
 1563 0073 18       		.uleb128 0x18
 1564 0074 00       		.byte	0
 1565 0075 00       		.byte	0
 1566 0076 00       		.byte	0
 1567              		.section	.debug_aranges,"",%progbits
 1568 0000 14000000 		.4byte	0x14
 1569 0004 0200     		.2byte	0x2
 1570 0006 00000000 		.4byte	.Ldebug_info0
 1571 000a 04       		.byte	0x4
 1572 000b 00       		.byte	0
 1573 000c 0000     		.2byte	0
 1574 000e 0000     		.2byte	0
 1575 0010 00000000 		.4byte	0
 1576 0014 00000000 		.4byte	0
 1577              		.section	.debug_line,"",%progbits
 1578              	.Ldebug_line0:
 1579 0000 3D010000 		.section	.debug_str,"MS",%progbits,1
 1579      02003701 
 1579      00000201 
 1579      FB0E0D00 
 1579      01010101 
 1580              	.LASF9:
 1581 0000 5F5F7569 		.ascii	"__uint8_t\000"
 1581      6E74385F 
 1581      7400
 1582              	.LASF17:
 1583 000a 474E5520 		.ascii	"GNU C11 5.4.1 20160609 (release) [ARM/embedded-5-br"
 1583      43313120 
 1583      352E342E 
 1583      31203230 
ARM GAS  C:\Users\alex\AppData\Local\Temp\ccgdQA5H.s 			page 29


 1583      31363036 
 1584 003d 616E6368 		.ascii	"anch revision 237715] -mcpu=cortex-m3 -mthumb -g -O"
 1584      20726576 
 1584      6973696F 
 1584      6E203233 
 1584      37373135 
 1585 0070 30202D66 		.ascii	"0 -ffunction-sections -ffat-lto-objects\000"
 1585      66756E63 
 1585      74696F6E 
 1585      2D736563 
 1585      74696F6E 
 1586              	.LASF16:
 1587 0098 63795F6D 		.ascii	"cy_metadata\000"
 1587      65746164 
 1587      61746100 
 1588              	.LASF1:
 1589 00a4 756E7369 		.ascii	"unsigned char\000"
 1589      676E6564 
 1589      20636861 
 1589      7200
 1590              	.LASF5:
 1591 00b2 6C6F6E67 		.ascii	"long unsigned int\000"
 1591      20756E73 
 1591      69676E65 
 1591      6420696E 
 1591      7400
 1592              	.LASF3:
 1593 00c4 73686F72 		.ascii	"short unsigned int\000"
 1593      7420756E 
 1593      7369676E 
 1593      65642069 
 1593      6E7400
 1594              	.LASF13:
 1595 00d7 63795F6D 		.ascii	"cy_meta_custnvl\000"
 1595      6574615F 
 1595      63757374 
 1595      6E766C00 
 1596              	.LASF12:
 1597 00e7 63795F6D 		.ascii	"cy_meta_configecc\000"
 1597      6574615F 
 1597      636F6E66 
 1597      69676563 
 1597      6300
 1598              	.LASF8:
 1599 00f9 756E7369 		.ascii	"unsigned int\000"
 1599      676E6564 
 1599      20696E74 
 1599      00
 1600              	.LASF7:
 1601 0106 6C6F6E67 		.ascii	"long long unsigned int\000"
 1601      206C6F6E 
 1601      6720756E 
 1601      7369676E 
 1601      65642069 
 1602              	.LASF10:
 1603 011d 75696E74 		.ascii	"uint8_t\000"
 1603      385F7400 
ARM GAS  C:\Users\alex\AppData\Local\Temp\ccgdQA5H.s 			page 30


 1604              	.LASF15:
 1605 0125 63795F6D 		.ascii	"cy_meta_flashprotect\000"
 1605      6574615F 
 1605      666C6173 
 1605      6870726F 
 1605      74656374 
 1606              	.LASF14:
 1607 013a 63795F6D 		.ascii	"cy_meta_wonvl\000"
 1607      6574615F 
 1607      776F6E76 
 1607      6C00
 1608              	.LASF11:
 1609 0148 73697A65 		.ascii	"sizetype\000"
 1609      74797065 
 1609      00
 1610              	.LASF19:
 1611 0151 483A5C42 		.ascii	"H:\\BCC722-RTOS-moinho\\UCoS\\Micrium_2\\Software\\"
 1611      43433732 
 1611      322D5254 
 1611      4F532D6D 
 1611      6F696E68 
 1612 017f 4576616C 		.ascii	"EvalBoards\\Cypress\\CY8CKIT-050\\PSoC\\uCOS-III-Pr"
 1612      426F6172 
 1612      64735C43 
 1612      79707265 
 1612      73735C43 
 1613 01ae 6F62655C 		.ascii	"obe\\ADC_SAR_Seq_Example01.cydsn\000"
 1613      4144435F 
 1613      5341525F 
 1613      5365715F 
 1613      4578616D 
 1614              	.LASF6:
 1615 01ce 6C6F6E67 		.ascii	"long long int\000"
 1615      206C6F6E 
 1615      6720696E 
 1615      7400
 1616              	.LASF2:
 1617 01dc 73686F72 		.ascii	"short int\000"
 1617      7420696E 
 1617      7400
 1618              	.LASF4:
 1619 01e6 6C6F6E67 		.ascii	"long int\000"
 1619      20696E74 
 1619      00
 1620              	.LASF0:
 1621 01ef 7369676E 		.ascii	"signed char\000"
 1621      65642063 
 1621      68617200 
 1622              	.LASF18:
 1623 01fb 47656E65 		.ascii	"Generated_Source\\PSoC5\\cymetadata.c\000"
 1623      72617465 
 1623      645F536F 
 1623      75726365 
 1623      5C50536F 
 1624              		.ident	"GCC: (GNU Tools for ARM Embedded Processors) 5.4.1 20160609 (release) [ARM/embedded-5-bran
