--------------- Build Started: 02/20/2019 16:32:44 Project: OS2, Configuration: ARM GCC Generic Debug ---------------
The code generation step is up to date.
arm-none-eabi-gcc.exe -mcpu=cortex-m0 -mthumb -I..\..\..\BSP -I..\..\..\BSP\OS\uCOS-II -I..\.. -I.. -I..\..\..\..\..\..\Software\uCOS-II\Ports\ARM-Cortex-M0\Generic\GNU -I..\..\..\..\..\..\Software\uCOS-II\Source -I..\..\..\..\..\..\Software\uC-CPU\ARM-Cortex-M0\GNU -I..\..\..\..\..\..\Software\uC-CPU -I..\..\..\..\..\..\Software\uC-LIB -I. -IGenerated_Source\PSoC4 -Wa,-alh=.\CortexM0\ARM_GCC_Generic\Debug/app.lst -g -D DEBUG -Wall -ffunction-sections -ffat-lto-objects -Og -c ..\..\app.c -o .\CortexM0\ARM_GCC_Generic\Debug\app.o
..\..\app.c: In function 'main':
..\..\app.c:125:13: warning: unused variable 'os_err' [-Wunused-variable]
     OS_ERR  os_err;
             ^~~~~~
At top level:
..\..\app.c:91:21: warning: 'App_Demo_Ambient_InitVar' defined but not used [-Wunused-variable]
 static  CPU_INT16U  App_Demo_Ambient_InitVar;                   /*  - Ambient Light Initial DMA Store Variable.         */
                     ^~~~~~~~~~~~~~~~~~~~~~~~
..\..\app.c:88:21: warning: 'App_Demo_SensorTaskStk' defined but not used [-Wunused-variable]
 static  OS_STK      App_Demo_SensorTaskStk[APP_CFG_SENSOR_TASK_STK_SIZE];
                     ^~~~~~~~~~~~~~~~~~~~~~
..\..\app.c: In function 'App_TaskStart':
..\..\app.c:212:35: warning: 'pb_prev' may be used uninitialized in this function [-Wmaybe-uninitialized]
         if((pb_status == DEF_OFF) && (pb_prev != DEF_OFF)) {    /* Push Button Triggers change on Button Release.       */
            ~~~~~~~~~~~~~~~~~~~~~~~^~~~~~~~~~~~~~~~~~~~~~~
arm-none-eabi-ar.exe -rs .\CortexM0\ARM_GCC_Generic\Debug\OS2.a .\CortexM0\ARM_GCC_Generic\Debug\Clock_PWM.o .\CortexM0\ARM_GCC_Generic\Debug\PWM_Blue.o .\CortexM0\ARM_GCC_Generic\Debug\PWM_Blue_PM.o .\CortexM0\ARM_GCC_Generic\Debug\PWM_Green.o .\CortexM0\ARM_GCC_Generic\Debug\PWM_Green_PM.o .\CortexM0\ARM_GCC_Generic\Debug\PWM_Red.o .\CortexM0\ARM_GCC_Generic\Debug\PWM_Red_PM.o .\CortexM0\ARM_GCC_Generic\Debug\Pin_BlueLED.o .\CortexM0\ARM_GCC_Generic\Debug\Pin_BlueLED_PM.o .\CortexM0\ARM_GCC_Generic\Debug\Pin_GreenLED.o .\CortexM0\ARM_GCC_Generic\Debug\Pin_GreenLED_PM.o .\CortexM0\ARM_GCC_Generic\Debug\Pin_RedLED.o .\CortexM0\ARM_GCC_Generic\Debug\Pin_RedLED_PM.o .\CortexM0\ARM_GCC_Generic\Debug\Accel_Pin.o .\CortexM0\ARM_GCC_Generic\Debug\Accel_Pin_PM.o .\CortexM0\ARM_GCC_Generic\Debug\I2C.o .\CortexM0\ARM_GCC_Generic\Debug\I2C_I2C_INT.o .\CortexM0\ARM_GCC_Generic\Debug\I2C_I2C.o .\CortexM0\ARM_GCC_Generic\Debug\I2C_I2C_BOOT.o .\CortexM0\ARM_GCC_Generic\Debug\I2C_I2C_MASTER.o .\CortexM0\ARM_GCC_Generic\Debug\I2C_PM.o .\CortexM0\ARM_GCC_Generic\Debug\I2C_BOOT.o .\CortexM0\ARM_GCC_Generic\Debug\SW2.o .\CortexM0\ARM_GCC_Generic\Debug\SW2_PM.o .\CortexM0\ARM_GCC_Generic\Debug\Accel_ISR.o .\CortexM0\ARM_GCC_Generic\Debug\temp_raw.o .\CortexM0\ARM_GCC_Generic\Debug\temp_raw_PM.o .\CortexM0\ARM_GCC_Generic\Debug\temp_conv.o .\CortexM0\ARM_GCC_Generic\Debug\temp_conv_PM.o .\CortexM0\ARM_GCC_Generic\Debug\Clock_Temp.o .\CortexM0\ARM_GCC_Generic\Debug\Temp_Sensor.o .\CortexM0\ARM_GCC_Generic\Debug\Temp_Sensor_PM.o .\CortexM0\ARM_GCC_Generic\Debug\Temp_Sensor_INT.o .\CortexM0\ARM_GCC_Generic\Debug\Pin_OA_Output.o .\CortexM0\ARM_GCC_Generic\Debug\Pin_OA_Output_PM.o .\CortexM0\ARM_GCC_Generic\Debug\Opamp.o .\CortexM0\ARM_GCC_Generic\Debug\Opamp_PM.o .\CortexM0\ARM_GCC_Generic\Debug\Pin_OA_NonInverting.o .\CortexM0\ARM_GCC_Generic\Debug\Pin_OA_NonInverting_PM.o .\CortexM0\ARM_GCC_Generic\Debug\Pin_OA_Inverting.o .\CortexM0\ARM_GCC_Generic\Debug\Pin_OA_Inverting_PM.o .\CortexM0\ARM_GCC_Generic\Debug\ADC.o .\CortexM0\ARM_GCC_Generic\Debug\ADC_PM.o .\CortexM0\ARM_GCC_Generic\Debug\ADC_INT.o .\CortexM0\ARM_GCC_Generic\Debug\I2C_SCBCLK.o .\CortexM0\ARM_GCC_Generic\Debug\I2C_sda.o .\CortexM0\ARM_GCC_Generic\Debug\I2C_sda_PM.o .\CortexM0\ARM_GCC_Generic\Debug\I2C_scl.o .\CortexM0\ARM_GCC_Generic\Debug\I2C_scl_PM.o .\CortexM0\ARM_GCC_Generic\Debug\I2C_SCB_IRQ.o .\CortexM0\ARM_GCC_Generic\Debug\Temp_Sensor_EOC_ISR.o .\CortexM0\ARM_GCC_Generic\Debug\ADC_IRQ.o .\CortexM0\ARM_GCC_Generic\Debug\ADC_intClock.o .\CortexM0\ARM_GCC_Generic\Debug\cy_em_eeprom.o .\CortexM0\ARM_GCC_Generic\Debug\CyFlash.o .\CortexM0\ARM_GCC_Generic\Debug\CyLib.o .\CortexM0\ARM_GCC_Generic\Debug\cyPm.o .\CortexM0\ARM_GCC_Generic\Debug\cyutils.o .\CortexM0\ARM_GCC_Generic\Debug\CyLFClk.o .\CortexM0\ARM_GCC_Generic\Debug\CyBootAsmGnu.o
arm-none-eabi-ar.exe: creating .\CortexM0\ARM_GCC_Generic\Debug\OS2.a
arm-none-eabi-gcc.exe -Wl,--start-group -o "C:\Users\edulu.DESKTOP-961TG4K\Documents\PSoC Creator\Micrium\Examples\Cypress\CY8CKIT-044\OS2\PSoC\OS2.cydsn\CortexM0\ARM_GCC_Generic\Debug\OS2.elf" .\CortexM0\ARM_GCC_Generic\Debug\app.o .\CortexM0\ARM_GCC_Generic\Debug\app_hooks.o .\CortexM0\ARM_GCC_Generic\Debug\bsp_os.o .\CortexM0\ARM_GCC_Generic\Debug\cpu_bsp.o .\CortexM0\ARM_GCC_Generic\Debug\bsp.o .\CortexM0\ARM_GCC_Generic\Debug\cpu_c.o .\CortexM0\ARM_GCC_Generic\Debug\cpu_core.o .\CortexM0\ARM_GCC_Generic\Debug\os_cpu_c.o .\CortexM0\ARM_GCC_Generic\Debug\os_core.o .\CortexM0\ARM_GCC_Generic\Debug\os_flag.o .\CortexM0\ARM_GCC_Generic\Debug\os_mbox.o .\CortexM0\ARM_GCC_Generic\Debug\os_mem.o .\CortexM0\ARM_GCC_Generic\Debug\os_mutex.o .\CortexM0\ARM_GCC_Generic\Debug\os_q.o .\CortexM0\ARM_GCC_Generic\Debug\os_sem.o .\CortexM0\ARM_GCC_Generic\Debug\os_task.o .\CortexM0\ARM_GCC_Generic\Debug\os_time.o .\CortexM0\ARM_GCC_Generic\Debug\os_tmr.o .\CortexM0\ARM_GCC_Generic\Debug\os_dbg_r.o .\CortexM0\ARM_GCC_Generic\Debug\lib_ascii.o .\CortexM0\ARM_GCC_Generic\Debug\lib_math.o .\CortexM0\ARM_GCC_Generic\Debug\lib_mem.o .\CortexM0\ARM_GCC_Generic\Debug\lib_str.o .\CortexM0\ARM_GCC_Generic\Debug\cyfitter_cfg.o .\CortexM0\ARM_GCC_Generic\Debug\cymetadata.o .\CortexM0\ARM_GCC_Generic\Debug\Cm0Start.o .\CortexM0\ARM_GCC_Generic\Debug\cpu_a.o .\CortexM0\ARM_GCC_Generic\Debug\os_cpu_a.o .\CortexM0\ARM_GCC_Generic\Debug\OS2.a -mcpu=cortex-m0 -mthumb -L Generated_Source\PSoC4 -Wl,-Map,.\CortexM0\ARM_GCC_Generic\Debug/OS2.map -T Generated_Source\PSoC4\cm0gcc.ld -specs=nano.specs -Wl,--gc-sections -g -ffunction-sections -Og -ffat-lto-objects -Wl,--end-group
ERROR: region RAM overflowed with stackERROR: section .stack VMA [20000800,20000fff] overlaps section .bss VMA [20000140,20000ca7]ERROR: section .heap VMA [20000ca8,20000d27] overlaps section .stack VMA [20000800,20000fff]collect2.exe: error: ld returned 1 exit status
The command 'arm-none-eabi-gcc.exe' failed with exit code '1'.
--------------- Build Failed: 02/20/2019 16:32:45 ---------------
