--------------- Rebuild Started: 02/20/2019 16:54:24 Project: OS2, Configuration: ARM GCC Generic Debug ---------------
Deleting file ".\CortexM0\ARM_GCC_Generic\Debug\app.o"
Deleting file ".\CortexM0\ARM_GCC_Generic\Debug\app_hooks.o"
Deleting file ".\CortexM0\ARM_GCC_Generic\Debug\bsp_os.o"
Deleting file ".\CortexM0\ARM_GCC_Generic\Debug\cpu_bsp.o"
Deleting file ".\CortexM0\ARM_GCC_Generic\Debug\bsp.o"
Deleting file ".\CortexM0\ARM_GCC_Generic\Debug\cpu_a.o"
Deleting file ".\CortexM0\ARM_GCC_Generic\Debug\cpu_c.o"
Deleting file ".\CortexM0\ARM_GCC_Generic\Debug\cpu_core.o"
Deleting file ".\CortexM0\ARM_GCC_Generic\Debug\os_cpu_a.o"
Deleting file ".\CortexM0\ARM_GCC_Generic\Debug\os_cpu_c.o"
Deleting file ".\CortexM0\ARM_GCC_Generic\Debug\os_core.o"
Deleting file ".\CortexM0\ARM_GCC_Generic\Debug\os_flag.o"
Deleting file ".\CortexM0\ARM_GCC_Generic\Debug\os_mbox.o"
Deleting file ".\CortexM0\ARM_GCC_Generic\Debug\os_mem.o"
Deleting file ".\CortexM0\ARM_GCC_Generic\Debug\os_mutex.o"
Deleting file ".\CortexM0\ARM_GCC_Generic\Debug\os_q.o"
Deleting file ".\CortexM0\ARM_GCC_Generic\Debug\os_sem.o"
Deleting file ".\CortexM0\ARM_GCC_Generic\Debug\os_task.o"
Deleting file ".\CortexM0\ARM_GCC_Generic\Debug\os_time.o"
Deleting file ".\CortexM0\ARM_GCC_Generic\Debug\os_tmr.o"
Deleting file ".\CortexM0\ARM_GCC_Generic\Debug\os_dbg_r.o"
Deleting file ".\CortexM0\ARM_GCC_Generic\Debug\lib_ascii.o"
Deleting file ".\CortexM0\ARM_GCC_Generic\Debug\lib_math.o"
Deleting file ".\CortexM0\ARM_GCC_Generic\Debug\lib_mem.o"
Deleting file ".\CortexM0\ARM_GCC_Generic\Debug\lib_str.o"
Deleting file ".\CortexM0\ARM_GCC_Generic\Debug\cyfitter_cfg.o"
Deleting file ".\CortexM0\ARM_GCC_Generic\Debug\cymetadata.o"
Deleting file ".\CortexM0\ARM_GCC_Generic\Debug\Clock_PWM.o"
Deleting file ".\CortexM0\ARM_GCC_Generic\Debug\PWM_Blue.o"
Deleting file ".\CortexM0\ARM_GCC_Generic\Debug\PWM_Blue_PM.o"
Deleting file ".\CortexM0\ARM_GCC_Generic\Debug\PWM_Green.o"
Deleting file ".\CortexM0\ARM_GCC_Generic\Debug\PWM_Green_PM.o"
Deleting file ".\CortexM0\ARM_GCC_Generic\Debug\PWM_Red.o"
Deleting file ".\CortexM0\ARM_GCC_Generic\Debug\PWM_Red_PM.o"
Deleting file ".\CortexM0\ARM_GCC_Generic\Debug\Pin_BlueLED.o"
Deleting file ".\CortexM0\ARM_GCC_Generic\Debug\Pin_BlueLED_PM.o"
Deleting file ".\CortexM0\ARM_GCC_Generic\Debug\Pin_GreenLED.o"
Deleting file ".\CortexM0\ARM_GCC_Generic\Debug\Pin_GreenLED_PM.o"
Deleting file ".\CortexM0\ARM_GCC_Generic\Debug\Pin_RedLED.o"
Deleting file ".\CortexM0\ARM_GCC_Generic\Debug\Pin_RedLED_PM.o"
Deleting file ".\CortexM0\ARM_GCC_Generic\Debug\Accel_Pin.o"
Deleting file ".\CortexM0\ARM_GCC_Generic\Debug\Accel_Pin_PM.o"
Deleting file ".\CortexM0\ARM_GCC_Generic\Debug\I2C.o"
Deleting file ".\CortexM0\ARM_GCC_Generic\Debug\I2C_I2C_INT.o"
Deleting file ".\CortexM0\ARM_GCC_Generic\Debug\I2C_I2C.o"
Deleting file ".\CortexM0\ARM_GCC_Generic\Debug\I2C_I2C_BOOT.o"
Deleting file ".\CortexM0\ARM_GCC_Generic\Debug\I2C_I2C_MASTER.o"
Deleting file ".\CortexM0\ARM_GCC_Generic\Debug\I2C_PM.o"
Deleting file ".\CortexM0\ARM_GCC_Generic\Debug\I2C_BOOT.o"
Deleting file ".\CortexM0\ARM_GCC_Generic\Debug\SW2.o"
Deleting file ".\CortexM0\ARM_GCC_Generic\Debug\SW2_PM.o"
Deleting file ".\CortexM0\ARM_GCC_Generic\Debug\Accel_ISR.o"
Deleting file ".\CortexM0\ARM_GCC_Generic\Debug\temp_raw.o"
Deleting file ".\CortexM0\ARM_GCC_Generic\Debug\temp_raw_PM.o"
Deleting file ".\CortexM0\ARM_GCC_Generic\Debug\temp_conv.o"
Deleting file ".\CortexM0\ARM_GCC_Generic\Debug\temp_conv_PM.o"
Deleting file ".\CortexM0\ARM_GCC_Generic\Debug\Clock_Temp.o"
Deleting file ".\CortexM0\ARM_GCC_Generic\Debug\Temp_Sensor.o"
Deleting file ".\CortexM0\ARM_GCC_Generic\Debug\Temp_Sensor_PM.o"
Deleting file ".\CortexM0\ARM_GCC_Generic\Debug\Temp_Sensor_INT.o"
Deleting file ".\CortexM0\ARM_GCC_Generic\Debug\Pin_OA_Output.o"
Deleting file ".\CortexM0\ARM_GCC_Generic\Debug\Pin_OA_Output_PM.o"
Deleting file ".\CortexM0\ARM_GCC_Generic\Debug\Opamp.o"
Deleting file ".\CortexM0\ARM_GCC_Generic\Debug\Opamp_PM.o"
Deleting file ".\CortexM0\ARM_GCC_Generic\Debug\Pin_OA_NonInverting.o"
Deleting file ".\CortexM0\ARM_GCC_Generic\Debug\Pin_OA_NonInverting_PM.o"
Deleting file ".\CortexM0\ARM_GCC_Generic\Debug\Pin_OA_Inverting.o"
Deleting file ".\CortexM0\ARM_GCC_Generic\Debug\Pin_OA_Inverting_PM.o"
Deleting file ".\CortexM0\ARM_GCC_Generic\Debug\ADC.o"
Deleting file ".\CortexM0\ARM_GCC_Generic\Debug\ADC_PM.o"
Deleting file ".\CortexM0\ARM_GCC_Generic\Debug\ADC_INT.o"
Deleting file ".\CortexM0\ARM_GCC_Generic\Debug\I2C_SCBCLK.o"
Deleting file ".\CortexM0\ARM_GCC_Generic\Debug\I2C_sda.o"
Deleting file ".\CortexM0\ARM_GCC_Generic\Debug\I2C_sda_PM.o"
Deleting file ".\CortexM0\ARM_GCC_Generic\Debug\I2C_scl.o"
Deleting file ".\CortexM0\ARM_GCC_Generic\Debug\I2C_scl_PM.o"
Deleting file ".\CortexM0\ARM_GCC_Generic\Debug\I2C_SCB_IRQ.o"
Deleting file ".\CortexM0\ARM_GCC_Generic\Debug\Temp_Sensor_EOC_ISR.o"
Deleting file ".\CortexM0\ARM_GCC_Generic\Debug\ADC_IRQ.o"
Deleting file ".\CortexM0\ARM_GCC_Generic\Debug\ADC_intClock.o"
Deleting file ".\CortexM0\ARM_GCC_Generic\Debug\cy_em_eeprom.o"
Deleting file ".\CortexM0\ARM_GCC_Generic\Debug\Cm0Start.o"
Deleting file ".\CortexM0\ARM_GCC_Generic\Debug\CyFlash.o"
Deleting file ".\CortexM0\ARM_GCC_Generic\Debug\CyLib.o"
Deleting file ".\CortexM0\ARM_GCC_Generic\Debug\cyPm.o"
Deleting file ".\CortexM0\ARM_GCC_Generic\Debug\cyutils.o"
Deleting file ".\CortexM0\ARM_GCC_Generic\Debug\CyBootAsmGnu.o"
Deleting file ".\CortexM0\ARM_GCC_Generic\Debug\CyLFClk.o"
Deleting file ".\CortexM0\ARM_GCC_Generic\Debug\OS2.map"
Deleting file ".\OS2.cycdx"
Deleting file ".\OS2.svd"
Deleting file ".\OS2.rpt"
Deleting file ".\OS2_timing.html"
Deleting file ".\CortexM0\ARM_GCC_Generic\Debug\.deps\SOURCE_C__ARM_GCC_GENERIC.P"
Deleting file ".\CortexM0\ARM_GCC_Generic\Debug\.deps\SOURCE_ASM__ARM_GCC_GENERIC.P"
cydsfit.exe -.appdatapath "C:\Users\edulu.DESKTOP-961TG4K\AppData\Local\Cypress Semiconductor\PSoC Creator\4.2" -.fdsnotice -.fdswarpdepfile=warp_dependencies.txt -.fdselabdepfile=elab_dependencies.txt -.fdsbldfile=generated_files.txt -.fdsreffile=referenced_files.txt -p "C:\Users\edulu.DESKTOP-961TG4K\Documents\PSoC Creator\Micrium\Examples\Cypress\CY8CKIT-044\OS2\PSoC\OS2.cydsn\OS2.cyprj" -d CY8C4245AXI-483 -s "C:\Users\edulu.DESKTOP-961TG4K\Documents\PSoC Creator\Micrium\Examples\Cypress\CY8CKIT-044\OS2\PSoC\OS2.cydsn\Generated_Source\PSoC4" -- -yv2 -q10 -ygs -o2 -v3 -.fftcfgtype=LE
Elaborating Design...
HDL Generation...
Synthesis...
Tech Mapping...
ADD: pft.M0040: information: The following 4 pin(s) will be assigned a location by the fitter: Pin_BlueLED(0), Pin_OA_Inverting(0), Pin_OA_NonInverting(0), Pin_OA_Output(0)
Analog Placement...
Info: plm.M0038: The pin named temp_raw(0) at location [IOP=(1)][IoId=(4)] prevents usage of special purposes: F(OA,1). (App=cydsfit)
Analog Routing...
Analog Code Generation...
Warning: apr.M0042: Bonded pin(s) "P1[1]" are not used in your current design but have been connected in order to route the design. (App=cydsfit)
Digital Placement...
Digital Routing...
Bitstream Generation...
Bitstream Verification...
Static timing analysis...
API Generation...
Dependency Generation...
Cleanup...
arm-none-eabi-gcc.exe -mcpu=cortex-m0 -mthumb -I..\..\..\BSP -I..\..\..\BSP\OS\uCOS-II -I..\.. -I.. -I..\..\..\..\..\..\Software\uCOS-II\Ports\ARM-Cortex-M0\Generic\GNU -I..\..\..\..\..\..\Software\uCOS-II\Source -I..\..\..\..\..\..\Software\uC-CPU\ARM-Cortex-M0\GNU -I..\..\..\..\..\..\Software\uC-CPU -I..\..\..\..\..\..\Software\uC-LIB -I. -IGenerated_Source\PSoC4 -Wa,-alh=.\CortexM0\ARM_GCC_Generic\Debug/app.lst -g -D DEBUG -Wall -ffunction-sections -ffat-lto-objects -Og -c ..\..\app.c -o .\CortexM0\ARM_GCC_Generic\Debug\app.o
..\..\app.c: In function 'main':
..\..\app.c:125:13: warning: unused variable 'os_err' [-Wunused-variable]
     OS_ERR  os_err;
             ^~~~~~
At top level:
..\..\app.c:91:21: warning: 'App_Demo_Ambient_InitVar' defined but not used [-Wunused-variable]
 static  CPU_INT16U  App_Demo_Ambient_InitVar;                   /*  - Ambient Light Initial DMA Store Variable.         */
                     ^~~~~~~~~~~~~~~~~~~~~~~~
..\..\app.c:88:21: warning: 'App_Demo_SensorTaskStk' defined but not used [-Wunused-variable]
 static  OS_STK      App_Demo_SensorTaskStk[APP_CFG_SENSOR_TASK_STK_SIZE];
                     ^~~~~~~~~~~~~~~~~~~~~~
..\..\app.c: In function 'App_TaskStart':
..\..\app.c:212:35: warning: 'pb_prev' may be used uninitialized in this function [-Wmaybe-uninitialized]
         if((pb_status == DEF_OFF) && (pb_prev != DEF_OFF)) {    /* Push Button Triggers change on Button Release.       */
            ~~~~~~~~~~~~~~~~~~~~~~~^~~~~~~~~~~~~~~~~~~~~~~
arm-none-eabi-gcc.exe -mcpu=cortex-m0 -mthumb -I..\..\..\BSP -I..\..\..\BSP\OS\uCOS-II -I..\.. -I.. -I..\..\..\..\..\..\Software\uCOS-II\Ports\ARM-Cortex-M0\Generic\GNU -I..\..\..\..\..\..\Software\uCOS-II\Source -I..\..\..\..\..\..\Software\uC-CPU\ARM-Cortex-M0\GNU -I..\..\..\..\..\..\Software\uC-CPU -I..\..\..\..\..\..\Software\uC-LIB -I. -IGenerated_Source\PSoC4 -Wa,-alh=.\CortexM0\ARM_GCC_Generic\Debug/app_hooks.lst -g -D DEBUG -Wall -ffunction-sections -ffat-lto-objects -Og -c ..\..\app_hooks.c -o .\CortexM0\ARM_GCC_Generic\Debug\app_hooks.o
arm-none-eabi-gcc.exe -mcpu=cortex-m0 -mthumb -I..\..\..\BSP -I..\..\..\BSP\OS\uCOS-II -I..\.. -I.. -I..\..\..\..\..\..\Software\uCOS-II\Ports\ARM-Cortex-M0\Generic\GNU -I..\..\..\..\..\..\Software\uCOS-II\Source -I..\..\..\..\..\..\Software\uC-CPU\ARM-Cortex-M0\GNU -I..\..\..\..\..\..\Software\uC-CPU -I..\..\..\..\..\..\Software\uC-LIB -I. -IGenerated_Source\PSoC4 -Wa,-alh=.\CortexM0\ARM_GCC_Generic\Debug/bsp_os.lst -g -D DEBUG -Wall -ffunction-sections -ffat-lto-objects -Og -c ..\..\..\BSP\OS\uCOS-II\bsp_os.c -o .\CortexM0\ARM_GCC_Generic\Debug\bsp_os.o
arm-none-eabi-gcc.exe -mcpu=cortex-m0 -mthumb -I..\..\..\BSP -I..\..\..\BSP\OS\uCOS-II -I..\.. -I.. -I..\..\..\..\..\..\Software\uCOS-II\Ports\ARM-Cortex-M0\Generic\GNU -I..\..\..\..\..\..\Software\uCOS-II\Source -I..\..\..\..\..\..\Software\uC-CPU\ARM-Cortex-M0\GNU -I..\..\..\..\..\..\Software\uC-CPU -I..\..\..\..\..\..\Software\uC-LIB -I. -IGenerated_Source\PSoC4 -Wa,-alh=.\CortexM0\ARM_GCC_Generic\Debug/cpu_bsp.lst -g -D DEBUG -Wall -ffunction-sections -ffat-lto-objects -Og -c ..\..\..\BSP\cpu_bsp.c -o .\CortexM0\ARM_GCC_Generic\Debug\cpu_bsp.o
arm-none-eabi-gcc.exe -mcpu=cortex-m0 -mthumb -I..\..\..\BSP -I..\..\..\BSP\OS\uCOS-II -I..\.. -I.. -I..\..\..\..\..\..\Software\uCOS-II\Ports\ARM-Cortex-M0\Generic\GNU -I..\..\..\..\..\..\Software\uCOS-II\Source -I..\..\..\..\..\..\Software\uC-CPU\ARM-Cortex-M0\GNU -I..\..\..\..\..\..\Software\uC-CPU -I..\..\..\..\..\..\Software\uC-LIB -I. -IGenerated_Source\PSoC4 -Wa,-alh=.\CortexM0\ARM_GCC_Generic\Debug/bsp.lst -g -D DEBUG -Wall -ffunction-sections -ffat-lto-objects -Og -c ..\..\..\BSP\bsp.c -o .\CortexM0\ARM_GCC_Generic\Debug\bsp.o
..\..\..\BSP\bsp.c: In function 'BSP_Accel_InitSelfTst':
..\..\..\BSP\bsp.c:581:18: warning: unused variable 'test_status' [-Wunused-variable]
     CPU_BOOLEAN  test_status;
                  ^~~~~~~~~~~
..\..\..\BSP\bsp.c: In function 'BSP_Accel_RegRdWr':
..\..\..\BSP\bsp.c:667:16: warning: variable 'retAck' set but not used [-Wunused-but-set-variable]
     CPU_INT08U retAck;
                ^~~~~~
arm-none-eabi-gcc.exe -mcpu=cortex-m0 -mthumb -I..\..\..\BSP -I..\..\..\BSP\OS\uCOS-II -I..\.. -I.. -I..\..\..\..\..\..\Software\uCOS-II\Ports\ARM-Cortex-M0\Generic\GNU -I..\..\..\..\..\..\Software\uCOS-II\Source -I..\..\..\..\..\..\Software\uC-CPU\ARM-Cortex-M0\GNU -I..\..\..\..\..\..\Software\uC-CPU -I..\..\..\..\..\..\Software\uC-LIB -I. -IGenerated_Source\PSoC4 -Wa,-alh=.\CortexM0\ARM_GCC_Generic\Debug/cpu_c.lst -g -D DEBUG -Wall -ffunction-sections -ffat-lto-objects -Og -c ..\..\..\..\..\..\Software\uC-CPU\ARM-Cortex-M0\GNU\cpu_c.c -o .\CortexM0\ARM_GCC_Generic\Debug\cpu_c.o
arm-none-eabi-gcc.exe -mcpu=cortex-m0 -mthumb -I..\..\..\BSP -I..\..\..\BSP\OS\uCOS-II -I..\.. -I.. -I..\..\..\..\..\..\Software\uCOS-II\Ports\ARM-Cortex-M0\Generic\GNU -I..\..\..\..\..\..\Software\uCOS-II\Source -I..\..\..\..\..\..\Software\uC-CPU\ARM-Cortex-M0\GNU -I..\..\..\..\..\..\Software\uC-CPU -I..\..\..\..\..\..\Software\uC-LIB -I. -IGenerated_Source\PSoC4 -Wa,-alh=.\CortexM0\ARM_GCC_Generic\Debug/cpu_core.lst -g -D DEBUG -Wall -ffunction-sections -ffat-lto-objects -Og -c ..\..\..\..\..\..\Software\uC-CPU\cpu_core.c -o .\CortexM0\ARM_GCC_Generic\Debug\cpu_core.o
arm-none-eabi-gcc.exe -mcpu=cortex-m0 -mthumb -I..\..\..\BSP -I..\..\..\BSP\OS\uCOS-II -I..\.. -I.. -I..\..\..\..\..\..\Software\uCOS-II\Ports\ARM-Cortex-M0\Generic\GNU -I..\..\..\..\..\..\Software\uCOS-II\Source -I..\..\..\..\..\..\Software\uC-CPU\ARM-Cortex-M0\GNU -I..\..\..\..\..\..\Software\uC-CPU -I..\..\..\..\..\..\Software\uC-LIB -I. -IGenerated_Source\PSoC4 -Wa,-alh=.\CortexM0\ARM_GCC_Generic\Debug/os_cpu_c.lst -g -D DEBUG -Wall -ffunction-sections -ffat-lto-objects -Og -c ..\..\..\..\..\..\Software\uCOS-II\Ports\ARM-Cortex-M0\Generic\GNU\os_cpu_c.c -o .\CortexM0\ARM_GCC_Generic\Debug\os_cpu_c.o
arm-none-eabi-gcc.exe -mcpu=cortex-m0 -mthumb -I..\..\..\BSP -I..\..\..\BSP\OS\uCOS-II -I..\.. -I.. -I..\..\..\..\..\..\Software\uCOS-II\Ports\ARM-Cortex-M0\Generic\GNU -I..\..\..\..\..\..\Software\uCOS-II\Source -I..\..\..\..\..\..\Software\uC-CPU\ARM-Cortex-M0\GNU -I..\..\..\..\..\..\Software\uC-CPU -I..\..\..\..\..\..\Software\uC-LIB -I. -IGenerated_Source\PSoC4 -Wa,-alh=.\CortexM0\ARM_GCC_Generic\Debug/os_core.lst -g -D DEBUG -Wall -ffunction-sections -ffat-lto-objects -Og -c ..\..\..\..\..\..\Software\uCOS-II\Source\os_core.c -o .\CortexM0\ARM_GCC_Generic\Debug\os_core.o
arm-none-eabi-gcc.exe -mcpu=cortex-m0 -mthumb -I..\..\..\BSP -I..\..\..\BSP\OS\uCOS-II -I..\.. -I.. -I..\..\..\..\..\..\Software\uCOS-II\Ports\ARM-Cortex-M0\Generic\GNU -I..\..\..\..\..\..\Software\uCOS-II\Source -I..\..\..\..\..\..\Software\uC-CPU\ARM-Cortex-M0\GNU -I..\..\..\..\..\..\Software\uC-CPU -I..\..\..\..\..\..\Software\uC-LIB -I. -IGenerated_Source\PSoC4 -Wa,-alh=.\CortexM0\ARM_GCC_Generic\Debug/os_flag.lst -g -D DEBUG -Wall -ffunction-sections -ffat-lto-objects -Og -c ..\..\..\..\..\..\Software\uCOS-II\Source\os_flag.c -o .\CortexM0\ARM_GCC_Generic\Debug\os_flag.o
arm-none-eabi-gcc.exe -mcpu=cortex-m0 -mthumb -I..\..\..\BSP -I..\..\..\BSP\OS\uCOS-II -I..\.. -I.. -I..\..\..\..\..\..\Software\uCOS-II\Ports\ARM-Cortex-M0\Generic\GNU -I..\..\..\..\..\..\Software\uCOS-II\Source -I..\..\..\..\..\..\Software\uC-CPU\ARM-Cortex-M0\GNU -I..\..\..\..\..\..\Software\uC-CPU -I..\..\..\..\..\..\Software\uC-LIB -I. -IGenerated_Source\PSoC4 -Wa,-alh=.\CortexM0\ARM_GCC_Generic\Debug/os_mbox.lst -g -D DEBUG -Wall -ffunction-sections -ffat-lto-objects -Og -c ..\..\..\..\..\..\Software\uCOS-II\Source\os_mbox.c -o .\CortexM0\ARM_GCC_Generic\Debug\os_mbox.o
arm-none-eabi-gcc.exe -mcpu=cortex-m0 -mthumb -I..\..\..\BSP -I..\..\..\BSP\OS\uCOS-II -I..\.. -I.. -I..\..\..\..\..\..\Software\uCOS-II\Ports\ARM-Cortex-M0\Generic\GNU -I..\..\..\..\..\..\Software\uCOS-II\Source -I..\..\..\..\..\..\Software\uC-CPU\ARM-Cortex-M0\GNU -I..\..\..\..\..\..\Software\uC-CPU -I..\..\..\..\..\..\Software\uC-LIB -I. -IGenerated_Source\PSoC4 -Wa,-alh=.\CortexM0\ARM_GCC_Generic\Debug/os_mem.lst -g -D DEBUG -Wall -ffunction-sections -ffat-lto-objects -Og -c ..\..\..\..\..\..\Software\uCOS-II\Source\os_mem.c -o .\CortexM0\ARM_GCC_Generic\Debug\os_mem.o
arm-none-eabi-gcc.exe -mcpu=cortex-m0 -mthumb -I..\..\..\BSP -I..\..\..\BSP\OS\uCOS-II -I..\.. -I.. -I..\..\..\..\..\..\Software\uCOS-II\Ports\ARM-Cortex-M0\Generic\GNU -I..\..\..\..\..\..\Software\uCOS-II\Source -I..\..\..\..\..\..\Software\uC-CPU\ARM-Cortex-M0\GNU -I..\..\..\..\..\..\Software\uC-CPU -I..\..\..\..\..\..\Software\uC-LIB -I. -IGenerated_Source\PSoC4 -Wa,-alh=.\CortexM0\ARM_GCC_Generic\Debug/os_mutex.lst -g -D DEBUG -Wall -ffunction-sections -ffat-lto-objects -Og -c ..\..\..\..\..\..\Software\uCOS-II\Source\os_mutex.c -o .\CortexM0\ARM_GCC_Generic\Debug\os_mutex.o
arm-none-eabi-gcc.exe -mcpu=cortex-m0 -mthumb -I..\..\..\BSP -I..\..\..\BSP\OS\uCOS-II -I..\.. -I.. -I..\..\..\..\..\..\Software\uCOS-II\Ports\ARM-Cortex-M0\Generic\GNU -I..\..\..\..\..\..\Software\uCOS-II\Source -I..\..\..\..\..\..\Software\uC-CPU\ARM-Cortex-M0\GNU -I..\..\..\..\..\..\Software\uC-CPU -I..\..\..\..\..\..\Software\uC-LIB -I. -IGenerated_Source\PSoC4 -Wa,-alh=.\CortexM0\ARM_GCC_Generic\Debug/os_q.lst -g -D DEBUG -Wall -ffunction-sections -ffat-lto-objects -Og -c ..\..\..\..\..\..\Software\uCOS-II\Source\os_q.c -o .\CortexM0\ARM_GCC_Generic\Debug\os_q.o
arm-none-eabi-gcc.exe -mcpu=cortex-m0 -mthumb -I..\..\..\BSP -I..\..\..\BSP\OS\uCOS-II -I..\.. -I.. -I..\..\..\..\..\..\Software\uCOS-II\Ports\ARM-Cortex-M0\Generic\GNU -I..\..\..\..\..\..\Software\uCOS-II\Source -I..\..\..\..\..\..\Software\uC-CPU\ARM-Cortex-M0\GNU -I..\..\..\..\..\..\Software\uC-CPU -I..\..\..\..\..\..\Software\uC-LIB -I. -IGenerated_Source\PSoC4 -Wa,-alh=.\CortexM0\ARM_GCC_Generic\Debug/os_sem.lst -g -D DEBUG -Wall -ffunction-sections -ffat-lto-objects -Og -c ..\..\..\..\..\..\Software\uCOS-II\Source\os_sem.c -o .\CortexM0\ARM_GCC_Generic\Debug\os_sem.o
arm-none-eabi-gcc.exe -mcpu=cortex-m0 -mthumb -I..\..\..\BSP -I..\..\..\BSP\OS\uCOS-II -I..\.. -I.. -I..\..\..\..\..\..\Software\uCOS-II\Ports\ARM-Cortex-M0\Generic\GNU -I..\..\..\..\..\..\Software\uCOS-II\Source -I..\..\..\..\..\..\Software\uC-CPU\ARM-Cortex-M0\GNU -I..\..\..\..\..\..\Software\uC-CPU -I..\..\..\..\..\..\Software\uC-LIB -I. -IGenerated_Source\PSoC4 -Wa,-alh=.\CortexM0\ARM_GCC_Generic\Debug/os_task.lst -g -D DEBUG -Wall -ffunction-sections -ffat-lto-objects -Og -c ..\..\..\..\..\..\Software\uCOS-II\Source\os_task.c -o .\CortexM0\ARM_GCC_Generic\Debug\os_task.o
arm-none-eabi-gcc.exe -mcpu=cortex-m0 -mthumb -I..\..\..\BSP -I..\..\..\BSP\OS\uCOS-II -I..\.. -I.. -I..\..\..\..\..\..\Software\uCOS-II\Ports\ARM-Cortex-M0\Generic\GNU -I..\..\..\..\..\..\Software\uCOS-II\Source -I..\..\..\..\..\..\Software\uC-CPU\ARM-Cortex-M0\GNU -I..\..\..\..\..\..\Software\uC-CPU -I..\..\..\..\..\..\Software\uC-LIB -I. -IGenerated_Source\PSoC4 -Wa,-alh=.\CortexM0\ARM_GCC_Generic\Debug/os_time.lst -g -D DEBUG -Wall -ffunction-sections -ffat-lto-objects -Og -c ..\..\..\..\..\..\Software\uCOS-II\Source\os_time.c -o .\CortexM0\ARM_GCC_Generic\Debug\os_time.o
arm-none-eabi-gcc.exe -mcpu=cortex-m0 -mthumb -I..\..\..\BSP -I..\..\..\BSP\OS\uCOS-II -I..\.. -I.. -I..\..\..\..\..\..\Software\uCOS-II\Ports\ARM-Cortex-M0\Generic\GNU -I..\..\..\..\..\..\Software\uCOS-II\Source -I..\..\..\..\..\..\Software\uC-CPU\ARM-Cortex-M0\GNU -I..\..\..\..\..\..\Software\uC-CPU -I..\..\..\..\..\..\Software\uC-LIB -I. -IGenerated_Source\PSoC4 -Wa,-alh=.\CortexM0\ARM_GCC_Generic\Debug/os_tmr.lst -g -D DEBUG -Wall -ffunction-sections -ffat-lto-objects -Og -c ..\..\..\..\..\..\Software\uCOS-II\Source\os_tmr.c -o .\CortexM0\ARM_GCC_Generic\Debug\os_tmr.o
..\..\..\..\..\..\Software\uCOS-II\Source\os_tmr.c: In function 'OSTmrNameGet':
..\..\..\..\..\..\Software\uCOS-II\Source\os_tmr.c:327:23: warning: implicit declaration of function 'OS_StrLen'; did you mean 'OS_Sched'? [-Wimplicit-function-declaration]
              len    = OS_StrLen(*pdest);
                       ^~~~~~~~~
                       OS_Sched
arm-none-eabi-gcc.exe -mcpu=cortex-m0 -mthumb -I..\..\..\BSP -I..\..\..\BSP\OS\uCOS-II -I..\.. -I.. -I..\..\..\..\..\..\Software\uCOS-II\Ports\ARM-Cortex-M0\Generic\GNU -I..\..\..\..\..\..\Software\uCOS-II\Source -I..\..\..\..\..\..\Software\uC-CPU\ARM-Cortex-M0\GNU -I..\..\..\..\..\..\Software\uC-CPU -I..\..\..\..\..\..\Software\uC-LIB -I. -IGenerated_Source\PSoC4 -Wa,-alh=.\CortexM0\ARM_GCC_Generic\Debug/os_dbg_r.lst -g -D DEBUG -Wall -ffunction-sections -ffat-lto-objects -Og -c ..\..\..\..\..\..\Software\uCOS-II\Source\os_dbg_r.c -o .\CortexM0\ARM_GCC_Generic\Debug\os_dbg_r.o
arm-none-eabi-gcc.exe -mcpu=cortex-m0 -mthumb -I..\..\..\BSP -I..\..\..\BSP\OS\uCOS-II -I..\.. -I.. -I..\..\..\..\..\..\Software\uCOS-II\Ports\ARM-Cortex-M0\Generic\GNU -I..\..\..\..\..\..\Software\uCOS-II\Source -I..\..\..\..\..\..\Software\uC-CPU\ARM-Cortex-M0\GNU -I..\..\..\..\..\..\Software\uC-CPU -I..\..\..\..\..\..\Software\uC-LIB -I. -IGenerated_Source\PSoC4 -Wa,-alh=.\CortexM0\ARM_GCC_Generic\Debug/lib_ascii.lst -g -D DEBUG -Wall -ffunction-sections -ffat-lto-objects -Og -c ..\..\..\..\..\..\Software\uC-LIB\lib_ascii.c -o .\CortexM0\ARM_GCC_Generic\Debug\lib_ascii.o
arm-none-eabi-gcc.exe -mcpu=cortex-m0 -mthumb -I..\..\..\BSP -I..\..\..\BSP\OS\uCOS-II -I..\.. -I.. -I..\..\..\..\..\..\Software\uCOS-II\Ports\ARM-Cortex-M0\Generic\GNU -I..\..\..\..\..\..\Software\uCOS-II\Source -I..\..\..\..\..\..\Software\uC-CPU\ARM-Cortex-M0\GNU -I..\..\..\..\..\..\Software\uC-CPU -I..\..\..\..\..\..\Software\uC-LIB -I. -IGenerated_Source\PSoC4 -Wa,-alh=.\CortexM0\ARM_GCC_Generic\Debug/lib_math.lst -g -D DEBUG -Wall -ffunction-sections -ffat-lto-objects -Og -c ..\..\..\..\..\..\Software\uC-LIB\lib_math.c -o .\CortexM0\ARM_GCC_Generic\Debug\lib_math.o
arm-none-eabi-gcc.exe -mcpu=cortex-m0 -mthumb -I..\..\..\BSP -I..\..\..\BSP\OS\uCOS-II -I..\.. -I.. -I..\..\..\..\..\..\Software\uCOS-II\Ports\ARM-Cortex-M0\Generic\GNU -I..\..\..\..\..\..\Software\uCOS-II\Source -I..\..\..\..\..\..\Software\uC-CPU\ARM-Cortex-M0\GNU -I..\..\..\..\..\..\Software\uC-CPU -I..\..\..\..\..\..\Software\uC-LIB -I. -IGenerated_Source\PSoC4 -Wa,-alh=.\CortexM0\ARM_GCC_Generic\Debug/lib_mem.lst -g -D DEBUG -Wall -ffunction-sections -ffat-lto-objects -Og -c ..\..\..\..\..\..\Software\uC-LIB\lib_mem.c -o .\CortexM0\ARM_GCC_Generic\Debug\lib_mem.o
arm-none-eabi-gcc.exe -mcpu=cortex-m0 -mthumb -I..\..\..\BSP -I..\..\..\BSP\OS\uCOS-II -I..\.. -I.. -I..\..\..\..\..\..\Software\uCOS-II\Ports\ARM-Cortex-M0\Generic\GNU -I..\..\..\..\..\..\Software\uCOS-II\Source -I..\..\..\..\..\..\Software\uC-CPU\ARM-Cortex-M0\GNU -I..\..\..\..\..\..\Software\uC-CPU -I..\..\..\..\..\..\Software\uC-LIB -I. -IGenerated_Source\PSoC4 -Wa,-alh=.\CortexM0\ARM_GCC_Generic\Debug/lib_str.lst -g -D DEBUG -Wall -ffunction-sections -ffat-lto-objects -Og -c ..\..\..\..\..\..\Software\uC-LIB\lib_str.c -o .\CortexM0\ARM_GCC_Generic\Debug\lib_str.o
..\..\..\..\..\..\Software\uC-LIB\lib_str.c: In function 'Str_FmtNbr_Int32':
..\..\..\..\..\..\Software\uC-LIB\lib_str.c:3614:51: warning: 'lead_char_0' may be used uninitialized in this function [-Wmaybe-uninitialized]
                      (((lead_char_0  == DEF_NO )  &&            /* ... lead char NOT a '0' dig                  ...     */
                      ~~~~~~~~~~~~~~~~~~~~~~~~~~~~~~~~~~~~~~~~~~~~~~~~~~~~~~~~~~~~~~~~~~~~~~~~~~~~~~~~~~~~~~~~~~~~~~~~~~~~~
                        (nbr_neg_fmtd == DEF_NO )) ||            /* ... but neg sign NOT yet fmt'd  OR           ...     */
                        ~~~~~~~~~~~~~~~~~~~~~~~~~~~^~~~~~~~~~~~~~~~~~~~~~~~~~~~~~~~~~~~~~~~~~~~~~~~~~~~~~~~~~~~~~~~~~~~~~~~
                       ((lead_char_0  != DEF_NO )  &&            /* ... lead char is  a '0' dig                  ...     */
                       ~~~~~~~~~~~~~~~~~~~~~~~~~~~~~~~~~~~~~~~~~~~~~~~~~~~~~~~~~~~~~~~~~~~~~~~~~~~~~~~~~~~~~~~~~~~~~~~~~~~~
                        (i == (nbr_dig_fmtd - 1u))))) {          /* ... & on most-sig dig to fmt,                ...     */
                        ~~~~~~~~~~~~~~~~~~~~~~~~~~~~
..\..\..\..\..\..\Software\uC-LIB\lib_str.c:3586:14: warning: 'nbr_dig_fmtd' may be used uninitialized in this function [-Wmaybe-uninitialized]
     pstr_fmt += nbr_dig_fmtd;                                   /* Start fmt @ least-sig dig.                           */
              ^~
..\..\..\..\..\..\Software\uC-LIB\lib_str.c:3610:25: warning: 'nbr_fmt' may be used uninitialized in this function [-Wmaybe-uninitialized]
                 nbr_fmt /= nbr_base;                            /* Shift to next more-sig dig.                          */
                 ~~~~~~~~^~~~~~~~~~~
arm-none-eabi-gcc.exe -mcpu=cortex-m0 -mthumb -I..\..\..\BSP -I..\..\..\BSP\OS\uCOS-II -I..\.. -I.. -I..\..\..\..\..\..\Software\uCOS-II\Ports\ARM-Cortex-M0\Generic\GNU -I..\..\..\..\..\..\Software\uCOS-II\Source -I..\..\..\..\..\..\Software\uC-CPU\ARM-Cortex-M0\GNU -I..\..\..\..\..\..\Software\uC-CPU -I..\..\..\..\..\..\Software\uC-LIB -I. -IGenerated_Source\PSoC4 -Wa,-alh=.\CortexM0\ARM_GCC_Generic\Debug/cyfitter_cfg.lst -g -D DEBUG -Wall -ffunction-sections -ffat-lto-objects -Og -c Generated_Source\PSoC4\cyfitter_cfg.c -o .\CortexM0\ARM_GCC_Generic\Debug\cyfitter_cfg.o
arm-none-eabi-gcc.exe -mcpu=cortex-m0 -mthumb -I..\..\..\BSP -I..\..\..\BSP\OS\uCOS-II -I..\.. -I.. -I..\..\..\..\..\..\Software\uCOS-II\Ports\ARM-Cortex-M0\Generic\GNU -I..\..\..\..\..\..\Software\uCOS-II\Source -I..\..\..\..\..\..\Software\uC-CPU\ARM-Cortex-M0\GNU -I..\..\..\..\..\..\Software\uC-CPU -I..\..\..\..\..\..\Software\uC-LIB -I. -IGenerated_Source\PSoC4 -Wa,-alh=.\CortexM0\ARM_GCC_Generic\Debug/cymetadata.lst -g -D DEBUG -Wall -ffunction-sections -ffat-lto-objects -Og -c Generated_Source\PSoC4\cymetadata.c -o .\CortexM0\ARM_GCC_Generic\Debug\cymetadata.o
arm-none-eabi-gcc.exe -mcpu=cortex-m0 -mthumb -I..\..\..\BSP -I..\..\..\BSP\OS\uCOS-II -I..\.. -I.. -I..\..\..\..\..\..\Software\uCOS-II\Ports\ARM-Cortex-M0\Generic\GNU -I..\..\..\..\..\..\Software\uCOS-II\Source -I..\..\..\..\..\..\Software\uC-CPU\ARM-Cortex-M0\GNU -I..\..\..\..\..\..\Software\uC-CPU -I..\..\..\..\..\..\Software\uC-LIB -I. -IGenerated_Source\PSoC4 -Wa,-alh=.\CortexM0\ARM_GCC_Generic\Debug/Clock_PWM.lst -g -D DEBUG -Wall -ffunction-sections -ffat-lto-objects -Og -c Generated_Source\PSoC4\Clock_PWM.c -o .\CortexM0\ARM_GCC_Generic\Debug\Clock_PWM.o
arm-none-eabi-gcc.exe -mcpu=cortex-m0 -mthumb -I..\..\..\BSP -I..\..\..\BSP\OS\uCOS-II -I..\.. -I.. -I..\..\..\..\..\..\Software\uCOS-II\Ports\ARM-Cortex-M0\Generic\GNU -I..\..\..\..\..\..\Software\uCOS-II\Source -I..\..\..\..\..\..\Software\uC-CPU\ARM-Cortex-M0\GNU -I..\..\..\..\..\..\Software\uC-CPU -I..\..\..\..\..\..\Software\uC-LIB -I. -IGenerated_Source\PSoC4 -Wa,-alh=.\CortexM0\ARM_GCC_Generic\Debug/PWM_Blue.lst -g -D DEBUG -Wall -ffunction-sections -ffat-lto-objects -Og -c Generated_Source\PSoC4\PWM_Blue.c -o .\CortexM0\ARM_GCC_Generic\Debug\PWM_Blue.o
arm-none-eabi-gcc.exe -mcpu=cortex-m0 -mthumb -I..\..\..\BSP -I..\..\..\BSP\OS\uCOS-II -I..\.. -I.. -I..\..\..\..\..\..\Software\uCOS-II\Ports\ARM-Cortex-M0\Generic\GNU -I..\..\..\..\..\..\Software\uCOS-II\Source -I..\..\..\..\..\..\Software\uC-CPU\ARM-Cortex-M0\GNU -I..\..\..\..\..\..\Software\uC-CPU -I..\..\..\..\..\..\Software\uC-LIB -I. -IGenerated_Source\PSoC4 -Wa,-alh=.\CortexM0\ARM_GCC_Generic\Debug/PWM_Blue_PM.lst -g -D DEBUG -Wall -ffunction-sections -ffat-lto-objects -Og -c Generated_Source\PSoC4\PWM_Blue_PM.c -o .\CortexM0\ARM_GCC_Generic\Debug\PWM_Blue_PM.o
arm-none-eabi-gcc.exe -mcpu=cortex-m0 -mthumb -I..\..\..\BSP -I..\..\..\BSP\OS\uCOS-II -I..\.. -I.. -I..\..\..\..\..\..\Software\uCOS-II\Ports\ARM-Cortex-M0\Generic\GNU -I..\..\..\..\..\..\Software\uCOS-II\Source -I..\..\..\..\..\..\Software\uC-CPU\ARM-Cortex-M0\GNU -I..\..\..\..\..\..\Software\uC-CPU -I..\..\..\..\..\..\Software\uC-LIB -I. -IGenerated_Source\PSoC4 -Wa,-alh=.\CortexM0\ARM_GCC_Generic\Debug/PWM_Green.lst -g -D DEBUG -Wall -ffunction-sections -ffat-lto-objects -Og -c Generated_Source\PSoC4\PWM_Green.c -o .\CortexM0\ARM_GCC_Generic\Debug\PWM_Green.o
arm-none-eabi-gcc.exe -mcpu=cortex-m0 -mthumb -I..\..\..\BSP -I..\..\..\BSP\OS\uCOS-II -I..\.. -I.. -I..\..\..\..\..\..\Software\uCOS-II\Ports\ARM-Cortex-M0\Generic\GNU -I..\..\..\..\..\..\Software\uCOS-II\Source -I..\..\..\..\..\..\Software\uC-CPU\ARM-Cortex-M0\GNU -I..\..\..\..\..\..\Software\uC-CPU -I..\..\..\..\..\..\Software\uC-LIB -I. -IGenerated_Source\PSoC4 -Wa,-alh=.\CortexM0\ARM_GCC_Generic\Debug/PWM_Green_PM.lst -g -D DEBUG -Wall -ffunction-sections -ffat-lto-objects -Og -c Generated_Source\PSoC4\PWM_Green_PM.c -o .\CortexM0\ARM_GCC_Generic\Debug\PWM_Green_PM.o
arm-none-eabi-gcc.exe -mcpu=cortex-m0 -mthumb -I..\..\..\BSP -I..\..\..\BSP\OS\uCOS-II -I..\.. -I.. -I..\..\..\..\..\..\Software\uCOS-II\Ports\ARM-Cortex-M0\Generic\GNU -I..\..\..\..\..\..\Software\uCOS-II\Source -I..\..\..\..\..\..\Software\uC-CPU\ARM-Cortex-M0\GNU -I..\..\..\..\..\..\Software\uC-CPU -I..\..\..\..\..\..\Software\uC-LIB -I. -IGenerated_Source\PSoC4 -Wa,-alh=.\CortexM0\ARM_GCC_Generic\Debug/PWM_Red.lst -g -D DEBUG -Wall -ffunction-sections -ffat-lto-objects -Og -c Generated_Source\PSoC4\PWM_Red.c -o .\CortexM0\ARM_GCC_Generic\Debug\PWM_Red.o
arm-none-eabi-gcc.exe -mcpu=cortex-m0 -mthumb -I..\..\..\BSP -I..\..\..\BSP\OS\uCOS-II -I..\.. -I.. -I..\..\..\..\..\..\Software\uCOS-II\Ports\ARM-Cortex-M0\Generic\GNU -I..\..\..\..\..\..\Software\uCOS-II\Source -I..\..\..\..\..\..\Software\uC-CPU\ARM-Cortex-M0\GNU -I..\..\..\..\..\..\Software\uC-CPU -I..\..\..\..\..\..\Software\uC-LIB -I. -IGenerated_Source\PSoC4 -Wa,-alh=.\CortexM0\ARM_GCC_Generic\Debug/PWM_Red_PM.lst -g -D DEBUG -Wall -ffunction-sections -ffat-lto-objects -Og -c Generated_Source\PSoC4\PWM_Red_PM.c -o .\CortexM0\ARM_GCC_Generic\Debug\PWM_Red_PM.o
arm-none-eabi-gcc.exe -mcpu=cortex-m0 -mthumb -I..\..\..\BSP -I..\..\..\BSP\OS\uCOS-II -I..\.. -I.. -I..\..\..\..\..\..\Software\uCOS-II\Ports\ARM-Cortex-M0\Generic\GNU -I..\..\..\..\..\..\Software\uCOS-II\Source -I..\..\..\..\..\..\Software\uC-CPU\ARM-Cortex-M0\GNU -I..\..\..\..\..\..\Software\uC-CPU -I..\..\..\..\..\..\Software\uC-LIB -I. -IGenerated_Source\PSoC4 -Wa,-alh=.\CortexM0\ARM_GCC_Generic\Debug/Pin_BlueLED.lst -g -D DEBUG -Wall -ffunction-sections -ffat-lto-objects -Og -c Generated_Source\PSoC4\Pin_BlueLED.c -o .\CortexM0\ARM_GCC_Generic\Debug\Pin_BlueLED.o
arm-none-eabi-gcc.exe -mcpu=cortex-m0 -mthumb -I..\..\..\BSP -I..\..\..\BSP\OS\uCOS-II -I..\.. -I.. -I..\..\..\..\..\..\Software\uCOS-II\Ports\ARM-Cortex-M0\Generic\GNU -I..\..\..\..\..\..\Software\uCOS-II\Source -I..\..\..\..\..\..\Software\uC-CPU\ARM-Cortex-M0\GNU -I..\..\..\..\..\..\Software\uC-CPU -I..\..\..\..\..\..\Software\uC-LIB -I. -IGenerated_Source\PSoC4 -Wa,-alh=.\CortexM0\ARM_GCC_Generic\Debug/Pin_BlueLED_PM.lst -g -D DEBUG -Wall -ffunction-sections -ffat-lto-objects -Og -c Generated_Source\PSoC4\Pin_BlueLED_PM.c -o .\CortexM0\ARM_GCC_Generic\Debug\Pin_BlueLED_PM.o
arm-none-eabi-gcc.exe -mcpu=cortex-m0 -mthumb -I..\..\..\BSP -I..\..\..\BSP\OS\uCOS-II -I..\.. -I.. -I..\..\..\..\..\..\Software\uCOS-II\Ports\ARM-Cortex-M0\Generic\GNU -I..\..\..\..\..\..\Software\uCOS-II\Source -I..\..\..\..\..\..\Software\uC-CPU\ARM-Cortex-M0\GNU -I..\..\..\..\..\..\Software\uC-CPU -I..\..\..\..\..\..\Software\uC-LIB -I. -IGenerated_Source\PSoC4 -Wa,-alh=.\CortexM0\ARM_GCC_Generic\Debug/Pin_GreenLED.lst -g -D DEBUG -Wall -ffunction-sections -ffat-lto-objects -Og -c Generated_Source\PSoC4\Pin_GreenLED.c -o .\CortexM0\ARM_GCC_Generic\Debug\Pin_GreenLED.o
arm-none-eabi-gcc.exe -mcpu=cortex-m0 -mthumb -I..\..\..\BSP -I..\..\..\BSP\OS\uCOS-II -I..\.. -I.. -I..\..\..\..\..\..\Software\uCOS-II\Ports\ARM-Cortex-M0\Generic\GNU -I..\..\..\..\..\..\Software\uCOS-II\Source -I..\..\..\..\..\..\Software\uC-CPU\ARM-Cortex-M0\GNU -I..\..\..\..\..\..\Software\uC-CPU -I..\..\..\..\..\..\Software\uC-LIB -I. -IGenerated_Source\PSoC4 -Wa,-alh=.\CortexM0\ARM_GCC_Generic\Debug/Pin_GreenLED_PM.lst -g -D DEBUG -Wall -ffunction-sections -ffat-lto-objects -Og -c Generated_Source\PSoC4\Pin_GreenLED_PM.c -o .\CortexM0\ARM_GCC_Generic\Debug\Pin_GreenLED_PM.o
arm-none-eabi-gcc.exe -mcpu=cortex-m0 -mthumb -I..\..\..\BSP -I..\..\..\BSP\OS\uCOS-II -I..\.. -I.. -I..\..\..\..\..\..\Software\uCOS-II\Ports\ARM-Cortex-M0\Generic\GNU -I..\..\..\..\..\..\Software\uCOS-II\Source -I..\..\..\..\..\..\Software\uC-CPU\ARM-Cortex-M0\GNU -I..\..\..\..\..\..\Software\uC-CPU -I..\..\..\..\..\..\Software\uC-LIB -I. -IGenerated_Source\PSoC4 -Wa,-alh=.\CortexM0\ARM_GCC_Generic\Debug/Pin_RedLED.lst -g -D DEBUG -Wall -ffunction-sections -ffat-lto-objects -Og -c Generated_Source\PSoC4\Pin_RedLED.c -o .\CortexM0\ARM_GCC_Generic\Debug\Pin_RedLED.o
arm-none-eabi-gcc.exe -mcpu=cortex-m0 -mthumb -I..\..\..\BSP -I..\..\..\BSP\OS\uCOS-II -I..\.. -I.. -I..\..\..\..\..\..\Software\uCOS-II\Ports\ARM-Cortex-M0\Generic\GNU -I..\..\..\..\..\..\Software\uCOS-II\Source -I..\..\..\..\..\..\Software\uC-CPU\ARM-Cortex-M0\GNU -I..\..\..\..\..\..\Software\uC-CPU -I..\..\..\..\..\..\Software\uC-LIB -I. -IGenerated_Source\PSoC4 -Wa,-alh=.\CortexM0\ARM_GCC_Generic\Debug/Pin_RedLED_PM.lst -g -D DEBUG -Wall -ffunction-sections -ffat-lto-objects -Og -c Generated_Source\PSoC4\Pin_RedLED_PM.c -o .\CortexM0\ARM_GCC_Generic\Debug\Pin_RedLED_PM.o
arm-none-eabi-gcc.exe -mcpu=cortex-m0 -mthumb -I..\..\..\BSP -I..\..\..\BSP\OS\uCOS-II -I..\.. -I.. -I..\..\..\..\..\..\Software\uCOS-II\Ports\ARM-Cortex-M0\Generic\GNU -I..\..\..\..\..\..\Software\uCOS-II\Source -I..\..\..\..\..\..\Software\uC-CPU\ARM-Cortex-M0\GNU -I..\..\..\..\..\..\Software\uC-CPU -I..\..\..\..\..\..\Software\uC-LIB -I. -IGenerated_Source\PSoC4 -Wa,-alh=.\CortexM0\ARM_GCC_Generic\Debug/Accel_Pin.lst -g -D DEBUG -Wall -ffunction-sections -ffat-lto-objects -Og -c Generated_Source\PSoC4\Accel_Pin.c -o .\CortexM0\ARM_GCC_Generic\Debug\Accel_Pin.o
arm-none-eabi-gcc.exe -mcpu=cortex-m0 -mthumb -I..\..\..\BSP -I..\..\..\BSP\OS\uCOS-II -I..\.. -I.. -I..\..\..\..\..\..\Software\uCOS-II\Ports\ARM-Cortex-M0\Generic\GNU -I..\..\..\..\..\..\Software\uCOS-II\Source -I..\..\..\..\..\..\Software\uC-CPU\ARM-Cortex-M0\GNU -I..\..\..\..\..\..\Software\uC-CPU -I..\..\..\..\..\..\Software\uC-LIB -I. -IGenerated_Source\PSoC4 -Wa,-alh=.\CortexM0\ARM_GCC_Generic\Debug/Accel_Pin_PM.lst -g -D DEBUG -Wall -ffunction-sections -ffat-lto-objects -Og -c Generated_Source\PSoC4\Accel_Pin_PM.c -o .\CortexM0\ARM_GCC_Generic\Debug\Accel_Pin_PM.o
arm-none-eabi-gcc.exe -mcpu=cortex-m0 -mthumb -I..\..\..\BSP -I..\..\..\BSP\OS\uCOS-II -I..\.. -I.. -I..\..\..\..\..\..\Software\uCOS-II\Ports\ARM-Cortex-M0\Generic\GNU -I..\..\..\..\..\..\Software\uCOS-II\Source -I..\..\..\..\..\..\Software\uC-CPU\ARM-Cortex-M0\GNU -I..\..\..\..\..\..\Software\uC-CPU -I..\..\..\..\..\..\Software\uC-LIB -I. -IGenerated_Source\PSoC4 -Wa,-alh=.\CortexM0\ARM_GCC_Generic\Debug/I2C.lst -g -D DEBUG -Wall -ffunction-sections -ffat-lto-objects -Og -c Generated_Source\PSoC4\I2C.c -o .\CortexM0\ARM_GCC_Generic\Debug\I2C.o
arm-none-eabi-gcc.exe -mcpu=cortex-m0 -mthumb -I..\..\..\BSP -I..\..\..\BSP\OS\uCOS-II -I..\.. -I.. -I..\..\..\..\..\..\Software\uCOS-II\Ports\ARM-Cortex-M0\Generic\GNU -I..\..\..\..\..\..\Software\uCOS-II\Source -I..\..\..\..\..\..\Software\uC-CPU\ARM-Cortex-M0\GNU -I..\..\..\..\..\..\Software\uC-CPU -I..\..\..\..\..\..\Software\uC-LIB -I. -IGenerated_Source\PSoC4 -Wa,-alh=.\CortexM0\ARM_GCC_Generic\Debug/I2C_I2C_INT.lst -g -D DEBUG -Wall -ffunction-sections -ffat-lto-objects -Og -c Generated_Source\PSoC4\I2C_I2C_INT.c -o .\CortexM0\ARM_GCC_Generic\Debug\I2C_I2C_INT.o
arm-none-eabi-gcc.exe -mcpu=cortex-m0 -mthumb -I..\..\..\BSP -I..\..\..\BSP\OS\uCOS-II -I..\.. -I.. -I..\..\..\..\..\..\Software\uCOS-II\Ports\ARM-Cortex-M0\Generic\GNU -I..\..\..\..\..\..\Software\uCOS-II\Source -I..\..\..\..\..\..\Software\uC-CPU\ARM-Cortex-M0\GNU -I..\..\..\..\..\..\Software\uC-CPU -I..\..\..\..\..\..\Software\uC-LIB -I. -IGenerated_Source\PSoC4 -Wa,-alh=.\CortexM0\ARM_GCC_Generic\Debug/I2C_I2C.lst -g -D DEBUG -Wall -ffunction-sections -ffat-lto-objects -Og -c Generated_Source\PSoC4\I2C_I2C.c -o .\CortexM0\ARM_GCC_Generic\Debug\I2C_I2C.o
arm-none-eabi-gcc.exe -mcpu=cortex-m0 -mthumb -I..\..\..\BSP -I..\..\..\BSP\OS\uCOS-II -I..\.. -I.. -I..\..\..\..\..\..\Software\uCOS-II\Ports\ARM-Cortex-M0\Generic\GNU -I..\..\..\..\..\..\Software\uCOS-II\Source -I..\..\..\..\..\..\Software\uC-CPU\ARM-Cortex-M0\GNU -I..\..\..\..\..\..\Software\uC-CPU -I..\..\..\..\..\..\Software\uC-LIB -I. -IGenerated_Source\PSoC4 -Wa,-alh=.\CortexM0\ARM_GCC_Generic\Debug/I2C_I2C_BOOT.lst -g -D DEBUG -Wall -ffunction-sections -ffat-lto-objects -Og -c Generated_Source\PSoC4\I2C_I2C_BOOT.c -o .\CortexM0\ARM_GCC_Generic\Debug\I2C_I2C_BOOT.o
arm-none-eabi-gcc.exe -mcpu=cortex-m0 -mthumb -I..\..\..\BSP -I..\..\..\BSP\OS\uCOS-II -I..\.. -I.. -I..\..\..\..\..\..\Software\uCOS-II\Ports\ARM-Cortex-M0\Generic\GNU -I..\..\..\..\..\..\Software\uCOS-II\Source -I..\..\..\..\..\..\Software\uC-CPU\ARM-Cortex-M0\GNU -I..\..\..\..\..\..\Software\uC-CPU -I..\..\..\..\..\..\Software\uC-LIB -I. -IGenerated_Source\PSoC4 -Wa,-alh=.\CortexM0\ARM_GCC_Generic\Debug/I2C_I2C_MASTER.lst -g -D DEBUG -Wall -ffunction-sections -ffat-lto-objects -Og -c Generated_Source\PSoC4\I2C_I2C_MASTER.c -o .\CortexM0\ARM_GCC_Generic\Debug\I2C_I2C_MASTER.o
arm-none-eabi-gcc.exe -mcpu=cortex-m0 -mthumb -I..\..\..\BSP -I..\..\..\BSP\OS\uCOS-II -I..\.. -I.. -I..\..\..\..\..\..\Software\uCOS-II\Ports\ARM-Cortex-M0\Generic\GNU -I..\..\..\..\..\..\Software\uCOS-II\Source -I..\..\..\..\..\..\Software\uC-CPU\ARM-Cortex-M0\GNU -I..\..\..\..\..\..\Software\uC-CPU -I..\..\..\..\..\..\Software\uC-LIB -I. -IGenerated_Source\PSoC4 -Wa,-alh=.\CortexM0\ARM_GCC_Generic\Debug/I2C_PM.lst -g -D DEBUG -Wall -ffunction-sections -ffat-lto-objects -Og -c Generated_Source\PSoC4\I2C_PM.c -o .\CortexM0\ARM_GCC_Generic\Debug\I2C_PM.o
arm-none-eabi-gcc.exe -mcpu=cortex-m0 -mthumb -I..\..\..\BSP -I..\..\..\BSP\OS\uCOS-II -I..\.. -I.. -I..\..\..\..\..\..\Software\uCOS-II\Ports\ARM-Cortex-M0\Generic\GNU -I..\..\..\..\..\..\Software\uCOS-II\Source -I..\..\..\..\..\..\Software\uC-CPU\ARM-Cortex-M0\GNU -I..\..\..\..\..\..\Software\uC-CPU -I..\..\..\..\..\..\Software\uC-LIB -I. -IGenerated_Source\PSoC4 -Wa,-alh=.\CortexM0\ARM_GCC_Generic\Debug/I2C_BOOT.lst -g -D DEBUG -Wall -ffunction-sections -ffat-lto-objects -Og -c Generated_Source\PSoC4\I2C_BOOT.c -o .\CortexM0\ARM_GCC_Generic\Debug\I2C_BOOT.o
arm-none-eabi-gcc.exe -mcpu=cortex-m0 -mthumb -I..\..\..\BSP -I..\..\..\BSP\OS\uCOS-II -I..\.. -I.. -I..\..\..\..\..\..\Software\uCOS-II\Ports\ARM-Cortex-M0\Generic\GNU -I..\..\..\..\..\..\Software\uCOS-II\Source -I..\..\..\..\..\..\Software\uC-CPU\ARM-Cortex-M0\GNU -I..\..\..\..\..\..\Software\uC-CPU -I..\..\..\..\..\..\Software\uC-LIB -I. -IGenerated_Source\PSoC4 -Wa,-alh=.\CortexM0\ARM_GCC_Generic\Debug/SW2.lst -g -D DEBUG -Wall -ffunction-sections -ffat-lto-objects -Og -c Generated_Source\PSoC4\SW2.c -o .\CortexM0\ARM_GCC_Generic\Debug\SW2.o
arm-none-eabi-gcc.exe -mcpu=cortex-m0 -mthumb -I..\..\..\BSP -I..\..\..\BSP\OS\uCOS-II -I..\.. -I.. -I..\..\..\..\..\..\Software\uCOS-II\Ports\ARM-Cortex-M0\Generic\GNU -I..\..\..\..\..\..\Software\uCOS-II\Source -I..\..\..\..\..\..\Software\uC-CPU\ARM-Cortex-M0\GNU -I..\..\..\..\..\..\Software\uC-CPU -I..\..\..\..\..\..\Software\uC-LIB -I. -IGenerated_Source\PSoC4 -Wa,-alh=.\CortexM0\ARM_GCC_Generic\Debug/SW2_PM.lst -g -D DEBUG -Wall -ffunction-sections -ffat-lto-objects -Og -c Generated_Source\PSoC4\SW2_PM.c -o .\CortexM0\ARM_GCC_Generic\Debug\SW2_PM.o
arm-none-eabi-gcc.exe -mcpu=cortex-m0 -mthumb -I..\..\..\BSP -I..\..\..\BSP\OS\uCOS-II -I..\.. -I.. -I..\..\..\..\..\..\Software\uCOS-II\Ports\ARM-Cortex-M0\Generic\GNU -I..\..\..\..\..\..\Software\uCOS-II\Source -I..\..\..\..\..\..\Software\uC-CPU\ARM-Cortex-M0\GNU -I..\..\..\..\..\..\Software\uC-CPU -I..\..\..\..\..\..\Software\uC-LIB -I. -IGenerated_Source\PSoC4 -Wa,-alh=.\CortexM0\ARM_GCC_Generic\Debug/Accel_ISR.lst -g -D DEBUG -Wall -ffunction-sections -ffat-lto-objects -Og -c Generated_Source\PSoC4\Accel_ISR.c -o .\CortexM0\ARM_GCC_Generic\Debug\Accel_ISR.o
arm-none-eabi-gcc.exe -mcpu=cortex-m0 -mthumb -I..\..\..\BSP -I..\..\..\BSP\OS\uCOS-II -I..\.. -I.. -I..\..\..\..\..\..\Software\uCOS-II\Ports\ARM-Cortex-M0\Generic\GNU -I..\..\..\..\..\..\Software\uCOS-II\Source -I..\..\..\..\..\..\Software\uC-CPU\ARM-Cortex-M0\GNU -I..\..\..\..\..\..\Software\uC-CPU -I..\..\..\..\..\..\Software\uC-LIB -I. -IGenerated_Source\PSoC4 -Wa,-alh=.\CortexM0\ARM_GCC_Generic\Debug/temp_raw.lst -g -D DEBUG -Wall -ffunction-sections -ffat-lto-objects -Og -c Generated_Source\PSoC4\temp_raw.c -o .\CortexM0\ARM_GCC_Generic\Debug\temp_raw.o
arm-none-eabi-gcc.exe -mcpu=cortex-m0 -mthumb -I..\..\..\BSP -I..\..\..\BSP\OS\uCOS-II -I..\.. -I.. -I..\..\..\..\..\..\Software\uCOS-II\Ports\ARM-Cortex-M0\Generic\GNU -I..\..\..\..\..\..\Software\uCOS-II\Source -I..\..\..\..\..\..\Software\uC-CPU\ARM-Cortex-M0\GNU -I..\..\..\..\..\..\Software\uC-CPU -I..\..\..\..\..\..\Software\uC-LIB -I. -IGenerated_Source\PSoC4 -Wa,-alh=.\CortexM0\ARM_GCC_Generic\Debug/temp_raw_PM.lst -g -D DEBUG -Wall -ffunction-sections -ffat-lto-objects -Og -c Generated_Source\PSoC4\temp_raw_PM.c -o .\CortexM0\ARM_GCC_Generic\Debug\temp_raw_PM.o
arm-none-eabi-gcc.exe -mcpu=cortex-m0 -mthumb -I..\..\..\BSP -I..\..\..\BSP\OS\uCOS-II -I..\.. -I.. -I..\..\..\..\..\..\Software\uCOS-II\Ports\ARM-Cortex-M0\Generic\GNU -I..\..\..\..\..\..\Software\uCOS-II\Source -I..\..\..\..\..\..\Software\uC-CPU\ARM-Cortex-M0\GNU -I..\..\..\..\..\..\Software\uC-CPU -I..\..\..\..\..\..\Software\uC-LIB -I. -IGenerated_Source\PSoC4 -Wa,-alh=.\CortexM0\ARM_GCC_Generic\Debug/temp_conv.lst -g -D DEBUG -Wall -ffunction-sections -ffat-lto-objects -Og -c Generated_Source\PSoC4\temp_conv.c -o .\CortexM0\ARM_GCC_Generic\Debug\temp_conv.o
arm-none-eabi-gcc.exe -mcpu=cortex-m0 -mthumb -I..\..\..\BSP -I..\..\..\BSP\OS\uCOS-II -I..\.. -I.. -I..\..\..\..\..\..\Software\uCOS-II\Ports\ARM-Cortex-M0\Generic\GNU -I..\..\..\..\..\..\Software\uCOS-II\Source -I..\..\..\..\..\..\Software\uC-CPU\ARM-Cortex-M0\GNU -I..\..\..\..\..\..\Software\uC-CPU -I..\..\..\..\..\..\Software\uC-LIB -I. -IGenerated_Source\PSoC4 -Wa,-alh=.\CortexM0\ARM_GCC_Generic\Debug/temp_conv_PM.lst -g -D DEBUG -Wall -ffunction-sections -ffat-lto-objects -Og -c Generated_Source\PSoC4\temp_conv_PM.c -o .\CortexM0\ARM_GCC_Generic\Debug\temp_conv_PM.o
arm-none-eabi-gcc.exe -mcpu=cortex-m0 -mthumb -I..\..\..\BSP -I..\..\..\BSP\OS\uCOS-II -I..\.. -I.. -I..\..\..\..\..\..\Software\uCOS-II\Ports\ARM-Cortex-M0\Generic\GNU -I..\..\..\..\..\..\Software\uCOS-II\Source -I..\..\..\..\..\..\Software\uC-CPU\ARM-Cortex-M0\GNU -I..\..\..\..\..\..\Software\uC-CPU -I..\..\..\..\..\..\Software\uC-LIB -I. -IGenerated_Source\PSoC4 -Wa,-alh=.\CortexM0\ARM_GCC_Generic\Debug/Clock_Temp.lst -g -D DEBUG -Wall -ffunction-sections -ffat-lto-objects -Og -c Generated_Source\PSoC4\Clock_Temp.c -o .\CortexM0\ARM_GCC_Generic\Debug\Clock_Temp.o
arm-none-eabi-gcc.exe -mcpu=cortex-m0 -mthumb -I..\..\..\BSP -I..\..\..\BSP\OS\uCOS-II -I..\.. -I.. -I..\..\..\..\..\..\Software\uCOS-II\Ports\ARM-Cortex-M0\Generic\GNU -I..\..\..\..\..\..\Software\uCOS-II\Source -I..\..\..\..\..\..\Software\uC-CPU\ARM-Cortex-M0\GNU -I..\..\..\..\..\..\Software\uC-CPU -I..\..\..\..\..\..\Software\uC-LIB -I. -IGenerated_Source\PSoC4 -Wa,-alh=.\CortexM0\ARM_GCC_Generic\Debug/Temp_Sensor.lst -g -D DEBUG -Wall -ffunction-sections -ffat-lto-objects -Og -c Generated_Source\PSoC4\Temp_Sensor.c -o .\CortexM0\ARM_GCC_Generic\Debug\Temp_Sensor.o
arm-none-eabi-gcc.exe -mcpu=cortex-m0 -mthumb -I..\..\..\BSP -I..\..\..\BSP\OS\uCOS-II -I..\.. -I.. -I..\..\..\..\..\..\Software\uCOS-II\Ports\ARM-Cortex-M0\Generic\GNU -I..\..\..\..\..\..\Software\uCOS-II\Source -I..\..\..\..\..\..\Software\uC-CPU\ARM-Cortex-M0\GNU -I..\..\..\..\..\..\Software\uC-CPU -I..\..\..\..\..\..\Software\uC-LIB -I. -IGenerated_Source\PSoC4 -Wa,-alh=.\CortexM0\ARM_GCC_Generic\Debug/Temp_Sensor_PM.lst -g -D DEBUG -Wall -ffunction-sections -ffat-lto-objects -Og -c Generated_Source\PSoC4\Temp_Sensor_PM.c -o .\CortexM0\ARM_GCC_Generic\Debug\Temp_Sensor_PM.o
arm-none-eabi-gcc.exe -mcpu=cortex-m0 -mthumb -I..\..\..\BSP -I..\..\..\BSP\OS\uCOS-II -I..\.. -I.. -I..\..\..\..\..\..\Software\uCOS-II\Ports\ARM-Cortex-M0\Generic\GNU -I..\..\..\..\..\..\Software\uCOS-II\Source -I..\..\..\..\..\..\Software\uC-CPU\ARM-Cortex-M0\GNU -I..\..\..\..\..\..\Software\uC-CPU -I..\..\..\..\..\..\Software\uC-LIB -I. -IGenerated_Source\PSoC4 -Wa,-alh=.\CortexM0\ARM_GCC_Generic\Debug/Temp_Sensor_INT.lst -g -D DEBUG -Wall -ffunction-sections -ffat-lto-objects -Og -c Generated_Source\PSoC4\Temp_Sensor_INT.c -o .\CortexM0\ARM_GCC_Generic\Debug\Temp_Sensor_INT.o
arm-none-eabi-gcc.exe -mcpu=cortex-m0 -mthumb -I..\..\..\BSP -I..\..\..\BSP\OS\uCOS-II -I..\.. -I.. -I..\..\..\..\..\..\Software\uCOS-II\Ports\ARM-Cortex-M0\Generic\GNU -I..\..\..\..\..\..\Software\uCOS-II\Source -I..\..\..\..\..\..\Software\uC-CPU\ARM-Cortex-M0\GNU -I..\..\..\..\..\..\Software\uC-CPU -I..\..\..\..\..\..\Software\uC-LIB -I. -IGenerated_Source\PSoC4 -Wa,-alh=.\CortexM0\ARM_GCC_Generic\Debug/Pin_OA_Output.lst -g -D DEBUG -Wall -ffunction-sections -ffat-lto-objects -Og -c Generated_Source\PSoC4\Pin_OA_Output.c -o .\CortexM0\ARM_GCC_Generic\Debug\Pin_OA_Output.o
arm-none-eabi-gcc.exe -mcpu=cortex-m0 -mthumb -I..\..\..\BSP -I..\..\..\BSP\OS\uCOS-II -I..\.. -I.. -I..\..\..\..\..\..\Software\uCOS-II\Ports\ARM-Cortex-M0\Generic\GNU -I..\..\..\..\..\..\Software\uCOS-II\Source -I..\..\..\..\..\..\Software\uC-CPU\ARM-Cortex-M0\GNU -I..\..\..\..\..\..\Software\uC-CPU -I..\..\..\..\..\..\Software\uC-LIB -I. -IGenerated_Source\PSoC4 -Wa,-alh=.\CortexM0\ARM_GCC_Generic\Debug/Pin_OA_Output_PM.lst -g -D DEBUG -Wall -ffunction-sections -ffat-lto-objects -Og -c Generated_Source\PSoC4\Pin_OA_Output_PM.c -o .\CortexM0\ARM_GCC_Generic\Debug\Pin_OA_Output_PM.o
arm-none-eabi-gcc.exe -mcpu=cortex-m0 -mthumb -I..\..\..\BSP -I..\..\..\BSP\OS\uCOS-II -I..\.. -I.. -I..\..\..\..\..\..\Software\uCOS-II\Ports\ARM-Cortex-M0\Generic\GNU -I..\..\..\..\..\..\Software\uCOS-II\Source -I..\..\..\..\..\..\Software\uC-CPU\ARM-Cortex-M0\GNU -I..\..\..\..\..\..\Software\uC-CPU -I..\..\..\..\..\..\Software\uC-LIB -I. -IGenerated_Source\PSoC4 -Wa,-alh=.\CortexM0\ARM_GCC_Generic\Debug/Opamp.lst -g -D DEBUG -Wall -ffunction-sections -ffat-lto-objects -Og -c Generated_Source\PSoC4\Opamp.c -o .\CortexM0\ARM_GCC_Generic\Debug\Opamp.o
arm-none-eabi-gcc.exe -mcpu=cortex-m0 -mthumb -I..\..\..\BSP -I..\..\..\BSP\OS\uCOS-II -I..\.. -I.. -I..\..\..\..\..\..\Software\uCOS-II\Ports\ARM-Cortex-M0\Generic\GNU -I..\..\..\..\..\..\Software\uCOS-II\Source -I..\..\..\..\..\..\Software\uC-CPU\ARM-Cortex-M0\GNU -I..\..\..\..\..\..\Software\uC-CPU -I..\..\..\..\..\..\Software\uC-LIB -I. -IGenerated_Source\PSoC4 -Wa,-alh=.\CortexM0\ARM_GCC_Generic\Debug/Opamp_PM.lst -g -D DEBUG -Wall -ffunction-sections -ffat-lto-objects -Og -c Generated_Source\PSoC4\Opamp_PM.c -o .\CortexM0\ARM_GCC_Generic\Debug\Opamp_PM.o
arm-none-eabi-gcc.exe -mcpu=cortex-m0 -mthumb -I..\..\..\BSP -I..\..\..\BSP\OS\uCOS-II -I..\.. -I.. -I..\..\..\..\..\..\Software\uCOS-II\Ports\ARM-Cortex-M0\Generic\GNU -I..\..\..\..\..\..\Software\uCOS-II\Source -I..\..\..\..\..\..\Software\uC-CPU\ARM-Cortex-M0\GNU -I..\..\..\..\..\..\Software\uC-CPU -I..\..\..\..\..\..\Software\uC-LIB -I. -IGenerated_Source\PSoC4 -Wa,-alh=.\CortexM0\ARM_GCC_Generic\Debug/Pin_OA_NonInverting.lst -g -D DEBUG -Wall -ffunction-sections -ffat-lto-objects -Og -c Generated_Source\PSoC4\Pin_OA_NonInverting.c -o .\CortexM0\ARM_GCC_Generic\Debug\Pin_OA_NonInverting.o
arm-none-eabi-gcc.exe -mcpu=cortex-m0 -mthumb -I..\..\..\BSP -I..\..\..\BSP\OS\uCOS-II -I..\.. -I.. -I..\..\..\..\..\..\Software\uCOS-II\Ports\ARM-Cortex-M0\Generic\GNU -I..\..\..\..\..\..\Software\uCOS-II\Source -I..\..\..\..\..\..\Software\uC-CPU\ARM-Cortex-M0\GNU -I..\..\..\..\..\..\Software\uC-CPU -I..\..\..\..\..\..\Software\uC-LIB -I. -IGenerated_Source\PSoC4 -Wa,-alh=.\CortexM0\ARM_GCC_Generic\Debug/Pin_OA_NonInverting_PM.lst -g -D DEBUG -Wall -ffunction-sections -ffat-lto-objects -Og -c Generated_Source\PSoC4\Pin_OA_NonInverting_PM.c -o .\CortexM0\ARM_GCC_Generic\Debug\Pin_OA_NonInverting_PM.o
arm-none-eabi-gcc.exe -mcpu=cortex-m0 -mthumb -I..\..\..\BSP -I..\..\..\BSP\OS\uCOS-II -I..\.. -I.. -I..\..\..\..\..\..\Software\uCOS-II\Ports\ARM-Cortex-M0\Generic\GNU -I..\..\..\..\..\..\Software\uCOS-II\Source -I..\..\..\..\..\..\Software\uC-CPU\ARM-Cortex-M0\GNU -I..\..\..\..\..\..\Software\uC-CPU -I..\..\..\..\..\..\Software\uC-LIB -I. -IGenerated_Source\PSoC4 -Wa,-alh=.\CortexM0\ARM_GCC_Generic\Debug/Pin_OA_Inverting.lst -g -D DEBUG -Wall -ffunction-sections -ffat-lto-objects -Og -c Generated_Source\PSoC4\Pin_OA_Inverting.c -o .\CortexM0\ARM_GCC_Generic\Debug\Pin_OA_Inverting.o
arm-none-eabi-gcc.exe -mcpu=cortex-m0 -mthumb -I..\..\..\BSP -I..\..\..\BSP\OS\uCOS-II -I..\.. -I.. -I..\..\..\..\..\..\Software\uCOS-II\Ports\ARM-Cortex-M0\Generic\GNU -I..\..\..\..\..\..\Software\uCOS-II\Source -I..\..\..\..\..\..\Software\uC-CPU\ARM-Cortex-M0\GNU -I..\..\..\..\..\..\Software\uC-CPU -I..\..\..\..\..\..\Software\uC-LIB -I. -IGenerated_Source\PSoC4 -Wa,-alh=.\CortexM0\ARM_GCC_Generic\Debug/Pin_OA_Inverting_PM.lst -g -D DEBUG -Wall -ffunction-sections -ffat-lto-objects -Og -c Generated_Source\PSoC4\Pin_OA_Inverting_PM.c -o .\CortexM0\ARM_GCC_Generic\Debug\Pin_OA_Inverting_PM.o
arm-none-eabi-gcc.exe -mcpu=cortex-m0 -mthumb -I..\..\..\BSP -I..\..\..\BSP\OS\uCOS-II -I..\.. -I.. -I..\..\..\..\..\..\Software\uCOS-II\Ports\ARM-Cortex-M0\Generic\GNU -I..\..\..\..\..\..\Software\uCOS-II\Source -I..\..\..\..\..\..\Software\uC-CPU\ARM-Cortex-M0\GNU -I..\..\..\..\..\..\Software\uC-CPU -I..\..\..\..\..\..\Software\uC-LIB -I. -IGenerated_Source\PSoC4 -Wa,-alh=.\CortexM0\ARM_GCC_Generic\Debug/ADC.lst -g -D DEBUG -Wall -ffunction-sections -ffat-lto-objects -Og -c Generated_Source\PSoC4\ADC.c -o .\CortexM0\ARM_GCC_Generic\Debug\ADC.o
arm-none-eabi-gcc.exe -mcpu=cortex-m0 -mthumb -I..\..\..\BSP -I..\..\..\BSP\OS\uCOS-II -I..\.. -I.. -I..\..\..\..\..\..\Software\uCOS-II\Ports\ARM-Cortex-M0\Generic\GNU -I..\..\..\..\..\..\Software\uCOS-II\Source -I..\..\..\..\..\..\Software\uC-CPU\ARM-Cortex-M0\GNU -I..\..\..\..\..\..\Software\uC-CPU -I..\..\..\..\..\..\Software\uC-LIB -I. -IGenerated_Source\PSoC4 -Wa,-alh=.\CortexM0\ARM_GCC_Generic\Debug/ADC_PM.lst -g -D DEBUG -Wall -ffunction-sections -ffat-lto-objects -Og -c Generated_Source\PSoC4\ADC_PM.c -o .\CortexM0\ARM_GCC_Generic\Debug\ADC_PM.o
arm-none-eabi-gcc.exe -mcpu=cortex-m0 -mthumb -I..\..\..\BSP -I..\..\..\BSP\OS\uCOS-II -I..\.. -I.. -I..\..\..\..\..\..\Software\uCOS-II\Ports\ARM-Cortex-M0\Generic\GNU -I..\..\..\..\..\..\Software\uCOS-II\Source -I..\..\..\..\..\..\Software\uC-CPU\ARM-Cortex-M0\GNU -I..\..\..\..\..\..\Software\uC-CPU -I..\..\..\..\..\..\Software\uC-LIB -I. -IGenerated_Source\PSoC4 -Wa,-alh=.\CortexM0\ARM_GCC_Generic\Debug/ADC_INT.lst -g -D DEBUG -Wall -ffunction-sections -ffat-lto-objects -Og -c Generated_Source\PSoC4\ADC_INT.c -o .\CortexM0\ARM_GCC_Generic\Debug\ADC_INT.o
arm-none-eabi-gcc.exe -mcpu=cortex-m0 -mthumb -I..\..\..\BSP -I..\..\..\BSP\OS\uCOS-II -I..\.. -I.. -I..\..\..\..\..\..\Software\uCOS-II\Ports\ARM-Cortex-M0\Generic\GNU -I..\..\..\..\..\..\Software\uCOS-II\Source -I..\..\..\..\..\..\Software\uC-CPU\ARM-Cortex-M0\GNU -I..\..\..\..\..\..\Software\uC-CPU -I..\..\..\..\..\..\Software\uC-LIB -I. -IGenerated_Source\PSoC4 -Wa,-alh=.\CortexM0\ARM_GCC_Generic\Debug/I2C_SCBCLK.lst -g -D DEBUG -Wall -ffunction-sections -ffat-lto-objects -Og -c Generated_Source\PSoC4\I2C_SCBCLK.c -o .\CortexM0\ARM_GCC_Generic\Debug\I2C_SCBCLK.o
arm-none-eabi-gcc.exe -mcpu=cortex-m0 -mthumb -I..\..\..\BSP -I..\..\..\BSP\OS\uCOS-II -I..\.. -I.. -I..\..\..\..\..\..\Software\uCOS-II\Ports\ARM-Cortex-M0\Generic\GNU -I..\..\..\..\..\..\Software\uCOS-II\Source -I..\..\..\..\..\..\Software\uC-CPU\ARM-Cortex-M0\GNU -I..\..\..\..\..\..\Software\uC-CPU -I..\..\..\..\..\..\Software\uC-LIB -I. -IGenerated_Source\PSoC4 -Wa,-alh=.\CortexM0\ARM_GCC_Generic\Debug/I2C_sda.lst -g -D DEBUG -Wall -ffunction-sections -ffat-lto-objects -Og -c Generated_Source\PSoC4\I2C_sda.c -o .\CortexM0\ARM_GCC_Generic\Debug\I2C_sda.o
arm-none-eabi-gcc.exe -mcpu=cortex-m0 -mthumb -I..\..\..\BSP -I..\..\..\BSP\OS\uCOS-II -I..\.. -I.. -I..\..\..\..\..\..\Software\uCOS-II\Ports\ARM-Cortex-M0\Generic\GNU -I..\..\..\..\..\..\Software\uCOS-II\Source -I..\..\..\..\..\..\Software\uC-CPU\ARM-Cortex-M0\GNU -I..\..\..\..\..\..\Software\uC-CPU -I..\..\..\..\..\..\Software\uC-LIB -I. -IGenerated_Source\PSoC4 -Wa,-alh=.\CortexM0\ARM_GCC_Generic\Debug/I2C_sda_PM.lst -g -D DEBUG -Wall -ffunction-sections -ffat-lto-objects -Og -c Generated_Source\PSoC4\I2C_sda_PM.c -o .\CortexM0\ARM_GCC_Generic\Debug\I2C_sda_PM.o
arm-none-eabi-gcc.exe -mcpu=cortex-m0 -mthumb -I..\..\..\BSP -I..\..\..\BSP\OS\uCOS-II -I..\.. -I.. -I..\..\..\..\..\..\Software\uCOS-II\Ports\ARM-Cortex-M0\Generic\GNU -I..\..\..\..\..\..\Software\uCOS-II\Source -I..\..\..\..\..\..\Software\uC-CPU\ARM-Cortex-M0\GNU -I..\..\..\..\..\..\Software\uC-CPU -I..\..\..\..\..\..\Software\uC-LIB -I. -IGenerated_Source\PSoC4 -Wa,-alh=.\CortexM0\ARM_GCC_Generic\Debug/I2C_scl.lst -g -D DEBUG -Wall -ffunction-sections -ffat-lto-objects -Og -c Generated_Source\PSoC4\I2C_scl.c -o .\CortexM0\ARM_GCC_Generic\Debug\I2C_scl.o
arm-none-eabi-gcc.exe -mcpu=cortex-m0 -mthumb -I..\..\..\BSP -I..\..\..\BSP\OS\uCOS-II -I..\.. -I.. -I..\..\..\..\..\..\Software\uCOS-II\Ports\ARM-Cortex-M0\Generic\GNU -I..\..\..\..\..\..\Software\uCOS-II\Source -I..\..\..\..\..\..\Software\uC-CPU\ARM-Cortex-M0\GNU -I..\..\..\..\..\..\Software\uC-CPU -I..\..\..\..\..\..\Software\uC-LIB -I. -IGenerated_Source\PSoC4 -Wa,-alh=.\CortexM0\ARM_GCC_Generic\Debug/I2C_scl_PM.lst -g -D DEBUG -Wall -ffunction-sections -ffat-lto-objects -Og -c Generated_Source\PSoC4\I2C_scl_PM.c -o .\CortexM0\ARM_GCC_Generic\Debug\I2C_scl_PM.o
arm-none-eabi-gcc.exe -mcpu=cortex-m0 -mthumb -I..\..\..\BSP -I..\..\..\BSP\OS\uCOS-II -I..\.. -I.. -I..\..\..\..\..\..\Software\uCOS-II\Ports\ARM-Cortex-M0\Generic\GNU -I..\..\..\..\..\..\Software\uCOS-II\Source -I..\..\..\..\..\..\Software\uC-CPU\ARM-Cortex-M0\GNU -I..\..\..\..\..\..\Software\uC-CPU -I..\..\..\..\..\..\Software\uC-LIB -I. -IGenerated_Source\PSoC4 -Wa,-alh=.\CortexM0\ARM_GCC_Generic\Debug/I2C_SCB_IRQ.lst -g -D DEBUG -Wall -ffunction-sections -ffat-lto-objects -Og -c Generated_Source\PSoC4\I2C_SCB_IRQ.c -o .\CortexM0\ARM_GCC_Generic\Debug\I2C_SCB_IRQ.o
arm-none-eabi-gcc.exe -mcpu=cortex-m0 -mthumb -I..\..\..\BSP -I..\..\..\BSP\OS\uCOS-II -I..\.. -I.. -I..\..\..\..\..\..\Software\uCOS-II\Ports\ARM-Cortex-M0\Generic\GNU -I..\..\..\..\..\..\Software\uCOS-II\Source -I..\..\..\..\..\..\Software\uC-CPU\ARM-Cortex-M0\GNU -I..\..\..\..\..\..\Software\uC-CPU -I..\..\..\..\..\..\Software\uC-LIB -I. -IGenerated_Source\PSoC4 -Wa,-alh=.\CortexM0\ARM_GCC_Generic\Debug/Temp_Sensor_EOC_ISR.lst -g -D DEBUG -Wall -ffunction-sections -ffat-lto-objects -Og -c Generated_Source\PSoC4\Temp_Sensor_EOC_ISR.c -o .\CortexM0\ARM_GCC_Generic\Debug\Temp_Sensor_EOC_ISR.o
arm-none-eabi-gcc.exe -mcpu=cortex-m0 -mthumb -I..\..\..\BSP -I..\..\..\BSP\OS\uCOS-II -I..\.. -I.. -I..\..\..\..\..\..\Software\uCOS-II\Ports\ARM-Cortex-M0\Generic\GNU -I..\..\..\..\..\..\Software\uCOS-II\Source -I..\..\..\..\..\..\Software\uC-CPU\ARM-Cortex-M0\GNU -I..\..\..\..\..\..\Software\uC-CPU -I..\..\..\..\..\..\Software\uC-LIB -I. -IGenerated_Source\PSoC4 -Wa,-alh=.\CortexM0\ARM_GCC_Generic\Debug/ADC_IRQ.lst -g -D DEBUG -Wall -ffunction-sections -ffat-lto-objects -Og -c Generated_Source\PSoC4\ADC_IRQ.c -o .\CortexM0\ARM_GCC_Generic\Debug\ADC_IRQ.o
arm-none-eabi-gcc.exe -mcpu=cortex-m0 -mthumb -I..\..\..\BSP -I..\..\..\BSP\OS\uCOS-II -I..\.. -I.. -I..\..\..\..\..\..\Software\uCOS-II\Ports\ARM-Cortex-M0\Generic\GNU -I..\..\..\..\..\..\Software\uCOS-II\Source -I..\..\..\..\..\..\Software\uC-CPU\ARM-Cortex-M0\GNU -I..\..\..\..\..\..\Software\uC-CPU -I..\..\..\..\..\..\Software\uC-LIB -I. -IGenerated_Source\PSoC4 -Wa,-alh=.\CortexM0\ARM_GCC_Generic\Debug/ADC_intClock.lst -g -D DEBUG -Wall -ffunction-sections -ffat-lto-objects -Og -c Generated_Source\PSoC4\ADC_intClock.c -o .\CortexM0\ARM_GCC_Generic\Debug\ADC_intClock.o
arm-none-eabi-gcc.exe -mcpu=cortex-m0 -mthumb -I..\..\..\BSP -I..\..\..\BSP\OS\uCOS-II -I..\.. -I.. -I..\..\..\..\..\..\Software\uCOS-II\Ports\ARM-Cortex-M0\Generic\GNU -I..\..\..\..\..\..\Software\uCOS-II\Source -I..\..\..\..\..\..\Software\uC-CPU\ARM-Cortex-M0\GNU -I..\..\..\..\..\..\Software\uC-CPU -I..\..\..\..\..\..\Software\uC-LIB -I. -IGenerated_Source\PSoC4 -Wa,-alh=.\CortexM0\ARM_GCC_Generic\Debug/cy_em_eeprom.lst -g -D DEBUG -Wall -ffunction-sections -ffat-lto-objects -Og -c Generated_Source\PSoC4\cy_em_eeprom.c -o .\CortexM0\ARM_GCC_Generic\Debug\cy_em_eeprom.o
arm-none-eabi-gcc.exe -mcpu=cortex-m0 -mthumb -I..\..\..\BSP -I..\..\..\BSP\OS\uCOS-II -I..\.. -I.. -I..\..\..\..\..\..\Software\uCOS-II\Ports\ARM-Cortex-M0\Generic\GNU -I..\..\..\..\..\..\Software\uCOS-II\Source -I..\..\..\..\..\..\Software\uC-CPU\ARM-Cortex-M0\GNU -I..\..\..\..\..\..\Software\uC-CPU -I..\..\..\..\..\..\Software\uC-LIB -I. -IGenerated_Source\PSoC4 -Wa,-alh=.\CortexM0\ARM_GCC_Generic\Debug/Cm0Start.lst -g -D DEBUG -Wall -ffunction-sections -ffat-lto-objects -Og -c Generated_Source\PSoC4\Cm0Start.c -o .\CortexM0\ARM_GCC_Generic\Debug\Cm0Start.o
arm-none-eabi-gcc.exe -mcpu=cortex-m0 -mthumb -I..\..\..\BSP -I..\..\..\BSP\OS\uCOS-II -I..\.. -I.. -I..\..\..\..\..\..\Software\uCOS-II\Ports\ARM-Cortex-M0\Generic\GNU -I..\..\..\..\..\..\Software\uCOS-II\Source -I..\..\..\..\..\..\Software\uC-CPU\ARM-Cortex-M0\GNU -I..\..\..\..\..\..\Software\uC-CPU -I..\..\..\..\..\..\Software\uC-LIB -I. -IGenerated_Source\PSoC4 -Wa,-alh=.\CortexM0\ARM_GCC_Generic\Debug/CyFlash.lst -g -D DEBUG -Wall -ffunction-sections -ffat-lto-objects -Og -c Generated_Source\PSoC4\CyFlash.c -o .\CortexM0\ARM_GCC_Generic\Debug\CyFlash.o
arm-none-eabi-gcc.exe -mcpu=cortex-m0 -mthumb -I..\..\..\BSP -I..\..\..\BSP\OS\uCOS-II -I..\.. -I.. -I..\..\..\..\..\..\Software\uCOS-II\Ports\ARM-Cortex-M0\Generic\GNU -I..\..\..\..\..\..\Software\uCOS-II\Source -I..\..\..\..\..\..\Software\uC-CPU\ARM-Cortex-M0\GNU -I..\..\..\..\..\..\Software\uC-CPU -I..\..\..\..\..\..\Software\uC-LIB -I. -IGenerated_Source\PSoC4 -Wa,-alh=.\CortexM0\ARM_GCC_Generic\Debug/CyLib.lst -g -D DEBUG -Wall -ffunction-sections -ffat-lto-objects -Og -c Generated_Source\PSoC4\CyLib.c -o .\CortexM0\ARM_GCC_Generic\Debug\CyLib.o
arm-none-eabi-gcc.exe -mcpu=cortex-m0 -mthumb -I..\..\..\BSP -I..\..\..\BSP\OS\uCOS-II -I..\.. -I.. -I..\..\..\..\..\..\Software\uCOS-II\Ports\ARM-Cortex-M0\Generic\GNU -I..\..\..\..\..\..\Software\uCOS-II\Source -I..\..\..\..\..\..\Software\uC-CPU\ARM-Cortex-M0\GNU -I..\..\..\..\..\..\Software\uC-CPU -I..\..\..\..\..\..\Software\uC-LIB -I. -IGenerated_Source\PSoC4 -Wa,-alh=.\CortexM0\ARM_GCC_Generic\Debug/cyPm.lst -g -D DEBUG -Wall -ffunction-sections -ffat-lto-objects -Og -c Generated_Source\PSoC4\cyPm.c -o .\CortexM0\ARM_GCC_Generic\Debug\cyPm.o
arm-none-eabi-gcc.exe -mcpu=cortex-m0 -mthumb -I..\..\..\BSP -I..\..\..\BSP\OS\uCOS-II -I..\.. -I.. -I..\..\..\..\..\..\Software\uCOS-II\Ports\ARM-Cortex-M0\Generic\GNU -I..\..\..\..\..\..\Software\uCOS-II\Source -I..\..\..\..\..\..\Software\uC-CPU\ARM-Cortex-M0\GNU -I..\..\..\..\..\..\Software\uC-CPU -I..\..\..\..\..\..\Software\uC-LIB -I. -IGenerated_Source\PSoC4 -Wa,-alh=.\CortexM0\ARM_GCC_Generic\Debug/cyutils.lst -g -D DEBUG -Wall -ffunction-sections -ffat-lto-objects -Og -c Generated_Source\PSoC4\cyutils.c -o .\CortexM0\ARM_GCC_Generic\Debug\cyutils.o
arm-none-eabi-gcc.exe -mcpu=cortex-m0 -mthumb -I..\..\..\BSP -I..\..\..\BSP\OS\uCOS-II -I..\.. -I.. -I..\..\..\..\..\..\Software\uCOS-II\Ports\ARM-Cortex-M0\Generic\GNU -I..\..\..\..\..\..\Software\uCOS-II\Source -I..\..\..\..\..\..\Software\uC-CPU\ARM-Cortex-M0\GNU -I..\..\..\..\..\..\Software\uC-CPU -I..\..\..\..\..\..\Software\uC-LIB -I. -IGenerated_Source\PSoC4 -Wa,-alh=.\CortexM0\ARM_GCC_Generic\Debug/CyLFClk.lst -g -D DEBUG -Wall -ffunction-sections -ffat-lto-objects -Og -c Generated_Source\PSoC4\CyLFClk.c -o .\CortexM0\ARM_GCC_Generic\Debug\CyLFClk.o
arm-none-eabi-as.exe -mcpu=cortex-m0 -mthumb -I. -IGenerated_Source\PSoC4 -alh=.\CortexM0\ARM_GCC_Generic\Debug/cpu_a.lst -g -W -o .\CortexM0\ARM_GCC_Generic\Debug\cpu_a.o ..\..\..\..\..\..\Software\uC-CPU\ARM-Cortex-M0\GNU\cpu_a.s
arm-none-eabi-as.exe -mcpu=cortex-m0 -mthumb -I. -IGenerated_Source\PSoC4 -alh=.\CortexM0\ARM_GCC_Generic\Debug/os_cpu_a.lst -g -W -o .\CortexM0\ARM_GCC_Generic\Debug\os_cpu_a.o ..\..\..\..\..\..\Software\uCOS-II\Ports\ARM-Cortex-M0\Generic\GNU\os_cpu_a.s
arm-none-eabi-as.exe -mcpu=cortex-m0 -mthumb -I. -IGenerated_Source\PSoC4 -alh=.\CortexM0\ARM_GCC_Generic\Debug/CyBootAsmGnu.lst -g -W -o .\CortexM0\ARM_GCC_Generic\Debug\CyBootAsmGnu.o Generated_Source\PSoC4\CyBootAsmGnu.s
arm-none-eabi-ar.exe -rs .\CortexM0\ARM_GCC_Generic\Debug\OS2.a .\CortexM0\ARM_GCC_Generic\Debug\Clock_PWM.o .\CortexM0\ARM_GCC_Generic\Debug\PWM_Blue.o .\CortexM0\ARM_GCC_Generic\Debug\PWM_Blue_PM.o .\CortexM0\ARM_GCC_Generic\Debug\PWM_Green.o .\CortexM0\ARM_GCC_Generic\Debug\PWM_Green_PM.o .\CortexM0\ARM_GCC_Generic\Debug\PWM_Red.o .\CortexM0\ARM_GCC_Generic\Debug\PWM_Red_PM.o .\CortexM0\ARM_GCC_Generic\Debug\Pin_BlueLED.o .\CortexM0\ARM_GCC_Generic\Debug\Pin_BlueLED_PM.o .\CortexM0\ARM_GCC_Generic\Debug\Pin_GreenLED.o .\CortexM0\ARM_GCC_Generic\Debug\Pin_GreenLED_PM.o .\CortexM0\ARM_GCC_Generic\Debug\Pin_RedLED.o .\CortexM0\ARM_GCC_Generic\Debug\Pin_RedLED_PM.o .\CortexM0\ARM_GCC_Generic\Debug\Accel_Pin.o .\CortexM0\ARM_GCC_Generic\Debug\Accel_Pin_PM.o .\CortexM0\ARM_GCC_Generic\Debug\I2C.o .\CortexM0\ARM_GCC_Generic\Debug\I2C_I2C_INT.o .\CortexM0\ARM_GCC_Generic\Debug\I2C_I2C.o .\CortexM0\ARM_GCC_Generic\Debug\I2C_I2C_BOOT.o .\CortexM0\ARM_GCC_Generic\Debug\I2C_I2C_MASTER.o .\CortexM0\ARM_GCC_Generic\Debug\I2C_PM.o .\CortexM0\ARM_GCC_Generic\Debug\I2C_BOOT.o .\CortexM0\ARM_GCC_Generic\Debug\SW2.o .\CortexM0\ARM_GCC_Generic\Debug\SW2_PM.o .\CortexM0\ARM_GCC_Generic\Debug\Accel_ISR.o .\CortexM0\ARM_GCC_Generic\Debug\temp_raw.o .\CortexM0\ARM_GCC_Generic\Debug\temp_raw_PM.o .\CortexM0\ARM_GCC_Generic\Debug\temp_conv.o .\CortexM0\ARM_GCC_Generic\Debug\temp_conv_PM.o .\CortexM0\ARM_GCC_Generic\Debug\Clock_Temp.o .\CortexM0\ARM_GCC_Generic\Debug\Temp_Sensor.o .\CortexM0\ARM_GCC_Generic\Debug\Temp_Sensor_PM.o .\CortexM0\ARM_GCC_Generic\Debug\Temp_Sensor_INT.o .\CortexM0\ARM_GCC_Generic\Debug\Pin_OA_Output.o .\CortexM0\ARM_GCC_Generic\Debug\Pin_OA_Output_PM.o .\CortexM0\ARM_GCC_Generic\Debug\Opamp.o .\CortexM0\ARM_GCC_Generic\Debug\Opamp_PM.o .\CortexM0\ARM_GCC_Generic\Debug\Pin_OA_NonInverting.o .\CortexM0\ARM_GCC_Generic\Debug\Pin_OA_NonInverting_PM.o .\CortexM0\ARM_GCC_Generic\Debug\Pin_OA_Inverting.o .\CortexM0\ARM_GCC_Generic\Debug\Pin_OA_Inverting_PM.o .\CortexM0\ARM_GCC_Generic\Debug\ADC.o .\CortexM0\ARM_GCC_Generic\Debug\ADC_PM.o .\CortexM0\ARM_GCC_Generic\Debug\ADC_INT.o .\CortexM0\ARM_GCC_Generic\Debug\I2C_SCBCLK.o .\CortexM0\ARM_GCC_Generic\Debug\I2C_sda.o .\CortexM0\ARM_GCC_Generic\Debug\I2C_sda_PM.o .\CortexM0\ARM_GCC_Generic\Debug\I2C_scl.o .\CortexM0\ARM_GCC_Generic\Debug\I2C_scl_PM.o .\CortexM0\ARM_GCC_Generic\Debug\I2C_SCB_IRQ.o .\CortexM0\ARM_GCC_Generic\Debug\Temp_Sensor_EOC_ISR.o .\CortexM0\ARM_GCC_Generic\Debug\ADC_IRQ.o .\CortexM0\ARM_GCC_Generic\Debug\ADC_intClock.o .\CortexM0\ARM_GCC_Generic\Debug\cy_em_eeprom.o .\CortexM0\ARM_GCC_Generic\Debug\CyFlash.o .\CortexM0\ARM_GCC_Generic\Debug\CyLib.o .\CortexM0\ARM_GCC_Generic\Debug\cyPm.o .\CortexM0\ARM_GCC_Generic\Debug\cyutils.o .\CortexM0\ARM_GCC_Generic\Debug\CyLFClk.o .\CortexM0\ARM_GCC_Generic\Debug\CyBootAsmGnu.o
arm-none-eabi-ar.exe: creating .\CortexM0\ARM_GCC_Generic\Debug\OS2.a
arm-none-eabi-gcc.exe -Wl,--start-group -o "C:\Users\edulu.DESKTOP-961TG4K\Documents\PSoC Creator\Micrium\Examples\Cypress\CY8CKIT-044\OS2\PSoC\OS2.cydsn\CortexM0\ARM_GCC_Generic\Debug\OS2.elf" .\CortexM0\ARM_GCC_Generic\Debug\app.o .\CortexM0\ARM_GCC_Generic\Debug\app_hooks.o .\CortexM0\ARM_GCC_Generic\Debug\bsp_os.o .\CortexM0\ARM_GCC_Generic\Debug\cpu_bsp.o .\CortexM0\ARM_GCC_Generic\Debug\bsp.o .\CortexM0\ARM_GCC_Generic\Debug\cpu_c.o .\CortexM0\ARM_GCC_Generic\Debug\cpu_core.o .\CortexM0\ARM_GCC_Generic\Debug\os_cpu_c.o .\CortexM0\ARM_GCC_Generic\Debug\os_core.o .\CortexM0\ARM_GCC_Generic\Debug\os_flag.o .\CortexM0\ARM_GCC_Generic\Debug\os_mbox.o .\CortexM0\ARM_GCC_Generic\Debug\os_mem.o .\CortexM0\ARM_GCC_Generic\Debug\os_mutex.o .\CortexM0\ARM_GCC_Generic\Debug\os_q.o .\CortexM0\ARM_GCC_Generic\Debug\os_sem.o .\CortexM0\ARM_GCC_Generic\Debug\os_task.o .\CortexM0\ARM_GCC_Generic\Debug\os_time.o .\CortexM0\ARM_GCC_Generic\Debug\os_tmr.o .\CortexM0\ARM_GCC_Generic\Debug\os_dbg_r.o .\CortexM0\ARM_GCC_Generic\Debug\lib_ascii.o .\CortexM0\ARM_GCC_Generic\Debug\lib_math.o .\CortexM0\ARM_GCC_Generic\Debug\lib_mem.o .\CortexM0\ARM_GCC_Generic\Debug\lib_str.o .\CortexM0\ARM_GCC_Generic\Debug\cyfitter_cfg.o .\CortexM0\ARM_GCC_Generic\Debug\cymetadata.o .\CortexM0\ARM_GCC_Generic\Debug\Cm0Start.o .\CortexM0\ARM_GCC_Generic\Debug\cpu_a.o .\CortexM0\ARM_GCC_Generic\Debug\os_cpu_a.o .\CortexM0\ARM_GCC_Generic\Debug\OS2.a -mcpu=cortex-m0 -mthumb -L Generated_Source\PSoC4 -Wl,-Map,.\CortexM0\ARM_GCC_Generic\Debug/OS2.map -T Generated_Source\PSoC4\cm0gcc.ld -specs=nano.specs -Wl,--gc-sections -g -ffunction-sections -Og -ffat-lto-objects -Wl,--end-group
ERROR: region RAM overflowed with stackERROR: section .stack VMA [20000800,20000fff] overlaps section .bss VMA [20000140,20000ca7]ERROR: section .heap VMA [20000ca8,20000d27] overlaps section .stack VMA [20000800,20000fff]collect2.exe: error: ld returned 1 exit status
The command 'arm-none-eabi-gcc.exe' failed with exit code '1'.
--------------- Rebuild Failed: 02/20/2019 16:54:53 ---------------
