ARM GAS  C:\Users\daniel01\AppData\Local\Temp\ccCyt5VE.s 			page 1


   1              		.syntax unified
   2              		.cpu cortex-m3
   3              		.fpu softvfp
   4              		.eabi_attribute 20, 1
   5              		.eabi_attribute 21, 1
   6              		.eabi_attribute 23, 3
   7              		.eabi_attribute 24, 1
   8              		.eabi_attribute 25, 1
   9              		.eabi_attribute 26, 1
  10              		.eabi_attribute 30, 6
  11              		.eabi_attribute 18, 4
  12              		.thumb
  13              		.file	"LED.c"
  14              		.section	.debug_abbrev,"",%progbits
  15              	.Ldebug_abbrev0:
  16              		.section	.debug_info,"",%progbits
  17              	.Ldebug_info0:
  18              		.section	.debug_line,"",%progbits
  19              	.Ldebug_line0:
  20 0000 AC000000 		.text
  20      02005C00 
  20      00000201 
  20      FB0E0D00 
  20      01010101 
  21              	.Ltext0:
  22              		.cfi_sections	.debug_frame
  23              		.section	.text.LED_Write,"ax",%progbits
  24              		.align	2
  25              		.global	LED_Write
  26              		.thumb
  27              		.thumb_func
  28              		.type	LED_Write, %function
  29              	LED_Write:
  30              	.LFB0:
  31              		.file 1 ".\\Generated_Source\\PSoC5\\LED.c"
   1:.\Generated_Source\PSoC5/LED.c **** /*******************************************************************************
   2:.\Generated_Source\PSoC5/LED.c **** * File Name: LED.c  
   3:.\Generated_Source\PSoC5/LED.c **** * Version 1.70
   4:.\Generated_Source\PSoC5/LED.c **** *
   5:.\Generated_Source\PSoC5/LED.c **** * Description:
   6:.\Generated_Source\PSoC5/LED.c **** *  This file contains API to enable firmware control of a Pins component.
   7:.\Generated_Source\PSoC5/LED.c **** *
   8:.\Generated_Source\PSoC5/LED.c **** * Note:
   9:.\Generated_Source\PSoC5/LED.c **** *
  10:.\Generated_Source\PSoC5/LED.c **** ********************************************************************************
  11:.\Generated_Source\PSoC5/LED.c **** * Copyright 2008-2010, Cypress Semiconductor Corporation.  All rights reserved.
  12:.\Generated_Source\PSoC5/LED.c **** * You may use this file only in accordance with the license, terms, conditions, 
  13:.\Generated_Source\PSoC5/LED.c **** * disclaimers, and limitations in the end user license agreement accompanying 
  14:.\Generated_Source\PSoC5/LED.c **** * the software package with which this file was provided.
  15:.\Generated_Source\PSoC5/LED.c **** ********************************************************************************/
  16:.\Generated_Source\PSoC5/LED.c **** 
  17:.\Generated_Source\PSoC5/LED.c **** #include "cytypes.h"
  18:.\Generated_Source\PSoC5/LED.c **** #include "LED.h"
  19:.\Generated_Source\PSoC5/LED.c **** 
  20:.\Generated_Source\PSoC5/LED.c **** /* APIs are not generated for P15[7:6] */
  21:.\Generated_Source\PSoC5/LED.c **** #if !(CY_PSOC5A &&\
  22:.\Generated_Source\PSoC5/LED.c **** 	 LED__PORT == 15 && (LED__MASK & 0xC0))
ARM GAS  C:\Users\daniel01\AppData\Local\Temp\ccCyt5VE.s 			page 2


  23:.\Generated_Source\PSoC5/LED.c **** 
  24:.\Generated_Source\PSoC5/LED.c **** /*******************************************************************************
  25:.\Generated_Source\PSoC5/LED.c **** * Function Name: LED_Write
  26:.\Generated_Source\PSoC5/LED.c **** ********************************************************************************
  27:.\Generated_Source\PSoC5/LED.c **** * Summary:
  28:.\Generated_Source\PSoC5/LED.c **** *  Assign a new value to the digital port's data output register.  
  29:.\Generated_Source\PSoC5/LED.c **** *
  30:.\Generated_Source\PSoC5/LED.c **** * Parameters:  
  31:.\Generated_Source\PSoC5/LED.c **** *  prtValue:  The value to be assigned to the Digital Port. 
  32:.\Generated_Source\PSoC5/LED.c **** *
  33:.\Generated_Source\PSoC5/LED.c **** * Return: 
  34:.\Generated_Source\PSoC5/LED.c **** *  void 
  35:.\Generated_Source\PSoC5/LED.c **** *  
  36:.\Generated_Source\PSoC5/LED.c **** *******************************************************************************/
  37:.\Generated_Source\PSoC5/LED.c **** void LED_Write(uint8 value) 
  38:.\Generated_Source\PSoC5/LED.c **** {
  32              		.loc 1 38 0
  33              		.cfi_startproc
  34              		@ args = 0, pretend = 0, frame = 16
  35              		@ frame_needed = 1, uses_anonymous_args = 0
  36              		@ link register save eliminated.
  37 0000 80B4     		push	{r7}
  38              	.LCFI0:
  39              		.cfi_def_cfa_offset 4
  40 0002 85B0     		sub	sp, sp, #20
  41              	.LCFI1:
  42              		.cfi_def_cfa_offset 24
  43 0004 00AF     		add	r7, sp, #0
  44              		.cfi_offset 7, -4
  45              	.LCFI2:
  46              		.cfi_def_cfa_register 7
  47 0006 0346     		mov	r3, r0
  48 0008 FB71     		strb	r3, [r7, #7]
  39:.\Generated_Source\PSoC5/LED.c ****     uint8 staticBits = LED_DR & ~LED_MASK;
  49              		.loc 1 39 0
  50 000a 45F26013 		movw	r3, #:lower16:1073762656
  51 000e C4F20003 		movt	r3, #:upper16:1073762656
  52 0012 1B78     		ldrb	r3, [r3, #0]
  53 0014 DBB2     		uxtb	r3, r3
  54 0016 23F00C03 		bic	r3, r3, #12
  55 001a FB73     		strb	r3, [r7, #15]
  40:.\Generated_Source\PSoC5/LED.c ****     LED_DR = staticBits | ((value << LED_SHIFT) & LED_MASK);
  56              		.loc 1 40 0
  57 001c 45F26013 		movw	r3, #:lower16:1073762656
  58 0020 C4F20003 		movt	r3, #:upper16:1073762656
  59 0024 FA79     		ldrb	r2, [r7, #7]
  60 0026 4FEA8202 		lsl	r2, r2, #2
  61 002a D2B2     		uxtb	r2, r2
  62 002c 02F00C02 		and	r2, r2, #12
  63 0030 F97B     		ldrb	r1, [r7, #15]
  64 0032 42EA0102 		orr	r2, r2, r1
  65 0036 D2B2     		uxtb	r2, r2
  66 0038 1A70     		strb	r2, [r3, #0]
  41:.\Generated_Source\PSoC5/LED.c **** }
  67              		.loc 1 41 0
  68 003a 07F11407 		add	r7, r7, #20
  69 003e BD46     		mov	sp, r7
ARM GAS  C:\Users\daniel01\AppData\Local\Temp\ccCyt5VE.s 			page 3


  70 0040 80BC     		pop	{r7}
  71 0042 7047     		bx	lr
  72              		.cfi_endproc
  73              	.LFE0:
  74              		.size	LED_Write, .-LED_Write
  75              		.section	.text.LED_SetDriveMode,"ax",%progbits
  76              		.align	2
  77              		.global	LED_SetDriveMode
  78              		.thumb
  79              		.thumb_func
  80              		.type	LED_SetDriveMode, %function
  81              	LED_SetDriveMode:
  82              	.LFB1:
  42:.\Generated_Source\PSoC5/LED.c **** 
  43:.\Generated_Source\PSoC5/LED.c **** 
  44:.\Generated_Source\PSoC5/LED.c **** /*******************************************************************************
  45:.\Generated_Source\PSoC5/LED.c **** * Function Name: LED_SetDriveMode
  46:.\Generated_Source\PSoC5/LED.c **** ********************************************************************************
  47:.\Generated_Source\PSoC5/LED.c **** * Summary:
  48:.\Generated_Source\PSoC5/LED.c **** *  Change the drive mode on the pins of the port.
  49:.\Generated_Source\PSoC5/LED.c **** * 
  50:.\Generated_Source\PSoC5/LED.c **** * Parameters:  
  51:.\Generated_Source\PSoC5/LED.c **** *  mode:  Change the pins to this drive mode.
  52:.\Generated_Source\PSoC5/LED.c **** *
  53:.\Generated_Source\PSoC5/LED.c **** * Return: 
  54:.\Generated_Source\PSoC5/LED.c **** *  void
  55:.\Generated_Source\PSoC5/LED.c **** *
  56:.\Generated_Source\PSoC5/LED.c **** *******************************************************************************/
  57:.\Generated_Source\PSoC5/LED.c **** void LED_SetDriveMode(uint8 mode) 
  58:.\Generated_Source\PSoC5/LED.c **** {
  83              		.loc 1 58 0
  84              		.cfi_startproc
  85              		@ args = 0, pretend = 0, frame = 8
  86              		@ frame_needed = 1, uses_anonymous_args = 0
  87              		@ link register save eliminated.
  88 0000 80B4     		push	{r7}
  89              	.LCFI3:
  90              		.cfi_def_cfa_offset 4
  91 0002 83B0     		sub	sp, sp, #12
  92              	.LCFI4:
  93              		.cfi_def_cfa_offset 16
  94 0004 00AF     		add	r7, sp, #0
  95              		.cfi_offset 7, -4
  96              	.LCFI5:
  97              		.cfi_def_cfa_register 7
  98 0006 0346     		mov	r3, r0
  99 0008 FB71     		strb	r3, [r7, #7]
  59:.\Generated_Source\PSoC5/LED.c **** 	CyPins_SetPinDriveMode(LED_0, mode);
 100              		.loc 1 59 0
 101 000a 45F23203 		movw	r3, #:lower16:1073762354
 102 000e C4F20003 		movt	r3, #:upper16:1073762354
 103 0012 45F23202 		movw	r2, #:lower16:1073762354
 104 0016 C4F20002 		movt	r2, #:upper16:1073762354
 105 001a 1278     		ldrb	r2, [r2, #0]
 106 001c D2B2     		uxtb	r2, r2
 107 001e 1146     		mov	r1, r2
 108 0020 01F0F101 		and	r1, r1, #241
ARM GAS  C:\Users\daniel01\AppData\Local\Temp\ccCyt5VE.s 			page 4


 109 0024 FA79     		ldrb	r2, [r7, #7]	@ zero_extendqisi2
 110 0026 02F00E02 		and	r2, r2, #14
 111 002a 41EA0202 		orr	r2, r1, r2
 112 002e D2B2     		uxtb	r2, r2
 113 0030 1A70     		strb	r2, [r3, #0]
  60:.\Generated_Source\PSoC5/LED.c **** 	CyPins_SetPinDriveMode(LED_1, mode);
 114              		.loc 1 60 0
 115 0032 45F23303 		movw	r3, #:lower16:1073762355
 116 0036 C4F20003 		movt	r3, #:upper16:1073762355
 117 003a 45F23302 		movw	r2, #:lower16:1073762355
 118 003e C4F20002 		movt	r2, #:upper16:1073762355
 119 0042 1278     		ldrb	r2, [r2, #0]
 120 0044 D2B2     		uxtb	r2, r2
 121 0046 1146     		mov	r1, r2
 122 0048 01F0F101 		and	r1, r1, #241
 123 004c FA79     		ldrb	r2, [r7, #7]	@ zero_extendqisi2
 124 004e 02F00E02 		and	r2, r2, #14
 125 0052 41EA0202 		orr	r2, r1, r2
 126 0056 D2B2     		uxtb	r2, r2
 127 0058 1A70     		strb	r2, [r3, #0]
  61:.\Generated_Source\PSoC5/LED.c **** }
 128              		.loc 1 61 0
 129 005a 07F10C07 		add	r7, r7, #12
 130 005e BD46     		mov	sp, r7
 131 0060 80BC     		pop	{r7}
 132 0062 7047     		bx	lr
 133              		.cfi_endproc
 134              	.LFE1:
 135              		.size	LED_SetDriveMode, .-LED_SetDriveMode
 136              		.section	.text.LED_Read,"ax",%progbits
 137              		.align	2
 138              		.global	LED_Read
 139              		.thumb
 140              		.thumb_func
 141              		.type	LED_Read, %function
 142              	LED_Read:
 143              	.LFB2:
  62:.\Generated_Source\PSoC5/LED.c **** 
  63:.\Generated_Source\PSoC5/LED.c **** 
  64:.\Generated_Source\PSoC5/LED.c **** /*******************************************************************************
  65:.\Generated_Source\PSoC5/LED.c **** * Function Name: LED_Read
  66:.\Generated_Source\PSoC5/LED.c **** ********************************************************************************
  67:.\Generated_Source\PSoC5/LED.c **** * Summary:
  68:.\Generated_Source\PSoC5/LED.c **** *  Read the current value on the pins of the Digital Port in right justified 
  69:.\Generated_Source\PSoC5/LED.c **** *  form.
  70:.\Generated_Source\PSoC5/LED.c **** *
  71:.\Generated_Source\PSoC5/LED.c **** * Parameters:  
  72:.\Generated_Source\PSoC5/LED.c **** *  void 
  73:.\Generated_Source\PSoC5/LED.c **** *
  74:.\Generated_Source\PSoC5/LED.c **** * Return: 
  75:.\Generated_Source\PSoC5/LED.c **** *  Returns the current value of the Digital Port as a right justified number
  76:.\Generated_Source\PSoC5/LED.c **** *  
  77:.\Generated_Source\PSoC5/LED.c **** * Note:
  78:.\Generated_Source\PSoC5/LED.c **** *  Macro LED_ReadPS calls this function. 
  79:.\Generated_Source\PSoC5/LED.c **** *  
  80:.\Generated_Source\PSoC5/LED.c **** *******************************************************************************/
  81:.\Generated_Source\PSoC5/LED.c **** uint8 LED_Read(void) 
ARM GAS  C:\Users\daniel01\AppData\Local\Temp\ccCyt5VE.s 			page 5


  82:.\Generated_Source\PSoC5/LED.c **** {
 144              		.loc 1 82 0
 145              		.cfi_startproc
 146              		@ args = 0, pretend = 0, frame = 0
 147              		@ frame_needed = 1, uses_anonymous_args = 0
 148              		@ link register save eliminated.
 149 0000 80B4     		push	{r7}
 150              	.LCFI6:
 151              		.cfi_def_cfa_offset 4
 152 0002 00AF     		add	r7, sp, #0
 153              		.cfi_offset 7, -4
 154              	.LCFI7:
 155              		.cfi_def_cfa_register 7
  83:.\Generated_Source\PSoC5/LED.c ****     return (LED_PS & LED_MASK) >> LED_SHIFT;
 156              		.loc 1 83 0
 157 0004 45F26113 		movw	r3, #:lower16:1073762657
 158 0008 C4F20003 		movt	r3, #:upper16:1073762657
 159 000c 1B78     		ldrb	r3, [r3, #0]
 160 000e DBB2     		uxtb	r3, r3
 161 0010 03F00C03 		and	r3, r3, #12
 162 0014 4FEA9303 		lsr	r3, r3, #2
 163 0018 DBB2     		uxtb	r3, r3
  84:.\Generated_Source\PSoC5/LED.c **** }
 164              		.loc 1 84 0
 165 001a 1846     		mov	r0, r3
 166 001c BD46     		mov	sp, r7
 167 001e 80BC     		pop	{r7}
 168 0020 7047     		bx	lr
 169              		.cfi_endproc
 170              	.LFE2:
 171              		.size	LED_Read, .-LED_Read
 172 0022 00BF     		.section	.text.LED_ReadDataReg,"ax",%progbits
 173              		.align	2
 174              		.global	LED_ReadDataReg
 175              		.thumb
 176              		.thumb_func
 177              		.type	LED_ReadDataReg, %function
 178              	LED_ReadDataReg:
 179              	.LFB3:
  85:.\Generated_Source\PSoC5/LED.c **** 
  86:.\Generated_Source\PSoC5/LED.c **** 
  87:.\Generated_Source\PSoC5/LED.c **** /*******************************************************************************
  88:.\Generated_Source\PSoC5/LED.c **** * Function Name: LED_ReadDataReg
  89:.\Generated_Source\PSoC5/LED.c **** ********************************************************************************
  90:.\Generated_Source\PSoC5/LED.c **** * Summary:
  91:.\Generated_Source\PSoC5/LED.c **** *  Read the current value assigned to a Digital Port's data output register
  92:.\Generated_Source\PSoC5/LED.c **** *
  93:.\Generated_Source\PSoC5/LED.c **** * Parameters:  
  94:.\Generated_Source\PSoC5/LED.c **** *  void 
  95:.\Generated_Source\PSoC5/LED.c **** *
  96:.\Generated_Source\PSoC5/LED.c **** * Return: 
  97:.\Generated_Source\PSoC5/LED.c **** *  Returns the current value assigned to the Digital Port's data output register
  98:.\Generated_Source\PSoC5/LED.c **** *  
  99:.\Generated_Source\PSoC5/LED.c **** *******************************************************************************/
 100:.\Generated_Source\PSoC5/LED.c **** uint8 LED_ReadDataReg(void) 
 101:.\Generated_Source\PSoC5/LED.c **** {
 180              		.loc 1 101 0
ARM GAS  C:\Users\daniel01\AppData\Local\Temp\ccCyt5VE.s 			page 6


 181              		.cfi_startproc
 182              		@ args = 0, pretend = 0, frame = 0
 183              		@ frame_needed = 1, uses_anonymous_args = 0
 184              		@ link register save eliminated.
 185 0000 80B4     		push	{r7}
 186              	.LCFI8:
 187              		.cfi_def_cfa_offset 4
 188 0002 00AF     		add	r7, sp, #0
 189              		.cfi_offset 7, -4
 190              	.LCFI9:
 191              		.cfi_def_cfa_register 7
 102:.\Generated_Source\PSoC5/LED.c ****     return (LED_DR & LED_MASK) >> LED_SHIFT;
 192              		.loc 1 102 0
 193 0004 45F26013 		movw	r3, #:lower16:1073762656
 194 0008 C4F20003 		movt	r3, #:upper16:1073762656
 195 000c 1B78     		ldrb	r3, [r3, #0]
 196 000e DBB2     		uxtb	r3, r3
 197 0010 03F00C03 		and	r3, r3, #12
 198 0014 4FEA9303 		lsr	r3, r3, #2
 199 0018 DBB2     		uxtb	r3, r3
 103:.\Generated_Source\PSoC5/LED.c **** }
 200              		.loc 1 103 0
 201 001a 1846     		mov	r0, r3
 202 001c BD46     		mov	sp, r7
 203 001e 80BC     		pop	{r7}
 204 0020 7047     		bx	lr
 205              		.cfi_endproc
 206              	.LFE3:
 207              		.size	LED_ReadDataReg, .-LED_ReadDataReg
 208 0022 00BF     		.text
 209              	.Letext0:
 210              		.section	.debug_loc,"",%progbits
 211              	.Ldebug_loc0:
 212              	.LLST0:
 213 0000 00000000 		.4byte	.LFB0
 214 0004 02000000 		.4byte	.LCFI0
 215 0008 0100     		.2byte	0x1
 216 000a 5D       		.byte	0x5d
 217 000b 02000000 		.4byte	.LCFI0
 218 000f 04000000 		.4byte	.LCFI1
 219 0013 0200     		.2byte	0x2
 220 0015 7D       		.byte	0x7d
 221 0016 04       		.sleb128 4
 222 0017 04000000 		.4byte	.LCFI1
 223 001b 06000000 		.4byte	.LCFI2
 224 001f 0200     		.2byte	0x2
 225 0021 7D       		.byte	0x7d
 226 0022 18       		.sleb128 24
 227 0023 06000000 		.4byte	.LCFI2
 228 0027 44000000 		.4byte	.LFE0
 229 002b 0200     		.2byte	0x2
 230 002d 77       		.byte	0x77
 231 002e 18       		.sleb128 24
 232 002f 00000000 		.4byte	0x0
 233 0033 00000000 		.4byte	0x0
 234              	.LLST1:
 235 0037 00000000 		.4byte	.LFB1
ARM GAS  C:\Users\daniel01\AppData\Local\Temp\ccCyt5VE.s 			page 7


 236 003b 02000000 		.4byte	.LCFI3
 237 003f 0100     		.2byte	0x1
 238 0041 5D       		.byte	0x5d
 239 0042 02000000 		.4byte	.LCFI3
 240 0046 04000000 		.4byte	.LCFI4
 241 004a 0200     		.2byte	0x2
 242 004c 7D       		.byte	0x7d
 243 004d 04       		.sleb128 4
 244 004e 04000000 		.4byte	.LCFI4
 245 0052 06000000 		.4byte	.LCFI5
 246 0056 0200     		.2byte	0x2
 247 0058 7D       		.byte	0x7d
 248 0059 10       		.sleb128 16
 249 005a 06000000 		.4byte	.LCFI5
 250 005e 64000000 		.4byte	.LFE1
 251 0062 0200     		.2byte	0x2
 252 0064 77       		.byte	0x77
 253 0065 10       		.sleb128 16
 254 0066 00000000 		.4byte	0x0
 255 006a 00000000 		.4byte	0x0
 256              	.LLST2:
 257 006e 00000000 		.4byte	.LFB2
 258 0072 02000000 		.4byte	.LCFI6
 259 0076 0100     		.2byte	0x1
 260 0078 5D       		.byte	0x5d
 261 0079 02000000 		.4byte	.LCFI6
 262 007d 04000000 		.4byte	.LCFI7
 263 0081 0200     		.2byte	0x2
 264 0083 7D       		.byte	0x7d
 265 0084 04       		.sleb128 4
 266 0085 04000000 		.4byte	.LCFI7
 267 0089 22000000 		.4byte	.LFE2
 268 008d 0200     		.2byte	0x2
 269 008f 77       		.byte	0x77
 270 0090 04       		.sleb128 4
 271 0091 00000000 		.4byte	0x0
 272 0095 00000000 		.4byte	0x0
 273              	.LLST3:
 274 0099 00000000 		.4byte	.LFB3
 275 009d 02000000 		.4byte	.LCFI8
 276 00a1 0100     		.2byte	0x1
 277 00a3 5D       		.byte	0x5d
 278 00a4 02000000 		.4byte	.LCFI8
 279 00a8 04000000 		.4byte	.LCFI9
 280 00ac 0200     		.2byte	0x2
 281 00ae 7D       		.byte	0x7d
 282 00af 04       		.sleb128 4
 283 00b0 04000000 		.4byte	.LCFI9
 284 00b4 22000000 		.4byte	.LFE3
 285 00b8 0200     		.2byte	0x2
 286 00ba 77       		.byte	0x77
 287 00bb 04       		.sleb128 4
 288 00bc 00000000 		.4byte	0x0
 289 00c0 00000000 		.4byte	0x0
 290              		.file 2 ".\\Generated_Source\\PSoC5\\/cytypes.h"
 291              		.section	.debug_info
 292 0000 0E010000 		.4byte	0x10e
ARM GAS  C:\Users\daniel01\AppData\Local\Temp\ccCyt5VE.s 			page 8


 293 0004 0200     		.2byte	0x2
 294 0006 00000000 		.4byte	.Ldebug_abbrev0
 295 000a 04       		.byte	0x4
 296 000b 01       		.uleb128 0x1
 297 000c 62010000 		.4byte	.LASF16
 298 0010 01       		.byte	0x1
 299 0011 F9000000 		.4byte	.LASF17
 300 0015 5C000000 		.4byte	.LASF18
 301 0019 00000000 		.4byte	0x0
 302 001d 00000000 		.4byte	0x0
 303 0021 00000000 		.4byte	.Ldebug_ranges0+0x0
 304 0025 00000000 		.4byte	.Ldebug_line0
 305 0029 02       		.uleb128 0x2
 306 002a 01       		.byte	0x1
 307 002b 06       		.byte	0x6
 308 002c 95010000 		.4byte	.LASF0
 309 0030 02       		.uleb128 0x2
 310 0031 01       		.byte	0x1
 311 0032 08       		.byte	0x8
 312 0033 29000000 		.4byte	.LASF1
 313 0037 02       		.uleb128 0x2
 314 0038 02       		.byte	0x2
 315 0039 05       		.byte	0x5
 316 003a 73010000 		.4byte	.LASF2
 317 003e 02       		.uleb128 0x2
 318 003f 02       		.byte	0x2
 319 0040 07       		.byte	0x7
 320 0041 49000000 		.4byte	.LASF3
 321 0045 02       		.uleb128 0x2
 322 0046 04       		.byte	0x4
 323 0047 05       		.byte	0x5
 324 0048 8C010000 		.4byte	.LASF4
 325 004c 02       		.uleb128 0x2
 326 004d 04       		.byte	0x4
 327 004e 07       		.byte	0x7
 328 004f 37000000 		.4byte	.LASF5
 329 0053 02       		.uleb128 0x2
 330 0054 08       		.byte	0x8
 331 0055 05       		.byte	0x5
 332 0056 00000000 		.4byte	.LASF6
 333 005a 02       		.uleb128 0x2
 334 005b 08       		.byte	0x8
 335 005c 07       		.byte	0x7
 336 005d 46010000 		.4byte	.LASF7
 337 0061 03       		.uleb128 0x3
 338 0062 04       		.byte	0x4
 339 0063 05       		.byte	0x5
 340 0064 696E7400 		.ascii	"int\000"
 341 0068 02       		.uleb128 0x2
 342 0069 04       		.byte	0x4
 343 006a 07       		.byte	0x7
 344 006b 39010000 		.4byte	.LASF8
 345 006f 02       		.uleb128 0x2
 346 0070 01       		.byte	0x1
 347 0071 08       		.byte	0x8
 348 0072 6E010000 		.4byte	.LASF9
 349 0076 04       		.uleb128 0x4
ARM GAS  C:\Users\daniel01\AppData\Local\Temp\ccCyt5VE.s 			page 9


 350 0077 86010000 		.4byte	.LASF19
 351 007b 02       		.byte	0x2
 352 007c 60       		.byte	0x60
 353 007d 30000000 		.4byte	0x30
 354 0081 05       		.uleb128 0x5
 355 0082 01       		.byte	0x1
 356 0083 0E000000 		.4byte	.LASF10
 357 0087 01       		.byte	0x1
 358 0088 25       		.byte	0x25
 359 0089 01       		.byte	0x1
 360 008a 00000000 		.4byte	.LFB0
 361 008e 44000000 		.4byte	.LFE0
 362 0092 00000000 		.4byte	.LLST0
 363 0096 B7000000 		.4byte	0xb7
 364 009a 06       		.uleb128 0x6
 365 009b 18000000 		.4byte	.LASF12
 366 009f 01       		.byte	0x1
 367 00a0 25       		.byte	0x25
 368 00a1 76000000 		.4byte	0x76
 369 00a5 02       		.byte	0x2
 370 00a6 91       		.byte	0x91
 371 00a7 6F       		.sleb128 -17
 372 00a8 07       		.uleb128 0x7
 373 00a9 1E000000 		.4byte	.LASF20
 374 00ad 01       		.byte	0x1
 375 00ae 27       		.byte	0x27
 376 00af 76000000 		.4byte	0x76
 377 00b3 02       		.byte	0x2
 378 00b4 91       		.byte	0x91
 379 00b5 77       		.sleb128 -9
 380 00b6 00       		.byte	0x0
 381 00b7 05       		.uleb128 0x5
 382 00b8 01       		.byte	0x1
 383 00b9 28010000 		.4byte	.LASF11
 384 00bd 01       		.byte	0x1
 385 00be 39       		.byte	0x39
 386 00bf 01       		.byte	0x1
 387 00c0 00000000 		.4byte	.LFB1
 388 00c4 64000000 		.4byte	.LFE1
 389 00c8 37000000 		.4byte	.LLST1
 390 00cc DF000000 		.4byte	0xdf
 391 00d0 06       		.uleb128 0x6
 392 00d1 5D010000 		.4byte	.LASF13
 393 00d5 01       		.byte	0x1
 394 00d6 39       		.byte	0x39
 395 00d7 76000000 		.4byte	0x76
 396 00db 02       		.byte	0x2
 397 00dc 91       		.byte	0x91
 398 00dd 77       		.sleb128 -9
 399 00de 00       		.byte	0x0
 400 00df 08       		.uleb128 0x8
 401 00e0 01       		.byte	0x1
 402 00e1 7D010000 		.4byte	.LASF14
 403 00e5 01       		.byte	0x1
 404 00e6 51       		.byte	0x51
 405 00e7 01       		.byte	0x1
 406 00e8 76000000 		.4byte	0x76
ARM GAS  C:\Users\daniel01\AppData\Local\Temp\ccCyt5VE.s 			page 10


 407 00ec 00000000 		.4byte	.LFB2
 408 00f0 22000000 		.4byte	.LFE2
 409 00f4 6E000000 		.4byte	.LLST2
 410 00f8 08       		.uleb128 0x8
 411 00f9 01       		.byte	0x1
 412 00fa 18010000 		.4byte	.LASF15
 413 00fe 01       		.byte	0x1
 414 00ff 64       		.byte	0x64
 415 0100 01       		.byte	0x1
 416 0101 76000000 		.4byte	0x76
 417 0105 00000000 		.4byte	.LFB3
 418 0109 22000000 		.4byte	.LFE3
 419 010d 99000000 		.4byte	.LLST3
 420 0111 00       		.byte	0x0
 421              		.section	.debug_abbrev
 422 0000 01       		.uleb128 0x1
 423 0001 11       		.uleb128 0x11
 424 0002 01       		.byte	0x1
 425 0003 25       		.uleb128 0x25
 426 0004 0E       		.uleb128 0xe
 427 0005 13       		.uleb128 0x13
 428 0006 0B       		.uleb128 0xb
 429 0007 03       		.uleb128 0x3
 430 0008 0E       		.uleb128 0xe
 431 0009 1B       		.uleb128 0x1b
 432 000a 0E       		.uleb128 0xe
 433 000b 11       		.uleb128 0x11
 434 000c 01       		.uleb128 0x1
 435 000d 52       		.uleb128 0x52
 436 000e 01       		.uleb128 0x1
 437 000f 55       		.uleb128 0x55
 438 0010 06       		.uleb128 0x6
 439 0011 10       		.uleb128 0x10
 440 0012 06       		.uleb128 0x6
 441 0013 00       		.byte	0x0
 442 0014 00       		.byte	0x0
 443 0015 02       		.uleb128 0x2
 444 0016 24       		.uleb128 0x24
 445 0017 00       		.byte	0x0
 446 0018 0B       		.uleb128 0xb
 447 0019 0B       		.uleb128 0xb
 448 001a 3E       		.uleb128 0x3e
 449 001b 0B       		.uleb128 0xb
 450 001c 03       		.uleb128 0x3
 451 001d 0E       		.uleb128 0xe
 452 001e 00       		.byte	0x0
 453 001f 00       		.byte	0x0
 454 0020 03       		.uleb128 0x3
 455 0021 24       		.uleb128 0x24
 456 0022 00       		.byte	0x0
 457 0023 0B       		.uleb128 0xb
 458 0024 0B       		.uleb128 0xb
 459 0025 3E       		.uleb128 0x3e
 460 0026 0B       		.uleb128 0xb
 461 0027 03       		.uleb128 0x3
 462 0028 08       		.uleb128 0x8
 463 0029 00       		.byte	0x0
ARM GAS  C:\Users\daniel01\AppData\Local\Temp\ccCyt5VE.s 			page 11


 464 002a 00       		.byte	0x0
 465 002b 04       		.uleb128 0x4
 466 002c 16       		.uleb128 0x16
 467 002d 00       		.byte	0x0
 468 002e 03       		.uleb128 0x3
 469 002f 0E       		.uleb128 0xe
 470 0030 3A       		.uleb128 0x3a
 471 0031 0B       		.uleb128 0xb
 472 0032 3B       		.uleb128 0x3b
 473 0033 0B       		.uleb128 0xb
 474 0034 49       		.uleb128 0x49
 475 0035 13       		.uleb128 0x13
 476 0036 00       		.byte	0x0
 477 0037 00       		.byte	0x0
 478 0038 05       		.uleb128 0x5
 479 0039 2E       		.uleb128 0x2e
 480 003a 01       		.byte	0x1
 481 003b 3F       		.uleb128 0x3f
 482 003c 0C       		.uleb128 0xc
 483 003d 03       		.uleb128 0x3
 484 003e 0E       		.uleb128 0xe
 485 003f 3A       		.uleb128 0x3a
 486 0040 0B       		.uleb128 0xb
 487 0041 3B       		.uleb128 0x3b
 488 0042 0B       		.uleb128 0xb
 489 0043 27       		.uleb128 0x27
 490 0044 0C       		.uleb128 0xc
 491 0045 11       		.uleb128 0x11
 492 0046 01       		.uleb128 0x1
 493 0047 12       		.uleb128 0x12
 494 0048 01       		.uleb128 0x1
 495 0049 40       		.uleb128 0x40
 496 004a 06       		.uleb128 0x6
 497 004b 01       		.uleb128 0x1
 498 004c 13       		.uleb128 0x13
 499 004d 00       		.byte	0x0
 500 004e 00       		.byte	0x0
 501 004f 06       		.uleb128 0x6
 502 0050 05       		.uleb128 0x5
 503 0051 00       		.byte	0x0
 504 0052 03       		.uleb128 0x3
 505 0053 0E       		.uleb128 0xe
 506 0054 3A       		.uleb128 0x3a
 507 0055 0B       		.uleb128 0xb
 508 0056 3B       		.uleb128 0x3b
 509 0057 0B       		.uleb128 0xb
 510 0058 49       		.uleb128 0x49
 511 0059 13       		.uleb128 0x13
 512 005a 02       		.uleb128 0x2
 513 005b 0A       		.uleb128 0xa
 514 005c 00       		.byte	0x0
 515 005d 00       		.byte	0x0
 516 005e 07       		.uleb128 0x7
 517 005f 34       		.uleb128 0x34
 518 0060 00       		.byte	0x0
 519 0061 03       		.uleb128 0x3
 520 0062 0E       		.uleb128 0xe
ARM GAS  C:\Users\daniel01\AppData\Local\Temp\ccCyt5VE.s 			page 12


 521 0063 3A       		.uleb128 0x3a
 522 0064 0B       		.uleb128 0xb
 523 0065 3B       		.uleb128 0x3b
 524 0066 0B       		.uleb128 0xb
 525 0067 49       		.uleb128 0x49
 526 0068 13       		.uleb128 0x13
 527 0069 02       		.uleb128 0x2
 528 006a 0A       		.uleb128 0xa
 529 006b 00       		.byte	0x0
 530 006c 00       		.byte	0x0
 531 006d 08       		.uleb128 0x8
 532 006e 2E       		.uleb128 0x2e
 533 006f 00       		.byte	0x0
 534 0070 3F       		.uleb128 0x3f
 535 0071 0C       		.uleb128 0xc
 536 0072 03       		.uleb128 0x3
 537 0073 0E       		.uleb128 0xe
 538 0074 3A       		.uleb128 0x3a
 539 0075 0B       		.uleb128 0xb
 540 0076 3B       		.uleb128 0x3b
 541 0077 0B       		.uleb128 0xb
 542 0078 27       		.uleb128 0x27
 543 0079 0C       		.uleb128 0xc
 544 007a 49       		.uleb128 0x49
 545 007b 13       		.uleb128 0x13
 546 007c 11       		.uleb128 0x11
 547 007d 01       		.uleb128 0x1
 548 007e 12       		.uleb128 0x12
 549 007f 01       		.uleb128 0x1
 550 0080 40       		.uleb128 0x40
 551 0081 06       		.uleb128 0x6
 552 0082 00       		.byte	0x0
 553 0083 00       		.byte	0x0
 554 0084 00       		.byte	0x0
 555              		.section	.debug_pubnames,"",%progbits
 556 0000 52000000 		.4byte	0x52
 557 0004 0200     		.2byte	0x2
 558 0006 00000000 		.4byte	.Ldebug_info0
 559 000a 12010000 		.4byte	0x112
 560 000e 81000000 		.4byte	0x81
 561 0012 4C45445F 		.ascii	"LED_Write\000"
 561      57726974 
 561      6500
 562 001c B7000000 		.4byte	0xb7
 563 0020 4C45445F 		.ascii	"LED_SetDriveMode\000"
 563      53657444 
 563      72697665 
 563      4D6F6465 
 563      00
 564 0031 DF000000 		.4byte	0xdf
 565 0035 4C45445F 		.ascii	"LED_Read\000"
 565      52656164 
 565      00
 566 003e F8000000 		.4byte	0xf8
 567 0042 4C45445F 		.ascii	"LED_ReadDataReg\000"
 567      52656164 
 567      44617461 
ARM GAS  C:\Users\daniel01\AppData\Local\Temp\ccCyt5VE.s 			page 13


 567      52656700 
 568 0052 00000000 		.4byte	0x0
 569              		.section	.debug_aranges,"",%progbits
 570 0000 34000000 		.4byte	0x34
 571 0004 0200     		.2byte	0x2
 572 0006 00000000 		.4byte	.Ldebug_info0
 573 000a 04       		.byte	0x4
 574 000b 00       		.byte	0x0
 575 000c 0000     		.2byte	0x0
 576 000e 0000     		.2byte	0x0
 577 0010 00000000 		.4byte	.LFB0
 578 0014 44000000 		.4byte	.LFE0-.LFB0
 579 0018 00000000 		.4byte	.LFB1
 580 001c 64000000 		.4byte	.LFE1-.LFB1
 581 0020 00000000 		.4byte	.LFB2
 582 0024 22000000 		.4byte	.LFE2-.LFB2
 583 0028 00000000 		.4byte	.LFB3
 584 002c 22000000 		.4byte	.LFE3-.LFB3
 585 0030 00000000 		.4byte	0x0
 586 0034 00000000 		.4byte	0x0
 587              		.section	.debug_ranges,"",%progbits
 588              	.Ldebug_ranges0:
 589 0000 00000000 		.4byte	.Ltext0
 590 0004 00000000 		.4byte	.Letext0
 591 0008 00000000 		.4byte	.LFB0
 592 000c 44000000 		.4byte	.LFE0
 593 0010 00000000 		.4byte	.LFB1
 594 0014 64000000 		.4byte	.LFE1
 595 0018 00000000 		.4byte	.LFB2
 596 001c 22000000 		.4byte	.LFE2
 597 0020 00000000 		.4byte	.LFB3
 598 0024 22000000 		.4byte	.LFE3
 599 0028 00000000 		.4byte	0x0
 600 002c 00000000 		.4byte	0x0
 601              		.section	.debug_str,"MS",%progbits,1
 602              	.LASF6:
 603 0000 6C6F6E67 		.ascii	"long long int\000"
 603      206C6F6E 
 603      6720696E 
 603      7400
 604              	.LASF10:
 605 000e 4C45445F 		.ascii	"LED_Write\000"
 605      57726974 
 605      6500
 606              	.LASF12:
 607 0018 76616C75 		.ascii	"value\000"
 607      6500
 608              	.LASF20:
 609 001e 73746174 		.ascii	"staticBits\000"
 609      69634269 
 609      747300
 610              	.LASF1:
 611 0029 756E7369 		.ascii	"unsigned char\000"
 611      676E6564 
 611      20636861 
 611      7200
 612              	.LASF5:
ARM GAS  C:\Users\daniel01\AppData\Local\Temp\ccCyt5VE.s 			page 14


 613 0037 6C6F6E67 		.ascii	"long unsigned int\000"
 613      20756E73 
 613      69676E65 
 613      6420696E 
 613      7400
 614              	.LASF3:
 615 0049 73686F72 		.ascii	"short unsigned int\000"
 615      7420756E 
 615      7369676E 
 615      65642069 
 615      6E7400
 616              	.LASF18:
 617 005c 433A5C55 		.ascii	"C:\\Users\\daniel01\\Desktop\\CY8CKIT-050_uCOS-III\\"
 617      73657273 
 617      5C64616E 
 617      69656C30 
 617      315C4465 
 618 008b 43593843 		.ascii	"CY8CKIT-050_uCOS-III\\Micrium\\Software\\EvalBoards"
 618      4B49542D 
 618      3035305F 
 618      75434F53 
 618      2D494949 
 619 00bb 5C437970 		.ascii	"\\Cypress\\CY8CKIT-050\\PSoC\\uCOS-III-Probe\\uCOS-"
 619      72657373 
 619      5C435938 
 619      434B4954 
 619      2D303530 
 620 00e9 4949492D 		.ascii	"III-Probe.cydsn\000"
 620      50726F62 
 620      652E6379 
 620      64736E00 
 621              	.LASF17:
 622 00f9 2E5C4765 		.ascii	".\\Generated_Source\\PSoC5\\LED.c\000"
 622      6E657261 
 622      7465645F 
 622      536F7572 
 622      63655C50 
 623              	.LASF15:
 624 0118 4C45445F 		.ascii	"LED_ReadDataReg\000"
 624      52656164 
 624      44617461 
 624      52656700 
 625              	.LASF11:
 626 0128 4C45445F 		.ascii	"LED_SetDriveMode\000"
 626      53657444 
 626      72697665 
 626      4D6F6465 
 626      00
 627              	.LASF8:
 628 0139 756E7369 		.ascii	"unsigned int\000"
 628      676E6564 
 628      20696E74 
 628      00
 629              	.LASF7:
 630 0146 6C6F6E67 		.ascii	"long long unsigned int\000"
 630      206C6F6E 
 630      6720756E 
ARM GAS  C:\Users\daniel01\AppData\Local\Temp\ccCyt5VE.s 			page 15


 630      7369676E 
 630      65642069 
 631              	.LASF13:
 632 015d 6D6F6465 		.ascii	"mode\000"
 632      00
 633              	.LASF16:
 634 0162 474E5520 		.ascii	"GNU C 4.4.1\000"
 634      4320342E 
 634      342E3100 
 635              	.LASF9:
 636 016e 63686172 		.ascii	"char\000"
 636      00
 637              	.LASF2:
 638 0173 73686F72 		.ascii	"short int\000"
 638      7420696E 
 638      7400
 639              	.LASF14:
 640 017d 4C45445F 		.ascii	"LED_Read\000"
 640      52656164 
 640      00
 641              	.LASF19:
 642 0186 75696E74 		.ascii	"uint8\000"
 642      3800
 643              	.LASF4:
 644 018c 6C6F6E67 		.ascii	"long int\000"
 644      20696E74 
 644      00
 645              	.LASF0:
 646 0195 7369676E 		.ascii	"signed char\000"
 646      65642063 
 646      68617200 
 647              		.ident	"GCC: (Sourcery G++ Lite 2010q1-188) 4.4.1"
