ARM GAS  C:\Users\daniel01\AppData\Local\Temp\ccNUtgJF.s 			page 1


   1              		.syntax unified
   2              		.cpu cortex-m3
   3              		.fpu softvfp
   4              		.eabi_attribute 20, 1
   5              		.eabi_attribute 21, 1
   6              		.eabi_attribute 23, 3
   7              		.eabi_attribute 24, 1
   8              		.eabi_attribute 25, 1
   9              		.eabi_attribute 26, 1
  10              		.eabi_attribute 30, 6
  11              		.eabi_attribute 18, 4
  12              		.thumb
  13              		.file	"probe_rs232c.c"
  14              		.section	.debug_abbrev,"",%progbits
  15              	.Ldebug_abbrev0:
  16              		.section	.debug_info,"",%progbits
  17              	.Ldebug_info0:
  18              		.section	.debug_line,"",%progbits
  19              	.Ldebug_line0:
  20 0000 5D010000 		.text
  20      0200AC00 
  20      00000201 
  20      FB0E0D00 
  20      01010101 
  21              	.Ltext0:
  22              		.cfi_sections	.debug_frame
  23              		.section	.text.ProbeRS232_InitTarget,"ax",%progbits
  24              		.align	2
  25              		.global	ProbeRS232_InitTarget
  26              		.thumb
  27              		.thumb_func
  28              		.type	ProbeRS232_InitTarget, %function
  29              	ProbeRS232_InitTarget:
  30              	.LFB0:
  31              		.file 1 "..\\..\\..\\..\\..\\..\\uC-Probe\\Target\\Communication\\Generic\\RS-232\\Ports\\Cypress\
   1:..\..\..\..\..\..\uC-Probe\Target\Communication\Generic\RS-232\Ports\Cypress\PSoC5/probe_rs232c.c **** /*
   2:..\..\..\..\..\..\uC-Probe\Target\Communication\Generic\RS-232\Ports\Cypress\PSoC5/probe_rs232c.c **** ***************************************************************************************************
   3:..\..\..\..\..\..\uC-Probe\Target\Communication\Generic\RS-232\Ports\Cypress\PSoC5/probe_rs232c.c **** *                                       uC/Probe Communication
   4:..\..\..\..\..\..\uC-Probe\Target\Communication\Generic\RS-232\Ports\Cypress\PSoC5/probe_rs232c.c **** *
   5:..\..\..\..\..\..\uC-Probe\Target\Communication\Generic\RS-232\Ports\Cypress\PSoC5/probe_rs232c.c **** *                         (c) Copyright 2007-2008; Micrium, Inc.; Weston, FL
   6:..\..\..\..\..\..\uC-Probe\Target\Communication\Generic\RS-232\Ports\Cypress\PSoC5/probe_rs232c.c **** *
   7:..\..\..\..\..\..\uC-Probe\Target\Communication\Generic\RS-232\Ports\Cypress\PSoC5/probe_rs232c.c **** *               All rights reserved.  Protected by international copyright laws.
   8:..\..\..\..\..\..\uC-Probe\Target\Communication\Generic\RS-232\Ports\Cypress\PSoC5/probe_rs232c.c **** *               Knowledge of the source code may NOT be used to develop a similar product.
   9:..\..\..\..\..\..\uC-Probe\Target\Communication\Generic\RS-232\Ports\Cypress\PSoC5/probe_rs232c.c **** *               Please help us continue to provide the Embedded community with the finest
  10:..\..\..\..\..\..\uC-Probe\Target\Communication\Generic\RS-232\Ports\Cypress\PSoC5/probe_rs232c.c **** *               software available.  Your honesty is greatly appreciated.
  11:..\..\..\..\..\..\uC-Probe\Target\Communication\Generic\RS-232\Ports\Cypress\PSoC5/probe_rs232c.c **** ***************************************************************************************************
  12:..\..\..\..\..\..\uC-Probe\Target\Communication\Generic\RS-232\Ports\Cypress\PSoC5/probe_rs232c.c **** */
  13:..\..\..\..\..\..\uC-Probe\Target\Communication\Generic\RS-232\Ports\Cypress\PSoC5/probe_rs232c.c **** 
  14:..\..\..\..\..\..\uC-Probe\Target\Communication\Generic\RS-232\Ports\Cypress\PSoC5/probe_rs232c.c **** /*
  15:..\..\..\..\..\..\uC-Probe\Target\Communication\Generic\RS-232\Ports\Cypress\PSoC5/probe_rs232c.c **** ***************************************************************************************************
  16:..\..\..\..\..\..\uC-Probe\Target\Communication\Generic\RS-232\Ports\Cypress\PSoC5/probe_rs232c.c **** *
  17:..\..\..\..\..\..\uC-Probe\Target\Communication\Generic\RS-232\Ports\Cypress\PSoC5/probe_rs232c.c **** *                                        COMMUNICATION: RS-232
  18:..\..\..\..\..\..\uC-Probe\Target\Communication\Generic\RS-232\Ports\Cypress\PSoC5/probe_rs232c.c **** *
  19:..\..\..\..\..\..\uC-Probe\Target\Communication\Generic\RS-232\Ports\Cypress\PSoC5/probe_rs232c.c **** *                                            PORT TEMPLATE
  20:..\..\..\..\..\..\uC-Probe\Target\Communication\Generic\RS-232\Ports\Cypress\PSoC5/probe_rs232c.c **** *
  21:..\..\..\..\..\..\uC-Probe\Target\Communication\Generic\RS-232\Ports\Cypress\PSoC5/probe_rs232c.c **** * Filename      : probe_rs232c.c
  22:..\..\..\..\..\..\uC-Probe\Target\Communication\Generic\RS-232\Ports\Cypress\PSoC5/probe_rs232c.c **** * Version       : V2.20
ARM GAS  C:\Users\daniel01\AppData\Local\Temp\ccNUtgJF.s 			page 2


  23:..\..\..\..\..\..\uC-Probe\Target\Communication\Generic\RS-232\Ports\Cypress\PSoC5/probe_rs232c.c **** * Programmer(s) : FT
  24:..\..\..\..\..\..\uC-Probe\Target\Communication\Generic\RS-232\Ports\Cypress\PSoC5/probe_rs232c.c **** *                 DC
  25:..\..\..\..\..\..\uC-Probe\Target\Communication\Generic\RS-232\Ports\Cypress\PSoC5/probe_rs232c.c **** ***************************************************************************************************
  26:..\..\..\..\..\..\uC-Probe\Target\Communication\Generic\RS-232\Ports\Cypress\PSoC5/probe_rs232c.c **** */
  27:..\..\..\..\..\..\uC-Probe\Target\Communication\Generic\RS-232\Ports\Cypress\PSoC5/probe_rs232c.c **** 
  28:..\..\..\..\..\..\uC-Probe\Target\Communication\Generic\RS-232\Ports\Cypress\PSoC5/probe_rs232c.c **** 
  29:..\..\..\..\..\..\uC-Probe\Target\Communication\Generic\RS-232\Ports\Cypress\PSoC5/probe_rs232c.c **** /*
  30:..\..\..\..\..\..\uC-Probe\Target\Communication\Generic\RS-232\Ports\Cypress\PSoC5/probe_rs232c.c **** ***************************************************************************************************
  31:..\..\..\..\..\..\uC-Probe\Target\Communication\Generic\RS-232\Ports\Cypress\PSoC5/probe_rs232c.c **** *                                            INCLUDE FILES
  32:..\..\..\..\..\..\uC-Probe\Target\Communication\Generic\RS-232\Ports\Cypress\PSoC5/probe_rs232c.c **** *
  33:..\..\..\..\..\..\uC-Probe\Target\Communication\Generic\RS-232\Ports\Cypress\PSoC5/probe_rs232c.c **** * Note(s) : (1) A UART component labeled as 'ProbeUART' MUST be created in PSoC.
  34:..\..\..\..\..\..\uC-Probe\Target\Communication\Generic\RS-232\Ports\Cypress\PSoC5/probe_rs232c.c **** *
  35:..\..\..\..\..\..\uC-Probe\Target\Communication\Generic\RS-232\Ports\Cypress\PSoC5/probe_rs232c.c **** *           (2) If a different named is selected 'ProbeUART' must be replaced with the new name
  36:..\..\..\..\..\..\uC-Probe\Target\Communication\Generic\RS-232\Ports\Cypress\PSoC5/probe_rs232c.c **** *               for the UART component.
  37:..\..\..\..\..\..\uC-Probe\Target\Communication\Generic\RS-232\Ports\Cypress\PSoC5/probe_rs232c.c **** ***************************************************************************************************
  38:..\..\..\..\..\..\uC-Probe\Target\Communication\Generic\RS-232\Ports\Cypress\PSoC5/probe_rs232c.c **** */
  39:..\..\..\..\..\..\uC-Probe\Target\Communication\Generic\RS-232\Ports\Cypress\PSoC5/probe_rs232c.c **** 
  40:..\..\..\..\..\..\uC-Probe\Target\Communication\Generic\RS-232\Ports\Cypress\PSoC5/probe_rs232c.c **** #include  <probe_com.h>
  41:..\..\..\..\..\..\uC-Probe\Target\Communication\Generic\RS-232\Ports\Cypress\PSoC5/probe_rs232c.c **** #include  <probe_rs232.h>
  42:..\..\..\..\..\..\uC-Probe\Target\Communication\Generic\RS-232\Ports\Cypress\PSoC5/probe_rs232c.c **** #include  <ProbeUART.h>
  43:..\..\..\..\..\..\uC-Probe\Target\Communication\Generic\RS-232\Ports\Cypress\PSoC5/probe_rs232c.c **** #include  <ProbeUART_RxISR.h>
  44:..\..\..\..\..\..\uC-Probe\Target\Communication\Generic\RS-232\Ports\Cypress\PSoC5/probe_rs232c.c **** #include  <ProbeUART_TxISR.h>
  45:..\..\..\..\..\..\uC-Probe\Target\Communication\Generic\RS-232\Ports\Cypress\PSoC5/probe_rs232c.c **** 
  46:..\..\..\..\..\..\uC-Probe\Target\Communication\Generic\RS-232\Ports\Cypress\PSoC5/probe_rs232c.c **** 
  47:..\..\..\..\..\..\uC-Probe\Target\Communication\Generic\RS-232\Ports\Cypress\PSoC5/probe_rs232c.c **** /*
  48:..\..\..\..\..\..\uC-Probe\Target\Communication\Generic\RS-232\Ports\Cypress\PSoC5/probe_rs232c.c **** ***************************************************************************************************
  49:..\..\..\..\..\..\uC-Probe\Target\Communication\Generic\RS-232\Ports\Cypress\PSoC5/probe_rs232c.c **** *                                               ENABLE
  50:..\..\..\..\..\..\uC-Probe\Target\Communication\Generic\RS-232\Ports\Cypress\PSoC5/probe_rs232c.c **** *
  51:..\..\..\..\..\..\uC-Probe\Target\Communication\Generic\RS-232\Ports\Cypress\PSoC5/probe_rs232c.c **** * Note(s) : (1) See 'probe_rs232.h  ENABLE'.
  52:..\..\..\..\..\..\uC-Probe\Target\Communication\Generic\RS-232\Ports\Cypress\PSoC5/probe_rs232c.c **** ***************************************************************************************************
  53:..\..\..\..\..\..\uC-Probe\Target\Communication\Generic\RS-232\Ports\Cypress\PSoC5/probe_rs232c.c **** */
  54:..\..\..\..\..\..\uC-Probe\Target\Communication\Generic\RS-232\Ports\Cypress\PSoC5/probe_rs232c.c **** 
  55:..\..\..\..\..\..\uC-Probe\Target\Communication\Generic\RS-232\Ports\Cypress\PSoC5/probe_rs232c.c **** #if (PROBE_COM_CFG_RS232_EN == DEF_ENABLED)                     /* See Note #1.                    
  56:..\..\..\..\..\..\uC-Probe\Target\Communication\Generic\RS-232\Ports\Cypress\PSoC5/probe_rs232c.c **** 
  57:..\..\..\..\..\..\uC-Probe\Target\Communication\Generic\RS-232\Ports\Cypress\PSoC5/probe_rs232c.c **** 
  58:..\..\..\..\..\..\uC-Probe\Target\Communication\Generic\RS-232\Ports\Cypress\PSoC5/probe_rs232c.c **** /*
  59:..\..\..\..\..\..\uC-Probe\Target\Communication\Generic\RS-232\Ports\Cypress\PSoC5/probe_rs232c.c **** ***************************************************************************************************
  60:..\..\..\..\..\..\uC-Probe\Target\Communication\Generic\RS-232\Ports\Cypress\PSoC5/probe_rs232c.c **** *                                            LOCAL DEFINES
  61:..\..\..\..\..\..\uC-Probe\Target\Communication\Generic\RS-232\Ports\Cypress\PSoC5/probe_rs232c.c **** ***************************************************************************************************
  62:..\..\..\..\..\..\uC-Probe\Target\Communication\Generic\RS-232\Ports\Cypress\PSoC5/probe_rs232c.c **** */
  63:..\..\..\..\..\..\uC-Probe\Target\Communication\Generic\RS-232\Ports\Cypress\PSoC5/probe_rs232c.c **** 
  64:..\..\..\..\..\..\uC-Probe\Target\Communication\Generic\RS-232\Ports\Cypress\PSoC5/probe_rs232c.c **** 
  65:..\..\..\..\..\..\uC-Probe\Target\Communication\Generic\RS-232\Ports\Cypress\PSoC5/probe_rs232c.c **** /*
  66:..\..\..\..\..\..\uC-Probe\Target\Communication\Generic\RS-232\Ports\Cypress\PSoC5/probe_rs232c.c **** ***************************************************************************************************
  67:..\..\..\..\..\..\uC-Probe\Target\Communication\Generic\RS-232\Ports\Cypress\PSoC5/probe_rs232c.c **** *                                       LOCAL GLOBAL VARIABLES
  68:..\..\..\..\..\..\uC-Probe\Target\Communication\Generic\RS-232\Ports\Cypress\PSoC5/probe_rs232c.c **** ***************************************************************************************************
  69:..\..\..\..\..\..\uC-Probe\Target\Communication\Generic\RS-232\Ports\Cypress\PSoC5/probe_rs232c.c **** */
  70:..\..\..\..\..\..\uC-Probe\Target\Communication\Generic\RS-232\Ports\Cypress\PSoC5/probe_rs232c.c **** 
  71:..\..\..\..\..\..\uC-Probe\Target\Communication\Generic\RS-232\Ports\Cypress\PSoC5/probe_rs232c.c **** 
  72:..\..\..\..\..\..\uC-Probe\Target\Communication\Generic\RS-232\Ports\Cypress\PSoC5/probe_rs232c.c **** /*
  73:..\..\..\..\..\..\uC-Probe\Target\Communication\Generic\RS-232\Ports\Cypress\PSoC5/probe_rs232c.c **** ***************************************************************************************************
  74:..\..\..\..\..\..\uC-Probe\Target\Communication\Generic\RS-232\Ports\Cypress\PSoC5/probe_rs232c.c **** *                                      LOCAL FUNCTION PROTOTYPES
  75:..\..\..\..\..\..\uC-Probe\Target\Communication\Generic\RS-232\Ports\Cypress\PSoC5/probe_rs232c.c **** ***************************************************************************************************
  76:..\..\..\..\..\..\uC-Probe\Target\Communication\Generic\RS-232\Ports\Cypress\PSoC5/probe_rs232c.c **** */
  77:..\..\..\..\..\..\uC-Probe\Target\Communication\Generic\RS-232\Ports\Cypress\PSoC5/probe_rs232c.c **** 
  78:..\..\..\..\..\..\uC-Probe\Target\Communication\Generic\RS-232\Ports\Cypress\PSoC5/probe_rs232c.c **** 
  79:..\..\..\..\..\..\uC-Probe\Target\Communication\Generic\RS-232\Ports\Cypress\PSoC5/probe_rs232c.c **** /*
ARM GAS  C:\Users\daniel01\AppData\Local\Temp\ccNUtgJF.s 			page 3


  80:..\..\..\..\..\..\uC-Probe\Target\Communication\Generic\RS-232\Ports\Cypress\PSoC5/probe_rs232c.c **** ***************************************************************************************************
  81:..\..\..\..\..\..\uC-Probe\Target\Communication\Generic\RS-232\Ports\Cypress\PSoC5/probe_rs232c.c **** *                                     LOCAL CONFIGURATION ERRORS
  82:..\..\..\..\..\..\uC-Probe\Target\Communication\Generic\RS-232\Ports\Cypress\PSoC5/probe_rs232c.c **** ***************************************************************************************************
  83:..\..\..\..\..\..\uC-Probe\Target\Communication\Generic\RS-232\Ports\Cypress\PSoC5/probe_rs232c.c **** */
  84:..\..\..\..\..\..\uC-Probe\Target\Communication\Generic\RS-232\Ports\Cypress\PSoC5/probe_rs232c.c **** 
  85:..\..\..\..\..\..\uC-Probe\Target\Communication\Generic\RS-232\Ports\Cypress\PSoC5/probe_rs232c.c **** 
  86:..\..\..\..\..\..\uC-Probe\Target\Communication\Generic\RS-232\Ports\Cypress\PSoC5/probe_rs232c.c **** /*
  87:..\..\..\..\..\..\uC-Probe\Target\Communication\Generic\RS-232\Ports\Cypress\PSoC5/probe_rs232c.c **** ***************************************************************************************************
  88:..\..\..\..\..\..\uC-Probe\Target\Communication\Generic\RS-232\Ports\Cypress\PSoC5/probe_rs232c.c **** *                                       ProbeRS232_InitTarget()
  89:..\..\..\..\..\..\uC-Probe\Target\Communication\Generic\RS-232\Ports\Cypress\PSoC5/probe_rs232c.c **** *
  90:..\..\..\..\..\..\uC-Probe\Target\Communication\Generic\RS-232\Ports\Cypress\PSoC5/probe_rs232c.c **** * Description : Initialize the UART for Probe communication.
  91:..\..\..\..\..\..\uC-Probe\Target\Communication\Generic\RS-232\Ports\Cypress\PSoC5/probe_rs232c.c **** *
  92:..\..\..\..\..\..\uC-Probe\Target\Communication\Generic\RS-232\Ports\Cypress\PSoC5/probe_rs232c.c **** * Argument(s) : baud_rate   Intended baud rate of the RS-232.
  93:..\..\..\..\..\..\uC-Probe\Target\Communication\Generic\RS-232\Ports\Cypress\PSoC5/probe_rs232c.c **** *
  94:..\..\..\..\..\..\uC-Probe\Target\Communication\Generic\RS-232\Ports\Cypress\PSoC5/probe_rs232c.c **** * Return(s)   : none.
  95:..\..\..\..\..\..\uC-Probe\Target\Communication\Generic\RS-232\Ports\Cypress\PSoC5/probe_rs232c.c **** *
  96:..\..\..\..\..\..\uC-Probe\Target\Communication\Generic\RS-232\Ports\Cypress\PSoC5/probe_rs232c.c **** * Caller(s)   : ProbeRS232_Init().
  97:..\..\..\..\..\..\uC-Probe\Target\Communication\Generic\RS-232\Ports\Cypress\PSoC5/probe_rs232c.c **** *
  98:..\..\..\..\..\..\uC-Probe\Target\Communication\Generic\RS-232\Ports\Cypress\PSoC5/probe_rs232c.c **** * Note(s)     : (1) Though the baud rate used may vary from application to application or target to
  99:..\..\..\..\..\..\uC-Probe\Target\Communication\Generic\RS-232\Ports\Cypress\PSoC5/probe_rs232c.c **** *                   target, other communication settings are constamt.  The hardware must always be
 100:..\..\..\..\..\..\uC-Probe\Target\Communication\Generic\RS-232\Ports\Cypress\PSoC5/probe_rs232c.c **** *                   configured for the following :
 101:..\..\..\..\..\..\uC-Probe\Target\Communication\Generic\RS-232\Ports\Cypress\PSoC5/probe_rs232c.c **** *
 102:..\..\..\..\..\..\uC-Probe\Target\Communication\Generic\RS-232\Ports\Cypress\PSoC5/probe_rs232c.c **** *                   (a) No parity
 103:..\..\..\..\..\..\uC-Probe\Target\Communication\Generic\RS-232\Ports\Cypress\PSoC5/probe_rs232c.c **** *                   (b) One stop bit
 104:..\..\..\..\..\..\uC-Probe\Target\Communication\Generic\RS-232\Ports\Cypress\PSoC5/probe_rs232c.c **** *                   (c) Eight data bits.
 105:..\..\..\..\..\..\uC-Probe\Target\Communication\Generic\RS-232\Ports\Cypress\PSoC5/probe_rs232c.c **** *
 106:..\..\..\..\..\..\uC-Probe\Target\Communication\Generic\RS-232\Ports\Cypress\PSoC5/probe_rs232c.c **** *               (2) Neither receive nor transmit interrupts should be enabled by this function.
 107:..\..\..\..\..\..\uC-Probe\Target\Communication\Generic\RS-232\Ports\Cypress\PSoC5/probe_rs232c.c **** ***************************************************************************************************
 108:..\..\..\..\..\..\uC-Probe\Target\Communication\Generic\RS-232\Ports\Cypress\PSoC5/probe_rs232c.c **** */
 109:..\..\..\..\..\..\uC-Probe\Target\Communication\Generic\RS-232\Ports\Cypress\PSoC5/probe_rs232c.c **** 
 110:..\..\..\..\..\..\uC-Probe\Target\Communication\Generic\RS-232\Ports\Cypress\PSoC5/probe_rs232c.c **** void  ProbeRS232_InitTarget (CPU_INT32U  baud_rate)
 111:..\..\..\..\..\..\uC-Probe\Target\Communication\Generic\RS-232\Ports\Cypress\PSoC5/probe_rs232c.c **** {
  32              		.loc 1 111 0
  33              		.cfi_startproc
  34              		@ args = 0, pretend = 0, frame = 8
  35              		@ frame_needed = 1, uses_anonymous_args = 0
  36 0000 80B5     		push	{r7, lr}
  37              	.LCFI0:
  38              		.cfi_def_cfa_offset 8
  39 0002 82B0     		sub	sp, sp, #8
  40              	.LCFI1:
  41              		.cfi_def_cfa_offset 16
  42 0004 00AF     		add	r7, sp, #0
  43              		.cfi_offset 14, -4
  44              		.cfi_offset 7, -8
  45              	.LCFI2:
  46              		.cfi_def_cfa_register 7
  47 0006 7860     		str	r0, [r7, #4]
 112:..\..\..\..\..\..\uC-Probe\Target\Communication\Generic\RS-232\Ports\Cypress\PSoC5/probe_rs232c.c **** 	ProbeUART_RxISR_Disable();                                      /* Disable Interrupts             
  48              		.loc 1 112 0
  49 0008 FFF7FEFF 		bl	ProbeUART_RxISR_Disable
 113:..\..\..\..\..\..\uC-Probe\Target\Communication\Generic\RS-232\Ports\Cypress\PSoC5/probe_rs232c.c **** 	ProbeUART_TxISR_Disable();
  50              		.loc 1 113 0
  51 000c FFF7FEFF 		bl	ProbeUART_TxISR_Disable
 114:..\..\..\..\..\..\uC-Probe\Target\Communication\Generic\RS-232\Ports\Cypress\PSoC5/probe_rs232c.c ****     ProbeUART_TxISR_ClearPending();                                 /* Clear Buffers on the ISRs   
  52              		.loc 1 114 0
  53 0010 FFF7FEFF 		bl	ProbeUART_TxISR_ClearPending
ARM GAS  C:\Users\daniel01\AppData\Local\Temp\ccNUtgJF.s 			page 4


 115:..\..\..\..\..\..\uC-Probe\Target\Communication\Generic\RS-232\Ports\Cypress\PSoC5/probe_rs232c.c ****     ProbeUART_RxISR_ClearPending();
  54              		.loc 1 115 0
  55 0014 FFF7FEFF 		bl	ProbeUART_RxISR_ClearPending
 116:..\..\..\..\..\..\uC-Probe\Target\Communication\Generic\RS-232\Ports\Cypress\PSoC5/probe_rs232c.c ****     
 117:..\..\..\..\..\..\uC-Probe\Target\Communication\Generic\RS-232\Ports\Cypress\PSoC5/probe_rs232c.c ****     ProbeUART_Start();                                              /* UART Initialization         
  56              		.loc 1 117 0
  57 0018 FFF7FEFF 		bl	ProbeUART_Start
 118:..\..\..\..\..\..\uC-Probe\Target\Communication\Generic\RS-232\Ports\Cypress\PSoC5/probe_rs232c.c ****     ProbeUART_RxISR_Start();                                        /* RX Interrupt Handler Initial
  58              		.loc 1 118 0
  59 001c FFF7FEFF 		bl	ProbeUART_RxISR_Start
 119:..\..\..\..\..\..\uC-Probe\Target\Communication\Generic\RS-232\Ports\Cypress\PSoC5/probe_rs232c.c **** 	ProbeUART_TxISR_Start();                                        /* TX Interrupt Handler Initializa
  60              		.loc 1 119 0
  61 0020 FFF7FEFF 		bl	ProbeUART_TxISR_Start
 120:..\..\..\..\..\..\uC-Probe\Target\Communication\Generic\RS-232\Ports\Cypress\PSoC5/probe_rs232c.c **** 	ProbeUART_RxISR_Enable();                                       /* Enable RX Interrupt Service Rou
  62              		.loc 1 120 0
  63 0024 FFF7FEFF 		bl	ProbeUART_RxISR_Enable
 121:..\..\..\..\..\..\uC-Probe\Target\Communication\Generic\RS-232\Ports\Cypress\PSoC5/probe_rs232c.c **** 	ProbeUART_TxISR_Disable();                                      /* Disable TX Interrupt Service Ro
  64              		.loc 1 121 0
  65 0028 FFF7FEFF 		bl	ProbeUART_TxISR_Disable
 122:..\..\..\..\..\..\uC-Probe\Target\Communication\Generic\RS-232\Ports\Cypress\PSoC5/probe_rs232c.c **** }
  66              		.loc 1 122 0
  67 002c 07F10807 		add	r7, r7, #8
  68 0030 BD46     		mov	sp, r7
  69 0032 80BD     		pop	{r7, pc}
  70              		.cfi_endproc
  71              	.LFE0:
  72              		.size	ProbeRS232_InitTarget, .-ProbeRS232_InitTarget
  73              		.section	.text.ProbeRS232_RxTxISRHandler,"ax",%progbits
  74              		.align	2
  75              		.global	ProbeRS232_RxTxISRHandler
  76              		.thumb
  77              		.thumb_func
  78              		.type	ProbeRS232_RxTxISRHandler, %function
  79              	ProbeRS232_RxTxISRHandler:
  80              	.LFB1:
 123:..\..\..\..\..\..\uC-Probe\Target\Communication\Generic\RS-232\Ports\Cypress\PSoC5/probe_rs232c.c **** 
 124:..\..\..\..\..\..\uC-Probe\Target\Communication\Generic\RS-232\Ports\Cypress\PSoC5/probe_rs232c.c **** 
 125:..\..\..\..\..\..\uC-Probe\Target\Communication\Generic\RS-232\Ports\Cypress\PSoC5/probe_rs232c.c **** /*
 126:..\..\..\..\..\..\uC-Probe\Target\Communication\Generic\RS-232\Ports\Cypress\PSoC5/probe_rs232c.c **** ***************************************************************************************************
 127:..\..\..\..\..\..\uC-Probe\Target\Communication\Generic\RS-232\Ports\Cypress\PSoC5/probe_rs232c.c **** *                                     ProbeRS232_RxTxISRHandler()
 128:..\..\..\..\..\..\uC-Probe\Target\Communication\Generic\RS-232\Ports\Cypress\PSoC5/probe_rs232c.c **** *
 129:..\..\..\..\..\..\uC-Probe\Target\Communication\Generic\RS-232\Ports\Cypress\PSoC5/probe_rs232c.c **** * Description : Handle receive and transmit interrupts.
 130:..\..\..\..\..\..\uC-Probe\Target\Communication\Generic\RS-232\Ports\Cypress\PSoC5/probe_rs232c.c **** *
 131:..\..\..\..\..\..\uC-Probe\Target\Communication\Generic\RS-232\Ports\Cypress\PSoC5/probe_rs232c.c **** * Argument(s) : none.
 132:..\..\..\..\..\..\uC-Probe\Target\Communication\Generic\RS-232\Ports\Cypress\PSoC5/probe_rs232c.c **** *
 133:..\..\..\..\..\..\uC-Probe\Target\Communication\Generic\RS-232\Ports\Cypress\PSoC5/probe_rs232c.c **** * Return(s)   : none.
 134:..\..\..\..\..\..\uC-Probe\Target\Communication\Generic\RS-232\Ports\Cypress\PSoC5/probe_rs232c.c **** *
 135:..\..\..\..\..\..\uC-Probe\Target\Communication\Generic\RS-232\Ports\Cypress\PSoC5/probe_rs232c.c **** * Caller(s)   : This is an ISR.
 136:..\..\..\..\..\..\uC-Probe\Target\Communication\Generic\RS-232\Ports\Cypress\PSoC5/probe_rs232c.c **** *
 137:..\..\..\..\..\..\uC-Probe\Target\Communication\Generic\RS-232\Ports\Cypress\PSoC5/probe_rs232c.c **** * Note(s)     : (1) This function may be empty if receive and transmit interrupts are handled in th
 138:..\..\..\..\..\..\uC-Probe\Target\Communication\Generic\RS-232\Ports\Cypress\PSoC5/probe_rs232c.c **** *                   separate interrupt handlers, ProbeRS232_RxISRHandler() and ProbeRS232_TxISRHand
 139:..\..\..\..\..\..\uC-Probe\Target\Communication\Generic\RS-232\Ports\Cypress\PSoC5/probe_rs232c.c **** ***************************************************************************************************
 140:..\..\..\..\..\..\uC-Probe\Target\Communication\Generic\RS-232\Ports\Cypress\PSoC5/probe_rs232c.c **** */
 141:..\..\..\..\..\..\uC-Probe\Target\Communication\Generic\RS-232\Ports\Cypress\PSoC5/probe_rs232c.c **** 
 142:..\..\..\..\..\..\uC-Probe\Target\Communication\Generic\RS-232\Ports\Cypress\PSoC5/probe_rs232c.c **** void  ProbeRS232_RxTxISRHandler (void)
 143:..\..\..\..\..\..\uC-Probe\Target\Communication\Generic\RS-232\Ports\Cypress\PSoC5/probe_rs232c.c **** {
  81              		.loc 1 143 0
ARM GAS  C:\Users\daniel01\AppData\Local\Temp\ccNUtgJF.s 			page 5


  82              		.cfi_startproc
  83              		@ args = 0, pretend = 0, frame = 0
  84              		@ frame_needed = 1, uses_anonymous_args = 0
  85              		@ link register save eliminated.
  86 0000 80B4     		push	{r7}
  87              	.LCFI3:
  88              		.cfi_def_cfa_offset 4
  89 0002 00AF     		add	r7, sp, #0
  90              		.cfi_offset 7, -4
  91              	.LCFI4:
  92              		.cfi_def_cfa_register 7
 144:..\..\..\..\..\..\uC-Probe\Target\Communication\Generic\RS-232\Ports\Cypress\PSoC5/probe_rs232c.c **** 
 145:..\..\..\..\..\..\uC-Probe\Target\Communication\Generic\RS-232\Ports\Cypress\PSoC5/probe_rs232c.c **** }
  93              		.loc 1 145 0
  94 0004 BD46     		mov	sp, r7
  95 0006 80BC     		pop	{r7}
  96 0008 7047     		bx	lr
  97              		.cfi_endproc
  98              	.LFE1:
  99              		.size	ProbeRS232_RxTxISRHandler, .-ProbeRS232_RxTxISRHandler
 100 000a 00BF     		.section	.text.ProbeRS232_RxISRHandler,"ax",%progbits
 101              		.align	2
 102              		.global	ProbeRS232_RxISRHandler
 103              		.thumb
 104              		.thumb_func
 105              		.type	ProbeRS232_RxISRHandler, %function
 106              	ProbeRS232_RxISRHandler:
 107              	.LFB2:
 146:..\..\..\..\..\..\uC-Probe\Target\Communication\Generic\RS-232\Ports\Cypress\PSoC5/probe_rs232c.c **** 
 147:..\..\..\..\..\..\uC-Probe\Target\Communication\Generic\RS-232\Ports\Cypress\PSoC5/probe_rs232c.c **** 
 148:..\..\..\..\..\..\uC-Probe\Target\Communication\Generic\RS-232\Ports\Cypress\PSoC5/probe_rs232c.c **** /*
 149:..\..\..\..\..\..\uC-Probe\Target\Communication\Generic\RS-232\Ports\Cypress\PSoC5/probe_rs232c.c **** ***************************************************************************************************
 150:..\..\..\..\..\..\uC-Probe\Target\Communication\Generic\RS-232\Ports\Cypress\PSoC5/probe_rs232c.c **** *                                      ProbeRS232_RxISRHandler()
 151:..\..\..\..\..\..\uC-Probe\Target\Communication\Generic\RS-232\Ports\Cypress\PSoC5/probe_rs232c.c **** *
 152:..\..\..\..\..\..\uC-Probe\Target\Communication\Generic\RS-232\Ports\Cypress\PSoC5/probe_rs232c.c **** * Description : Handle receive interrupts.
 153:..\..\..\..\..\..\uC-Probe\Target\Communication\Generic\RS-232\Ports\Cypress\PSoC5/probe_rs232c.c **** *
 154:..\..\..\..\..\..\uC-Probe\Target\Communication\Generic\RS-232\Ports\Cypress\PSoC5/probe_rs232c.c **** * Argument(s) : none.
 155:..\..\..\..\..\..\uC-Probe\Target\Communication\Generic\RS-232\Ports\Cypress\PSoC5/probe_rs232c.c **** *
 156:..\..\..\..\..\..\uC-Probe\Target\Communication\Generic\RS-232\Ports\Cypress\PSoC5/probe_rs232c.c **** * Return(s)   : none.
 157:..\..\..\..\..\..\uC-Probe\Target\Communication\Generic\RS-232\Ports\Cypress\PSoC5/probe_rs232c.c **** *
 158:..\..\..\..\..\..\uC-Probe\Target\Communication\Generic\RS-232\Ports\Cypress\PSoC5/probe_rs232c.c **** * Caller(s)   : This is an ISR.
 159:..\..\..\..\..\..\uC-Probe\Target\Communication\Generic\RS-232\Ports\Cypress\PSoC5/probe_rs232c.c **** *
 160:..\..\..\..\..\..\uC-Probe\Target\Communication\Generic\RS-232\Ports\Cypress\PSoC5/probe_rs232c.c **** * Note(s)     : (1) This function may be empty if receive interrupts are handled by the combined re
 161:..\..\..\..\..\..\uC-Probe\Target\Communication\Generic\RS-232\Ports\Cypress\PSoC5/probe_rs232c.c **** *                   transmit interrupt handler, 'ProbeRS232_RxTxISRHandler()'.
 162:..\..\..\..\..\..\uC-Probe\Target\Communication\Generic\RS-232\Ports\Cypress\PSoC5/probe_rs232c.c **** ***************************************************************************************************
 163:..\..\..\..\..\..\uC-Probe\Target\Communication\Generic\RS-232\Ports\Cypress\PSoC5/probe_rs232c.c **** */
 164:..\..\..\..\..\..\uC-Probe\Target\Communication\Generic\RS-232\Ports\Cypress\PSoC5/probe_rs232c.c **** 
 165:..\..\..\..\..\..\uC-Probe\Target\Communication\Generic\RS-232\Ports\Cypress\PSoC5/probe_rs232c.c **** void  ProbeRS232_RxISRHandler (void)
 166:..\..\..\..\..\..\uC-Probe\Target\Communication\Generic\RS-232\Ports\Cypress\PSoC5/probe_rs232c.c **** {
 108              		.loc 1 166 0
 109              		.cfi_startproc
 110              		@ args = 0, pretend = 0, frame = 8
 111              		@ frame_needed = 1, uses_anonymous_args = 0
 112 0000 80B5     		push	{r7, lr}
 113              	.LCFI5:
 114              		.cfi_def_cfa_offset 8
 115 0002 82B0     		sub	sp, sp, #8
ARM GAS  C:\Users\daniel01\AppData\Local\Temp\ccNUtgJF.s 			page 6


 116              	.LCFI6:
 117              		.cfi_def_cfa_offset 16
 118 0004 00AF     		add	r7, sp, #0
 119              		.cfi_offset 14, -4
 120              		.cfi_offset 7, -8
 121              	.LCFI7:
 122              		.cfi_def_cfa_register 7
 167:..\..\..\..\..\..\uC-Probe\Target\Communication\Generic\RS-232\Ports\Cypress\PSoC5/probe_rs232c.c ****     CPU_INT08U  rx_data;
 168:..\..\..\..\..\..\uC-Probe\Target\Communication\Generic\RS-232\Ports\Cypress\PSoC5/probe_rs232c.c **** 	
 169:..\..\..\..\..\..\uC-Probe\Target\Communication\Generic\RS-232\Ports\Cypress\PSoC5/probe_rs232c.c **** 	
 170:..\..\..\..\..\..\uC-Probe\Target\Communication\Generic\RS-232\Ports\Cypress\PSoC5/probe_rs232c.c **** 	rx_data = ProbeUART_GetByte();                                  /* Obtain RX Data                 
 123              		.loc 1 170 0
 124 0006 FFF7FEFF 		bl	ProbeUART_GetByte
 125 000a 0346     		mov	r3, r0
 126 000c FB71     		strb	r3, [r7, #7]
 171:..\..\..\..\..\..\uC-Probe\Target\Communication\Generic\RS-232\Ports\Cypress\PSoC5/probe_rs232c.c **** 	ProbeRS232_RxHandler(rx_data);
 127              		.loc 1 171 0
 128 000e FB79     		ldrb	r3, [r7, #7]	@ zero_extendqisi2
 129 0010 1846     		mov	r0, r3
 130 0012 FFF7FEFF 		bl	ProbeRS232_RxHandler
 172:..\..\..\..\..\..\uC-Probe\Target\Communication\Generic\RS-232\Ports\Cypress\PSoC5/probe_rs232c.c ****     
 173:..\..\..\..\..\..\uC-Probe\Target\Communication\Generic\RS-232\Ports\Cypress\PSoC5/probe_rs232c.c **** }
 131              		.loc 1 173 0
 132 0016 07F10807 		add	r7, r7, #8
 133 001a BD46     		mov	sp, r7
 134 001c 80BD     		pop	{r7, pc}
 135              		.cfi_endproc
 136              	.LFE2:
 137              		.size	ProbeRS232_RxISRHandler, .-ProbeRS232_RxISRHandler
 138 001e 00BF     		.section	.text.ProbeRS232_RxIntDis,"ax",%progbits
 139              		.align	2
 140              		.global	ProbeRS232_RxIntDis
 141              		.thumb
 142              		.thumb_func
 143              		.type	ProbeRS232_RxIntDis, %function
 144              	ProbeRS232_RxIntDis:
 145              	.LFB3:
 174:..\..\..\..\..\..\uC-Probe\Target\Communication\Generic\RS-232\Ports\Cypress\PSoC5/probe_rs232c.c **** 
 175:..\..\..\..\..\..\uC-Probe\Target\Communication\Generic\RS-232\Ports\Cypress\PSoC5/probe_rs232c.c **** 
 176:..\..\..\..\..\..\uC-Probe\Target\Communication\Generic\RS-232\Ports\Cypress\PSoC5/probe_rs232c.c **** /*
 177:..\..\..\..\..\..\uC-Probe\Target\Communication\Generic\RS-232\Ports\Cypress\PSoC5/probe_rs232c.c **** ***************************************************************************************************
 178:..\..\..\..\..\..\uC-Probe\Target\Communication\Generic\RS-232\Ports\Cypress\PSoC5/probe_rs232c.c **** *                                        ProbeRS232_RxIntDis()
 179:..\..\..\..\..\..\uC-Probe\Target\Communication\Generic\RS-232\Ports\Cypress\PSoC5/probe_rs232c.c **** *
 180:..\..\..\..\..\..\uC-Probe\Target\Communication\Generic\RS-232\Ports\Cypress\PSoC5/probe_rs232c.c **** * Description : Disable receive interrupts.
 181:..\..\..\..\..\..\uC-Probe\Target\Communication\Generic\RS-232\Ports\Cypress\PSoC5/probe_rs232c.c **** *
 182:..\..\..\..\..\..\uC-Probe\Target\Communication\Generic\RS-232\Ports\Cypress\PSoC5/probe_rs232c.c **** * Argument(s) : none.
 183:..\..\..\..\..\..\uC-Probe\Target\Communication\Generic\RS-232\Ports\Cypress\PSoC5/probe_rs232c.c **** *
 184:..\..\..\..\..\..\uC-Probe\Target\Communication\Generic\RS-232\Ports\Cypress\PSoC5/probe_rs232c.c **** * Return(s)   : none.
 185:..\..\..\..\..\..\uC-Probe\Target\Communication\Generic\RS-232\Ports\Cypress\PSoC5/probe_rs232c.c **** *
 186:..\..\..\..\..\..\uC-Probe\Target\Communication\Generic\RS-232\Ports\Cypress\PSoC5/probe_rs232c.c **** * Caller(s)   : Application.
 187:..\..\..\..\..\..\uC-Probe\Target\Communication\Generic\RS-232\Ports\Cypress\PSoC5/probe_rs232c.c **** *
 188:..\..\..\..\..\..\uC-Probe\Target\Communication\Generic\RS-232\Ports\Cypress\PSoC5/probe_rs232c.c **** * Note(s)     : (1) The application should call this function to stop communication.
 189:..\..\..\..\..\..\uC-Probe\Target\Communication\Generic\RS-232\Ports\Cypress\PSoC5/probe_rs232c.c **** ***************************************************************************************************
 190:..\..\..\..\..\..\uC-Probe\Target\Communication\Generic\RS-232\Ports\Cypress\PSoC5/probe_rs232c.c **** */
 191:..\..\..\..\..\..\uC-Probe\Target\Communication\Generic\RS-232\Ports\Cypress\PSoC5/probe_rs232c.c **** 
 192:..\..\..\..\..\..\uC-Probe\Target\Communication\Generic\RS-232\Ports\Cypress\PSoC5/probe_rs232c.c **** void  ProbeRS232_RxIntDis (void)
 193:..\..\..\..\..\..\uC-Probe\Target\Communication\Generic\RS-232\Ports\Cypress\PSoC5/probe_rs232c.c **** {
ARM GAS  C:\Users\daniel01\AppData\Local\Temp\ccNUtgJF.s 			page 7


 146              		.loc 1 193 0
 147              		.cfi_startproc
 148              		@ args = 0, pretend = 0, frame = 0
 149              		@ frame_needed = 1, uses_anonymous_args = 0
 150 0000 80B5     		push	{r7, lr}
 151              	.LCFI8:
 152              		.cfi_def_cfa_offset 8
 153 0002 00AF     		add	r7, sp, #0
 154              		.cfi_offset 14, -4
 155              		.cfi_offset 7, -8
 156              	.LCFI9:
 157              		.cfi_def_cfa_register 7
 194:..\..\..\..\..\..\uC-Probe\Target\Communication\Generic\RS-232\Ports\Cypress\PSoC5/probe_rs232c.c ****     ProbeUART_RxISR_Disable();
 158              		.loc 1 194 0
 159 0004 FFF7FEFF 		bl	ProbeUART_RxISR_Disable
 195:..\..\..\..\..\..\uC-Probe\Target\Communication\Generic\RS-232\Ports\Cypress\PSoC5/probe_rs232c.c **** }
 160              		.loc 1 195 0
 161 0008 80BD     		pop	{r7, pc}
 162              		.cfi_endproc
 163              	.LFE3:
 164              		.size	ProbeRS232_RxIntDis, .-ProbeRS232_RxIntDis
 165 000a 00BF     		.section	.text.ProbeRS232_RxIntEn,"ax",%progbits
 166              		.align	2
 167              		.global	ProbeRS232_RxIntEn
 168              		.thumb
 169              		.thumb_func
 170              		.type	ProbeRS232_RxIntEn, %function
 171              	ProbeRS232_RxIntEn:
 172              	.LFB4:
 196:..\..\..\..\..\..\uC-Probe\Target\Communication\Generic\RS-232\Ports\Cypress\PSoC5/probe_rs232c.c **** 
 197:..\..\..\..\..\..\uC-Probe\Target\Communication\Generic\RS-232\Ports\Cypress\PSoC5/probe_rs232c.c **** 
 198:..\..\..\..\..\..\uC-Probe\Target\Communication\Generic\RS-232\Ports\Cypress\PSoC5/probe_rs232c.c **** /*
 199:..\..\..\..\..\..\uC-Probe\Target\Communication\Generic\RS-232\Ports\Cypress\PSoC5/probe_rs232c.c **** ***************************************************************************************************
 200:..\..\..\..\..\..\uC-Probe\Target\Communication\Generic\RS-232\Ports\Cypress\PSoC5/probe_rs232c.c **** *                                        ProbeRS232_RxIntEn()
 201:..\..\..\..\..\..\uC-Probe\Target\Communication\Generic\RS-232\Ports\Cypress\PSoC5/probe_rs232c.c **** *
 202:..\..\..\..\..\..\uC-Probe\Target\Communication\Generic\RS-232\Ports\Cypress\PSoC5/probe_rs232c.c **** * Description : Enable receive interrupts.
 203:..\..\..\..\..\..\uC-Probe\Target\Communication\Generic\RS-232\Ports\Cypress\PSoC5/probe_rs232c.c **** *
 204:..\..\..\..\..\..\uC-Probe\Target\Communication\Generic\RS-232\Ports\Cypress\PSoC5/probe_rs232c.c **** * Argument(s) : none.
 205:..\..\..\..\..\..\uC-Probe\Target\Communication\Generic\RS-232\Ports\Cypress\PSoC5/probe_rs232c.c **** *
 206:..\..\..\..\..\..\uC-Probe\Target\Communication\Generic\RS-232\Ports\Cypress\PSoC5/probe_rs232c.c **** * Return(s)   : none.
 207:..\..\..\..\..\..\uC-Probe\Target\Communication\Generic\RS-232\Ports\Cypress\PSoC5/probe_rs232c.c **** *
 208:..\..\..\..\..\..\uC-Probe\Target\Communication\Generic\RS-232\Ports\Cypress\PSoC5/probe_rs232c.c **** * Caller(s)   : Application.
 209:..\..\..\..\..\..\uC-Probe\Target\Communication\Generic\RS-232\Ports\Cypress\PSoC5/probe_rs232c.c **** *
 210:..\..\..\..\..\..\uC-Probe\Target\Communication\Generic\RS-232\Ports\Cypress\PSoC5/probe_rs232c.c **** * Note(s)     : (1) The application should call this function to start communication.
 211:..\..\..\..\..\..\uC-Probe\Target\Communication\Generic\RS-232\Ports\Cypress\PSoC5/probe_rs232c.c **** ***************************************************************************************************
 212:..\..\..\..\..\..\uC-Probe\Target\Communication\Generic\RS-232\Ports\Cypress\PSoC5/probe_rs232c.c **** */
 213:..\..\..\..\..\..\uC-Probe\Target\Communication\Generic\RS-232\Ports\Cypress\PSoC5/probe_rs232c.c **** 
 214:..\..\..\..\..\..\uC-Probe\Target\Communication\Generic\RS-232\Ports\Cypress\PSoC5/probe_rs232c.c **** void  ProbeRS232_RxIntEn (void)
 215:..\..\..\..\..\..\uC-Probe\Target\Communication\Generic\RS-232\Ports\Cypress\PSoC5/probe_rs232c.c **** {
 173              		.loc 1 215 0
 174              		.cfi_startproc
 175              		@ args = 0, pretend = 0, frame = 0
 176              		@ frame_needed = 1, uses_anonymous_args = 0
 177 0000 80B5     		push	{r7, lr}
 178              	.LCFI10:
 179              		.cfi_def_cfa_offset 8
 180 0002 00AF     		add	r7, sp, #0
ARM GAS  C:\Users\daniel01\AppData\Local\Temp\ccNUtgJF.s 			page 8


 181              		.cfi_offset 14, -4
 182              		.cfi_offset 7, -8
 183              	.LCFI11:
 184              		.cfi_def_cfa_register 7
 216:..\..\..\..\..\..\uC-Probe\Target\Communication\Generic\RS-232\Ports\Cypress\PSoC5/probe_rs232c.c ****     ProbeUART_RxISR_Enable();
 185              		.loc 1 216 0
 186 0004 FFF7FEFF 		bl	ProbeUART_RxISR_Enable
 217:..\..\..\..\..\..\uC-Probe\Target\Communication\Generic\RS-232\Ports\Cypress\PSoC5/probe_rs232c.c **** }
 187              		.loc 1 217 0
 188 0008 80BD     		pop	{r7, pc}
 189              		.cfi_endproc
 190              	.LFE4:
 191              		.size	ProbeRS232_RxIntEn, .-ProbeRS232_RxIntEn
 192 000a 00BF     		.section	.text.ProbeRS232_TxISRHandler,"ax",%progbits
 193              		.align	2
 194              		.global	ProbeRS232_TxISRHandler
 195              		.thumb
 196              		.thumb_func
 197              		.type	ProbeRS232_TxISRHandler, %function
 198              	ProbeRS232_TxISRHandler:
 199              	.LFB5:
 218:..\..\..\..\..\..\uC-Probe\Target\Communication\Generic\RS-232\Ports\Cypress\PSoC5/probe_rs232c.c **** 
 219:..\..\..\..\..\..\uC-Probe\Target\Communication\Generic\RS-232\Ports\Cypress\PSoC5/probe_rs232c.c **** 
 220:..\..\..\..\..\..\uC-Probe\Target\Communication\Generic\RS-232\Ports\Cypress\PSoC5/probe_rs232c.c **** /*
 221:..\..\..\..\..\..\uC-Probe\Target\Communication\Generic\RS-232\Ports\Cypress\PSoC5/probe_rs232c.c **** ***************************************************************************************************
 222:..\..\..\..\..\..\uC-Probe\Target\Communication\Generic\RS-232\Ports\Cypress\PSoC5/probe_rs232c.c **** *                                      ProbeRS232_TxISRHandler()
 223:..\..\..\..\..\..\uC-Probe\Target\Communication\Generic\RS-232\Ports\Cypress\PSoC5/probe_rs232c.c **** *
 224:..\..\..\..\..\..\uC-Probe\Target\Communication\Generic\RS-232\Ports\Cypress\PSoC5/probe_rs232c.c **** * Description : Handle transmit interrupts.
 225:..\..\..\..\..\..\uC-Probe\Target\Communication\Generic\RS-232\Ports\Cypress\PSoC5/probe_rs232c.c **** *
 226:..\..\..\..\..\..\uC-Probe\Target\Communication\Generic\RS-232\Ports\Cypress\PSoC5/probe_rs232c.c **** * Argument(s) : none.
 227:..\..\..\..\..\..\uC-Probe\Target\Communication\Generic\RS-232\Ports\Cypress\PSoC5/probe_rs232c.c **** *
 228:..\..\..\..\..\..\uC-Probe\Target\Communication\Generic\RS-232\Ports\Cypress\PSoC5/probe_rs232c.c **** * Return(s)   : none.
 229:..\..\..\..\..\..\uC-Probe\Target\Communication\Generic\RS-232\Ports\Cypress\PSoC5/probe_rs232c.c **** *
 230:..\..\..\..\..\..\uC-Probe\Target\Communication\Generic\RS-232\Ports\Cypress\PSoC5/probe_rs232c.c **** * Caller(s)   : This is an ISR.
 231:..\..\..\..\..\..\uC-Probe\Target\Communication\Generic\RS-232\Ports\Cypress\PSoC5/probe_rs232c.c **** *
 232:..\..\..\..\..\..\uC-Probe\Target\Communication\Generic\RS-232\Ports\Cypress\PSoC5/probe_rs232c.c **** * Note(s)     : (1) This function may be empty if transmit interrupts are handled by the combined r
 233:..\..\..\..\..\..\uC-Probe\Target\Communication\Generic\RS-232\Ports\Cypress\PSoC5/probe_rs232c.c **** *                   transmit interrupt handler, 'ProbeRS232_RxTxISRHandler()'.
 234:..\..\..\..\..\..\uC-Probe\Target\Communication\Generic\RS-232\Ports\Cypress\PSoC5/probe_rs232c.c **** ***************************************************************************************************
 235:..\..\..\..\..\..\uC-Probe\Target\Communication\Generic\RS-232\Ports\Cypress\PSoC5/probe_rs232c.c **** */
 236:..\..\..\..\..\..\uC-Probe\Target\Communication\Generic\RS-232\Ports\Cypress\PSoC5/probe_rs232c.c **** 
 237:..\..\..\..\..\..\uC-Probe\Target\Communication\Generic\RS-232\Ports\Cypress\PSoC5/probe_rs232c.c **** void  ProbeRS232_TxISRHandler (void)
 238:..\..\..\..\..\..\uC-Probe\Target\Communication\Generic\RS-232\Ports\Cypress\PSoC5/probe_rs232c.c **** {
 200              		.loc 1 238 0
 201              		.cfi_startproc
 202              		@ args = 0, pretend = 0, frame = 0
 203              		@ frame_needed = 1, uses_anonymous_args = 0
 204 0000 80B5     		push	{r7, lr}
 205              	.LCFI12:
 206              		.cfi_def_cfa_offset 8
 207 0002 00AF     		add	r7, sp, #0
 208              		.cfi_offset 14, -4
 209              		.cfi_offset 7, -8
 210              	.LCFI13:
 211              		.cfi_def_cfa_register 7
 239:..\..\..\..\..\..\uC-Probe\Target\Communication\Generic\RS-232\Ports\Cypress\PSoC5/probe_rs232c.c ****     ProbeRS232_TxHandler();
 212              		.loc 1 239 0
 213 0004 FFF7FEFF 		bl	ProbeRS232_TxHandler
ARM GAS  C:\Users\daniel01\AppData\Local\Temp\ccNUtgJF.s 			page 9


 240:..\..\..\..\..\..\uC-Probe\Target\Communication\Generic\RS-232\Ports\Cypress\PSoC5/probe_rs232c.c **** 
 241:..\..\..\..\..\..\uC-Probe\Target\Communication\Generic\RS-232\Ports\Cypress\PSoC5/probe_rs232c.c **** }
 214              		.loc 1 241 0
 215 0008 80BD     		pop	{r7, pc}
 216              		.cfi_endproc
 217              	.LFE5:
 218              		.size	ProbeRS232_TxISRHandler, .-ProbeRS232_TxISRHandler
 219 000a 00BF     		.section	.text.ProbeRS232_Tx1,"ax",%progbits
 220              		.align	2
 221              		.global	ProbeRS232_Tx1
 222              		.thumb
 223              		.thumb_func
 224              		.type	ProbeRS232_Tx1, %function
 225              	ProbeRS232_Tx1:
 226              	.LFB6:
 242:..\..\..\..\..\..\uC-Probe\Target\Communication\Generic\RS-232\Ports\Cypress\PSoC5/probe_rs232c.c **** 
 243:..\..\..\..\..\..\uC-Probe\Target\Communication\Generic\RS-232\Ports\Cypress\PSoC5/probe_rs232c.c **** 
 244:..\..\..\..\..\..\uC-Probe\Target\Communication\Generic\RS-232\Ports\Cypress\PSoC5/probe_rs232c.c **** /*
 245:..\..\..\..\..\..\uC-Probe\Target\Communication\Generic\RS-232\Ports\Cypress\PSoC5/probe_rs232c.c **** ***************************************************************************************************
 246:..\..\..\..\..\..\uC-Probe\Target\Communication\Generic\RS-232\Ports\Cypress\PSoC5/probe_rs232c.c **** *                                          ProbeRS232_Tx1()
 247:..\..\..\..\..\..\uC-Probe\Target\Communication\Generic\RS-232\Ports\Cypress\PSoC5/probe_rs232c.c **** *
 248:..\..\..\..\..\..\uC-Probe\Target\Communication\Generic\RS-232\Ports\Cypress\PSoC5/probe_rs232c.c **** * Description : Transmit one byte.
 249:..\..\..\..\..\..\uC-Probe\Target\Communication\Generic\RS-232\Ports\Cypress\PSoC5/probe_rs232c.c **** *
 250:..\..\..\..\..\..\uC-Probe\Target\Communication\Generic\RS-232\Ports\Cypress\PSoC5/probe_rs232c.c **** * Argument(s) : c           The byte to transmit.
 251:..\..\..\..\..\..\uC-Probe\Target\Communication\Generic\RS-232\Ports\Cypress\PSoC5/probe_rs232c.c **** *
 252:..\..\..\..\..\..\uC-Probe\Target\Communication\Generic\RS-232\Ports\Cypress\PSoC5/probe_rs232c.c **** * Return(s)   : none.
 253:..\..\..\..\..\..\uC-Probe\Target\Communication\Generic\RS-232\Ports\Cypress\PSoC5/probe_rs232c.c **** *
 254:..\..\..\..\..\..\uC-Probe\Target\Communication\Generic\RS-232\Ports\Cypress\PSoC5/probe_rs232c.c **** * Caller(s)   : ProbeRS232_TxHandler().
 255:..\..\..\..\..\..\uC-Probe\Target\Communication\Generic\RS-232\Ports\Cypress\PSoC5/probe_rs232c.c **** *
 256:..\..\..\..\..\..\uC-Probe\Target\Communication\Generic\RS-232\Ports\Cypress\PSoC5/probe_rs232c.c **** * Note(s)     : none.
 257:..\..\..\..\..\..\uC-Probe\Target\Communication\Generic\RS-232\Ports\Cypress\PSoC5/probe_rs232c.c **** ***************************************************************************************************
 258:..\..\..\..\..\..\uC-Probe\Target\Communication\Generic\RS-232\Ports\Cypress\PSoC5/probe_rs232c.c **** */
 259:..\..\..\..\..\..\uC-Probe\Target\Communication\Generic\RS-232\Ports\Cypress\PSoC5/probe_rs232c.c **** 
 260:..\..\..\..\..\..\uC-Probe\Target\Communication\Generic\RS-232\Ports\Cypress\PSoC5/probe_rs232c.c **** void  ProbeRS232_Tx1 (CPU_INT08U c)
 261:..\..\..\..\..\..\uC-Probe\Target\Communication\Generic\RS-232\Ports\Cypress\PSoC5/probe_rs232c.c **** {
 227              		.loc 1 261 0
 228              		.cfi_startproc
 229              		@ args = 0, pretend = 0, frame = 8
 230              		@ frame_needed = 1, uses_anonymous_args = 0
 231 0000 80B5     		push	{r7, lr}
 232              	.LCFI14:
 233              		.cfi_def_cfa_offset 8
 234 0002 82B0     		sub	sp, sp, #8
 235              	.LCFI15:
 236              		.cfi_def_cfa_offset 16
 237 0004 00AF     		add	r7, sp, #0
 238              		.cfi_offset 14, -4
 239              		.cfi_offset 7, -8
 240              	.LCFI16:
 241              		.cfi_def_cfa_register 7
 242 0006 0346     		mov	r3, r0
 243 0008 FB71     		strb	r3, [r7, #7]
 262:..\..\..\..\..\..\uC-Probe\Target\Communication\Generic\RS-232\Ports\Cypress\PSoC5/probe_rs232c.c ****     ProbeUART_PutChar(c);                                           /* Place data in the TX Buffer 
 244              		.loc 1 262 0
 245 000a FB79     		ldrb	r3, [r7, #7]	@ zero_extendqisi2
 246 000c 1846     		mov	r0, r3
 247 000e FFF7FEFF 		bl	ProbeUART_PutChar
ARM GAS  C:\Users\daniel01\AppData\Local\Temp\ccNUtgJF.s 			page 10


 263:..\..\..\..\..\..\uC-Probe\Target\Communication\Generic\RS-232\Ports\Cypress\PSoC5/probe_rs232c.c ****     ProbeRS232_TxIntEn();                                           /* Enable Interrupt for Transmi
 248              		.loc 1 263 0
 249 0012 FFF7FEFF 		bl	ProbeRS232_TxIntEn
 264:..\..\..\..\..\..\uC-Probe\Target\Communication\Generic\RS-232\Ports\Cypress\PSoC5/probe_rs232c.c **** }
 250              		.loc 1 264 0
 251 0016 07F10807 		add	r7, r7, #8
 252 001a BD46     		mov	sp, r7
 253 001c 80BD     		pop	{r7, pc}
 254              		.cfi_endproc
 255              	.LFE6:
 256              		.size	ProbeRS232_Tx1, .-ProbeRS232_Tx1
 257 001e 00BF     		.section	.text.ProbeRS232_TxIntDis,"ax",%progbits
 258              		.align	2
 259              		.global	ProbeRS232_TxIntDis
 260              		.thumb
 261              		.thumb_func
 262              		.type	ProbeRS232_TxIntDis, %function
 263              	ProbeRS232_TxIntDis:
 264              	.LFB7:
 265:..\..\..\..\..\..\uC-Probe\Target\Communication\Generic\RS-232\Ports\Cypress\PSoC5/probe_rs232c.c **** 
 266:..\..\..\..\..\..\uC-Probe\Target\Communication\Generic\RS-232\Ports\Cypress\PSoC5/probe_rs232c.c **** 
 267:..\..\..\..\..\..\uC-Probe\Target\Communication\Generic\RS-232\Ports\Cypress\PSoC5/probe_rs232c.c **** /*
 268:..\..\..\..\..\..\uC-Probe\Target\Communication\Generic\RS-232\Ports\Cypress\PSoC5/probe_rs232c.c **** ***************************************************************************************************
 269:..\..\..\..\..\..\uC-Probe\Target\Communication\Generic\RS-232\Ports\Cypress\PSoC5/probe_rs232c.c **** *                                        ProbeRS232_TxIntDis()
 270:..\..\..\..\..\..\uC-Probe\Target\Communication\Generic\RS-232\Ports\Cypress\PSoC5/probe_rs232c.c **** *
 271:..\..\..\..\..\..\uC-Probe\Target\Communication\Generic\RS-232\Ports\Cypress\PSoC5/probe_rs232c.c **** * Description : Disable transmit interrupts.
 272:..\..\..\..\..\..\uC-Probe\Target\Communication\Generic\RS-232\Ports\Cypress\PSoC5/probe_rs232c.c **** *
 273:..\..\..\..\..\..\uC-Probe\Target\Communication\Generic\RS-232\Ports\Cypress\PSoC5/probe_rs232c.c **** * Argument(s) : none.
 274:..\..\..\..\..\..\uC-Probe\Target\Communication\Generic\RS-232\Ports\Cypress\PSoC5/probe_rs232c.c **** *
 275:..\..\..\..\..\..\uC-Probe\Target\Communication\Generic\RS-232\Ports\Cypress\PSoC5/probe_rs232c.c **** * Return(s)   : none.
 276:..\..\..\..\..\..\uC-Probe\Target\Communication\Generic\RS-232\Ports\Cypress\PSoC5/probe_rs232c.c **** *
 277:..\..\..\..\..\..\uC-Probe\Target\Communication\Generic\RS-232\Ports\Cypress\PSoC5/probe_rs232c.c **** * Caller(s)   : ProbeRS232_TxHandler().
 278:..\..\..\..\..\..\uC-Probe\Target\Communication\Generic\RS-232\Ports\Cypress\PSoC5/probe_rs232c.c **** *
 279:..\..\..\..\..\..\uC-Probe\Target\Communication\Generic\RS-232\Ports\Cypress\PSoC5/probe_rs232c.c **** * Note(s)     : none.
 280:..\..\..\..\..\..\uC-Probe\Target\Communication\Generic\RS-232\Ports\Cypress\PSoC5/probe_rs232c.c **** ***************************************************************************************************
 281:..\..\..\..\..\..\uC-Probe\Target\Communication\Generic\RS-232\Ports\Cypress\PSoC5/probe_rs232c.c **** */
 282:..\..\..\..\..\..\uC-Probe\Target\Communication\Generic\RS-232\Ports\Cypress\PSoC5/probe_rs232c.c **** 
 283:..\..\..\..\..\..\uC-Probe\Target\Communication\Generic\RS-232\Ports\Cypress\PSoC5/probe_rs232c.c **** void  ProbeRS232_TxIntDis (void)
 284:..\..\..\..\..\..\uC-Probe\Target\Communication\Generic\RS-232\Ports\Cypress\PSoC5/probe_rs232c.c **** {
 265              		.loc 1 284 0
 266              		.cfi_startproc
 267              		@ args = 0, pretend = 0, frame = 0
 268              		@ frame_needed = 1, uses_anonymous_args = 0
 269 0000 80B5     		push	{r7, lr}
 270              	.LCFI17:
 271              		.cfi_def_cfa_offset 8
 272 0002 00AF     		add	r7, sp, #0
 273              		.cfi_offset 14, -4
 274              		.cfi_offset 7, -8
 275              	.LCFI18:
 276              		.cfi_def_cfa_register 7
 285:..\..\..\..\..\..\uC-Probe\Target\Communication\Generic\RS-232\Ports\Cypress\PSoC5/probe_rs232c.c ****     ProbeUART_TxISR_Disable();
 277              		.loc 1 285 0
 278 0004 FFF7FEFF 		bl	ProbeUART_TxISR_Disable
 286:..\..\..\..\..\..\uC-Probe\Target\Communication\Generic\RS-232\Ports\Cypress\PSoC5/probe_rs232c.c **** }
 279              		.loc 1 286 0
 280 0008 80BD     		pop	{r7, pc}
ARM GAS  C:\Users\daniel01\AppData\Local\Temp\ccNUtgJF.s 			page 11


 281              		.cfi_endproc
 282              	.LFE7:
 283              		.size	ProbeRS232_TxIntDis, .-ProbeRS232_TxIntDis
 284 000a 00BF     		.section	.text.ProbeRS232_TxIntEn,"ax",%progbits
 285              		.align	2
 286              		.global	ProbeRS232_TxIntEn
 287              		.thumb
 288              		.thumb_func
 289              		.type	ProbeRS232_TxIntEn, %function
 290              	ProbeRS232_TxIntEn:
 291              	.LFB8:
 287:..\..\..\..\..\..\uC-Probe\Target\Communication\Generic\RS-232\Ports\Cypress\PSoC5/probe_rs232c.c **** 
 288:..\..\..\..\..\..\uC-Probe\Target\Communication\Generic\RS-232\Ports\Cypress\PSoC5/probe_rs232c.c **** 
 289:..\..\..\..\..\..\uC-Probe\Target\Communication\Generic\RS-232\Ports\Cypress\PSoC5/probe_rs232c.c **** /*
 290:..\..\..\..\..\..\uC-Probe\Target\Communication\Generic\RS-232\Ports\Cypress\PSoC5/probe_rs232c.c **** ***************************************************************************************************
 291:..\..\..\..\..\..\uC-Probe\Target\Communication\Generic\RS-232\Ports\Cypress\PSoC5/probe_rs232c.c **** *                                        ProbeRS232_TxIntEn()
 292:..\..\..\..\..\..\uC-Probe\Target\Communication\Generic\RS-232\Ports\Cypress\PSoC5/probe_rs232c.c **** *
 293:..\..\..\..\..\..\uC-Probe\Target\Communication\Generic\RS-232\Ports\Cypress\PSoC5/probe_rs232c.c **** * Description : Enable transmit interrupts.
 294:..\..\..\..\..\..\uC-Probe\Target\Communication\Generic\RS-232\Ports\Cypress\PSoC5/probe_rs232c.c **** *
 295:..\..\..\..\..\..\uC-Probe\Target\Communication\Generic\RS-232\Ports\Cypress\PSoC5/probe_rs232c.c **** * Argument(s) : none.
 296:..\..\..\..\..\..\uC-Probe\Target\Communication\Generic\RS-232\Ports\Cypress\PSoC5/probe_rs232c.c **** *
 297:..\..\..\..\..\..\uC-Probe\Target\Communication\Generic\RS-232\Ports\Cypress\PSoC5/probe_rs232c.c **** * Return(s)   : none.
 298:..\..\..\..\..\..\uC-Probe\Target\Communication\Generic\RS-232\Ports\Cypress\PSoC5/probe_rs232c.c **** *
 299:..\..\..\..\..\..\uC-Probe\Target\Communication\Generic\RS-232\Ports\Cypress\PSoC5/probe_rs232c.c **** * Caller(s)   : ProbeRS232_TxStart().
 300:..\..\..\..\..\..\uC-Probe\Target\Communication\Generic\RS-232\Ports\Cypress\PSoC5/probe_rs232c.c **** *
 301:..\..\..\..\..\..\uC-Probe\Target\Communication\Generic\RS-232\Ports\Cypress\PSoC5/probe_rs232c.c **** * Note(s)     : none.
 302:..\..\..\..\..\..\uC-Probe\Target\Communication\Generic\RS-232\Ports\Cypress\PSoC5/probe_rs232c.c **** ***************************************************************************************************
 303:..\..\..\..\..\..\uC-Probe\Target\Communication\Generic\RS-232\Ports\Cypress\PSoC5/probe_rs232c.c **** */
 304:..\..\..\..\..\..\uC-Probe\Target\Communication\Generic\RS-232\Ports\Cypress\PSoC5/probe_rs232c.c **** 
 305:..\..\..\..\..\..\uC-Probe\Target\Communication\Generic\RS-232\Ports\Cypress\PSoC5/probe_rs232c.c **** void  ProbeRS232_TxIntEn (void)
 306:..\..\..\..\..\..\uC-Probe\Target\Communication\Generic\RS-232\Ports\Cypress\PSoC5/probe_rs232c.c **** {
 292              		.loc 1 306 0
 293              		.cfi_startproc
 294              		@ args = 0, pretend = 0, frame = 0
 295              		@ frame_needed = 1, uses_anonymous_args = 0
 296 0000 80B5     		push	{r7, lr}
 297              	.LCFI19:
 298              		.cfi_def_cfa_offset 8
 299 0002 00AF     		add	r7, sp, #0
 300              		.cfi_offset 14, -4
 301              		.cfi_offset 7, -8
 302              	.LCFI20:
 303              		.cfi_def_cfa_register 7
 307:..\..\..\..\..\..\uC-Probe\Target\Communication\Generic\RS-232\Ports\Cypress\PSoC5/probe_rs232c.c ****     ProbeUART_TxISR_Enable();
 304              		.loc 1 307 0
 305 0004 FFF7FEFF 		bl	ProbeUART_TxISR_Enable
 308:..\..\..\..\..\..\uC-Probe\Target\Communication\Generic\RS-232\Ports\Cypress\PSoC5/probe_rs232c.c **** }
 306              		.loc 1 308 0
 307 0008 80BD     		pop	{r7, pc}
 308              		.cfi_endproc
 309              	.LFE8:
 310              		.size	ProbeRS232_TxIntEn, .-ProbeRS232_TxIntEn
 311 000a 00BF     		.text
 312              	.Letext0:
 313              		.section	.debug_loc,"",%progbits
 314              	.Ldebug_loc0:
 315              	.LLST0:
ARM GAS  C:\Users\daniel01\AppData\Local\Temp\ccNUtgJF.s 			page 12


 316 0000 00000000 		.4byte	.LFB0
 317 0004 02000000 		.4byte	.LCFI0
 318 0008 0100     		.2byte	0x1
 319 000a 5D       		.byte	0x5d
 320 000b 02000000 		.4byte	.LCFI0
 321 000f 04000000 		.4byte	.LCFI1
 322 0013 0200     		.2byte	0x2
 323 0015 7D       		.byte	0x7d
 324 0016 08       		.sleb128 8
 325 0017 04000000 		.4byte	.LCFI1
 326 001b 06000000 		.4byte	.LCFI2
 327 001f 0200     		.2byte	0x2
 328 0021 7D       		.byte	0x7d
 329 0022 10       		.sleb128 16
 330 0023 06000000 		.4byte	.LCFI2
 331 0027 34000000 		.4byte	.LFE0
 332 002b 0200     		.2byte	0x2
 333 002d 77       		.byte	0x77
 334 002e 10       		.sleb128 16
 335 002f 00000000 		.4byte	0x0
 336 0033 00000000 		.4byte	0x0
 337              	.LLST1:
 338 0037 00000000 		.4byte	.LFB1
 339 003b 02000000 		.4byte	.LCFI3
 340 003f 0100     		.2byte	0x1
 341 0041 5D       		.byte	0x5d
 342 0042 02000000 		.4byte	.LCFI3
 343 0046 04000000 		.4byte	.LCFI4
 344 004a 0200     		.2byte	0x2
 345 004c 7D       		.byte	0x7d
 346 004d 04       		.sleb128 4
 347 004e 04000000 		.4byte	.LCFI4
 348 0052 0A000000 		.4byte	.LFE1
 349 0056 0200     		.2byte	0x2
 350 0058 77       		.byte	0x77
 351 0059 04       		.sleb128 4
 352 005a 00000000 		.4byte	0x0
 353 005e 00000000 		.4byte	0x0
 354              	.LLST2:
 355 0062 00000000 		.4byte	.LFB2
 356 0066 02000000 		.4byte	.LCFI5
 357 006a 0100     		.2byte	0x1
 358 006c 5D       		.byte	0x5d
 359 006d 02000000 		.4byte	.LCFI5
 360 0071 04000000 		.4byte	.LCFI6
 361 0075 0200     		.2byte	0x2
 362 0077 7D       		.byte	0x7d
 363 0078 08       		.sleb128 8
 364 0079 04000000 		.4byte	.LCFI6
 365 007d 06000000 		.4byte	.LCFI7
 366 0081 0200     		.2byte	0x2
 367 0083 7D       		.byte	0x7d
 368 0084 10       		.sleb128 16
 369 0085 06000000 		.4byte	.LCFI7
 370 0089 1E000000 		.4byte	.LFE2
 371 008d 0200     		.2byte	0x2
 372 008f 77       		.byte	0x77
ARM GAS  C:\Users\daniel01\AppData\Local\Temp\ccNUtgJF.s 			page 13


 373 0090 10       		.sleb128 16
 374 0091 00000000 		.4byte	0x0
 375 0095 00000000 		.4byte	0x0
 376              	.LLST3:
 377 0099 00000000 		.4byte	.LFB3
 378 009d 02000000 		.4byte	.LCFI8
 379 00a1 0100     		.2byte	0x1
 380 00a3 5D       		.byte	0x5d
 381 00a4 02000000 		.4byte	.LCFI8
 382 00a8 04000000 		.4byte	.LCFI9
 383 00ac 0200     		.2byte	0x2
 384 00ae 7D       		.byte	0x7d
 385 00af 08       		.sleb128 8
 386 00b0 04000000 		.4byte	.LCFI9
 387 00b4 0A000000 		.4byte	.LFE3
 388 00b8 0200     		.2byte	0x2
 389 00ba 77       		.byte	0x77
 390 00bb 08       		.sleb128 8
 391 00bc 00000000 		.4byte	0x0
 392 00c0 00000000 		.4byte	0x0
 393              	.LLST4:
 394 00c4 00000000 		.4byte	.LFB4
 395 00c8 02000000 		.4byte	.LCFI10
 396 00cc 0100     		.2byte	0x1
 397 00ce 5D       		.byte	0x5d
 398 00cf 02000000 		.4byte	.LCFI10
 399 00d3 04000000 		.4byte	.LCFI11
 400 00d7 0200     		.2byte	0x2
 401 00d9 7D       		.byte	0x7d
 402 00da 08       		.sleb128 8
 403 00db 04000000 		.4byte	.LCFI11
 404 00df 0A000000 		.4byte	.LFE4
 405 00e3 0200     		.2byte	0x2
 406 00e5 77       		.byte	0x77
 407 00e6 08       		.sleb128 8
 408 00e7 00000000 		.4byte	0x0
 409 00eb 00000000 		.4byte	0x0
 410              	.LLST5:
 411 00ef 00000000 		.4byte	.LFB5
 412 00f3 02000000 		.4byte	.LCFI12
 413 00f7 0100     		.2byte	0x1
 414 00f9 5D       		.byte	0x5d
 415 00fa 02000000 		.4byte	.LCFI12
 416 00fe 04000000 		.4byte	.LCFI13
 417 0102 0200     		.2byte	0x2
 418 0104 7D       		.byte	0x7d
 419 0105 08       		.sleb128 8
 420 0106 04000000 		.4byte	.LCFI13
 421 010a 0A000000 		.4byte	.LFE5
 422 010e 0200     		.2byte	0x2
 423 0110 77       		.byte	0x77
 424 0111 08       		.sleb128 8
 425 0112 00000000 		.4byte	0x0
 426 0116 00000000 		.4byte	0x0
 427              	.LLST6:
 428 011a 00000000 		.4byte	.LFB6
 429 011e 02000000 		.4byte	.LCFI14
ARM GAS  C:\Users\daniel01\AppData\Local\Temp\ccNUtgJF.s 			page 14


 430 0122 0100     		.2byte	0x1
 431 0124 5D       		.byte	0x5d
 432 0125 02000000 		.4byte	.LCFI14
 433 0129 04000000 		.4byte	.LCFI15
 434 012d 0200     		.2byte	0x2
 435 012f 7D       		.byte	0x7d
 436 0130 08       		.sleb128 8
 437 0131 04000000 		.4byte	.LCFI15
 438 0135 06000000 		.4byte	.LCFI16
 439 0139 0200     		.2byte	0x2
 440 013b 7D       		.byte	0x7d
 441 013c 10       		.sleb128 16
 442 013d 06000000 		.4byte	.LCFI16
 443 0141 1E000000 		.4byte	.LFE6
 444 0145 0200     		.2byte	0x2
 445 0147 77       		.byte	0x77
 446 0148 10       		.sleb128 16
 447 0149 00000000 		.4byte	0x0
 448 014d 00000000 		.4byte	0x0
 449              	.LLST7:
 450 0151 00000000 		.4byte	.LFB7
 451 0155 02000000 		.4byte	.LCFI17
 452 0159 0100     		.2byte	0x1
 453 015b 5D       		.byte	0x5d
 454 015c 02000000 		.4byte	.LCFI17
 455 0160 04000000 		.4byte	.LCFI18
 456 0164 0200     		.2byte	0x2
 457 0166 7D       		.byte	0x7d
 458 0167 08       		.sleb128 8
 459 0168 04000000 		.4byte	.LCFI18
 460 016c 0A000000 		.4byte	.LFE7
 461 0170 0200     		.2byte	0x2
 462 0172 77       		.byte	0x77
 463 0173 08       		.sleb128 8
 464 0174 00000000 		.4byte	0x0
 465 0178 00000000 		.4byte	0x0
 466              	.LLST8:
 467 017c 00000000 		.4byte	.LFB8
 468 0180 02000000 		.4byte	.LCFI19
 469 0184 0100     		.2byte	0x1
 470 0186 5D       		.byte	0x5d
 471 0187 02000000 		.4byte	.LCFI19
 472 018b 04000000 		.4byte	.LCFI20
 473 018f 0200     		.2byte	0x2
 474 0191 7D       		.byte	0x7d
 475 0192 08       		.sleb128 8
 476 0193 04000000 		.4byte	.LCFI20
 477 0197 0A000000 		.4byte	.LFE8
 478 019b 0200     		.2byte	0x2
 479 019d 77       		.byte	0x77
 480 019e 08       		.sleb128 8
 481 019f 00000000 		.4byte	0x0
 482 01a3 00000000 		.4byte	0x0
 483              		.file 2 "..\\..\\..\\..\\..\\..\\uC-CPU\\ARM-Cortex-M3\\GNU/cpu.h"
 484              		.section	.debug_info
 485 0000 8F010000 		.4byte	0x18f
 486 0004 0200     		.2byte	0x2
ARM GAS  C:\Users\daniel01\AppData\Local\Temp\ccNUtgJF.s 			page 15


 487 0006 00000000 		.4byte	.Ldebug_abbrev0
 488 000a 04       		.byte	0x4
 489 000b 01       		.uleb128 0x1
 490 000c 09010000 		.4byte	.LASF24
 491 0010 01       		.byte	0x1
 492 0011 36000000 		.4byte	.LASF25
 493 0015 CF010000 		.4byte	.LASF26
 494 0019 00000000 		.4byte	0x0
 495 001d 00000000 		.4byte	0x0
 496 0021 00000000 		.4byte	.Ldebug_ranges0+0x0
 497 0025 00000000 		.4byte	.Ldebug_line0
 498 0029 02       		.uleb128 0x2
 499 002a 01       		.byte	0x1
 500 002b 08       		.byte	0x8
 501 002c 2D010000 		.4byte	.LASF0
 502 0030 02       		.uleb128 0x2
 503 0031 01       		.byte	0x1
 504 0032 08       		.byte	0x8
 505 0033 15010000 		.4byte	.LASF1
 506 0037 03       		.uleb128 0x3
 507 0038 98000000 		.4byte	.LASF5
 508 003c 02       		.byte	0x2
 509 003d 78       		.byte	0x78
 510 003e 30000000 		.4byte	0x30
 511 0042 02       		.uleb128 0x2
 512 0043 01       		.byte	0x1
 513 0044 06       		.byte	0x6
 514 0045 69010000 		.4byte	.LASF2
 515 0049 02       		.uleb128 0x2
 516 004a 02       		.byte	0x2
 517 004b 07       		.byte	0x7
 518 004c 0E000000 		.4byte	.LASF3
 519 0050 02       		.uleb128 0x2
 520 0051 02       		.byte	0x2
 521 0052 05       		.byte	0x5
 522 0053 B2010000 		.4byte	.LASF4
 523 0057 03       		.uleb128 0x3
 524 0058 A7010000 		.4byte	.LASF6
 525 005c 02       		.byte	0x2
 526 005d 7C       		.byte	0x7c
 527 005e 62000000 		.4byte	0x62
 528 0062 02       		.uleb128 0x2
 529 0063 04       		.byte	0x4
 530 0064 07       		.byte	0x7
 531 0065 21000000 		.4byte	.LASF7
 532 0069 04       		.uleb128 0x4
 533 006a 04       		.byte	0x4
 534 006b 05       		.byte	0x5
 535 006c 696E7400 		.ascii	"int\000"
 536 0070 02       		.uleb128 0x2
 537 0071 08       		.byte	0x8
 538 0072 07       		.byte	0x7
 539 0073 B5000000 		.4byte	.LASF8
 540 0077 02       		.uleb128 0x2
 541 0078 08       		.byte	0x8
 542 0079 05       		.byte	0x5
 543 007a 00000000 		.4byte	.LASF9
ARM GAS  C:\Users\daniel01\AppData\Local\Temp\ccNUtgJF.s 			page 16


 544 007e 02       		.uleb128 0x2
 545 007f 04       		.byte	0x4
 546 0080 04       		.byte	0x4
 547 0081 A1010000 		.4byte	.LASF10
 548 0085 02       		.uleb128 0x2
 549 0086 08       		.byte	0x8
 550 0087 04       		.byte	0x4
 551 0088 62010000 		.4byte	.LASF11
 552 008c 02       		.uleb128 0x2
 553 008d 04       		.byte	0x4
 554 008e 05       		.byte	0x5
 555 008f 41010000 		.4byte	.LASF12
 556 0093 02       		.uleb128 0x2
 557 0094 04       		.byte	0x4
 558 0095 07       		.byte	0x7
 559 0096 A3000000 		.4byte	.LASF13
 560 009a 05       		.uleb128 0x5
 561 009b 01       		.byte	0x1
 562 009c CC000000 		.4byte	.LASF14
 563 00a0 01       		.byte	0x1
 564 00a1 6E       		.byte	0x6e
 565 00a2 01       		.byte	0x1
 566 00a3 00000000 		.4byte	.LFB0
 567 00a7 34000000 		.4byte	.LFE0
 568 00ab 00000000 		.4byte	.LLST0
 569 00af C2000000 		.4byte	0xc2
 570 00b3 06       		.uleb128 0x6
 571 00b4 23010000 		.4byte	.LASF21
 572 00b8 01       		.byte	0x1
 573 00b9 6E       		.byte	0x6e
 574 00ba 57000000 		.4byte	0x57
 575 00be 02       		.byte	0x2
 576 00bf 91       		.byte	0x91
 577 00c0 74       		.sleb128 -12
 578 00c1 00       		.byte	0x0
 579 00c2 07       		.uleb128 0x7
 580 00c3 01       		.byte	0x1
 581 00c4 6C020000 		.4byte	.LASF16
 582 00c8 01       		.byte	0x1
 583 00c9 8E       		.byte	0x8e
 584 00ca 01       		.byte	0x1
 585 00cb 00000000 		.4byte	.LFB1
 586 00cf 0A000000 		.4byte	.LFE1
 587 00d3 37000000 		.4byte	.LLST1
 588 00d7 05       		.uleb128 0x5
 589 00d8 01       		.byte	0x1
 590 00d9 89010000 		.4byte	.LASF15
 591 00dd 01       		.byte	0x1
 592 00de A5       		.byte	0xa5
 593 00df 01       		.byte	0x1
 594 00e0 00000000 		.4byte	.LFB2
 595 00e4 1E000000 		.4byte	.LFE2
 596 00e8 62000000 		.4byte	.LLST2
 597 00ec FF000000 		.4byte	0xff
 598 00f0 08       		.uleb128 0x8
 599 00f1 2E000000 		.4byte	.LASF27
 600 00f5 01       		.byte	0x1
ARM GAS  C:\Users\daniel01\AppData\Local\Temp\ccNUtgJF.s 			page 17


 601 00f6 A7       		.byte	0xa7
 602 00f7 37000000 		.4byte	0x37
 603 00fb 02       		.byte	0x2
 604 00fc 91       		.byte	0x91
 605 00fd 77       		.sleb128 -9
 606 00fe 00       		.byte	0x0
 607 00ff 07       		.uleb128 0x7
 608 0100 01       		.byte	0x1
 609 0101 F5000000 		.4byte	.LASF17
 610 0105 01       		.byte	0x1
 611 0106 C0       		.byte	0xc0
 612 0107 01       		.byte	0x1
 613 0108 00000000 		.4byte	.LFB3
 614 010c 0A000000 		.4byte	.LFE3
 615 0110 99000000 		.4byte	.LLST3
 616 0114 07       		.uleb128 0x7
 617 0115 01       		.byte	0x1
 618 0116 BC010000 		.4byte	.LASF18
 619 011a 01       		.byte	0x1
 620 011b D6       		.byte	0xd6
 621 011c 01       		.byte	0x1
 622 011d 00000000 		.4byte	.LFB4
 623 0121 0A000000 		.4byte	.LFE4
 624 0125 C4000000 		.4byte	.LLST4
 625 0129 07       		.uleb128 0x7
 626 012a 01       		.byte	0x1
 627 012b 4A010000 		.4byte	.LASF19
 628 012f 01       		.byte	0x1
 629 0130 ED       		.byte	0xed
 630 0131 01       		.byte	0x1
 631 0132 00000000 		.4byte	.LFB5
 632 0136 0A000000 		.4byte	.LFE5
 633 013a EF000000 		.4byte	.LLST5
 634 013e 09       		.uleb128 0x9
 635 013f 01       		.byte	0x1
 636 0140 32010000 		.4byte	.LASF20
 637 0144 01       		.byte	0x1
 638 0145 0401     		.2byte	0x104
 639 0147 01       		.byte	0x1
 640 0148 00000000 		.4byte	.LFB6
 641 014c 1E000000 		.4byte	.LFE6
 642 0150 1A010000 		.4byte	.LLST6
 643 0154 66010000 		.4byte	0x166
 644 0158 0A       		.uleb128 0xa
 645 0159 6300     		.ascii	"c\000"
 646 015b 01       		.byte	0x1
 647 015c 0401     		.2byte	0x104
 648 015e 37000000 		.4byte	0x37
 649 0162 02       		.byte	0x2
 650 0163 91       		.byte	0x91
 651 0164 77       		.sleb128 -9
 652 0165 00       		.byte	0x0
 653 0166 0B       		.uleb128 0xb
 654 0167 01       		.byte	0x1
 655 0168 75010000 		.4byte	.LASF22
 656 016c 01       		.byte	0x1
 657 016d 1B01     		.2byte	0x11b
ARM GAS  C:\Users\daniel01\AppData\Local\Temp\ccNUtgJF.s 			page 18


 658 016f 01       		.byte	0x1
 659 0170 00000000 		.4byte	.LFB7
 660 0174 0A000000 		.4byte	.LFE7
 661 0178 51010000 		.4byte	.LLST7
 662 017c 0B       		.uleb128 0xb
 663 017d 01       		.byte	0x1
 664 017e E2000000 		.4byte	.LASF23
 665 0182 01       		.byte	0x1
 666 0183 3101     		.2byte	0x131
 667 0185 01       		.byte	0x1
 668 0186 00000000 		.4byte	.LFB8
 669 018a 0A000000 		.4byte	.LFE8
 670 018e 7C010000 		.4byte	.LLST8
 671 0192 00       		.byte	0x0
 672              		.section	.debug_abbrev
 673 0000 01       		.uleb128 0x1
 674 0001 11       		.uleb128 0x11
 675 0002 01       		.byte	0x1
 676 0003 25       		.uleb128 0x25
 677 0004 0E       		.uleb128 0xe
 678 0005 13       		.uleb128 0x13
 679 0006 0B       		.uleb128 0xb
 680 0007 03       		.uleb128 0x3
 681 0008 0E       		.uleb128 0xe
 682 0009 1B       		.uleb128 0x1b
 683 000a 0E       		.uleb128 0xe
 684 000b 11       		.uleb128 0x11
 685 000c 01       		.uleb128 0x1
 686 000d 52       		.uleb128 0x52
 687 000e 01       		.uleb128 0x1
 688 000f 55       		.uleb128 0x55
 689 0010 06       		.uleb128 0x6
 690 0011 10       		.uleb128 0x10
 691 0012 06       		.uleb128 0x6
 692 0013 00       		.byte	0x0
 693 0014 00       		.byte	0x0
 694 0015 02       		.uleb128 0x2
 695 0016 24       		.uleb128 0x24
 696 0017 00       		.byte	0x0
 697 0018 0B       		.uleb128 0xb
 698 0019 0B       		.uleb128 0xb
 699 001a 3E       		.uleb128 0x3e
 700 001b 0B       		.uleb128 0xb
 701 001c 03       		.uleb128 0x3
 702 001d 0E       		.uleb128 0xe
 703 001e 00       		.byte	0x0
 704 001f 00       		.byte	0x0
 705 0020 03       		.uleb128 0x3
 706 0021 16       		.uleb128 0x16
 707 0022 00       		.byte	0x0
 708 0023 03       		.uleb128 0x3
 709 0024 0E       		.uleb128 0xe
 710 0025 3A       		.uleb128 0x3a
 711 0026 0B       		.uleb128 0xb
 712 0027 3B       		.uleb128 0x3b
 713 0028 0B       		.uleb128 0xb
 714 0029 49       		.uleb128 0x49
ARM GAS  C:\Users\daniel01\AppData\Local\Temp\ccNUtgJF.s 			page 19


 715 002a 13       		.uleb128 0x13
 716 002b 00       		.byte	0x0
 717 002c 00       		.byte	0x0
 718 002d 04       		.uleb128 0x4
 719 002e 24       		.uleb128 0x24
 720 002f 00       		.byte	0x0
 721 0030 0B       		.uleb128 0xb
 722 0031 0B       		.uleb128 0xb
 723 0032 3E       		.uleb128 0x3e
 724 0033 0B       		.uleb128 0xb
 725 0034 03       		.uleb128 0x3
 726 0035 08       		.uleb128 0x8
 727 0036 00       		.byte	0x0
 728 0037 00       		.byte	0x0
 729 0038 05       		.uleb128 0x5
 730 0039 2E       		.uleb128 0x2e
 731 003a 01       		.byte	0x1
 732 003b 3F       		.uleb128 0x3f
 733 003c 0C       		.uleb128 0xc
 734 003d 03       		.uleb128 0x3
 735 003e 0E       		.uleb128 0xe
 736 003f 3A       		.uleb128 0x3a
 737 0040 0B       		.uleb128 0xb
 738 0041 3B       		.uleb128 0x3b
 739 0042 0B       		.uleb128 0xb
 740 0043 27       		.uleb128 0x27
 741 0044 0C       		.uleb128 0xc
 742 0045 11       		.uleb128 0x11
 743 0046 01       		.uleb128 0x1
 744 0047 12       		.uleb128 0x12
 745 0048 01       		.uleb128 0x1
 746 0049 40       		.uleb128 0x40
 747 004a 06       		.uleb128 0x6
 748 004b 01       		.uleb128 0x1
 749 004c 13       		.uleb128 0x13
 750 004d 00       		.byte	0x0
 751 004e 00       		.byte	0x0
 752 004f 06       		.uleb128 0x6
 753 0050 05       		.uleb128 0x5
 754 0051 00       		.byte	0x0
 755 0052 03       		.uleb128 0x3
 756 0053 0E       		.uleb128 0xe
 757 0054 3A       		.uleb128 0x3a
 758 0055 0B       		.uleb128 0xb
 759 0056 3B       		.uleb128 0x3b
 760 0057 0B       		.uleb128 0xb
 761 0058 49       		.uleb128 0x49
 762 0059 13       		.uleb128 0x13
 763 005a 02       		.uleb128 0x2
 764 005b 0A       		.uleb128 0xa
 765 005c 00       		.byte	0x0
 766 005d 00       		.byte	0x0
 767 005e 07       		.uleb128 0x7
 768 005f 2E       		.uleb128 0x2e
 769 0060 00       		.byte	0x0
 770 0061 3F       		.uleb128 0x3f
 771 0062 0C       		.uleb128 0xc
ARM GAS  C:\Users\daniel01\AppData\Local\Temp\ccNUtgJF.s 			page 20


 772 0063 03       		.uleb128 0x3
 773 0064 0E       		.uleb128 0xe
 774 0065 3A       		.uleb128 0x3a
 775 0066 0B       		.uleb128 0xb
 776 0067 3B       		.uleb128 0x3b
 777 0068 0B       		.uleb128 0xb
 778 0069 27       		.uleb128 0x27
 779 006a 0C       		.uleb128 0xc
 780 006b 11       		.uleb128 0x11
 781 006c 01       		.uleb128 0x1
 782 006d 12       		.uleb128 0x12
 783 006e 01       		.uleb128 0x1
 784 006f 40       		.uleb128 0x40
 785 0070 06       		.uleb128 0x6
 786 0071 00       		.byte	0x0
 787 0072 00       		.byte	0x0
 788 0073 08       		.uleb128 0x8
 789 0074 34       		.uleb128 0x34
 790 0075 00       		.byte	0x0
 791 0076 03       		.uleb128 0x3
 792 0077 0E       		.uleb128 0xe
 793 0078 3A       		.uleb128 0x3a
 794 0079 0B       		.uleb128 0xb
 795 007a 3B       		.uleb128 0x3b
 796 007b 0B       		.uleb128 0xb
 797 007c 49       		.uleb128 0x49
 798 007d 13       		.uleb128 0x13
 799 007e 02       		.uleb128 0x2
 800 007f 0A       		.uleb128 0xa
 801 0080 00       		.byte	0x0
 802 0081 00       		.byte	0x0
 803 0082 09       		.uleb128 0x9
 804 0083 2E       		.uleb128 0x2e
 805 0084 01       		.byte	0x1
 806 0085 3F       		.uleb128 0x3f
 807 0086 0C       		.uleb128 0xc
 808 0087 03       		.uleb128 0x3
 809 0088 0E       		.uleb128 0xe
 810 0089 3A       		.uleb128 0x3a
 811 008a 0B       		.uleb128 0xb
 812 008b 3B       		.uleb128 0x3b
 813 008c 05       		.uleb128 0x5
 814 008d 27       		.uleb128 0x27
 815 008e 0C       		.uleb128 0xc
 816 008f 11       		.uleb128 0x11
 817 0090 01       		.uleb128 0x1
 818 0091 12       		.uleb128 0x12
 819 0092 01       		.uleb128 0x1
 820 0093 40       		.uleb128 0x40
 821 0094 06       		.uleb128 0x6
 822 0095 01       		.uleb128 0x1
 823 0096 13       		.uleb128 0x13
 824 0097 00       		.byte	0x0
 825 0098 00       		.byte	0x0
 826 0099 0A       		.uleb128 0xa
 827 009a 05       		.uleb128 0x5
 828 009b 00       		.byte	0x0
ARM GAS  C:\Users\daniel01\AppData\Local\Temp\ccNUtgJF.s 			page 21


 829 009c 03       		.uleb128 0x3
 830 009d 08       		.uleb128 0x8
 831 009e 3A       		.uleb128 0x3a
 832 009f 0B       		.uleb128 0xb
 833 00a0 3B       		.uleb128 0x3b
 834 00a1 05       		.uleb128 0x5
 835 00a2 49       		.uleb128 0x49
 836 00a3 13       		.uleb128 0x13
 837 00a4 02       		.uleb128 0x2
 838 00a5 0A       		.uleb128 0xa
 839 00a6 00       		.byte	0x0
 840 00a7 00       		.byte	0x0
 841 00a8 0B       		.uleb128 0xb
 842 00a9 2E       		.uleb128 0x2e
 843 00aa 00       		.byte	0x0
 844 00ab 3F       		.uleb128 0x3f
 845 00ac 0C       		.uleb128 0xc
 846 00ad 03       		.uleb128 0x3
 847 00ae 0E       		.uleb128 0xe
 848 00af 3A       		.uleb128 0x3a
 849 00b0 0B       		.uleb128 0xb
 850 00b1 3B       		.uleb128 0x3b
 851 00b2 05       		.uleb128 0x5
 852 00b3 27       		.uleb128 0x27
 853 00b4 0C       		.uleb128 0xc
 854 00b5 11       		.uleb128 0x11
 855 00b6 01       		.uleb128 0x1
 856 00b7 12       		.uleb128 0x12
 857 00b8 01       		.uleb128 0x1
 858 00b9 40       		.uleb128 0x40
 859 00ba 06       		.uleb128 0x6
 860 00bb 00       		.byte	0x0
 861 00bc 00       		.byte	0x0
 862 00bd 00       		.byte	0x0
 863              		.section	.debug_pubnames,"",%progbits
 864 0000 EF000000 		.4byte	0xef
 865 0004 0200     		.2byte	0x2
 866 0006 00000000 		.4byte	.Ldebug_info0
 867 000a 93010000 		.4byte	0x193
 868 000e 9A000000 		.4byte	0x9a
 869 0012 50726F62 		.ascii	"ProbeRS232_InitTarget\000"
 869      65525332 
 869      33325F49 
 869      6E697454 
 869      61726765 
 870 0028 C2000000 		.4byte	0xc2
 871 002c 50726F62 		.ascii	"ProbeRS232_RxTxISRHandler\000"
 871      65525332 
 871      33325F52 
 871      78547849 
 871      53524861 
 872 0046 D7000000 		.4byte	0xd7
 873 004a 50726F62 		.ascii	"ProbeRS232_RxISRHandler\000"
 873      65525332 
 873      33325F52 
 873      78495352 
 873      48616E64 
ARM GAS  C:\Users\daniel01\AppData\Local\Temp\ccNUtgJF.s 			page 22


 874 0062 FF000000 		.4byte	0xff
 875 0066 50726F62 		.ascii	"ProbeRS232_RxIntDis\000"
 875      65525332 
 875      33325F52 
 875      78496E74 
 875      44697300 
 876 007a 14010000 		.4byte	0x114
 877 007e 50726F62 		.ascii	"ProbeRS232_RxIntEn\000"
 877      65525332 
 877      33325F52 
 877      78496E74 
 877      456E00
 878 0091 29010000 		.4byte	0x129
 879 0095 50726F62 		.ascii	"ProbeRS232_TxISRHandler\000"
 879      65525332 
 879      33325F54 
 879      78495352 
 879      48616E64 
 880 00ad 3E010000 		.4byte	0x13e
 881 00b1 50726F62 		.ascii	"ProbeRS232_Tx1\000"
 881      65525332 
 881      33325F54 
 881      783100
 882 00c0 66010000 		.4byte	0x166
 883 00c4 50726F62 		.ascii	"ProbeRS232_TxIntDis\000"
 883      65525332 
 883      33325F54 
 883      78496E74 
 883      44697300 
 884 00d8 7C010000 		.4byte	0x17c
 885 00dc 50726F62 		.ascii	"ProbeRS232_TxIntEn\000"
 885      65525332 
 885      33325F54 
 885      78496E74 
 885      456E00
 886 00ef 00000000 		.4byte	0x0
 887              		.section	.debug_aranges,"",%progbits
 888 0000 5C000000 		.4byte	0x5c
 889 0004 0200     		.2byte	0x2
 890 0006 00000000 		.4byte	.Ldebug_info0
 891 000a 04       		.byte	0x4
 892 000b 00       		.byte	0x0
 893 000c 0000     		.2byte	0x0
 894 000e 0000     		.2byte	0x0
 895 0010 00000000 		.4byte	.LFB0
 896 0014 34000000 		.4byte	.LFE0-.LFB0
 897 0018 00000000 		.4byte	.LFB1
 898 001c 0A000000 		.4byte	.LFE1-.LFB1
 899 0020 00000000 		.4byte	.LFB2
 900 0024 1E000000 		.4byte	.LFE2-.LFB2
 901 0028 00000000 		.4byte	.LFB3
 902 002c 0A000000 		.4byte	.LFE3-.LFB3
 903 0030 00000000 		.4byte	.LFB4
 904 0034 0A000000 		.4byte	.LFE4-.LFB4
 905 0038 00000000 		.4byte	.LFB5
 906 003c 0A000000 		.4byte	.LFE5-.LFB5
 907 0040 00000000 		.4byte	.LFB6
ARM GAS  C:\Users\daniel01\AppData\Local\Temp\ccNUtgJF.s 			page 23


 908 0044 1E000000 		.4byte	.LFE6-.LFB6
 909 0048 00000000 		.4byte	.LFB7
 910 004c 0A000000 		.4byte	.LFE7-.LFB7
 911 0050 00000000 		.4byte	.LFB8
 912 0054 0A000000 		.4byte	.LFE8-.LFB8
 913 0058 00000000 		.4byte	0x0
 914 005c 00000000 		.4byte	0x0
 915              		.section	.debug_ranges,"",%progbits
 916              	.Ldebug_ranges0:
 917 0000 00000000 		.4byte	.Ltext0
 918 0004 00000000 		.4byte	.Letext0
 919 0008 00000000 		.4byte	.LFB0
 920 000c 34000000 		.4byte	.LFE0
 921 0010 00000000 		.4byte	.LFB1
 922 0014 0A000000 		.4byte	.LFE1
 923 0018 00000000 		.4byte	.LFB2
 924 001c 1E000000 		.4byte	.LFE2
 925 0020 00000000 		.4byte	.LFB3
 926 0024 0A000000 		.4byte	.LFE3
 927 0028 00000000 		.4byte	.LFB4
 928 002c 0A000000 		.4byte	.LFE4
 929 0030 00000000 		.4byte	.LFB5
 930 0034 0A000000 		.4byte	.LFE5
 931 0038 00000000 		.4byte	.LFB6
 932 003c 1E000000 		.4byte	.LFE6
 933 0040 00000000 		.4byte	.LFB7
 934 0044 0A000000 		.4byte	.LFE7
 935 0048 00000000 		.4byte	.LFB8
 936 004c 0A000000 		.4byte	.LFE8
 937 0050 00000000 		.4byte	0x0
 938 0054 00000000 		.4byte	0x0
 939              		.section	.debug_str,"MS",%progbits,1
 940              	.LASF9:
 941 0000 6C6F6E67 		.ascii	"long long int\000"
 941      206C6F6E 
 941      6720696E 
 941      7400
 942              	.LASF3:
 943 000e 73686F72 		.ascii	"short unsigned int\000"
 943      7420756E 
 943      7369676E 
 943      65642069 
 943      6E7400
 944              	.LASF7:
 945 0021 756E7369 		.ascii	"unsigned int\000"
 945      676E6564 
 945      20696E74 
 945      00
 946              	.LASF27:
 947 002e 72785F64 		.ascii	"rx_data\000"
 947      61746100 
 948              	.LASF25:
 949 0036 2E2E5C2E 		.ascii	"..\\..\\..\\..\\..\\..\\uC-Probe\\Target\\Communica"
 949      2E5C2E2E 
 949      5C2E2E5C 
 949      2E2E5C2E 
 949      2E5C7543 
ARM GAS  C:\Users\daniel01\AppData\Local\Temp\ccNUtgJF.s 			page 24


 950 0061 74696F6E 		.ascii	"tion\\Generic\\RS-232\\Ports\\Cypress\\PSoC5\\probe"
 950      5C47656E 
 950      65726963 
 950      5C52532D 
 950      3233325C 
 951 008e 5F727332 		.ascii	"_rs232c.c\000"
 951      3332632E 
 951      6300
 952              	.LASF5:
 953 0098 4350555F 		.ascii	"CPU_INT08U\000"
 953      494E5430 
 953      385500
 954              	.LASF13:
 955 00a3 6C6F6E67 		.ascii	"long unsigned int\000"
 955      20756E73 
 955      69676E65 
 955      6420696E 
 955      7400
 956              	.LASF8:
 957 00b5 6C6F6E67 		.ascii	"long long unsigned int\000"
 957      206C6F6E 
 957      6720756E 
 957      7369676E 
 957      65642069 
 958              	.LASF14:
 959 00cc 50726F62 		.ascii	"ProbeRS232_InitTarget\000"
 959      65525332 
 959      33325F49 
 959      6E697454 
 959      61726765 
 960              	.LASF23:
 961 00e2 50726F62 		.ascii	"ProbeRS232_TxIntEn\000"
 961      65525332 
 961      33325F54 
 961      78496E74 
 961      456E00
 962              	.LASF17:
 963 00f5 50726F62 		.ascii	"ProbeRS232_RxIntDis\000"
 963      65525332 
 963      33325F52 
 963      78496E74 
 963      44697300 
 964              	.LASF24:
 965 0109 474E5520 		.ascii	"GNU C 4.4.1\000"
 965      4320342E 
 965      342E3100 
 966              	.LASF1:
 967 0115 756E7369 		.ascii	"unsigned char\000"
 967      676E6564 
 967      20636861 
 967      7200
 968              	.LASF21:
 969 0123 62617564 		.ascii	"baud_rate\000"
 969      5F726174 
 969      6500
 970              	.LASF0:
 971 012d 63686172 		.ascii	"char\000"
ARM GAS  C:\Users\daniel01\AppData\Local\Temp\ccNUtgJF.s 			page 25


 971      00
 972              	.LASF20:
 973 0132 50726F62 		.ascii	"ProbeRS232_Tx1\000"
 973      65525332 
 973      33325F54 
 973      783100
 974              	.LASF12:
 975 0141 6C6F6E67 		.ascii	"long int\000"
 975      20696E74 
 975      00
 976              	.LASF19:
 977 014a 50726F62 		.ascii	"ProbeRS232_TxISRHandler\000"
 977      65525332 
 977      33325F54 
 977      78495352 
 977      48616E64 
 978              	.LASF11:
 979 0162 646F7562 		.ascii	"double\000"
 979      6C6500
 980              	.LASF2:
 981 0169 7369676E 		.ascii	"signed char\000"
 981      65642063 
 981      68617200 
 982              	.LASF22:
 983 0175 50726F62 		.ascii	"ProbeRS232_TxIntDis\000"
 983      65525332 
 983      33325F54 
 983      78496E74 
 983      44697300 
 984              	.LASF15:
 985 0189 50726F62 		.ascii	"ProbeRS232_RxISRHandler\000"
 985      65525332 
 985      33325F52 
 985      78495352 
 985      48616E64 
 986              	.LASF10:
 987 01a1 666C6F61 		.ascii	"float\000"
 987      7400
 988              	.LASF6:
 989 01a7 4350555F 		.ascii	"CPU_INT32U\000"
 989      494E5433 
 989      325500
 990              	.LASF4:
 991 01b2 73686F72 		.ascii	"short int\000"
 991      7420696E 
 991      7400
 992              	.LASF18:
 993 01bc 50726F62 		.ascii	"ProbeRS232_RxIntEn\000"
 993      65525332 
 993      33325F52 
 993      78496E74 
 993      456E00
 994              	.LASF26:
 995 01cf 433A5C55 		.ascii	"C:\\Users\\daniel01\\Desktop\\CY8CKIT-050_uCOS-III\\"
 995      73657273 
 995      5C64616E 
 995      69656C30 
ARM GAS  C:\Users\daniel01\AppData\Local\Temp\ccNUtgJF.s 			page 26


 995      315C4465 
 996 01fe 43593843 		.ascii	"CY8CKIT-050_uCOS-III\\Micrium\\Software\\EvalBoards"
 996      4B49542D 
 996      3035305F 
 996      75434F53 
 996      2D494949 
 997 022e 5C437970 		.ascii	"\\Cypress\\CY8CKIT-050\\PSoC\\uCOS-III-Probe\\uCOS-"
 997      72657373 
 997      5C435938 
 997      434B4954 
 997      2D303530 
 998 025c 4949492D 		.ascii	"III-Probe.cydsn\000"
 998      50726F62 
 998      652E6379 
 998      64736E00 
 999              	.LASF16:
 1000 026c 50726F62 		.ascii	"ProbeRS232_RxTxISRHandler\000"
 1000      65525332 
 1000      33325F52 
 1000      78547849 
 1000      53524861 
 1001              		.ident	"GCC: (Sourcery G++ Lite 2010q1-188) 4.4.1"
