ARM GAS  C:\Users\daniel01\AppData\Local\Temp\cckE0JiJ.s 			page 1


   1              		.syntax unified
   2              		.cpu cortex-m3
   3              		.fpu softvfp
   4              		.eabi_attribute 20, 1
   5              		.eabi_attribute 21, 1
   6              		.eabi_attribute 23, 3
   7              		.eabi_attribute 24, 1
   8              		.eabi_attribute 25, 1
   9              		.eabi_attribute 26, 1
  10              		.eabi_attribute 30, 6
  11              		.eabi_attribute 18, 4
  12              		.thumb
  13              		.file	"ProbeUART_PM.c"
  14              		.section	.debug_abbrev,"",%progbits
  15              	.Ldebug_abbrev0:
  16              		.section	.debug_info,"",%progbits
  17              	.Ldebug_info0:
  18              		.section	.debug_line,"",%progbits
  19              	.Ldebug_line0:
  20 0000 DD000000 		.text
  20      02007400 
  20      00000201 
  20      FB0E0D00 
  20      01010101 
  21              	.Ltext0:
  22              		.cfi_sections	.debug_frame
  23              		.bss
  24              		.align	2
  25              	ProbeUART_backup:
  26 0000 00000000 		.space	6
  26      0000
  27 0006 0000     		.section	.text.ProbeUART_SaveConfig,"ax",%progbits
  28              		.align	2
  29              		.global	ProbeUART_SaveConfig
  30              		.thumb
  31              		.thumb_func
  32              		.type	ProbeUART_SaveConfig, %function
  33              	ProbeUART_SaveConfig:
  34              	.LFB0:
  35              		.file 1 ".\\Generated_Source\\PSoC5\\ProbeUART_PM.c"
   1:.\Generated_Source\PSoC5/ProbeUART_PM.c **** /*******************************************************************************
   2:.\Generated_Source\PSoC5/ProbeUART_PM.c **** * File Name: ProbeUART_PM.c
   3:.\Generated_Source\PSoC5/ProbeUART_PM.c **** * Version 2.20
   4:.\Generated_Source\PSoC5/ProbeUART_PM.c **** *
   5:.\Generated_Source\PSoC5/ProbeUART_PM.c **** * Description:
   6:.\Generated_Source\PSoC5/ProbeUART_PM.c **** *  This file provides Sleep/WakeUp APIs functionality.
   7:.\Generated_Source\PSoC5/ProbeUART_PM.c **** *
   8:.\Generated_Source\PSoC5/ProbeUART_PM.c **** * Note:
   9:.\Generated_Source\PSoC5/ProbeUART_PM.c **** *
  10:.\Generated_Source\PSoC5/ProbeUART_PM.c **** ********************************************************************************
  11:.\Generated_Source\PSoC5/ProbeUART_PM.c **** * Copyright 2008-2012, Cypress Semiconductor Corporation.  All rights reserved.
  12:.\Generated_Source\PSoC5/ProbeUART_PM.c **** * You may use this file only in accordance with the license, terms, conditions, 
  13:.\Generated_Source\PSoC5/ProbeUART_PM.c **** * disclaimers, and limitations in the end user license agreement accompanying 
  14:.\Generated_Source\PSoC5/ProbeUART_PM.c **** * the software package with which this file was provided.
  15:.\Generated_Source\PSoC5/ProbeUART_PM.c **** *******************************************************************************/
  16:.\Generated_Source\PSoC5/ProbeUART_PM.c **** 
  17:.\Generated_Source\PSoC5/ProbeUART_PM.c **** #include "ProbeUART.h"
ARM GAS  C:\Users\daniel01\AppData\Local\Temp\cckE0JiJ.s 			page 2


  18:.\Generated_Source\PSoC5/ProbeUART_PM.c **** 
  19:.\Generated_Source\PSoC5/ProbeUART_PM.c **** 
  20:.\Generated_Source\PSoC5/ProbeUART_PM.c **** /***************************************
  21:.\Generated_Source\PSoC5/ProbeUART_PM.c **** * Local data allocation
  22:.\Generated_Source\PSoC5/ProbeUART_PM.c **** ***************************************/
  23:.\Generated_Source\PSoC5/ProbeUART_PM.c **** 
  24:.\Generated_Source\PSoC5/ProbeUART_PM.c **** static ProbeUART_BACKUP_STRUCT  ProbeUART_backup =
  25:.\Generated_Source\PSoC5/ProbeUART_PM.c **** {
  26:.\Generated_Source\PSoC5/ProbeUART_PM.c ****     /* enableState - disabled */
  27:.\Generated_Source\PSoC5/ProbeUART_PM.c ****     0u,
  28:.\Generated_Source\PSoC5/ProbeUART_PM.c **** };        
  29:.\Generated_Source\PSoC5/ProbeUART_PM.c **** 
  30:.\Generated_Source\PSoC5/ProbeUART_PM.c **** 
  31:.\Generated_Source\PSoC5/ProbeUART_PM.c **** 
  32:.\Generated_Source\PSoC5/ProbeUART_PM.c **** /*******************************************************************************
  33:.\Generated_Source\PSoC5/ProbeUART_PM.c **** * Function Name: ProbeUART_SaveConfig
  34:.\Generated_Source\PSoC5/ProbeUART_PM.c **** ********************************************************************************
  35:.\Generated_Source\PSoC5/ProbeUART_PM.c **** *
  36:.\Generated_Source\PSoC5/ProbeUART_PM.c **** * Summary:
  37:.\Generated_Source\PSoC5/ProbeUART_PM.c **** *  Saves the current user configuration.
  38:.\Generated_Source\PSoC5/ProbeUART_PM.c **** *
  39:.\Generated_Source\PSoC5/ProbeUART_PM.c **** * Parameters:
  40:.\Generated_Source\PSoC5/ProbeUART_PM.c **** *  None.
  41:.\Generated_Source\PSoC5/ProbeUART_PM.c **** *
  42:.\Generated_Source\PSoC5/ProbeUART_PM.c **** * Return:
  43:.\Generated_Source\PSoC5/ProbeUART_PM.c **** *  None.
  44:.\Generated_Source\PSoC5/ProbeUART_PM.c **** *
  45:.\Generated_Source\PSoC5/ProbeUART_PM.c **** * Global Variables:
  46:.\Generated_Source\PSoC5/ProbeUART_PM.c **** *  ProbeUART_backup - modified when non-retention registers are saved.
  47:.\Generated_Source\PSoC5/ProbeUART_PM.c **** *
  48:.\Generated_Source\PSoC5/ProbeUART_PM.c **** * Reentrant:
  49:.\Generated_Source\PSoC5/ProbeUART_PM.c **** *  No.
  50:.\Generated_Source\PSoC5/ProbeUART_PM.c **** *
  51:.\Generated_Source\PSoC5/ProbeUART_PM.c **** *******************************************************************************/
  52:.\Generated_Source\PSoC5/ProbeUART_PM.c **** void ProbeUART_SaveConfig(void)
  53:.\Generated_Source\PSoC5/ProbeUART_PM.c **** {
  36              		.loc 1 53 0
  37              		.cfi_startproc
  38              		@ args = 0, pretend = 0, frame = 0
  39              		@ frame_needed = 1, uses_anonymous_args = 0
  40              		@ link register save eliminated.
  41 0000 80B4     		push	{r7}
  42              	.LCFI0:
  43              		.cfi_def_cfa_offset 4
  44 0002 00AF     		add	r7, sp, #0
  45              		.cfi_offset 7, -4
  46              	.LCFI1:
  47              		.cfi_def_cfa_register 7
  54:.\Generated_Source\PSoC5/ProbeUART_PM.c ****     #if (CY_UDB_V0)
  55:.\Generated_Source\PSoC5/ProbeUART_PM.c **** 
  56:.\Generated_Source\PSoC5/ProbeUART_PM.c ****         #if(ProbeUART_CONTROL_REG_REMOVED == 0u)
  57:.\Generated_Source\PSoC5/ProbeUART_PM.c ****             ProbeUART_backup.cr = ProbeUART_CONTROL_REG;
  58:.\Generated_Source\PSoC5/ProbeUART_PM.c ****         #endif /* End ProbeUART_CONTROL_REG_REMOVED */
  59:.\Generated_Source\PSoC5/ProbeUART_PM.c **** 
  60:.\Generated_Source\PSoC5/ProbeUART_PM.c ****         #if( (ProbeUART_RX_ENABLED) || (ProbeUART_HD_ENABLED) )
  61:.\Generated_Source\PSoC5/ProbeUART_PM.c ****             ProbeUART_backup.rx_period = ProbeUART_RXBITCTR_PERIOD_REG;
  48              		.loc 1 61 0
ARM GAS  C:\Users\daniel01\AppData\Local\Temp\cckE0JiJ.s 			page 3


  49 0004 46F28F43 		movw	r3, #:lower16:1073767567
  50 0008 C4F20003 		movt	r3, #:upper16:1073767567
  51 000c 1B78     		ldrb	r3, [r3, #0]
  52 000e DAB2     		uxtb	r2, r3
  53 0010 40F20003 		movw	r3, #:lower16:ProbeUART_backup
  54 0014 C0F20003 		movt	r3, #:upper16:ProbeUART_backup
  55 0018 5A70     		strb	r2, [r3, #1]
  62:.\Generated_Source\PSoC5/ProbeUART_PM.c ****             ProbeUART_backup.rx_mask = ProbeUART_RXSTATUS_MASK_REG;
  56              		.loc 1 62 0
  57 001a 46F28B43 		movw	r3, #:lower16:1073767563
  58 001e C4F20003 		movt	r3, #:upper16:1073767563
  59 0022 1B78     		ldrb	r3, [r3, #0]
  60 0024 DAB2     		uxtb	r2, r3
  61 0026 40F20003 		movw	r3, #:lower16:ProbeUART_backup
  62 002a C0F20003 		movt	r3, #:upper16:ProbeUART_backup
  63 002e 9A70     		strb	r2, [r3, #2]
  63:.\Generated_Source\PSoC5/ProbeUART_PM.c ****             #if (ProbeUART_RXHW_ADDRESS_ENABLED)
  64:.\Generated_Source\PSoC5/ProbeUART_PM.c ****                 ProbeUART_backup.rx_addr1 = ProbeUART_RXADDRESS1_REG;
  65:.\Generated_Source\PSoC5/ProbeUART_PM.c ****                 ProbeUART_backup.rx_addr2 = ProbeUART_RXADDRESS2_REG;
  66:.\Generated_Source\PSoC5/ProbeUART_PM.c ****             #endif /* End ProbeUART_RXHW_ADDRESS_ENABLED */
  67:.\Generated_Source\PSoC5/ProbeUART_PM.c ****         #endif /* End ProbeUART_RX_ENABLED | ProbeUART_HD_ENABLED*/
  68:.\Generated_Source\PSoC5/ProbeUART_PM.c **** 
  69:.\Generated_Source\PSoC5/ProbeUART_PM.c ****         #if(ProbeUART_TX_ENABLED)
  70:.\Generated_Source\PSoC5/ProbeUART_PM.c ****             #if(ProbeUART_TXCLKGEN_DP)
  71:.\Generated_Source\PSoC5/ProbeUART_PM.c ****                 ProbeUART_backup.tx_clk_ctr = ProbeUART_TXBITCLKGEN_CTR_REG;
  64              		.loc 1 71 0
  65 0030 46F22A43 		movw	r3, #:lower16:1073767466
  66 0034 C4F20003 		movt	r3, #:upper16:1073767466
  67 0038 1B78     		ldrb	r3, [r3, #0]
  68 003a DAB2     		uxtb	r2, r3
  69 003c 40F20003 		movw	r3, #:lower16:ProbeUART_backup
  70 0040 C0F20003 		movt	r3, #:upper16:ProbeUART_backup
  71 0044 DA70     		strb	r2, [r3, #3]
  72:.\Generated_Source\PSoC5/ProbeUART_PM.c ****                 ProbeUART_backup.tx_clk_compl = ProbeUART_TXBITCLKTX_COMPLETE_REG;
  72              		.loc 1 72 0
  73 0046 46F23A43 		movw	r3, #:lower16:1073767482
  74 004a C4F20003 		movt	r3, #:upper16:1073767482
  75 004e 1B78     		ldrb	r3, [r3, #0]
  76 0050 DAB2     		uxtb	r2, r3
  77 0052 40F20003 		movw	r3, #:lower16:ProbeUART_backup
  78 0056 C0F20003 		movt	r3, #:upper16:ProbeUART_backup
  79 005a 1A71     		strb	r2, [r3, #4]
  73:.\Generated_Source\PSoC5/ProbeUART_PM.c ****             #else
  74:.\Generated_Source\PSoC5/ProbeUART_PM.c ****                 ProbeUART_backup.tx_period = ProbeUART_TXBITCTR_PERIOD_REG;
  75:.\Generated_Source\PSoC5/ProbeUART_PM.c ****             #endif /*End ProbeUART_TXCLKGEN_DP */
  76:.\Generated_Source\PSoC5/ProbeUART_PM.c ****             ProbeUART_backup.tx_mask = ProbeUART_TXSTATUS_MASK_REG;
  80              		.loc 1 76 0
  81 005c 46F28A43 		movw	r3, #:lower16:1073767562
  82 0060 C4F20003 		movt	r3, #:upper16:1073767562
  83 0064 1B78     		ldrb	r3, [r3, #0]
  84 0066 DAB2     		uxtb	r2, r3
  85 0068 40F20003 		movw	r3, #:lower16:ProbeUART_backup
  86 006c C0F20003 		movt	r3, #:upper16:ProbeUART_backup
  87 0070 5A71     		strb	r2, [r3, #5]
  77:.\Generated_Source\PSoC5/ProbeUART_PM.c ****         #endif /*End ProbeUART_TX_ENABLED */
  78:.\Generated_Source\PSoC5/ProbeUART_PM.c **** 
  79:.\Generated_Source\PSoC5/ProbeUART_PM.c ****     
ARM GAS  C:\Users\daniel01\AppData\Local\Temp\cckE0JiJ.s 			page 4


  80:.\Generated_Source\PSoC5/ProbeUART_PM.c ****     #else /* CY_UDB_V1 */
  81:.\Generated_Source\PSoC5/ProbeUART_PM.c **** 
  82:.\Generated_Source\PSoC5/ProbeUART_PM.c ****         #if(ProbeUART_CONTROL_REG_REMOVED == 0u)
  83:.\Generated_Source\PSoC5/ProbeUART_PM.c ****             ProbeUART_backup.cr = ProbeUART_CONTROL_REG;
  84:.\Generated_Source\PSoC5/ProbeUART_PM.c ****         #endif /* End ProbeUART_CONTROL_REG_REMOVED */
  85:.\Generated_Source\PSoC5/ProbeUART_PM.c **** 
  86:.\Generated_Source\PSoC5/ProbeUART_PM.c ****     #endif  /* End CY_UDB_V0 */
  87:.\Generated_Source\PSoC5/ProbeUART_PM.c **** }
  88              		.loc 1 87 0
  89 0072 BD46     		mov	sp, r7
  90 0074 80BC     		pop	{r7}
  91 0076 7047     		bx	lr
  92              		.cfi_endproc
  93              	.LFE0:
  94              		.size	ProbeUART_SaveConfig, .-ProbeUART_SaveConfig
  95              		.section	.text.ProbeUART_RestoreConfig,"ax",%progbits
  96              		.align	2
  97              		.global	ProbeUART_RestoreConfig
  98              		.thumb
  99              		.thumb_func
 100              		.type	ProbeUART_RestoreConfig, %function
 101              	ProbeUART_RestoreConfig:
 102              	.LFB1:
  88:.\Generated_Source\PSoC5/ProbeUART_PM.c **** 
  89:.\Generated_Source\PSoC5/ProbeUART_PM.c **** 
  90:.\Generated_Source\PSoC5/ProbeUART_PM.c **** /*******************************************************************************
  91:.\Generated_Source\PSoC5/ProbeUART_PM.c **** * Function Name: ProbeUART_RestoreConfig
  92:.\Generated_Source\PSoC5/ProbeUART_PM.c **** ********************************************************************************
  93:.\Generated_Source\PSoC5/ProbeUART_PM.c **** *
  94:.\Generated_Source\PSoC5/ProbeUART_PM.c **** * Summary:
  95:.\Generated_Source\PSoC5/ProbeUART_PM.c **** *  Restores the current user configuration.
  96:.\Generated_Source\PSoC5/ProbeUART_PM.c **** *
  97:.\Generated_Source\PSoC5/ProbeUART_PM.c **** * Parameters:
  98:.\Generated_Source\PSoC5/ProbeUART_PM.c **** *  None.
  99:.\Generated_Source\PSoC5/ProbeUART_PM.c **** *
 100:.\Generated_Source\PSoC5/ProbeUART_PM.c **** * Return:
 101:.\Generated_Source\PSoC5/ProbeUART_PM.c **** *  None.
 102:.\Generated_Source\PSoC5/ProbeUART_PM.c **** *
 103:.\Generated_Source\PSoC5/ProbeUART_PM.c **** * Global Variables:
 104:.\Generated_Source\PSoC5/ProbeUART_PM.c **** *  ProbeUART_backup - used when non-retention registers are restored.
 105:.\Generated_Source\PSoC5/ProbeUART_PM.c **** *
 106:.\Generated_Source\PSoC5/ProbeUART_PM.c **** * Reentrant:
 107:.\Generated_Source\PSoC5/ProbeUART_PM.c **** *  No.
 108:.\Generated_Source\PSoC5/ProbeUART_PM.c **** *
 109:.\Generated_Source\PSoC5/ProbeUART_PM.c **** *******************************************************************************/
 110:.\Generated_Source\PSoC5/ProbeUART_PM.c **** void ProbeUART_RestoreConfig(void)
 111:.\Generated_Source\PSoC5/ProbeUART_PM.c **** {
 103              		.loc 1 111 0
 104              		.cfi_startproc
 105              		@ args = 0, pretend = 0, frame = 0
 106              		@ frame_needed = 1, uses_anonymous_args = 0
 107              		@ link register save eliminated.
 108 0000 80B4     		push	{r7}
 109              	.LCFI2:
 110              		.cfi_def_cfa_offset 4
 111 0002 00AF     		add	r7, sp, #0
 112              		.cfi_offset 7, -4
ARM GAS  C:\Users\daniel01\AppData\Local\Temp\cckE0JiJ.s 			page 5


 113              	.LCFI3:
 114              		.cfi_def_cfa_register 7
 112:.\Generated_Source\PSoC5/ProbeUART_PM.c **** 
 113:.\Generated_Source\PSoC5/ProbeUART_PM.c ****     #if (CY_UDB_V0)
 114:.\Generated_Source\PSoC5/ProbeUART_PM.c **** 
 115:.\Generated_Source\PSoC5/ProbeUART_PM.c ****         #if(ProbeUART_CONTROL_REG_REMOVED == 0u)
 116:.\Generated_Source\PSoC5/ProbeUART_PM.c ****             ProbeUART_CONTROL_REG = ProbeUART_backup.cr;
 117:.\Generated_Source\PSoC5/ProbeUART_PM.c ****         #endif /* End ProbeUART_CONTROL_REG_REMOVED */
 118:.\Generated_Source\PSoC5/ProbeUART_PM.c **** 
 119:.\Generated_Source\PSoC5/ProbeUART_PM.c ****         #if( (ProbeUART_RX_ENABLED) || (ProbeUART_HD_ENABLED) )
 120:.\Generated_Source\PSoC5/ProbeUART_PM.c ****             ProbeUART_RXBITCTR_PERIOD_REG = ProbeUART_backup.rx_period;
 115              		.loc 1 120 0
 116 0004 46F28F43 		movw	r3, #:lower16:1073767567
 117 0008 C4F20003 		movt	r3, #:upper16:1073767567
 118 000c 40F20002 		movw	r2, #:lower16:ProbeUART_backup
 119 0010 C0F20002 		movt	r2, #:upper16:ProbeUART_backup
 120 0014 5278     		ldrb	r2, [r2, #1]	@ zero_extendqisi2
 121 0016 1A70     		strb	r2, [r3, #0]
 121:.\Generated_Source\PSoC5/ProbeUART_PM.c ****             ProbeUART_RXSTATUS_MASK_REG = ProbeUART_backup.rx_mask;
 122              		.loc 1 121 0
 123 0018 46F28B43 		movw	r3, #:lower16:1073767563
 124 001c C4F20003 		movt	r3, #:upper16:1073767563
 125 0020 40F20002 		movw	r2, #:lower16:ProbeUART_backup
 126 0024 C0F20002 		movt	r2, #:upper16:ProbeUART_backup
 127 0028 9278     		ldrb	r2, [r2, #2]	@ zero_extendqisi2
 128 002a 1A70     		strb	r2, [r3, #0]
 122:.\Generated_Source\PSoC5/ProbeUART_PM.c ****             #if (ProbeUART_RXHW_ADDRESS_ENABLED)
 123:.\Generated_Source\PSoC5/ProbeUART_PM.c ****                 ProbeUART_RXADDRESS1_REG = ProbeUART_backup.rx_addr1;
 124:.\Generated_Source\PSoC5/ProbeUART_PM.c ****                 ProbeUART_RXADDRESS2_REG = ProbeUART_backup.rx_addr2;
 125:.\Generated_Source\PSoC5/ProbeUART_PM.c ****             #endif /* End ProbeUART_RXHW_ADDRESS_ENABLED */
 126:.\Generated_Source\PSoC5/ProbeUART_PM.c ****         #endif  /* End (ProbeUART_RX_ENABLED) || (ProbeUART_HD_ENABLED) */
 127:.\Generated_Source\PSoC5/ProbeUART_PM.c **** 
 128:.\Generated_Source\PSoC5/ProbeUART_PM.c ****         #if(ProbeUART_TX_ENABLED)
 129:.\Generated_Source\PSoC5/ProbeUART_PM.c ****             #if(ProbeUART_TXCLKGEN_DP)
 130:.\Generated_Source\PSoC5/ProbeUART_PM.c ****                 ProbeUART_TXBITCLKGEN_CTR_REG = ProbeUART_backup.tx_clk_ctr;
 129              		.loc 1 130 0
 130 002c 46F22A43 		movw	r3, #:lower16:1073767466
 131 0030 C4F20003 		movt	r3, #:upper16:1073767466
 132 0034 40F20002 		movw	r2, #:lower16:ProbeUART_backup
 133 0038 C0F20002 		movt	r2, #:upper16:ProbeUART_backup
 134 003c D278     		ldrb	r2, [r2, #3]	@ zero_extendqisi2
 135 003e 1A70     		strb	r2, [r3, #0]
 131:.\Generated_Source\PSoC5/ProbeUART_PM.c ****                 ProbeUART_TXBITCLKTX_COMPLETE_REG = ProbeUART_backup.tx_clk_compl;
 136              		.loc 1 131 0
 137 0040 46F23A43 		movw	r3, #:lower16:1073767482
 138 0044 C4F20003 		movt	r3, #:upper16:1073767482
 139 0048 40F20002 		movw	r2, #:lower16:ProbeUART_backup
 140 004c C0F20002 		movt	r2, #:upper16:ProbeUART_backup
 141 0050 1279     		ldrb	r2, [r2, #4]	@ zero_extendqisi2
 142 0052 1A70     		strb	r2, [r3, #0]
 132:.\Generated_Source\PSoC5/ProbeUART_PM.c ****             #else
 133:.\Generated_Source\PSoC5/ProbeUART_PM.c ****                 ProbeUART_TXBITCTR_PERIOD_REG = ProbeUART_backup.tx_period;
 134:.\Generated_Source\PSoC5/ProbeUART_PM.c ****             #endif /*End ProbeUART_TXCLKGEN_DP */
 135:.\Generated_Source\PSoC5/ProbeUART_PM.c ****             ProbeUART_TXSTATUS_MASK_REG = ProbeUART_backup.tx_mask;
 143              		.loc 1 135 0
 144 0054 46F28A43 		movw	r3, #:lower16:1073767562
 145 0058 C4F20003 		movt	r3, #:upper16:1073767562
ARM GAS  C:\Users\daniel01\AppData\Local\Temp\cckE0JiJ.s 			page 6


 146 005c 40F20002 		movw	r2, #:lower16:ProbeUART_backup
 147 0060 C0F20002 		movt	r2, #:upper16:ProbeUART_backup
 148 0064 5279     		ldrb	r2, [r2, #5]	@ zero_extendqisi2
 149 0066 1A70     		strb	r2, [r3, #0]
 136:.\Generated_Source\PSoC5/ProbeUART_PM.c ****         #endif /*End ProbeUART_TX_ENABLED */
 137:.\Generated_Source\PSoC5/ProbeUART_PM.c **** 
 138:.\Generated_Source\PSoC5/ProbeUART_PM.c ****     #else /* CY_UDB_V1 */
 139:.\Generated_Source\PSoC5/ProbeUART_PM.c **** 
 140:.\Generated_Source\PSoC5/ProbeUART_PM.c ****         #if(ProbeUART_CONTROL_REG_REMOVED == 0u)
 141:.\Generated_Source\PSoC5/ProbeUART_PM.c ****             ProbeUART_CONTROL_REG = ProbeUART_backup.cr;
 142:.\Generated_Source\PSoC5/ProbeUART_PM.c ****         #endif /* End ProbeUART_CONTROL_REG_REMOVED */
 143:.\Generated_Source\PSoC5/ProbeUART_PM.c **** 
 144:.\Generated_Source\PSoC5/ProbeUART_PM.c ****     #endif  /* End CY_UDB_V0 */
 145:.\Generated_Source\PSoC5/ProbeUART_PM.c **** }
 150              		.loc 1 145 0
 151 0068 BD46     		mov	sp, r7
 152 006a 80BC     		pop	{r7}
 153 006c 7047     		bx	lr
 154              		.cfi_endproc
 155              	.LFE1:
 156              		.size	ProbeUART_RestoreConfig, .-ProbeUART_RestoreConfig
 157 006e 00BF     		.section	.text.ProbeUART_Sleep,"ax",%progbits
 158              		.align	2
 159              		.global	ProbeUART_Sleep
 160              		.thumb
 161              		.thumb_func
 162              		.type	ProbeUART_Sleep, %function
 163              	ProbeUART_Sleep:
 164              	.LFB2:
 146:.\Generated_Source\PSoC5/ProbeUART_PM.c **** 
 147:.\Generated_Source\PSoC5/ProbeUART_PM.c **** 
 148:.\Generated_Source\PSoC5/ProbeUART_PM.c **** /*******************************************************************************
 149:.\Generated_Source\PSoC5/ProbeUART_PM.c **** * Function Name: ProbeUART_Sleep
 150:.\Generated_Source\PSoC5/ProbeUART_PM.c **** ********************************************************************************
 151:.\Generated_Source\PSoC5/ProbeUART_PM.c **** *
 152:.\Generated_Source\PSoC5/ProbeUART_PM.c **** * Summary:
 153:.\Generated_Source\PSoC5/ProbeUART_PM.c **** *  Stops and saves the user configuration. Should be called 
 154:.\Generated_Source\PSoC5/ProbeUART_PM.c **** *  just prior to entering sleep.
 155:.\Generated_Source\PSoC5/ProbeUART_PM.c **** *  
 156:.\Generated_Source\PSoC5/ProbeUART_PM.c **** *
 157:.\Generated_Source\PSoC5/ProbeUART_PM.c **** * Parameters:
 158:.\Generated_Source\PSoC5/ProbeUART_PM.c **** *  None.
 159:.\Generated_Source\PSoC5/ProbeUART_PM.c **** *
 160:.\Generated_Source\PSoC5/ProbeUART_PM.c **** * Return:
 161:.\Generated_Source\PSoC5/ProbeUART_PM.c **** *  None.
 162:.\Generated_Source\PSoC5/ProbeUART_PM.c **** *
 163:.\Generated_Source\PSoC5/ProbeUART_PM.c **** * Global Variables:
 164:.\Generated_Source\PSoC5/ProbeUART_PM.c **** *  ProbeUART_backup - modified when non-retention registers are saved.
 165:.\Generated_Source\PSoC5/ProbeUART_PM.c **** *
 166:.\Generated_Source\PSoC5/ProbeUART_PM.c **** * Reentrant:
 167:.\Generated_Source\PSoC5/ProbeUART_PM.c **** *  No.
 168:.\Generated_Source\PSoC5/ProbeUART_PM.c **** *
 169:.\Generated_Source\PSoC5/ProbeUART_PM.c **** *******************************************************************************/
 170:.\Generated_Source\PSoC5/ProbeUART_PM.c **** void ProbeUART_Sleep(void)
 171:.\Generated_Source\PSoC5/ProbeUART_PM.c **** {
 165              		.loc 1 171 0
 166              		.cfi_startproc
ARM GAS  C:\Users\daniel01\AppData\Local\Temp\cckE0JiJ.s 			page 7


 167              		@ args = 0, pretend = 0, frame = 0
 168              		@ frame_needed = 1, uses_anonymous_args = 0
 169 0000 80B5     		push	{r7, lr}
 170              	.LCFI4:
 171              		.cfi_def_cfa_offset 8
 172 0002 00AF     		add	r7, sp, #0
 173              		.cfi_offset 14, -4
 174              		.cfi_offset 7, -8
 175              	.LCFI5:
 176              		.cfi_def_cfa_register 7
 172:.\Generated_Source\PSoC5/ProbeUART_PM.c **** 
 173:.\Generated_Source\PSoC5/ProbeUART_PM.c ****     #if(ProbeUART_RX_ENABLED || ProbeUART_HD_ENABLED)
 174:.\Generated_Source\PSoC5/ProbeUART_PM.c ****         if((ProbeUART_RXSTATUS_ACTL_REG  & ProbeUART_INT_ENABLE) != 0u) 
 177              		.loc 1 174 0
 178 0004 46F29B43 		movw	r3, #:lower16:1073767579
 179 0008 C4F20003 		movt	r3, #:upper16:1073767579
 180 000c 1B78     		ldrb	r3, [r3, #0]
 181 000e DBB2     		uxtb	r3, r3
 182 0010 03F01003 		and	r3, r3, #16
 183 0014 002B     		cmp	r3, #0
 184 0016 07D0     		beq	.L6
 175:.\Generated_Source\PSoC5/ProbeUART_PM.c ****         {
 176:.\Generated_Source\PSoC5/ProbeUART_PM.c ****             ProbeUART_backup.enableState = 1u;
 185              		.loc 1 176 0
 186 0018 40F20003 		movw	r3, #:lower16:ProbeUART_backup
 187 001c C0F20003 		movt	r3, #:upper16:ProbeUART_backup
 188 0020 4FF00102 		mov	r2, #1
 189 0024 1A70     		strb	r2, [r3, #0]
 190 0026 06E0     		b	.L7
 191              	.L6:
 177:.\Generated_Source\PSoC5/ProbeUART_PM.c ****         }
 178:.\Generated_Source\PSoC5/ProbeUART_PM.c ****         else
 179:.\Generated_Source\PSoC5/ProbeUART_PM.c ****         {
 180:.\Generated_Source\PSoC5/ProbeUART_PM.c ****             ProbeUART_backup.enableState = 0u;
 192              		.loc 1 180 0
 193 0028 40F20003 		movw	r3, #:lower16:ProbeUART_backup
 194 002c C0F20003 		movt	r3, #:upper16:ProbeUART_backup
 195 0030 4FF00002 		mov	r2, #0
 196 0034 1A70     		strb	r2, [r3, #0]
 197              	.L7:
 181:.\Generated_Source\PSoC5/ProbeUART_PM.c ****         }
 182:.\Generated_Source\PSoC5/ProbeUART_PM.c ****     #else
 183:.\Generated_Source\PSoC5/ProbeUART_PM.c ****         if((ProbeUART_TXSTATUS_ACTL_REG  & ProbeUART_INT_ENABLE) !=0u)
 184:.\Generated_Source\PSoC5/ProbeUART_PM.c ****         {
 185:.\Generated_Source\PSoC5/ProbeUART_PM.c ****             ProbeUART_backup.enableState = 1u;
 186:.\Generated_Source\PSoC5/ProbeUART_PM.c ****         }
 187:.\Generated_Source\PSoC5/ProbeUART_PM.c ****         else
 188:.\Generated_Source\PSoC5/ProbeUART_PM.c ****         {
 189:.\Generated_Source\PSoC5/ProbeUART_PM.c ****             ProbeUART_backup.enableState = 0u;
 190:.\Generated_Source\PSoC5/ProbeUART_PM.c ****         }
 191:.\Generated_Source\PSoC5/ProbeUART_PM.c ****     #endif /* End ProbeUART_RX_ENABLED || ProbeUART_HD_ENABLED*/
 192:.\Generated_Source\PSoC5/ProbeUART_PM.c **** 
 193:.\Generated_Source\PSoC5/ProbeUART_PM.c ****     ProbeUART_Stop();
 198              		.loc 1 193 0
 199 0036 FFF7FEFF 		bl	ProbeUART_Stop
 194:.\Generated_Source\PSoC5/ProbeUART_PM.c ****     ProbeUART_SaveConfig();
 200              		.loc 1 194 0
ARM GAS  C:\Users\daniel01\AppData\Local\Temp\cckE0JiJ.s 			page 8


 201 003a FFF7FEFF 		bl	ProbeUART_SaveConfig
 195:.\Generated_Source\PSoC5/ProbeUART_PM.c **** }
 202              		.loc 1 195 0
 203 003e 80BD     		pop	{r7, pc}
 204              		.cfi_endproc
 205              	.LFE2:
 206              		.size	ProbeUART_Sleep, .-ProbeUART_Sleep
 207              		.section	.text.ProbeUART_Wakeup,"ax",%progbits
 208              		.align	2
 209              		.global	ProbeUART_Wakeup
 210              		.thumb
 211              		.thumb_func
 212              		.type	ProbeUART_Wakeup, %function
 213              	ProbeUART_Wakeup:
 214              	.LFB3:
 196:.\Generated_Source\PSoC5/ProbeUART_PM.c **** 
 197:.\Generated_Source\PSoC5/ProbeUART_PM.c **** 
 198:.\Generated_Source\PSoC5/ProbeUART_PM.c **** /*******************************************************************************
 199:.\Generated_Source\PSoC5/ProbeUART_PM.c **** * Function Name: ProbeUART_Wakeup
 200:.\Generated_Source\PSoC5/ProbeUART_PM.c **** ********************************************************************************
 201:.\Generated_Source\PSoC5/ProbeUART_PM.c **** *
 202:.\Generated_Source\PSoC5/ProbeUART_PM.c **** * Summary:
 203:.\Generated_Source\PSoC5/ProbeUART_PM.c **** *  Restores and enables the user configuration. Should be called
 204:.\Generated_Source\PSoC5/ProbeUART_PM.c **** *  just after awaking from sleep.
 205:.\Generated_Source\PSoC5/ProbeUART_PM.c **** *
 206:.\Generated_Source\PSoC5/ProbeUART_PM.c **** * Parameters:
 207:.\Generated_Source\PSoC5/ProbeUART_PM.c **** *  None.
 208:.\Generated_Source\PSoC5/ProbeUART_PM.c **** *
 209:.\Generated_Source\PSoC5/ProbeUART_PM.c **** * Return:
 210:.\Generated_Source\PSoC5/ProbeUART_PM.c **** *  None.
 211:.\Generated_Source\PSoC5/ProbeUART_PM.c **** *
 212:.\Generated_Source\PSoC5/ProbeUART_PM.c **** * Global Variables:
 213:.\Generated_Source\PSoC5/ProbeUART_PM.c **** *  ProbeUART_backup - used when non-retention registers are restored.
 214:.\Generated_Source\PSoC5/ProbeUART_PM.c **** *
 215:.\Generated_Source\PSoC5/ProbeUART_PM.c **** * Reentrant:
 216:.\Generated_Source\PSoC5/ProbeUART_PM.c **** *  No.
 217:.\Generated_Source\PSoC5/ProbeUART_PM.c **** *
 218:.\Generated_Source\PSoC5/ProbeUART_PM.c **** *******************************************************************************/
 219:.\Generated_Source\PSoC5/ProbeUART_PM.c **** void ProbeUART_Wakeup(void)
 220:.\Generated_Source\PSoC5/ProbeUART_PM.c **** {
 215              		.loc 1 220 0
 216              		.cfi_startproc
 217              		@ args = 0, pretend = 0, frame = 0
 218              		@ frame_needed = 1, uses_anonymous_args = 0
 219 0000 80B5     		push	{r7, lr}
 220              	.LCFI6:
 221              		.cfi_def_cfa_offset 8
 222 0002 00AF     		add	r7, sp, #0
 223              		.cfi_offset 14, -4
 224              		.cfi_offset 7, -8
 225              	.LCFI7:
 226              		.cfi_def_cfa_register 7
 221:.\Generated_Source\PSoC5/ProbeUART_PM.c ****     ProbeUART_RestoreConfig();
 227              		.loc 1 221 0
 228 0004 FFF7FEFF 		bl	ProbeUART_RestoreConfig
 222:.\Generated_Source\PSoC5/ProbeUART_PM.c ****     #if( (ProbeUART_RX_ENABLED) || (ProbeUART_HD_ENABLED) )
 223:.\Generated_Source\PSoC5/ProbeUART_PM.c ****         ProbeUART_ClearRxBuffer();
ARM GAS  C:\Users\daniel01\AppData\Local\Temp\cckE0JiJ.s 			page 9


 229              		.loc 1 223 0
 230 0008 FFF7FEFF 		bl	ProbeUART_ClearRxBuffer
 224:.\Generated_Source\PSoC5/ProbeUART_PM.c ****     #endif /* End (ProbeUART_RX_ENABLED) || (ProbeUART_HD_ENABLED) */
 225:.\Generated_Source\PSoC5/ProbeUART_PM.c ****     #if(ProbeUART_TX_ENABLED || ProbeUART_HD_ENABLED)
 226:.\Generated_Source\PSoC5/ProbeUART_PM.c ****         ProbeUART_ClearTxBuffer();
 231              		.loc 1 226 0
 232 000c FFF7FEFF 		bl	ProbeUART_ClearTxBuffer
 227:.\Generated_Source\PSoC5/ProbeUART_PM.c ****     #endif /* End ProbeUART_TX_ENABLED || ProbeUART_HD_ENABLED */
 228:.\Generated_Source\PSoC5/ProbeUART_PM.c **** 
 229:.\Generated_Source\PSoC5/ProbeUART_PM.c ****     if(ProbeUART_backup.enableState != 0u)
 233              		.loc 1 229 0
 234 0010 40F20003 		movw	r3, #:lower16:ProbeUART_backup
 235 0014 C0F20003 		movt	r3, #:upper16:ProbeUART_backup
 236 0018 1B78     		ldrb	r3, [r3, #0]	@ zero_extendqisi2
 237 001a 002B     		cmp	r3, #0
 238 001c 01D0     		beq	.L11
 230:.\Generated_Source\PSoC5/ProbeUART_PM.c ****     {
 231:.\Generated_Source\PSoC5/ProbeUART_PM.c ****         ProbeUART_Enable();
 239              		.loc 1 231 0
 240 001e FFF7FEFF 		bl	ProbeUART_Enable
 241              	.L11:
 232:.\Generated_Source\PSoC5/ProbeUART_PM.c ****     } 
 233:.\Generated_Source\PSoC5/ProbeUART_PM.c **** }
 242              		.loc 1 233 0
 243 0022 80BD     		pop	{r7, pc}
 244              		.cfi_endproc
 245              	.LFE3:
 246              		.size	ProbeUART_Wakeup, .-ProbeUART_Wakeup
 247              		.text
 248              	.Letext0:
 249              		.section	.debug_loc,"",%progbits
 250              	.Ldebug_loc0:
 251              	.LLST0:
 252 0000 00000000 		.4byte	.LFB0
 253 0004 02000000 		.4byte	.LCFI0
 254 0008 0100     		.2byte	0x1
 255 000a 5D       		.byte	0x5d
 256 000b 02000000 		.4byte	.LCFI0
 257 000f 04000000 		.4byte	.LCFI1
 258 0013 0200     		.2byte	0x2
 259 0015 7D       		.byte	0x7d
 260 0016 04       		.sleb128 4
 261 0017 04000000 		.4byte	.LCFI1
 262 001b 78000000 		.4byte	.LFE0
 263 001f 0200     		.2byte	0x2
 264 0021 77       		.byte	0x77
 265 0022 04       		.sleb128 4
 266 0023 00000000 		.4byte	0x0
 267 0027 00000000 		.4byte	0x0
 268              	.LLST1:
 269 002b 00000000 		.4byte	.LFB1
 270 002f 02000000 		.4byte	.LCFI2
 271 0033 0100     		.2byte	0x1
 272 0035 5D       		.byte	0x5d
 273 0036 02000000 		.4byte	.LCFI2
 274 003a 04000000 		.4byte	.LCFI3
 275 003e 0200     		.2byte	0x2
ARM GAS  C:\Users\daniel01\AppData\Local\Temp\cckE0JiJ.s 			page 10


 276 0040 7D       		.byte	0x7d
 277 0041 04       		.sleb128 4
 278 0042 04000000 		.4byte	.LCFI3
 279 0046 6E000000 		.4byte	.LFE1
 280 004a 0200     		.2byte	0x2
 281 004c 77       		.byte	0x77
 282 004d 04       		.sleb128 4
 283 004e 00000000 		.4byte	0x0
 284 0052 00000000 		.4byte	0x0
 285              	.LLST2:
 286 0056 00000000 		.4byte	.LFB2
 287 005a 02000000 		.4byte	.LCFI4
 288 005e 0100     		.2byte	0x1
 289 0060 5D       		.byte	0x5d
 290 0061 02000000 		.4byte	.LCFI4
 291 0065 04000000 		.4byte	.LCFI5
 292 0069 0200     		.2byte	0x2
 293 006b 7D       		.byte	0x7d
 294 006c 08       		.sleb128 8
 295 006d 04000000 		.4byte	.LCFI5
 296 0071 40000000 		.4byte	.LFE2
 297 0075 0200     		.2byte	0x2
 298 0077 77       		.byte	0x77
 299 0078 08       		.sleb128 8
 300 0079 00000000 		.4byte	0x0
 301 007d 00000000 		.4byte	0x0
 302              	.LLST3:
 303 0081 00000000 		.4byte	.LFB3
 304 0085 02000000 		.4byte	.LCFI6
 305 0089 0100     		.2byte	0x1
 306 008b 5D       		.byte	0x5d
 307 008c 02000000 		.4byte	.LCFI6
 308 0090 04000000 		.4byte	.LCFI7
 309 0094 0200     		.2byte	0x2
 310 0096 7D       		.byte	0x7d
 311 0097 08       		.sleb128 8
 312 0098 04000000 		.4byte	.LCFI7
 313 009c 24000000 		.4byte	.LFE3
 314 00a0 0200     		.2byte	0x2
 315 00a2 77       		.byte	0x77
 316 00a3 08       		.sleb128 8
 317 00a4 00000000 		.4byte	0x0
 318 00a8 00000000 		.4byte	0x0
 319              		.file 2 ".\\Generated_Source\\PSoC5\\/ProbeUART.h"
 320              		.file 3 ".\\Generated_Source\\PSoC5\\/cytypes.h"
 321              		.section	.debug_info
 322 0000 4F010000 		.4byte	0x14f
 323 0004 0200     		.2byte	0x2
 324 0006 00000000 		.4byte	.Ldebug_abbrev0
 325 000a 04       		.byte	0x4
 326 000b 01       		.uleb128 0x1
 327 000c 7C010000 		.4byte	.LASF22
 328 0010 01       		.byte	0x1
 329 0011 0E000000 		.4byte	.LASF23
 330 0015 97000000 		.4byte	.LASF24
 331 0019 00000000 		.4byte	0x0
 332 001d 00000000 		.4byte	0x0
ARM GAS  C:\Users\daniel01\AppData\Local\Temp\cckE0JiJ.s 			page 11


 333 0021 00000000 		.4byte	.Ldebug_ranges0+0x0
 334 0025 00000000 		.4byte	.Ldebug_line0
 335 0029 02       		.uleb128 0x2
 336 002a 01       		.byte	0x1
 337 002b 06       		.byte	0x6
 338 002c 0C020000 		.4byte	.LASF0
 339 0030 02       		.uleb128 0x2
 340 0031 01       		.byte	0x1
 341 0032 08       		.byte	0x8
 342 0033 64000000 		.4byte	.LASF1
 343 0037 02       		.uleb128 0x2
 344 0038 02       		.byte	0x2
 345 0039 05       		.byte	0x5
 346 003a C5010000 		.4byte	.LASF2
 347 003e 02       		.uleb128 0x2
 348 003f 02       		.byte	0x2
 349 0040 07       		.byte	0x7
 350 0041 84000000 		.4byte	.LASF3
 351 0045 02       		.uleb128 0x2
 352 0046 04       		.byte	0x4
 353 0047 05       		.byte	0x5
 354 0048 F7010000 		.4byte	.LASF4
 355 004c 02       		.uleb128 0x2
 356 004d 04       		.byte	0x4
 357 004e 07       		.byte	0x7
 358 004f 72000000 		.4byte	.LASF5
 359 0053 02       		.uleb128 0x2
 360 0054 08       		.byte	0x8
 361 0055 05       		.byte	0x5
 362 0056 00000000 		.4byte	.LASF6
 363 005a 02       		.uleb128 0x2
 364 005b 08       		.byte	0x8
 365 005c 07       		.byte	0x7
 366 005d 65010000 		.4byte	.LASF7
 367 0061 03       		.uleb128 0x3
 368 0062 04       		.byte	0x4
 369 0063 05       		.byte	0x5
 370 0064 696E7400 		.ascii	"int\000"
 371 0068 02       		.uleb128 0x2
 372 0069 04       		.byte	0x4
 373 006a 07       		.byte	0x7
 374 006b 58010000 		.4byte	.LASF8
 375 006f 02       		.uleb128 0x2
 376 0070 01       		.byte	0x1
 377 0071 08       		.byte	0x8
 378 0072 90010000 		.4byte	.LASF9
 379 0076 04       		.uleb128 0x4
 380 0077 D9010000 		.4byte	.LASF16
 381 007b 03       		.byte	0x3
 382 007c 60       		.byte	0x60
 383 007d 30000000 		.4byte	0x30
 384 0081 05       		.uleb128 0x5
 385 0082 AD010000 		.4byte	.LASF25
 386 0086 06       		.byte	0x6
 387 0087 02       		.byte	0x2
 388 0088 43       		.byte	0x43
 389 0089 E2000000 		.4byte	0xe2
ARM GAS  C:\Users\daniel01\AppData\Local\Temp\cckE0JiJ.s 			page 12


 390 008d 06       		.uleb128 0x6
 391 008e 00020000 		.4byte	.LASF10
 392 0092 02       		.byte	0x2
 393 0093 44       		.byte	0x44
 394 0094 76000000 		.4byte	0x76
 395 0098 02       		.byte	0x2
 396 0099 23       		.byte	0x23
 397 009a 00       		.uleb128 0x0
 398 009b 06       		.uleb128 0x6
 399 009c CF010000 		.4byte	.LASF11
 400 00a0 02       		.byte	0x2
 401 00a1 4A       		.byte	0x4a
 402 00a2 76000000 		.4byte	0x76
 403 00a6 02       		.byte	0x2
 404 00a7 23       		.byte	0x23
 405 00a8 01       		.uleb128 0x1
 406 00a9 06       		.uleb128 0x6
 407 00aa 50010000 		.4byte	.LASF12
 408 00ae 02       		.byte	0x2
 409 00af 4C       		.byte	0x4c
 410 00b0 76000000 		.4byte	0x76
 411 00b4 02       		.byte	0x2
 412 00b5 23       		.byte	0x23
 413 00b6 02       		.uleb128 0x2
 414 00b7 06       		.uleb128 0x6
 415 00b8 45010000 		.4byte	.LASF13
 416 00bc 02       		.byte	0x2
 417 00bd 56       		.byte	0x56
 418 00be 76000000 		.4byte	0x76
 419 00c2 02       		.byte	0x2
 420 00c3 23       		.byte	0x23
 421 00c4 03       		.uleb128 0x3
 422 00c5 06       		.uleb128 0x6
 423 00c6 57000000 		.4byte	.LASF14
 424 00ca 02       		.byte	0x2
 425 00cb 58       		.byte	0x58
 426 00cc 76000000 		.4byte	0x76
 427 00d0 02       		.byte	0x2
 428 00d1 23       		.byte	0x23
 429 00d2 04       		.uleb128 0x4
 430 00d3 06       		.uleb128 0x6
 431 00d4 88010000 		.4byte	.LASF15
 432 00d8 02       		.byte	0x2
 433 00d9 5E       		.byte	0x5e
 434 00da 76000000 		.4byte	0x76
 435 00de 02       		.byte	0x2
 436 00df 23       		.byte	0x23
 437 00e0 05       		.uleb128 0x5
 438 00e1 00       		.byte	0x0
 439 00e2 04       		.uleb128 0x4
 440 00e3 95010000 		.4byte	.LASF17
 441 00e7 02       		.byte	0x2
 442 00e8 61       		.byte	0x61
 443 00e9 81000000 		.4byte	0x81
 444 00ed 07       		.uleb128 0x7
 445 00ee 01       		.byte	0x1
 446 00ef 18020000 		.4byte	.LASF18
ARM GAS  C:\Users\daniel01\AppData\Local\Temp\cckE0JiJ.s 			page 13


 447 00f3 01       		.byte	0x1
 448 00f4 34       		.byte	0x34
 449 00f5 01       		.byte	0x1
 450 00f6 00000000 		.4byte	.LFB0
 451 00fa 78000000 		.4byte	.LFE0
 452 00fe 00000000 		.4byte	.LLST0
 453 0102 07       		.uleb128 0x7
 454 0103 01       		.byte	0x1
 455 0104 DF010000 		.4byte	.LASF19
 456 0108 01       		.byte	0x1
 457 0109 6E       		.byte	0x6e
 458 010a 01       		.byte	0x1
 459 010b 00000000 		.4byte	.LFB1
 460 010f 6E000000 		.4byte	.LFE1
 461 0113 2B000000 		.4byte	.LLST1
 462 0117 07       		.uleb128 0x7
 463 0118 01       		.byte	0x1
 464 0119 47000000 		.4byte	.LASF20
 465 011d 01       		.byte	0x1
 466 011e AA       		.byte	0xaa
 467 011f 01       		.byte	0x1
 468 0120 00000000 		.4byte	.LFB2
 469 0124 40000000 		.4byte	.LFE2
 470 0128 56000000 		.4byte	.LLST2
 471 012c 07       		.uleb128 0x7
 472 012d 01       		.byte	0x1
 473 012e 36000000 		.4byte	.LASF21
 474 0132 01       		.byte	0x1
 475 0133 DB       		.byte	0xdb
 476 0134 01       		.byte	0x1
 477 0135 00000000 		.4byte	.LFB3
 478 0139 24000000 		.4byte	.LFE3
 479 013d 81000000 		.4byte	.LLST3
 480 0141 08       		.uleb128 0x8
 481 0142 34010000 		.4byte	.LASF26
 482 0146 01       		.byte	0x1
 483 0147 18       		.byte	0x18
 484 0148 E2000000 		.4byte	0xe2
 485 014c 05       		.byte	0x5
 486 014d 03       		.byte	0x3
 487 014e 00000000 		.4byte	ProbeUART_backup
 488 0152 00       		.byte	0x0
 489              		.section	.debug_abbrev
 490 0000 01       		.uleb128 0x1
 491 0001 11       		.uleb128 0x11
 492 0002 01       		.byte	0x1
 493 0003 25       		.uleb128 0x25
 494 0004 0E       		.uleb128 0xe
 495 0005 13       		.uleb128 0x13
 496 0006 0B       		.uleb128 0xb
 497 0007 03       		.uleb128 0x3
 498 0008 0E       		.uleb128 0xe
 499 0009 1B       		.uleb128 0x1b
 500 000a 0E       		.uleb128 0xe
 501 000b 11       		.uleb128 0x11
 502 000c 01       		.uleb128 0x1
 503 000d 52       		.uleb128 0x52
ARM GAS  C:\Users\daniel01\AppData\Local\Temp\cckE0JiJ.s 			page 14


 504 000e 01       		.uleb128 0x1
 505 000f 55       		.uleb128 0x55
 506 0010 06       		.uleb128 0x6
 507 0011 10       		.uleb128 0x10
 508 0012 06       		.uleb128 0x6
 509 0013 00       		.byte	0x0
 510 0014 00       		.byte	0x0
 511 0015 02       		.uleb128 0x2
 512 0016 24       		.uleb128 0x24
 513 0017 00       		.byte	0x0
 514 0018 0B       		.uleb128 0xb
 515 0019 0B       		.uleb128 0xb
 516 001a 3E       		.uleb128 0x3e
 517 001b 0B       		.uleb128 0xb
 518 001c 03       		.uleb128 0x3
 519 001d 0E       		.uleb128 0xe
 520 001e 00       		.byte	0x0
 521 001f 00       		.byte	0x0
 522 0020 03       		.uleb128 0x3
 523 0021 24       		.uleb128 0x24
 524 0022 00       		.byte	0x0
 525 0023 0B       		.uleb128 0xb
 526 0024 0B       		.uleb128 0xb
 527 0025 3E       		.uleb128 0x3e
 528 0026 0B       		.uleb128 0xb
 529 0027 03       		.uleb128 0x3
 530 0028 08       		.uleb128 0x8
 531 0029 00       		.byte	0x0
 532 002a 00       		.byte	0x0
 533 002b 04       		.uleb128 0x4
 534 002c 16       		.uleb128 0x16
 535 002d 00       		.byte	0x0
 536 002e 03       		.uleb128 0x3
 537 002f 0E       		.uleb128 0xe
 538 0030 3A       		.uleb128 0x3a
 539 0031 0B       		.uleb128 0xb
 540 0032 3B       		.uleb128 0x3b
 541 0033 0B       		.uleb128 0xb
 542 0034 49       		.uleb128 0x49
 543 0035 13       		.uleb128 0x13
 544 0036 00       		.byte	0x0
 545 0037 00       		.byte	0x0
 546 0038 05       		.uleb128 0x5
 547 0039 13       		.uleb128 0x13
 548 003a 01       		.byte	0x1
 549 003b 03       		.uleb128 0x3
 550 003c 0E       		.uleb128 0xe
 551 003d 0B       		.uleb128 0xb
 552 003e 0B       		.uleb128 0xb
 553 003f 3A       		.uleb128 0x3a
 554 0040 0B       		.uleb128 0xb
 555 0041 3B       		.uleb128 0x3b
 556 0042 0B       		.uleb128 0xb
 557 0043 01       		.uleb128 0x1
 558 0044 13       		.uleb128 0x13
 559 0045 00       		.byte	0x0
 560 0046 00       		.byte	0x0
ARM GAS  C:\Users\daniel01\AppData\Local\Temp\cckE0JiJ.s 			page 15


 561 0047 06       		.uleb128 0x6
 562 0048 0D       		.uleb128 0xd
 563 0049 00       		.byte	0x0
 564 004a 03       		.uleb128 0x3
 565 004b 0E       		.uleb128 0xe
 566 004c 3A       		.uleb128 0x3a
 567 004d 0B       		.uleb128 0xb
 568 004e 3B       		.uleb128 0x3b
 569 004f 0B       		.uleb128 0xb
 570 0050 49       		.uleb128 0x49
 571 0051 13       		.uleb128 0x13
 572 0052 38       		.uleb128 0x38
 573 0053 0A       		.uleb128 0xa
 574 0054 00       		.byte	0x0
 575 0055 00       		.byte	0x0
 576 0056 07       		.uleb128 0x7
 577 0057 2E       		.uleb128 0x2e
 578 0058 00       		.byte	0x0
 579 0059 3F       		.uleb128 0x3f
 580 005a 0C       		.uleb128 0xc
 581 005b 03       		.uleb128 0x3
 582 005c 0E       		.uleb128 0xe
 583 005d 3A       		.uleb128 0x3a
 584 005e 0B       		.uleb128 0xb
 585 005f 3B       		.uleb128 0x3b
 586 0060 0B       		.uleb128 0xb
 587 0061 27       		.uleb128 0x27
 588 0062 0C       		.uleb128 0xc
 589 0063 11       		.uleb128 0x11
 590 0064 01       		.uleb128 0x1
 591 0065 12       		.uleb128 0x12
 592 0066 01       		.uleb128 0x1
 593 0067 40       		.uleb128 0x40
 594 0068 06       		.uleb128 0x6
 595 0069 00       		.byte	0x0
 596 006a 00       		.byte	0x0
 597 006b 08       		.uleb128 0x8
 598 006c 34       		.uleb128 0x34
 599 006d 00       		.byte	0x0
 600 006e 03       		.uleb128 0x3
 601 006f 0E       		.uleb128 0xe
 602 0070 3A       		.uleb128 0x3a
 603 0071 0B       		.uleb128 0xb
 604 0072 3B       		.uleb128 0x3b
 605 0073 0B       		.uleb128 0xb
 606 0074 49       		.uleb128 0x49
 607 0075 13       		.uleb128 0x13
 608 0076 02       		.uleb128 0x2
 609 0077 0A       		.uleb128 0xa
 610 0078 00       		.byte	0x0
 611 0079 00       		.byte	0x0
 612 007a 00       		.byte	0x0
 613              		.section	.debug_pubnames,"",%progbits
 614 0000 6C000000 		.4byte	0x6c
 615 0004 0200     		.2byte	0x2
 616 0006 00000000 		.4byte	.Ldebug_info0
 617 000a 53010000 		.4byte	0x153
ARM GAS  C:\Users\daniel01\AppData\Local\Temp\cckE0JiJ.s 			page 16


 618 000e ED000000 		.4byte	0xed
 619 0012 50726F62 		.ascii	"ProbeUART_SaveConfig\000"
 619      65554152 
 619      545F5361 
 619      7665436F 
 619      6E666967 
 620 0027 02010000 		.4byte	0x102
 621 002b 50726F62 		.ascii	"ProbeUART_RestoreConfig\000"
 621      65554152 
 621      545F5265 
 621      73746F72 
 621      65436F6E 
 622 0043 17010000 		.4byte	0x117
 623 0047 50726F62 		.ascii	"ProbeUART_Sleep\000"
 623      65554152 
 623      545F536C 
 623      65657000 
 624 0057 2C010000 		.4byte	0x12c
 625 005b 50726F62 		.ascii	"ProbeUART_Wakeup\000"
 625      65554152 
 625      545F5761 
 625      6B657570 
 625      00
 626 006c 00000000 		.4byte	0x0
 627              		.section	.debug_aranges,"",%progbits
 628 0000 34000000 		.4byte	0x34
 629 0004 0200     		.2byte	0x2
 630 0006 00000000 		.4byte	.Ldebug_info0
 631 000a 04       		.byte	0x4
 632 000b 00       		.byte	0x0
 633 000c 0000     		.2byte	0x0
 634 000e 0000     		.2byte	0x0
 635 0010 00000000 		.4byte	.LFB0
 636 0014 78000000 		.4byte	.LFE0-.LFB0
 637 0018 00000000 		.4byte	.LFB1
 638 001c 6E000000 		.4byte	.LFE1-.LFB1
 639 0020 00000000 		.4byte	.LFB2
 640 0024 40000000 		.4byte	.LFE2-.LFB2
 641 0028 00000000 		.4byte	.LFB3
 642 002c 24000000 		.4byte	.LFE3-.LFB3
 643 0030 00000000 		.4byte	0x0
 644 0034 00000000 		.4byte	0x0
 645              		.section	.debug_ranges,"",%progbits
 646              	.Ldebug_ranges0:
 647 0000 00000000 		.4byte	.Ltext0
 648 0004 00000000 		.4byte	.Letext0
 649 0008 00000000 		.4byte	.LFB0
 650 000c 78000000 		.4byte	.LFE0
 651 0010 00000000 		.4byte	.LFB1
 652 0014 6E000000 		.4byte	.LFE1
 653 0018 00000000 		.4byte	.LFB2
 654 001c 40000000 		.4byte	.LFE2
 655 0020 00000000 		.4byte	.LFB3
 656 0024 24000000 		.4byte	.LFE3
 657 0028 00000000 		.4byte	0x0
 658 002c 00000000 		.4byte	0x0
 659              		.section	.debug_str,"MS",%progbits,1
ARM GAS  C:\Users\daniel01\AppData\Local\Temp\cckE0JiJ.s 			page 17


 660              	.LASF6:
 661 0000 6C6F6E67 		.ascii	"long long int\000"
 661      206C6F6E 
 661      6720696E 
 661      7400
 662              	.LASF23:
 663 000e 2E5C4765 		.ascii	".\\Generated_Source\\PSoC5\\ProbeUART_PM.c\000"
 663      6E657261 
 663      7465645F 
 663      536F7572 
 663      63655C50 
 664              	.LASF21:
 665 0036 50726F62 		.ascii	"ProbeUART_Wakeup\000"
 665      65554152 
 665      545F5761 
 665      6B657570 
 665      00
 666              	.LASF20:
 667 0047 50726F62 		.ascii	"ProbeUART_Sleep\000"
 667      65554152 
 667      545F536C 
 667      65657000 
 668              	.LASF14:
 669 0057 74785F63 		.ascii	"tx_clk_compl\000"
 669      6C6B5F63 
 669      6F6D706C 
 669      00
 670              	.LASF1:
 671 0064 756E7369 		.ascii	"unsigned char\000"
 671      676E6564 
 671      20636861 
 671      7200
 672              	.LASF5:
 673 0072 6C6F6E67 		.ascii	"long unsigned int\000"
 673      20756E73 
 673      69676E65 
 673      6420696E 
 673      7400
 674              	.LASF3:
 675 0084 73686F72 		.ascii	"short unsigned int\000"
 675      7420756E 
 675      7369676E 
 675      65642069 
 675      6E7400
 676              	.LASF24:
 677 0097 433A5C55 		.ascii	"C:\\Users\\daniel01\\Desktop\\CY8CKIT-050_uCOS-III\\"
 677      73657273 
 677      5C64616E 
 677      69656C30 
 677      315C4465 
 678 00c6 43593843 		.ascii	"CY8CKIT-050_uCOS-III\\Micrium\\Software\\EvalBoards"
 678      4B49542D 
 678      3035305F 
 678      75434F53 
 678      2D494949 
 679 00f6 5C437970 		.ascii	"\\Cypress\\CY8CKIT-050\\PSoC\\uCOS-III-Probe\\uCOS-"
 679      72657373 
ARM GAS  C:\Users\daniel01\AppData\Local\Temp\cckE0JiJ.s 			page 18


 679      5C435938 
 679      434B4954 
 679      2D303530 
 680 0124 4949492D 		.ascii	"III-Probe.cydsn\000"
 680      50726F62 
 680      652E6379 
 680      64736E00 
 681              	.LASF26:
 682 0134 50726F62 		.ascii	"ProbeUART_backup\000"
 682      65554152 
 682      545F6261 
 682      636B7570 
 682      00
 683              	.LASF13:
 684 0145 74785F63 		.ascii	"tx_clk_ctr\000"
 684      6C6B5F63 
 684      747200
 685              	.LASF12:
 686 0150 72785F6D 		.ascii	"rx_mask\000"
 686      61736B00 
 687              	.LASF8:
 688 0158 756E7369 		.ascii	"unsigned int\000"
 688      676E6564 
 688      20696E74 
 688      00
 689              	.LASF7:
 690 0165 6C6F6E67 		.ascii	"long long unsigned int\000"
 690      206C6F6E 
 690      6720756E 
 690      7369676E 
 690      65642069 
 691              	.LASF22:
 692 017c 474E5520 		.ascii	"GNU C 4.4.1\000"
 692      4320342E 
 692      342E3100 
 693              	.LASF15:
 694 0188 74785F6D 		.ascii	"tx_mask\000"
 694      61736B00 
 695              	.LASF9:
 696 0190 63686172 		.ascii	"char\000"
 696      00
 697              	.LASF17:
 698 0195 50726F62 		.ascii	"ProbeUART_BACKUP_STRUCT\000"
 698      65554152 
 698      545F4241 
 698      434B5550 
 698      5F535452 
 699              	.LASF25:
 700 01ad 5F50726F 		.ascii	"_ProbeUART_backupStruct\000"
 700      62655541 
 700      52545F62 
 700      61636B75 
 700      70537472 
 701              	.LASF2:
 702 01c5 73686F72 		.ascii	"short int\000"
 702      7420696E 
 702      7400
ARM GAS  C:\Users\daniel01\AppData\Local\Temp\cckE0JiJ.s 			page 19


 703              	.LASF11:
 704 01cf 72785F70 		.ascii	"rx_period\000"
 704      6572696F 
 704      6400
 705              	.LASF16:
 706 01d9 75696E74 		.ascii	"uint8\000"
 706      3800
 707              	.LASF19:
 708 01df 50726F62 		.ascii	"ProbeUART_RestoreConfig\000"
 708      65554152 
 708      545F5265 
 708      73746F72 
 708      65436F6E 
 709              	.LASF4:
 710 01f7 6C6F6E67 		.ascii	"long int\000"
 710      20696E74 
 710      00
 711              	.LASF10:
 712 0200 656E6162 		.ascii	"enableState\000"
 712      6C655374 
 712      61746500 
 713              	.LASF0:
 714 020c 7369676E 		.ascii	"signed char\000"
 714      65642063 
 714      68617200 
 715              	.LASF18:
 716 0218 50726F62 		.ascii	"ProbeUART_SaveConfig\000"
 716      65554152 
 716      545F5361 
 716      7665436F 
 716      6E666967 
 717              		.ident	"GCC: (Sourcery G++ Lite 2010q1-188) 4.4.1"
