ARM GAS  C:\Users\daniel01\AppData\Local\Temp\cc7IYaGA.s 			page 1


   1              		.syntax unified
   2              		.cpu cortex-m3
   3              		.fpu softvfp
   4              		.eabi_attribute 20, 1
   5              		.eabi_attribute 21, 1
   6              		.eabi_attribute 23, 3
   7              		.eabi_attribute 24, 1
   8              		.eabi_attribute 25, 1
   9              		.eabi_attribute 26, 1
  10              		.eabi_attribute 30, 6
  11              		.eabi_attribute 18, 4
  12              		.thumb
  13              		.file	"probe_com_os.c"
  14              		.section	.debug_abbrev,"",%progbits
  15              	.Ldebug_abbrev0:
  16              		.section	.debug_info,"",%progbits
  17              	.Ldebug_info0:
  18              		.section	.debug_line,"",%progbits
  19              	.Ldebug_line0:
  20 0000 19000000 		.text
  20      02001300 
  20      00000201 
  20      FB0E0D00 
  20      01010101 
  21              	.Ltext0:
  22              		.cfi_sections	.debug_frame
  23              	.Letext0:
  24              		.section	.debug_info
  25 0000 72000000 		.4byte	0x72
  26 0004 0200     		.2byte	0x2
  27 0006 00000000 		.4byte	.Ldebug_abbrev0
  28 000a 04       		.byte	0x4
  29 000b 01       		.uleb128 0x1
  30 000c 4A010000 		.4byte	.LASF10
  31 0010 01       		.byte	0x1
  32 0011 00000000 		.4byte	.LASF11
  33 0015 66000000 		.4byte	.LASF12
  34 0019 00000000 		.4byte	.Ltext0
  35 001d 00000000 		.4byte	.Letext0
  36 0021 00000000 		.4byte	.Ldebug_line0
  37 0025 02       		.uleb128 0x2
  38 0026 01       		.byte	0x1
  39 0027 08       		.byte	0x8
  40 0028 19010000 		.4byte	.LASF0
  41 002c 02       		.uleb128 0x2
  42 002d 01       		.byte	0x1
  43 002e 08       		.byte	0x8
  44 002f 35010000 		.4byte	.LASF1
  45 0033 02       		.uleb128 0x2
  46 0034 01       		.byte	0x1
  47 0035 06       		.byte	0x6
  48 0036 03010000 		.4byte	.LASF2
  49 003a 02       		.uleb128 0x2
  50 003b 02       		.byte	0x2
  51 003c 07       		.byte	0x7
  52 003d 56010000 		.4byte	.LASF3
  53 0041 02       		.uleb128 0x2
ARM GAS  C:\Users\daniel01\AppData\Local\Temp\cc7IYaGA.s 			page 2


  54 0042 02       		.byte	0x2
  55 0043 05       		.byte	0x5
  56 0044 0F010000 		.4byte	.LASF4
  57 0048 02       		.uleb128 0x2
  58 0049 04       		.byte	0x4
  59 004a 07       		.byte	0x7
  60 004b 53000000 		.4byte	.LASF5
  61 004f 03       		.uleb128 0x3
  62 0050 04       		.byte	0x4
  63 0051 05       		.byte	0x5
  64 0052 696E7400 		.ascii	"int\000"
  65 0056 02       		.uleb128 0x2
  66 0057 08       		.byte	0x8
  67 0058 07       		.byte	0x7
  68 0059 1E010000 		.4byte	.LASF6
  69 005d 02       		.uleb128 0x2
  70 005e 08       		.byte	0x8
  71 005f 05       		.byte	0x5
  72 0060 69010000 		.4byte	.LASF7
  73 0064 02       		.uleb128 0x2
  74 0065 04       		.byte	0x4
  75 0066 04       		.byte	0x4
  76 0067 60000000 		.4byte	.LASF8
  77 006b 02       		.uleb128 0x2
  78 006c 08       		.byte	0x8
  79 006d 04       		.byte	0x4
  80 006e 43010000 		.4byte	.LASF9
  81 0072 04       		.uleb128 0x4
  82 0073 04       		.byte	0x4
  83 0074 07       		.byte	0x7
  84 0075 00       		.byte	0x0
  85              		.section	.debug_abbrev
  86 0000 01       		.uleb128 0x1
  87 0001 11       		.uleb128 0x11
  88 0002 01       		.byte	0x1
  89 0003 25       		.uleb128 0x25
  90 0004 0E       		.uleb128 0xe
  91 0005 13       		.uleb128 0x13
  92 0006 0B       		.uleb128 0xb
  93 0007 03       		.uleb128 0x3
  94 0008 0E       		.uleb128 0xe
  95 0009 1B       		.uleb128 0x1b
  96 000a 0E       		.uleb128 0xe
  97 000b 11       		.uleb128 0x11
  98 000c 01       		.uleb128 0x1
  99 000d 12       		.uleb128 0x12
 100 000e 01       		.uleb128 0x1
 101 000f 10       		.uleb128 0x10
 102 0010 06       		.uleb128 0x6
 103 0011 00       		.byte	0x0
 104 0012 00       		.byte	0x0
 105 0013 02       		.uleb128 0x2
 106 0014 24       		.uleb128 0x24
 107 0015 00       		.byte	0x0
 108 0016 0B       		.uleb128 0xb
 109 0017 0B       		.uleb128 0xb
 110 0018 3E       		.uleb128 0x3e
ARM GAS  C:\Users\daniel01\AppData\Local\Temp\cc7IYaGA.s 			page 3


 111 0019 0B       		.uleb128 0xb
 112 001a 03       		.uleb128 0x3
 113 001b 0E       		.uleb128 0xe
 114 001c 00       		.byte	0x0
 115 001d 00       		.byte	0x0
 116 001e 03       		.uleb128 0x3
 117 001f 24       		.uleb128 0x24
 118 0020 00       		.byte	0x0
 119 0021 0B       		.uleb128 0xb
 120 0022 0B       		.uleb128 0xb
 121 0023 3E       		.uleb128 0x3e
 122 0024 0B       		.uleb128 0xb
 123 0025 03       		.uleb128 0x3
 124 0026 08       		.uleb128 0x8
 125 0027 00       		.byte	0x0
 126 0028 00       		.byte	0x0
 127 0029 04       		.uleb128 0x4
 128 002a 24       		.uleb128 0x24
 129 002b 00       		.byte	0x0
 130 002c 0B       		.uleb128 0xb
 131 002d 0B       		.uleb128 0xb
 132 002e 3E       		.uleb128 0x3e
 133 002f 0B       		.uleb128 0xb
 134 0030 00       		.byte	0x0
 135 0031 00       		.byte	0x0
 136 0032 00       		.byte	0x0
 137              		.section	.debug_str,"MS",%progbits,1
 138              	.LASF11:
 139 0000 2E2E5C2E 		.ascii	"..\\..\\..\\..\\..\\..\\uC-Probe\\Target\\Communica"
 139      2E5C2E2E 
 139      5C2E2E5C 
 139      2E2E5C2E 
 139      2E5C7543 
 140 002b 74696F6E 		.ascii	"tion\\Generic\\OS\\uCOS-III\\probe_com_os.c\000"
 140      5C47656E 
 140      65726963 
 140      5C4F535C 
 140      75434F53 
 141              	.LASF5:
 142 0053 756E7369 		.ascii	"unsigned int\000"
 142      676E6564 
 142      20696E74 
 142      00
 143              	.LASF8:
 144 0060 666C6F61 		.ascii	"float\000"
 144      7400
 145              	.LASF12:
 146 0066 433A5C55 		.ascii	"C:\\Users\\daniel01\\Desktop\\CY8CKIT-050_uCOS-III\\"
 146      73657273 
 146      5C64616E 
 146      69656C30 
 146      315C4465 
 147 0095 43593843 		.ascii	"CY8CKIT-050_uCOS-III\\Micrium\\Software\\EvalBoards"
 147      4B49542D 
 147      3035305F 
 147      75434F53 
 147      2D494949 
ARM GAS  C:\Users\daniel01\AppData\Local\Temp\cc7IYaGA.s 			page 4


 148 00c5 5C437970 		.ascii	"\\Cypress\\CY8CKIT-050\\PSoC\\uCOS-III-Probe\\uCOS-"
 148      72657373 
 148      5C435938 
 148      434B4954 
 148      2D303530 
 149 00f3 4949492D 		.ascii	"III-Probe.cydsn\000"
 149      50726F62 
 149      652E6379 
 149      64736E00 
 150              	.LASF2:
 151 0103 7369676E 		.ascii	"signed char\000"
 151      65642063 
 151      68617200 
 152              	.LASF4:
 153 010f 73686F72 		.ascii	"short int\000"
 153      7420696E 
 153      7400
 154              	.LASF0:
 155 0119 63686172 		.ascii	"char\000"
 155      00
 156              	.LASF6:
 157 011e 6C6F6E67 		.ascii	"long long unsigned int\000"
 157      206C6F6E 
 157      6720756E 
 157      7369676E 
 157      65642069 
 158              	.LASF1:
 159 0135 756E7369 		.ascii	"unsigned char\000"
 159      676E6564 
 159      20636861 
 159      7200
 160              	.LASF9:
 161 0143 646F7562 		.ascii	"double\000"
 161      6C6500
 162              	.LASF10:
 163 014a 474E5520 		.ascii	"GNU C 4.4.1\000"
 163      4320342E 
 163      342E3100 
 164              	.LASF3:
 165 0156 73686F72 		.ascii	"short unsigned int\000"
 165      7420756E 
 165      7369676E 
 165      65642069 
 165      6E7400
 166              	.LASF7:
 167 0169 6C6F6E67 		.ascii	"long long int\000"
 167      206C6F6E 
 167      6720696E 
 167      7400
 168              		.ident	"GCC: (Sourcery G++ Lite 2010q1-188) 4.4.1"
