ARM GAS  C:\Users\daniel01\AppData\Local\Temp\ccEKWuVd.s 			page 1


   1              		.syntax unified
   2              		.cpu cortex-m3
   3              		.fpu softvfp
   4              		.eabi_attribute 20, 1
   5              		.eabi_attribute 21, 1
   6              		.eabi_attribute 23, 3
   7              		.eabi_attribute 24, 1
   8              		.eabi_attribute 25, 1
   9              		.eabi_attribute 26, 1
  10              		.eabi_attribute 30, 6
  11              		.eabi_attribute 18, 4
  12              		.thumb
  13              		.file	"os_int.c"
  14              		.section	.debug_abbrev,"",%progbits
  15              	.Ldebug_abbrev0:
  16              		.section	.debug_info,"",%progbits
  17              	.Ldebug_info0:
  18              		.section	.debug_line,"",%progbits
  19              	.Ldebug_line0:
  20 0000 19000000 		.text
  20      02001300 
  20      00000201 
  20      FB0E0D00 
  20      01010101 
  21              	.Ltext0:
  22              		.cfi_sections	.debug_frame
  23              	.Letext0:
  24              		.section	.debug_info
  25 0000 72000000 		.4byte	0x72
  26 0004 0200     		.2byte	0x2
  27 0006 00000000 		.4byte	.Ldebug_abbrev0
  28 000a 04       		.byte	0x4
  29 000b 01       		.uleb128 0x1
  30 000c 24010000 		.4byte	.LASF10
  31 0010 01       		.byte	0x1
  32 0011 F7000000 		.4byte	.LASF11
  33 0015 13000000 		.4byte	.LASF12
  34 0019 00000000 		.4byte	.Ltext0
  35 001d 00000000 		.4byte	.Letext0
  36 0021 00000000 		.4byte	.Ldebug_line0
  37 0025 02       		.uleb128 0x2
  38 0026 01       		.byte	0x1
  39 0027 08       		.byte	0x8
  40 0028 CD000000 		.4byte	.LASF0
  41 002c 02       		.uleb128 0x2
  42 002d 01       		.byte	0x1
  43 002e 08       		.byte	0x8
  44 002f E9000000 		.4byte	.LASF1
  45 0033 02       		.uleb128 0x2
  46 0034 01       		.byte	0x1
  47 0035 06       		.byte	0x6
  48 0036 B0000000 		.4byte	.LASF2
  49 003a 02       		.uleb128 0x2
  50 003b 02       		.byte	0x2
  51 003c 07       		.byte	0x7
  52 003d 30010000 		.4byte	.LASF3
  53 0041 02       		.uleb128 0x2
ARM GAS  C:\Users\daniel01\AppData\Local\Temp\ccEKWuVd.s 			page 2


  54 0042 02       		.byte	0x2
  55 0043 05       		.byte	0x5
  56 0044 BC000000 		.4byte	.LASF4
  57 0048 02       		.uleb128 0x2
  58 0049 04       		.byte	0x4
  59 004a 07       		.byte	0x7
  60 004b 00000000 		.4byte	.LASF5
  61 004f 03       		.uleb128 0x3
  62 0050 04       		.byte	0x4
  63 0051 05       		.byte	0x5
  64 0052 696E7400 		.ascii	"int\000"
  65 0056 02       		.uleb128 0x2
  66 0057 08       		.byte	0x8
  67 0058 07       		.byte	0x7
  68 0059 D2000000 		.4byte	.LASF6
  69 005d 02       		.uleb128 0x2
  70 005e 08       		.byte	0x8
  71 005f 05       		.byte	0x5
  72 0060 43010000 		.4byte	.LASF7
  73 0064 02       		.uleb128 0x2
  74 0065 04       		.byte	0x4
  75 0066 04       		.byte	0x4
  76 0067 0D000000 		.4byte	.LASF8
  77 006b 02       		.uleb128 0x2
  78 006c 08       		.byte	0x8
  79 006d 04       		.byte	0x4
  80 006e C6000000 		.4byte	.LASF9
  81 0072 04       		.uleb128 0x4
  82 0073 04       		.byte	0x4
  83 0074 07       		.byte	0x7
  84 0075 00       		.byte	0x0
  85              		.section	.debug_abbrev
  86 0000 01       		.uleb128 0x1
  87 0001 11       		.uleb128 0x11
  88 0002 01       		.byte	0x1
  89 0003 25       		.uleb128 0x25
  90 0004 0E       		.uleb128 0xe
  91 0005 13       		.uleb128 0x13
  92 0006 0B       		.uleb128 0xb
  93 0007 03       		.uleb128 0x3
  94 0008 0E       		.uleb128 0xe
  95 0009 1B       		.uleb128 0x1b
  96 000a 0E       		.uleb128 0xe
  97 000b 11       		.uleb128 0x11
  98 000c 01       		.uleb128 0x1
  99 000d 12       		.uleb128 0x12
 100 000e 01       		.uleb128 0x1
 101 000f 10       		.uleb128 0x10
 102 0010 06       		.uleb128 0x6
 103 0011 00       		.byte	0x0
 104 0012 00       		.byte	0x0
 105 0013 02       		.uleb128 0x2
 106 0014 24       		.uleb128 0x24
 107 0015 00       		.byte	0x0
 108 0016 0B       		.uleb128 0xb
 109 0017 0B       		.uleb128 0xb
 110 0018 3E       		.uleb128 0x3e
ARM GAS  C:\Users\daniel01\AppData\Local\Temp\ccEKWuVd.s 			page 3


 111 0019 0B       		.uleb128 0xb
 112 001a 03       		.uleb128 0x3
 113 001b 0E       		.uleb128 0xe
 114 001c 00       		.byte	0x0
 115 001d 00       		.byte	0x0
 116 001e 03       		.uleb128 0x3
 117 001f 24       		.uleb128 0x24
 118 0020 00       		.byte	0x0
 119 0021 0B       		.uleb128 0xb
 120 0022 0B       		.uleb128 0xb
 121 0023 3E       		.uleb128 0x3e
 122 0024 0B       		.uleb128 0xb
 123 0025 03       		.uleb128 0x3
 124 0026 08       		.uleb128 0x8
 125 0027 00       		.byte	0x0
 126 0028 00       		.byte	0x0
 127 0029 04       		.uleb128 0x4
 128 002a 24       		.uleb128 0x24
 129 002b 00       		.byte	0x0
 130 002c 0B       		.uleb128 0xb
 131 002d 0B       		.uleb128 0xb
 132 002e 3E       		.uleb128 0x3e
 133 002f 0B       		.uleb128 0xb
 134 0030 00       		.byte	0x0
 135 0031 00       		.byte	0x0
 136 0032 00       		.byte	0x0
 137              		.section	.debug_str,"MS",%progbits,1
 138              	.LASF5:
 139 0000 756E7369 		.ascii	"unsigned int\000"
 139      676E6564 
 139      20696E74 
 139      00
 140              	.LASF8:
 141 000d 666C6F61 		.ascii	"float\000"
 141      7400
 142              	.LASF12:
 143 0013 433A5C55 		.ascii	"C:\\Users\\daniel01\\Desktop\\CY8CKIT-050_uCOS-III\\"
 143      73657273 
 143      5C64616E 
 143      69656C30 
 143      315C4465 
 144 0042 43593843 		.ascii	"CY8CKIT-050_uCOS-III\\Micrium\\Software\\EvalBoards"
 144      4B49542D 
 144      3035305F 
 144      75434F53 
 144      2D494949 
 145 0072 5C437970 		.ascii	"\\Cypress\\CY8CKIT-050\\PSoC\\uCOS-III-Probe\\uCOS-"
 145      72657373 
 145      5C435938 
 145      434B4954 
 145      2D303530 
 146 00a0 4949492D 		.ascii	"III-Probe.cydsn\000"
 146      50726F62 
 146      652E6379 
 146      64736E00 
 147              	.LASF2:
 148 00b0 7369676E 		.ascii	"signed char\000"
ARM GAS  C:\Users\daniel01\AppData\Local\Temp\ccEKWuVd.s 			page 4


 148      65642063 
 148      68617200 
 149              	.LASF4:
 150 00bc 73686F72 		.ascii	"short int\000"
 150      7420696E 
 150      7400
 151              	.LASF9:
 152 00c6 646F7562 		.ascii	"double\000"
 152      6C6500
 153              	.LASF0:
 154 00cd 63686172 		.ascii	"char\000"
 154      00
 155              	.LASF6:
 156 00d2 6C6F6E67 		.ascii	"long long unsigned int\000"
 156      206C6F6E 
 156      6720756E 
 156      7369676E 
 156      65642069 
 157              	.LASF1:
 158 00e9 756E7369 		.ascii	"unsigned char\000"
 158      676E6564 
 158      20636861 
 158      7200
 159              	.LASF11:
 160 00f7 433A5C4D 		.ascii	"C:\\Micrium\\Software\\uCOS-III\\Source\\os_int.c\000"
 160      69637269 
 160      756D5C53 
 160      6F667477 
 160      6172655C 
 161              	.LASF10:
 162 0124 474E5520 		.ascii	"GNU C 4.4.1\000"
 162      4320342E 
 162      342E3100 
 163              	.LASF3:
 164 0130 73686F72 		.ascii	"short unsigned int\000"
 164      7420756E 
 164      7369676E 
 164      65642069 
 164      6E7400
 165              	.LASF7:
 166 0143 6C6F6E67 		.ascii	"long long int\000"
 166      206C6F6E 
 166      6720696E 
 166      7400
 167              		.ident	"GCC: (Sourcery G++ Lite 2010q1-188) 4.4.1"
