--------------- Clean Started: 11/02/2012 10:58:34 Project: uCOS-III-Probe, Configuration: ARM GCC 4.4.1 Debug ---------------
Deleting file ".\ARM_GCC_441\Debug\app_probe.o"
Deleting file ".\ARM_GCC_441\Debug\app.o"
Deleting file ".\ARM_GCC_441\Debug\os_app_hooks.o"
Deleting file ".\ARM_GCC_441\Debug\bsp_os.o"
Deleting file ".\ARM_GCC_441\Debug\bsp.o"
Deleting file ".\ARM_GCC_441\Debug\cpu_bsp.o"
Deleting file ".\ARM_GCC_441\Debug\cpu_a.o"
Deleting file ".\ARM_GCC_441\Debug\cpu_core.o"
Deleting file ".\ARM_GCC_441\Debug\lib_ascii.o"
Deleting file ".\ARM_GCC_441\Debug\lib_math.o"
Deleting file ".\ARM_GCC_441\Debug\lib_mem.o"
Deleting file ".\ARM_GCC_441\Debug\lib_str.o"
Deleting file ".\ARM_GCC_441\Debug\os_dbg.o"
Deleting file ".\ARM_GCC_441\Debug\os_core.o"
Deleting file ".\ARM_GCC_441\Debug\os_flag.o"
Deleting file ".\ARM_GCC_441\Debug\os_int.o"
Deleting file ".\ARM_GCC_441\Debug\os_mem.o"
Deleting file ".\ARM_GCC_441\Debug\os_msg.o"
Deleting file ".\ARM_GCC_441\Debug\os_mutex.o"
Deleting file ".\ARM_GCC_441\Debug\os_pend_multi.o"
Deleting file ".\ARM_GCC_441\Debug\os_prio.o"
Deleting file ".\ARM_GCC_441\Debug\os_q.o"
Deleting file ".\ARM_GCC_441\Debug\os_sem.o"
Deleting file ".\ARM_GCC_441\Debug\os_stat.o"
Deleting file ".\ARM_GCC_441\Debug\os_task.o"
Deleting file ".\ARM_GCC_441\Debug\os_tick.o"
Deleting file ".\ARM_GCC_441\Debug\os_time.o"
Deleting file ".\ARM_GCC_441\Debug\os_tmr.o"
Deleting file ".\ARM_GCC_441\Debug\os_var.o"
Deleting file ".\ARM_GCC_441\Debug\os_cfg_app.o"
Deleting file ".\ARM_GCC_441\Debug\LED_Status.o"
Deleting file ".\ARM_GCC_441\Debug\LED.o"
Deleting file ".\ARM_GCC_441\Debug\LCD_Disp.o"
Deleting file ".\ARM_GCC_441\Debug\LCD_Disp_PM.o"
Deleting file ".\ARM_GCC_441\Debug\LCD_Disp_LCDPort.o"
Deleting file ".\ARM_GCC_441\Debug\Cm3Start.o"
Deleting file ".\ARM_GCC_441\Debug\core_cm3.o"
Deleting file ".\ARM_GCC_441\Debug\CyBootAsmGnu.o"
Deleting file ".\ARM_GCC_441\Debug\CyDmac.o"
Deleting file ".\ARM_GCC_441\Debug\CyFlash.o"
Deleting file ".\ARM_GCC_441\Debug\CyLib.o"
Deleting file ".\ARM_GCC_441\Debug\cyPm.o"
Deleting file ".\ARM_GCC_441\Debug\CySpc.o"
Deleting file ".\ARM_GCC_441\Debug\cyutils.o"
Deleting file ".\ARM_GCC_441\Debug\ProbeUART.o"
Deleting file ".\ARM_GCC_441\Debug\ProbeUART_PM.o"
Deleting file ".\ARM_GCC_441\Debug\ProbeUART_INT.o"
Deleting file ".\ARM_GCC_441\Debug\ProbeUART_TxISR.o"
Deleting file ".\ARM_GCC_441\Debug\ProbeUART_RxISR.o"
Deleting file ".\ARM_GCC_441\Debug\PB_2.o"
Deleting file ".\ARM_GCC_441\Debug\PB_3.o"
Deleting file ".\ARM_GCC_441\Debug\ProbeUART_Tx.o"
Deleting file ".\ARM_GCC_441\Debug\ProbeUART_Rx.o"
Deleting file ".\ARM_GCC_441\Debug\cyfitter_cfg.o"
Deleting file ".\ARM_GCC_441\Debug\probe_com_os.o"
Deleting file ".\ARM_GCC_441\Debug\probe_rs232c.o"
Deleting file ".\ARM_GCC_441\Debug\probe_rs232_os.o"
Deleting file ".\ARM_GCC_441\Debug\probe_rs232.o"
Deleting file ".\ARM_GCC_441\Debug\probe_com.o"
Deleting file ".\ARM_GCC_441\Debug\uCOS-III-Probe.hex"
Deleting file ".\ARM_GCC_441\Debug\uCOS-III-Probe.elf"
Deleting file ".\ARM_GCC_441\Debug\uCOS-III-Probe.map"
Deleting file ".\uCOS-III-Probe.cycdx"
Deleting file ".\uCOS-III-Probe.svd"
Deleting file ".\uCOS-III-Probe.rpt"
Deleting file ".\uCOS-III-Probe_timing.html"
Deleting file ".\ARM_GCC_441\Debug\.deps\C_FILE.P"
Deleting file ".\ARM_GCC_441\Debug\.deps\GNU_ARM_ASM_FILE.P"
Deleting file ".\ARM_GCC_441\Debug\.deps\ARM_C_FILE.P"
--------------- Clean Succeeded: 11/02/2012 10:58:34 ---------------
