ARM GAS  C:\Users\EDULU~1.DES\AppData\Local\Temp\ccFUtiFx.s 			page 1


   1              		.syntax unified
   2              		.cpu cortex-m0
   3              		.fpu softvfp
   4              		.eabi_attribute 20, 1
   5              		.eabi_attribute 21, 1
   6              		.eabi_attribute 23, 3
   7              		.eabi_attribute 24, 1
   8              		.eabi_attribute 25, 1
   9              		.eabi_attribute 26, 1
  10              		.eabi_attribute 30, 6
  11              		.eabi_attribute 34, 0
  12              		.eabi_attribute 18, 4
  13              		.thumb
  14              		.syntax unified
  15              		.file	"lib_math.c"
  16              		.text
  17              	.Ltext0:
  18              		.cfi_sections	.debug_frame
  19              		.comm	Math_RandSeedCur,4,4
  20              		.section	.text.Math_Init,"ax",%progbits
  21              		.align	2
  22              		.global	Math_Init
  23              		.code	16
  24              		.thumb_func
  25              		.type	Math_Init, %function
  26              	Math_Init:
  27              	.LFB1:
  28              		.file 1 "..\\..\\..\\..\\..\\..\\Software\\uC-LIB\\lib_math.c"
   1:..\..\..\..\..\..\Software\uC-LIB/lib_math.c **** /*
   2:..\..\..\..\..\..\Software\uC-LIB/lib_math.c **** ***************************************************************************************************
   3:..\..\..\..\..\..\Software\uC-LIB/lib_math.c **** *                                                uC/LIB
   4:..\..\..\..\..\..\Software\uC-LIB/lib_math.c **** *                                        CUSTOM LIBRARY MODULES
   5:..\..\..\..\..\..\Software\uC-LIB/lib_math.c **** *
   6:..\..\..\..\..\..\Software\uC-LIB/lib_math.c **** *                          (c) Copyright 2004-2012; Micrium, Inc.; Weston, FL
   7:..\..\..\..\..\..\Software\uC-LIB/lib_math.c **** *
   8:..\..\..\..\..\..\Software\uC-LIB/lib_math.c **** *               All rights reserved.  Protected by international copyright laws.
   9:..\..\..\..\..\..\Software\uC-LIB/lib_math.c **** *
  10:..\..\..\..\..\..\Software\uC-LIB/lib_math.c **** *               uC/LIB is provided in source form to registered licensees ONLY.  It is 
  11:..\..\..\..\..\..\Software\uC-LIB/lib_math.c **** *               illegal to distribute this source code to any third party unless you receive 
  12:..\..\..\..\..\..\Software\uC-LIB/lib_math.c **** *               written permission by an authorized Micrium representative.  Knowledge of 
  13:..\..\..\..\..\..\Software\uC-LIB/lib_math.c **** *               the source code may NOT be used to develop a similar product.
  14:..\..\..\..\..\..\Software\uC-LIB/lib_math.c **** *
  15:..\..\..\..\..\..\Software\uC-LIB/lib_math.c **** *               Please help us continue to provide the Embedded community with the finest 
  16:..\..\..\..\..\..\Software\uC-LIB/lib_math.c **** *               software available.  Your honesty is greatly appreciated.
  17:..\..\..\..\..\..\Software\uC-LIB/lib_math.c **** *
  18:..\..\..\..\..\..\Software\uC-LIB/lib_math.c **** *               You can contact us at www.micrium.com.
  19:..\..\..\..\..\..\Software\uC-LIB/lib_math.c **** ***************************************************************************************************
  20:..\..\..\..\..\..\Software\uC-LIB/lib_math.c **** */
  21:..\..\..\..\..\..\Software\uC-LIB/lib_math.c **** 
  22:..\..\..\..\..\..\Software\uC-LIB/lib_math.c **** /*
  23:..\..\..\..\..\..\Software\uC-LIB/lib_math.c **** ***************************************************************************************************
  24:..\..\..\..\..\..\Software\uC-LIB/lib_math.c **** *
  25:..\..\..\..\..\..\Software\uC-LIB/lib_math.c **** *                                        MATHEMATIC OPERATIONS
  26:..\..\..\..\..\..\Software\uC-LIB/lib_math.c **** *
  27:..\..\..\..\..\..\Software\uC-LIB/lib_math.c **** * Filename      : lib_math.c
  28:..\..\..\..\..\..\Software\uC-LIB/lib_math.c **** * Version       : V1.37.00
  29:..\..\..\..\..\..\Software\uC-LIB/lib_math.c **** * Programmer(s) : SR
ARM GAS  C:\Users\EDULU~1.DES\AppData\Local\Temp\ccFUtiFx.s 			page 2


  30:..\..\..\..\..\..\Software\uC-LIB/lib_math.c **** *                 ITJ
  31:..\..\..\..\..\..\Software\uC-LIB/lib_math.c **** ***************************************************************************************************
  32:..\..\..\..\..\..\Software\uC-LIB/lib_math.c **** * Note(s)       : (1) NO compiler-supplied standard library functions are used in library or produc
  33:..\..\..\..\..\..\Software\uC-LIB/lib_math.c **** *
  34:..\..\..\..\..\..\Software\uC-LIB/lib_math.c **** *                     (a) ALL standard library functions are implemented in the custom library modu
  35:..\..\..\..\..\..\Software\uC-LIB/lib_math.c **** *
  36:..\..\..\..\..\..\Software\uC-LIB/lib_math.c **** *                         (1) \<Custom Library Directory>\lib_*.*
  37:..\..\..\..\..\..\Software\uC-LIB/lib_math.c **** *
  38:..\..\..\..\..\..\Software\uC-LIB/lib_math.c **** *                         (2) \<Custom Library Directory>\Ports\<cpu>\<compiler>\lib*_a.*
  39:..\..\..\..\..\..\Software\uC-LIB/lib_math.c **** *
  40:..\..\..\..\..\..\Software\uC-LIB/lib_math.c **** *                               where
  41:..\..\..\..\..\..\Software\uC-LIB/lib_math.c **** *                                       <Custom Library Directory>      directory path for custom l
  42:..\..\..\..\..\..\Software\uC-LIB/lib_math.c **** *                                       <cpu>                           directory name for specific
  43:..\..\..\..\..\..\Software\uC-LIB/lib_math.c **** *                                       <compiler>                      directory name for specific
  44:..\..\..\..\..\..\Software\uC-LIB/lib_math.c **** *
  45:..\..\..\..\..\..\Software\uC-LIB/lib_math.c **** *                     (b) Product-specific library functions are implemented in individual products
  46:..\..\..\..\..\..\Software\uC-LIB/lib_math.c **** *
  47:..\..\..\..\..\..\Software\uC-LIB/lib_math.c **** ***************************************************************************************************
  48:..\..\..\..\..\..\Software\uC-LIB/lib_math.c **** * Notice(s)     : (1) The Institute of Electrical and Electronics Engineers and The Open Group, hav
  49:..\..\..\..\..\..\Software\uC-LIB/lib_math.c **** *                     us permission to reprint portions of their documentation.  Portions of this t
  50:..\..\..\..\..\..\Software\uC-LIB/lib_math.c **** *                     reprinted and reproduced in electronic form from the IEEE Std 1003.1, 2004 Ed
  51:..\..\..\..\..\..\Software\uC-LIB/lib_math.c **** *                     Standard for Information Technology -- Portable Operating System Interface (P
  52:..\..\..\..\..\..\Software\uC-LIB/lib_math.c **** *                     The Open Group Base Specifications Issue 6, Copyright (C) 2001-2004 by the In
  53:..\..\..\..\..\..\Software\uC-LIB/lib_math.c **** *                     of Electrical and Electronics Engineers, Inc and The Open Group.  In the even
  54:..\..\..\..\..\..\Software\uC-LIB/lib_math.c **** *                     discrepancy between these versions and the original IEEE and The Open Group S
  55:..\..\..\..\..\..\Software\uC-LIB/lib_math.c **** *                     the original IEEE and The Open Group Standard is the referee document.  The o
  56:..\..\..\..\..\..\Software\uC-LIB/lib_math.c **** *                     Standard can be obtained online at http://www.opengroup.org/unix/online.html.
  57:..\..\..\..\..\..\Software\uC-LIB/lib_math.c **** ***************************************************************************************************
  58:..\..\..\..\..\..\Software\uC-LIB/lib_math.c **** */
  59:..\..\..\..\..\..\Software\uC-LIB/lib_math.c **** 
  60:..\..\..\..\..\..\Software\uC-LIB/lib_math.c **** 
  61:..\..\..\..\..\..\Software\uC-LIB/lib_math.c **** /*
  62:..\..\..\..\..\..\Software\uC-LIB/lib_math.c **** ***************************************************************************************************
  63:..\..\..\..\..\..\Software\uC-LIB/lib_math.c **** *                                            INCLUDE FILES
  64:..\..\..\..\..\..\Software\uC-LIB/lib_math.c **** ***************************************************************************************************
  65:..\..\..\..\..\..\Software\uC-LIB/lib_math.c **** */
  66:..\..\..\..\..\..\Software\uC-LIB/lib_math.c **** 
  67:..\..\..\..\..\..\Software\uC-LIB/lib_math.c **** #define    MICRIUM_SOURCE
  68:..\..\..\..\..\..\Software\uC-LIB/lib_math.c **** #define    LIB_MATH_MODULE
  69:..\..\..\..\..\..\Software\uC-LIB/lib_math.c **** #include  <lib_math.h>
  70:..\..\..\..\..\..\Software\uC-LIB/lib_math.c **** 
  71:..\..\..\..\..\..\Software\uC-LIB/lib_math.c **** 
  72:..\..\..\..\..\..\Software\uC-LIB/lib_math.c **** /*$PAGE*/
  73:..\..\..\..\..\..\Software\uC-LIB/lib_math.c **** /*
  74:..\..\..\..\..\..\Software\uC-LIB/lib_math.c **** ***************************************************************************************************
  75:..\..\..\..\..\..\Software\uC-LIB/lib_math.c **** *                                            LOCAL DEFINES
  76:..\..\..\..\..\..\Software\uC-LIB/lib_math.c **** ***************************************************************************************************
  77:..\..\..\..\..\..\Software\uC-LIB/lib_math.c **** */
  78:..\..\..\..\..\..\Software\uC-LIB/lib_math.c **** 
  79:..\..\..\..\..\..\Software\uC-LIB/lib_math.c **** 
  80:..\..\..\..\..\..\Software\uC-LIB/lib_math.c **** /*
  81:..\..\..\..\..\..\Software\uC-LIB/lib_math.c **** ***************************************************************************************************
  82:..\..\..\..\..\..\Software\uC-LIB/lib_math.c **** *                                           LOCAL CONSTANTS
  83:..\..\..\..\..\..\Software\uC-LIB/lib_math.c **** ***************************************************************************************************
  84:..\..\..\..\..\..\Software\uC-LIB/lib_math.c **** */
  85:..\..\..\..\..\..\Software\uC-LIB/lib_math.c **** 
  86:..\..\..\..\..\..\Software\uC-LIB/lib_math.c **** 
ARM GAS  C:\Users\EDULU~1.DES\AppData\Local\Temp\ccFUtiFx.s 			page 3


  87:..\..\..\..\..\..\Software\uC-LIB/lib_math.c **** /*
  88:..\..\..\..\..\..\Software\uC-LIB/lib_math.c **** ***************************************************************************************************
  89:..\..\..\..\..\..\Software\uC-LIB/lib_math.c **** *                                          LOCAL DATA TYPES
  90:..\..\..\..\..\..\Software\uC-LIB/lib_math.c **** ***************************************************************************************************
  91:..\..\..\..\..\..\Software\uC-LIB/lib_math.c **** */
  92:..\..\..\..\..\..\Software\uC-LIB/lib_math.c **** 
  93:..\..\..\..\..\..\Software\uC-LIB/lib_math.c **** 
  94:..\..\..\..\..\..\Software\uC-LIB/lib_math.c **** /*
  95:..\..\..\..\..\..\Software\uC-LIB/lib_math.c **** ***************************************************************************************************
  96:..\..\..\..\..\..\Software\uC-LIB/lib_math.c **** *                                            LOCAL TABLES
  97:..\..\..\..\..\..\Software\uC-LIB/lib_math.c **** ***************************************************************************************************
  98:..\..\..\..\..\..\Software\uC-LIB/lib_math.c **** */
  99:..\..\..\..\..\..\Software\uC-LIB/lib_math.c **** 
 100:..\..\..\..\..\..\Software\uC-LIB/lib_math.c **** 
 101:..\..\..\..\..\..\Software\uC-LIB/lib_math.c **** /*
 102:..\..\..\..\..\..\Software\uC-LIB/lib_math.c **** ***************************************************************************************************
 103:..\..\..\..\..\..\Software\uC-LIB/lib_math.c **** *                                       LOCAL GLOBAL VARIABLES
 104:..\..\..\..\..\..\Software\uC-LIB/lib_math.c **** ***************************************************************************************************
 105:..\..\..\..\..\..\Software\uC-LIB/lib_math.c **** */
 106:..\..\..\..\..\..\Software\uC-LIB/lib_math.c **** 
 107:..\..\..\..\..\..\Software\uC-LIB/lib_math.c **** RAND_NBR  Math_RandSeedCur;                                     /* Cur rand nbr seed.              
 108:..\..\..\..\..\..\Software\uC-LIB/lib_math.c **** 
 109:..\..\..\..\..\..\Software\uC-LIB/lib_math.c **** 
 110:..\..\..\..\..\..\Software\uC-LIB/lib_math.c **** /*
 111:..\..\..\..\..\..\Software\uC-LIB/lib_math.c **** ***************************************************************************************************
 112:..\..\..\..\..\..\Software\uC-LIB/lib_math.c **** *                                      LOCAL FUNCTION PROTOTYPES
 113:..\..\..\..\..\..\Software\uC-LIB/lib_math.c **** ***************************************************************************************************
 114:..\..\..\..\..\..\Software\uC-LIB/lib_math.c **** */
 115:..\..\..\..\..\..\Software\uC-LIB/lib_math.c **** 
 116:..\..\..\..\..\..\Software\uC-LIB/lib_math.c **** 
 117:..\..\..\..\..\..\Software\uC-LIB/lib_math.c **** /*
 118:..\..\..\..\..\..\Software\uC-LIB/lib_math.c **** ***************************************************************************************************
 119:..\..\..\..\..\..\Software\uC-LIB/lib_math.c **** *                                     LOCAL CONFIGURATION ERRORS
 120:..\..\..\..\..\..\Software\uC-LIB/lib_math.c **** ***************************************************************************************************
 121:..\..\..\..\..\..\Software\uC-LIB/lib_math.c **** */
 122:..\..\..\..\..\..\Software\uC-LIB/lib_math.c **** 
 123:..\..\..\..\..\..\Software\uC-LIB/lib_math.c **** 
 124:..\..\..\..\..\..\Software\uC-LIB/lib_math.c **** /*$PAGE*/
 125:..\..\..\..\..\..\Software\uC-LIB/lib_math.c **** /*
 126:..\..\..\..\..\..\Software\uC-LIB/lib_math.c **** ***************************************************************************************************
 127:..\..\..\..\..\..\Software\uC-LIB/lib_math.c **** *                                             Math_Init()
 128:..\..\..\..\..\..\Software\uC-LIB/lib_math.c **** *
 129:..\..\..\..\..\..\Software\uC-LIB/lib_math.c **** * Description : (1) Initialize Mathematic Module :
 130:..\..\..\..\..\..\Software\uC-LIB/lib_math.c **** *
 131:..\..\..\..\..\..\Software\uC-LIB/lib_math.c **** *                   (a) Initialize random number seed value
 132:..\..\..\..\..\..\Software\uC-LIB/lib_math.c **** *
 133:..\..\..\..\..\..\Software\uC-LIB/lib_math.c **** *
 134:..\..\..\..\..\..\Software\uC-LIB/lib_math.c **** * Argument(s) : none.
 135:..\..\..\..\..\..\Software\uC-LIB/lib_math.c **** *
 136:..\..\..\..\..\..\Software\uC-LIB/lib_math.c **** * Return(s)   : none.
 137:..\..\..\..\..\..\Software\uC-LIB/lib_math.c **** *
 138:..\..\..\..\..\..\Software\uC-LIB/lib_math.c **** * Caller(s)   : Application.
 139:..\..\..\..\..\..\Software\uC-LIB/lib_math.c **** *
 140:..\..\..\..\..\..\Software\uC-LIB/lib_math.c **** * Note(s)     : (2) IEEE Std 1003.1, 2004 Edition, Section 'rand() : DESCRIPTION' states that "if r
 141:..\..\..\..\..\..\Software\uC-LIB/lib_math.c **** *                   is called before any calls to srand() are made, the same sequence shall be gene
 142:..\..\..\..\..\..\Software\uC-LIB/lib_math.c **** *                   as when srand() is first called with a seed value of 1".
 143:..\..\..\..\..\..\Software\uC-LIB/lib_math.c **** ***************************************************************************************************
ARM GAS  C:\Users\EDULU~1.DES\AppData\Local\Temp\ccFUtiFx.s 			page 4


 144:..\..\..\..\..\..\Software\uC-LIB/lib_math.c **** */
 145:..\..\..\..\..\..\Software\uC-LIB/lib_math.c **** 
 146:..\..\..\..\..\..\Software\uC-LIB/lib_math.c **** void  Math_Init (void)
 147:..\..\..\..\..\..\Software\uC-LIB/lib_math.c **** {
  29              		.loc 1 147 0
  30              		.cfi_startproc
  31              		@ args = 0, pretend = 0, frame = 0
  32              		@ frame_needed = 1, uses_anonymous_args = 0
  33 0000 80B5     		push	{r7, lr}
  34              		.cfi_def_cfa_offset 8
  35              		.cfi_offset 7, -8
  36              		.cfi_offset 14, -4
  37 0002 00AF     		add	r7, sp, #0
  38              		.cfi_def_cfa_register 7
 148:..\..\..\..\..\..\Software\uC-LIB/lib_math.c ****     Math_RandSetSeed((RAND_NBR)RAND_SEED_INIT_VAL);             /* See Note #2.                    
  39              		.loc 1 148 0
  40 0004 0120     		movs	r0, #1
  41 0006 FFF7FEFF 		bl	Math_RandSetSeed
 149:..\..\..\..\..\..\Software\uC-LIB/lib_math.c **** }
  42              		.loc 1 149 0
  43 000a C046     		nop
  44 000c BD46     		mov	sp, r7
  45              		@ sp needed
  46 000e 80BD     		pop	{r7, pc}
  47              		.cfi_endproc
  48              	.LFE1:
  49              		.size	Math_Init, .-Math_Init
  50              		.section	.text.Math_RandSetSeed,"ax",%progbits
  51              		.align	2
  52              		.global	Math_RandSetSeed
  53              		.code	16
  54              		.thumb_func
  55              		.type	Math_RandSetSeed, %function
  56              	Math_RandSetSeed:
  57              	.LFB2:
 150:..\..\..\..\..\..\Software\uC-LIB/lib_math.c **** 
 151:..\..\..\..\..\..\Software\uC-LIB/lib_math.c **** 
 152:..\..\..\..\..\..\Software\uC-LIB/lib_math.c **** /*$PAGE*/
 153:..\..\..\..\..\..\Software\uC-LIB/lib_math.c **** /*
 154:..\..\..\..\..\..\Software\uC-LIB/lib_math.c **** ***************************************************************************************************
 155:..\..\..\..\..\..\Software\uC-LIB/lib_math.c **** *                                         Math_RandSetSeed()
 156:..\..\..\..\..\..\Software\uC-LIB/lib_math.c **** *
 157:..\..\..\..\..\..\Software\uC-LIB/lib_math.c **** * Description : Set the current pseudo-random number generator seed.
 158:..\..\..\..\..\..\Software\uC-LIB/lib_math.c **** *
 159:..\..\..\..\..\..\Software\uC-LIB/lib_math.c **** * Argument(s) : seed        Initial (or current) value to set for the pseudo-random number sequence
 160:..\..\..\..\..\..\Software\uC-LIB/lib_math.c **** *
 161:..\..\..\..\..\..\Software\uC-LIB/lib_math.c **** * Return(s)   : none.
 162:..\..\..\..\..\..\Software\uC-LIB/lib_math.c **** *
 163:..\..\..\..\..\..\Software\uC-LIB/lib_math.c **** * Caller(s)   : Application.
 164:..\..\..\..\..\..\Software\uC-LIB/lib_math.c **** *
 165:..\..\..\..\..\..\Software\uC-LIB/lib_math.c **** * Note(s)     : (1) IEEE Std 1003.1, 2004 Edition, Section 'rand() : DESCRIPTION' states that "sran
 166:..\..\..\..\..\..\Software\uC-LIB/lib_math.c **** *                   ... uses the argument as a seed for a new sequence of pseudo-random numbers to 
 167:..\..\..\..\..\..\Software\uC-LIB/lib_math.c **** *                   returned by subsequent calls to rand()".
 168:..\..\..\..\..\..\Software\uC-LIB/lib_math.c **** *
 169:..\..\..\..\..\..\Software\uC-LIB/lib_math.c **** *               (2) 'Math_RandSeedCur' MUST always be accessed exclusively in critical sections.
 170:..\..\..\..\..\..\Software\uC-LIB/lib_math.c **** *
 171:..\..\..\..\..\..\Software\uC-LIB/lib_math.c **** *                   See also 'Math_Rand()  Note #1b'.
ARM GAS  C:\Users\EDULU~1.DES\AppData\Local\Temp\ccFUtiFx.s 			page 5


 172:..\..\..\..\..\..\Software\uC-LIB/lib_math.c **** ***************************************************************************************************
 173:..\..\..\..\..\..\Software\uC-LIB/lib_math.c **** */
 174:..\..\..\..\..\..\Software\uC-LIB/lib_math.c **** 
 175:..\..\..\..\..\..\Software\uC-LIB/lib_math.c **** void  Math_RandSetSeed (RAND_NBR  seed)
 176:..\..\..\..\..\..\Software\uC-LIB/lib_math.c **** {
  58              		.loc 1 176 0
  59              		.cfi_startproc
  60              		@ args = 0, pretend = 0, frame = 16
  61              		@ frame_needed = 1, uses_anonymous_args = 0
  62 0000 80B5     		push	{r7, lr}
  63              		.cfi_def_cfa_offset 8
  64              		.cfi_offset 7, -8
  65              		.cfi_offset 14, -4
  66 0002 84B0     		sub	sp, sp, #16
  67              		.cfi_def_cfa_offset 24
  68 0004 00AF     		add	r7, sp, #0
  69              		.cfi_def_cfa_register 7
  70 0006 7860     		str	r0, [r7, #4]
 177:..\..\..\..\..\..\Software\uC-LIB/lib_math.c ****     CPU_SR_ALLOC();
  71              		.loc 1 177 0
  72 0008 0023     		movs	r3, #0
  73 000a FB60     		str	r3, [r7, #12]
 178:..\..\..\..\..\..\Software\uC-LIB/lib_math.c **** 
 179:..\..\..\..\..\..\Software\uC-LIB/lib_math.c **** 
 180:..\..\..\..\..\..\Software\uC-LIB/lib_math.c ****     CPU_CRITICAL_ENTER();
  74              		.loc 1 180 0
  75 000c FFF7FEFF 		bl	CPU_SR_Save
  76 0010 0300     		movs	r3, r0
  77 0012 FB60     		str	r3, [r7, #12]
  78 0014 FFF7FEFF 		bl	CPU_IntDisMeasStart
 181:..\..\..\..\..\..\Software\uC-LIB/lib_math.c ****     Math_RandSeedCur = seed;
  79              		.loc 1 181 0
  80 0018 064B     		ldr	r3, .L3
  81 001a 7A68     		ldr	r2, [r7, #4]
  82 001c 1A60     		str	r2, [r3]
 182:..\..\..\..\..\..\Software\uC-LIB/lib_math.c ****     CPU_CRITICAL_EXIT();
  83              		.loc 1 182 0
  84 001e FFF7FEFF 		bl	CPU_IntDisMeasStop
  85 0022 FB68     		ldr	r3, [r7, #12]
  86 0024 1800     		movs	r0, r3
  87 0026 FFF7FEFF 		bl	CPU_SR_Restore
 183:..\..\..\..\..\..\Software\uC-LIB/lib_math.c **** }
  88              		.loc 1 183 0
  89 002a C046     		nop
  90 002c BD46     		mov	sp, r7
  91 002e 04B0     		add	sp, sp, #16
  92              		@ sp needed
  93 0030 80BD     		pop	{r7, pc}
  94              	.L4:
  95 0032 C046     		.align	2
  96              	.L3:
  97 0034 00000000 		.word	Math_RandSeedCur
  98              		.cfi_endproc
  99              	.LFE2:
 100              		.size	Math_RandSetSeed, .-Math_RandSetSeed
 101              		.section	.text.Math_Rand,"ax",%progbits
 102              		.align	2
ARM GAS  C:\Users\EDULU~1.DES\AppData\Local\Temp\ccFUtiFx.s 			page 6


 103              		.global	Math_Rand
 104              		.code	16
 105              		.thumb_func
 106              		.type	Math_Rand, %function
 107              	Math_Rand:
 108              	.LFB3:
 184:..\..\..\..\..\..\Software\uC-LIB/lib_math.c **** 
 185:..\..\..\..\..\..\Software\uC-LIB/lib_math.c **** 
 186:..\..\..\..\..\..\Software\uC-LIB/lib_math.c **** /*$PAGE*/
 187:..\..\..\..\..\..\Software\uC-LIB/lib_math.c **** /*
 188:..\..\..\..\..\..\Software\uC-LIB/lib_math.c **** ***************************************************************************************************
 189:..\..\..\..\..\..\Software\uC-LIB/lib_math.c **** *                                             Math_Rand()
 190:..\..\..\..\..\..\Software\uC-LIB/lib_math.c **** *
 191:..\..\..\..\..\..\Software\uC-LIB/lib_math.c **** * Description : Calculate the next pseudo-random number.
 192:..\..\..\..\..\..\Software\uC-LIB/lib_math.c **** *
 193:..\..\..\..\..\..\Software\uC-LIB/lib_math.c **** * Argument(s) : none.
 194:..\..\..\..\..\..\Software\uC-LIB/lib_math.c **** *
 195:..\..\..\..\..\..\Software\uC-LIB/lib_math.c **** * Return(s)   : Next pseudo-random number in the sequence after 'Math_RandSeedCur'.
 196:..\..\..\..\..\..\Software\uC-LIB/lib_math.c **** *
 197:..\..\..\..\..\..\Software\uC-LIB/lib_math.c **** * Caller(s)   : Application.
 198:..\..\..\..\..\..\Software\uC-LIB/lib_math.c **** *
 199:..\..\..\..\..\..\Software\uC-LIB/lib_math.c **** * Note(s)     : (1) (a) The pseudo-random number generator is implemented as a Linear Congruential 
 200:..\..\..\..\..\..\Software\uC-LIB/lib_math.c **** *                       Generator (LCG).
 201:..\..\..\..\..\..\Software\uC-LIB/lib_math.c **** *
 202:..\..\..\..\..\..\Software\uC-LIB/lib_math.c **** *                   (b) The pseudo-random number generated is in the range [0, RAND_LCG_PARAM_M].
 203:..\..\..\..\..\..\Software\uC-LIB/lib_math.c **** *
 204:..\..\..\..\..\..\Software\uC-LIB/lib_math.c **** *                   See also 'Math_RandSeed()  Note #1'.
 205:..\..\..\..\..\..\Software\uC-LIB/lib_math.c **** *
 206:..\..\..\..\..\..\Software\uC-LIB/lib_math.c **** *               (2) (a) IEEE Std 1003.1, 2004 Edition, Section 'rand() : DESCRIPTION' states that "
 207:..\..\..\..\..\..\Software\uC-LIB/lib_math.c **** *                       ... need not be reentrant ... [and] is not required to be thread-safe".
 208:..\..\..\..\..\..\Software\uC-LIB/lib_math.c **** *
 209:..\..\..\..\..\..\Software\uC-LIB/lib_math.c **** *                   (b) However, in order to implement Math_Rand() as re-entrant; 'Math_RandSeedCur
 210:..\..\..\..\..\..\Software\uC-LIB/lib_math.c **** *                       always be accessed & updated exclusively in critical sections.
 211:..\..\..\..\..\..\Software\uC-LIB/lib_math.c **** *
 212:..\..\..\..\..\..\Software\uC-LIB/lib_math.c **** *                   See also 'Math_RandSeed()  Note #2'.
 213:..\..\..\..\..\..\Software\uC-LIB/lib_math.c **** ***************************************************************************************************
 214:..\..\..\..\..\..\Software\uC-LIB/lib_math.c **** */
 215:..\..\..\..\..\..\Software\uC-LIB/lib_math.c **** 
 216:..\..\..\..\..\..\Software\uC-LIB/lib_math.c **** RAND_NBR  Math_Rand (void)
 217:..\..\..\..\..\..\Software\uC-LIB/lib_math.c **** {
 109              		.loc 1 217 0
 110              		.cfi_startproc
 111              		@ args = 0, pretend = 0, frame = 16
 112              		@ frame_needed = 1, uses_anonymous_args = 0
 113 0000 80B5     		push	{r7, lr}
 114              		.cfi_def_cfa_offset 8
 115              		.cfi_offset 7, -8
 116              		.cfi_offset 14, -4
 117 0002 84B0     		sub	sp, sp, #16
 118              		.cfi_def_cfa_offset 24
 119 0004 00AF     		add	r7, sp, #0
 120              		.cfi_def_cfa_register 7
 218:..\..\..\..\..\..\Software\uC-LIB/lib_math.c ****     RAND_NBR  seed;
 219:..\..\..\..\..\..\Software\uC-LIB/lib_math.c ****     RAND_NBR  rand_nbr;
 220:..\..\..\..\..\..\Software\uC-LIB/lib_math.c ****     CPU_SR_ALLOC();
 121              		.loc 1 220 0
 122 0006 0023     		movs	r3, #0
ARM GAS  C:\Users\EDULU~1.DES\AppData\Local\Temp\ccFUtiFx.s 			page 7


 123 0008 FB60     		str	r3, [r7, #12]
 221:..\..\..\..\..\..\Software\uC-LIB/lib_math.c **** 
 222:..\..\..\..\..\..\Software\uC-LIB/lib_math.c **** 
 223:..\..\..\..\..\..\Software\uC-LIB/lib_math.c ****     CPU_CRITICAL_ENTER();
 124              		.loc 1 223 0
 125 000a FFF7FEFF 		bl	CPU_SR_Save
 126 000e 0300     		movs	r3, r0
 127 0010 FB60     		str	r3, [r7, #12]
 128 0012 FFF7FEFF 		bl	CPU_IntDisMeasStart
 224:..\..\..\..\..\..\Software\uC-LIB/lib_math.c ****     seed             = Math_RandSeedCur;
 129              		.loc 1 224 0
 130 0016 0B4B     		ldr	r3, .L7
 131 0018 1B68     		ldr	r3, [r3]
 132 001a BB60     		str	r3, [r7, #8]
 225:..\..\..\..\..\..\Software\uC-LIB/lib_math.c ****     rand_nbr         = Math_RandSeed(seed);
 133              		.loc 1 225 0
 134 001c BB68     		ldr	r3, [r7, #8]
 135 001e 1800     		movs	r0, r3
 136 0020 FFF7FEFF 		bl	Math_RandSeed
 137 0024 0300     		movs	r3, r0
 138 0026 7B60     		str	r3, [r7, #4]
 226:..\..\..\..\..\..\Software\uC-LIB/lib_math.c ****     Math_RandSeedCur = rand_nbr;
 139              		.loc 1 226 0
 140 0028 064B     		ldr	r3, .L7
 141 002a 7A68     		ldr	r2, [r7, #4]
 142 002c 1A60     		str	r2, [r3]
 227:..\..\..\..\..\..\Software\uC-LIB/lib_math.c ****     CPU_CRITICAL_EXIT();
 143              		.loc 1 227 0
 144 002e FFF7FEFF 		bl	CPU_IntDisMeasStop
 145 0032 FB68     		ldr	r3, [r7, #12]
 146 0034 1800     		movs	r0, r3
 147 0036 FFF7FEFF 		bl	CPU_SR_Restore
 228:..\..\..\..\..\..\Software\uC-LIB/lib_math.c **** 
 229:..\..\..\..\..\..\Software\uC-LIB/lib_math.c ****     return (rand_nbr);
 148              		.loc 1 229 0
 149 003a 7B68     		ldr	r3, [r7, #4]
 230:..\..\..\..\..\..\Software\uC-LIB/lib_math.c **** }
 150              		.loc 1 230 0
 151 003c 1800     		movs	r0, r3
 152 003e BD46     		mov	sp, r7
 153 0040 04B0     		add	sp, sp, #16
 154              		@ sp needed
 155 0042 80BD     		pop	{r7, pc}
 156              	.L8:
 157              		.align	2
 158              	.L7:
 159 0044 00000000 		.word	Math_RandSeedCur
 160              		.cfi_endproc
 161              	.LFE3:
 162              		.size	Math_Rand, .-Math_Rand
 163              		.section	.text.Math_RandSeed,"ax",%progbits
 164              		.align	2
 165              		.global	Math_RandSeed
 166              		.code	16
 167              		.thumb_func
 168              		.type	Math_RandSeed, %function
 169              	Math_RandSeed:
ARM GAS  C:\Users\EDULU~1.DES\AppData\Local\Temp\ccFUtiFx.s 			page 8


 170              	.LFB4:
 231:..\..\..\..\..\..\Software\uC-LIB/lib_math.c **** 
 232:..\..\..\..\..\..\Software\uC-LIB/lib_math.c **** 
 233:..\..\..\..\..\..\Software\uC-LIB/lib_math.c **** /*$PAGE*/
 234:..\..\..\..\..\..\Software\uC-LIB/lib_math.c **** /*
 235:..\..\..\..\..\..\Software\uC-LIB/lib_math.c **** ***************************************************************************************************
 236:..\..\..\..\..\..\Software\uC-LIB/lib_math.c **** *                                           Math_RandSeed()
 237:..\..\..\..\..\..\Software\uC-LIB/lib_math.c **** *
 238:..\..\..\..\..\..\Software\uC-LIB/lib_math.c **** * Description : Calculate the next pseudo-random number.
 239:..\..\..\..\..\..\Software\uC-LIB/lib_math.c **** *
 240:..\..\..\..\..\..\Software\uC-LIB/lib_math.c **** * Argument(s) : seed        Initial (or current) value for the pseudo-random number sequence.
 241:..\..\..\..\..\..\Software\uC-LIB/lib_math.c **** *
 242:..\..\..\..\..\..\Software\uC-LIB/lib_math.c **** * Return(s)   : Next pseudo-random number in the sequence after 'seed'.
 243:..\..\..\..\..\..\Software\uC-LIB/lib_math.c **** *
 244:..\..\..\..\..\..\Software\uC-LIB/lib_math.c **** * Caller(s)   : Math_Rand(),
 245:..\..\..\..\..\..\Software\uC-LIB/lib_math.c **** *               Application.
 246:..\..\..\..\..\..\Software\uC-LIB/lib_math.c **** *
 247:..\..\..\..\..\..\Software\uC-LIB/lib_math.c **** * Note(s)     : (1) (a) BSD/ANSI-C implements rand() as a Linear Congruential Generator (LCG) :
 248:..\..\..\..\..\..\Software\uC-LIB/lib_math.c **** *
 249:..\..\..\..\..\..\Software\uC-LIB/lib_math.c **** *                       (A) random_number       =  [(a * random_number ) + b]  modulo m
 250:..\..\..\..\..\..\Software\uC-LIB/lib_math.c **** *                                        n + 1                        n
 251:..\..\..\..\..\..\Software\uC-LIB/lib_math.c **** *
 252:..\..\..\..\..\..\Software\uC-LIB/lib_math.c **** *                               where
 253:..\..\..\..\..\..\Software\uC-LIB/lib_math.c **** *                                       (1) (a) random_number           Next     random number to g
 254:..\..\..\..\..\..\Software\uC-LIB/lib_math.c **** *                                                            n+1
 255:..\..\..\..\..\..\Software\uC-LIB/lib_math.c **** *                                           (b) random_number           Previous random number    g
 256:..\..\..\..\..\..\Software\uC-LIB/lib_math.c **** *                                                            n
 257:..\..\..\..\..\..\Software\uC-LIB/lib_math.c **** *
 258:..\..\..\..\..\..\Software\uC-LIB/lib_math.c **** *                                       (2) a = RAND_LCG_PARAM_A        LCG multiplier
 259:..\..\..\..\..\..\Software\uC-LIB/lib_math.c **** *                                       (3) b = RAND_LCG_PARAM_B        LCG incrementor
 260:..\..\..\..\..\..\Software\uC-LIB/lib_math.c **** *                                       (4) m = RAND_LCG_PARAM_M + 1    LCG modulus
 261:..\..\..\..\..\..\Software\uC-LIB/lib_math.c **** *
 262:..\..\..\..\..\..\Software\uC-LIB/lib_math.c **** *                   (b) The pseudo-random number generated is in the range [0, RAND_LCG_PARAM_M].
 263:..\..\..\..\..\..\Software\uC-LIB/lib_math.c **** *
 264:..\..\..\..\..\..\Software\uC-LIB/lib_math.c ****                     See also 'lib_math.h  RANDOM NUMBER DEFINES  Note #1b'.
 265:..\..\..\..\..\..\Software\uC-LIB/lib_math.c **** *
 266:..\..\..\..\..\..\Software\uC-LIB/lib_math.c **** *               (2) (a) IEEE Std 1003.1, 2004 Edition, Section 'rand() : DESCRIPTION' states that "
 267:..\..\..\..\..\..\Software\uC-LIB/lib_math.c **** *                       ... need not be reentrant ... [and] is not required to be thread-safe".
 268:..\..\..\..\..\..\Software\uC-LIB/lib_math.c **** *
 269:..\..\..\..\..\..\Software\uC-LIB/lib_math.c **** *                   (b) However, Math_RandSeed() is re-entrant since it calculates the next random 
 270:..\..\..\..\..\..\Software\uC-LIB/lib_math.c **** *                       using ONLY local variables.
 271:..\..\..\..\..\..\Software\uC-LIB/lib_math.c **** ***************************************************************************************************
 272:..\..\..\..\..\..\Software\uC-LIB/lib_math.c **** */
 273:..\..\..\..\..\..\Software\uC-LIB/lib_math.c **** 
 274:..\..\..\..\..\..\Software\uC-LIB/lib_math.c **** RAND_NBR  Math_RandSeed (RAND_NBR  seed)
 275:..\..\..\..\..\..\Software\uC-LIB/lib_math.c **** {
 171              		.loc 1 275 0
 172              		.cfi_startproc
 173              		@ args = 0, pretend = 0, frame = 16
 174              		@ frame_needed = 1, uses_anonymous_args = 0
 175 0000 80B5     		push	{r7, lr}
 176              		.cfi_def_cfa_offset 8
 177              		.cfi_offset 7, -8
 178              		.cfi_offset 14, -4
 179 0002 84B0     		sub	sp, sp, #16
 180              		.cfi_def_cfa_offset 24
 181 0004 00AF     		add	r7, sp, #0
ARM GAS  C:\Users\EDULU~1.DES\AppData\Local\Temp\ccFUtiFx.s 			page 9


 182              		.cfi_def_cfa_register 7
 183 0006 7860     		str	r0, [r7, #4]
 276:..\..\..\..\..\..\Software\uC-LIB/lib_math.c ****     RAND_NBR  rand_nbr;
 277:..\..\..\..\..\..\Software\uC-LIB/lib_math.c **** 
 278:..\..\..\..\..\..\Software\uC-LIB/lib_math.c **** 
 279:..\..\..\..\..\..\Software\uC-LIB/lib_math.c ****     rand_nbr = (((RAND_NBR)RAND_LCG_PARAM_A * seed) + (RAND_NBR)RAND_LCG_PARAM_B)  %  ((RAND_NBR)RA
 184              		.loc 1 279 0
 185 0008 7B68     		ldr	r3, [r7, #4]
 186 000a 064A     		ldr	r2, .L11
 187 000c 5343     		muls	r3, r2
 188 000e 064A     		ldr	r2, .L11+4
 189 0010 9446     		mov	ip, r2
 190 0012 6344     		add	r3, r3, ip
 191 0014 5B00     		lsls	r3, r3, #1
 192 0016 5B08     		lsrs	r3, r3, #1
 193 0018 FB60     		str	r3, [r7, #12]
 280:..\..\..\..\..\..\Software\uC-LIB/lib_math.c **** 
 281:..\..\..\..\..\..\Software\uC-LIB/lib_math.c ****     return (rand_nbr);
 194              		.loc 1 281 0
 195 001a FB68     		ldr	r3, [r7, #12]
 282:..\..\..\..\..\..\Software\uC-LIB/lib_math.c **** }
 196              		.loc 1 282 0
 197 001c 1800     		movs	r0, r3
 198 001e BD46     		mov	sp, r7
 199 0020 04B0     		add	sp, sp, #16
 200              		@ sp needed
 201 0022 80BD     		pop	{r7, pc}
 202              	.L12:
 203              		.align	2
 204              	.L11:
 205 0024 6D4EC641 		.word	1103515245
 206 0028 39300000 		.word	12345
 207              		.cfi_endproc
 208              	.LFE4:
 209              		.size	Math_RandSeed, .-Math_RandSeed
 210              		.text
 211              	.Letext0:
 212              		.file 2 "..\\..\\..\\..\\..\\..\\Software\\uC-CPU\\ARM-Cortex-M0\\GNU/cpu.h"
 213              		.file 3 "..\\..\\..\\..\\..\\..\\Software\\uC-LIB/lib_math.h"
 214              		.section	.debug_info,"",%progbits
 215              	.Ldebug_info0:
 216 0000 7E010000 		.4byte	0x17e
 217 0004 0400     		.2byte	0x4
 218 0006 00000000 		.4byte	.Ldebug_abbrev0
 219 000a 04       		.byte	0x4
 220 000b 01       		.uleb128 0x1
 221 000c A4010000 		.4byte	.LASF22
 222 0010 0C       		.byte	0xc
 223 0011 E5000000 		.4byte	.LASF23
 224 0015 0E000000 		.4byte	.LASF24
 225 0019 00000000 		.4byte	.Ldebug_ranges0+0
 226 001d 00000000 		.4byte	0
 227 0021 00000000 		.4byte	.Ldebug_line0
 228 0025 02       		.uleb128 0x2
 229 0026 01       		.byte	0x1
 230 0027 08       		.byte	0x8
 231 0028 12010000 		.4byte	.LASF0
ARM GAS  C:\Users\EDULU~1.DES\AppData\Local\Temp\ccFUtiFx.s 			page 10


 232 002c 02       		.uleb128 0x2
 233 002d 01       		.byte	0x1
 234 002e 08       		.byte	0x8
 235 002f 87000000 		.4byte	.LASF1
 236 0033 02       		.uleb128 0x2
 237 0034 01       		.byte	0x1
 238 0035 06       		.byte	0x6
 239 0036 61010000 		.4byte	.LASF2
 240 003a 02       		.uleb128 0x2
 241 003b 02       		.byte	0x2
 242 003c 07       		.byte	0x7
 243 003d 4E010000 		.4byte	.LASF3
 244 0041 02       		.uleb128 0x2
 245 0042 02       		.byte	0x2
 246 0043 05       		.byte	0x5
 247 0044 9A010000 		.4byte	.LASF4
 248 0048 03       		.uleb128 0x3
 249 0049 7C000000 		.4byte	.LASF10
 250 004d 02       		.byte	0x2
 251 004e 82       		.byte	0x82
 252 004f 53000000 		.4byte	0x53
 253 0053 02       		.uleb128 0x2
 254 0054 04       		.byte	0x4
 255 0055 07       		.byte	0x7
 256 0056 32020000 		.4byte	.LASF5
 257 005a 04       		.uleb128 0x4
 258 005b 04       		.byte	0x4
 259 005c 05       		.byte	0x5
 260 005d 696E7400 		.ascii	"int\000"
 261 0061 02       		.uleb128 0x2
 262 0062 08       		.byte	0x8
 263 0063 07       		.byte	0x7
 264 0064 BE000000 		.4byte	.LASF6
 265 0068 02       		.uleb128 0x2
 266 0069 08       		.byte	0x8
 267 006a 05       		.byte	0x5
 268 006b 00000000 		.4byte	.LASF7
 269 006f 02       		.uleb128 0x2
 270 0070 04       		.byte	0x4
 271 0071 04       		.byte	0x4
 272 0072 DF000000 		.4byte	.LASF8
 273 0076 02       		.uleb128 0x2
 274 0077 08       		.byte	0x8
 275 0078 04       		.byte	0x4
 276 0079 3D010000 		.4byte	.LASF9
 277 007d 05       		.uleb128 0x5
 278 007e 76010000 		.4byte	.LASF11
 279 0082 02       		.byte	0x2
 280 0083 3301     		.2byte	0x133
 281 0085 48000000 		.4byte	0x48
 282 0089 02       		.uleb128 0x2
 283 008a 04       		.byte	0x4
 284 008b 05       		.byte	0x5
 285 008c 1E010000 		.4byte	.LASF12
 286 0090 02       		.uleb128 0x2
 287 0091 04       		.byte	0x4
 288 0092 07       		.byte	0x7
ARM GAS  C:\Users\EDULU~1.DES\AppData\Local\Temp\ccFUtiFx.s 			page 11


 289 0093 AC000000 		.4byte	.LASF13
 290 0097 02       		.uleb128 0x2
 291 0098 08       		.byte	0x8
 292 0099 04       		.byte	0x4
 293 009a 7D010000 		.4byte	.LASF14
 294 009e 02       		.uleb128 0x2
 295 009f 04       		.byte	0x4
 296 00a0 07       		.byte	0x7
 297 00a1 3F020000 		.4byte	.LASF15
 298 00a5 03       		.uleb128 0x3
 299 00a6 6D010000 		.4byte	.LASF16
 300 00aa 03       		.byte	0x3
 301 00ab BB       		.byte	0xbb
 302 00ac 48000000 		.4byte	0x48
 303 00b0 06       		.uleb128 0x6
 304 00b1 44010000 		.4byte	.LASF25
 305 00b5 01       		.byte	0x1
 306 00b6 92       		.byte	0x92
 307 00b7 00000000 		.4byte	.LFB1
 308 00bb 10000000 		.4byte	.LFE1-.LFB1
 309 00bf 01       		.uleb128 0x1
 310 00c0 9C       		.byte	0x9c
 311 00c1 07       		.uleb128 0x7
 312 00c2 27010000 		.4byte	.LASF26
 313 00c6 01       		.byte	0x1
 314 00c7 AF       		.byte	0xaf
 315 00c8 00000000 		.4byte	.LFB2
 316 00cc 38000000 		.4byte	.LFE2-.LFB2
 317 00d0 01       		.uleb128 0x1
 318 00d1 9C       		.byte	0x9c
 319 00d2 F3000000 		.4byte	0xf3
 320 00d6 08       		.uleb128 0x8
 321 00d7 38010000 		.4byte	.LASF18
 322 00db 01       		.byte	0x1
 323 00dc AF       		.byte	0xaf
 324 00dd A5000000 		.4byte	0xa5
 325 00e1 02       		.uleb128 0x2
 326 00e2 91       		.byte	0x91
 327 00e3 6C       		.sleb128 -20
 328 00e4 09       		.uleb128 0x9
 329 00e5 17010000 		.4byte	.LASF17
 330 00e9 01       		.byte	0x1
 331 00ea B1       		.byte	0xb1
 332 00eb 7D000000 		.4byte	0x7d
 333 00ef 02       		.uleb128 0x2
 334 00f0 91       		.byte	0x91
 335 00f1 74       		.sleb128 -12
 336 00f2 00       		.byte	0
 337 00f3 0A       		.uleb128 0xa
 338 00f4 D5000000 		.4byte	.LASF20
 339 00f8 01       		.byte	0x1
 340 00f9 D8       		.byte	0xd8
 341 00fa A5000000 		.4byte	0xa5
 342 00fe 00000000 		.4byte	.LFB3
 343 0102 48000000 		.4byte	.LFE3-.LFB3
 344 0106 01       		.uleb128 0x1
 345 0107 9C       		.byte	0x9c
ARM GAS  C:\Users\EDULU~1.DES\AppData\Local\Temp\ccFUtiFx.s 			page 12


 346 0108 37010000 		.4byte	0x137
 347 010c 09       		.uleb128 0x9
 348 010d 38010000 		.4byte	.LASF18
 349 0111 01       		.byte	0x1
 350 0112 DA       		.byte	0xda
 351 0113 A5000000 		.4byte	0xa5
 352 0117 02       		.uleb128 0x2
 353 0118 91       		.byte	0x91
 354 0119 70       		.sleb128 -16
 355 011a 09       		.uleb128 0x9
 356 011b A3000000 		.4byte	.LASF19
 357 011f 01       		.byte	0x1
 358 0120 DB       		.byte	0xdb
 359 0121 A5000000 		.4byte	0xa5
 360 0125 02       		.uleb128 0x2
 361 0126 91       		.byte	0x91
 362 0127 6C       		.sleb128 -20
 363 0128 09       		.uleb128 0x9
 364 0129 17010000 		.4byte	.LASF17
 365 012d 01       		.byte	0x1
 366 012e DC       		.byte	0xdc
 367 012f 7D000000 		.4byte	0x7d
 368 0133 02       		.uleb128 0x2
 369 0134 91       		.byte	0x91
 370 0135 74       		.sleb128 -12
 371 0136 00       		.byte	0
 372 0137 0B       		.uleb128 0xb
 373 0138 95000000 		.4byte	.LASF21
 374 013c 01       		.byte	0x1
 375 013d 1201     		.2byte	0x112
 376 013f A5000000 		.4byte	0xa5
 377 0143 00000000 		.4byte	.LFB4
 378 0147 2C000000 		.4byte	.LFE4-.LFB4
 379 014b 01       		.uleb128 0x1
 380 014c 9C       		.byte	0x9c
 381 014d 70010000 		.4byte	0x170
 382 0151 0C       		.uleb128 0xc
 383 0152 38010000 		.4byte	.LASF18
 384 0156 01       		.byte	0x1
 385 0157 1201     		.2byte	0x112
 386 0159 A5000000 		.4byte	0xa5
 387 015d 02       		.uleb128 0x2
 388 015e 91       		.byte	0x91
 389 015f 6C       		.sleb128 -20
 390 0160 0D       		.uleb128 0xd
 391 0161 A3000000 		.4byte	.LASF19
 392 0165 01       		.byte	0x1
 393 0166 1401     		.2byte	0x114
 394 0168 A5000000 		.4byte	0xa5
 395 016c 02       		.uleb128 0x2
 396 016d 91       		.byte	0x91
 397 016e 74       		.sleb128 -12
 398 016f 00       		.byte	0
 399 0170 0E       		.uleb128 0xe
 400 0171 89010000 		.4byte	.LASF27
 401 0175 01       		.byte	0x1
 402 0176 6B       		.byte	0x6b
ARM GAS  C:\Users\EDULU~1.DES\AppData\Local\Temp\ccFUtiFx.s 			page 13


 403 0177 A5000000 		.4byte	0xa5
 404 017b 05       		.uleb128 0x5
 405 017c 03       		.byte	0x3
 406 017d 00000000 		.4byte	Math_RandSeedCur
 407 0181 00       		.byte	0
 408              		.section	.debug_abbrev,"",%progbits
 409              	.Ldebug_abbrev0:
 410 0000 01       		.uleb128 0x1
 411 0001 11       		.uleb128 0x11
 412 0002 01       		.byte	0x1
 413 0003 25       		.uleb128 0x25
 414 0004 0E       		.uleb128 0xe
 415 0005 13       		.uleb128 0x13
 416 0006 0B       		.uleb128 0xb
 417 0007 03       		.uleb128 0x3
 418 0008 0E       		.uleb128 0xe
 419 0009 1B       		.uleb128 0x1b
 420 000a 0E       		.uleb128 0xe
 421 000b 55       		.uleb128 0x55
 422 000c 17       		.uleb128 0x17
 423 000d 11       		.uleb128 0x11
 424 000e 01       		.uleb128 0x1
 425 000f 10       		.uleb128 0x10
 426 0010 17       		.uleb128 0x17
 427 0011 00       		.byte	0
 428 0012 00       		.byte	0
 429 0013 02       		.uleb128 0x2
 430 0014 24       		.uleb128 0x24
 431 0015 00       		.byte	0
 432 0016 0B       		.uleb128 0xb
 433 0017 0B       		.uleb128 0xb
 434 0018 3E       		.uleb128 0x3e
 435 0019 0B       		.uleb128 0xb
 436 001a 03       		.uleb128 0x3
 437 001b 0E       		.uleb128 0xe
 438 001c 00       		.byte	0
 439 001d 00       		.byte	0
 440 001e 03       		.uleb128 0x3
 441 001f 16       		.uleb128 0x16
 442 0020 00       		.byte	0
 443 0021 03       		.uleb128 0x3
 444 0022 0E       		.uleb128 0xe
 445 0023 3A       		.uleb128 0x3a
 446 0024 0B       		.uleb128 0xb
 447 0025 3B       		.uleb128 0x3b
 448 0026 0B       		.uleb128 0xb
 449 0027 49       		.uleb128 0x49
 450 0028 13       		.uleb128 0x13
 451 0029 00       		.byte	0
 452 002a 00       		.byte	0
 453 002b 04       		.uleb128 0x4
 454 002c 24       		.uleb128 0x24
 455 002d 00       		.byte	0
 456 002e 0B       		.uleb128 0xb
 457 002f 0B       		.uleb128 0xb
 458 0030 3E       		.uleb128 0x3e
 459 0031 0B       		.uleb128 0xb
ARM GAS  C:\Users\EDULU~1.DES\AppData\Local\Temp\ccFUtiFx.s 			page 14


 460 0032 03       		.uleb128 0x3
 461 0033 08       		.uleb128 0x8
 462 0034 00       		.byte	0
 463 0035 00       		.byte	0
 464 0036 05       		.uleb128 0x5
 465 0037 16       		.uleb128 0x16
 466 0038 00       		.byte	0
 467 0039 03       		.uleb128 0x3
 468 003a 0E       		.uleb128 0xe
 469 003b 3A       		.uleb128 0x3a
 470 003c 0B       		.uleb128 0xb
 471 003d 3B       		.uleb128 0x3b
 472 003e 05       		.uleb128 0x5
 473 003f 49       		.uleb128 0x49
 474 0040 13       		.uleb128 0x13
 475 0041 00       		.byte	0
 476 0042 00       		.byte	0
 477 0043 06       		.uleb128 0x6
 478 0044 2E       		.uleb128 0x2e
 479 0045 00       		.byte	0
 480 0046 3F       		.uleb128 0x3f
 481 0047 19       		.uleb128 0x19
 482 0048 03       		.uleb128 0x3
 483 0049 0E       		.uleb128 0xe
 484 004a 3A       		.uleb128 0x3a
 485 004b 0B       		.uleb128 0xb
 486 004c 3B       		.uleb128 0x3b
 487 004d 0B       		.uleb128 0xb
 488 004e 27       		.uleb128 0x27
 489 004f 19       		.uleb128 0x19
 490 0050 11       		.uleb128 0x11
 491 0051 01       		.uleb128 0x1
 492 0052 12       		.uleb128 0x12
 493 0053 06       		.uleb128 0x6
 494 0054 40       		.uleb128 0x40
 495 0055 18       		.uleb128 0x18
 496 0056 9642     		.uleb128 0x2116
 497 0058 19       		.uleb128 0x19
 498 0059 00       		.byte	0
 499 005a 00       		.byte	0
 500 005b 07       		.uleb128 0x7
 501 005c 2E       		.uleb128 0x2e
 502 005d 01       		.byte	0x1
 503 005e 3F       		.uleb128 0x3f
 504 005f 19       		.uleb128 0x19
 505 0060 03       		.uleb128 0x3
 506 0061 0E       		.uleb128 0xe
 507 0062 3A       		.uleb128 0x3a
 508 0063 0B       		.uleb128 0xb
 509 0064 3B       		.uleb128 0x3b
 510 0065 0B       		.uleb128 0xb
 511 0066 27       		.uleb128 0x27
 512 0067 19       		.uleb128 0x19
 513 0068 11       		.uleb128 0x11
 514 0069 01       		.uleb128 0x1
 515 006a 12       		.uleb128 0x12
 516 006b 06       		.uleb128 0x6
ARM GAS  C:\Users\EDULU~1.DES\AppData\Local\Temp\ccFUtiFx.s 			page 15


 517 006c 40       		.uleb128 0x40
 518 006d 18       		.uleb128 0x18
 519 006e 9642     		.uleb128 0x2116
 520 0070 19       		.uleb128 0x19
 521 0071 01       		.uleb128 0x1
 522 0072 13       		.uleb128 0x13
 523 0073 00       		.byte	0
 524 0074 00       		.byte	0
 525 0075 08       		.uleb128 0x8
 526 0076 05       		.uleb128 0x5
 527 0077 00       		.byte	0
 528 0078 03       		.uleb128 0x3
 529 0079 0E       		.uleb128 0xe
 530 007a 3A       		.uleb128 0x3a
 531 007b 0B       		.uleb128 0xb
 532 007c 3B       		.uleb128 0x3b
 533 007d 0B       		.uleb128 0xb
 534 007e 49       		.uleb128 0x49
 535 007f 13       		.uleb128 0x13
 536 0080 02       		.uleb128 0x2
 537 0081 18       		.uleb128 0x18
 538 0082 00       		.byte	0
 539 0083 00       		.byte	0
 540 0084 09       		.uleb128 0x9
 541 0085 34       		.uleb128 0x34
 542 0086 00       		.byte	0
 543 0087 03       		.uleb128 0x3
 544 0088 0E       		.uleb128 0xe
 545 0089 3A       		.uleb128 0x3a
 546 008a 0B       		.uleb128 0xb
 547 008b 3B       		.uleb128 0x3b
 548 008c 0B       		.uleb128 0xb
 549 008d 49       		.uleb128 0x49
 550 008e 13       		.uleb128 0x13
 551 008f 02       		.uleb128 0x2
 552 0090 18       		.uleb128 0x18
 553 0091 00       		.byte	0
 554 0092 00       		.byte	0
 555 0093 0A       		.uleb128 0xa
 556 0094 2E       		.uleb128 0x2e
 557 0095 01       		.byte	0x1
 558 0096 3F       		.uleb128 0x3f
 559 0097 19       		.uleb128 0x19
 560 0098 03       		.uleb128 0x3
 561 0099 0E       		.uleb128 0xe
 562 009a 3A       		.uleb128 0x3a
 563 009b 0B       		.uleb128 0xb
 564 009c 3B       		.uleb128 0x3b
 565 009d 0B       		.uleb128 0xb
 566 009e 27       		.uleb128 0x27
 567 009f 19       		.uleb128 0x19
 568 00a0 49       		.uleb128 0x49
 569 00a1 13       		.uleb128 0x13
 570 00a2 11       		.uleb128 0x11
 571 00a3 01       		.uleb128 0x1
 572 00a4 12       		.uleb128 0x12
 573 00a5 06       		.uleb128 0x6
ARM GAS  C:\Users\EDULU~1.DES\AppData\Local\Temp\ccFUtiFx.s 			page 16


 574 00a6 40       		.uleb128 0x40
 575 00a7 18       		.uleb128 0x18
 576 00a8 9642     		.uleb128 0x2116
 577 00aa 19       		.uleb128 0x19
 578 00ab 01       		.uleb128 0x1
 579 00ac 13       		.uleb128 0x13
 580 00ad 00       		.byte	0
 581 00ae 00       		.byte	0
 582 00af 0B       		.uleb128 0xb
 583 00b0 2E       		.uleb128 0x2e
 584 00b1 01       		.byte	0x1
 585 00b2 3F       		.uleb128 0x3f
 586 00b3 19       		.uleb128 0x19
 587 00b4 03       		.uleb128 0x3
 588 00b5 0E       		.uleb128 0xe
 589 00b6 3A       		.uleb128 0x3a
 590 00b7 0B       		.uleb128 0xb
 591 00b8 3B       		.uleb128 0x3b
 592 00b9 05       		.uleb128 0x5
 593 00ba 27       		.uleb128 0x27
 594 00bb 19       		.uleb128 0x19
 595 00bc 49       		.uleb128 0x49
 596 00bd 13       		.uleb128 0x13
 597 00be 11       		.uleb128 0x11
 598 00bf 01       		.uleb128 0x1
 599 00c0 12       		.uleb128 0x12
 600 00c1 06       		.uleb128 0x6
 601 00c2 40       		.uleb128 0x40
 602 00c3 18       		.uleb128 0x18
 603 00c4 9742     		.uleb128 0x2117
 604 00c6 19       		.uleb128 0x19
 605 00c7 01       		.uleb128 0x1
 606 00c8 13       		.uleb128 0x13
 607 00c9 00       		.byte	0
 608 00ca 00       		.byte	0
 609 00cb 0C       		.uleb128 0xc
 610 00cc 05       		.uleb128 0x5
 611 00cd 00       		.byte	0
 612 00ce 03       		.uleb128 0x3
 613 00cf 0E       		.uleb128 0xe
 614 00d0 3A       		.uleb128 0x3a
 615 00d1 0B       		.uleb128 0xb
 616 00d2 3B       		.uleb128 0x3b
 617 00d3 05       		.uleb128 0x5
 618 00d4 49       		.uleb128 0x49
 619 00d5 13       		.uleb128 0x13
 620 00d6 02       		.uleb128 0x2
 621 00d7 18       		.uleb128 0x18
 622 00d8 00       		.byte	0
 623 00d9 00       		.byte	0
 624 00da 0D       		.uleb128 0xd
 625 00db 34       		.uleb128 0x34
 626 00dc 00       		.byte	0
 627 00dd 03       		.uleb128 0x3
 628 00de 0E       		.uleb128 0xe
 629 00df 3A       		.uleb128 0x3a
 630 00e0 0B       		.uleb128 0xb
ARM GAS  C:\Users\EDULU~1.DES\AppData\Local\Temp\ccFUtiFx.s 			page 17


 631 00e1 3B       		.uleb128 0x3b
 632 00e2 05       		.uleb128 0x5
 633 00e3 49       		.uleb128 0x49
 634 00e4 13       		.uleb128 0x13
 635 00e5 02       		.uleb128 0x2
 636 00e6 18       		.uleb128 0x18
 637 00e7 00       		.byte	0
 638 00e8 00       		.byte	0
 639 00e9 0E       		.uleb128 0xe
 640 00ea 34       		.uleb128 0x34
 641 00eb 00       		.byte	0
 642 00ec 03       		.uleb128 0x3
 643 00ed 0E       		.uleb128 0xe
 644 00ee 3A       		.uleb128 0x3a
 645 00ef 0B       		.uleb128 0xb
 646 00f0 3B       		.uleb128 0x3b
 647 00f1 0B       		.uleb128 0xb
 648 00f2 49       		.uleb128 0x49
 649 00f3 13       		.uleb128 0x13
 650 00f4 3F       		.uleb128 0x3f
 651 00f5 19       		.uleb128 0x19
 652 00f6 02       		.uleb128 0x2
 653 00f7 18       		.uleb128 0x18
 654 00f8 00       		.byte	0
 655 00f9 00       		.byte	0
 656 00fa 00       		.byte	0
 657              		.section	.debug_aranges,"",%progbits
 658 0000 34000000 		.4byte	0x34
 659 0004 0200     		.2byte	0x2
 660 0006 00000000 		.4byte	.Ldebug_info0
 661 000a 04       		.byte	0x4
 662 000b 00       		.byte	0
 663 000c 0000     		.2byte	0
 664 000e 0000     		.2byte	0
 665 0010 00000000 		.4byte	.LFB1
 666 0014 10000000 		.4byte	.LFE1-.LFB1
 667 0018 00000000 		.4byte	.LFB2
 668 001c 38000000 		.4byte	.LFE2-.LFB2
 669 0020 00000000 		.4byte	.LFB3
 670 0024 48000000 		.4byte	.LFE3-.LFB3
 671 0028 00000000 		.4byte	.LFB4
 672 002c 2C000000 		.4byte	.LFE4-.LFB4
 673 0030 00000000 		.4byte	0
 674 0034 00000000 		.4byte	0
 675              		.section	.debug_ranges,"",%progbits
 676              	.Ldebug_ranges0:
 677 0000 00000000 		.4byte	.LFB1
 678 0004 10000000 		.4byte	.LFE1
 679 0008 00000000 		.4byte	.LFB2
 680 000c 38000000 		.4byte	.LFE2
 681 0010 00000000 		.4byte	.LFB3
 682 0014 48000000 		.4byte	.LFE3
 683 0018 00000000 		.4byte	.LFB4
 684 001c 2C000000 		.4byte	.LFE4
 685 0020 00000000 		.4byte	0
 686 0024 00000000 		.4byte	0
 687              		.section	.debug_line,"",%progbits
ARM GAS  C:\Users\EDULU~1.DES\AppData\Local\Temp\ccFUtiFx.s 			page 18


 688              	.Ldebug_line0:
 689 0000 E6000000 		.section	.debug_str,"MS",%progbits,1
 689      02008E00 
 689      00000201 
 689      FB0E0D00 
 689      01010101 
 690              	.LASF7:
 691 0000 6C6F6E67 		.ascii	"long long int\000"
 691      206C6F6E 
 691      6720696E 
 691      7400
 692              	.LASF24:
 693 000e 433A5C55 		.ascii	"C:\\Users\\edulu.DESKTOP-961TG4K\\Documents\\PSoC C"
 693      73657273 
 693      5C656475 
 693      6C752E44 
 693      45534B54 
 694 003d 72656174 		.ascii	"reator\\Micrium\\Examples\\Cypress\\CY8CKIT-044\\OS"
 694      6F725C4D 
 694      69637269 
 694      756D5C45 
 694      78616D70 
 695 006b 335C5053 		.ascii	"3\\PSoC\\OS3.cydsn\000"
 695      6F435C4F 
 695      53332E63 
 695      7964736E 
 695      00
 696              	.LASF10:
 697 007c 4350555F 		.ascii	"CPU_INT32U\000"
 697      494E5433 
 697      325500
 698              	.LASF1:
 699 0087 756E7369 		.ascii	"unsigned char\000"
 699      676E6564 
 699      20636861 
 699      7200
 700              	.LASF21:
 701 0095 4D617468 		.ascii	"Math_RandSeed\000"
 701      5F52616E 
 701      64536565 
 701      6400
 702              	.LASF19:
 703 00a3 72616E64 		.ascii	"rand_nbr\000"
 703      5F6E6272 
 703      00
 704              	.LASF13:
 705 00ac 6C6F6E67 		.ascii	"long unsigned int\000"
 705      20756E73 
 705      69676E65 
 705      6420696E 
 705      7400
 706              	.LASF6:
 707 00be 6C6F6E67 		.ascii	"long long unsigned int\000"
 707      206C6F6E 
 707      6720756E 
 707      7369676E 
 707      65642069 
ARM GAS  C:\Users\EDULU~1.DES\AppData\Local\Temp\ccFUtiFx.s 			page 19


 708              	.LASF20:
 709 00d5 4D617468 		.ascii	"Math_Rand\000"
 709      5F52616E 
 709      6400
 710              	.LASF8:
 711 00df 666C6F61 		.ascii	"float\000"
 711      7400
 712              	.LASF23:
 713 00e5 2E2E5C2E 		.ascii	"..\\..\\..\\..\\..\\..\\Software\\uC-LIB\\lib_math."
 713      2E5C2E2E 
 713      5C2E2E5C 
 713      2E2E5C2E 
 713      2E5C536F 
 714 0110 6300     		.ascii	"c\000"
 715              	.LASF0:
 716 0112 63686172 		.ascii	"char\000"
 716      00
 717              	.LASF17:
 718 0117 6370755F 		.ascii	"cpu_sr\000"
 718      737200
 719              	.LASF12:
 720 011e 6C6F6E67 		.ascii	"long int\000"
 720      20696E74 
 720      00
 721              	.LASF26:
 722 0127 4D617468 		.ascii	"Math_RandSetSeed\000"
 722      5F52616E 
 722      64536574 
 722      53656564 
 722      00
 723              	.LASF18:
 724 0138 73656564 		.ascii	"seed\000"
 724      00
 725              	.LASF9:
 726 013d 646F7562 		.ascii	"double\000"
 726      6C6500
 727              	.LASF25:
 728 0144 4D617468 		.ascii	"Math_Init\000"
 728      5F496E69 
 728      7400
 729              	.LASF3:
 730 014e 73686F72 		.ascii	"short unsigned int\000"
 730      7420756E 
 730      7369676E 
 730      65642069 
 730      6E7400
 731              	.LASF2:
 732 0161 7369676E 		.ascii	"signed char\000"
 732      65642063 
 732      68617200 
 733              	.LASF16:
 734 016d 52414E44 		.ascii	"RAND_NBR\000"
 734      5F4E4252 
 734      00
 735              	.LASF11:
 736 0176 4350555F 		.ascii	"CPU_SR\000"
 736      535200
ARM GAS  C:\Users\EDULU~1.DES\AppData\Local\Temp\ccFUtiFx.s 			page 20


 737              	.LASF14:
 738 017d 6C6F6E67 		.ascii	"long double\000"
 738      20646F75 
 738      626C6500 
 739              	.LASF27:
 740 0189 4D617468 		.ascii	"Math_RandSeedCur\000"
 740      5F52616E 
 740      64536565 
 740      64437572 
 740      00
 741              	.LASF4:
 742 019a 73686F72 		.ascii	"short int\000"
 742      7420696E 
 742      7400
 743              	.LASF22:
 744 01a4 474E5520 		.ascii	"GNU C11 5.4.1 20160609 (release) [ARM/embedded-5-br"
 744      43313120 
 744      352E342E 
 744      31203230 
 744      31363036 
 745 01d7 616E6368 		.ascii	"anch revision 237715] -mcpu=cortex-m0 -mthumb -g -O"
 745      20726576 
 745      6973696F 
 745      6E203233 
 745      37373135 
 746 020a 30202D66 		.ascii	"0 -ffunction-sections -ffat-lto-objects\000"
 746      66756E63 
 746      74696F6E 
 746      2D736563 
 746      74696F6E 
 747              	.LASF5:
 748 0232 756E7369 		.ascii	"unsigned int\000"
 748      676E6564 
 748      20696E74 
 748      00
 749              	.LASF15:
 750 023f 73697A65 		.ascii	"sizetype\000"
 750      74797065 
 750      00
 751              		.ident	"GCC: (GNU Tools for ARM Embedded Processors) 5.4.1 20160609 (release) [ARM/embedded-5-bran
