ARM GAS  C:\Users\EDULU~1.DES\AppData\Local\Temp\cc7EEanK.s 			page 1


   1              		.syntax unified
   2              		.cpu cortex-m0
   3              		.fpu softvfp
   4              		.eabi_attribute 20, 1
   5              		.eabi_attribute 21, 1
   6              		.eabi_attribute 23, 3
   7              		.eabi_attribute 24, 1
   8              		.eabi_attribute 25, 1
   9              		.eabi_attribute 26, 1
  10              		.eabi_attribute 30, 6
  11              		.eabi_attribute 34, 0
  12              		.eabi_attribute 18, 4
  13              		.thumb
  14              		.syntax unified
  15              		.file	"os_app_hooks.c"
  16              		.text
  17              	.Ltext0:
  18              		.cfi_sections	.debug_frame
  19              		.section	.text.App_OS_SetAllHooks,"ax",%progbits
  20              		.align	2
  21              		.global	App_OS_SetAllHooks
  22              		.code	16
  23              		.thumb_func
  24              		.type	App_OS_SetAllHooks, %function
  25              	App_OS_SetAllHooks:
  26              	.LFB1:
  27              		.file 1 "..\\..\\os_app_hooks.c"
   1:..\../os_app_hooks.c **** /*
   2:..\../os_app_hooks.c **** ***************************************************************************************************
   3:..\../os_app_hooks.c **** *                                                      uC/OS-III
   4:..\../os_app_hooks.c **** *                                                 The Real-Time Kernel
   5:..\../os_app_hooks.c **** *
   6:..\../os_app_hooks.c **** *                                  (c) Copyright 2009-2015; Micrium, Inc.; Weston, FL
   7:..\../os_app_hooks.c **** *                           All rights reserved.  Protected by international copyright laws.
   8:..\../os_app_hooks.c **** *
   9:..\../os_app_hooks.c **** *                                                  APPLICATION HOOKS
  10:..\../os_app_hooks.c **** *
  11:..\../os_app_hooks.c **** * File    : OS_APP_HOOKS.C
  12:..\../os_app_hooks.c **** * By      : JJL
  13:..\../os_app_hooks.c **** * Version : V3.05.01
  14:..\../os_app_hooks.c **** *
  15:..\../os_app_hooks.c **** * LICENSING TERMS:
  16:..\../os_app_hooks.c **** * ---------------
  17:..\../os_app_hooks.c **** *           uC/OS-III is provided in source form for FREE short-term evaluation, for educational us
  18:..\../os_app_hooks.c **** *           for peaceful research.  If you plan or intend to use uC/OS-III in a commercial applicat
  19:..\../os_app_hooks.c **** *           product then, you need to contact Micrium to properly license uC/OS-III for its use in 
  20:..\../os_app_hooks.c **** *           application/product.   We provide ALL the source code for your convenience and to help 
  21:..\../os_app_hooks.c **** *           experience uC/OS-III.  The fact that the source is provided does NOT mean that you can 
  22:..\../os_app_hooks.c **** *           it commercially without paying a licensing fee.
  23:..\../os_app_hooks.c **** *
  24:..\../os_app_hooks.c **** *           Knowledge of the source code may NOT be used to develop a similar product.
  25:..\../os_app_hooks.c **** *
  26:..\../os_app_hooks.c **** *           Please help us continue to provide the embedded community with the finest software avai
  27:..\../os_app_hooks.c **** *           Your honesty is greatly appreciated.
  28:..\../os_app_hooks.c **** *
  29:..\../os_app_hooks.c **** *           You can find our product's user manual, API reference, release notes and
  30:..\../os_app_hooks.c **** *           more information at https://doc.micrium.com.
ARM GAS  C:\Users\EDULU~1.DES\AppData\Local\Temp\cc7EEanK.s 			page 2


  31:..\../os_app_hooks.c **** *           You can contact us at www.micrium.com.
  32:..\../os_app_hooks.c **** ***************************************************************************************************
  33:..\../os_app_hooks.c **** */
  34:..\../os_app_hooks.c **** 
  35:..\../os_app_hooks.c **** #define   MICRIUM_SOURCE
  36:..\../os_app_hooks.c **** #include  <os.h>
  37:..\../os_app_hooks.c **** #include  "os_app_hooks.h"
  38:..\../os_app_hooks.c **** 
  39:..\../os_app_hooks.c **** 
  40:..\../os_app_hooks.c **** /*
  41:..\../os_app_hooks.c **** ***************************************************************************************************
  42:..\../os_app_hooks.c **** *                                              SET ALL APPLICATION HOOKS
  43:..\../os_app_hooks.c **** *
  44:..\../os_app_hooks.c **** * Description: Set ALL application hooks.
  45:..\../os_app_hooks.c **** *
  46:..\../os_app_hooks.c **** * Arguments  : none.
  47:..\../os_app_hooks.c **** *
  48:..\../os_app_hooks.c **** * Note(s)    : none
  49:..\../os_app_hooks.c **** ***************************************************************************************************
  50:..\../os_app_hooks.c **** */
  51:..\../os_app_hooks.c **** 
  52:..\../os_app_hooks.c **** void  App_OS_SetAllHooks (void)
  53:..\../os_app_hooks.c **** {
  28              		.loc 1 53 0
  29              		.cfi_startproc
  30              		@ args = 0, pretend = 0, frame = 0
  31              		@ frame_needed = 1, uses_anonymous_args = 0
  32 0000 80B5     		push	{r7, lr}
  33              		.cfi_def_cfa_offset 8
  34              		.cfi_offset 7, -8
  35              		.cfi_offset 14, -4
  36 0002 00AF     		add	r7, sp, #0
  37              		.cfi_def_cfa_register 7
  54:..\../os_app_hooks.c **** #if OS_CFG_APP_HOOKS_EN > 0u
  55:..\../os_app_hooks.c ****     CPU_SR_ALLOC();
  56:..\../os_app_hooks.c **** 
  57:..\../os_app_hooks.c **** 
  58:..\../os_app_hooks.c ****     CPU_CRITICAL_ENTER();
  59:..\../os_app_hooks.c ****     OS_AppIdleTaskHookPtr   = App_OS_IdleTaskHook;
  60:..\../os_app_hooks.c **** 
  61:..\../os_app_hooks.c **** #if (OS_CFG_TASK_STK_REDZONE_EN == DEF_ENABLED)
  62:..\../os_app_hooks.c ****     OS_AppRedzoneHitHookPtr = App_OS_RedzoneHitHook;
  63:..\../os_app_hooks.c **** #endif
  64:..\../os_app_hooks.c **** 
  65:..\../os_app_hooks.c ****     OS_AppStatTaskHookPtr   = App_OS_StatTaskHook;
  66:..\../os_app_hooks.c **** 
  67:..\../os_app_hooks.c ****     OS_AppTaskCreateHookPtr = App_OS_TaskCreateHook;
  68:..\../os_app_hooks.c **** 
  69:..\../os_app_hooks.c ****     OS_AppTaskDelHookPtr    = App_OS_TaskDelHook;
  70:..\../os_app_hooks.c **** 
  71:..\../os_app_hooks.c ****     OS_AppTaskReturnHookPtr = App_OS_TaskReturnHook;
  72:..\../os_app_hooks.c **** 
  73:..\../os_app_hooks.c ****     OS_AppTaskSwHookPtr     = App_OS_TaskSwHook;
  74:..\../os_app_hooks.c **** 
  75:..\../os_app_hooks.c ****     OS_AppTimeTickHookPtr   = App_OS_TimeTickHook;
  76:..\../os_app_hooks.c ****     CPU_CRITICAL_EXIT();
  77:..\../os_app_hooks.c **** #endif
ARM GAS  C:\Users\EDULU~1.DES\AppData\Local\Temp\cc7EEanK.s 			page 3


  78:..\../os_app_hooks.c **** }
  38              		.loc 1 78 0
  39 0004 C046     		nop
  40 0006 BD46     		mov	sp, r7
  41              		@ sp needed
  42 0008 80BD     		pop	{r7, pc}
  43              		.cfi_endproc
  44              	.LFE1:
  45              		.size	App_OS_SetAllHooks, .-App_OS_SetAllHooks
  46 000a C046     		.section	.text.App_OS_ClrAllHooks,"ax",%progbits
  47              		.align	2
  48              		.global	App_OS_ClrAllHooks
  49              		.code	16
  50              		.thumb_func
  51              		.type	App_OS_ClrAllHooks, %function
  52              	App_OS_ClrAllHooks:
  53              	.LFB2:
  79:..\../os_app_hooks.c **** 
  80:..\../os_app_hooks.c **** 
  81:..\../os_app_hooks.c **** /*
  82:..\../os_app_hooks.c **** ***************************************************************************************************
  83:..\../os_app_hooks.c **** *                                             CLEAR ALL APPLICATION HOOKS
  84:..\../os_app_hooks.c **** *
  85:..\../os_app_hooks.c **** * Description: Clear ALL application hooks.
  86:..\../os_app_hooks.c **** *
  87:..\../os_app_hooks.c **** * Arguments  : none.
  88:..\../os_app_hooks.c **** *
  89:..\../os_app_hooks.c **** * Note(s)    : none
  90:..\../os_app_hooks.c **** ***************************************************************************************************
  91:..\../os_app_hooks.c **** */
  92:..\../os_app_hooks.c **** 
  93:..\../os_app_hooks.c **** void  App_OS_ClrAllHooks (void)
  94:..\../os_app_hooks.c **** {
  54              		.loc 1 94 0
  55              		.cfi_startproc
  56              		@ args = 0, pretend = 0, frame = 0
  57              		@ frame_needed = 1, uses_anonymous_args = 0
  58 0000 80B5     		push	{r7, lr}
  59              		.cfi_def_cfa_offset 8
  60              		.cfi_offset 7, -8
  61              		.cfi_offset 14, -4
  62 0002 00AF     		add	r7, sp, #0
  63              		.cfi_def_cfa_register 7
  95:..\../os_app_hooks.c **** #if OS_CFG_APP_HOOKS_EN > 0u
  96:..\../os_app_hooks.c ****     CPU_SR_ALLOC();
  97:..\../os_app_hooks.c **** 
  98:..\../os_app_hooks.c **** 
  99:..\../os_app_hooks.c ****     CPU_CRITICAL_ENTER();
 100:..\../os_app_hooks.c ****     OS_AppIdleTaskHookPtr   = (OS_APP_HOOK_VOID)0;
 101:..\../os_app_hooks.c **** 
 102:..\../os_app_hooks.c **** #if (OS_CFG_TASK_STK_REDZONE_EN == DEF_ENABLED)
 103:..\../os_app_hooks.c ****     OS_AppRedzoneHitHookPtr = (OS_APP_HOOK_TCB)0;
 104:..\../os_app_hooks.c **** #endif
 105:..\../os_app_hooks.c **** 
 106:..\../os_app_hooks.c ****     OS_AppStatTaskHookPtr   = (OS_APP_HOOK_VOID)0;
 107:..\../os_app_hooks.c **** 
 108:..\../os_app_hooks.c ****     OS_AppTaskCreateHookPtr = (OS_APP_HOOK_TCB)0;
ARM GAS  C:\Users\EDULU~1.DES\AppData\Local\Temp\cc7EEanK.s 			page 4


 109:..\../os_app_hooks.c **** 
 110:..\../os_app_hooks.c ****     OS_AppTaskDelHookPtr    = (OS_APP_HOOK_TCB)0;
 111:..\../os_app_hooks.c **** 
 112:..\../os_app_hooks.c ****     OS_AppTaskReturnHookPtr = (OS_APP_HOOK_TCB)0;
 113:..\../os_app_hooks.c **** 
 114:..\../os_app_hooks.c ****     OS_AppTaskSwHookPtr     = (OS_APP_HOOK_VOID)0;
 115:..\../os_app_hooks.c **** 
 116:..\../os_app_hooks.c ****     OS_AppTimeTickHookPtr   = (OS_APP_HOOK_VOID)0;
 117:..\../os_app_hooks.c ****     CPU_CRITICAL_EXIT();
 118:..\../os_app_hooks.c **** #endif
 119:..\../os_app_hooks.c **** }
  64              		.loc 1 119 0
  65 0004 C046     		nop
  66 0006 BD46     		mov	sp, r7
  67              		@ sp needed
  68 0008 80BD     		pop	{r7, pc}
  69              		.cfi_endproc
  70              	.LFE2:
  71              		.size	App_OS_ClrAllHooks, .-App_OS_ClrAllHooks
  72              		.section	.text.App_OS_IdleTaskHook,"ax",%progbits
  73              		.align	2
  74              		.global	App_OS_IdleTaskHook
  75              		.code	16
  76              		.thumb_func
  77              		.type	App_OS_IdleTaskHook, %function
  78              	App_OS_IdleTaskHook:
  79              	.LFB3:
 120:..\../os_app_hooks.c **** 
 121:..\../os_app_hooks.c **** /*
 122:..\../os_app_hooks.c **** ***************************************************************************************************
 123:..\../os_app_hooks.c **** *                                              APPLICATION IDLE TASK HOOK
 124:..\../os_app_hooks.c **** *
 125:..\../os_app_hooks.c **** * Description: This function is called by the idle task.  This hook has been added to allow you to 
 126:..\../os_app_hooks.c **** *              STOP the CPU to conserve power.
 127:..\../os_app_hooks.c **** *
 128:..\../os_app_hooks.c **** * Arguments  : none
 129:..\../os_app_hooks.c **** *
 130:..\../os_app_hooks.c **** * Note(s)    : none
 131:..\../os_app_hooks.c **** ***************************************************************************************************
 132:..\../os_app_hooks.c **** */
 133:..\../os_app_hooks.c **** 
 134:..\../os_app_hooks.c **** void  App_OS_IdleTaskHook (void)
 135:..\../os_app_hooks.c **** {
  80              		.loc 1 135 0
  81              		.cfi_startproc
  82              		@ args = 0, pretend = 0, frame = 0
  83              		@ frame_needed = 1, uses_anonymous_args = 0
  84 0000 80B5     		push	{r7, lr}
  85              		.cfi_def_cfa_offset 8
  86              		.cfi_offset 7, -8
  87              		.cfi_offset 14, -4
  88 0002 00AF     		add	r7, sp, #0
  89              		.cfi_def_cfa_register 7
 136:..\../os_app_hooks.c **** 
 137:..\../os_app_hooks.c **** }
  90              		.loc 1 137 0
  91 0004 C046     		nop
ARM GAS  C:\Users\EDULU~1.DES\AppData\Local\Temp\cc7EEanK.s 			page 5


  92 0006 BD46     		mov	sp, r7
  93              		@ sp needed
  94 0008 80BD     		pop	{r7, pc}
  95              		.cfi_endproc
  96              	.LFE3:
  97              		.size	App_OS_IdleTaskHook, .-App_OS_IdleTaskHook
  98              		.section	.text.App_OS_StatTaskHook,"ax",%progbits
  99              		.align	2
 100              		.global	App_OS_StatTaskHook
 101              		.code	16
 102              		.thumb_func
 103              		.type	App_OS_StatTaskHook, %function
 104              	App_OS_StatTaskHook:
 105              	.LFB4:
 138:..\../os_app_hooks.c **** 
 139:..\../os_app_hooks.c **** /*
 140:..\../os_app_hooks.c **** ***************************************************************************************************
 141:..\../os_app_hooks.c **** *                                             APPLICATION REDZONE HIT HOOK
 142:..\../os_app_hooks.c **** *
 143:..\../os_app_hooks.c **** * Description: This function is called when a task's stack overflowed.
 144:..\../os_app_hooks.c **** *
 145:..\../os_app_hooks.c **** * Arguments  : p_tcb   is a pointer to the task control block of the offending task. NULL if ISR.
 146:..\../os_app_hooks.c **** *
 147:..\../os_app_hooks.c **** * Note(s)    : None.
 148:..\../os_app_hooks.c **** ***************************************************************************************************
 149:..\../os_app_hooks.c **** */
 150:..\../os_app_hooks.c **** #if (OS_CFG_TASK_STK_REDZONE_EN == DEF_ENABLED)
 151:..\../os_app_hooks.c **** void  App_OS_RedzoneHitHook (OS_TCB  *p_tcb)
 152:..\../os_app_hooks.c **** {
 153:..\../os_app_hooks.c ****     (void)&p_tcb;
 154:..\../os_app_hooks.c ****     CPU_SW_EXCEPTION(;);
 155:..\../os_app_hooks.c **** }
 156:..\../os_app_hooks.c **** #endif
 157:..\../os_app_hooks.c **** 
 158:..\../os_app_hooks.c **** 
 159:..\../os_app_hooks.c **** /*
 160:..\../os_app_hooks.c **** ***************************************************************************************************
 161:..\../os_app_hooks.c **** *                                           APPLICATION STATISTIC TASK HOOK
 162:..\../os_app_hooks.c **** *
 163:..\../os_app_hooks.c **** * Description: This function is called every second by uC/OS-III's statistics task.  This allows yo
 164:..\../os_app_hooks.c **** *              functionality to the statistics task.
 165:..\../os_app_hooks.c **** *
 166:..\../os_app_hooks.c **** * Arguments  : none
 167:..\../os_app_hooks.c **** *
 168:..\../os_app_hooks.c **** * Note(s)    : none
 169:..\../os_app_hooks.c **** ***************************************************************************************************
 170:..\../os_app_hooks.c **** */
 171:..\../os_app_hooks.c **** 
 172:..\../os_app_hooks.c **** void  App_OS_StatTaskHook (void)
 173:..\../os_app_hooks.c **** {
 106              		.loc 1 173 0
 107              		.cfi_startproc
 108              		@ args = 0, pretend = 0, frame = 0
 109              		@ frame_needed = 1, uses_anonymous_args = 0
 110 0000 80B5     		push	{r7, lr}
 111              		.cfi_def_cfa_offset 8
 112              		.cfi_offset 7, -8
ARM GAS  C:\Users\EDULU~1.DES\AppData\Local\Temp\cc7EEanK.s 			page 6


 113              		.cfi_offset 14, -4
 114 0002 00AF     		add	r7, sp, #0
 115              		.cfi_def_cfa_register 7
 174:..\../os_app_hooks.c **** 
 175:..\../os_app_hooks.c **** }
 116              		.loc 1 175 0
 117 0004 C046     		nop
 118 0006 BD46     		mov	sp, r7
 119              		@ sp needed
 120 0008 80BD     		pop	{r7, pc}
 121              		.cfi_endproc
 122              	.LFE4:
 123              		.size	App_OS_StatTaskHook, .-App_OS_StatTaskHook
 124              		.section	.text.App_OS_TaskCreateHook,"ax",%progbits
 125              		.align	2
 126              		.global	App_OS_TaskCreateHook
 127              		.code	16
 128              		.thumb_func
 129              		.type	App_OS_TaskCreateHook, %function
 130              	App_OS_TaskCreateHook:
 131              	.LFB5:
 176:..\../os_app_hooks.c **** 
 177:..\../os_app_hooks.c **** 
 178:..\../os_app_hooks.c **** /*
 179:..\../os_app_hooks.c **** ***************************************************************************************************
 180:..\../os_app_hooks.c **** *                                            APPLICATION TASK CREATION HOOK
 181:..\../os_app_hooks.c **** *
 182:..\../os_app_hooks.c **** * Description: This function is called when a task is created.
 183:..\../os_app_hooks.c **** *
 184:..\../os_app_hooks.c **** * Arguments  : p_tcb   is a pointer to the task control block of the task being created.
 185:..\../os_app_hooks.c **** *
 186:..\../os_app_hooks.c **** * Note(s)    : none
 187:..\../os_app_hooks.c **** ***************************************************************************************************
 188:..\../os_app_hooks.c **** */
 189:..\../os_app_hooks.c **** 
 190:..\../os_app_hooks.c **** void  App_OS_TaskCreateHook (OS_TCB  *p_tcb)
 191:..\../os_app_hooks.c **** {
 132              		.loc 1 191 0
 133              		.cfi_startproc
 134              		@ args = 0, pretend = 0, frame = 8
 135              		@ frame_needed = 1, uses_anonymous_args = 0
 136 0000 80B5     		push	{r7, lr}
 137              		.cfi_def_cfa_offset 8
 138              		.cfi_offset 7, -8
 139              		.cfi_offset 14, -4
 140 0002 82B0     		sub	sp, sp, #8
 141              		.cfi_def_cfa_offset 16
 142 0004 00AF     		add	r7, sp, #0
 143              		.cfi_def_cfa_register 7
 144 0006 7860     		str	r0, [r7, #4]
 192:..\../os_app_hooks.c ****     (void)&p_tcb;
 193:..\../os_app_hooks.c **** }
 145              		.loc 1 193 0
 146 0008 C046     		nop
 147 000a BD46     		mov	sp, r7
 148 000c 02B0     		add	sp, sp, #8
 149              		@ sp needed
ARM GAS  C:\Users\EDULU~1.DES\AppData\Local\Temp\cc7EEanK.s 			page 7


 150 000e 80BD     		pop	{r7, pc}
 151              		.cfi_endproc
 152              	.LFE5:
 153              		.size	App_OS_TaskCreateHook, .-App_OS_TaskCreateHook
 154              		.section	.text.App_OS_TaskDelHook,"ax",%progbits
 155              		.align	2
 156              		.global	App_OS_TaskDelHook
 157              		.code	16
 158              		.thumb_func
 159              		.type	App_OS_TaskDelHook, %function
 160              	App_OS_TaskDelHook:
 161              	.LFB6:
 194:..\../os_app_hooks.c **** 
 195:..\../os_app_hooks.c **** 
 196:..\../os_app_hooks.c **** /*
 197:..\../os_app_hooks.c **** ***************************************************************************************************
 198:..\../os_app_hooks.c **** *                                            APPLICATION TASK DELETION HOOK
 199:..\../os_app_hooks.c **** *
 200:..\../os_app_hooks.c **** * Description: This function is called when a task is deleted.
 201:..\../os_app_hooks.c **** *
 202:..\../os_app_hooks.c **** * Arguments  : p_tcb   is a pointer to the task control block of the task being deleted.
 203:..\../os_app_hooks.c **** *
 204:..\../os_app_hooks.c **** * Note(s)    : none
 205:..\../os_app_hooks.c **** ***************************************************************************************************
 206:..\../os_app_hooks.c **** */
 207:..\../os_app_hooks.c **** 
 208:..\../os_app_hooks.c **** void  App_OS_TaskDelHook (OS_TCB  *p_tcb)
 209:..\../os_app_hooks.c **** {
 162              		.loc 1 209 0
 163              		.cfi_startproc
 164              		@ args = 0, pretend = 0, frame = 8
 165              		@ frame_needed = 1, uses_anonymous_args = 0
 166 0000 80B5     		push	{r7, lr}
 167              		.cfi_def_cfa_offset 8
 168              		.cfi_offset 7, -8
 169              		.cfi_offset 14, -4
 170 0002 82B0     		sub	sp, sp, #8
 171              		.cfi_def_cfa_offset 16
 172 0004 00AF     		add	r7, sp, #0
 173              		.cfi_def_cfa_register 7
 174 0006 7860     		str	r0, [r7, #4]
 210:..\../os_app_hooks.c ****     (void)&p_tcb;
 211:..\../os_app_hooks.c **** }
 175              		.loc 1 211 0
 176 0008 C046     		nop
 177 000a BD46     		mov	sp, r7
 178 000c 02B0     		add	sp, sp, #8
 179              		@ sp needed
 180 000e 80BD     		pop	{r7, pc}
 181              		.cfi_endproc
 182              	.LFE6:
 183              		.size	App_OS_TaskDelHook, .-App_OS_TaskDelHook
 184              		.section	.text.App_OS_TaskReturnHook,"ax",%progbits
 185              		.align	2
 186              		.global	App_OS_TaskReturnHook
 187              		.code	16
 188              		.thumb_func
ARM GAS  C:\Users\EDULU~1.DES\AppData\Local\Temp\cc7EEanK.s 			page 8


 189              		.type	App_OS_TaskReturnHook, %function
 190              	App_OS_TaskReturnHook:
 191              	.LFB7:
 212:..\../os_app_hooks.c **** 
 213:..\../os_app_hooks.c **** 
 214:..\../os_app_hooks.c **** /*
 215:..\../os_app_hooks.c **** ***************************************************************************************************
 216:..\../os_app_hooks.c **** *                                             APPLICATION TASK RETURN HOOK
 217:..\../os_app_hooks.c **** *
 218:..\../os_app_hooks.c **** * Description: This function is called if a task accidentally returns.  In other words, a task shou
 219:..\../os_app_hooks.c **** *              infinite loop or delete itself when done.
 220:..\../os_app_hooks.c **** *
 221:..\../os_app_hooks.c **** * Arguments  : p_tcb     is a pointer to the OS_TCB of the task that is returning.
 222:..\../os_app_hooks.c **** *
 223:..\../os_app_hooks.c **** * Note(s)    : none
 224:..\../os_app_hooks.c **** ***************************************************************************************************
 225:..\../os_app_hooks.c **** */
 226:..\../os_app_hooks.c **** 
 227:..\../os_app_hooks.c **** void  App_OS_TaskReturnHook (OS_TCB  *p_tcb)
 228:..\../os_app_hooks.c **** {
 192              		.loc 1 228 0
 193              		.cfi_startproc
 194              		@ args = 0, pretend = 0, frame = 8
 195              		@ frame_needed = 1, uses_anonymous_args = 0
 196 0000 80B5     		push	{r7, lr}
 197              		.cfi_def_cfa_offset 8
 198              		.cfi_offset 7, -8
 199              		.cfi_offset 14, -4
 200 0002 82B0     		sub	sp, sp, #8
 201              		.cfi_def_cfa_offset 16
 202 0004 00AF     		add	r7, sp, #0
 203              		.cfi_def_cfa_register 7
 204 0006 7860     		str	r0, [r7, #4]
 229:..\../os_app_hooks.c ****     (void)&p_tcb;
 230:..\../os_app_hooks.c **** }
 205              		.loc 1 230 0
 206 0008 C046     		nop
 207 000a BD46     		mov	sp, r7
 208 000c 02B0     		add	sp, sp, #8
 209              		@ sp needed
 210 000e 80BD     		pop	{r7, pc}
 211              		.cfi_endproc
 212              	.LFE7:
 213              		.size	App_OS_TaskReturnHook, .-App_OS_TaskReturnHook
 214              		.section	.text.App_OS_TaskSwHook,"ax",%progbits
 215              		.align	2
 216              		.global	App_OS_TaskSwHook
 217              		.code	16
 218              		.thumb_func
 219              		.type	App_OS_TaskSwHook, %function
 220              	App_OS_TaskSwHook:
 221              	.LFB8:
 231:..\../os_app_hooks.c **** 
 232:..\../os_app_hooks.c **** 
 233:..\../os_app_hooks.c **** /*
 234:..\../os_app_hooks.c **** ***************************************************************************************************
 235:..\../os_app_hooks.c **** *                                             APPLICATION TASK SWITCH HOOK
ARM GAS  C:\Users\EDULU~1.DES\AppData\Local\Temp\cc7EEanK.s 			page 9


 236:..\../os_app_hooks.c **** *
 237:..\../os_app_hooks.c **** * Description: This function is called when a task switch is performed.  This allows you to perform
 238:..\../os_app_hooks.c **** *              during a context switch.
 239:..\../os_app_hooks.c **** *
 240:..\../os_app_hooks.c **** * Arguments  : none
 241:..\../os_app_hooks.c **** *
 242:..\../os_app_hooks.c **** * Note(s)    : 1) Interrupts are disabled during this call.
 243:..\../os_app_hooks.c **** *              2) It is assumed that the global pointer 'OSTCBHighRdyPtr' points to the TCB of the 
 244:..\../os_app_hooks.c **** *                 'switched in' (i.e. the highest priority task) and, 'OSTCBCurPtr' points to the t
 245:..\../os_app_hooks.c **** *                 (i.e. the preempted task).
 246:..\../os_app_hooks.c **** ***************************************************************************************************
 247:..\../os_app_hooks.c **** */
 248:..\../os_app_hooks.c **** 
 249:..\../os_app_hooks.c **** void  App_OS_TaskSwHook (void)
 250:..\../os_app_hooks.c **** {
 222              		.loc 1 250 0
 223              		.cfi_startproc
 224              		@ args = 0, pretend = 0, frame = 0
 225              		@ frame_needed = 1, uses_anonymous_args = 0
 226 0000 80B5     		push	{r7, lr}
 227              		.cfi_def_cfa_offset 8
 228              		.cfi_offset 7, -8
 229              		.cfi_offset 14, -4
 230 0002 00AF     		add	r7, sp, #0
 231              		.cfi_def_cfa_register 7
 251:..\../os_app_hooks.c **** 
 252:..\../os_app_hooks.c **** }
 232              		.loc 1 252 0
 233 0004 C046     		nop
 234 0006 BD46     		mov	sp, r7
 235              		@ sp needed
 236 0008 80BD     		pop	{r7, pc}
 237              		.cfi_endproc
 238              	.LFE8:
 239              		.size	App_OS_TaskSwHook, .-App_OS_TaskSwHook
 240              		.section	.text.App_OS_TimeTickHook,"ax",%progbits
 241              		.align	2
 242              		.global	App_OS_TimeTickHook
 243              		.code	16
 244              		.thumb_func
 245              		.type	App_OS_TimeTickHook, %function
 246              	App_OS_TimeTickHook:
 247              	.LFB9:
 253:..\../os_app_hooks.c **** 
 254:..\../os_app_hooks.c **** 
 255:..\../os_app_hooks.c **** /*
 256:..\../os_app_hooks.c **** ***************************************************************************************************
 257:..\../os_app_hooks.c **** *                                                APPLICATION TICK HOOK
 258:..\../os_app_hooks.c **** *
 259:..\../os_app_hooks.c **** * Description: This function is called every tick.
 260:..\../os_app_hooks.c **** *
 261:..\../os_app_hooks.c **** * Arguments  : none
 262:..\../os_app_hooks.c **** *
 263:..\../os_app_hooks.c **** * Note(s)    : 1) This function is assumed to be called from the Tick ISR.
 264:..\../os_app_hooks.c **** ***************************************************************************************************
 265:..\../os_app_hooks.c **** */
 266:..\../os_app_hooks.c **** 
ARM GAS  C:\Users\EDULU~1.DES\AppData\Local\Temp\cc7EEanK.s 			page 10


 267:..\../os_app_hooks.c **** void  App_OS_TimeTickHook (void)
 268:..\../os_app_hooks.c **** {
 248              		.loc 1 268 0
 249              		.cfi_startproc
 250              		@ args = 0, pretend = 0, frame = 0
 251              		@ frame_needed = 1, uses_anonymous_args = 0
 252 0000 80B5     		push	{r7, lr}
 253              		.cfi_def_cfa_offset 8
 254              		.cfi_offset 7, -8
 255              		.cfi_offset 14, -4
 256 0002 00AF     		add	r7, sp, #0
 257              		.cfi_def_cfa_register 7
 269:..\../os_app_hooks.c **** 
 270:..\../os_app_hooks.c **** }
 258              		.loc 1 270 0
 259 0004 C046     		nop
 260 0006 BD46     		mov	sp, r7
 261              		@ sp needed
 262 0008 80BD     		pop	{r7, pc}
 263              		.cfi_endproc
 264              	.LFE9:
 265              		.size	App_OS_TimeTickHook, .-App_OS_TimeTickHook
 266              		.text
 267              	.Letext0:
 268              		.file 2 "..\\..\\..\\..\\..\\..\\Software\\uC-CPU\\ARM-Cortex-M0\\GNU/cpu.h"
 269              		.file 3 "..\\..\\..\\..\\..\\..\\Software\\uC-CPU/cpu_core.h"
 270              		.file 4 "..\\..\\..\\..\\..\\..\\Software\\uCOS-III\\Source/os_type.h"
 271              		.file 5 "..\\..\\..\\..\\..\\..\\Software\\uCOS-III\\Source/os.h"
 272              		.section	.debug_info,"",%progbits
 273              	.Ldebug_info0:
 274 0000 D9050000 		.4byte	0x5d9
 275 0004 0400     		.2byte	0x4
 276 0006 00000000 		.4byte	.Ldebug_abbrev0
 277 000a 04       		.byte	0x4
 278 000b 01       		.uleb128 0x1
 279 000c 74020000 		.4byte	.LASF101
 280 0010 0C       		.byte	0xc
 281 0011 04050000 		.4byte	.LASF102
 282 0015 95010000 		.4byte	.LASF103
 283 0019 00000000 		.4byte	.Ldebug_ranges0+0
 284 001d 00000000 		.4byte	0
 285 0021 00000000 		.4byte	.Ldebug_line0
 286 0025 02       		.uleb128 0x2
 287 0026 B3030000 		.4byte	.LASF2
 288 002a 02       		.byte	0x2
 289 002b 7C       		.byte	0x7c
 290 002c 30000000 		.4byte	0x30
 291 0030 03       		.uleb128 0x3
 292 0031 01       		.byte	0x1
 293 0032 08       		.byte	0x8
 294 0033 43040000 		.4byte	.LASF0
 295 0037 03       		.uleb128 0x3
 296 0038 01       		.byte	0x1
 297 0039 08       		.byte	0x8
 298 003a 4A030000 		.4byte	.LASF1
 299 003e 02       		.uleb128 0x2
 300 003f 38040000 		.4byte	.LASF3
ARM GAS  C:\Users\EDULU~1.DES\AppData\Local\Temp\cc7EEanK.s 			page 11


 301 0043 02       		.byte	0x2
 302 0044 7E       		.byte	0x7e
 303 0045 37000000 		.4byte	0x37
 304 0049 03       		.uleb128 0x3
 305 004a 01       		.byte	0x1
 306 004b 06       		.byte	0x6
 307 004c 86030000 		.4byte	.LASF4
 308 0050 02       		.uleb128 0x2
 309 0051 75050000 		.4byte	.LASF5
 310 0055 02       		.byte	0x2
 311 0056 80       		.byte	0x80
 312 0057 5B000000 		.4byte	0x5b
 313 005b 03       		.uleb128 0x3
 314 005c 02       		.byte	0x2
 315 005d 07       		.byte	0x7
 316 005e 25040000 		.4byte	.LASF6
 317 0062 03       		.uleb128 0x3
 318 0063 02       		.byte	0x2
 319 0064 05       		.byte	0x5
 320 0065 5E000000 		.4byte	.LASF7
 321 0069 02       		.uleb128 0x2
 322 006a 57040000 		.4byte	.LASF8
 323 006e 02       		.byte	0x2
 324 006f 82       		.byte	0x82
 325 0070 74000000 		.4byte	0x74
 326 0074 03       		.uleb128 0x3
 327 0075 04       		.byte	0x4
 328 0076 07       		.byte	0x7
 329 0077 BC030000 		.4byte	.LASF9
 330 007b 04       		.uleb128 0x4
 331 007c 04       		.byte	0x4
 332 007d 05       		.byte	0x5
 333 007e 696E7400 		.ascii	"int\000"
 334 0082 03       		.uleb128 0x3
 335 0083 08       		.byte	0x8
 336 0084 07       		.byte	0x7
 337 0085 92030000 		.4byte	.LASF10
 338 0089 03       		.uleb128 0x3
 339 008a 08       		.byte	0x8
 340 008b 05       		.byte	0x5
 341 008c 22020000 		.4byte	.LASF11
 342 0090 03       		.uleb128 0x3
 343 0091 04       		.byte	0x4
 344 0092 04       		.byte	0x4
 345 0093 03020000 		.4byte	.LASF12
 346 0097 03       		.uleb128 0x3
 347 0098 08       		.byte	0x8
 348 0099 04       		.byte	0x4
 349 009a 4D050000 		.4byte	.LASF13
 350 009e 05       		.uleb128 0x5
 351 009f 04       		.byte	0x4
 352 00a0 A4000000 		.4byte	0xa4
 353 00a4 06       		.uleb128 0x6
 354 00a5 AF000000 		.4byte	0xaf
 355 00a9 07       		.uleb128 0x7
 356 00aa AF000000 		.4byte	0xaf
 357 00ae 00       		.byte	0
ARM GAS  C:\Users\EDULU~1.DES\AppData\Local\Temp\cc7EEanK.s 			page 12


 358 00af 08       		.uleb128 0x8
 359 00b0 04       		.byte	0x4
 360 00b1 02       		.uleb128 0x2
 361 00b2 84010000 		.4byte	.LASF14
 362 00b6 02       		.byte	0x2
 363 00b7 BA       		.byte	0xba
 364 00b8 69000000 		.4byte	0x69
 365 00bc 02       		.uleb128 0x2
 366 00bd F4040000 		.4byte	.LASF15
 367 00c1 02       		.byte	0x2
 368 00c2 E5       		.byte	0xe5
 369 00c3 69000000 		.4byte	0x69
 370 00c7 02       		.uleb128 0x2
 371 00c8 E9000000 		.4byte	.LASF16
 372 00cc 02       		.byte	0x2
 373 00cd E6       		.byte	0xe6
 374 00ce B1000000 		.4byte	0xb1
 375 00d2 03       		.uleb128 0x3
 376 00d3 04       		.byte	0x4
 377 00d4 05       		.byte	0x5
 378 00d5 4C020000 		.4byte	.LASF17
 379 00d9 03       		.uleb128 0x3
 380 00da 04       		.byte	0x4
 381 00db 07       		.byte	0x7
 382 00dc 86040000 		.4byte	.LASF18
 383 00e0 03       		.uleb128 0x3
 384 00e1 08       		.byte	0x8
 385 00e2 04       		.byte	0x4
 386 00e3 B5000000 		.4byte	.LASF19
 387 00e7 03       		.uleb128 0x3
 388 00e8 04       		.byte	0x4
 389 00e9 07       		.byte	0x7
 390 00ea 5C020000 		.4byte	.LASF20
 391 00ee 02       		.uleb128 0x2
 392 00ef BF040000 		.4byte	.LASF21
 393 00f3 03       		.byte	0x3
 394 00f4 C4       		.byte	0xc4
 395 00f5 69000000 		.4byte	0x69
 396 00f9 02       		.uleb128 0x2
 397 00fa 0A010000 		.4byte	.LASF22
 398 00fe 03       		.byte	0x3
 399 00ff C7       		.byte	0xc7
 400 0100 EE000000 		.4byte	0xee
 401 0104 02       		.uleb128 0x2
 402 0105 18030000 		.4byte	.LASF23
 403 0109 04       		.byte	0x4
 404 010a 40       		.byte	0x40
 405 010b 50000000 		.4byte	0x50
 406 010f 02       		.uleb128 0x2
 407 0110 16040000 		.4byte	.LASF24
 408 0114 04       		.byte	0x4
 409 0115 42       		.byte	0x42
 410 0116 3E000000 		.4byte	0x3e
 411 011a 02       		.uleb128 0x2
 412 011b 3F030000 		.4byte	.LASF25
 413 011f 04       		.byte	0x4
 414 0120 44       		.byte	0x44
ARM GAS  C:\Users\EDULU~1.DES\AppData\Local\Temp\cc7EEanK.s 			page 13


 415 0121 50000000 		.4byte	0x50
 416 0125 02       		.uleb128 0x2
 417 0126 94000000 		.4byte	.LASF26
 418 012a 04       		.byte	0x4
 419 012b 45       		.byte	0x45
 420 012c 69000000 		.4byte	0x69
 421 0130 02       		.uleb128 0x2
 422 0131 0F040000 		.4byte	.LASF27
 423 0135 04       		.byte	0x4
 424 0136 47       		.byte	0x47
 425 0137 50000000 		.4byte	0x50
 426 013b 02       		.uleb128 0x2
 427 013c 4F040000 		.4byte	.LASF28
 428 0140 04       		.byte	0x4
 429 0141 49       		.byte	0x49
 430 0142 3E000000 		.4byte	0x3e
 431 0146 02       		.uleb128 0x2
 432 0147 1E010000 		.4byte	.LASF29
 433 014b 04       		.byte	0x4
 434 014c 4F       		.byte	0x4f
 435 014d 69000000 		.4byte	0x69
 436 0151 02       		.uleb128 0x2
 437 0152 59010000 		.4byte	.LASF30
 438 0156 04       		.byte	0x4
 439 0157 52       		.byte	0x52
 440 0158 69000000 		.4byte	0x69
 441 015c 02       		.uleb128 0x2
 442 015d 98040000 		.4byte	.LASF31
 443 0161 04       		.byte	0x4
 444 0162 54       		.byte	0x54
 445 0163 3E000000 		.4byte	0x3e
 446 0167 02       		.uleb128 0x2
 447 0168 D5030000 		.4byte	.LASF32
 448 016c 04       		.byte	0x4
 449 016d 56       		.byte	0x56
 450 016e 3E000000 		.4byte	0x3e
 451 0172 02       		.uleb128 0x2
 452 0173 8C000000 		.4byte	.LASF33
 453 0177 04       		.byte	0x4
 454 0178 58       		.byte	0x58
 455 0179 69000000 		.4byte	0x69
 456 017d 09       		.uleb128 0x9
 457 017e 37010000 		.4byte	.LASF34
 458 0182 05       		.byte	0x5
 459 0183 8E02     		.2byte	0x28e
 460 0185 9E000000 		.4byte	0x9e
 461 0189 09       		.uleb128 0x9
 462 018a 1D000000 		.4byte	.LASF35
 463 018e 05       		.byte	0x5
 464 018f 9002     		.2byte	0x290
 465 0191 95010000 		.4byte	0x195
 466 0195 0A       		.uleb128 0xa
 467 0196 6D020000 		.4byte	.LASF70
 468 019a 7C       		.byte	0x7c
 469 019b 05       		.byte	0x5
 470 019c AB03     		.2byte	0x3ab
 471 019e 69030000 		.4byte	0x369
ARM GAS  C:\Users\EDULU~1.DES\AppData\Local\Temp\cc7EEanK.s 			page 14


 472 01a2 0B       		.uleb128 0xb
 473 01a3 55020000 		.4byte	.LASF36
 474 01a7 05       		.byte	0x5
 475 01a8 AC03     		.2byte	0x3ac
 476 01aa ED040000 		.4byte	0x4ed
 477 01ae 00       		.byte	0
 478 01af 0B       		.uleb128 0xb
 479 01b0 AE000000 		.4byte	.LASF37
 480 01b4 05       		.byte	0x5
 481 01b5 AE03     		.2byte	0x3ae
 482 01b7 AF000000 		.4byte	0xaf
 483 01bb 04       		.byte	0x4
 484 01bc 0B       		.uleb128 0xb
 485 01bd 02030000 		.4byte	.LASF38
 486 01c1 05       		.byte	0x5
 487 01c2 B003     		.2byte	0x3b0
 488 01c4 ED040000 		.4byte	0x4ed
 489 01c8 08       		.byte	0x8
 490 01c9 0B       		.uleb128 0xb
 491 01ca 6D050000 		.4byte	.LASF39
 492 01ce 05       		.byte	0x5
 493 01cf B203     		.2byte	0x3b2
 494 01d1 D5040000 		.4byte	0x4d5
 495 01d5 0C       		.byte	0xc
 496 01d6 0B       		.uleb128 0xb
 497 01d7 8D010000 		.4byte	.LASF40
 498 01db 05       		.byte	0x5
 499 01dc B303     		.2byte	0x3b3
 500 01de D5040000 		.4byte	0x4d5
 501 01e2 10       		.byte	0x10
 502 01e3 0B       		.uleb128 0xb
 503 01e4 2D030000 		.4byte	.LASF41
 504 01e8 05       		.byte	0x5
 505 01e9 B503     		.2byte	0x3b5
 506 01eb D5040000 		.4byte	0x4d5
 507 01ef 14       		.byte	0x14
 508 01f0 0B       		.uleb128 0xb
 509 01f1 C8040000 		.4byte	.LASF42
 510 01f5 05       		.byte	0x5
 511 01f6 B603     		.2byte	0x3b6
 512 01f8 D5040000 		.4byte	0x4d5
 513 01fc 18       		.byte	0x18
 514 01fd 0B       		.uleb128 0xb
 515 01fe 79030000 		.4byte	.LASF43
 516 0202 05       		.byte	0x5
 517 0203 B803     		.2byte	0x3b8
 518 0205 F3040000 		.4byte	0x4f3
 519 0209 1C       		.byte	0x1c
 520 020a 0B       		.uleb128 0xb
 521 020b 25010000 		.4byte	.LASF44
 522 020f 05       		.byte	0x5
 523 0210 BA03     		.2byte	0x3ba
 524 0212 E7040000 		.4byte	0x4e7
 525 0216 20       		.byte	0x20
 526 0217 0B       		.uleb128 0xb
 527 0218 09020000 		.4byte	.LASF45
 528 021c 05       		.byte	0x5
ARM GAS  C:\Users\EDULU~1.DES\AppData\Local\Temp\cc7EEanK.s 			page 15


 529 021d BC03     		.2byte	0x3bc
 530 021f ED040000 		.4byte	0x4ed
 531 0223 24       		.byte	0x24
 532 0224 0B       		.uleb128 0xb
 533 0225 24000000 		.4byte	.LASF46
 534 0229 05       		.byte	0x5
 535 022a C203     		.2byte	0x3c2
 536 022c 7D010000 		.4byte	0x17d
 537 0230 28       		.byte	0x28
 538 0231 0B       		.uleb128 0xb
 539 0232 32000000 		.4byte	.LASF47
 540 0236 05       		.byte	0x5
 541 0237 C303     		.2byte	0x3c3
 542 0239 AF000000 		.4byte	0xaf
 543 023d 2C       		.byte	0x2c
 544 023e 0B       		.uleb128 0xb
 545 023f 72040000 		.4byte	.LASF48
 546 0243 05       		.byte	0x5
 547 0244 C503     		.2byte	0x3c5
 548 0246 DB040000 		.4byte	0x4db
 549 024a 30       		.byte	0x30
 550 024b 0B       		.uleb128 0xb
 551 024c 48040000 		.4byte	.LASF49
 552 0250 05       		.byte	0x5
 553 0251 C603     		.2byte	0x3c6
 554 0253 5C010000 		.4byte	0x15c
 555 0257 34       		.byte	0x34
 556 0258 0B       		.uleb128 0xb
 557 0259 3F000000 		.4byte	.LASF50
 558 025d 05       		.byte	0x5
 559 025e C703     		.2byte	0x3c7
 560 0260 67010000 		.4byte	0x167
 561 0264 35       		.byte	0x35
 562 0265 0B       		.uleb128 0xb
 563 0266 0E030000 		.4byte	.LASF51
 564 026a 05       		.byte	0x5
 565 026b C903     		.2byte	0x3c9
 566 026d 5C010000 		.4byte	0x15c
 567 0271 36       		.byte	0x36
 568 0272 0B       		.uleb128 0xb
 569 0273 6D040000 		.4byte	.LASF52
 570 0277 05       		.byte	0x5
 571 0278 CA03     		.2byte	0x3ca
 572 027a 3B010000 		.4byte	0x13b
 573 027e 37       		.byte	0x37
 574 027f 0B       		.uleb128 0xb
 575 0280 70000000 		.4byte	.LASF53
 576 0284 05       		.byte	0x5
 577 0285 CB03     		.2byte	0x3cb
 578 0287 C7000000 		.4byte	0xc7
 579 028b 38       		.byte	0x38
 580 028c 0C       		.uleb128 0xc
 581 028d 4F707400 		.ascii	"Opt\000"
 582 0291 05       		.byte	0x5
 583 0292 CC03     		.2byte	0x3cc
 584 0294 30010000 		.4byte	0x130
 585 0298 3C       		.byte	0x3c
ARM GAS  C:\Users\EDULU~1.DES\AppData\Local\Temp\cc7EEanK.s 			page 16


 586 0299 0B       		.uleb128 0xb
 587 029a A1040000 		.4byte	.LASF54
 588 029e 05       		.byte	0x5
 589 029f CE03     		.2byte	0x3ce
 590 02a1 1A010000 		.4byte	0x11a
 591 02a5 3E       		.byte	0x3e
 592 02a6 0C       		.uleb128 0xc
 593 02a7 545300   		.ascii	"TS\000"
 594 02aa 05       		.byte	0x5
 595 02ab D003     		.2byte	0x3d0
 596 02ad F9000000 		.4byte	0xf9
 597 02b1 40       		.byte	0x40
 598 02b2 0B       		.uleb128 0xb
 599 02b3 08040000 		.4byte	.LASF55
 600 02b7 05       		.byte	0x5
 601 02b8 D203     		.2byte	0x3d2
 602 02ba 51010000 		.4byte	0x151
 603 02be 44       		.byte	0x44
 604 02bf 0B       		.uleb128 0xb
 605 02c0 C9030000 		.4byte	.LASF56
 606 02c4 05       		.byte	0x5
 607 02c5 D503     		.2byte	0x3d5
 608 02c7 72010000 		.4byte	0x172
 609 02cb 48       		.byte	0x48
 610 02cc 0B       		.uleb128 0xb
 611 02cd CF000000 		.4byte	.LASF57
 612 02d1 05       		.byte	0x5
 613 02d2 D603     		.2byte	0x3d6
 614 02d4 72010000 		.4byte	0x172
 615 02d8 4C       		.byte	0x4c
 616 02d9 0B       		.uleb128 0xb
 617 02da 4E010000 		.4byte	.LASF58
 618 02de 05       		.byte	0x5
 619 02df D703     		.2byte	0x3d7
 620 02e1 72010000 		.4byte	0x172
 621 02e5 50       		.byte	0x50
 622 02e6 0B       		.uleb128 0xb
 623 02e7 19050000 		.4byte	.LASF59
 624 02eb 05       		.byte	0x5
 625 02ec D903     		.2byte	0x3d9
 626 02ee 72010000 		.4byte	0x172
 627 02f2 54       		.byte	0x54
 628 02f3 0B       		.uleb128 0xb
 629 02f4 C1000000 		.4byte	.LASF60
 630 02f8 05       		.byte	0x5
 631 02f9 DA03     		.2byte	0x3da
 632 02fb 72010000 		.4byte	0x172
 633 02ff 58       		.byte	0x58
 634 0300 0B       		.uleb128 0xb
 635 0301 64030000 		.4byte	.LASF61
 636 0305 05       		.byte	0x5
 637 0306 EA03     		.2byte	0x3ea
 638 0308 F9040000 		.4byte	0x4f9
 639 030c 5C       		.byte	0x5c
 640 030d 0B       		.uleb128 0xb
 641 030e 12000000 		.4byte	.LASF62
 642 0312 05       		.byte	0x5
ARM GAS  C:\Users\EDULU~1.DES\AppData\Local\Temp\cc7EEanK.s 			page 17


 643 0313 F403     		.2byte	0x3f4
 644 0315 0F010000 		.4byte	0x10f
 645 0319 60       		.byte	0x60
 646 031a 0B       		.uleb128 0xb
 647 031b FC040000 		.4byte	.LASF63
 648 031f 05       		.byte	0x5
 649 0320 0504     		.2byte	0x405
 650 0322 C7000000 		.4byte	0xc7
 651 0326 64       		.byte	0x64
 652 0327 0B       		.uleb128 0xb
 653 0328 68000000 		.4byte	.LASF64
 654 032c 05       		.byte	0x5
 655 032d 0604     		.2byte	0x406
 656 032f C7000000 		.4byte	0xc7
 657 0333 68       		.byte	0x68
 658 0334 0B       		.uleb128 0xb
 659 0335 6B030000 		.4byte	.LASF65
 660 0339 05       		.byte	0x5
 661 033a 0A04     		.2byte	0x40a
 662 033c F9000000 		.4byte	0xf9
 663 0340 6C       		.byte	0x6c
 664 0341 0B       		.uleb128 0xb
 665 0342 43010000 		.4byte	.LASF66
 666 0346 05       		.byte	0x5
 667 0347 1104     		.2byte	0x411
 668 0349 D5040000 		.4byte	0x4d5
 669 034d 70       		.byte	0x70
 670 034e 0B       		.uleb128 0xb
 671 034f 24050000 		.4byte	.LASF67
 672 0353 05       		.byte	0x5
 673 0354 1204     		.2byte	0x412
 674 0356 D5040000 		.4byte	0x4d5
 675 035a 74       		.byte	0x74
 676 035b 0B       		.uleb128 0xb
 677 035c 62040000 		.4byte	.LASF68
 678 0360 05       		.byte	0x5
 679 0361 1304     		.2byte	0x413
 680 0363 E7040000 		.4byte	0x4e7
 681 0367 78       		.byte	0x78
 682 0368 00       		.byte	0
 683 0369 09       		.uleb128 0x9
 684 036a 14020000 		.4byte	.LASF69
 685 036e 05       		.byte	0x5
 686 036f 9E02     		.2byte	0x29e
 687 0371 75030000 		.4byte	0x375
 688 0375 0A       		.uleb128 0xa
 689 0376 54050000 		.4byte	.LASF71
 690 037a 08       		.byte	0x8
 691 037b 05       		.byte	0x5
 692 037c 1E04     		.2byte	0x41e
 693 037e AA030000 		.4byte	0x3aa
 694 0382 0B       		.uleb128 0xb
 695 0383 24030000 		.4byte	.LASF72
 696 0387 05       		.byte	0x5
 697 0388 1F04     		.2byte	0x41f
 698 038a D5040000 		.4byte	0x4d5
 699 038e 00       		.byte	0
ARM GAS  C:\Users\EDULU~1.DES\AppData\Local\Temp\cc7EEanK.s 			page 18


 700 038f 0B       		.uleb128 0xb
 701 0390 62050000 		.4byte	.LASF73
 702 0394 05       		.byte	0x5
 703 0395 2004     		.2byte	0x420
 704 0397 1A010000 		.4byte	0x11a
 705 039b 04       		.byte	0x4
 706 039c 0B       		.uleb128 0xb
 707 039d A0000000 		.4byte	.LASF74
 708 03a1 05       		.byte	0x5
 709 03a2 2104     		.2byte	0x421
 710 03a4 1A010000 		.4byte	0x11a
 711 03a8 06       		.byte	0x6
 712 03a9 00       		.byte	0
 713 03aa 09       		.uleb128 0x9
 714 03ab DC000000 		.4byte	.LASF75
 715 03af 05       		.byte	0x5
 716 03b0 A502     		.2byte	0x2a5
 717 03b2 B6030000 		.4byte	0x3b6
 718 03b6 0A       		.uleb128 0xa
 719 03b7 11010000 		.4byte	.LASF76
 720 03bb 20       		.byte	0x20
 721 03bc 05       		.byte	0x5
 722 03bd DD02     		.2byte	0x2dd
 723 03bf 2C040000 		.4byte	0x42c
 724 03c3 0B       		.uleb128 0xb
 725 03c4 8D010000 		.4byte	.LASF40
 726 03c8 05       		.byte	0x5
 727 03c9 DE02     		.2byte	0x2de
 728 03cb DB040000 		.4byte	0x4db
 729 03cf 00       		.byte	0
 730 03d0 0B       		.uleb128 0xb
 731 03d1 6D050000 		.4byte	.LASF39
 732 03d5 05       		.byte	0x5
 733 03d6 DF02     		.2byte	0x2df
 734 03d8 DB040000 		.4byte	0x4db
 735 03dc 04       		.byte	0x4
 736 03dd 0B       		.uleb128 0xb
 737 03de 0B000000 		.4byte	.LASF77
 738 03e2 05       		.byte	0x5
 739 03e3 E002     		.2byte	0x2e0
 740 03e5 D5040000 		.4byte	0x4d5
 741 03e9 08       		.byte	0x8
 742 03ea 0B       		.uleb128 0xb
 743 03eb 00000000 		.4byte	.LASF78
 744 03ef 05       		.byte	0x5
 745 03f0 E102     		.2byte	0x2e1
 746 03f2 E1040000 		.4byte	0x4e1
 747 03f6 0C       		.byte	0xc
 748 03f7 0B       		.uleb128 0xb
 749 03f8 A9030000 		.4byte	.LASF79
 750 03fc 05       		.byte	0x5
 751 03fd E202     		.2byte	0x2e2
 752 03ff E1040000 		.4byte	0x4e1
 753 0403 10       		.byte	0x10
 754 0404 0B       		.uleb128 0xb
 755 0405 2D010000 		.4byte	.LASF80
 756 0409 05       		.byte	0x5
ARM GAS  C:\Users\EDULU~1.DES\AppData\Local\Temp\cc7EEanK.s 			page 19


 757 040a E302     		.2byte	0x2e3
 758 040c AF000000 		.4byte	0xaf
 759 0410 14       		.byte	0x14
 760 0411 0B       		.uleb128 0xb
 761 0412 B4040000 		.4byte	.LASF81
 762 0416 05       		.byte	0x5
 763 0417 E402     		.2byte	0x2e4
 764 0419 04010000 		.4byte	0x104
 765 041d 18       		.byte	0x18
 766 041e 0B       		.uleb128 0xb
 767 041f 39030000 		.4byte	.LASF82
 768 0423 05       		.byte	0x5
 769 0424 E502     		.2byte	0x2e5
 770 0426 F9000000 		.4byte	0xf9
 771 042a 1C       		.byte	0x1c
 772 042b 00       		.byte	0
 773 042c 09       		.uleb128 0x9
 774 042d 64010000 		.4byte	.LASF83
 775 0431 05       		.byte	0x5
 776 0432 A602     		.2byte	0x2a6
 777 0434 38040000 		.4byte	0x438
 778 0438 0A       		.uleb128 0xa
 779 0439 D4040000 		.4byte	.LASF84
 780 043d 0C       		.byte	0xc
 781 043e 05       		.byte	0x5
 782 043f E902     		.2byte	0x2e9
 783 0441 6D040000 		.4byte	0x46d
 784 0445 0B       		.uleb128 0xb
 785 0446 80050000 		.4byte	.LASF85
 786 044a 05       		.byte	0x5
 787 044b EA02     		.2byte	0x2ea
 788 044d DB040000 		.4byte	0x4db
 789 0451 00       		.byte	0
 790 0452 0B       		.uleb128 0xb
 791 0453 65020000 		.4byte	.LASF86
 792 0457 05       		.byte	0x5
 793 0458 EB02     		.2byte	0x2eb
 794 045a DB040000 		.4byte	0x4db
 795 045e 04       		.byte	0x4
 796 045f 0B       		.uleb128 0xb
 797 0460 62050000 		.4byte	.LASF73
 798 0464 05       		.byte	0x5
 799 0465 EC02     		.2byte	0x2ec
 800 0467 1A010000 		.4byte	0x11a
 801 046b 08       		.byte	0x8
 802 046c 00       		.byte	0
 803 046d 09       		.uleb128 0x9
 804 046e 41050000 		.4byte	.LASF87
 805 0472 05       		.byte	0x5
 806 0473 A702     		.2byte	0x2a7
 807 0475 79040000 		.4byte	0x479
 808 0479 0A       		.uleb128 0xa
 809 047a 58030000 		.4byte	.LASF88
 810 047e 20       		.byte	0x20
 811 047f 05       		.byte	0x5
 812 0480 FF02     		.2byte	0x2ff
 813 0482 D5040000 		.4byte	0x4d5
ARM GAS  C:\Users\EDULU~1.DES\AppData\Local\Temp\cc7EEanK.s 			page 20


 814 0486 0B       		.uleb128 0xb
 815 0487 81040000 		.4byte	.LASF89
 816 048b 05       		.byte	0x5
 817 048c 0003     		.2byte	0x300
 818 048e 25010000 		.4byte	0x125
 819 0492 00       		.byte	0
 820 0493 0B       		.uleb128 0xb
 821 0494 25010000 		.4byte	.LASF44
 822 0498 05       		.byte	0x5
 823 0499 0103     		.2byte	0x301
 824 049b E7040000 		.4byte	0x4e7
 825 049f 04       		.byte	0x4
 826 04a0 0B       		.uleb128 0xb
 827 04a1 88050000 		.4byte	.LASF90
 828 04a5 05       		.byte	0x5
 829 04a6 0203     		.2byte	0x302
 830 04a8 2C040000 		.4byte	0x42c
 831 04ac 08       		.byte	0x8
 832 04ad 0B       		.uleb128 0xb
 833 04ae 43010000 		.4byte	.LASF66
 834 04b2 05       		.byte	0x5
 835 04b3 0403     		.2byte	0x304
 836 04b5 AF000000 		.4byte	0xaf
 837 04b9 14       		.byte	0x14
 838 04ba 0B       		.uleb128 0xb
 839 04bb 24050000 		.4byte	.LASF67
 840 04bf 05       		.byte	0x5
 841 04c0 0503     		.2byte	0x305
 842 04c2 AF000000 		.4byte	0xaf
 843 04c6 18       		.byte	0x18
 844 04c7 0B       		.uleb128 0xb
 845 04c8 62040000 		.4byte	.LASF68
 846 04cc 05       		.byte	0x5
 847 04cd 0603     		.2byte	0x306
 848 04cf E7040000 		.4byte	0x4e7
 849 04d3 1C       		.byte	0x1c
 850 04d4 00       		.byte	0
 851 04d5 05       		.uleb128 0x5
 852 04d6 04       		.byte	0x4
 853 04d7 89010000 		.4byte	0x189
 854 04db 05       		.uleb128 0x5
 855 04dc 04       		.byte	0x4
 856 04dd AA030000 		.4byte	0x3aa
 857 04e1 05       		.uleb128 0x5
 858 04e2 04       		.byte	0x4
 859 04e3 6D040000 		.4byte	0x46d
 860 04e7 05       		.uleb128 0x5
 861 04e8 04       		.byte	0x4
 862 04e9 25000000 		.4byte	0x25
 863 04ed 05       		.uleb128 0x5
 864 04ee 04       		.byte	0x4
 865 04ef BC000000 		.4byte	0xbc
 866 04f3 05       		.uleb128 0x5
 867 04f4 04       		.byte	0x4
 868 04f5 69030000 		.4byte	0x369
 869 04f9 0D       		.uleb128 0xd
 870 04fa 46010000 		.4byte	0x146
ARM GAS  C:\Users\EDULU~1.DES\AppData\Local\Temp\cc7EEanK.s 			page 21


 871 04fe 09050000 		.4byte	0x509
 872 0502 0E       		.uleb128 0xe
 873 0503 E7000000 		.4byte	0xe7
 874 0507 00       		.byte	0
 875 0508 00       		.byte	0
 876 0509 0F       		.uleb128 0xf
 877 050a 71010000 		.4byte	.LASF91
 878 050e 01       		.byte	0x1
 879 050f 34       		.byte	0x34
 880 0510 00000000 		.4byte	.LFB1
 881 0514 0A000000 		.4byte	.LFE1-.LFB1
 882 0518 01       		.uleb128 0x1
 883 0519 9C       		.byte	0x9c
 884 051a 0F       		.uleb128 0xf
 885 051b DF030000 		.4byte	.LASF92
 886 051f 01       		.byte	0x1
 887 0520 5D       		.byte	0x5d
 888 0521 00000000 		.4byte	.LFB2
 889 0525 0A000000 		.4byte	.LFE2-.LFB2
 890 0529 01       		.uleb128 0x1
 891 052a 9C       		.byte	0x9c
 892 052b 0F       		.uleb128 0xf
 893 052c F6000000 		.4byte	.LASF93
 894 0530 01       		.byte	0x1
 895 0531 86       		.byte	0x86
 896 0532 00000000 		.4byte	.LFB3
 897 0536 0A000000 		.4byte	.LFE3-.LFB3
 898 053a 01       		.uleb128 0x1
 899 053b 9C       		.byte	0x9c
 900 053c 0F       		.uleb128 0xf
 901 053d 78000000 		.4byte	.LASF94
 902 0541 01       		.byte	0x1
 903 0542 AC       		.byte	0xac
 904 0543 00000000 		.4byte	.LFB4
 905 0547 0A000000 		.4byte	.LFE4-.LFB4
 906 054b 01       		.uleb128 0x1
 907 054c 9C       		.byte	0x9c
 908 054d 10       		.uleb128 0x10
 909 054e 36020000 		.4byte	.LASF95
 910 0552 01       		.byte	0x1
 911 0553 BE       		.byte	0xbe
 912 0554 00000000 		.4byte	.LFB5
 913 0558 10000000 		.4byte	.LFE5-.LFB5
 914 055c 01       		.uleb128 0x1
 915 055d 9C       		.byte	0x9c
 916 055e 71050000 		.4byte	0x571
 917 0562 11       		.uleb128 0x11
 918 0563 30020000 		.4byte	.LASF97
 919 0567 01       		.byte	0x1
 920 0568 BE       		.byte	0xbe
 921 0569 D5040000 		.4byte	0x4d5
 922 056d 02       		.uleb128 0x2
 923 056e 91       		.byte	0x91
 924 056f 74       		.sleb128 -12
 925 0570 00       		.byte	0
 926 0571 10       		.uleb128 0x10
 927 0572 E1040000 		.4byte	.LASF96
ARM GAS  C:\Users\EDULU~1.DES\AppData\Local\Temp\cc7EEanK.s 			page 22


 928 0576 01       		.byte	0x1
 929 0577 D0       		.byte	0xd0
 930 0578 00000000 		.4byte	.LFB6
 931 057c 10000000 		.4byte	.LFE6-.LFB6
 932 0580 01       		.uleb128 0x1
 933 0581 9C       		.byte	0x9c
 934 0582 95050000 		.4byte	0x595
 935 0586 11       		.uleb128 0x11
 936 0587 30020000 		.4byte	.LASF97
 937 058b 01       		.byte	0x1
 938 058c D0       		.byte	0xd0
 939 058d D5040000 		.4byte	0x4d5
 940 0591 02       		.uleb128 0x2
 941 0592 91       		.byte	0x91
 942 0593 74       		.sleb128 -12
 943 0594 00       		.byte	0
 944 0595 10       		.uleb128 0x10
 945 0596 F2030000 		.4byte	.LASF98
 946 059a 01       		.byte	0x1
 947 059b E3       		.byte	0xe3
 948 059c 00000000 		.4byte	.LFB7
 949 05a0 10000000 		.4byte	.LFE7-.LFB7
 950 05a4 01       		.uleb128 0x1
 951 05a5 9C       		.byte	0x9c
 952 05a6 B9050000 		.4byte	0x5b9
 953 05aa 11       		.uleb128 0x11
 954 05ab 30020000 		.4byte	.LASF97
 955 05af 01       		.byte	0x1
 956 05b0 E3       		.byte	0xe3
 957 05b1 D5040000 		.4byte	0x4d5
 958 05b5 02       		.uleb128 0x2
 959 05b6 91       		.byte	0x91
 960 05b7 74       		.sleb128 -12
 961 05b8 00       		.byte	0
 962 05b9 0F       		.uleb128 0xf
 963 05ba 2F050000 		.4byte	.LASF99
 964 05be 01       		.byte	0x1
 965 05bf F9       		.byte	0xf9
 966 05c0 00000000 		.4byte	.LFB8
 967 05c4 0A000000 		.4byte	.LFE8-.LFB8
 968 05c8 01       		.uleb128 0x1
 969 05c9 9C       		.byte	0x9c
 970 05ca 12       		.uleb128 0x12
 971 05cb 4A000000 		.4byte	.LASF100
 972 05cf 01       		.byte	0x1
 973 05d0 0B01     		.2byte	0x10b
 974 05d2 00000000 		.4byte	.LFB9
 975 05d6 0A000000 		.4byte	.LFE9-.LFB9
 976 05da 01       		.uleb128 0x1
 977 05db 9C       		.byte	0x9c
 978 05dc 00       		.byte	0
 979              		.section	.debug_abbrev,"",%progbits
 980              	.Ldebug_abbrev0:
 981 0000 01       		.uleb128 0x1
 982 0001 11       		.uleb128 0x11
 983 0002 01       		.byte	0x1
 984 0003 25       		.uleb128 0x25
ARM GAS  C:\Users\EDULU~1.DES\AppData\Local\Temp\cc7EEanK.s 			page 23


 985 0004 0E       		.uleb128 0xe
 986 0005 13       		.uleb128 0x13
 987 0006 0B       		.uleb128 0xb
 988 0007 03       		.uleb128 0x3
 989 0008 0E       		.uleb128 0xe
 990 0009 1B       		.uleb128 0x1b
 991 000a 0E       		.uleb128 0xe
 992 000b 55       		.uleb128 0x55
 993 000c 17       		.uleb128 0x17
 994 000d 11       		.uleb128 0x11
 995 000e 01       		.uleb128 0x1
 996 000f 10       		.uleb128 0x10
 997 0010 17       		.uleb128 0x17
 998 0011 00       		.byte	0
 999 0012 00       		.byte	0
 1000 0013 02       		.uleb128 0x2
 1001 0014 16       		.uleb128 0x16
 1002 0015 00       		.byte	0
 1003 0016 03       		.uleb128 0x3
 1004 0017 0E       		.uleb128 0xe
 1005 0018 3A       		.uleb128 0x3a
 1006 0019 0B       		.uleb128 0xb
 1007 001a 3B       		.uleb128 0x3b
 1008 001b 0B       		.uleb128 0xb
 1009 001c 49       		.uleb128 0x49
 1010 001d 13       		.uleb128 0x13
 1011 001e 00       		.byte	0
 1012 001f 00       		.byte	0
 1013 0020 03       		.uleb128 0x3
 1014 0021 24       		.uleb128 0x24
 1015 0022 00       		.byte	0
 1016 0023 0B       		.uleb128 0xb
 1017 0024 0B       		.uleb128 0xb
 1018 0025 3E       		.uleb128 0x3e
 1019 0026 0B       		.uleb128 0xb
 1020 0027 03       		.uleb128 0x3
 1021 0028 0E       		.uleb128 0xe
 1022 0029 00       		.byte	0
 1023 002a 00       		.byte	0
 1024 002b 04       		.uleb128 0x4
 1025 002c 24       		.uleb128 0x24
 1026 002d 00       		.byte	0
 1027 002e 0B       		.uleb128 0xb
 1028 002f 0B       		.uleb128 0xb
 1029 0030 3E       		.uleb128 0x3e
 1030 0031 0B       		.uleb128 0xb
 1031 0032 03       		.uleb128 0x3
 1032 0033 08       		.uleb128 0x8
 1033 0034 00       		.byte	0
 1034 0035 00       		.byte	0
 1035 0036 05       		.uleb128 0x5
 1036 0037 0F       		.uleb128 0xf
 1037 0038 00       		.byte	0
 1038 0039 0B       		.uleb128 0xb
 1039 003a 0B       		.uleb128 0xb
 1040 003b 49       		.uleb128 0x49
 1041 003c 13       		.uleb128 0x13
ARM GAS  C:\Users\EDULU~1.DES\AppData\Local\Temp\cc7EEanK.s 			page 24


 1042 003d 00       		.byte	0
 1043 003e 00       		.byte	0
 1044 003f 06       		.uleb128 0x6
 1045 0040 15       		.uleb128 0x15
 1046 0041 01       		.byte	0x1
 1047 0042 27       		.uleb128 0x27
 1048 0043 19       		.uleb128 0x19
 1049 0044 01       		.uleb128 0x1
 1050 0045 13       		.uleb128 0x13
 1051 0046 00       		.byte	0
 1052 0047 00       		.byte	0
 1053 0048 07       		.uleb128 0x7
 1054 0049 05       		.uleb128 0x5
 1055 004a 00       		.byte	0
 1056 004b 49       		.uleb128 0x49
 1057 004c 13       		.uleb128 0x13
 1058 004d 00       		.byte	0
 1059 004e 00       		.byte	0
 1060 004f 08       		.uleb128 0x8
 1061 0050 0F       		.uleb128 0xf
 1062 0051 00       		.byte	0
 1063 0052 0B       		.uleb128 0xb
 1064 0053 0B       		.uleb128 0xb
 1065 0054 00       		.byte	0
 1066 0055 00       		.byte	0
 1067 0056 09       		.uleb128 0x9
 1068 0057 16       		.uleb128 0x16
 1069 0058 00       		.byte	0
 1070 0059 03       		.uleb128 0x3
 1071 005a 0E       		.uleb128 0xe
 1072 005b 3A       		.uleb128 0x3a
 1073 005c 0B       		.uleb128 0xb
 1074 005d 3B       		.uleb128 0x3b
 1075 005e 05       		.uleb128 0x5
 1076 005f 49       		.uleb128 0x49
 1077 0060 13       		.uleb128 0x13
 1078 0061 00       		.byte	0
 1079 0062 00       		.byte	0
 1080 0063 0A       		.uleb128 0xa
 1081 0064 13       		.uleb128 0x13
 1082 0065 01       		.byte	0x1
 1083 0066 03       		.uleb128 0x3
 1084 0067 0E       		.uleb128 0xe
 1085 0068 0B       		.uleb128 0xb
 1086 0069 0B       		.uleb128 0xb
 1087 006a 3A       		.uleb128 0x3a
 1088 006b 0B       		.uleb128 0xb
 1089 006c 3B       		.uleb128 0x3b
 1090 006d 05       		.uleb128 0x5
 1091 006e 01       		.uleb128 0x1
 1092 006f 13       		.uleb128 0x13
 1093 0070 00       		.byte	0
 1094 0071 00       		.byte	0
 1095 0072 0B       		.uleb128 0xb
 1096 0073 0D       		.uleb128 0xd
 1097 0074 00       		.byte	0
 1098 0075 03       		.uleb128 0x3
ARM GAS  C:\Users\EDULU~1.DES\AppData\Local\Temp\cc7EEanK.s 			page 25


 1099 0076 0E       		.uleb128 0xe
 1100 0077 3A       		.uleb128 0x3a
 1101 0078 0B       		.uleb128 0xb
 1102 0079 3B       		.uleb128 0x3b
 1103 007a 05       		.uleb128 0x5
 1104 007b 49       		.uleb128 0x49
 1105 007c 13       		.uleb128 0x13
 1106 007d 38       		.uleb128 0x38
 1107 007e 0B       		.uleb128 0xb
 1108 007f 00       		.byte	0
 1109 0080 00       		.byte	0
 1110 0081 0C       		.uleb128 0xc
 1111 0082 0D       		.uleb128 0xd
 1112 0083 00       		.byte	0
 1113 0084 03       		.uleb128 0x3
 1114 0085 08       		.uleb128 0x8
 1115 0086 3A       		.uleb128 0x3a
 1116 0087 0B       		.uleb128 0xb
 1117 0088 3B       		.uleb128 0x3b
 1118 0089 05       		.uleb128 0x5
 1119 008a 49       		.uleb128 0x49
 1120 008b 13       		.uleb128 0x13
 1121 008c 38       		.uleb128 0x38
 1122 008d 0B       		.uleb128 0xb
 1123 008e 00       		.byte	0
 1124 008f 00       		.byte	0
 1125 0090 0D       		.uleb128 0xd
 1126 0091 01       		.uleb128 0x1
 1127 0092 01       		.byte	0x1
 1128 0093 49       		.uleb128 0x49
 1129 0094 13       		.uleb128 0x13
 1130 0095 01       		.uleb128 0x1
 1131 0096 13       		.uleb128 0x13
 1132 0097 00       		.byte	0
 1133 0098 00       		.byte	0
 1134 0099 0E       		.uleb128 0xe
 1135 009a 21       		.uleb128 0x21
 1136 009b 00       		.byte	0
 1137 009c 49       		.uleb128 0x49
 1138 009d 13       		.uleb128 0x13
 1139 009e 2F       		.uleb128 0x2f
 1140 009f 0B       		.uleb128 0xb
 1141 00a0 00       		.byte	0
 1142 00a1 00       		.byte	0
 1143 00a2 0F       		.uleb128 0xf
 1144 00a3 2E       		.uleb128 0x2e
 1145 00a4 00       		.byte	0
 1146 00a5 3F       		.uleb128 0x3f
 1147 00a6 19       		.uleb128 0x19
 1148 00a7 03       		.uleb128 0x3
 1149 00a8 0E       		.uleb128 0xe
 1150 00a9 3A       		.uleb128 0x3a
 1151 00aa 0B       		.uleb128 0xb
 1152 00ab 3B       		.uleb128 0x3b
 1153 00ac 0B       		.uleb128 0xb
 1154 00ad 27       		.uleb128 0x27
 1155 00ae 19       		.uleb128 0x19
ARM GAS  C:\Users\EDULU~1.DES\AppData\Local\Temp\cc7EEanK.s 			page 26


 1156 00af 11       		.uleb128 0x11
 1157 00b0 01       		.uleb128 0x1
 1158 00b1 12       		.uleb128 0x12
 1159 00b2 06       		.uleb128 0x6
 1160 00b3 40       		.uleb128 0x40
 1161 00b4 18       		.uleb128 0x18
 1162 00b5 9742     		.uleb128 0x2117
 1163 00b7 19       		.uleb128 0x19
 1164 00b8 00       		.byte	0
 1165 00b9 00       		.byte	0
 1166 00ba 10       		.uleb128 0x10
 1167 00bb 2E       		.uleb128 0x2e
 1168 00bc 01       		.byte	0x1
 1169 00bd 3F       		.uleb128 0x3f
 1170 00be 19       		.uleb128 0x19
 1171 00bf 03       		.uleb128 0x3
 1172 00c0 0E       		.uleb128 0xe
 1173 00c1 3A       		.uleb128 0x3a
 1174 00c2 0B       		.uleb128 0xb
 1175 00c3 3B       		.uleb128 0x3b
 1176 00c4 0B       		.uleb128 0xb
 1177 00c5 27       		.uleb128 0x27
 1178 00c6 19       		.uleb128 0x19
 1179 00c7 11       		.uleb128 0x11
 1180 00c8 01       		.uleb128 0x1
 1181 00c9 12       		.uleb128 0x12
 1182 00ca 06       		.uleb128 0x6
 1183 00cb 40       		.uleb128 0x40
 1184 00cc 18       		.uleb128 0x18
 1185 00cd 9742     		.uleb128 0x2117
 1186 00cf 19       		.uleb128 0x19
 1187 00d0 01       		.uleb128 0x1
 1188 00d1 13       		.uleb128 0x13
 1189 00d2 00       		.byte	0
 1190 00d3 00       		.byte	0
 1191 00d4 11       		.uleb128 0x11
 1192 00d5 05       		.uleb128 0x5
 1193 00d6 00       		.byte	0
 1194 00d7 03       		.uleb128 0x3
 1195 00d8 0E       		.uleb128 0xe
 1196 00d9 3A       		.uleb128 0x3a
 1197 00da 0B       		.uleb128 0xb
 1198 00db 3B       		.uleb128 0x3b
 1199 00dc 0B       		.uleb128 0xb
 1200 00dd 49       		.uleb128 0x49
 1201 00de 13       		.uleb128 0x13
 1202 00df 02       		.uleb128 0x2
 1203 00e0 18       		.uleb128 0x18
 1204 00e1 00       		.byte	0
 1205 00e2 00       		.byte	0
 1206 00e3 12       		.uleb128 0x12
 1207 00e4 2E       		.uleb128 0x2e
 1208 00e5 00       		.byte	0
 1209 00e6 3F       		.uleb128 0x3f
 1210 00e7 19       		.uleb128 0x19
 1211 00e8 03       		.uleb128 0x3
 1212 00e9 0E       		.uleb128 0xe
ARM GAS  C:\Users\EDULU~1.DES\AppData\Local\Temp\cc7EEanK.s 			page 27


 1213 00ea 3A       		.uleb128 0x3a
 1214 00eb 0B       		.uleb128 0xb
 1215 00ec 3B       		.uleb128 0x3b
 1216 00ed 05       		.uleb128 0x5
 1217 00ee 27       		.uleb128 0x27
 1218 00ef 19       		.uleb128 0x19
 1219 00f0 11       		.uleb128 0x11
 1220 00f1 01       		.uleb128 0x1
 1221 00f2 12       		.uleb128 0x12
 1222 00f3 06       		.uleb128 0x6
 1223 00f4 40       		.uleb128 0x40
 1224 00f5 18       		.uleb128 0x18
 1225 00f6 9742     		.uleb128 0x2117
 1226 00f8 19       		.uleb128 0x19
 1227 00f9 00       		.byte	0
 1228 00fa 00       		.byte	0
 1229 00fb 00       		.byte	0
 1230              		.section	.debug_aranges,"",%progbits
 1231 0000 5C000000 		.4byte	0x5c
 1232 0004 0200     		.2byte	0x2
 1233 0006 00000000 		.4byte	.Ldebug_info0
 1234 000a 04       		.byte	0x4
 1235 000b 00       		.byte	0
 1236 000c 0000     		.2byte	0
 1237 000e 0000     		.2byte	0
 1238 0010 00000000 		.4byte	.LFB1
 1239 0014 0A000000 		.4byte	.LFE1-.LFB1
 1240 0018 00000000 		.4byte	.LFB2
 1241 001c 0A000000 		.4byte	.LFE2-.LFB2
 1242 0020 00000000 		.4byte	.LFB3
 1243 0024 0A000000 		.4byte	.LFE3-.LFB3
 1244 0028 00000000 		.4byte	.LFB4
 1245 002c 0A000000 		.4byte	.LFE4-.LFB4
 1246 0030 00000000 		.4byte	.LFB5
 1247 0034 10000000 		.4byte	.LFE5-.LFB5
 1248 0038 00000000 		.4byte	.LFB6
 1249 003c 10000000 		.4byte	.LFE6-.LFB6
 1250 0040 00000000 		.4byte	.LFB7
 1251 0044 10000000 		.4byte	.LFE7-.LFB7
 1252 0048 00000000 		.4byte	.LFB8
 1253 004c 0A000000 		.4byte	.LFE8-.LFB8
 1254 0050 00000000 		.4byte	.LFB9
 1255 0054 0A000000 		.4byte	.LFE9-.LFB9
 1256 0058 00000000 		.4byte	0
 1257 005c 00000000 		.4byte	0
 1258              		.section	.debug_ranges,"",%progbits
 1259              	.Ldebug_ranges0:
 1260 0000 00000000 		.4byte	.LFB1
 1261 0004 0A000000 		.4byte	.LFE1
 1262 0008 00000000 		.4byte	.LFB2
 1263 000c 0A000000 		.4byte	.LFE2
 1264 0010 00000000 		.4byte	.LFB3
 1265 0014 0A000000 		.4byte	.LFE3
 1266 0018 00000000 		.4byte	.LFB4
 1267 001c 0A000000 		.4byte	.LFE4
 1268 0020 00000000 		.4byte	.LFB5
 1269 0024 10000000 		.4byte	.LFE5
ARM GAS  C:\Users\EDULU~1.DES\AppData\Local\Temp\cc7EEanK.s 			page 28


 1270 0028 00000000 		.4byte	.LFB6
 1271 002c 10000000 		.4byte	.LFE6
 1272 0030 00000000 		.4byte	.LFB7
 1273 0034 10000000 		.4byte	.LFE7
 1274 0038 00000000 		.4byte	.LFB8
 1275 003c 0A000000 		.4byte	.LFE8
 1276 0040 00000000 		.4byte	.LFB9
 1277 0044 0A000000 		.4byte	.LFE9
 1278 0048 00000000 		.4byte	0
 1279 004c 00000000 		.4byte	0
 1280              		.section	.debug_line,"",%progbits
 1281              	.Ldebug_line0:
 1282 0000 7A010000 		.section	.debug_str,"MS",%progbits,1
 1282      0200D800 
 1282      00000201 
 1282      FB0E0D00 
 1282      01010101 
 1283              	.LASF78:
 1284 0000 50656E64 		.ascii	"PendObjPtr\000"
 1284      4F626A50 
 1284      747200
 1285              	.LASF77:
 1286 000b 54434250 		.ascii	"TCBPtr\000"
 1286      747200
 1287              	.LASF62:
 1288 0012 53757370 		.ascii	"SuspendCtr\000"
 1288      656E6443 
 1288      747200
 1289              	.LASF35:
 1290 001d 4F535F54 		.ascii	"OS_TCB\000"
 1290      434200
 1291              	.LASF46:
 1292 0024 5461736B 		.ascii	"TaskEntryAddr\000"
 1292      456E7472 
 1292      79416464 
 1292      7200
 1293              	.LASF47:
 1294 0032 5461736B 		.ascii	"TaskEntryArg\000"
 1294      456E7472 
 1294      79417267 
 1294      00
 1295              	.LASF50:
 1296 003f 50656E64 		.ascii	"PendStatus\000"
 1296      53746174 
 1296      757300
 1297              	.LASF100:
 1298 004a 4170705F 		.ascii	"App_OS_TimeTickHook\000"
 1298      4F535F54 
 1298      696D6554 
 1298      69636B48 
 1298      6F6F6B00 
 1299              	.LASF7:
 1300 005e 73686F72 		.ascii	"short int\000"
 1300      7420696E 
 1300      7400
 1301              	.LASF64:
 1302 0068 53746B46 		.ascii	"StkFree\000"
ARM GAS  C:\Users\EDULU~1.DES\AppData\Local\Temp\cc7EEanK.s 			page 29


 1302      72656500 
 1303              	.LASF53:
 1304 0070 53746B53 		.ascii	"StkSize\000"
 1304      697A6500 
 1305              	.LASF94:
 1306 0078 4170705F 		.ascii	"App_OS_StatTaskHook\000"
 1306      4F535F53 
 1306      74617454 
 1306      61736B48 
 1306      6F6F6B00 
 1307              	.LASF33:
 1308 008c 4F535F54 		.ascii	"OS_TICK\000"
 1308      49434B00 
 1309              	.LASF26:
 1310 0094 4F535F4F 		.ascii	"OS_OBJ_TYPE\000"
 1310      424A5F54 
 1310      59504500 
 1311              	.LASF74:
 1312 00a0 4E627245 		.ascii	"NbrEntriesMax\000"
 1312      6E747269 
 1312      65734D61 
 1312      7800
 1313              	.LASF37:
 1314 00ae 45787450 		.ascii	"ExtPtr\000"
 1314      747200
 1315              	.LASF19:
 1316 00b5 6C6F6E67 		.ascii	"long double\000"
 1316      20646F75 
 1316      626C6500 
 1317              	.LASF60:
 1318 00c1 54696D65 		.ascii	"TimeQuantaCtr\000"
 1318      5175616E 
 1318      74614374 
 1318      7200
 1319              	.LASF57:
 1320 00cf 5469636B 		.ascii	"TickCtrMatch\000"
 1320      4374724D 
 1320      61746368 
 1320      00
 1321              	.LASF75:
 1322 00dc 4F535F50 		.ascii	"OS_PEND_DATA\000"
 1322      454E445F 
 1322      44415441 
 1322      00
 1323              	.LASF16:
 1324 00e9 4350555F 		.ascii	"CPU_STK_SIZE\000"
 1324      53544B5F 
 1324      53495A45 
 1324      00
 1325              	.LASF93:
 1326 00f6 4170705F 		.ascii	"App_OS_IdleTaskHook\000"
 1326      4F535F49 
 1326      646C6554 
 1326      61736B48 
 1326      6F6F6B00 
 1327              	.LASF22:
 1328 010a 4350555F 		.ascii	"CPU_TS\000"
ARM GAS  C:\Users\EDULU~1.DES\AppData\Local\Temp\cc7EEanK.s 			page 30


 1328      545300
 1329              	.LASF76:
 1330 0111 6F735F70 		.ascii	"os_pend_data\000"
 1330      656E645F 
 1330      64617461 
 1330      00
 1331              	.LASF29:
 1332 011e 4F535F52 		.ascii	"OS_REG\000"
 1332      454700
 1333              	.LASF44:
 1334 0125 4E616D65 		.ascii	"NamePtr\000"
 1334      50747200 
 1335              	.LASF80:
 1336 012d 5264794D 		.ascii	"RdyMsgPtr\000"
 1336      73675074 
 1336      7200
 1337              	.LASF34:
 1338 0137 4F535F54 		.ascii	"OS_TASK_PTR\000"
 1338      41534B5F 
 1338      50545200 
 1339              	.LASF66:
 1340 0143 44626750 		.ascii	"DbgPrevPtr\000"
 1340      72657650 
 1340      747200
 1341              	.LASF58:
 1342 014e 5469636B 		.ascii	"TickRemain\000"
 1342      52656D61 
 1342      696E00
 1343              	.LASF30:
 1344 0159 4F535F53 		.ascii	"OS_SEM_CTR\000"
 1344      454D5F43 
 1344      545200
 1345              	.LASF83:
 1346 0164 4F535F50 		.ascii	"OS_PEND_LIST\000"
 1346      454E445F 
 1346      4C495354 
 1346      00
 1347              	.LASF91:
 1348 0171 4170705F 		.ascii	"App_OS_SetAllHooks\000"
 1348      4F535F53 
 1348      6574416C 
 1348      6C486F6F 
 1348      6B7300
 1349              	.LASF14:
 1350 0184 4350555F 		.ascii	"CPU_ADDR\000"
 1350      41444452 
 1350      00
 1351              	.LASF40:
 1352 018d 50726576 		.ascii	"PrevPtr\000"
 1352      50747200 
 1353              	.LASF103:
 1354 0195 433A5C55 		.ascii	"C:\\Users\\edulu.DESKTOP-961TG4K\\Documents\\PSoC C"
 1354      73657273 
 1354      5C656475 
 1354      6C752E44 
 1354      45534B54 
 1355 01c4 72656174 		.ascii	"reator\\Micrium\\Examples\\Cypress\\CY8CKIT-044\\OS"
ARM GAS  C:\Users\EDULU~1.DES\AppData\Local\Temp\cc7EEanK.s 			page 31


 1355      6F725C4D 
 1355      69637269 
 1355      756D5C45 
 1355      78616D70 
 1356 01f2 335C5053 		.ascii	"3\\PSoC\\OS3.cydsn\000"
 1356      6F435C4F 
 1356      53332E63 
 1356      7964736E 
 1356      00
 1357              	.LASF12:
 1358 0203 666C6F61 		.ascii	"float\000"
 1358      7400
 1359              	.LASF45:
 1360 0209 53746B42 		.ascii	"StkBasePtr\000"
 1360      61736550 
 1360      747200
 1361              	.LASF69:
 1362 0214 4F535F54 		.ascii	"OS_TICK_SPOKE\000"
 1362      49434B5F 
 1362      53504F4B 
 1362      4500
 1363              	.LASF11:
 1364 0222 6C6F6E67 		.ascii	"long long int\000"
 1364      206C6F6E 
 1364      6720696E 
 1364      7400
 1365              	.LASF97:
 1366 0230 705F7463 		.ascii	"p_tcb\000"
 1366      6200
 1367              	.LASF95:
 1368 0236 4170705F 		.ascii	"App_OS_TaskCreateHook\000"
 1368      4F535F54 
 1368      61736B43 
 1368      72656174 
 1368      65486F6F 
 1369              	.LASF17:
 1370 024c 6C6F6E67 		.ascii	"long int\000"
 1370      20696E74 
 1370      00
 1371              	.LASF36:
 1372 0255 53746B50 		.ascii	"StkPtr\000"
 1372      747200
 1373              	.LASF20:
 1374 025c 73697A65 		.ascii	"sizetype\000"
 1374      74797065 
 1374      00
 1375              	.LASF86:
 1376 0265 5461696C 		.ascii	"TailPtr\000"
 1376      50747200 
 1377              	.LASF70:
 1378 026d 6F735F74 		.ascii	"os_tcb\000"
 1378      636200
 1379              	.LASF101:
 1380 0274 474E5520 		.ascii	"GNU C11 5.4.1 20160609 (release) [ARM/embedded-5-br"
 1380      43313120 
 1380      352E342E 
 1380      31203230 
ARM GAS  C:\Users\EDULU~1.DES\AppData\Local\Temp\cc7EEanK.s 			page 32


 1380      31363036 
 1381 02a7 616E6368 		.ascii	"anch revision 237715] -mcpu=cortex-m0 -mthumb -g -O"
 1381      20726576 
 1381      6973696F 
 1381      6E203233 
 1381      37373135 
 1382 02da 30202D66 		.ascii	"0 -ffunction-sections -ffat-lto-objects\000"
 1382      66756E63 
 1382      74696F6E 
 1382      2D736563 
 1382      74696F6E 
 1383              	.LASF38:
 1384 0302 53746B4C 		.ascii	"StkLimitPtr\000"
 1384      696D6974 
 1384      50747200 
 1385              	.LASF51:
 1386 030e 5461736B 		.ascii	"TaskState\000"
 1386      53746174 
 1386      6500
 1387              	.LASF23:
 1388 0318 4F535F4D 		.ascii	"OS_MSG_SIZE\000"
 1388      53475F53 
 1388      495A4500 
 1389              	.LASF72:
 1390 0324 46697273 		.ascii	"FirstPtr\000"
 1390      74507472 
 1390      00
 1391              	.LASF41:
 1392 032d 5469636B 		.ascii	"TickNextPtr\000"
 1392      4E657874 
 1392      50747200 
 1393              	.LASF82:
 1394 0339 52647954 		.ascii	"RdyTS\000"
 1394      5300
 1395              	.LASF25:
 1396 033f 4F535F4F 		.ascii	"OS_OBJ_QTY\000"
 1396      424A5F51 
 1396      545900
 1397              	.LASF1:
 1398 034a 756E7369 		.ascii	"unsigned char\000"
 1398      676E6564 
 1398      20636861 
 1398      7200
 1399              	.LASF88:
 1400 0358 6F735F70 		.ascii	"os_pend_obj\000"
 1400      656E645F 
 1400      6F626A00 
 1401              	.LASF61:
 1402 0364 52656754 		.ascii	"RegTbl\000"
 1402      626C00
 1403              	.LASF65:
 1404 036b 496E7444 		.ascii	"IntDisTimeMax\000"
 1404      69735469 
 1404      6D654D61 
 1404      7800
 1405              	.LASF43:
 1406 0379 5469636B 		.ascii	"TickSpokePtr\000"
ARM GAS  C:\Users\EDULU~1.DES\AppData\Local\Temp\cc7EEanK.s 			page 33


 1406      53706F6B 
 1406      65507472 
 1406      00
 1407              	.LASF4:
 1408 0386 7369676E 		.ascii	"signed char\000"
 1408      65642063 
 1408      68617200 
 1409              	.LASF10:
 1410 0392 6C6F6E67 		.ascii	"long long unsigned int\000"
 1410      206C6F6E 
 1410      6720756E 
 1410      7369676E 
 1410      65642069 
 1411              	.LASF79:
 1412 03a9 5264794F 		.ascii	"RdyObjPtr\000"
 1412      626A5074 
 1412      7200
 1413              	.LASF2:
 1414 03b3 4350555F 		.ascii	"CPU_CHAR\000"
 1414      43484152 
 1414      00
 1415              	.LASF9:
 1416 03bc 756E7369 		.ascii	"unsigned int\000"
 1416      676E6564 
 1416      20696E74 
 1416      00
 1417              	.LASF56:
 1418 03c9 5469636B 		.ascii	"TickCtrPrev\000"
 1418      43747250 
 1418      72657600 
 1419              	.LASF32:
 1420 03d5 4F535F53 		.ascii	"OS_STATUS\000"
 1420      54415455 
 1420      5300
 1421              	.LASF92:
 1422 03df 4170705F 		.ascii	"App_OS_ClrAllHooks\000"
 1422      4F535F43 
 1422      6C72416C 
 1422      6C486F6F 
 1422      6B7300
 1423              	.LASF98:
 1424 03f2 4170705F 		.ascii	"App_OS_TaskReturnHook\000"
 1424      4F535F54 
 1424      61736B52 
 1424      65747572 
 1424      6E486F6F 
 1425              	.LASF55:
 1426 0408 53656D43 		.ascii	"SemCtr\000"
 1426      747200
 1427              	.LASF27:
 1428 040f 4F535F4F 		.ascii	"OS_OPT\000"
 1428      505400
 1429              	.LASF24:
 1430 0416 4F535F4E 		.ascii	"OS_NESTING_CTR\000"
 1430      45535449 
 1430      4E475F43 
 1430      545200
ARM GAS  C:\Users\EDULU~1.DES\AppData\Local\Temp\cc7EEanK.s 			page 34


 1431              	.LASF6:
 1432 0425 73686F72 		.ascii	"short unsigned int\000"
 1432      7420756E 
 1432      7369676E 
 1432      65642069 
 1432      6E7400
 1433              	.LASF3:
 1434 0438 4350555F 		.ascii	"CPU_INT08U\000"
 1434      494E5430 
 1434      385500
 1435              	.LASF0:
 1436 0443 63686172 		.ascii	"char\000"
 1436      00
 1437              	.LASF49:
 1438 0448 50656E64 		.ascii	"PendOn\000"
 1438      4F6E00
 1439              	.LASF28:
 1440 044f 4F535F50 		.ascii	"OS_PRIO\000"
 1440      52494F00 
 1441              	.LASF8:
 1442 0457 4350555F 		.ascii	"CPU_INT32U\000"
 1442      494E5433 
 1442      325500
 1443              	.LASF68:
 1444 0462 4462674E 		.ascii	"DbgNamePtr\000"
 1444      616D6550 
 1444      747200
 1445              	.LASF52:
 1446 046d 5072696F 		.ascii	"Prio\000"
 1446      00
 1447              	.LASF48:
 1448 0472 50656E64 		.ascii	"PendDataTblPtr\000"
 1448      44617461 
 1448      54626C50 
 1448      747200
 1449              	.LASF89:
 1450 0481 54797065 		.ascii	"Type\000"
 1450      00
 1451              	.LASF18:
 1452 0486 6C6F6E67 		.ascii	"long unsigned int\000"
 1452      20756E73 
 1452      69676E65 
 1452      6420696E 
 1452      7400
 1453              	.LASF31:
 1454 0498 4F535F53 		.ascii	"OS_STATE\000"
 1454      54415445 
 1454      00
 1455              	.LASF54:
 1456 04a1 50656E64 		.ascii	"PendDataTblEntries\000"
 1456      44617461 
 1456      54626C45 
 1456      6E747269 
 1456      657300
 1457              	.LASF81:
 1458 04b4 5264794D 		.ascii	"RdyMsgSize\000"
 1458      73675369 
ARM GAS  C:\Users\EDULU~1.DES\AppData\Local\Temp\cc7EEanK.s 			page 35


 1458      7A6500
 1459              	.LASF21:
 1460 04bf 4350555F 		.ascii	"CPU_TS32\000"
 1460      54533332 
 1460      00
 1461              	.LASF42:
 1462 04c8 5469636B 		.ascii	"TickPrevPtr\000"
 1462      50726576 
 1462      50747200 
 1463              	.LASF84:
 1464 04d4 6F735F70 		.ascii	"os_pend_list\000"
 1464      656E645F 
 1464      6C697374 
 1464      00
 1465              	.LASF96:
 1466 04e1 4170705F 		.ascii	"App_OS_TaskDelHook\000"
 1466      4F535F54 
 1466      61736B44 
 1466      656C486F 
 1466      6F6B00
 1467              	.LASF15:
 1468 04f4 4350555F 		.ascii	"CPU_STK\000"
 1468      53544B00 
 1469              	.LASF63:
 1470 04fc 53746B55 		.ascii	"StkUsed\000"
 1470      73656400 
 1471              	.LASF102:
 1472 0504 2E2E5C2E 		.ascii	"..\\..\\os_app_hooks.c\000"
 1472      2E5C6F73 
 1472      5F617070 
 1472      5F686F6F 
 1472      6B732E63 
 1473              	.LASF59:
 1474 0519 54696D65 		.ascii	"TimeQuanta\000"
 1474      5175616E 
 1474      746100
 1475              	.LASF67:
 1476 0524 4462674E 		.ascii	"DbgNextPtr\000"
 1476      65787450 
 1476      747200
 1477              	.LASF99:
 1478 052f 4170705F 		.ascii	"App_OS_TaskSwHook\000"
 1478      4F535F54 
 1478      61736B53 
 1478      77486F6F 
 1478      6B00
 1479              	.LASF87:
 1480 0541 4F535F50 		.ascii	"OS_PEND_OBJ\000"
 1480      454E445F 
 1480      4F424A00 
 1481              	.LASF13:
 1482 054d 646F7562 		.ascii	"double\000"
 1482      6C6500
 1483              	.LASF71:
 1484 0554 6F735F74 		.ascii	"os_tick_spoke\000"
 1484      69636B5F 
 1484      73706F6B 
ARM GAS  C:\Users\EDULU~1.DES\AppData\Local\Temp\cc7EEanK.s 			page 36


 1484      6500
 1485              	.LASF73:
 1486 0562 4E627245 		.ascii	"NbrEntries\000"
 1486      6E747269 
 1486      657300
 1487              	.LASF39:
 1488 056d 4E657874 		.ascii	"NextPtr\000"
 1488      50747200 
 1489              	.LASF5:
 1490 0575 4350555F 		.ascii	"CPU_INT16U\000"
 1490      494E5431 
 1490      365500
 1491              	.LASF85:
 1492 0580 48656164 		.ascii	"HeadPtr\000"
 1492      50747200 
 1493              	.LASF90:
 1494 0588 50656E64 		.ascii	"PendList\000"
 1494      4C697374 
 1494      00
 1495              		.ident	"GCC: (GNU Tools for ARM Embedded Processors) 5.4.1 20160609 (release) [ARM/embedded-5-bran
