ARM GAS  C:\Users\EDULU~1.DES\AppData\Local\Temp\ccfTnD9k.s 			page 1


   1              		.syntax unified
   2              		.cpu cortex-m0
   3              		.fpu softvfp
   4              		.eabi_attribute 20, 1
   5              		.eabi_attribute 21, 1
   6              		.eabi_attribute 23, 3
   7              		.eabi_attribute 24, 1
   8              		.eabi_attribute 25, 1
   9              		.eabi_attribute 26, 1
  10              		.eabi_attribute 30, 6
  11              		.eabi_attribute 34, 0
  12              		.eabi_attribute 18, 4
  13              		.thumb
  14              		.syntax unified
  15              		.file	"os_var.c"
  16              		.text
  17              	.Ltext0:
  18              		.cfi_sections	.debug_frame
  19              		.comm	OSIdleTaskCtr,4,4
  20              		.comm	OSIdleTaskTCB,124,4
  21              		.comm	OSIntNestingCtr,1,1
  22              		.comm	OSIntDisTimeMax,4,4
  23              		.comm	OSRunning,1,1
  24              		.comm	OSPrioCur,1,1
  25              		.comm	OSPrioHighRdy,1,1
  26              		.comm	OSPrioSaved,1,1
  27              		.comm	OSRdyList,384,4
  28              		.comm	OSSchedLockNestingCtr,1,1
  29              		.comm	OSSemDbgListPtr,4,4
  30              		.comm	OSSemQty,2,2
  31              		.comm	OSStatResetFlag,1,1
  32              		.comm	OSStatTaskCPUUsage,2,2
  33              		.comm	OSStatTaskCPUUsageMax,2,2
  34              		.comm	OSStatTaskCtr,4,4
  35              		.comm	OSStatTaskCtrMax,4,4
  36              		.comm	OSStatTaskCtrRun,4,4
  37              		.comm	OSStatTaskRdy,1,1
  38              		.comm	OSStatTaskTCB,124,4
  39              		.comm	OSStatTaskTimeMax,4,4
  40              		.comm	OSTaskCtxSwCtr,4,4
  41              		.comm	OSTaskDbgListPtr,4,4
  42              		.comm	OSTaskQty,2,2
  43              		.comm	OSTaskRegNextAvailID,1,1
  44              		.comm	OSTickCtr,4,4
  45              		.comm	OSTickTaskTCB,124,4
  46              		.comm	OSTickTaskTimeMax,4,4
  47              		.comm	OSTmrDbgListPtr,4,4
  48              		.comm	OSTmrQty,2,2
  49              		.comm	OSTmrTaskTCB,124,4
  50              		.comm	OSTmrTaskTimeMax,4,4
  51              		.comm	OSTmrTickCtr,4,4
  52              		.comm	OSTmrUpdateCnt,4,4
  53              		.comm	OSTmrUpdateCtr,4,4
  54              		.comm	OSTCBCurPtr,4,4
  55              		.comm	OSTCBHighRdyPtr,4,4
  56              	.Letext0:
  57              		.file 1 "..\\..\\..\\..\\..\\..\\Software\\uC-CPU\\ARM-Cortex-M0\\GNU/cpu.h"
ARM GAS  C:\Users\EDULU~1.DES\AppData\Local\Temp\ccfTnD9k.s 			page 2


  58              		.file 2 "..\\..\\..\\..\\..\\..\\Software\\uC-CPU/cpu_core.h"
  59              		.file 3 "..\\..\\..\\..\\..\\..\\Software\\uCOS-III\\Source/os_type.h"
  60              		.file 4 "..\\..\\..\\..\\..\\..\\Software\\uCOS-III\\Source/os.h"
  61              		.section	.debug_info,"",%progbits
  62              	.Ldebug_info0:
  63 0000 AA090000 		.4byte	0x9aa
  64 0004 0400     		.2byte	0x4
  65 0006 00000000 		.4byte	.Ldebug_abbrev0
  66 000a 04       		.byte	0x4
  67 000b 01       		.uleb128 0x1
  68 000c 95000000 		.4byte	.LASF147
  69 0010 0C       		.byte	0xc
  70 0011 03060000 		.4byte	.LASF148
  71 0015 DF030000 		.4byte	.LASF149
  72 0019 00000000 		.4byte	.Ldebug_line0
  73 001d 02       		.uleb128 0x2
  74 001e F0020000 		.4byte	.LASF0
  75 0022 01       		.byte	0x1
  76 0023 7C       		.byte	0x7c
  77 0024 28000000 		.4byte	0x28
  78 0028 03       		.uleb128 0x3
  79 0029 01       		.byte	0x1
  80 002a 08       		.byte	0x8
  81 002b 39030000 		.4byte	.LASF2
  82 002f 02       		.uleb128 0x2
  83 0030 E9050000 		.4byte	.LASF1
  84 0034 01       		.byte	0x1
  85 0035 7D       		.byte	0x7d
  86 0036 3A000000 		.4byte	0x3a
  87 003a 03       		.uleb128 0x3
  88 003b 01       		.byte	0x1
  89 003c 08       		.byte	0x8
  90 003d CF040000 		.4byte	.LASF3
  91 0041 02       		.uleb128 0x2
  92 0042 8E020000 		.4byte	.LASF4
  93 0046 01       		.byte	0x1
  94 0047 7E       		.byte	0x7e
  95 0048 3A000000 		.4byte	0x3a
  96 004c 03       		.uleb128 0x3
  97 004d 01       		.byte	0x1
  98 004e 06       		.byte	0x6
  99 004f F4060000 		.4byte	.LASF5
 100 0053 02       		.uleb128 0x2
 101 0054 CC030000 		.4byte	.LASF6
 102 0058 01       		.byte	0x1
 103 0059 80       		.byte	0x80
 104 005a 5E000000 		.4byte	0x5e
 105 005e 03       		.uleb128 0x3
 106 005f 02       		.byte	0x2
 107 0060 07       		.byte	0x7
 108 0061 00070000 		.4byte	.LASF7
 109 0065 03       		.uleb128 0x3
 110 0066 02       		.byte	0x2
 111 0067 05       		.byte	0x5
 112 0068 E3040000 		.4byte	.LASF8
 113 006c 02       		.uleb128 0x2
 114 006d 56000000 		.4byte	.LASF9
ARM GAS  C:\Users\EDULU~1.DES\AppData\Local\Temp\ccfTnD9k.s 			page 3


 115 0071 01       		.byte	0x1
 116 0072 82       		.byte	0x82
 117 0073 77000000 		.4byte	0x77
 118 0077 03       		.uleb128 0x3
 119 0078 04       		.byte	0x4
 120 0079 07       		.byte	0x7
 121 007a 79050000 		.4byte	.LASF10
 122 007e 04       		.uleb128 0x4
 123 007f 04       		.byte	0x4
 124 0080 05       		.byte	0x5
 125 0081 696E7400 		.ascii	"int\000"
 126 0085 03       		.uleb128 0x3
 127 0086 08       		.byte	0x8
 128 0087 07       		.byte	0x7
 129 0088 22020000 		.4byte	.LASF11
 130 008c 03       		.uleb128 0x3
 131 008d 08       		.byte	0x8
 132 008e 05       		.byte	0x5
 133 008f 8C030000 		.4byte	.LASF12
 134 0093 03       		.uleb128 0x3
 135 0094 04       		.byte	0x4
 136 0095 04       		.byte	0x4
 137 0096 F1010000 		.4byte	.LASF13
 138 009a 03       		.uleb128 0x3
 139 009b 08       		.byte	0x8
 140 009c 04       		.byte	0x4
 141 009d 3C070000 		.4byte	.LASF14
 142 00a1 05       		.uleb128 0x5
 143 00a2 04       		.byte	0x4
 144 00a3 A7000000 		.4byte	0xa7
 145 00a7 06       		.uleb128 0x6
 146 00a8 B2000000 		.4byte	0xb2
 147 00ac 07       		.uleb128 0x7
 148 00ad B2000000 		.4byte	0xb2
 149 00b1 00       		.byte	0
 150 00b2 08       		.uleb128 0x8
 151 00b3 04       		.byte	0x4
 152 00b4 02       		.uleb128 0x2
 153 00b5 CE050000 		.4byte	.LASF15
 154 00b9 01       		.byte	0x1
 155 00ba BA       		.byte	0xba
 156 00bb 6C000000 		.4byte	0x6c
 157 00bf 02       		.uleb128 0x2
 158 00c0 D1070000 		.4byte	.LASF16
 159 00c4 01       		.byte	0x1
 160 00c5 E5       		.byte	0xe5
 161 00c6 6C000000 		.4byte	0x6c
 162 00ca 02       		.uleb128 0x2
 163 00cb 00030000 		.4byte	.LASF17
 164 00cf 01       		.byte	0x1
 165 00d0 E6       		.byte	0xe6
 166 00d1 B4000000 		.4byte	0xb4
 167 00d5 03       		.uleb128 0x3
 168 00d6 04       		.byte	0x4
 169 00d7 05       		.byte	0x5
 170 00d8 0D050000 		.4byte	.LASF18
 171 00dc 03       		.uleb128 0x3
ARM GAS  C:\Users\EDULU~1.DES\AppData\Local\Temp\ccfTnD9k.s 			page 4


 172 00dd 04       		.byte	0x4
 173 00de 07       		.byte	0x7
 174 00df BC050000 		.4byte	.LASF19
 175 00e3 03       		.uleb128 0x3
 176 00e4 08       		.byte	0x8
 177 00e5 04       		.byte	0x4
 178 00e6 BC040000 		.4byte	.LASF20
 179 00ea 03       		.uleb128 0x3
 180 00eb 04       		.byte	0x4
 181 00ec 07       		.byte	0x7
 182 00ed B3050000 		.4byte	.LASF21
 183 00f1 02       		.uleb128 0x2
 184 00f2 4D040000 		.4byte	.LASF22
 185 00f6 02       		.byte	0x2
 186 00f7 C4       		.byte	0xc4
 187 00f8 6C000000 		.4byte	0x6c
 188 00fc 02       		.uleb128 0x2
 189 00fd 85030000 		.4byte	.LASF23
 190 0101 02       		.byte	0x2
 191 0102 C7       		.byte	0xc7
 192 0103 F1000000 		.4byte	0xf1
 193 0107 02       		.uleb128 0x2
 194 0108 39000000 		.4byte	.LASF24
 195 010c 03       		.byte	0x3
 196 010d 30       		.byte	0x30
 197 010e 53000000 		.4byte	0x53
 198 0112 02       		.uleb128 0x2
 199 0113 F9020000 		.4byte	.LASF25
 200 0117 03       		.byte	0x3
 201 0118 32       		.byte	0x32
 202 0119 6C000000 		.4byte	0x6c
 203 011d 02       		.uleb128 0x2
 204 011e 15000000 		.4byte	.LASF26
 205 0122 03       		.byte	0x3
 206 0123 34       		.byte	0x34
 207 0124 6C000000 		.4byte	0x6c
 208 0128 02       		.uleb128 0x2
 209 0129 B9030000 		.4byte	.LASF27
 210 012d 03       		.byte	0x3
 211 012e 3A       		.byte	0x3a
 212 012f 6C000000 		.4byte	0x6c
 213 0133 02       		.uleb128 0x2
 214 0134 D5020000 		.4byte	.LASF28
 215 0138 03       		.byte	0x3
 216 0139 40       		.byte	0x40
 217 013a 53000000 		.4byte	0x53
 218 013e 02       		.uleb128 0x2
 219 013f 2B050000 		.4byte	.LASF29
 220 0143 03       		.byte	0x3
 221 0144 42       		.byte	0x42
 222 0145 41000000 		.4byte	0x41
 223 0149 02       		.uleb128 0x2
 224 014a DE010000 		.4byte	.LASF30
 225 014e 03       		.byte	0x3
 226 014f 44       		.byte	0x44
 227 0150 53000000 		.4byte	0x53
 228 0154 02       		.uleb128 0x2
ARM GAS  C:\Users\EDULU~1.DES\AppData\Local\Temp\ccfTnD9k.s 			page 5


 229 0155 3E030000 		.4byte	.LASF31
 230 0159 03       		.byte	0x3
 231 015a 45       		.byte	0x45
 232 015b 6C000000 		.4byte	0x6c
 233 015f 02       		.uleb128 0x2
 234 0160 68060000 		.4byte	.LASF32
 235 0164 03       		.byte	0x3
 236 0165 47       		.byte	0x47
 237 0166 53000000 		.4byte	0x53
 238 016a 02       		.uleb128 0x2
 239 016b E9010000 		.4byte	.LASF33
 240 016f 03       		.byte	0x3
 241 0170 49       		.byte	0x49
 242 0171 41000000 		.4byte	0x41
 243 0175 02       		.uleb128 0x2
 244 0176 B6020000 		.4byte	.LASF34
 245 017a 03       		.byte	0x3
 246 017b 4F       		.byte	0x4f
 247 017c 6C000000 		.4byte	0x6c
 248 0180 02       		.uleb128 0x2
 249 0181 2D070000 		.4byte	.LASF35
 250 0185 03       		.byte	0x3
 251 0186 50       		.byte	0x50
 252 0187 41000000 		.4byte	0x41
 253 018b 02       		.uleb128 0x2
 254 018c 6D040000 		.4byte	.LASF36
 255 0190 03       		.byte	0x3
 256 0191 52       		.byte	0x52
 257 0192 6C000000 		.4byte	0x6c
 258 0196 02       		.uleb128 0x2
 259 0197 4D060000 		.4byte	.LASF37
 260 019b 03       		.byte	0x3
 261 019c 54       		.byte	0x54
 262 019d 41000000 		.4byte	0x41
 263 01a1 02       		.uleb128 0x2
 264 01a2 CB020000 		.4byte	.LASF38
 265 01a6 03       		.byte	0x3
 266 01a7 56       		.byte	0x56
 267 01a8 41000000 		.4byte	0x41
 268 01ac 02       		.uleb128 0x2
 269 01ad D7030000 		.4byte	.LASF39
 270 01b1 03       		.byte	0x3
 271 01b2 58       		.byte	0x58
 272 01b3 6C000000 		.4byte	0x6c
 273 01b7 09       		.uleb128 0x9
 274 01b8 3A050000 		.4byte	.LASF40
 275 01bc 04       		.byte	0x4
 276 01bd 8C02     		.2byte	0x28c
 277 01bf C3010000 		.4byte	0x1c3
 278 01c3 0A       		.uleb128 0xa
 279 01c4 72050000 		.4byte	.LASF49
 280 01c8 28       		.byte	0x28
 281 01c9 04       		.byte	0x4
 282 01ca 9503     		.2byte	0x395
 283 01cc 38020000 		.4byte	0x238
 284 01d0 0B       		.uleb128 0xb
 285 01d1 80030000 		.4byte	.LASF41
ARM GAS  C:\Users\EDULU~1.DES\AppData\Local\Temp\ccfTnD9k.s 			page 6


 286 01d5 04       		.byte	0x4
 287 01d6 9703     		.2byte	0x397
 288 01d8 54010000 		.4byte	0x154
 289 01dc 00       		.byte	0
 290 01dd 0B       		.uleb128 0xb
 291 01de 6D030000 		.4byte	.LASF42
 292 01e2 04       		.byte	0x4
 293 01e3 9803     		.2byte	0x398
 294 01e5 D5060000 		.4byte	0x6d5
 295 01e9 04       		.byte	0x4
 296 01ea 0B       		.uleb128 0xb
 297 01eb 4D050000 		.4byte	.LASF43
 298 01ef 04       		.byte	0x4
 299 01f0 9903     		.2byte	0x399
 300 01f2 1A060000 		.4byte	0x61a
 301 01f6 08       		.byte	0x8
 302 01f7 0B       		.uleb128 0xb
 303 01f8 30010000 		.4byte	.LASF44
 304 01fc 04       		.byte	0x4
 305 01fd 9B03     		.2byte	0x39b
 306 01ff DB060000 		.4byte	0x6db
 307 0203 14       		.byte	0x14
 308 0204 0B       		.uleb128 0xb
 309 0205 3B010000 		.4byte	.LASF45
 310 0209 04       		.byte	0x4
 311 020a 9C03     		.2byte	0x39c
 312 020c DB060000 		.4byte	0x6db
 313 0210 18       		.byte	0x18
 314 0211 0B       		.uleb128 0xb
 315 0212 91060000 		.4byte	.LASF46
 316 0216 04       		.byte	0x4
 317 0217 9D03     		.2byte	0x39d
 318 0219 D5060000 		.4byte	0x6d5
 319 021d 1C       		.byte	0x1c
 320 021e 0C       		.uleb128 0xc
 321 021f 43747200 		.ascii	"Ctr\000"
 322 0223 04       		.byte	0x4
 323 0224 A003     		.2byte	0x3a0
 324 0226 8B010000 		.4byte	0x18b
 325 022a 20       		.byte	0x20
 326 022b 0C       		.uleb128 0xc
 327 022c 545300   		.ascii	"TS\000"
 328 022f 04       		.byte	0x4
 329 0230 A103     		.2byte	0x3a1
 330 0232 FC000000 		.4byte	0xfc
 331 0236 24       		.byte	0x24
 332 0237 00       		.byte	0
 333 0238 09       		.uleb128 0x9
 334 0239 A2010000 		.4byte	.LASF47
 335 023d 04       		.byte	0x4
 336 023e 8E02     		.2byte	0x28e
 337 0240 A1000000 		.4byte	0xa1
 338 0244 09       		.uleb128 0x9
 339 0245 62070000 		.4byte	.LASF48
 340 0249 04       		.byte	0x4
 341 024a 9002     		.2byte	0x290
 342 024c 50020000 		.4byte	0x250
ARM GAS  C:\Users\EDULU~1.DES\AppData\Local\Temp\ccfTnD9k.s 			page 7


 343 0250 0A       		.uleb128 0xa
 344 0251 00000000 		.4byte	.LASF50
 345 0255 7C       		.byte	0x7c
 346 0256 04       		.byte	0x4
 347 0257 AB03     		.2byte	0x3ab
 348 0259 24040000 		.4byte	0x424
 349 025d 0B       		.uleb128 0xb
 350 025e 9A030000 		.4byte	.LASF51
 351 0262 04       		.byte	0x4
 352 0263 AC03     		.2byte	0x3ac
 353 0265 E1060000 		.4byte	0x6e1
 354 0269 00       		.byte	0
 355 026a 0B       		.uleb128 0xb
 356 026b AC050000 		.4byte	.LASF52
 357 026f 04       		.byte	0x4
 358 0270 AE03     		.2byte	0x3ae
 359 0272 B2000000 		.4byte	0xb2
 360 0276 04       		.byte	0x4
 361 0277 0B       		.uleb128 0xb
 362 0278 61040000 		.4byte	.LASF53
 363 027c 04       		.byte	0x4
 364 027d B003     		.2byte	0x3b0
 365 027f E1060000 		.4byte	0x6e1
 366 0283 08       		.byte	0x8
 367 0284 0B       		.uleb128 0xb
 368 0285 B4040000 		.4byte	.LASF54
 369 0289 04       		.byte	0x4
 370 028a B203     		.2byte	0x3b2
 371 028c C3060000 		.4byte	0x6c3
 372 0290 0C       		.byte	0xc
 373 0291 0B       		.uleb128 0xb
 374 0292 31030000 		.4byte	.LASF55
 375 0296 04       		.byte	0x4
 376 0297 B303     		.2byte	0x3b3
 377 0299 C3060000 		.4byte	0x6c3
 378 029d 10       		.byte	0x10
 379 029e 0B       		.uleb128 0xb
 380 029f 7F040000 		.4byte	.LASF56
 381 02a3 04       		.byte	0x4
 382 02a4 B503     		.2byte	0x3b5
 383 02a6 C3060000 		.4byte	0x6c3
 384 02aa 14       		.byte	0x14
 385 02ab 0B       		.uleb128 0xb
 386 02ac 19030000 		.4byte	.LASF57
 387 02b0 04       		.byte	0x4
 388 02b1 B603     		.2byte	0x3b6
 389 02b3 C3060000 		.4byte	0x6c3
 390 02b7 18       		.byte	0x18
 391 02b8 0B       		.uleb128 0xb
 392 02b9 84060000 		.4byte	.LASF58
 393 02bd 04       		.byte	0x4
 394 02be B803     		.2byte	0x3b8
 395 02c0 E7060000 		.4byte	0x6e7
 396 02c4 1C       		.byte	0x1c
 397 02c5 0B       		.uleb128 0xb
 398 02c6 6D030000 		.4byte	.LASF42
 399 02ca 04       		.byte	0x4
ARM GAS  C:\Users\EDULU~1.DES\AppData\Local\Temp\ccfTnD9k.s 			page 8


 400 02cb BA03     		.2byte	0x3ba
 401 02cd D5060000 		.4byte	0x6d5
 402 02d1 20       		.byte	0x20
 403 02d2 0B       		.uleb128 0xb
 404 02d3 A1020000 		.4byte	.LASF59
 405 02d7 04       		.byte	0x4
 406 02d8 BC03     		.2byte	0x3bc
 407 02da E1060000 		.4byte	0x6e1
 408 02de 24       		.byte	0x24
 409 02df 0B       		.uleb128 0xb
 410 02e0 5F030000 		.4byte	.LASF60
 411 02e4 04       		.byte	0x4
 412 02e5 C203     		.2byte	0x3c2
 413 02e7 38020000 		.4byte	0x238
 414 02eb 28       		.byte	0x28
 415 02ec 0B       		.uleb128 0xb
 416 02ed 9C060000 		.4byte	.LASF61
 417 02f1 04       		.byte	0x4
 418 02f2 C303     		.2byte	0x3c3
 419 02f4 B2000000 		.4byte	0xb2
 420 02f8 2C       		.byte	0x2c
 421 02f9 0B       		.uleb128 0xb
 422 02fa 1C050000 		.4byte	.LASF62
 423 02fe 04       		.byte	0x4
 424 02ff C503     		.2byte	0x3c5
 425 0301 C9060000 		.4byte	0x6c9
 426 0305 30       		.byte	0x30
 427 0306 0B       		.uleb128 0xb
 428 0307 73010000 		.4byte	.LASF63
 429 030b 04       		.byte	0x4
 430 030c C603     		.2byte	0x3c6
 431 030e 96010000 		.4byte	0x196
 432 0312 34       		.byte	0x34
 433 0313 0B       		.uleb128 0xb
 434 0314 75030000 		.4byte	.LASF64
 435 0318 04       		.byte	0x4
 436 0319 C703     		.2byte	0x3c7
 437 031b A1010000 		.4byte	0x1a1
 438 031f 35       		.byte	0x35
 439 0320 0B       		.uleb128 0xb
 440 0321 4A030000 		.4byte	.LASF65
 441 0325 04       		.byte	0x4
 442 0326 C903     		.2byte	0x3c9
 443 0328 96010000 		.4byte	0x196
 444 032c 36       		.byte	0x36
 445 032d 0B       		.uleb128 0xb
 446 032e 37070000 		.4byte	.LASF66
 447 0332 04       		.byte	0x4
 448 0333 CA03     		.2byte	0x3ca
 449 0335 6A010000 		.4byte	0x16a
 450 0339 37       		.byte	0x37
 451 033a 0B       		.uleb128 0xb
 452 033b 99020000 		.4byte	.LASF67
 453 033f 04       		.byte	0x4
 454 0340 CB03     		.2byte	0x3cb
 455 0342 CA000000 		.4byte	0xca
 456 0346 38       		.byte	0x38
ARM GAS  C:\Users\EDULU~1.DES\AppData\Local\Temp\ccfTnD9k.s 			page 9


 457 0347 0C       		.uleb128 0xc
 458 0348 4F707400 		.ascii	"Opt\000"
 459 034c 04       		.byte	0x4
 460 034d CC03     		.2byte	0x3cc
 461 034f 5F010000 		.4byte	0x15f
 462 0353 3C       		.byte	0x3c
 463 0354 0B       		.uleb128 0xb
 464 0355 7A010000 		.4byte	.LASF68
 465 0359 04       		.byte	0x4
 466 035a CE03     		.2byte	0x3ce
 467 035c 49010000 		.4byte	0x149
 468 0360 3E       		.byte	0x3e
 469 0361 0C       		.uleb128 0xc
 470 0362 545300   		.ascii	"TS\000"
 471 0365 04       		.byte	0x4
 472 0366 D003     		.2byte	0x3d0
 473 0368 FC000000 		.4byte	0xfc
 474 036c 40       		.byte	0x40
 475 036d 0B       		.uleb128 0xb
 476 036e 56050000 		.4byte	.LASF69
 477 0372 04       		.byte	0x4
 478 0373 D203     		.2byte	0x3d2
 479 0375 8B010000 		.4byte	0x18b
 480 0379 44       		.byte	0x44
 481 037a 0B       		.uleb128 0xb
 482 037b 0D030000 		.4byte	.LASF70
 483 037f 04       		.byte	0x4
 484 0380 D503     		.2byte	0x3d5
 485 0382 AC010000 		.4byte	0x1ac
 486 0386 48       		.byte	0x48
 487 0387 0B       		.uleb128 0xb
 488 0388 AE010000 		.4byte	.LASF71
 489 038c 04       		.byte	0x4
 490 038d D603     		.2byte	0x3d6
 491 038f AC010000 		.4byte	0x1ac
 492 0393 4C       		.byte	0x4c
 493 0394 0B       		.uleb128 0xb
 494 0395 67050000 		.4byte	.LASF72
 495 0399 04       		.byte	0x4
 496 039a D703     		.2byte	0x3d7
 497 039c AC010000 		.4byte	0x1ac
 498 03a0 50       		.byte	0x50
 499 03a1 0B       		.uleb128 0xb
 500 03a2 BA070000 		.4byte	.LASF73
 501 03a6 04       		.byte	0x4
 502 03a7 D903     		.2byte	0x3d9
 503 03a9 AC010000 		.4byte	0x1ac
 504 03ad 54       		.byte	0x54
 505 03ae 0B       		.uleb128 0xb
 506 03af 2B000000 		.4byte	.LASF74
 507 03b3 04       		.byte	0x4
 508 03b4 DA03     		.2byte	0x3da
 509 03b6 AC010000 		.4byte	0x1ac
 510 03ba 58       		.byte	0x58
 511 03bb 0B       		.uleb128 0xb
 512 03bc 93070000 		.4byte	.LASF75
 513 03c0 04       		.byte	0x4
ARM GAS  C:\Users\EDULU~1.DES\AppData\Local\Temp\ccfTnD9k.s 			page 10


 514 03c1 EA03     		.2byte	0x3ea
 515 03c3 ED060000 		.4byte	0x6ed
 516 03c7 5C       		.byte	0x5c
 517 03c8 0B       		.uleb128 0xb
 518 03c9 56040000 		.4byte	.LASF76
 519 03cd 04       		.byte	0x4
 520 03ce F403     		.2byte	0x3f4
 521 03d0 3E010000 		.4byte	0x13e
 522 03d4 60       		.byte	0x60
 523 03d5 0B       		.uleb128 0xb
 524 03d6 23000000 		.4byte	.LASF77
 525 03da 04       		.byte	0x4
 526 03db 0504     		.2byte	0x405
 527 03dd CA000000 		.4byte	0xca
 528 03e1 64       		.byte	0x64
 529 03e2 0B       		.uleb128 0xb
 530 03e3 B2070000 		.4byte	.LASF78
 531 03e7 04       		.byte	0x4
 532 03e8 0604     		.2byte	0x406
 533 03ea CA000000 		.4byte	0xca
 534 03ee 68       		.byte	0x68
 535 03ef 0B       		.uleb128 0xb
 536 03f0 FF040000 		.4byte	.LASF79
 537 03f4 04       		.byte	0x4
 538 03f5 0A04     		.2byte	0x40a
 539 03f7 FC000000 		.4byte	0xfc
 540 03fb 6C       		.byte	0x6c
 541 03fc 0B       		.uleb128 0xb
 542 03fd 30010000 		.4byte	.LASF44
 543 0401 04       		.byte	0x4
 544 0402 1104     		.2byte	0x411
 545 0404 C3060000 		.4byte	0x6c3
 546 0408 70       		.byte	0x70
 547 0409 0B       		.uleb128 0xb
 548 040a 3B010000 		.4byte	.LASF45
 549 040e 04       		.byte	0x4
 550 040f 1204     		.2byte	0x412
 551 0411 C3060000 		.4byte	0x6c3
 552 0415 74       		.byte	0x74
 553 0416 0B       		.uleb128 0xb
 554 0417 91060000 		.4byte	.LASF46
 555 041b 04       		.byte	0x4
 556 041c 1304     		.2byte	0x413
 557 041e D5060000 		.4byte	0x6d5
 558 0422 78       		.byte	0x78
 559 0423 00       		.byte	0
 560 0424 09       		.uleb128 0x9
 561 0425 87070000 		.4byte	.LASF80
 562 0429 04       		.byte	0x4
 563 042a 9C02     		.2byte	0x29c
 564 042c 30040000 		.4byte	0x430
 565 0430 0A       		.uleb128 0xa
 566 0431 39020000 		.4byte	.LASF81
 567 0435 0C       		.byte	0xc
 568 0436 04       		.byte	0x4
 569 0437 D002     		.2byte	0x2d0
 570 0439 65040000 		.4byte	0x465
ARM GAS  C:\Users\EDULU~1.DES\AppData\Local\Temp\ccfTnD9k.s 			page 11


 571 043d 0B       		.uleb128 0xb
 572 043e 46010000 		.4byte	.LASF82
 573 0442 04       		.byte	0x4
 574 0443 D102     		.2byte	0x2d1
 575 0445 C3060000 		.4byte	0x6c3
 576 0449 00       		.byte	0
 577 044a 0B       		.uleb128 0xb
 578 044b 9A010000 		.4byte	.LASF83
 579 044f 04       		.byte	0x4
 580 0450 D202     		.2byte	0x2d2
 581 0452 C3060000 		.4byte	0x6c3
 582 0456 04       		.byte	0x4
 583 0457 0B       		.uleb128 0xb
 584 0458 54030000 		.4byte	.LASF84
 585 045c 04       		.byte	0x4
 586 045d D302     		.2byte	0x2d3
 587 045f 49010000 		.4byte	0x149
 588 0463 08       		.byte	0x8
 589 0464 00       		.byte	0
 590 0465 09       		.uleb128 0x9
 591 0466 14020000 		.4byte	.LASF85
 592 046a 04       		.byte	0x4
 593 046b 9E02     		.2byte	0x29e
 594 046d 71040000 		.4byte	0x471
 595 0471 0A       		.uleb128 0xa
 596 0472 A1030000 		.4byte	.LASF86
 597 0476 08       		.byte	0x8
 598 0477 04       		.byte	0x4
 599 0478 1E04     		.2byte	0x41e
 600 047a A6040000 		.4byte	0x4a6
 601 047e 0B       		.uleb128 0xb
 602 047f 90050000 		.4byte	.LASF87
 603 0483 04       		.byte	0x4
 604 0484 1F04     		.2byte	0x41f
 605 0486 C3060000 		.4byte	0x6c3
 606 048a 00       		.byte	0
 607 048b 0B       		.uleb128 0xb
 608 048c 54030000 		.4byte	.LASF84
 609 0490 04       		.byte	0x4
 610 0491 2004     		.2byte	0x420
 611 0493 49010000 		.4byte	0x149
 612 0497 04       		.byte	0x4
 613 0498 0B       		.uleb128 0xb
 614 0499 C9060000 		.4byte	.LASF88
 615 049d 04       		.byte	0x4
 616 049e 2104     		.2byte	0x421
 617 04a0 49010000 		.4byte	0x149
 618 04a4 06       		.byte	0x6
 619 04a5 00       		.byte	0
 620 04a6 09       		.uleb128 0x9
 621 04a7 43070000 		.4byte	.LASF89
 622 04ab 04       		.byte	0x4
 623 04ac A002     		.2byte	0x2a0
 624 04ae B2040000 		.4byte	0x4b2
 625 04b2 05       		.uleb128 0x5
 626 04b3 04       		.byte	0x4
 627 04b4 B8040000 		.4byte	0x4b8
ARM GAS  C:\Users\EDULU~1.DES\AppData\Local\Temp\ccfTnD9k.s 			page 12


 628 04b8 06       		.uleb128 0x6
 629 04b9 C8040000 		.4byte	0x4c8
 630 04bd 07       		.uleb128 0x7
 631 04be B2000000 		.4byte	0xb2
 632 04c2 07       		.uleb128 0x7
 633 04c3 B2000000 		.4byte	0xb2
 634 04c7 00       		.byte	0
 635 04c8 09       		.uleb128 0x9
 636 04c9 C8040000 		.4byte	.LASF90
 637 04cd 04       		.byte	0x4
 638 04ce A102     		.2byte	0x2a1
 639 04d0 D4040000 		.4byte	0x4d4
 640 04d4 0A       		.uleb128 0xa
 641 04d5 F8040000 		.4byte	.LASF91
 642 04d9 34       		.byte	0x34
 643 04da 04       		.byte	0x4
 644 04db 2B04     		.2byte	0x42b
 645 04dd 98050000 		.4byte	0x598
 646 04e1 0B       		.uleb128 0xb
 647 04e2 80030000 		.4byte	.LASF41
 648 04e6 04       		.byte	0x4
 649 04e7 2C04     		.2byte	0x42c
 650 04e9 54010000 		.4byte	0x154
 651 04ed 00       		.byte	0
 652 04ee 0B       		.uleb128 0xb
 653 04ef 6D030000 		.4byte	.LASF42
 654 04f3 04       		.byte	0x4
 655 04f4 2D04     		.2byte	0x42d
 656 04f6 D5060000 		.4byte	0x6d5
 657 04fa 04       		.byte	0x4
 658 04fb 0B       		.uleb128 0xb
 659 04fc 25030000 		.4byte	.LASF92
 660 0500 04       		.byte	0x4
 661 0501 2E04     		.2byte	0x42e
 662 0503 A6040000 		.4byte	0x4a6
 663 0507 08       		.byte	0x8
 664 0508 0B       		.uleb128 0xb
 665 0509 9A070000 		.4byte	.LASF93
 666 050d 04       		.byte	0x4
 667 050e 2F04     		.2byte	0x42f
 668 0510 B2000000 		.4byte	0xb2
 669 0514 0C       		.byte	0xc
 670 0515 0B       		.uleb128 0xb
 671 0516 B4040000 		.4byte	.LASF54
 672 051a 04       		.byte	0x4
 673 051b 3004     		.2byte	0x430
 674 051d FD060000 		.4byte	0x6fd
 675 0521 10       		.byte	0x10
 676 0522 0B       		.uleb128 0xb
 677 0523 31030000 		.4byte	.LASF55
 678 0527 04       		.byte	0x4
 679 0528 3104     		.2byte	0x431
 680 052a FD060000 		.4byte	0x6fd
 681 052e 14       		.byte	0x14
 682 052f 0B       		.uleb128 0xb
 683 0530 16050000 		.4byte	.LASF94
 684 0534 04       		.byte	0x4
ARM GAS  C:\Users\EDULU~1.DES\AppData\Local\Temp\ccfTnD9k.s 			page 13


 685 0535 3204     		.2byte	0x432
 686 0537 AC010000 		.4byte	0x1ac
 687 053b 18       		.byte	0x18
 688 053c 0B       		.uleb128 0xb
 689 053d 78020000 		.4byte	.LASF95
 690 0541 04       		.byte	0x4
 691 0542 3304     		.2byte	0x433
 692 0544 AC010000 		.4byte	0x1ac
 693 0548 1C       		.byte	0x1c
 694 0549 0C       		.uleb128 0xc
 695 054a 446C7900 		.ascii	"Dly\000"
 696 054e 04       		.byte	0x4
 697 054f 3404     		.2byte	0x434
 698 0551 AC010000 		.4byte	0x1ac
 699 0555 20       		.byte	0x20
 700 0556 0B       		.uleb128 0xb
 701 0557 C5030000 		.4byte	.LASF96
 702 055b 04       		.byte	0x4
 703 055c 3504     		.2byte	0x435
 704 055e AC010000 		.4byte	0x1ac
 705 0562 24       		.byte	0x24
 706 0563 0C       		.uleb128 0xc
 707 0564 4F707400 		.ascii	"Opt\000"
 708 0568 04       		.byte	0x4
 709 0569 3604     		.2byte	0x436
 710 056b 5F010000 		.4byte	0x15f
 711 056f 28       		.byte	0x28
 712 0570 0B       		.uleb128 0xb
 713 0571 4E010000 		.4byte	.LASF97
 714 0575 04       		.byte	0x4
 715 0576 3704     		.2byte	0x437
 716 0578 96010000 		.4byte	0x196
 717 057c 2A       		.byte	0x2a
 718 057d 0B       		.uleb128 0xb
 719 057e 30010000 		.4byte	.LASF44
 720 0582 04       		.byte	0x4
 721 0583 3904     		.2byte	0x439
 722 0585 FD060000 		.4byte	0x6fd
 723 0589 2C       		.byte	0x2c
 724 058a 0B       		.uleb128 0xb
 725 058b 3B010000 		.4byte	.LASF45
 726 058f 04       		.byte	0x4
 727 0590 3A04     		.2byte	0x43a
 728 0592 FD060000 		.4byte	0x6fd
 729 0596 30       		.byte	0x30
 730 0597 00       		.byte	0
 731 0598 09       		.uleb128 0x9
 732 0599 5B020000 		.4byte	.LASF98
 733 059d 04       		.byte	0x4
 734 059e A502     		.2byte	0x2a5
 735 05a0 A4050000 		.4byte	0x5a4
 736 05a4 0A       		.uleb128 0xa
 737 05a5 F7010000 		.4byte	.LASF99
 738 05a9 20       		.byte	0x20
 739 05aa 04       		.byte	0x4
 740 05ab DD02     		.2byte	0x2dd
 741 05ad 1A060000 		.4byte	0x61a
ARM GAS  C:\Users\EDULU~1.DES\AppData\Local\Temp\ccfTnD9k.s 			page 14


 742 05b1 0B       		.uleb128 0xb
 743 05b2 31030000 		.4byte	.LASF55
 744 05b6 04       		.byte	0x4
 745 05b7 DE02     		.2byte	0x2de
 746 05b9 C9060000 		.4byte	0x6c9
 747 05bd 00       		.byte	0
 748 05be 0B       		.uleb128 0xb
 749 05bf B4040000 		.4byte	.LASF54
 750 05c3 04       		.byte	0x4
 751 05c4 DF02     		.2byte	0x2df
 752 05c6 C9060000 		.4byte	0x6c9
 753 05ca 04       		.byte	0x4
 754 05cb 0B       		.uleb128 0xb
 755 05cc 78040000 		.4byte	.LASF100
 756 05d0 04       		.byte	0x4
 757 05d1 E002     		.2byte	0x2e0
 758 05d3 C3060000 		.4byte	0x6c3
 759 05d7 08       		.byte	0x8
 760 05d8 0B       		.uleb128 0xb
 761 05d9 57070000 		.4byte	.LASF101
 762 05dd 04       		.byte	0x4
 763 05de E102     		.2byte	0x2e1
 764 05e0 CF060000 		.4byte	0x6cf
 765 05e4 0C       		.byte	0xc
 766 05e5 0B       		.uleb128 0xb
 767 05e6 AA040000 		.4byte	.LASF102
 768 05ea 04       		.byte	0x4
 769 05eb E202     		.2byte	0x2e2
 770 05ed CF060000 		.4byte	0x6cf
 771 05f1 10       		.byte	0x10
 772 05f2 0B       		.uleb128 0xb
 773 05f3 86050000 		.4byte	.LASF103
 774 05f7 04       		.byte	0x4
 775 05f8 E302     		.2byte	0x2e3
 776 05fa B2000000 		.4byte	0xb2
 777 05fe 14       		.byte	0x14
 778 05ff 0B       		.uleb128 0xb
 779 0600 ED040000 		.4byte	.LASF104
 780 0604 04       		.byte	0x4
 781 0605 E402     		.2byte	0x2e4
 782 0607 33010000 		.4byte	0x133
 783 060b 18       		.byte	0x18
 784 060c 0B       		.uleb128 0xb
 785 060d DD040000 		.4byte	.LASF105
 786 0611 04       		.byte	0x4
 787 0612 E502     		.2byte	0x2e5
 788 0614 FC000000 		.4byte	0xfc
 789 0618 1C       		.byte	0x1c
 790 0619 00       		.byte	0
 791 061a 09       		.uleb128 0x9
 792 061b D7060000 		.4byte	.LASF106
 793 061f 04       		.byte	0x4
 794 0620 A602     		.2byte	0x2a6
 795 0622 26060000 		.4byte	0x626
 796 0626 0A       		.uleb128 0xa
 797 0627 69070000 		.4byte	.LASF107
 798 062b 0C       		.byte	0xc
ARM GAS  C:\Users\EDULU~1.DES\AppData\Local\Temp\ccfTnD9k.s 			page 15


 799 062c 04       		.byte	0x4
 800 062d E902     		.2byte	0x2e9
 801 062f 5B060000 		.4byte	0x65b
 802 0633 0B       		.uleb128 0xb
 803 0634 46010000 		.4byte	.LASF82
 804 0638 04       		.byte	0x4
 805 0639 EA02     		.2byte	0x2ea
 806 063b C9060000 		.4byte	0x6c9
 807 063f 00       		.byte	0
 808 0640 0B       		.uleb128 0xb
 809 0641 9A010000 		.4byte	.LASF83
 810 0645 04       		.byte	0x4
 811 0646 EB02     		.2byte	0x2eb
 812 0648 C9060000 		.4byte	0x6c9
 813 064c 04       		.byte	0x4
 814 064d 0B       		.uleb128 0xb
 815 064e 54030000 		.4byte	.LASF84
 816 0652 04       		.byte	0x4
 817 0653 EC02     		.2byte	0x2ec
 818 0655 49010000 		.4byte	0x149
 819 0659 08       		.byte	0x8
 820 065a 00       		.byte	0
 821 065b 09       		.uleb128 0x9
 822 065c 41050000 		.4byte	.LASF108
 823 0660 04       		.byte	0x4
 824 0661 A702     		.2byte	0x2a7
 825 0663 67060000 		.4byte	0x667
 826 0667 0A       		.uleb128 0xa
 827 0668 C9010000 		.4byte	.LASF109
 828 066c 20       		.byte	0x20
 829 066d 04       		.byte	0x4
 830 066e FF02     		.2byte	0x2ff
 831 0670 C3060000 		.4byte	0x6c3
 832 0674 0B       		.uleb128 0xb
 833 0675 80030000 		.4byte	.LASF41
 834 0679 04       		.byte	0x4
 835 067a 0003     		.2byte	0x300
 836 067c 54010000 		.4byte	0x154
 837 0680 00       		.byte	0
 838 0681 0B       		.uleb128 0xb
 839 0682 6D030000 		.4byte	.LASF42
 840 0686 04       		.byte	0x4
 841 0687 0103     		.2byte	0x301
 842 0689 D5060000 		.4byte	0x6d5
 843 068d 04       		.byte	0x4
 844 068e 0B       		.uleb128 0xb
 845 068f 4D050000 		.4byte	.LASF43
 846 0693 04       		.byte	0x4
 847 0694 0203     		.2byte	0x302
 848 0696 1A060000 		.4byte	0x61a
 849 069a 08       		.byte	0x8
 850 069b 0B       		.uleb128 0xb
 851 069c 30010000 		.4byte	.LASF44
 852 06a0 04       		.byte	0x4
 853 06a1 0403     		.2byte	0x304
 854 06a3 B2000000 		.4byte	0xb2
 855 06a7 14       		.byte	0x14
ARM GAS  C:\Users\EDULU~1.DES\AppData\Local\Temp\ccfTnD9k.s 			page 16


 856 06a8 0B       		.uleb128 0xb
 857 06a9 3B010000 		.4byte	.LASF45
 858 06ad 04       		.byte	0x4
 859 06ae 0503     		.2byte	0x305
 860 06b0 B2000000 		.4byte	0xb2
 861 06b4 18       		.byte	0x18
 862 06b5 0B       		.uleb128 0xb
 863 06b6 91060000 		.4byte	.LASF46
 864 06ba 04       		.byte	0x4
 865 06bb 0603     		.2byte	0x306
 866 06bd D5060000 		.4byte	0x6d5
 867 06c1 1C       		.byte	0x1c
 868 06c2 00       		.byte	0
 869 06c3 05       		.uleb128 0x5
 870 06c4 04       		.byte	0x4
 871 06c5 44020000 		.4byte	0x244
 872 06c9 05       		.uleb128 0x5
 873 06ca 04       		.byte	0x4
 874 06cb 98050000 		.4byte	0x598
 875 06cf 05       		.uleb128 0x5
 876 06d0 04       		.byte	0x4
 877 06d1 5B060000 		.4byte	0x65b
 878 06d5 05       		.uleb128 0x5
 879 06d6 04       		.byte	0x4
 880 06d7 1D000000 		.4byte	0x1d
 881 06db 05       		.uleb128 0x5
 882 06dc 04       		.byte	0x4
 883 06dd B7010000 		.4byte	0x1b7
 884 06e1 05       		.uleb128 0x5
 885 06e2 04       		.byte	0x4
 886 06e3 BF000000 		.4byte	0xbf
 887 06e7 05       		.uleb128 0x5
 888 06e8 04       		.byte	0x4
 889 06e9 65040000 		.4byte	0x465
 890 06ed 0D       		.uleb128 0xd
 891 06ee 75010000 		.4byte	0x175
 892 06f2 FD060000 		.4byte	0x6fd
 893 06f6 0E       		.uleb128 0xe
 894 06f7 EA000000 		.4byte	0xea
 895 06fb 00       		.byte	0
 896 06fc 00       		.byte	0
 897 06fd 05       		.uleb128 0x5
 898 06fe 04       		.byte	0x4
 899 06ff C8040000 		.4byte	0x4c8
 900 0703 0F       		.uleb128 0xf
 901 0704 F5050000 		.4byte	.LASF110
 902 0708 04       		.byte	0x4
 903 0709 5B04     		.2byte	0x45b
 904 070b 28010000 		.4byte	0x128
 905 070f 05       		.uleb128 0x5
 906 0710 03       		.byte	0x3
 907 0711 00000000 		.4byte	OSIdleTaskCtr
 908 0715 0F       		.uleb128 0xf
 909 0716 BD020000 		.4byte	.LASF111
 910 071a 04       		.byte	0x4
 911 071b 5C04     		.2byte	0x45c
 912 071d 44020000 		.4byte	0x244
ARM GAS  C:\Users\EDULU~1.DES\AppData\Local\Temp\ccfTnD9k.s 			page 17


 913 0721 05       		.uleb128 0x5
 914 0722 03       		.byte	0x3
 915 0723 00000000 		.4byte	OSIdleTaskTCB
 916 0727 0F       		.uleb128 0xf
 917 0728 04020000 		.4byte	.LASF112
 918 072c 04       		.byte	0x4
 919 072d 5F04     		.2byte	0x45f
 920 072f 3E010000 		.4byte	0x13e
 921 0733 05       		.uleb128 0x5
 922 0734 03       		.byte	0x3
 923 0735 00000000 		.4byte	OSIntNestingCtr
 924 0739 0F       		.uleb128 0xf
 925 073a 46000000 		.4byte	.LASF113
 926 073e 04       		.byte	0x4
 927 073f 6104     		.2byte	0x461
 928 0741 FC000000 		.4byte	0xfc
 929 0745 05       		.uleb128 0x5
 930 0746 03       		.byte	0x3
 931 0747 00000000 		.4byte	OSIntDisTimeMax
 932 074b 0F       		.uleb128 0xf
 933 074c AF030000 		.4byte	.LASF114
 934 0750 04       		.byte	0x4
 935 0751 6404     		.2byte	0x464
 936 0753 96010000 		.4byte	0x196
 937 0757 05       		.uleb128 0x5
 938 0758 03       		.byte	0x3
 939 0759 00000000 		.4byte	OSRunning
 940 075d 0F       		.uleb128 0xf
 941 075e AC020000 		.4byte	.LASF115
 942 0762 04       		.byte	0x4
 943 0763 9004     		.2byte	0x490
 944 0765 6A010000 		.4byte	0x16a
 945 0769 05       		.uleb128 0x5
 946 076a 03       		.byte	0x3
 947 076b 00000000 		.4byte	OSPrioCur
 948 076f 0F       		.uleb128 0xf
 949 0770 BB010000 		.4byte	.LASF116
 950 0774 04       		.byte	0x4
 951 0775 9104     		.2byte	0x491
 952 0777 6A010000 		.4byte	0x16a
 953 077b 05       		.uleb128 0x5
 954 077c 03       		.byte	0x3
 955 077d 00000000 		.4byte	OSPrioHighRdy
 956 0781 0F       		.uleb128 0xf
 957 0782 C5070000 		.4byte	.LASF117
 958 0786 04       		.byte	0x4
 959 0787 9204     		.2byte	0x492
 960 0789 6A010000 		.4byte	0x16a
 961 078d 05       		.uleb128 0x5
 962 078e 03       		.byte	0x3
 963 078f 00000000 		.4byte	OSPrioSaved
 964 0793 0D       		.uleb128 0xd
 965 0794 24040000 		.4byte	0x424
 966 0798 A3070000 		.4byte	0x7a3
 967 079c 0E       		.uleb128 0xe
 968 079d EA000000 		.4byte	0xea
 969 07a1 1F       		.byte	0x1f
ARM GAS  C:\Users\EDULU~1.DES\AppData\Local\Temp\ccfTnD9k.s 			page 18


 970 07a2 00       		.byte	0
 971 07a3 0F       		.uleb128 0xf
 972 07a4 7D000000 		.4byte	.LASF118
 973 07a8 04       		.byte	0x4
 974 07a9 A004     		.2byte	0x4a0
 975 07ab 93070000 		.4byte	0x793
 976 07af 05       		.uleb128 0x5
 977 07b0 03       		.byte	0x3
 978 07b1 00000000 		.4byte	OSRdyList
 979 07b5 0F       		.uleb128 0xf
 980 07b6 37060000 		.4byte	.LASF119
 981 07ba 04       		.byte	0x4
 982 07bb AD04     		.2byte	0x4ad
 983 07bd 3E010000 		.4byte	0x13e
 984 07c1 05       		.uleb128 0x5
 985 07c2 03       		.byte	0x3
 986 07c3 00000000 		.4byte	OSSchedLockNestingCtr
 987 07c7 0F       		.uleb128 0xf
 988 07c8 68020000 		.4byte	.LASF120
 989 07cc 04       		.byte	0x4
 990 07cd B504     		.2byte	0x4b5
 991 07cf DB060000 		.4byte	0x6db
 992 07d3 05       		.uleb128 0x5
 993 07d4 03       		.byte	0x3
 994 07d5 00000000 		.4byte	OSSemDbgListPtr
 995 07d9 0F       		.uleb128 0xf
 996 07da D5010000 		.4byte	.LASF121
 997 07de 04       		.byte	0x4
 998 07df B704     		.2byte	0x4b7
 999 07e1 49010000 		.4byte	0x149
 1000 07e5 05       		.uleb128 0x5
 1001 07e6 03       		.byte	0x3
 1002 07e7 00000000 		.4byte	OSSemQty
 1003 07eb 0F       		.uleb128 0xf
 1004 07ec 13070000 		.4byte	.LASF122
 1005 07f0 04       		.byte	0x4
 1006 07f1 BC04     		.2byte	0x4bc
 1007 07f3 2F000000 		.4byte	0x2f
 1008 07f7 05       		.uleb128 0x5
 1009 07f8 03       		.byte	0x3
 1010 07f9 00000000 		.4byte	OSStatResetFlag
 1011 07fd 0F       		.uleb128 0xf
 1012 07fe 99050000 		.4byte	.LASF123
 1013 0802 04       		.byte	0x4
 1014 0803 BD04     		.2byte	0x4bd
 1015 0805 07010000 		.4byte	0x107
 1016 0809 05       		.uleb128 0x5
 1017 080a 03       		.byte	0x3
 1018 080b 00000000 		.4byte	OSStatTaskCPUUsage
 1019 080f 0F       		.uleb128 0xf
 1020 0810 45020000 		.4byte	.LASF124
 1021 0814 04       		.byte	0x4
 1022 0815 BE04     		.2byte	0x4be
 1023 0817 07010000 		.4byte	0x107
 1024 081b 05       		.uleb128 0x5
 1025 081c 03       		.byte	0x3
 1026 081d 00000000 		.4byte	OSStatTaskCPUUsageMax
ARM GAS  C:\Users\EDULU~1.DES\AppData\Local\Temp\ccfTnD9k.s 			page 19


 1027 0821 0F       		.uleb128 0xf
 1028 0822 87000000 		.4byte	.LASF125
 1029 0826 04       		.byte	0x4
 1030 0827 BF04     		.2byte	0x4bf
 1031 0829 AC010000 		.4byte	0x1ac
 1032 082d 05       		.uleb128 0x5
 1033 082e 03       		.byte	0x3
 1034 082f 00000000 		.4byte	OSStatTaskCtr
 1035 0833 0F       		.uleb128 0xf
 1036 0834 99040000 		.4byte	.LASF126
 1037 0838 04       		.byte	0x4
 1038 0839 C004     		.2byte	0x4c0
 1039 083b AC010000 		.4byte	0x1ac
 1040 083f 05       		.uleb128 0x5
 1041 0840 03       		.byte	0x3
 1042 0841 00000000 		.4byte	OSStatTaskCtrMax
 1043 0845 0F       		.uleb128 0xf
 1044 0846 A9060000 		.4byte	.LASF127
 1045 084a 04       		.byte	0x4
 1046 084b C104     		.2byte	0x4c1
 1047 084d AC010000 		.4byte	0x1ac
 1048 0851 05       		.uleb128 0x5
 1049 0852 03       		.byte	0x3
 1050 0853 00000000 		.4byte	OSStatTaskCtrRun
 1051 0857 0F       		.uleb128 0xf
 1052 0858 07000000 		.4byte	.LASF128
 1053 085c 04       		.byte	0x4
 1054 085d C204     		.2byte	0x4c2
 1055 085f 2F000000 		.4byte	0x2f
 1056 0863 05       		.uleb128 0x5
 1057 0864 03       		.byte	0x3
 1058 0865 00000000 		.4byte	OSStatTaskRdy
 1059 0869 0F       		.uleb128 0xf
 1060 086a 8B040000 		.4byte	.LASF129
 1061 086e 04       		.byte	0x4
 1062 086f C304     		.2byte	0x4c3
 1063 0871 44020000 		.4byte	0x244
 1064 0875 05       		.uleb128 0x5
 1065 0876 03       		.byte	0x3
 1066 0877 00000000 		.4byte	OSStatTaskTCB
 1067 087b 0F       		.uleb128 0xf
 1068 087c 56060000 		.4byte	.LASF130
 1069 0880 04       		.byte	0x4
 1070 0881 C404     		.2byte	0x4c4
 1071 0883 FC000000 		.4byte	0xfc
 1072 0887 05       		.uleb128 0x5
 1073 0888 03       		.byte	0x3
 1074 0889 00000000 		.4byte	OSStatTaskTimeMax
 1075 088d 0F       		.uleb128 0xf
 1076 088e E1020000 		.4byte	.LASF131
 1077 0892 04       		.byte	0x4
 1078 0893 C804     		.2byte	0x4c8
 1079 0895 1D010000 		.4byte	0x11d
 1080 0899 05       		.uleb128 0x5
 1081 089a 03       		.byte	0x3
 1082 089b 00000000 		.4byte	OSTaskCtxSwCtr
 1083 089f 0F       		.uleb128 0xf
ARM GAS  C:\Users\EDULU~1.DES\AppData\Local\Temp\ccfTnD9k.s 			page 20


 1084 08a0 76070000 		.4byte	.LASF132
 1085 08a4 04       		.byte	0x4
 1086 08a5 CA04     		.2byte	0x4ca
 1087 08a7 C3060000 		.4byte	0x6c3
 1088 08ab 05       		.uleb128 0x5
 1089 08ac 03       		.byte	0x3
 1090 08ad 00000000 		.4byte	OSTaskDbgListPtr
 1091 08b1 0F       		.uleb128 0xf
 1092 08b2 23070000 		.4byte	.LASF133
 1093 08b6 04       		.byte	0x4
 1094 08b7 CC04     		.2byte	0x4cc
 1095 08b9 49010000 		.4byte	0x149
 1096 08bd 05       		.uleb128 0x5
 1097 08be 03       		.byte	0x3
 1098 08bf 00000000 		.4byte	OSTaskQty
 1099 08c3 0F       		.uleb128 0xf
 1100 08c4 6F060000 		.4byte	.LASF134
 1101 08c8 04       		.byte	0x4
 1102 08c9 CF04     		.2byte	0x4cf
 1103 08cb 80010000 		.4byte	0x180
 1104 08cf 05       		.uleb128 0x5
 1105 08d0 03       		.byte	0x3
 1106 08d1 00000000 		.4byte	OSTaskRegNextAvailID
 1107 08d5 0F       		.uleb128 0xf
 1108 08d6 5D050000 		.4byte	.LASF135
 1109 08da 04       		.byte	0x4
 1110 08db D304     		.2byte	0x4d3
 1111 08dd AC010000 		.4byte	0x1ac
 1112 08e1 05       		.uleb128 0x5
 1113 08e2 03       		.byte	0x3
 1114 08e3 00000000 		.4byte	OSTickCtr
 1115 08e7 0F       		.uleb128 0xf
 1116 08e8 54010000 		.4byte	.LASF136
 1117 08ec 04       		.byte	0x4
 1118 08ed D404     		.2byte	0x4d4
 1119 08ef 44020000 		.4byte	0x244
 1120 08f3 05       		.uleb128 0x5
 1121 08f4 03       		.byte	0x3
 1122 08f5 00000000 		.4byte	OSTickTaskTCB
 1123 08f9 0F       		.uleb128 0xf
 1124 08fa D7050000 		.4byte	.LASF137
 1125 08fe 04       		.byte	0x4
 1126 08ff D504     		.2byte	0x4d5
 1127 0901 FC000000 		.4byte	0xfc
 1128 0905 05       		.uleb128 0x5
 1129 0906 03       		.byte	0x3
 1130 0907 00000000 		.4byte	OSTickTaskTimeMax
 1131 090b 0F       		.uleb128 0xf
 1132 090c E4060000 		.4byte	.LASF138
 1133 0910 04       		.byte	0x4
 1134 0911 DA04     		.2byte	0x4da
 1135 0913 FD060000 		.4byte	0x6fd
 1136 0917 05       		.uleb128 0x5
 1137 0918 03       		.byte	0x3
 1138 0919 00000000 		.4byte	OSTmrDbgListPtr
 1139 091d 0F       		.uleb128 0xf
 1140 091e A9070000 		.4byte	.LASF139
ARM GAS  C:\Users\EDULU~1.DES\AppData\Local\Temp\ccfTnD9k.s 			page 21


 1141 0922 04       		.byte	0x4
 1142 0923 DC04     		.2byte	0x4dc
 1143 0925 49010000 		.4byte	0x149
 1144 0929 05       		.uleb128 0x5
 1145 092a 03       		.byte	0x3
 1146 092b 00000000 		.4byte	OSTmrQty
 1147 092f 0F       		.uleb128 0xf
 1148 0930 23010000 		.4byte	.LASF140
 1149 0934 04       		.byte	0x4
 1150 0935 DD04     		.2byte	0x4dd
 1151 0937 44020000 		.4byte	0x244
 1152 093b 05       		.uleb128 0x5
 1153 093c 03       		.byte	0x3
 1154 093d 00000000 		.4byte	OSTmrTaskTCB
 1155 0941 0F       		.uleb128 0xf
 1156 0942 62010000 		.4byte	.LASF141
 1157 0946 04       		.byte	0x4
 1158 0947 DE04     		.2byte	0x4de
 1159 0949 FC000000 		.4byte	0xfc
 1160 094d 05       		.uleb128 0x5
 1161 094e 03       		.byte	0x3
 1162 094f 00000000 		.4byte	OSTmrTaskTimeMax
 1163 0953 0F       		.uleb128 0xf
 1164 0954 8D010000 		.4byte	.LASF142
 1165 0958 04       		.byte	0x4
 1166 0959 DF04     		.2byte	0x4df
 1167 095b AC010000 		.4byte	0x1ac
 1168 095f 05       		.uleb128 0x5
 1169 0960 03       		.byte	0x3
 1170 0961 00000000 		.4byte	OSTmrTickCtr
 1171 0965 0F       		.uleb128 0xf
 1172 0966 BA060000 		.4byte	.LASF143
 1173 096a 04       		.byte	0x4
 1174 096b E004     		.2byte	0x4e0
 1175 096d 12010000 		.4byte	0x112
 1176 0971 05       		.uleb128 0x5
 1177 0972 03       		.byte	0x3
 1178 0973 00000000 		.4byte	OSTmrUpdateCnt
 1179 0977 0F       		.uleb128 0xf
 1180 0978 7F020000 		.4byte	.LASF144
 1181 097c 04       		.byte	0x4
 1182 097d E104     		.2byte	0x4e1
 1183 097f 12010000 		.4byte	0x112
 1184 0983 05       		.uleb128 0x5
 1185 0984 03       		.byte	0x3
 1186 0985 00000000 		.4byte	OSTmrUpdateCtr
 1187 0989 0F       		.uleb128 0xf
 1188 098a 71000000 		.4byte	.LASF145
 1189 098e 04       		.byte	0x4
 1190 098f E504     		.2byte	0x4e5
 1191 0991 C3060000 		.4byte	0x6c3
 1192 0995 05       		.uleb128 0x5
 1193 0996 03       		.byte	0x3
 1194 0997 00000000 		.4byte	OSTCBCurPtr
 1195 099b 0F       		.uleb128 0xf
 1196 099c 61000000 		.4byte	.LASF146
 1197 09a0 04       		.byte	0x4
ARM GAS  C:\Users\EDULU~1.DES\AppData\Local\Temp\ccfTnD9k.s 			page 22


 1198 09a1 E604     		.2byte	0x4e6
 1199 09a3 C3060000 		.4byte	0x6c3
 1200 09a7 05       		.uleb128 0x5
 1201 09a8 03       		.byte	0x3
 1202 09a9 00000000 		.4byte	OSTCBHighRdyPtr
 1203 09ad 00       		.byte	0
 1204              		.section	.debug_abbrev,"",%progbits
 1205              	.Ldebug_abbrev0:
 1206 0000 01       		.uleb128 0x1
 1207 0001 11       		.uleb128 0x11
 1208 0002 01       		.byte	0x1
 1209 0003 25       		.uleb128 0x25
 1210 0004 0E       		.uleb128 0xe
 1211 0005 13       		.uleb128 0x13
 1212 0006 0B       		.uleb128 0xb
 1213 0007 03       		.uleb128 0x3
 1214 0008 0E       		.uleb128 0xe
 1215 0009 1B       		.uleb128 0x1b
 1216 000a 0E       		.uleb128 0xe
 1217 000b 10       		.uleb128 0x10
 1218 000c 17       		.uleb128 0x17
 1219 000d 00       		.byte	0
 1220 000e 00       		.byte	0
 1221 000f 02       		.uleb128 0x2
 1222 0010 16       		.uleb128 0x16
 1223 0011 00       		.byte	0
 1224 0012 03       		.uleb128 0x3
 1225 0013 0E       		.uleb128 0xe
 1226 0014 3A       		.uleb128 0x3a
 1227 0015 0B       		.uleb128 0xb
 1228 0016 3B       		.uleb128 0x3b
 1229 0017 0B       		.uleb128 0xb
 1230 0018 49       		.uleb128 0x49
 1231 0019 13       		.uleb128 0x13
 1232 001a 00       		.byte	0
 1233 001b 00       		.byte	0
 1234 001c 03       		.uleb128 0x3
 1235 001d 24       		.uleb128 0x24
 1236 001e 00       		.byte	0
 1237 001f 0B       		.uleb128 0xb
 1238 0020 0B       		.uleb128 0xb
 1239 0021 3E       		.uleb128 0x3e
 1240 0022 0B       		.uleb128 0xb
 1241 0023 03       		.uleb128 0x3
 1242 0024 0E       		.uleb128 0xe
 1243 0025 00       		.byte	0
 1244 0026 00       		.byte	0
 1245 0027 04       		.uleb128 0x4
 1246 0028 24       		.uleb128 0x24
 1247 0029 00       		.byte	0
 1248 002a 0B       		.uleb128 0xb
 1249 002b 0B       		.uleb128 0xb
 1250 002c 3E       		.uleb128 0x3e
 1251 002d 0B       		.uleb128 0xb
 1252 002e 03       		.uleb128 0x3
 1253 002f 08       		.uleb128 0x8
 1254 0030 00       		.byte	0
ARM GAS  C:\Users\EDULU~1.DES\AppData\Local\Temp\ccfTnD9k.s 			page 23


 1255 0031 00       		.byte	0
 1256 0032 05       		.uleb128 0x5
 1257 0033 0F       		.uleb128 0xf
 1258 0034 00       		.byte	0
 1259 0035 0B       		.uleb128 0xb
 1260 0036 0B       		.uleb128 0xb
 1261 0037 49       		.uleb128 0x49
 1262 0038 13       		.uleb128 0x13
 1263 0039 00       		.byte	0
 1264 003a 00       		.byte	0
 1265 003b 06       		.uleb128 0x6
 1266 003c 15       		.uleb128 0x15
 1267 003d 01       		.byte	0x1
 1268 003e 27       		.uleb128 0x27
 1269 003f 19       		.uleb128 0x19
 1270 0040 01       		.uleb128 0x1
 1271 0041 13       		.uleb128 0x13
 1272 0042 00       		.byte	0
 1273 0043 00       		.byte	0
 1274 0044 07       		.uleb128 0x7
 1275 0045 05       		.uleb128 0x5
 1276 0046 00       		.byte	0
 1277 0047 49       		.uleb128 0x49
 1278 0048 13       		.uleb128 0x13
 1279 0049 00       		.byte	0
 1280 004a 00       		.byte	0
 1281 004b 08       		.uleb128 0x8
 1282 004c 0F       		.uleb128 0xf
 1283 004d 00       		.byte	0
 1284 004e 0B       		.uleb128 0xb
 1285 004f 0B       		.uleb128 0xb
 1286 0050 00       		.byte	0
 1287 0051 00       		.byte	0
 1288 0052 09       		.uleb128 0x9
 1289 0053 16       		.uleb128 0x16
 1290 0054 00       		.byte	0
 1291 0055 03       		.uleb128 0x3
 1292 0056 0E       		.uleb128 0xe
 1293 0057 3A       		.uleb128 0x3a
 1294 0058 0B       		.uleb128 0xb
 1295 0059 3B       		.uleb128 0x3b
 1296 005a 05       		.uleb128 0x5
 1297 005b 49       		.uleb128 0x49
 1298 005c 13       		.uleb128 0x13
 1299 005d 00       		.byte	0
 1300 005e 00       		.byte	0
 1301 005f 0A       		.uleb128 0xa
 1302 0060 13       		.uleb128 0x13
 1303 0061 01       		.byte	0x1
 1304 0062 03       		.uleb128 0x3
 1305 0063 0E       		.uleb128 0xe
 1306 0064 0B       		.uleb128 0xb
 1307 0065 0B       		.uleb128 0xb
 1308 0066 3A       		.uleb128 0x3a
 1309 0067 0B       		.uleb128 0xb
 1310 0068 3B       		.uleb128 0x3b
 1311 0069 05       		.uleb128 0x5
ARM GAS  C:\Users\EDULU~1.DES\AppData\Local\Temp\ccfTnD9k.s 			page 24


 1312 006a 01       		.uleb128 0x1
 1313 006b 13       		.uleb128 0x13
 1314 006c 00       		.byte	0
 1315 006d 00       		.byte	0
 1316 006e 0B       		.uleb128 0xb
 1317 006f 0D       		.uleb128 0xd
 1318 0070 00       		.byte	0
 1319 0071 03       		.uleb128 0x3
 1320 0072 0E       		.uleb128 0xe
 1321 0073 3A       		.uleb128 0x3a
 1322 0074 0B       		.uleb128 0xb
 1323 0075 3B       		.uleb128 0x3b
 1324 0076 05       		.uleb128 0x5
 1325 0077 49       		.uleb128 0x49
 1326 0078 13       		.uleb128 0x13
 1327 0079 38       		.uleb128 0x38
 1328 007a 0B       		.uleb128 0xb
 1329 007b 00       		.byte	0
 1330 007c 00       		.byte	0
 1331 007d 0C       		.uleb128 0xc
 1332 007e 0D       		.uleb128 0xd
 1333 007f 00       		.byte	0
 1334 0080 03       		.uleb128 0x3
 1335 0081 08       		.uleb128 0x8
 1336 0082 3A       		.uleb128 0x3a
 1337 0083 0B       		.uleb128 0xb
 1338 0084 3B       		.uleb128 0x3b
 1339 0085 05       		.uleb128 0x5
 1340 0086 49       		.uleb128 0x49
 1341 0087 13       		.uleb128 0x13
 1342 0088 38       		.uleb128 0x38
 1343 0089 0B       		.uleb128 0xb
 1344 008a 00       		.byte	0
 1345 008b 00       		.byte	0
 1346 008c 0D       		.uleb128 0xd
 1347 008d 01       		.uleb128 0x1
 1348 008e 01       		.byte	0x1
 1349 008f 49       		.uleb128 0x49
 1350 0090 13       		.uleb128 0x13
 1351 0091 01       		.uleb128 0x1
 1352 0092 13       		.uleb128 0x13
 1353 0093 00       		.byte	0
 1354 0094 00       		.byte	0
 1355 0095 0E       		.uleb128 0xe
 1356 0096 21       		.uleb128 0x21
 1357 0097 00       		.byte	0
 1358 0098 49       		.uleb128 0x49
 1359 0099 13       		.uleb128 0x13
 1360 009a 2F       		.uleb128 0x2f
 1361 009b 0B       		.uleb128 0xb
 1362 009c 00       		.byte	0
 1363 009d 00       		.byte	0
 1364 009e 0F       		.uleb128 0xf
 1365 009f 34       		.uleb128 0x34
 1366 00a0 00       		.byte	0
 1367 00a1 03       		.uleb128 0x3
 1368 00a2 0E       		.uleb128 0xe
ARM GAS  C:\Users\EDULU~1.DES\AppData\Local\Temp\ccfTnD9k.s 			page 25


 1369 00a3 3A       		.uleb128 0x3a
 1370 00a4 0B       		.uleb128 0xb
 1371 00a5 3B       		.uleb128 0x3b
 1372 00a6 05       		.uleb128 0x5
 1373 00a7 49       		.uleb128 0x49
 1374 00a8 13       		.uleb128 0x13
 1375 00a9 3F       		.uleb128 0x3f
 1376 00aa 19       		.uleb128 0x19
 1377 00ab 02       		.uleb128 0x2
 1378 00ac 18       		.uleb128 0x18
 1379 00ad 00       		.byte	0
 1380 00ae 00       		.byte	0
 1381 00af 00       		.byte	0
 1382              		.section	.debug_aranges,"",%progbits
 1383 0000 14000000 		.4byte	0x14
 1384 0004 0200     		.2byte	0x2
 1385 0006 00000000 		.4byte	.Ldebug_info0
 1386 000a 04       		.byte	0x4
 1387 000b 00       		.byte	0
 1388 000c 0000     		.2byte	0
 1389 000e 0000     		.2byte	0
 1390 0010 00000000 		.4byte	0
 1391 0014 00000000 		.4byte	0
 1392              		.section	.debug_line,"",%progbits
 1393              	.Ldebug_line0:
 1394 0000 C6000000 		.section	.debug_str,"MS",%progbits,1
 1394      0200C000 
 1394      00000201 
 1394      FB0E0D00 
 1394      01010101 
 1395              	.LASF50:
 1396 0000 6F735F74 		.ascii	"os_tcb\000"
 1396      636200
 1397              	.LASF128:
 1398 0007 4F535374 		.ascii	"OSStatTaskRdy\000"
 1398      61745461 
 1398      736B5264 
 1398      7900
 1399              	.LASF26:
 1400 0015 4F535F43 		.ascii	"OS_CTX_SW_CTR\000"
 1400      54585F53 
 1400      575F4354 
 1400      5200
 1401              	.LASF77:
 1402 0023 53746B55 		.ascii	"StkUsed\000"
 1402      73656400 
 1403              	.LASF74:
 1404 002b 54696D65 		.ascii	"TimeQuantaCtr\000"
 1404      5175616E 
 1404      74614374 
 1404      7200
 1405              	.LASF24:
 1406 0039 4F535F43 		.ascii	"OS_CPU_USAGE\000"
 1406      50555F55 
 1406      53414745 
 1406      00
 1407              	.LASF113:
ARM GAS  C:\Users\EDULU~1.DES\AppData\Local\Temp\ccfTnD9k.s 			page 26


 1408 0046 4F53496E 		.ascii	"OSIntDisTimeMax\000"
 1408      74446973 
 1408      54696D65 
 1408      4D617800 
 1409              	.LASF9:
 1410 0056 4350555F 		.ascii	"CPU_INT32U\000"
 1410      494E5433 
 1410      325500
 1411              	.LASF146:
 1412 0061 4F535443 		.ascii	"OSTCBHighRdyPtr\000"
 1412      42486967 
 1412      68526479 
 1412      50747200 
 1413              	.LASF145:
 1414 0071 4F535443 		.ascii	"OSTCBCurPtr\000"
 1414      42437572 
 1414      50747200 
 1415              	.LASF118:
 1416 007d 4F535264 		.ascii	"OSRdyList\000"
 1416      794C6973 
 1416      7400
 1417              	.LASF125:
 1418 0087 4F535374 		.ascii	"OSStatTaskCtr\000"
 1418      61745461 
 1418      736B4374 
 1418      7200
 1419              	.LASF147:
 1420 0095 474E5520 		.ascii	"GNU C11 5.4.1 20160609 (release) [ARM/embedded-5-br"
 1420      43313120 
 1420      352E342E 
 1420      31203230 
 1420      31363036 
 1421 00c8 616E6368 		.ascii	"anch revision 237715] -mcpu=cortex-m0 -mthumb -g -O"
 1421      20726576 
 1421      6973696F 
 1421      6E203233 
 1421      37373135 
 1422 00fb 30202D66 		.ascii	"0 -ffunction-sections -ffat-lto-objects\000"
 1422      66756E63 
 1422      74696F6E 
 1422      2D736563 
 1422      74696F6E 
 1423              	.LASF140:
 1424 0123 4F53546D 		.ascii	"OSTmrTaskTCB\000"
 1424      72546173 
 1424      6B544342 
 1424      00
 1425              	.LASF44:
 1426 0130 44626750 		.ascii	"DbgPrevPtr\000"
 1426      72657650 
 1426      747200
 1427              	.LASF45:
 1428 013b 4462674E 		.ascii	"DbgNextPtr\000"
 1428      65787450 
 1428      747200
 1429              	.LASF82:
 1430 0146 48656164 		.ascii	"HeadPtr\000"
ARM GAS  C:\Users\EDULU~1.DES\AppData\Local\Temp\ccfTnD9k.s 			page 27


 1430      50747200 
 1431              	.LASF97:
 1432 014e 53746174 		.ascii	"State\000"
 1432      6500
 1433              	.LASF136:
 1434 0154 4F535469 		.ascii	"OSTickTaskTCB\000"
 1434      636B5461 
 1434      736B5443 
 1434      4200
 1435              	.LASF141:
 1436 0162 4F53546D 		.ascii	"OSTmrTaskTimeMax\000"
 1436      72546173 
 1436      6B54696D 
 1436      654D6178 
 1436      00
 1437              	.LASF63:
 1438 0173 50656E64 		.ascii	"PendOn\000"
 1438      4F6E00
 1439              	.LASF68:
 1440 017a 50656E64 		.ascii	"PendDataTblEntries\000"
 1440      44617461 
 1440      54626C45 
 1440      6E747269 
 1440      657300
 1441              	.LASF142:
 1442 018d 4F53546D 		.ascii	"OSTmrTickCtr\000"
 1442      72546963 
 1442      6B437472 
 1442      00
 1443              	.LASF83:
 1444 019a 5461696C 		.ascii	"TailPtr\000"
 1444      50747200 
 1445              	.LASF47:
 1446 01a2 4F535F54 		.ascii	"OS_TASK_PTR\000"
 1446      41534B5F 
 1446      50545200 
 1447              	.LASF71:
 1448 01ae 5469636B 		.ascii	"TickCtrMatch\000"
 1448      4374724D 
 1448      61746368 
 1448      00
 1449              	.LASF116:
 1450 01bb 4F535072 		.ascii	"OSPrioHighRdy\000"
 1450      696F4869 
 1450      67685264 
 1450      7900
 1451              	.LASF109:
 1452 01c9 6F735F70 		.ascii	"os_pend_obj\000"
 1452      656E645F 
 1452      6F626A00 
 1453              	.LASF121:
 1454 01d5 4F535365 		.ascii	"OSSemQty\000"
 1454      6D517479 
 1454      00
 1455              	.LASF30:
 1456 01de 4F535F4F 		.ascii	"OS_OBJ_QTY\000"
 1456      424A5F51 
ARM GAS  C:\Users\EDULU~1.DES\AppData\Local\Temp\ccfTnD9k.s 			page 28


 1456      545900
 1457              	.LASF33:
 1458 01e9 4F535F50 		.ascii	"OS_PRIO\000"
 1458      52494F00 
 1459              	.LASF13:
 1460 01f1 666C6F61 		.ascii	"float\000"
 1460      7400
 1461              	.LASF99:
 1462 01f7 6F735F70 		.ascii	"os_pend_data\000"
 1462      656E645F 
 1462      64617461 
 1462      00
 1463              	.LASF112:
 1464 0204 4F53496E 		.ascii	"OSIntNestingCtr\000"
 1464      744E6573 
 1464      74696E67 
 1464      43747200 
 1465              	.LASF85:
 1466 0214 4F535F54 		.ascii	"OS_TICK_SPOKE\000"
 1466      49434B5F 
 1466      53504F4B 
 1466      4500
 1467              	.LASF11:
 1468 0222 6C6F6E67 		.ascii	"long long unsigned int\000"
 1468      206C6F6E 
 1468      6720756E 
 1468      7369676E 
 1468      65642069 
 1469              	.LASF81:
 1470 0239 6F735F72 		.ascii	"os_rdy_list\000"
 1470      64795F6C 
 1470      69737400 
 1471              	.LASF124:
 1472 0245 4F535374 		.ascii	"OSStatTaskCPUUsageMax\000"
 1472      61745461 
 1472      736B4350 
 1472      55557361 
 1472      67654D61 
 1473              	.LASF98:
 1474 025b 4F535F50 		.ascii	"OS_PEND_DATA\000"
 1474      454E445F 
 1474      44415441 
 1474      00
 1475              	.LASF120:
 1476 0268 4F535365 		.ascii	"OSSemDbgListPtr\000"
 1476      6D446267 
 1476      4C697374 
 1476      50747200 
 1477              	.LASF95:
 1478 0278 52656D61 		.ascii	"Remain\000"
 1478      696E00
 1479              	.LASF144:
 1480 027f 4F53546D 		.ascii	"OSTmrUpdateCtr\000"
 1480      72557064 
 1480      61746543 
 1480      747200
 1481              	.LASF4:
ARM GAS  C:\Users\EDULU~1.DES\AppData\Local\Temp\ccfTnD9k.s 			page 29


 1482 028e 4350555F 		.ascii	"CPU_INT08U\000"
 1482      494E5430 
 1482      385500
 1483              	.LASF67:
 1484 0299 53746B53 		.ascii	"StkSize\000"
 1484      697A6500 
 1485              	.LASF59:
 1486 02a1 53746B42 		.ascii	"StkBasePtr\000"
 1486      61736550 
 1486      747200
 1487              	.LASF115:
 1488 02ac 4F535072 		.ascii	"OSPrioCur\000"
 1488      696F4375 
 1488      7200
 1489              	.LASF34:
 1490 02b6 4F535F52 		.ascii	"OS_REG\000"
 1490      454700
 1491              	.LASF111:
 1492 02bd 4F534964 		.ascii	"OSIdleTaskTCB\000"
 1492      6C655461 
 1492      736B5443 
 1492      4200
 1493              	.LASF38:
 1494 02cb 4F535F53 		.ascii	"OS_STATUS\000"
 1494      54415455 
 1494      5300
 1495              	.LASF28:
 1496 02d5 4F535F4D 		.ascii	"OS_MSG_SIZE\000"
 1496      53475F53 
 1496      495A4500 
 1497              	.LASF131:
 1498 02e1 4F535461 		.ascii	"OSTaskCtxSwCtr\000"
 1498      736B4374 
 1498      78537743 
 1498      747200
 1499              	.LASF0:
 1500 02f0 4350555F 		.ascii	"CPU_CHAR\000"
 1500      43484152 
 1500      00
 1501              	.LASF25:
 1502 02f9 4F535F43 		.ascii	"OS_CTR\000"
 1502      545200
 1503              	.LASF17:
 1504 0300 4350555F 		.ascii	"CPU_STK_SIZE\000"
 1504      53544B5F 
 1504      53495A45 
 1504      00
 1505              	.LASF70:
 1506 030d 5469636B 		.ascii	"TickCtrPrev\000"
 1506      43747250 
 1506      72657600 
 1507              	.LASF57:
 1508 0319 5469636B 		.ascii	"TickPrevPtr\000"
 1508      50726576 
 1508      50747200 
 1509              	.LASF92:
 1510 0325 43616C6C 		.ascii	"CallbackPtr\000"
ARM GAS  C:\Users\EDULU~1.DES\AppData\Local\Temp\ccfTnD9k.s 			page 30


 1510      6261636B 
 1510      50747200 
 1511              	.LASF55:
 1512 0331 50726576 		.ascii	"PrevPtr\000"
 1512      50747200 
 1513              	.LASF2:
 1514 0339 63686172 		.ascii	"char\000"
 1514      00
 1515              	.LASF31:
 1516 033e 4F535F4F 		.ascii	"OS_OBJ_TYPE\000"
 1516      424A5F54 
 1516      59504500 
 1517              	.LASF65:
 1518 034a 5461736B 		.ascii	"TaskState\000"
 1518      53746174 
 1518      6500
 1519              	.LASF84:
 1520 0354 4E627245 		.ascii	"NbrEntries\000"
 1520      6E747269 
 1520      657300
 1521              	.LASF60:
 1522 035f 5461736B 		.ascii	"TaskEntryAddr\000"
 1522      456E7472 
 1522      79416464 
 1522      7200
 1523              	.LASF42:
 1524 036d 4E616D65 		.ascii	"NamePtr\000"
 1524      50747200 
 1525              	.LASF64:
 1526 0375 50656E64 		.ascii	"PendStatus\000"
 1526      53746174 
 1526      757300
 1527              	.LASF41:
 1528 0380 54797065 		.ascii	"Type\000"
 1528      00
 1529              	.LASF23:
 1530 0385 4350555F 		.ascii	"CPU_TS\000"
 1530      545300
 1531              	.LASF12:
 1532 038c 6C6F6E67 		.ascii	"long long int\000"
 1532      206C6F6E 
 1532      6720696E 
 1532      7400
 1533              	.LASF51:
 1534 039a 53746B50 		.ascii	"StkPtr\000"
 1534      747200
 1535              	.LASF86:
 1536 03a1 6F735F74 		.ascii	"os_tick_spoke\000"
 1536      69636B5F 
 1536      73706F6B 
 1536      6500
 1537              	.LASF114:
 1538 03af 4F535275 		.ascii	"OSRunning\000"
 1538      6E6E696E 
 1538      6700
 1539              	.LASF27:
 1540 03b9 4F535F49 		.ascii	"OS_IDLE_CTR\000"
ARM GAS  C:\Users\EDULU~1.DES\AppData\Local\Temp\ccfTnD9k.s 			page 31


 1540      444C455F 
 1540      43545200 
 1541              	.LASF96:
 1542 03c5 50657269 		.ascii	"Period\000"
 1542      6F6400
 1543              	.LASF6:
 1544 03cc 4350555F 		.ascii	"CPU_INT16U\000"
 1544      494E5431 
 1544      365500
 1545              	.LASF39:
 1546 03d7 4F535F54 		.ascii	"OS_TICK\000"
 1546      49434B00 
 1547              	.LASF149:
 1548 03df 433A5C55 		.ascii	"C:\\Users\\edulu.DESKTOP-961TG4K\\Documents\\PSoC C"
 1548      73657273 
 1548      5C656475 
 1548      6C752E44 
 1548      45534B54 
 1549 040e 72656174 		.ascii	"reator\\Micrium\\Examples\\Cypress\\CY8CKIT-044\\OS"
 1549      6F725C4D 
 1549      69637269 
 1549      756D5C45 
 1549      78616D70 
 1550 043c 335C5053 		.ascii	"3\\PSoC\\OS3.cydsn\000"
 1550      6F435C4F 
 1550      53332E63 
 1550      7964736E 
 1550      00
 1551              	.LASF22:
 1552 044d 4350555F 		.ascii	"CPU_TS32\000"
 1552      54533332 
 1552      00
 1553              	.LASF76:
 1554 0456 53757370 		.ascii	"SuspendCtr\000"
 1554      656E6443 
 1554      747200
 1555              	.LASF53:
 1556 0461 53746B4C 		.ascii	"StkLimitPtr\000"
 1556      696D6974 
 1556      50747200 
 1557              	.LASF36:
 1558 046d 4F535F53 		.ascii	"OS_SEM_CTR\000"
 1558      454D5F43 
 1558      545200
 1559              	.LASF100:
 1560 0478 54434250 		.ascii	"TCBPtr\000"
 1560      747200
 1561              	.LASF56:
 1562 047f 5469636B 		.ascii	"TickNextPtr\000"
 1562      4E657874 
 1562      50747200 
 1563              	.LASF129:
 1564 048b 4F535374 		.ascii	"OSStatTaskTCB\000"
 1564      61745461 
 1564      736B5443 
 1564      4200
 1565              	.LASF126:
ARM GAS  C:\Users\EDULU~1.DES\AppData\Local\Temp\ccfTnD9k.s 			page 32


 1566 0499 4F535374 		.ascii	"OSStatTaskCtrMax\000"
 1566      61745461 
 1566      736B4374 
 1566      724D6178 
 1566      00
 1567              	.LASF102:
 1568 04aa 5264794F 		.ascii	"RdyObjPtr\000"
 1568      626A5074 
 1568      7200
 1569              	.LASF54:
 1570 04b4 4E657874 		.ascii	"NextPtr\000"
 1570      50747200 
 1571              	.LASF20:
 1572 04bc 6C6F6E67 		.ascii	"long double\000"
 1572      20646F75 
 1572      626C6500 
 1573              	.LASF90:
 1574 04c8 4F535F54 		.ascii	"OS_TMR\000"
 1574      4D5200
 1575              	.LASF3:
 1576 04cf 756E7369 		.ascii	"unsigned char\000"
 1576      676E6564 
 1576      20636861 
 1576      7200
 1577              	.LASF105:
 1578 04dd 52647954 		.ascii	"RdyTS\000"
 1578      5300
 1579              	.LASF8:
 1580 04e3 73686F72 		.ascii	"short int\000"
 1580      7420696E 
 1580      7400
 1581              	.LASF104:
 1582 04ed 5264794D 		.ascii	"RdyMsgSize\000"
 1582      73675369 
 1582      7A6500
 1583              	.LASF91:
 1584 04f8 6F735F74 		.ascii	"os_tmr\000"
 1584      6D7200
 1585              	.LASF79:
 1586 04ff 496E7444 		.ascii	"IntDisTimeMax\000"
 1586      69735469 
 1586      6D654D61 
 1586      7800
 1587              	.LASF18:
 1588 050d 6C6F6E67 		.ascii	"long int\000"
 1588      20696E74 
 1588      00
 1589              	.LASF94:
 1590 0516 4D617463 		.ascii	"Match\000"
 1590      6800
 1591              	.LASF62:
 1592 051c 50656E64 		.ascii	"PendDataTblPtr\000"
 1592      44617461 
 1592      54626C50 
 1592      747200
 1593              	.LASF29:
 1594 052b 4F535F4E 		.ascii	"OS_NESTING_CTR\000"
ARM GAS  C:\Users\EDULU~1.DES\AppData\Local\Temp\ccfTnD9k.s 			page 33


 1594      45535449 
 1594      4E475F43 
 1594      545200
 1595              	.LASF40:
 1596 053a 4F535F53 		.ascii	"OS_SEM\000"
 1596      454D00
 1597              	.LASF108:
 1598 0541 4F535F50 		.ascii	"OS_PEND_OBJ\000"
 1598      454E445F 
 1598      4F424A00 
 1599              	.LASF43:
 1600 054d 50656E64 		.ascii	"PendList\000"
 1600      4C697374 
 1600      00
 1601              	.LASF69:
 1602 0556 53656D43 		.ascii	"SemCtr\000"
 1602      747200
 1603              	.LASF135:
 1604 055d 4F535469 		.ascii	"OSTickCtr\000"
 1604      636B4374 
 1604      7200
 1605              	.LASF72:
 1606 0567 5469636B 		.ascii	"TickRemain\000"
 1606      52656D61 
 1606      696E00
 1607              	.LASF49:
 1608 0572 6F735F73 		.ascii	"os_sem\000"
 1608      656D00
 1609              	.LASF10:
 1610 0579 756E7369 		.ascii	"unsigned int\000"
 1610      676E6564 
 1610      20696E74 
 1610      00
 1611              	.LASF103:
 1612 0586 5264794D 		.ascii	"RdyMsgPtr\000"
 1612      73675074 
 1612      7200
 1613              	.LASF87:
 1614 0590 46697273 		.ascii	"FirstPtr\000"
 1614      74507472 
 1614      00
 1615              	.LASF123:
 1616 0599 4F535374 		.ascii	"OSStatTaskCPUUsage\000"
 1616      61745461 
 1616      736B4350 
 1616      55557361 
 1616      676500
 1617              	.LASF52:
 1618 05ac 45787450 		.ascii	"ExtPtr\000"
 1618      747200
 1619              	.LASF21:
 1620 05b3 73697A65 		.ascii	"sizetype\000"
 1620      74797065 
 1620      00
 1621              	.LASF19:
 1622 05bc 6C6F6E67 		.ascii	"long unsigned int\000"
 1622      20756E73 
ARM GAS  C:\Users\EDULU~1.DES\AppData\Local\Temp\ccfTnD9k.s 			page 34


 1622      69676E65 
 1622      6420696E 
 1622      7400
 1623              	.LASF15:
 1624 05ce 4350555F 		.ascii	"CPU_ADDR\000"
 1624      41444452 
 1624      00
 1625              	.LASF137:
 1626 05d7 4F535469 		.ascii	"OSTickTaskTimeMax\000"
 1626      636B5461 
 1626      736B5469 
 1626      6D654D61 
 1626      7800
 1627              	.LASF1:
 1628 05e9 4350555F 		.ascii	"CPU_BOOLEAN\000"
 1628      424F4F4C 
 1628      45414E00 
 1629              	.LASF110:
 1630 05f5 4F534964 		.ascii	"OSIdleTaskCtr\000"
 1630      6C655461 
 1630      736B4374 
 1630      7200
 1631              	.LASF148:
 1632 0603 2E2E5C2E 		.ascii	"..\\..\\..\\..\\..\\..\\Software\\uCOS-III\\Source\\"
 1632      2E5C2E2E 
 1632      5C2E2E5C 
 1632      2E2E5C2E 
 1632      2E5C536F 
 1633 062e 6F735F76 		.ascii	"os_var.c\000"
 1633      61722E63 
 1633      00
 1634              	.LASF119:
 1635 0637 4F535363 		.ascii	"OSSchedLockNestingCtr\000"
 1635      6865644C 
 1635      6F636B4E 
 1635      65737469 
 1635      6E674374 
 1636              	.LASF37:
 1637 064d 4F535F53 		.ascii	"OS_STATE\000"
 1637      54415445 
 1637      00
 1638              	.LASF130:
 1639 0656 4F535374 		.ascii	"OSStatTaskTimeMax\000"
 1639      61745461 
 1639      736B5469 
 1639      6D654D61 
 1639      7800
 1640              	.LASF32:
 1641 0668 4F535F4F 		.ascii	"OS_OPT\000"
 1641      505400
 1642              	.LASF134:
 1643 066f 4F535461 		.ascii	"OSTaskRegNextAvailID\000"
 1643      736B5265 
 1643      674E6578 
 1643      74417661 
 1643      696C4944 
 1644              	.LASF58:
ARM GAS  C:\Users\EDULU~1.DES\AppData\Local\Temp\ccfTnD9k.s 			page 35


 1645 0684 5469636B 		.ascii	"TickSpokePtr\000"
 1645      53706F6B 
 1645      65507472 
 1645      00
 1646              	.LASF46:
 1647 0691 4462674E 		.ascii	"DbgNamePtr\000"
 1647      616D6550 
 1647      747200
 1648              	.LASF61:
 1649 069c 5461736B 		.ascii	"TaskEntryArg\000"
 1649      456E7472 
 1649      79417267 
 1649      00
 1650              	.LASF127:
 1651 06a9 4F535374 		.ascii	"OSStatTaskCtrRun\000"
 1651      61745461 
 1651      736B4374 
 1651      7252756E 
 1651      00
 1652              	.LASF143:
 1653 06ba 4F53546D 		.ascii	"OSTmrUpdateCnt\000"
 1653      72557064 
 1653      61746543 
 1653      6E7400
 1654              	.LASF88:
 1655 06c9 4E627245 		.ascii	"NbrEntriesMax\000"
 1655      6E747269 
 1655      65734D61 
 1655      7800
 1656              	.LASF106:
 1657 06d7 4F535F50 		.ascii	"OS_PEND_LIST\000"
 1657      454E445F 
 1657      4C495354 
 1657      00
 1658              	.LASF138:
 1659 06e4 4F53546D 		.ascii	"OSTmrDbgListPtr\000"
 1659      72446267 
 1659      4C697374 
 1659      50747200 
 1660              	.LASF5:
 1661 06f4 7369676E 		.ascii	"signed char\000"
 1661      65642063 
 1661      68617200 
 1662              	.LASF7:
 1663 0700 73686F72 		.ascii	"short unsigned int\000"
 1663      7420756E 
 1663      7369676E 
 1663      65642069 
 1663      6E7400
 1664              	.LASF122:
 1665 0713 4F535374 		.ascii	"OSStatResetFlag\000"
 1665      61745265 
 1665      73657446 
 1665      6C616700 
 1666              	.LASF133:
 1667 0723 4F535461 		.ascii	"OSTaskQty\000"
 1667      736B5174 
ARM GAS  C:\Users\EDULU~1.DES\AppData\Local\Temp\ccfTnD9k.s 			page 36


 1667      7900
 1668              	.LASF35:
 1669 072d 4F535F52 		.ascii	"OS_REG_ID\000"
 1669      45475F49 
 1669      4400
 1670              	.LASF66:
 1671 0737 5072696F 		.ascii	"Prio\000"
 1671      00
 1672              	.LASF14:
 1673 073c 646F7562 		.ascii	"double\000"
 1673      6C6500
 1674              	.LASF89:
 1675 0743 4F535F54 		.ascii	"OS_TMR_CALLBACK_PTR\000"
 1675      4D525F43 
 1675      414C4C42 
 1675      41434B5F 
 1675      50545200 
 1676              	.LASF101:
 1677 0757 50656E64 		.ascii	"PendObjPtr\000"
 1677      4F626A50 
 1677      747200
 1678              	.LASF48:
 1679 0762 4F535F54 		.ascii	"OS_TCB\000"
 1679      434200
 1680              	.LASF107:
 1681 0769 6F735F70 		.ascii	"os_pend_list\000"
 1681      656E645F 
 1681      6C697374 
 1681      00
 1682              	.LASF132:
 1683 0776 4F535461 		.ascii	"OSTaskDbgListPtr\000"
 1683      736B4462 
 1683      674C6973 
 1683      74507472 
 1683      00
 1684              	.LASF80:
 1685 0787 4F535F52 		.ascii	"OS_RDY_LIST\000"
 1685      44595F4C 
 1685      49535400 
 1686              	.LASF75:
 1687 0793 52656754 		.ascii	"RegTbl\000"
 1687      626C00
 1688              	.LASF93:
 1689 079a 43616C6C 		.ascii	"CallbackPtrArg\000"
 1689      6261636B 
 1689      50747241 
 1689      726700
 1690              	.LASF139:
 1691 07a9 4F53546D 		.ascii	"OSTmrQty\000"
 1691      72517479 
 1691      00
 1692              	.LASF78:
 1693 07b2 53746B46 		.ascii	"StkFree\000"
 1693      72656500 
 1694              	.LASF73:
 1695 07ba 54696D65 		.ascii	"TimeQuanta\000"
 1695      5175616E 
ARM GAS  C:\Users\EDULU~1.DES\AppData\Local\Temp\ccfTnD9k.s 			page 37


 1695      746100
 1696              	.LASF117:
 1697 07c5 4F535072 		.ascii	"OSPrioSaved\000"
 1697      696F5361 
 1697      76656400 
 1698              	.LASF16:
 1699 07d1 4350555F 		.ascii	"CPU_STK\000"
 1699      53544B00 
 1700              		.ident	"GCC: (GNU Tools for ARM Embedded Processors) 5.4.1 20160609 (release) [ARM/embedded-5-bran
