ARM GAS  C:\Users\EDULU~1.DES\AppData\Local\Temp\cczFV5RS.s 			page 1


   1              		.syntax unified
   2              		.cpu cortex-m0
   3              		.fpu softvfp
   4              		.eabi_attribute 20, 1
   5              		.eabi_attribute 21, 1
   6              		.eabi_attribute 23, 3
   7              		.eabi_attribute 24, 1
   8              		.eabi_attribute 25, 1
   9              		.eabi_attribute 26, 1
  10              		.eabi_attribute 30, 6
  11              		.eabi_attribute 34, 0
  12              		.eabi_attribute 18, 4
  13              		.thumb
  14              		.syntax unified
  15              		.file	"Temp_Sensor_INT.c"
  16              		.text
  17              	.Ltext0:
  18              		.cfi_sections	.debug_frame
  19              		.section	.text.Temp_Sensor_EOC_ISR_Int,"ax",%progbits
  20              		.align	2
  21              		.global	Temp_Sensor_EOC_ISR_Int
  22              		.code	16
  23              		.thumb_func
  24              		.type	Temp_Sensor_EOC_ISR_Int, %function
  25              	Temp_Sensor_EOC_ISR_Int:
  26              	.LFB0:
  27              		.file 1 "Generated_Source\\PSoC4\\Temp_Sensor_INT.c"
   1:Generated_Source\PSoC4/Temp_Sensor_INT.c **** /*******************************************************************************
   2:Generated_Source\PSoC4/Temp_Sensor_INT.c **** * File Name: Temp_Sensor_INT.c
   3:Generated_Source\PSoC4/Temp_Sensor_INT.c **** * Version 1.10
   4:Generated_Source\PSoC4/Temp_Sensor_INT.c **** *
   5:Generated_Source\PSoC4/Temp_Sensor_INT.c **** * Description:
   6:Generated_Source\PSoC4/Temp_Sensor_INT.c **** *  This file provides Interrupt Service Routine (ISR) for the Temp_Sensor
   7:Generated_Source\PSoC4/Temp_Sensor_INT.c **** *  component.
   8:Generated_Source\PSoC4/Temp_Sensor_INT.c **** *
   9:Generated_Source\PSoC4/Temp_Sensor_INT.c **** * Note:
  10:Generated_Source\PSoC4/Temp_Sensor_INT.c **** *  None
  11:Generated_Source\PSoC4/Temp_Sensor_INT.c **** *
  12:Generated_Source\PSoC4/Temp_Sensor_INT.c **** ********************************************************************************
  13:Generated_Source\PSoC4/Temp_Sensor_INT.c **** * Copyright 2012-2013, Cypress Semiconductor Corporation.  All rights reserved.
  14:Generated_Source\PSoC4/Temp_Sensor_INT.c **** * You may use this file only in accordance with the license, terms, conditions,
  15:Generated_Source\PSoC4/Temp_Sensor_INT.c **** * disclaimers, and limitations in the end user license agreement accompanying
  16:Generated_Source\PSoC4/Temp_Sensor_INT.c **** * the software package with which this file was provided.
  17:Generated_Source\PSoC4/Temp_Sensor_INT.c **** *******************************************************************************/
  18:Generated_Source\PSoC4/Temp_Sensor_INT.c **** 
  19:Generated_Source\PSoC4/Temp_Sensor_INT.c **** #include "Temp_Sensor_PVT.h"
  20:Generated_Source\PSoC4/Temp_Sensor_INT.c **** 
  21:Generated_Source\PSoC4/Temp_Sensor_INT.c **** 
  22:Generated_Source\PSoC4/Temp_Sensor_INT.c **** 
  23:Generated_Source\PSoC4/Temp_Sensor_INT.c **** /*******************************************************************************
  24:Generated_Source\PSoC4/Temp_Sensor_INT.c **** *  Place your includes, defines and code here
  25:Generated_Source\PSoC4/Temp_Sensor_INT.c **** ********************************************************************************/
  26:Generated_Source\PSoC4/Temp_Sensor_INT.c **** /* `#START Temp_Sensor_INT_HEADER` */
  27:Generated_Source\PSoC4/Temp_Sensor_INT.c **** 
  28:Generated_Source\PSoC4/Temp_Sensor_INT.c **** /* `#END` */
  29:Generated_Source\PSoC4/Temp_Sensor_INT.c **** 
  30:Generated_Source\PSoC4/Temp_Sensor_INT.c **** 
ARM GAS  C:\Users\EDULU~1.DES\AppData\Local\Temp\cczFV5RS.s 			page 2


  31:Generated_Source\PSoC4/Temp_Sensor_INT.c **** /*******************************************************************************
  32:Generated_Source\PSoC4/Temp_Sensor_INT.c **** * Function Name: Temp_Sensor_ISR_Interrupt
  33:Generated_Source\PSoC4/Temp_Sensor_INT.c **** ********************************************************************************
  34:Generated_Source\PSoC4/Temp_Sensor_INT.c **** *
  35:Generated_Source\PSoC4/Temp_Sensor_INT.c **** * Summary:
  36:Generated_Source\PSoC4/Temp_Sensor_INT.c **** *   The default Interrupt Service Routine for Temp_Sensor_ISR.
  37:Generated_Source\PSoC4/Temp_Sensor_INT.c **** *
  38:Generated_Source\PSoC4/Temp_Sensor_INT.c **** *   Add custom code between the coments to keep the next version of this file
  39:Generated_Source\PSoC4/Temp_Sensor_INT.c **** *   from over writting your code.
  40:Generated_Source\PSoC4/Temp_Sensor_INT.c **** *
  41:Generated_Source\PSoC4/Temp_Sensor_INT.c **** * Parameters:
  42:Generated_Source\PSoC4/Temp_Sensor_INT.c **** *  None
  43:Generated_Source\PSoC4/Temp_Sensor_INT.c **** *
  44:Generated_Source\PSoC4/Temp_Sensor_INT.c **** * Return:
  45:Generated_Source\PSoC4/Temp_Sensor_INT.c **** *  None
  46:Generated_Source\PSoC4/Temp_Sensor_INT.c **** *
  47:Generated_Source\PSoC4/Temp_Sensor_INT.c **** * Global Variables:
  48:Generated_Source\PSoC4/Temp_Sensor_INT.c **** *  Temp_Sensor_busyFlag - used for reflect sensor masuring.
  49:Generated_Source\PSoC4/Temp_Sensor_INT.c **** *  Temp_Sensor_contMode - used for reflect modes of operation used:
  50:Generated_Source\PSoC4/Temp_Sensor_INT.c **** *     - Temp_Sensor_MODE_CONTINUOUS.
  51:Generated_Source\PSoC4/Temp_Sensor_INT.c **** *     - Temp_Sensor_MODE_ONESHOT.
  52:Generated_Source\PSoC4/Temp_Sensor_INT.c **** *
  53:Generated_Source\PSoC4/Temp_Sensor_INT.c **** *******************************************************************************/
  54:Generated_Source\PSoC4/Temp_Sensor_INT.c **** CY_ISR(Temp_Sensor_EOC_ISR_Int)
  55:Generated_Source\PSoC4/Temp_Sensor_INT.c **** {
  28              		.loc 1 55 0
  29              		.cfi_startproc
  30              		@ args = 0, pretend = 0, frame = 8
  31              		@ frame_needed = 1, uses_anonymous_args = 0
  32 0000 90B5     		push	{r4, r7, lr}
  33              		.cfi_def_cfa_offset 12
  34              		.cfi_offset 4, -12
  35              		.cfi_offset 7, -8
  36              		.cfi_offset 14, -4
  37 0002 83B0     		sub	sp, sp, #12
  38              		.cfi_def_cfa_offset 24
  39 0004 00AF     		add	r7, sp, #0
  40              		.cfi_def_cfa_register 7
  56:Generated_Source\PSoC4/Temp_Sensor_INT.c ****     uint8 enableInterrupts;
  57:Generated_Source\PSoC4/Temp_Sensor_INT.c ****     uint8 indexVar;
  58:Generated_Source\PSoC4/Temp_Sensor_INT.c ****    
  59:Generated_Source\PSoC4/Temp_Sensor_INT.c ****     #ifdef Temp_Sensor_EOC_ISR_INT_ENTRY_CALLBACK
  60:Generated_Source\PSoC4/Temp_Sensor_INT.c ****         Temp_Sensor_EOC_ISR_Int_EntryCallback();
  61:Generated_Source\PSoC4/Temp_Sensor_INT.c ****     #endif /* Temp_Sensor_EOC_ISR_INT_ENTRY_CALLBACK */
  62:Generated_Source\PSoC4/Temp_Sensor_INT.c ****  
  63:Generated_Source\PSoC4/Temp_Sensor_INT.c ****     for(indexVar = 0u; indexVar < Temp_Sensor_CUSTOM_NUM_SENSORS; indexVar++)
  41              		.loc 1 63 0
  42 0006 FB1D     		adds	r3, r7, #7
  43 0008 0022     		movs	r2, #0
  44 000a 1A70     		strb	r2, [r3]
  45 000c 14E0     		b	.L2
  46              	.L3:
  64:Generated_Source\PSoC4/Temp_Sensor_INT.c ****     {
  65:Generated_Source\PSoC4/Temp_Sensor_INT.c ****         /* Store high time of sensor PWM */
  66:Generated_Source\PSoC4/Temp_Sensor_INT.c ****         Temp_Sensor_hi[indexVar] = CY_GET_REG16(Temp_Sensor_HI_CNT_PTR);
  47              		.loc 1 66 0 discriminator 3
  48 000e FB1D     		adds	r3, r7, #7
ARM GAS  C:\Users\EDULU~1.DES\AppData\Local\Temp\cczFV5RS.s 			page 3


  49 0010 1A78     		ldrb	r2, [r3]
  50 0012 244B     		ldr	r3, .L7
  51 0014 1B88     		ldrh	r3, [r3]
  52 0016 99B2     		uxth	r1, r3
  53 0018 234B     		ldr	r3, .L7+4
  54 001a 5200     		lsls	r2, r2, #1
  55 001c D152     		strh	r1, [r2, r3]
  67:Generated_Source\PSoC4/Temp_Sensor_INT.c **** 
  68:Generated_Source\PSoC4/Temp_Sensor_INT.c ****          /* Store low time of sensor PWM */
  69:Generated_Source\PSoC4/Temp_Sensor_INT.c ****         Temp_Sensor_lo[indexVar] = CY_GET_REG16(Temp_Sensor_LO_CNT_PTR);
  56              		.loc 1 69 0 discriminator 3
  57 001e FB1D     		adds	r3, r7, #7
  58 0020 1A78     		ldrb	r2, [r3]
  59 0022 224B     		ldr	r3, .L7+8
  60 0024 1B88     		ldrh	r3, [r3]
  61 0026 99B2     		uxth	r1, r3
  62 0028 214B     		ldr	r3, .L7+12
  63 002a 5200     		lsls	r2, r2, #1
  64 002c D152     		strh	r1, [r2, r3]
  63:Generated_Source\PSoC4/Temp_Sensor_INT.c ****     {
  65              		.loc 1 63 0 discriminator 3
  66 002e FB1D     		adds	r3, r7, #7
  67 0030 1A78     		ldrb	r2, [r3]
  68 0032 FB1D     		adds	r3, r7, #7
  69 0034 0132     		adds	r2, r2, #1
  70 0036 1A70     		strb	r2, [r3]
  71              	.L2:
  63:Generated_Source\PSoC4/Temp_Sensor_INT.c ****     {
  72              		.loc 1 63 0 is_stmt 0 discriminator 1
  73 0038 FB1D     		adds	r3, r7, #7
  74 003a 1B78     		ldrb	r3, [r3]
  75 003c 002B     		cmp	r3, #0
  76 003e E6D0     		beq	.L3
  70:Generated_Source\PSoC4/Temp_Sensor_INT.c ****     }
  71:Generated_Source\PSoC4/Temp_Sensor_INT.c ****         /* Change shared regs, need to be safety */
  72:Generated_Source\PSoC4/Temp_Sensor_INT.c ****         enableInterrupts = CyEnterCriticalSection();
  77              		.loc 1 72 0 is_stmt 1
  78 0040 BC1D     		adds	r4, r7, #6
  79 0042 FFF7FEFF 		bl	CyEnterCriticalSection
  80 0046 0300     		movs	r3, r0
  81 0048 2370     		strb	r3, [r4]
  73:Generated_Source\PSoC4/Temp_Sensor_INT.c **** 
  74:Generated_Source\PSoC4/Temp_Sensor_INT.c ****        Temp_Sensor_CONTROL_REG ^= Temp_Sensor_CTRL_EOC;
  82              		.loc 1 74 0
  83 004a 1A4A     		ldr	r2, .L7+16
  84 004c 194B     		ldr	r3, .L7+16
  85 004e 1B78     		ldrb	r3, [r3]
  86 0050 DBB2     		uxtb	r3, r3
  87 0052 0821     		movs	r1, #8
  88 0054 4B40     		eors	r3, r1
  89 0056 DBB2     		uxtb	r3, r3
  90 0058 1370     		strb	r3, [r2]
  75:Generated_Source\PSoC4/Temp_Sensor_INT.c **** 
  76:Generated_Source\PSoC4/Temp_Sensor_INT.c ****         /* shared regs config are done */
  77:Generated_Source\PSoC4/Temp_Sensor_INT.c ****         CyExitCriticalSection(enableInterrupts);
  91              		.loc 1 77 0
  92 005a BB1D     		adds	r3, r7, #6
ARM GAS  C:\Users\EDULU~1.DES\AppData\Local\Temp\cczFV5RS.s 			page 4


  93 005c 1B78     		ldrb	r3, [r3]
  94 005e 1800     		movs	r0, r3
  95 0060 FFF7FEFF 		bl	CyExitCriticalSection
  78:Generated_Source\PSoC4/Temp_Sensor_INT.c ****     
  79:Generated_Source\PSoC4/Temp_Sensor_INT.c ****     /* In continuous mode, trigger next measurement, otherwise clear busy flag */
  80:Generated_Source\PSoC4/Temp_Sensor_INT.c ****     if (Temp_Sensor_contMode == Temp_Sensor_MODE_CONTINUOUS)
  96              		.loc 1 80 0
  97 0064 144B     		ldr	r3, .L7+20
  98 0066 1B78     		ldrb	r3, [r3]
  99 0068 DBB2     		uxtb	r3, r3
 100 006a 012B     		cmp	r3, #1
 101 006c 12D1     		bne	.L4
  81:Generated_Source\PSoC4/Temp_Sensor_INT.c ****     {
  82:Generated_Source\PSoC4/Temp_Sensor_INT.c ****         /* Change shared regs, need to be safety */
  83:Generated_Source\PSoC4/Temp_Sensor_INT.c ****         enableInterrupts = CyEnterCriticalSection();
 102              		.loc 1 83 0
 103 006e BC1D     		adds	r4, r7, #6
 104 0070 FFF7FEFF 		bl	CyEnterCriticalSection
 105 0074 0300     		movs	r3, r0
 106 0076 2370     		strb	r3, [r4]
  84:Generated_Source\PSoC4/Temp_Sensor_INT.c **** 
  85:Generated_Source\PSoC4/Temp_Sensor_INT.c ****        Temp_Sensor_CONTROL_REG ^= Temp_Sensor_CTRL_TRIG;
 107              		.loc 1 85 0
 108 0078 0E4A     		ldr	r2, .L7+16
 109 007a 0E4B     		ldr	r3, .L7+16
 110 007c 1B78     		ldrb	r3, [r3]
 111 007e DBB2     		uxtb	r3, r3
 112 0080 0121     		movs	r1, #1
 113 0082 4B40     		eors	r3, r1
 114 0084 DBB2     		uxtb	r3, r3
 115 0086 1370     		strb	r3, [r2]
  86:Generated_Source\PSoC4/Temp_Sensor_INT.c **** 
  87:Generated_Source\PSoC4/Temp_Sensor_INT.c ****         /* shared regs config are done */
  88:Generated_Source\PSoC4/Temp_Sensor_INT.c ****         CyExitCriticalSection(enableInterrupts);
 116              		.loc 1 88 0
 117 0088 BB1D     		adds	r3, r7, #6
 118 008a 1B78     		ldrb	r3, [r3]
 119 008c 1800     		movs	r0, r3
 120 008e FFF7FEFF 		bl	CyExitCriticalSection
  89:Generated_Source\PSoC4/Temp_Sensor_INT.c ****     }
  90:Generated_Source\PSoC4/Temp_Sensor_INT.c ****     else
  91:Generated_Source\PSoC4/Temp_Sensor_INT.c ****     {
  92:Generated_Source\PSoC4/Temp_Sensor_INT.c ****         Temp_Sensor_busyFlag = 0u;
  93:Generated_Source\PSoC4/Temp_Sensor_INT.c ****     }
  94:Generated_Source\PSoC4/Temp_Sensor_INT.c **** 
  95:Generated_Source\PSoC4/Temp_Sensor_INT.c ****     #ifdef Temp_Sensor_EOC_ISR_INT_EXIT_CALLBACK
  96:Generated_Source\PSoC4/Temp_Sensor_INT.c ****         Temp_Sensor_EOC_ISR_Int_ExitCallback();
  97:Generated_Source\PSoC4/Temp_Sensor_INT.c ****     #endif /* Temp_Sensor_EOC_ISR_INT_EXIT_CALLBACK */
  98:Generated_Source\PSoC4/Temp_Sensor_INT.c **** }
 121              		.loc 1 98 0
 122 0092 02E0     		b	.L6
 123              	.L4:
  92:Generated_Source\PSoC4/Temp_Sensor_INT.c ****     }
 124              		.loc 1 92 0
 125 0094 094B     		ldr	r3, .L7+24
 126 0096 0022     		movs	r2, #0
 127 0098 1A70     		strb	r2, [r3]
ARM GAS  C:\Users\EDULU~1.DES\AppData\Local\Temp\cczFV5RS.s 			page 5


 128              	.L6:
 129              		.loc 1 98 0
 130 009a C046     		nop
 131 009c BD46     		mov	sp, r7
 132 009e 03B0     		add	sp, sp, #12
 133              		@ sp needed
 134 00a0 90BD     		pop	{r4, r7, pc}
 135              	.L8:
 136 00a2 C046     		.align	2
 137              	.L7:
 138 00a4 A4100F40 		.word	1074729124
 139 00a8 00000000 		.word	Temp_Sensor_hi
 140 00ac 84100F40 		.word	1074729092
 141 00b0 00000000 		.word	Temp_Sensor_lo
 142 00b4 72000F40 		.word	1074724978
 143 00b8 00000000 		.word	Temp_Sensor_contMode
 144 00bc 00000000 		.word	Temp_Sensor_busyFlag
 145              		.cfi_endproc
 146              	.LFE0:
 147              		.size	Temp_Sensor_EOC_ISR_Int, .-Temp_Sensor_EOC_ISR_Int
 148              		.text
 149              	.Letext0:
 150              		.file 2 "Generated_Source\\PSoC4\\cytypes.h"
 151              		.file 3 "Generated_Source\\PSoC4\\Temp_Sensor.h"
 152              		.file 4 "Generated_Source\\PSoC4\\Temp_Sensor_PVT.h"
 153              		.section	.debug_info,"",%progbits
 154              	.Ldebug_info0:
 155 0000 3D010000 		.4byte	0x13d
 156 0004 0400     		.2byte	0x4
 157 0006 00000000 		.4byte	.Ldebug_abbrev0
 158 000a 04       		.byte	0x4
 159 000b 01       		.uleb128 0x1
 160 000c C0000000 		.4byte	.LASF24
 161 0010 0C       		.byte	0xc
 162 0011 89000000 		.4byte	.LASF25
 163 0015 0E000000 		.4byte	.LASF26
 164 0019 00000000 		.4byte	.Ldebug_ranges0+0
 165 001d 00000000 		.4byte	0
 166 0021 00000000 		.4byte	.Ldebug_line0
 167 0025 02       		.uleb128 0x2
 168 0026 01       		.byte	0x1
 169 0027 06       		.byte	0x6
 170 0028 1B020000 		.4byte	.LASF0
 171 002c 02       		.uleb128 0x2
 172 002d 01       		.byte	0x1
 173 002e 08       		.byte	0x8
 174 002f B2000000 		.4byte	.LASF1
 175 0033 02       		.uleb128 0x2
 176 0034 02       		.byte	0x2
 177 0035 05       		.byte	0x5
 178 0036 48020000 		.4byte	.LASF2
 179 003a 02       		.uleb128 0x2
 180 003b 02       		.byte	0x2
 181 003c 07       		.byte	0x7
 182 003d 08020000 		.4byte	.LASF3
 183 0041 02       		.uleb128 0x2
 184 0042 04       		.byte	0x4
ARM GAS  C:\Users\EDULU~1.DES\AppData\Local\Temp\cczFV5RS.s 			page 6


 185 0043 05       		.byte	0x5
 186 0044 E3010000 		.4byte	.LASF4
 187 0048 02       		.uleb128 0x2
 188 0049 04       		.byte	0x4
 189 004a 07       		.byte	0x7
 190 004b 79010000 		.4byte	.LASF5
 191 004f 02       		.uleb128 0x2
 192 0050 08       		.byte	0x8
 193 0051 05       		.byte	0x5
 194 0052 00000000 		.4byte	.LASF6
 195 0056 02       		.uleb128 0x2
 196 0057 08       		.byte	0x8
 197 0058 07       		.byte	0x7
 198 0059 8B010000 		.4byte	.LASF7
 199 005d 03       		.uleb128 0x3
 200 005e 04       		.byte	0x4
 201 005f 05       		.byte	0x5
 202 0060 696E7400 		.ascii	"int\000"
 203 0064 02       		.uleb128 0x2
 204 0065 04       		.byte	0x4
 205 0066 07       		.byte	0x7
 206 0067 7C000000 		.4byte	.LASF8
 207 006b 04       		.uleb128 0x4
 208 006c 73010000 		.4byte	.LASF9
 209 0070 02       		.byte	0x2
 210 0071 E401     		.2byte	0x1e4
 211 0073 2C000000 		.4byte	0x2c
 212 0077 04       		.uleb128 0x4
 213 0078 52020000 		.4byte	.LASF10
 214 007c 02       		.byte	0x2
 215 007d E501     		.2byte	0x1e5
 216 007f 3A000000 		.4byte	0x3a
 217 0083 02       		.uleb128 0x2
 218 0084 04       		.byte	0x4
 219 0085 04       		.byte	0x4
 220 0086 A2010000 		.4byte	.LASF11
 221 008a 02       		.uleb128 0x2
 222 008b 08       		.byte	0x8
 223 008c 04       		.byte	0x4
 224 008d F2010000 		.4byte	.LASF12
 225 0091 02       		.uleb128 0x2
 226 0092 01       		.byte	0x1
 227 0093 08       		.byte	0x8
 228 0094 C0010000 		.4byte	.LASF13
 229 0098 04       		.uleb128 0x4
 230 0099 6E010000 		.4byte	.LASF14
 231 009d 02       		.byte	0x2
 232 009e 8E02     		.2byte	0x28e
 233 00a0 A4000000 		.4byte	0xa4
 234 00a4 05       		.uleb128 0x5
 235 00a5 6B000000 		.4byte	0x6b
 236 00a9 04       		.uleb128 0x4
 237 00aa EC010000 		.4byte	.LASF15
 238 00ae 02       		.byte	0x2
 239 00af 8F02     		.2byte	0x28f
 240 00b1 B5000000 		.4byte	0xb5
 241 00b5 05       		.uleb128 0x5
ARM GAS  C:\Users\EDULU~1.DES\AppData\Local\Temp\cczFV5RS.s 			page 7


 242 00b6 77000000 		.4byte	0x77
 243 00ba 02       		.uleb128 0x2
 244 00bb 08       		.byte	0x8
 245 00bc 04       		.byte	0x4
 246 00bd 27020000 		.4byte	.LASF16
 247 00c1 02       		.uleb128 0x2
 248 00c2 04       		.byte	0x4
 249 00c3 07       		.byte	0x7
 250 00c4 59020000 		.4byte	.LASF17
 251 00c8 06       		.uleb128 0x6
 252 00c9 A8010000 		.4byte	.LASF27
 253 00cd 01       		.byte	0x1
 254 00ce 36       		.byte	0x36
 255 00cf 00000000 		.4byte	.LFB0
 256 00d3 C0000000 		.4byte	.LFE0-.LFB0
 257 00d7 01       		.uleb128 0x1
 258 00d8 9C       		.byte	0x9c
 259 00d9 FA000000 		.4byte	0xfa
 260 00dd 07       		.uleb128 0x7
 261 00de 4E010000 		.4byte	.LASF18
 262 00e2 01       		.byte	0x1
 263 00e3 38       		.byte	0x38
 264 00e4 6B000000 		.4byte	0x6b
 265 00e8 02       		.uleb128 0x2
 266 00e9 91       		.byte	0x91
 267 00ea 6E       		.sleb128 -18
 268 00eb 07       		.uleb128 0x7
 269 00ec DA010000 		.4byte	.LASF19
 270 00f0 01       		.byte	0x1
 271 00f1 39       		.byte	0x39
 272 00f2 6B000000 		.4byte	0x6b
 273 00f6 02       		.uleb128 0x2
 274 00f7 91       		.byte	0x91
 275 00f8 6F       		.sleb128 -17
 276 00f9 00       		.byte	0
 277 00fa 08       		.uleb128 0x8
 278 00fb C5010000 		.4byte	.LASF20
 279 00ff 03       		.byte	0x3
 280 0100 48       		.byte	0x48
 281 0101 A4000000 		.4byte	0xa4
 282 0105 09       		.uleb128 0x9
 283 0106 B5000000 		.4byte	0xb5
 284 010a 15010000 		.4byte	0x115
 285 010e 0A       		.uleb128 0xa
 286 010f C1000000 		.4byte	0xc1
 287 0113 00       		.byte	0
 288 0114 00       		.byte	0
 289 0115 08       		.uleb128 0x8
 290 0116 5F010000 		.4byte	.LASF21
 291 011a 04       		.byte	0x4
 292 011b 30       		.byte	0x30
 293 011c 20010000 		.4byte	0x120
 294 0120 05       		.uleb128 0x5
 295 0121 05010000 		.4byte	0x105
 296 0125 08       		.uleb128 0x8
 297 0126 F9010000 		.4byte	.LASF22
 298 012a 04       		.byte	0x4
ARM GAS  C:\Users\EDULU~1.DES\AppData\Local\Temp\cczFV5RS.s 			page 8


 299 012b 31       		.byte	0x31
 300 012c 30010000 		.4byte	0x130
 301 0130 05       		.uleb128 0x5
 302 0131 05010000 		.4byte	0x105
 303 0135 08       		.uleb128 0x8
 304 0136 33020000 		.4byte	.LASF23
 305 013a 04       		.byte	0x4
 306 013b 32       		.byte	0x32
 307 013c A4000000 		.4byte	0xa4
 308 0140 00       		.byte	0
 309              		.section	.debug_abbrev,"",%progbits
 310              	.Ldebug_abbrev0:
 311 0000 01       		.uleb128 0x1
 312 0001 11       		.uleb128 0x11
 313 0002 01       		.byte	0x1
 314 0003 25       		.uleb128 0x25
 315 0004 0E       		.uleb128 0xe
 316 0005 13       		.uleb128 0x13
 317 0006 0B       		.uleb128 0xb
 318 0007 03       		.uleb128 0x3
 319 0008 0E       		.uleb128 0xe
 320 0009 1B       		.uleb128 0x1b
 321 000a 0E       		.uleb128 0xe
 322 000b 55       		.uleb128 0x55
 323 000c 17       		.uleb128 0x17
 324 000d 11       		.uleb128 0x11
 325 000e 01       		.uleb128 0x1
 326 000f 10       		.uleb128 0x10
 327 0010 17       		.uleb128 0x17
 328 0011 00       		.byte	0
 329 0012 00       		.byte	0
 330 0013 02       		.uleb128 0x2
 331 0014 24       		.uleb128 0x24
 332 0015 00       		.byte	0
 333 0016 0B       		.uleb128 0xb
 334 0017 0B       		.uleb128 0xb
 335 0018 3E       		.uleb128 0x3e
 336 0019 0B       		.uleb128 0xb
 337 001a 03       		.uleb128 0x3
 338 001b 0E       		.uleb128 0xe
 339 001c 00       		.byte	0
 340 001d 00       		.byte	0
 341 001e 03       		.uleb128 0x3
 342 001f 24       		.uleb128 0x24
 343 0020 00       		.byte	0
 344 0021 0B       		.uleb128 0xb
 345 0022 0B       		.uleb128 0xb
 346 0023 3E       		.uleb128 0x3e
 347 0024 0B       		.uleb128 0xb
 348 0025 03       		.uleb128 0x3
 349 0026 08       		.uleb128 0x8
 350 0027 00       		.byte	0
 351 0028 00       		.byte	0
 352 0029 04       		.uleb128 0x4
 353 002a 16       		.uleb128 0x16
 354 002b 00       		.byte	0
 355 002c 03       		.uleb128 0x3
ARM GAS  C:\Users\EDULU~1.DES\AppData\Local\Temp\cczFV5RS.s 			page 9


 356 002d 0E       		.uleb128 0xe
 357 002e 3A       		.uleb128 0x3a
 358 002f 0B       		.uleb128 0xb
 359 0030 3B       		.uleb128 0x3b
 360 0031 05       		.uleb128 0x5
 361 0032 49       		.uleb128 0x49
 362 0033 13       		.uleb128 0x13
 363 0034 00       		.byte	0
 364 0035 00       		.byte	0
 365 0036 05       		.uleb128 0x5
 366 0037 35       		.uleb128 0x35
 367 0038 00       		.byte	0
 368 0039 49       		.uleb128 0x49
 369 003a 13       		.uleb128 0x13
 370 003b 00       		.byte	0
 371 003c 00       		.byte	0
 372 003d 06       		.uleb128 0x6
 373 003e 2E       		.uleb128 0x2e
 374 003f 01       		.byte	0x1
 375 0040 3F       		.uleb128 0x3f
 376 0041 19       		.uleb128 0x19
 377 0042 03       		.uleb128 0x3
 378 0043 0E       		.uleb128 0xe
 379 0044 3A       		.uleb128 0x3a
 380 0045 0B       		.uleb128 0xb
 381 0046 3B       		.uleb128 0x3b
 382 0047 0B       		.uleb128 0xb
 383 0048 27       		.uleb128 0x27
 384 0049 19       		.uleb128 0x19
 385 004a 11       		.uleb128 0x11
 386 004b 01       		.uleb128 0x1
 387 004c 12       		.uleb128 0x12
 388 004d 06       		.uleb128 0x6
 389 004e 40       		.uleb128 0x40
 390 004f 18       		.uleb128 0x18
 391 0050 9642     		.uleb128 0x2116
 392 0052 19       		.uleb128 0x19
 393 0053 01       		.uleb128 0x1
 394 0054 13       		.uleb128 0x13
 395 0055 00       		.byte	0
 396 0056 00       		.byte	0
 397 0057 07       		.uleb128 0x7
 398 0058 34       		.uleb128 0x34
 399 0059 00       		.byte	0
 400 005a 03       		.uleb128 0x3
 401 005b 0E       		.uleb128 0xe
 402 005c 3A       		.uleb128 0x3a
 403 005d 0B       		.uleb128 0xb
 404 005e 3B       		.uleb128 0x3b
 405 005f 0B       		.uleb128 0xb
 406 0060 49       		.uleb128 0x49
 407 0061 13       		.uleb128 0x13
 408 0062 02       		.uleb128 0x2
 409 0063 18       		.uleb128 0x18
 410 0064 00       		.byte	0
 411 0065 00       		.byte	0
 412 0066 08       		.uleb128 0x8
ARM GAS  C:\Users\EDULU~1.DES\AppData\Local\Temp\cczFV5RS.s 			page 10


 413 0067 34       		.uleb128 0x34
 414 0068 00       		.byte	0
 415 0069 03       		.uleb128 0x3
 416 006a 0E       		.uleb128 0xe
 417 006b 3A       		.uleb128 0x3a
 418 006c 0B       		.uleb128 0xb
 419 006d 3B       		.uleb128 0x3b
 420 006e 0B       		.uleb128 0xb
 421 006f 49       		.uleb128 0x49
 422 0070 13       		.uleb128 0x13
 423 0071 3F       		.uleb128 0x3f
 424 0072 19       		.uleb128 0x19
 425 0073 3C       		.uleb128 0x3c
 426 0074 19       		.uleb128 0x19
 427 0075 00       		.byte	0
 428 0076 00       		.byte	0
 429 0077 09       		.uleb128 0x9
 430 0078 01       		.uleb128 0x1
 431 0079 01       		.byte	0x1
 432 007a 49       		.uleb128 0x49
 433 007b 13       		.uleb128 0x13
 434 007c 01       		.uleb128 0x1
 435 007d 13       		.uleb128 0x13
 436 007e 00       		.byte	0
 437 007f 00       		.byte	0
 438 0080 0A       		.uleb128 0xa
 439 0081 21       		.uleb128 0x21
 440 0082 00       		.byte	0
 441 0083 49       		.uleb128 0x49
 442 0084 13       		.uleb128 0x13
 443 0085 2F       		.uleb128 0x2f
 444 0086 0B       		.uleb128 0xb
 445 0087 00       		.byte	0
 446 0088 00       		.byte	0
 447 0089 00       		.byte	0
 448              		.section	.debug_aranges,"",%progbits
 449 0000 1C000000 		.4byte	0x1c
 450 0004 0200     		.2byte	0x2
 451 0006 00000000 		.4byte	.Ldebug_info0
 452 000a 04       		.byte	0x4
 453 000b 00       		.byte	0
 454 000c 0000     		.2byte	0
 455 000e 0000     		.2byte	0
 456 0010 00000000 		.4byte	.LFB0
 457 0014 C0000000 		.4byte	.LFE0-.LFB0
 458 0018 00000000 		.4byte	0
 459 001c 00000000 		.4byte	0
 460              		.section	.debug_ranges,"",%progbits
 461              	.Ldebug_ranges0:
 462 0000 00000000 		.4byte	.LFB0
 463 0004 C0000000 		.4byte	.LFE0
 464 0008 00000000 		.4byte	0
 465 000c 00000000 		.4byte	0
 466              		.section	.debug_line,"",%progbits
 467              	.Ldebug_line0:
 468 0000 B0000000 		.section	.debug_str,"MS",%progbits,1
 468      02007200 
ARM GAS  C:\Users\EDULU~1.DES\AppData\Local\Temp\cczFV5RS.s 			page 11


 468      00000201 
 468      FB0E0D00 
 468      01010101 
 469              	.LASF6:
 470 0000 6C6F6E67 		.ascii	"long long int\000"
 470      206C6F6E 
 470      6720696E 
 470      7400
 471              	.LASF26:
 472 000e 433A5C55 		.ascii	"C:\\Users\\edulu.DESKTOP-961TG4K\\Documents\\PSoC C"
 472      73657273 
 472      5C656475 
 472      6C752E44 
 472      45534B54 
 473 003d 72656174 		.ascii	"reator\\Micrium\\Examples\\Cypress\\CY8CKIT-044\\OS"
 473      6F725C4D 
 473      69637269 
 473      756D5C45 
 473      78616D70 
 474 006b 335C5053 		.ascii	"3\\PSoC\\OS3.cydsn\000"
 474      6F435C4F 
 474      53332E63 
 474      7964736E 
 474      00
 475              	.LASF8:
 476 007c 756E7369 		.ascii	"unsigned int\000"
 476      676E6564 
 476      20696E74 
 476      00
 477              	.LASF25:
 478 0089 47656E65 		.ascii	"Generated_Source\\PSoC4\\Temp_Sensor_INT.c\000"
 478      72617465 
 478      645F536F 
 478      75726365 
 478      5C50536F 
 479              	.LASF1:
 480 00b2 756E7369 		.ascii	"unsigned char\000"
 480      676E6564 
 480      20636861 
 480      7200
 481              	.LASF24:
 482 00c0 474E5520 		.ascii	"GNU C11 5.4.1 20160609 (release) [ARM/embedded-5-br"
 482      43313120 
 482      352E342E 
 482      31203230 
 482      31363036 
 483 00f3 616E6368 		.ascii	"anch revision 237715] -mcpu=cortex-m0 -mthumb -g -O"
 483      20726576 
 483      6973696F 
 483      6E203233 
 483      37373135 
 484 0126 30202D66 		.ascii	"0 -ffunction-sections -ffat-lto-objects\000"
 484      66756E63 
 484      74696F6E 
 484      2D736563 
 484      74696F6E 
 485              	.LASF18:
ARM GAS  C:\Users\EDULU~1.DES\AppData\Local\Temp\cczFV5RS.s 			page 12


 486 014e 656E6162 		.ascii	"enableInterrupts\000"
 486      6C65496E 
 486      74657272 
 486      75707473 
 486      00
 487              	.LASF21:
 488 015f 54656D70 		.ascii	"Temp_Sensor_lo\000"
 488      5F53656E 
 488      736F725F 
 488      6C6F00
 489              	.LASF14:
 490 016e 72656738 		.ascii	"reg8\000"
 490      00
 491              	.LASF9:
 492 0173 75696E74 		.ascii	"uint8\000"
 492      3800
 493              	.LASF5:
 494 0179 6C6F6E67 		.ascii	"long unsigned int\000"
 494      20756E73 
 494      69676E65 
 494      6420696E 
 494      7400
 495              	.LASF7:
 496 018b 6C6F6E67 		.ascii	"long long unsigned int\000"
 496      206C6F6E 
 496      6720756E 
 496      7369676E 
 496      65642069 
 497              	.LASF11:
 498 01a2 666C6F61 		.ascii	"float\000"
 498      7400
 499              	.LASF27:
 500 01a8 54656D70 		.ascii	"Temp_Sensor_EOC_ISR_Int\000"
 500      5F53656E 
 500      736F725F 
 500      454F435F 
 500      4953525F 
 501              	.LASF13:
 502 01c0 63686172 		.ascii	"char\000"
 502      00
 503              	.LASF20:
 504 01c5 54656D70 		.ascii	"Temp_Sensor_busyFlag\000"
 504      5F53656E 
 504      736F725F 
 504      62757379 
 504      466C6167 
 505              	.LASF19:
 506 01da 696E6465 		.ascii	"indexVar\000"
 506      78566172 
 506      00
 507              	.LASF4:
 508 01e3 6C6F6E67 		.ascii	"long int\000"
 508      20696E74 
 508      00
 509              	.LASF15:
 510 01ec 72656731 		.ascii	"reg16\000"
 510      3600
ARM GAS  C:\Users\EDULU~1.DES\AppData\Local\Temp\cczFV5RS.s 			page 13


 511              	.LASF12:
 512 01f2 646F7562 		.ascii	"double\000"
 512      6C6500
 513              	.LASF22:
 514 01f9 54656D70 		.ascii	"Temp_Sensor_hi\000"
 514      5F53656E 
 514      736F725F 
 514      686900
 515              	.LASF3:
 516 0208 73686F72 		.ascii	"short unsigned int\000"
 516      7420756E 
 516      7369676E 
 516      65642069 
 516      6E7400
 517              	.LASF0:
 518 021b 7369676E 		.ascii	"signed char\000"
 518      65642063 
 518      68617200 
 519              	.LASF16:
 520 0227 6C6F6E67 		.ascii	"long double\000"
 520      20646F75 
 520      626C6500 
 521              	.LASF23:
 522 0233 54656D70 		.ascii	"Temp_Sensor_contMode\000"
 522      5F53656E 
 522      736F725F 
 522      636F6E74 
 522      4D6F6465 
 523              	.LASF2:
 524 0248 73686F72 		.ascii	"short int\000"
 524      7420696E 
 524      7400
 525              	.LASF10:
 526 0252 75696E74 		.ascii	"uint16\000"
 526      313600
 527              	.LASF17:
 528 0259 73697A65 		.ascii	"sizetype\000"
 528      74797065 
 528      00
 529              		.ident	"GCC: (GNU Tools for ARM Embedded Processors) 5.4.1 20160609 (release) [ARM/embedded-5-bran
