--------------- Build Started: 10/20/2022 09:55:00 Project: BCC722-RTOS-MOINHO, Configuration: ARM GCC 5.4-2016-q2-update Debug ---------------
cydsfit.exe -.appdatapath "C:\Users\alex\AppData\Local\Cypress Semiconductor\PSoC Creator\4.4" -.fdsnotice -.fdswarpdepfile=warp_dependencies.txt -.fdselabdepfile=elab_dependencies.txt -.fdsbldfile=generated_files.txt -.fdsreffile=referenced_files.txt -p H:\BCC722-RTOS-moinho\UCoS\Micrium_2\Software\EvalBoards\Cypress\CY8CKIT-050\PSoC\uCOS-III-Probe\BCC722-RTOS-MOINHO.cydsn\BCC722-RTOS-MOINHO.cyprj -d CY8C5868AXI-LP032 -s H:\BCC722-RTOS-moinho\UCoS\Micrium_2\Software\EvalBoards\Cypress\CY8CKIT-050\PSoC\uCOS-III-Probe\BCC722-RTOS-MOINHO.cydsn\Generated_Source\PSoC5 -- -yv2 -q10 -ygs -o2 -v3 -.fftcfgtype=LE
Elaborating Design...
ADD: sdb.M0065: information: Analog terminal "vdac_ref" on ADC_SAR_SEQ_v2_10 is unconnected.
 * C:\Program Files (x86)\Cypress\PSoC Creator\4.4\PSoC Creator\psoc\content\CyComponentLibrary\CyComponentLibrary.cylib\ADC_SAR_SEQ_v2_10\PSoC5\ADC_SAR_SEQ_v2_10.cysch (Signal: vdac_ref)
 * C:\Program Files (x86)\Cypress\PSoC Creator\4.4\PSoC Creator\psoc\content\CyComponentLibrary\CyComponentLibrary.cylib\ADC_SAR_SEQ_v2_10\PSoC5\ADC_SAR_SEQ_v2_10.cysch (Shape_798)
 * C:\Program Files (x86)\Cypress\PSoC Creator\4.4\PSoC Creator\psoc\content\CyComponentLibrary\CyComponentLibrary.cylib\ADC_SAR_SEQ_v2_10\PSoC5\ADC_SAR_SEQ_v2_10.cysch (Shape_885)
HDL Generation...
Synthesis...
Tech Mapping...
ADD: pft.M0040: information: The following 17 pin(s) will be assigned a location by the fitter: ct_motor(0), EOC(0), LED(0), LED(1), Pin_BP01(0), Pin_BP02(0), Pin_SP02_VE(0), Pin_SP02_VM(0), Pin_SV01_AM(0), Pin_SV01_VE(0), Pin_SV02_AM(0), Pin_SV02_VE(0), Pin_SV02_VM(0), ProbeUART_Rx(0), ProbeUART_Tx(0), se_temp_motor(0), se_temp_quadro(0)
Analog Placement...
Info: apr.M0002: Analog signal "Net_1633" is connected to one terminal only. (App=cydsfit)
Info: apr.M0002: Analog signal "Net_1634" is connected to one terminal only. (App=cydsfit)
Info: apr.M0002: Analog signal "Net_1636" is connected to one terminal only. (App=cydsfit)
Info: apr.M0002: Analog signal "Net_1638" is connected to one terminal only. (App=cydsfit)
Info: apr.M0002: Analog signal "Net_1639" is connected to one terminal only. (App=cydsfit)
Info: apr.M0002: Analog signal "Net_1641" is connected to one terminal only. (App=cydsfit)
Info: apr.M0002: Analog signal "Net_1643" is connected to one terminal only. (App=cydsfit)
Info: apr.M0002: Analog signal "Net_1644" is connected to one terminal only. (App=cydsfit)
Info: apr.M0002: Analog signal "Net_1646" is connected to one terminal only. (App=cydsfit)
Info: apr.M0002: Analog signal "Net_1648" is connected to one terminal only. (App=cydsfit)
Info: apr.M0002: Analog signal "Net_1649" is connected to one terminal only. (App=cydsfit)
Info: apr.M0002: Analog signal "Net_1651" is connected to one terminal only. (App=cydsfit)
Info: apr.M0002: Analog signal "Net_1653" is connected to one terminal only. (App=cydsfit)
Info: apr.M0002: Analog signal "Net_1654" is connected to one terminal only. (App=cydsfit)
Info: apr.M0002: Analog signal "Net_1656" is connected to one terminal only. (App=cydsfit)
Info: apr.M0002: Analog signal "Net_1658" is connected to one terminal only. (App=cydsfit)
Info: apr.M0002: Analog signal "Net_1659" is connected to one terminal only. (App=cydsfit)
Info: apr.M0002: Analog signal "Net_1661" is connected to one terminal only. (App=cydsfit)
Info: apr.M0002: Analog signal "Net_1663" is connected to one terminal only. (App=cydsfit)
Info: apr.M0002: Analog signal "Net_1664" is connected to one terminal only. (App=cydsfit)
Info: apr.M0002: Analog signal "Net_1666" is connected to one terminal only. (App=cydsfit)
Info: apr.M0002: Analog signal "Net_1668" is connected to one terminal only. (App=cydsfit)
Info: apr.M0002: Analog signal "Net_1669" is connected to one terminal only. (App=cydsfit)
Info: apr.M0002: Analog signal "Net_1671" is connected to one terminal only. (App=cydsfit)
Info: apr.M0002: Analog signal "Net_1673" is connected to one terminal only. (App=cydsfit)
Info: apr.M0002: Analog signal "Net_1674" is connected to one terminal only. (App=cydsfit)
Info: apr.M0002: Analog signal "Net_1676" is connected to one terminal only. (App=cydsfit)
Info: apr.M0002: Analog signal "Net_1678" is connected to one terminal only. (App=cydsfit)
Info: apr.M0002: Analog signal "Net_1679" is connected to one terminal only. (App=cydsfit)
Info: apr.M0002: Analog signal "Net_1681" is connected to one terminal only. (App=cydsfit)
Info: apr.M0002: Analog signal "Net_1683" is connected to one terminal only. (App=cydsfit)
Info: apr.M0002: Analog signal "Net_1684" is connected to one terminal only. (App=cydsfit)
Info: apr.M0002: Analog signal "Net_1686" is connected to one terminal only. (App=cydsfit)
Info: apr.M0002: Analog signal "Net_1688" is connected to one terminal only. (App=cydsfit)
Info: apr.M0002: Analog signal "Net_1689" is connected to one terminal only. (App=cydsfit)
Info: apr.M0002: Analog signal "Net_1691" is connected to one terminal only. (App=cydsfit)
Info: apr.M0002: Analog signal "Net_1693" is connected to one terminal only. (App=cydsfit)
Info: apr.M0002: Analog signal "Net_1694" is connected to one terminal only. (App=cydsfit)
Info: apr.M0002: Analog signal "Net_1696" is connected to one terminal only. (App=cydsfit)
Info: apr.M0002: Analog signal "Net_1698" is connected to one terminal only. (App=cydsfit)
Info: apr.M0002: Analog signal "Net_1699" is connected to one terminal only. (App=cydsfit)
Info: apr.M0002: Analog signal "Net_1701" is connected to one terminal only. (App=cydsfit)
Info: apr.M0002: Analog signal "Net_1703" is connected to one terminal only. (App=cydsfit)
Info: apr.M0002: Analog signal "Net_1704" is connected to one terminal only. (App=cydsfit)
Info: apr.M0002: Analog signal "Net_1706" is connected to one terminal only. (App=cydsfit)
Info: apr.M0002: Analog signal "Net_1708" is connected to one terminal only. (App=cydsfit)
Info: apr.M0002: Analog signal "Net_1709" is connected to one terminal only. (App=cydsfit)
Info: apr.M0002: Analog signal "Net_1710" is connected to one terminal only. (App=cydsfit)
Info: apr.M0002: Analog signal "Net_1711" is connected to one terminal only. (App=cydsfit)
Info: apr.M0002: Analog signal "Net_1712" is connected to one terminal only. (App=cydsfit)
Info: apr.M0002: Analog signal "Net_1713" is connected to one terminal only. (App=cydsfit)
Info: apr.M0002: Analog signal "Net_1714" is connected to one terminal only. (App=cydsfit)
Info: apr.M0002: Analog signal "Net_1715" is connected to one terminal only. (App=cydsfit)
Info: apr.M0002: Analog signal "Net_1716" is connected to one terminal only. (App=cydsfit)
Info: apr.M0002: Analog signal "Net_1717" is connected to one terminal only. (App=cydsfit)
Info: apr.M0002: Analog signal "Net_1718" is connected to one terminal only. (App=cydsfit)
Info: apr.M0002: Analog signal "Net_1719" is connected to one terminal only. (App=cydsfit)
Info: apr.M0002: Analog signal "Net_1720" is connected to one terminal only. (App=cydsfit)
Info: apr.M0002: Analog signal "Net_1721" is connected to one terminal only. (App=cydsfit)
Info: apr.M0002: Analog signal "Net_1722" is connected to one terminal only. (App=cydsfit)
Info: apr.M0002: Analog signal "Net_1723" is connected to one terminal only. (App=cydsfit)
Info: apr.M0002: Analog signal "Net_1724" is connected to one terminal only. (App=cydsfit)
Log: apr.M0058: The analog placement iterative improvement is 40% done. (App=cydsfit)
Log: apr.M0058: The analog placement iterative improvement is 93% done. (App=cydsfit)
Analog Routing...
Analog Code Generation...
Digital Placement...
Digital Routing...
