--------------- Rebuild Started: 09/23/2022 16:17:41 Project: Pratica03-uCOS-III, Configuration: ARM GCC 5.4-2016-q2-update Debug ---------------
Deleting file ".\ARM_GCC_541\Debug\app_probe.o"
Deleting file ".\ARM_GCC_541\Debug\app.o"
Deleting file ".\ARM_GCC_541\Debug\os_app_hooks.o"
Deleting file ".\ARM_GCC_541\Debug\bsp_os.o"
Deleting file ".\ARM_GCC_541\Debug\bsp.o"
Deleting file ".\ARM_GCC_541\Debug\cpu_bsp.o"
Deleting file ".\ARM_GCC_541\Debug\cpu_a.o"
Deleting file ".\ARM_GCC_541\Debug\cpu_core.o"
Deleting file ".\ARM_GCC_541\Debug\lib_ascii.o"
Deleting file ".\ARM_GCC_541\Debug\lib_math.o"
Deleting file ".\ARM_GCC_541\Debug\lib_mem.o"
Deleting file ".\ARM_GCC_541\Debug\lib_str.o"
Deleting file ".\ARM_GCC_541\Debug\os_dbg.o"
Deleting file ".\ARM_GCC_541\Debug\os_core.o"
Deleting file ".\ARM_GCC_541\Debug\os_flag.o"
Deleting file ".\ARM_GCC_541\Debug\os_int.o"
Deleting file ".\ARM_GCC_541\Debug\os_mem.o"
Deleting file ".\ARM_GCC_541\Debug\os_msg.o"
Deleting file ".\ARM_GCC_541\Debug\os_mutex.o"
Deleting file ".\ARM_GCC_541\Debug\os_pend_multi.o"
Deleting file ".\ARM_GCC_541\Debug\os_prio.o"
Deleting file ".\ARM_GCC_541\Debug\os_q.o"
Deleting file ".\ARM_GCC_541\Debug\os_sem.o"
Deleting file ".\ARM_GCC_541\Debug\os_stat.o"
Deleting file ".\ARM_GCC_541\Debug\os_task.o"
Deleting file ".\ARM_GCC_541\Debug\os_tick.o"
Deleting file ".\ARM_GCC_541\Debug\os_time.o"
Deleting file ".\ARM_GCC_541\Debug\os_tmr.o"
Deleting file ".\ARM_GCC_541\Debug\os_var.o"
Deleting file ".\ARM_GCC_541\Debug\os_cfg_app.o"
Deleting file ".\ARM_GCC_541\Debug\probe_com_os.o"
Deleting file ".\ARM_GCC_541\Debug\probe_rs232c.o"
Deleting file ".\ARM_GCC_541\Debug\probe_rs232_os.o"
Deleting file ".\ARM_GCC_541\Debug\probe_rs232.o"
Deleting file ".\ARM_GCC_541\Debug\probe_com.o"
Deleting file ".\ARM_GCC_541\Debug\cyfitter_cfg.o"
Deleting file ".\ARM_GCC_541\Debug\LED_Status.o"
Deleting file ".\ARM_GCC_541\Debug\LED_Status_PM.o"
Deleting file ".\ARM_GCC_541\Debug\LED.o"
Deleting file ".\ARM_GCC_541\Debug\LCD_Disp.o"
Deleting file ".\ARM_GCC_541\Debug\LCD_Disp_PM.o"
Deleting file ".\ARM_GCC_541\Debug\LCD_Disp_LCDPort.o"
Deleting file ".\ARM_GCC_541\Debug\Cm3Start.o"
Deleting file ".\ARM_GCC_541\Debug\CyBootAsmGnu.o"
Deleting file ".\ARM_GCC_541\Debug\CyDmac.o"
Deleting file ".\ARM_GCC_541\Debug\CyFlash.o"
Deleting file ".\ARM_GCC_541\Debug\CyLib.o"
Deleting file ".\ARM_GCC_541\Debug\cyPm.o"
Deleting file ".\ARM_GCC_541\Debug\CySpc.o"
Deleting file ".\ARM_GCC_541\Debug\cyutils.o"
Deleting file ".\ARM_GCC_541\Debug\ProbeUART.o"
Deleting file ".\ARM_GCC_541\Debug\ProbeUART_PM.o"
Deleting file ".\ARM_GCC_541\Debug\ProbeUART_INT.o"
Deleting file ".\ARM_GCC_541\Debug\ProbeUART_BOOT.o"
Deleting file ".\ARM_GCC_541\Debug\ProbeUART_TxISR.o"
Deleting file ".\ARM_GCC_541\Debug\ProbeUART_RxISR.o"
Deleting file ".\ARM_GCC_541\Debug\PB_2.o"
Deleting file ".\ARM_GCC_541\Debug\PB_3.o"
Deleting file ".\ARM_GCC_541\Debug\ProbeUART_Tx.o"
Deleting file ".\ARM_GCC_541\Debug\ProbeUART_Rx.o"
Deleting file ".\ARM_GCC_541\Debug\cymetadata.o"
Deleting file ".\ARM_GCC_541\Debug\ProbeUART_IntClock.o"
Deleting file ".\ARM_GCC_541\Debug\cy_em_eeprom.o"
Deleting file ".\ARM_GCC_541\Debug\Pin_SV01_VE.o"
Deleting file ".\ARM_GCC_541\Debug\Pin_BP01.o"
Deleting file ".\ARM_GCC_541\Debug\Pin_SP01_VE.o"
Deleting file ".\ARM_GCC_541\Debug\Pin_SV01_AM.o"
Deleting file ".\ARM_GCC_541\Debug\Pin_SV01_VM.o"
Deleting file ".\ARM_GCC_541\Debug\Pin_SP01_VM.o"
Deleting file ".\ARM_GCC_541\Debug\Pin_BP01_int.o"
Deleting file ".\ARM_GCC_541\Debug\Pin_SV02_VE.o"
Deleting file ".\ARM_GCC_541\Debug\Pin_BP02.o"
Deleting file ".\ARM_GCC_541\Debug\Pin_SP02_VE.o"
Deleting file ".\ARM_GCC_541\Debug\Pin_SV02_AM.o"
Deleting file ".\ARM_GCC_541\Debug\Pin_SV02_VM.o"
Deleting file ".\ARM_GCC_541\Debug\Pin_SP02_VM.o"
Deleting file ".\ARM_GCC_541\Debug\Pin_BP02_int.o"
Deleting file ".\ARM_GCC_541\Debug\Pratica03-uCOS-III.hex"
Deleting file ".\ARM_GCC_541\Debug\Pratica03-uCOS-III.elf"
Deleting file ".\ARM_GCC_541\Debug\Pratica03-uCOS-III.map"
Deleting file ".\Pratica03-uCOS-III.rpt"
Deleting file ".\Pratica03-uCOS-III_timing.html"
Deleting file ".\ARM_GCC_541\Debug\.deps\SOURCE_C__ARM_GCC_GENERIC.P"
Deleting file ".\ARM_GCC_541\Debug\.deps\SOURCE_ASM__ARM_GCC_GENERIC.P"
cydsfit.exe -.appdatapath "C:\Users\Aluno\AppData\Local\Cypress Semiconductor\PSoC Creator\4.4" -.fdsnotice -.fdswarpdepfile=warp_dependencies.txt -.fdselabdepfile=elab_dependencies.txt -.fdsbldfile=generated_files.txt -.fdsreffile=referenced_files.txt -p "C:\Users\Aluno\Documents\PSoC Creator\BCC722-PRATICA-03\UCoS\Micrium_2\Software\EvalBoards\Cypress\CY8CKIT-050\PSoC\uCOS-III-Probe\Pratica03-uCOS-III.cydsn\Pratica03-uCOS-III.cyprj" -d CY8C5868AXI-LP032 -s "C:\Users\Aluno\Documents\PSoC Creator\BCC722-PRATICA-03\UCoS\Micrium_2\Software\EvalBoards\Cypress\CY8CKIT-050\PSoC\uCOS-III-Probe\Pratica03-uCOS-III.cydsn\Generated_Source\PSoC5" -- -yv2 -q10 -ygs -o2 -v3 -.fftcfgtype=LE
Elaborating Design...
HDL Generation...
Synthesis...
Tech Mapping...
ADD: pft.M0040: information: The following 2 pin(s) will be assigned a location by the fitter: PB_2(0), PB_3(0)
Analog Placement...
Error: apr.M0038: IO "Pin_BP02(0)" cannot be placed into "P6[1]" because it has an interrupt that conflicts with another interrupt already in this port. Pick a different place for this IO. (App=cydsfit)
Dependency Generation...
Cleanup...
Error: fit.M0050: The fitter aborted due to errors, please address all errors and rebuild. (App=cydsfit)
--------------- Rebuild Failed: 09/23/2022 16:17:45 ---------------
