ARM GAS  C:\Users\EDULU~1.DES\AppData\Local\Temp\cc5GXWeP.s 			page 1


   1              		.cpu cortex-m0
   2              		.eabi_attribute 20, 1
   3              		.eabi_attribute 21, 1
   4              		.eabi_attribute 23, 3
   5              		.eabi_attribute 24, 1
   6              		.eabi_attribute 25, 1
   7              		.eabi_attribute 26, 1
   8              		.eabi_attribute 30, 1
   9              		.eabi_attribute 34, 0
  10              		.eabi_attribute 18, 4
  11              		.file	"ADC_INT.c"
  12              		.text
  13              	.Ltext0:
  14              		.cfi_sections	.debug_frame
  15              		.section	.text.ADC_ISR,"ax",%progbits
  16              		.align	1
  17              		.global	ADC_ISR
  18              		.arch armv6s-m
  19              		.syntax unified
  20              		.code	16
  21              		.thumb_func
  22              		.fpu softvfp
  23              		.type	ADC_ISR, %function
  24              	ADC_ISR:
  25              	.LFB0:
  26              		.file 1 "Generated_Source\\PSoC4\\ADC_INT.c"
   1:Generated_Source\PSoC4/ADC_INT.c **** /*******************************************************************************
   2:Generated_Source\PSoC4/ADC_INT.c **** * File Name: ADC_INT.c
   3:Generated_Source\PSoC4/ADC_INT.c **** * Version 2.50
   4:Generated_Source\PSoC4/ADC_INT.c **** *
   5:Generated_Source\PSoC4/ADC_INT.c **** *  Description:
   6:Generated_Source\PSoC4/ADC_INT.c **** *    This file contains the code that operates during the ADC_SAR interrupt
   7:Generated_Source\PSoC4/ADC_INT.c **** *    service routine.
   8:Generated_Source\PSoC4/ADC_INT.c **** *
   9:Generated_Source\PSoC4/ADC_INT.c **** *   Note:
  10:Generated_Source\PSoC4/ADC_INT.c **** *
  11:Generated_Source\PSoC4/ADC_INT.c **** ********************************************************************************
  12:Generated_Source\PSoC4/ADC_INT.c **** * Copyright 2008-2017, Cypress Semiconductor Corporation.  All rights reserved.
  13:Generated_Source\PSoC4/ADC_INT.c **** * You may use this file only in accordance with the license, terms, conditions,
  14:Generated_Source\PSoC4/ADC_INT.c **** * disclaimers, and limitations in the end user license agreement accompanying
  15:Generated_Source\PSoC4/ADC_INT.c **** * the software package with which this file was provided.
  16:Generated_Source\PSoC4/ADC_INT.c **** *******************************************************************************/
  17:Generated_Source\PSoC4/ADC_INT.c **** 
  18:Generated_Source\PSoC4/ADC_INT.c **** #include "ADC.h"
  19:Generated_Source\PSoC4/ADC_INT.c **** 
  20:Generated_Source\PSoC4/ADC_INT.c **** 
  21:Generated_Source\PSoC4/ADC_INT.c **** 
  22:Generated_Source\PSoC4/ADC_INT.c **** /******************************************************************************
  23:Generated_Source\PSoC4/ADC_INT.c **** * Custom Declarations and Variables
  24:Generated_Source\PSoC4/ADC_INT.c **** * - add user inlcude files, prototypes and variables between the following
  25:Generated_Source\PSoC4/ADC_INT.c **** *   #START and #END tags
  26:Generated_Source\PSoC4/ADC_INT.c **** ******************************************************************************/
  27:Generated_Source\PSoC4/ADC_INT.c **** /* `#START ADC_SYS_VAR`  */
  28:Generated_Source\PSoC4/ADC_INT.c **** 
  29:Generated_Source\PSoC4/ADC_INT.c **** /* `#END`  */
  30:Generated_Source\PSoC4/ADC_INT.c **** 
  31:Generated_Source\PSoC4/ADC_INT.c **** #if(ADC_IRQ_REMOVE == 0u)
ARM GAS  C:\Users\EDULU~1.DES\AppData\Local\Temp\cc5GXWeP.s 			page 2


  32:Generated_Source\PSoC4/ADC_INT.c **** 
  33:Generated_Source\PSoC4/ADC_INT.c **** 
  34:Generated_Source\PSoC4/ADC_INT.c ****     /******************************************************************************
  35:Generated_Source\PSoC4/ADC_INT.c ****     * Function Name: ADC_ISR
  36:Generated_Source\PSoC4/ADC_INT.c ****     *******************************************************************************
  37:Generated_Source\PSoC4/ADC_INT.c ****     *
  38:Generated_Source\PSoC4/ADC_INT.c ****     * Summary:
  39:Generated_Source\PSoC4/ADC_INT.c ****     *  Handle Interrupt Service Routine.
  40:Generated_Source\PSoC4/ADC_INT.c ****     *
  41:Generated_Source\PSoC4/ADC_INT.c ****     * Parameters:
  42:Generated_Source\PSoC4/ADC_INT.c ****     *  None.
  43:Generated_Source\PSoC4/ADC_INT.c ****     *
  44:Generated_Source\PSoC4/ADC_INT.c ****     * Return:
  45:Generated_Source\PSoC4/ADC_INT.c ****     *  None.
  46:Generated_Source\PSoC4/ADC_INT.c ****     *
  47:Generated_Source\PSoC4/ADC_INT.c ****     * Reentrant:
  48:Generated_Source\PSoC4/ADC_INT.c ****     *  No.
  49:Generated_Source\PSoC4/ADC_INT.c ****     *
  50:Generated_Source\PSoC4/ADC_INT.c ****     ******************************************************************************/
  51:Generated_Source\PSoC4/ADC_INT.c ****     CY_ISR( ADC_ISR )
  52:Generated_Source\PSoC4/ADC_INT.c ****     {
  27              		.loc 1 52 5 view -0
  28              		.cfi_startproc
  29              		@ args = 0, pretend = 0, frame = 0
  30              		@ frame_needed = 0, uses_anonymous_args = 0
  31              		@ link register save eliminated.
  53:Generated_Source\PSoC4/ADC_INT.c ****         uint32 intr_status;
  32              		.loc 1 53 9 view .LVU1
  54:Generated_Source\PSoC4/ADC_INT.c **** 
  55:Generated_Source\PSoC4/ADC_INT.c ****         /* Read interrupt status register */
  56:Generated_Source\PSoC4/ADC_INT.c ****         intr_status = ADC_SAR_INTR_REG;
  33              		.loc 1 56 9 view .LVU2
  34              		.loc 1 56 21 is_stmt 0 view .LVU3
  35 0000 014B     		ldr	r3, .L2
  36 0002 1A68     		ldr	r2, [r3]
  37              	.LVL0:
  57:Generated_Source\PSoC4/ADC_INT.c **** 
  58:Generated_Source\PSoC4/ADC_INT.c ****         #ifdef ADC_ISR_INTERRUPT_CALLBACK
  59:Generated_Source\PSoC4/ADC_INT.c ****             ADC_ISR_InterruptCallback();
  60:Generated_Source\PSoC4/ADC_INT.c ****         #endif /* ADC_ISR_INTERRUPT_CALLBACK */
  61:Generated_Source\PSoC4/ADC_INT.c **** 
  62:Generated_Source\PSoC4/ADC_INT.c **** 
  63:Generated_Source\PSoC4/ADC_INT.c ****         /************************************************************************
  64:Generated_Source\PSoC4/ADC_INT.c ****         *  Custom Code
  65:Generated_Source\PSoC4/ADC_INT.c ****         *  - add user ISR code between the following #START and #END tags
  66:Generated_Source\PSoC4/ADC_INT.c ****         *************************************************************************/
  67:Generated_Source\PSoC4/ADC_INT.c ****         /* `#START MAIN_ADC_ISR`  */
  68:Generated_Source\PSoC4/ADC_INT.c **** 
  69:Generated_Source\PSoC4/ADC_INT.c ****         /* `#END`  */
  70:Generated_Source\PSoC4/ADC_INT.c ****         
  71:Generated_Source\PSoC4/ADC_INT.c ****         /* Clear handled interrupt */
  72:Generated_Source\PSoC4/ADC_INT.c ****         ADC_SAR_INTR_REG = intr_status;
  38              		.loc 1 72 9 is_stmt 1 view .LVU4
  39              		.loc 1 72 26 is_stmt 0 view .LVU5
  40 0004 1A60     		str	r2, [r3]
  73:Generated_Source\PSoC4/ADC_INT.c ****     }
  41              		.loc 1 73 5 view .LVU6
ARM GAS  C:\Users\EDULU~1.DES\AppData\Local\Temp\cc5GXWeP.s 			page 3


  42              		@ sp needed
  43 0006 7047     		bx	lr
  44              	.L3:
  45              		.align	2
  46              	.L2:
  47 0008 10021A40 		.word	1075446288
  48              		.cfi_endproc
  49              	.LFE0:
  50              		.size	ADC_ISR, .-ADC_ISR
  51              		.text
  52              	.Letext0:
  53              		.file 2 "Generated_Source\\PSoC4\\cytypes.h"
  54              		.file 3 "c:\\program files (x86)\\gnu tools arm embedded\\8 2018-q4-major\\arm-none-eabi\\include\
  55              		.file 4 "c:\\program files (x86)\\gnu tools arm embedded\\8 2018-q4-major\\arm-none-eabi\\include\
  56              		.file 5 "c:\\program files (x86)\\gnu tools arm embedded\\8 2018-q4-major\\lib\\gcc\\arm-none-eabi
  57              		.file 6 "c:\\program files (x86)\\gnu tools arm embedded\\8 2018-q4-major\\arm-none-eabi\\include\
  58              		.file 7 "c:\\program files (x86)\\gnu tools arm embedded\\8 2018-q4-major\\arm-none-eabi\\include\
  59              		.file 8 "Generated_Source\\PSoC4\\CyLib.h"
  60              		.file 9 "Generated_Source\\PSoC4\\ADC.h"
  61              		.section	.debug_info,"",%progbits
  62              	.Ldebug_info0:
  63 0000 640A0000 		.4byte	0xa64
  64 0004 0400     		.2byte	0x4
  65 0006 00000000 		.4byte	.Ldebug_abbrev0
  66 000a 04       		.byte	0x4
  67 000b 01       		.uleb128 0x1
  68 000c 91020000 		.4byte	.LASF139
  69 0010 0C       		.byte	0xc
  70 0011 31020000 		.4byte	.LASF140
  71 0015 B5050000 		.4byte	.LASF141
  72 0019 00000000 		.4byte	.Ldebug_ranges0+0
  73 001d 00000000 		.4byte	0
  74 0021 00000000 		.4byte	.Ldebug_line0
  75 0025 02       		.uleb128 0x2
  76 0026 01       		.byte	0x1
  77 0027 06       		.byte	0x6
  78 0028 CE000000 		.4byte	.LASF0
  79 002c 02       		.uleb128 0x2
  80 002d 01       		.byte	0x1
  81 002e 08       		.byte	0x8
  82 002f DB030000 		.4byte	.LASF1
  83 0033 02       		.uleb128 0x2
  84 0034 02       		.byte	0x2
  85 0035 05       		.byte	0x5
  86 0036 0A040000 		.4byte	.LASF2
  87 003a 02       		.uleb128 0x2
  88 003b 02       		.byte	0x2
  89 003c 07       		.byte	0x7
  90 003d 1E020000 		.4byte	.LASF3
  91 0041 02       		.uleb128 0x2
  92 0042 04       		.byte	0x4
  93 0043 05       		.byte	0x5
  94 0044 19010000 		.4byte	.LASF4
  95 0048 02       		.uleb128 0x2
  96 0049 04       		.byte	0x4
  97 004a 07       		.byte	0x7
  98 004b FF010000 		.4byte	.LASF5
ARM GAS  C:\Users\EDULU~1.DES\AppData\Local\Temp\cc5GXWeP.s 			page 4


  99 004f 02       		.uleb128 0x2
 100 0050 08       		.byte	0x8
 101 0051 05       		.byte	0x5
 102 0052 C0000000 		.4byte	.LASF6
 103 0056 02       		.uleb128 0x2
 104 0057 08       		.byte	0x8
 105 0058 07       		.byte	0x7
 106 0059 6C000000 		.4byte	.LASF7
 107 005d 03       		.uleb128 0x3
 108 005e 04       		.byte	0x4
 109 005f 05       		.byte	0x5
 110 0060 696E7400 		.ascii	"int\000"
 111 0064 02       		.uleb128 0x2
 112 0065 04       		.byte	0x4
 113 0066 07       		.byte	0x7
 114 0067 DB010000 		.4byte	.LASF8
 115 006b 04       		.uleb128 0x4
 116 006c 41010000 		.4byte	.LASF9
 117 0070 02       		.byte	0x2
 118 0071 E401     		.2byte	0x1e4
 119 0073 19       		.byte	0x19
 120 0074 2C000000 		.4byte	0x2c
 121 0078 05       		.uleb128 0x5
 122 0079 6B000000 		.4byte	0x6b
 123 007d 04       		.uleb128 0x4
 124 007e 8C010000 		.4byte	.LASF10
 125 0082 02       		.byte	0x2
 126 0083 E601     		.2byte	0x1e6
 127 0085 19       		.byte	0x19
 128 0086 48000000 		.4byte	0x48
 129 008a 06       		.uleb128 0x6
 130 008b 7D000000 		.4byte	0x7d
 131 008f 04       		.uleb128 0x4
 132 0090 AF050000 		.4byte	.LASF11
 133 0094 02       		.byte	0x2
 134 0095 E801     		.2byte	0x1e8
 135 0097 19       		.byte	0x19
 136 0098 33000000 		.4byte	0x33
 137 009c 06       		.uleb128 0x6
 138 009d 8F000000 		.4byte	0x8f
 139 00a1 04       		.uleb128 0x4
 140 00a2 F0000000 		.4byte	.LASF12
 141 00a6 02       		.byte	0x2
 142 00a7 E901     		.2byte	0x1e9
 143 00a9 19       		.byte	0x19
 144 00aa 41000000 		.4byte	0x41
 145 00ae 06       		.uleb128 0x6
 146 00af A1000000 		.4byte	0xa1
 147 00b3 02       		.uleb128 0x2
 148 00b4 04       		.byte	0x4
 149 00b5 04       		.byte	0x4
 150 00b6 B6030000 		.4byte	.LASF13
 151 00ba 02       		.uleb128 0x2
 152 00bb 08       		.byte	0x8
 153 00bc 04       		.byte	0x4
 154 00bd 56010000 		.4byte	.LASF14
 155 00c1 02       		.uleb128 0x2
ARM GAS  C:\Users\EDULU~1.DES\AppData\Local\Temp\cc5GXWeP.s 			page 5


 156 00c2 01       		.byte	0x1
 157 00c3 08       		.byte	0x8
 158 00c4 E8040000 		.4byte	.LASF15
 159 00c8 05       		.uleb128 0x5
 160 00c9 C1000000 		.4byte	0xc1
 161 00cd 04       		.uleb128 0x4
 162 00ce 45030000 		.4byte	.LASF16
 163 00d2 02       		.byte	0x2
 164 00d3 9002     		.2byte	0x290
 165 00d5 21       		.byte	0x21
 166 00d6 8A000000 		.4byte	0x8a
 167 00da 07       		.uleb128 0x7
 168 00db 04       		.byte	0x4
 169 00dc E0000000 		.4byte	0xe0
 170 00e0 08       		.uleb128 0x8
 171 00e1 02       		.uleb128 0x2
 172 00e2 08       		.byte	0x8
 173 00e3 04       		.byte	0x4
 174 00e4 63030000 		.4byte	.LASF17
 175 00e8 09       		.uleb128 0x9
 176 00e9 82020000 		.4byte	.LASF18
 177 00ed 03       		.byte	0x3
 178 00ee 22       		.byte	0x22
 179 00ef 19       		.byte	0x19
 180 00f0 F4000000 		.4byte	0xf4
 181 00f4 07       		.uleb128 0x7
 182 00f5 04       		.byte	0x4
 183 00f6 FA000000 		.4byte	0xfa
 184 00fa 0A       		.uleb128 0xa
 185 00fb B8040000 		.4byte	.LASF124
 186 00ff 09       		.uleb128 0x9
 187 0100 AF030000 		.4byte	.LASF19
 188 0104 04       		.byte	0x4
 189 0105 2C       		.byte	0x2c
 190 0106 0E       		.byte	0xe
 191 0107 41000000 		.4byte	0x41
 192 010b 09       		.uleb128 0x9
 193 010c D9040000 		.4byte	.LASF20
 194 0110 04       		.byte	0x4
 195 0111 72       		.byte	0x72
 196 0112 0E       		.byte	0xe
 197 0113 41000000 		.4byte	0x41
 198 0117 04       		.uleb128 0x4
 199 0118 8A020000 		.4byte	.LASF21
 200 011c 05       		.byte	0x5
 201 011d 6501     		.2byte	0x165
 202 011f 17       		.byte	0x17
 203 0120 64000000 		.4byte	0x64
 204 0124 0B       		.uleb128 0xb
 205 0125 04       		.byte	0x4
 206 0126 04       		.byte	0x4
 207 0127 A6       		.byte	0xa6
 208 0128 03       		.byte	0x3
 209 0129 46010000 		.4byte	0x146
 210 012d 0C       		.uleb128 0xc
 211 012e 7C020000 		.4byte	.LASF22
 212 0132 04       		.byte	0x4
ARM GAS  C:\Users\EDULU~1.DES\AppData\Local\Temp\cc5GXWeP.s 			page 6


 213 0133 A8       		.byte	0xa8
 214 0134 0C       		.byte	0xc
 215 0135 17010000 		.4byte	0x117
 216 0139 0C       		.uleb128 0xc
 217 013a E8010000 		.4byte	.LASF23
 218 013e 04       		.byte	0x4
 219 013f A9       		.byte	0xa9
 220 0140 13       		.byte	0x13
 221 0141 46010000 		.4byte	0x146
 222 0145 00       		.byte	0
 223 0146 0D       		.uleb128 0xd
 224 0147 2C000000 		.4byte	0x2c
 225 014b 56010000 		.4byte	0x156
 226 014f 0E       		.uleb128 0xe
 227 0150 64000000 		.4byte	0x64
 228 0154 03       		.byte	0x3
 229 0155 00       		.byte	0
 230 0156 0F       		.uleb128 0xf
 231 0157 08       		.byte	0x8
 232 0158 04       		.byte	0x4
 233 0159 A3       		.byte	0xa3
 234 015a 09       		.byte	0x9
 235 015b 7A010000 		.4byte	0x17a
 236 015f 10       		.uleb128 0x10
 237 0160 B0040000 		.4byte	.LASF24
 238 0164 04       		.byte	0x4
 239 0165 A5       		.byte	0xa5
 240 0166 07       		.byte	0x7
 241 0167 5D000000 		.4byte	0x5d
 242 016b 00       		.byte	0
 243 016c 10       		.uleb128 0x10
 244 016d BF040000 		.4byte	.LASF25
 245 0171 04       		.byte	0x4
 246 0172 AA       		.byte	0xaa
 247 0173 05       		.byte	0x5
 248 0174 24010000 		.4byte	0x124
 249 0178 04       		.byte	0x4
 250 0179 00       		.byte	0
 251 017a 09       		.uleb128 0x9
 252 017b 32040000 		.4byte	.LASF26
 253 017f 04       		.byte	0x4
 254 0180 AB       		.byte	0xab
 255 0181 03       		.byte	0x3
 256 0182 56010000 		.4byte	0x156
 257 0186 09       		.uleb128 0x9
 258 0187 9E010000 		.4byte	.LASF27
 259 018b 04       		.byte	0x4
 260 018c AF       		.byte	0xaf
 261 018d 1B       		.byte	0x1b
 262 018e E8000000 		.4byte	0xe8
 263 0192 11       		.uleb128 0x11
 264 0193 04       		.byte	0x4
 265 0194 07       		.uleb128 0x7
 266 0195 04       		.byte	0x4
 267 0196 C1000000 		.4byte	0xc1
 268 019a 09       		.uleb128 0x9
 269 019b 25050000 		.4byte	.LASF28
ARM GAS  C:\Users\EDULU~1.DES\AppData\Local\Temp\cc5GXWeP.s 			page 7


 270 019f 06       		.byte	0x6
 271 01a0 16       		.byte	0x16
 272 01a1 19       		.byte	0x19
 273 01a2 48000000 		.4byte	0x48
 274 01a6 12       		.uleb128 0x12
 275 01a7 AF010000 		.4byte	.LASF33
 276 01ab 18       		.byte	0x18
 277 01ac 06       		.byte	0x6
 278 01ad 2F       		.byte	0x2f
 279 01ae 08       		.byte	0x8
 280 01af 00020000 		.4byte	0x200
 281 01b3 10       		.uleb128 0x10
 282 01b4 04050000 		.4byte	.LASF29
 283 01b8 06       		.byte	0x6
 284 01b9 31       		.byte	0x31
 285 01ba 13       		.byte	0x13
 286 01bb 00020000 		.4byte	0x200
 287 01bf 00       		.byte	0
 288 01c0 13       		.uleb128 0x13
 289 01c1 5F6B00   		.ascii	"_k\000"
 290 01c4 06       		.byte	0x6
 291 01c5 32       		.byte	0x32
 292 01c6 07       		.byte	0x7
 293 01c7 5D000000 		.4byte	0x5d
 294 01cb 04       		.byte	0x4
 295 01cc 10       		.uleb128 0x10
 296 01cd 9B040000 		.4byte	.LASF30
 297 01d1 06       		.byte	0x6
 298 01d2 32       		.byte	0x32
 299 01d3 0B       		.byte	0xb
 300 01d4 5D000000 		.4byte	0x5d
 301 01d8 08       		.byte	0x8
 302 01d9 10       		.uleb128 0x10
 303 01da 98010000 		.4byte	.LASF31
 304 01de 06       		.byte	0x6
 305 01df 32       		.byte	0x32
 306 01e0 14       		.byte	0x14
 307 01e1 5D000000 		.4byte	0x5d
 308 01e5 0C       		.byte	0xc
 309 01e6 10       		.uleb128 0x10
 310 01e7 7D050000 		.4byte	.LASF32
 311 01eb 06       		.byte	0x6
 312 01ec 32       		.byte	0x32
 313 01ed 1B       		.byte	0x1b
 314 01ee 5D000000 		.4byte	0x5d
 315 01f2 10       		.byte	0x10
 316 01f3 13       		.uleb128 0x13
 317 01f4 5F7800   		.ascii	"_x\000"
 318 01f7 06       		.byte	0x6
 319 01f8 33       		.byte	0x33
 320 01f9 0B       		.byte	0xb
 321 01fa 06020000 		.4byte	0x206
 322 01fe 14       		.byte	0x14
 323 01ff 00       		.byte	0
 324 0200 07       		.uleb128 0x7
 325 0201 04       		.byte	0x4
 326 0202 A6010000 		.4byte	0x1a6
ARM GAS  C:\Users\EDULU~1.DES\AppData\Local\Temp\cc5GXWeP.s 			page 8


 327 0206 0D       		.uleb128 0xd
 328 0207 9A010000 		.4byte	0x19a
 329 020b 16020000 		.4byte	0x216
 330 020f 0E       		.uleb128 0xe
 331 0210 64000000 		.4byte	0x64
 332 0214 00       		.byte	0
 333 0215 00       		.byte	0
 334 0216 12       		.uleb128 0x12
 335 0217 D6010000 		.4byte	.LASF34
 336 021b 24       		.byte	0x24
 337 021c 06       		.byte	0x6
 338 021d 37       		.byte	0x37
 339 021e 08       		.byte	0x8
 340 021f 99020000 		.4byte	0x299
 341 0223 10       		.uleb128 0x10
 342 0224 B7000000 		.4byte	.LASF35
 343 0228 06       		.byte	0x6
 344 0229 39       		.byte	0x39
 345 022a 09       		.byte	0x9
 346 022b 5D000000 		.4byte	0x5d
 347 022f 00       		.byte	0
 348 0230 10       		.uleb128 0x10
 349 0231 ED040000 		.4byte	.LASF36
 350 0235 06       		.byte	0x6
 351 0236 3A       		.byte	0x3a
 352 0237 09       		.byte	0x9
 353 0238 5D000000 		.4byte	0x5d
 354 023c 04       		.byte	0x4
 355 023d 10       		.uleb128 0x10
 356 023e E6000000 		.4byte	.LASF37
 357 0242 06       		.byte	0x6
 358 0243 3B       		.byte	0x3b
 359 0244 09       		.byte	0x9
 360 0245 5D000000 		.4byte	0x5d
 361 0249 08       		.byte	0x8
 362 024a 10       		.uleb128 0x10
 363 024b 6A060000 		.4byte	.LASF38
 364 024f 06       		.byte	0x6
 365 0250 3C       		.byte	0x3c
 366 0251 09       		.byte	0x9
 367 0252 5D000000 		.4byte	0x5d
 368 0256 0C       		.byte	0xc
 369 0257 10       		.uleb128 0x10
 370 0258 93030000 		.4byte	.LASF39
 371 025c 06       		.byte	0x6
 372 025d 3D       		.byte	0x3d
 373 025e 09       		.byte	0x9
 374 025f 5D000000 		.4byte	0x5d
 375 0263 10       		.byte	0x10
 376 0264 10       		.uleb128 0x10
 377 0265 4B030000 		.4byte	.LASF40
 378 0269 06       		.byte	0x6
 379 026a 3E       		.byte	0x3e
 380 026b 09       		.byte	0x9
 381 026c 5D000000 		.4byte	0x5d
 382 0270 14       		.byte	0x14
 383 0271 10       		.uleb128 0x10
ARM GAS  C:\Users\EDULU~1.DES\AppData\Local\Temp\cc5GXWeP.s 			page 9


 384 0272 82050000 		.4byte	.LASF41
 385 0276 06       		.byte	0x6
 386 0277 3F       		.byte	0x3f
 387 0278 09       		.byte	0x9
 388 0279 5D000000 		.4byte	0x5d
 389 027d 18       		.byte	0x18
 390 027e 10       		.uleb128 0x10
 391 027f 14040000 		.4byte	.LASF42
 392 0283 06       		.byte	0x6
 393 0284 40       		.byte	0x40
 394 0285 09       		.byte	0x9
 395 0286 5D000000 		.4byte	0x5d
 396 028a 1C       		.byte	0x1c
 397 028b 10       		.uleb128 0x10
 398 028c 31060000 		.4byte	.LASF43
 399 0290 06       		.byte	0x6
 400 0291 41       		.byte	0x41
 401 0292 09       		.byte	0x9
 402 0293 5D000000 		.4byte	0x5d
 403 0297 20       		.byte	0x20
 404 0298 00       		.byte	0
 405 0299 14       		.uleb128 0x14
 406 029a FB000000 		.4byte	.LASF44
 407 029e 0801     		.2byte	0x108
 408 02a0 06       		.byte	0x6
 409 02a1 4A       		.byte	0x4a
 410 02a2 08       		.byte	0x8
 411 02a3 DE020000 		.4byte	0x2de
 412 02a7 10       		.uleb128 0x10
 413 02a8 1E000000 		.4byte	.LASF45
 414 02ac 06       		.byte	0x6
 415 02ad 4B       		.byte	0x4b
 416 02ae 0A       		.byte	0xa
 417 02af DE020000 		.4byte	0x2de
 418 02b3 00       		.byte	0
 419 02b4 10       		.uleb128 0x10
 420 02b5 00000000 		.4byte	.LASF46
 421 02b9 06       		.byte	0x6
 422 02ba 4C       		.byte	0x4c
 423 02bb 09       		.byte	0x9
 424 02bc DE020000 		.4byte	0x2de
 425 02c0 80       		.byte	0x80
 426 02c1 15       		.uleb128 0x15
 427 02c2 17050000 		.4byte	.LASF47
 428 02c6 06       		.byte	0x6
 429 02c7 4E       		.byte	0x4e
 430 02c8 0A       		.byte	0xa
 431 02c9 9A010000 		.4byte	0x19a
 432 02cd 0001     		.2byte	0x100
 433 02cf 15       		.uleb128 0x15
 434 02d0 29010000 		.4byte	.LASF48
 435 02d4 06       		.byte	0x6
 436 02d5 51       		.byte	0x51
 437 02d6 0A       		.byte	0xa
 438 02d7 9A010000 		.4byte	0x19a
 439 02db 0401     		.2byte	0x104
 440 02dd 00       		.byte	0
ARM GAS  C:\Users\EDULU~1.DES\AppData\Local\Temp\cc5GXWeP.s 			page 10


 441 02de 0D       		.uleb128 0xd
 442 02df 92010000 		.4byte	0x192
 443 02e3 EE020000 		.4byte	0x2ee
 444 02e7 0E       		.uleb128 0xe
 445 02e8 64000000 		.4byte	0x64
 446 02ec 1F       		.byte	0x1f
 447 02ed 00       		.byte	0
 448 02ee 14       		.uleb128 0x14
 449 02ef 9C030000 		.4byte	.LASF49
 450 02f3 9001     		.2byte	0x190
 451 02f5 06       		.byte	0x6
 452 02f6 5D       		.byte	0x5d
 453 02f7 08       		.byte	0x8
 454 02f8 31030000 		.4byte	0x331
 455 02fc 10       		.uleb128 0x10
 456 02fd 04050000 		.4byte	.LASF29
 457 0301 06       		.byte	0x6
 458 0302 5E       		.byte	0x5e
 459 0303 12       		.byte	0x12
 460 0304 31030000 		.4byte	0x331
 461 0308 00       		.byte	0
 462 0309 10       		.uleb128 0x10
 463 030a 6B040000 		.4byte	.LASF50
 464 030e 06       		.byte	0x6
 465 030f 5F       		.byte	0x5f
 466 0310 06       		.byte	0x6
 467 0311 5D000000 		.4byte	0x5d
 468 0315 04       		.byte	0x4
 469 0316 10       		.uleb128 0x10
 470 0317 93010000 		.4byte	.LASF51
 471 031b 06       		.byte	0x6
 472 031c 61       		.byte	0x61
 473 031d 09       		.byte	0x9
 474 031e 37030000 		.4byte	0x337
 475 0322 08       		.byte	0x8
 476 0323 10       		.uleb128 0x10
 477 0324 FB000000 		.4byte	.LASF44
 478 0328 06       		.byte	0x6
 479 0329 62       		.byte	0x62
 480 032a 1E       		.byte	0x1e
 481 032b 99020000 		.4byte	0x299
 482 032f 88       		.byte	0x88
 483 0330 00       		.byte	0
 484 0331 07       		.uleb128 0x7
 485 0332 04       		.byte	0x4
 486 0333 EE020000 		.4byte	0x2ee
 487 0337 0D       		.uleb128 0xd
 488 0338 DA000000 		.4byte	0xda
 489 033c 47030000 		.4byte	0x347
 490 0340 0E       		.uleb128 0xe
 491 0341 64000000 		.4byte	0x64
 492 0345 1F       		.byte	0x1f
 493 0346 00       		.byte	0
 494 0347 12       		.uleb128 0x12
 495 0348 1E040000 		.4byte	.LASF52
 496 034c 08       		.byte	0x8
 497 034d 06       		.byte	0x6
ARM GAS  C:\Users\EDULU~1.DES\AppData\Local\Temp\cc5GXWeP.s 			page 11


 498 034e 75       		.byte	0x75
 499 034f 08       		.byte	0x8
 500 0350 6F030000 		.4byte	0x36f
 501 0354 10       		.uleb128 0x10
 502 0355 E0000000 		.4byte	.LASF53
 503 0359 06       		.byte	0x6
 504 035a 76       		.byte	0x76
 505 035b 11       		.byte	0x11
 506 035c 6F030000 		.4byte	0x36f
 507 0360 00       		.byte	0
 508 0361 10       		.uleb128 0x10
 509 0362 0C000000 		.4byte	.LASF54
 510 0366 06       		.byte	0x6
 511 0367 77       		.byte	0x77
 512 0368 06       		.byte	0x6
 513 0369 5D000000 		.4byte	0x5d
 514 036d 04       		.byte	0x4
 515 036e 00       		.byte	0
 516 036f 07       		.uleb128 0x7
 517 0370 04       		.byte	0x4
 518 0371 2C000000 		.4byte	0x2c
 519 0375 12       		.uleb128 0x12
 520 0376 3D040000 		.4byte	.LASF55
 521 037a 68       		.byte	0x68
 522 037b 06       		.byte	0x6
 523 037c B5       		.byte	0xb5
 524 037d 08       		.byte	0x8
 525 037e B8040000 		.4byte	0x4b8
 526 0382 13       		.uleb128 0x13
 527 0383 5F7000   		.ascii	"_p\000"
 528 0386 06       		.byte	0x6
 529 0387 B6       		.byte	0xb6
 530 0388 12       		.byte	0x12
 531 0389 6F030000 		.4byte	0x36f
 532 038d 00       		.byte	0
 533 038e 13       		.uleb128 0x13
 534 038f 5F7200   		.ascii	"_r\000"
 535 0392 06       		.byte	0x6
 536 0393 B7       		.byte	0xb7
 537 0394 07       		.byte	0x7
 538 0395 5D000000 		.4byte	0x5d
 539 0399 04       		.byte	0x4
 540 039a 13       		.uleb128 0x13
 541 039b 5F7700   		.ascii	"_w\000"
 542 039e 06       		.byte	0x6
 543 039f B8       		.byte	0xb8
 544 03a0 07       		.byte	0x7
 545 03a1 5D000000 		.4byte	0x5d
 546 03a5 08       		.byte	0x8
 547 03a6 10       		.uleb128 0x10
 548 03a7 22010000 		.4byte	.LASF56
 549 03ab 06       		.byte	0x6
 550 03ac B9       		.byte	0xb9
 551 03ad 09       		.byte	0x9
 552 03ae 33000000 		.4byte	0x33
 553 03b2 0C       		.byte	0xc
 554 03b3 10       		.uleb128 0x10
ARM GAS  C:\Users\EDULU~1.DES\AppData\Local\Temp\cc5GXWeP.s 			page 12


 555 03b4 11020000 		.4byte	.LASF57
 556 03b8 06       		.byte	0x6
 557 03b9 BA       		.byte	0xba
 558 03ba 09       		.byte	0x9
 559 03bb 33000000 		.4byte	0x33
 560 03bf 0E       		.byte	0xe
 561 03c0 13       		.uleb128 0x13
 562 03c1 5F626600 		.ascii	"_bf\000"
 563 03c5 06       		.byte	0x6
 564 03c6 BB       		.byte	0xbb
 565 03c7 11       		.byte	0x11
 566 03c8 47030000 		.4byte	0x347
 567 03cc 10       		.byte	0x10
 568 03cd 10       		.uleb128 0x10
 569 03ce 83000000 		.4byte	.LASF58
 570 03d2 06       		.byte	0x6
 571 03d3 BC       		.byte	0xbc
 572 03d4 07       		.byte	0x7
 573 03d5 5D000000 		.4byte	0x5d
 574 03d9 18       		.byte	0x18
 575 03da 10       		.uleb128 0x10
 576 03db 09010000 		.4byte	.LASF59
 577 03df 06       		.byte	0x6
 578 03e0 C3       		.byte	0xc3
 579 03e1 0A       		.byte	0xa
 580 03e2 92010000 		.4byte	0x192
 581 03e6 1C       		.byte	0x1c
 582 03e7 10       		.uleb128 0x10
 583 03e8 C6010000 		.4byte	.LASF60
 584 03ec 06       		.byte	0x6
 585 03ed C5       		.byte	0xc5
 586 03ee 1D       		.byte	0x1d
 587 03ef 2A060000 		.4byte	0x62a
 588 03f3 20       		.byte	0x20
 589 03f4 10       		.uleb128 0x10
 590 03f5 D4030000 		.4byte	.LASF61
 591 03f9 06       		.byte	0x6
 592 03fa C7       		.byte	0xc7
 593 03fb 1D       		.byte	0x1d
 594 03fc 54060000 		.4byte	0x654
 595 0400 24       		.byte	0x24
 596 0401 10       		.uleb128 0x10
 597 0402 C7040000 		.4byte	.LASF62
 598 0406 06       		.byte	0x6
 599 0407 CA       		.byte	0xca
 600 0408 0D       		.byte	0xd
 601 0409 78060000 		.4byte	0x678
 602 040d 28       		.byte	0x28
 603 040e 10       		.uleb128 0x10
 604 040f 4B060000 		.4byte	.LASF63
 605 0413 06       		.byte	0x6
 606 0414 CB       		.byte	0xcb
 607 0415 09       		.byte	0x9
 608 0416 92060000 		.4byte	0x692
 609 041a 2C       		.byte	0x2c
 610 041b 13       		.uleb128 0x13
 611 041c 5F756200 		.ascii	"_ub\000"
ARM GAS  C:\Users\EDULU~1.DES\AppData\Local\Temp\cc5GXWeP.s 			page 13


 612 0420 06       		.byte	0x6
 613 0421 CE       		.byte	0xce
 614 0422 11       		.byte	0x11
 615 0423 47030000 		.4byte	0x347
 616 0427 30       		.byte	0x30
 617 0428 13       		.uleb128 0x13
 618 0429 5F757000 		.ascii	"_up\000"
 619 042d 06       		.byte	0x6
 620 042e CF       		.byte	0xcf
 621 042f 12       		.byte	0x12
 622 0430 6F030000 		.4byte	0x36f
 623 0434 38       		.byte	0x38
 624 0435 13       		.uleb128 0x13
 625 0436 5F757200 		.ascii	"_ur\000"
 626 043a 06       		.byte	0x6
 627 043b D0       		.byte	0xd0
 628 043c 07       		.byte	0x7
 629 043d 5D000000 		.4byte	0x5d
 630 0441 3C       		.byte	0x3c
 631 0442 10       		.uleb128 0x10
 632 0443 DA000000 		.4byte	.LASF64
 633 0447 06       		.byte	0x6
 634 0448 D3       		.byte	0xd3
 635 0449 11       		.byte	0x11
 636 044a 98060000 		.4byte	0x698
 637 044e 40       		.byte	0x40
 638 044f 10       		.uleb128 0x10
 639 0450 23060000 		.4byte	.LASF65
 640 0454 06       		.byte	0x6
 641 0455 D4       		.byte	0xd4
 642 0456 11       		.byte	0x11
 643 0457 A8060000 		.4byte	0x6a8
 644 045b 43       		.byte	0x43
 645 045c 13       		.uleb128 0x13
 646 045d 5F6C6200 		.ascii	"_lb\000"
 647 0461 06       		.byte	0x6
 648 0462 D7       		.byte	0xd7
 649 0463 11       		.byte	0x11
 650 0464 47030000 		.4byte	0x347
 651 0468 44       		.byte	0x44
 652 0469 10       		.uleb128 0x10
 653 046a 38010000 		.4byte	.LASF66
 654 046e 06       		.byte	0x6
 655 046f DA       		.byte	0xda
 656 0470 07       		.byte	0x7
 657 0471 5D000000 		.4byte	0x5d
 658 0475 4C       		.byte	0x4c
 659 0476 10       		.uleb128 0x10
 660 0477 65010000 		.4byte	.LASF67
 661 047b 06       		.byte	0x6
 662 047c DB       		.byte	0xdb
 663 047d 0A       		.byte	0xa
 664 047e FF000000 		.4byte	0xff
 665 0482 50       		.byte	0x50
 666 0483 10       		.uleb128 0x10
 667 0484 39000000 		.4byte	.LASF68
 668 0488 06       		.byte	0x6
ARM GAS  C:\Users\EDULU~1.DES\AppData\Local\Temp\cc5GXWeP.s 			page 14


 669 0489 DE       		.byte	0xde
 670 048a 12       		.byte	0x12
 671 048b D6040000 		.4byte	0x4d6
 672 048f 54       		.byte	0x54
 673 0490 10       		.uleb128 0x10
 674 0491 37030000 		.4byte	.LASF69
 675 0495 06       		.byte	0x6
 676 0496 E2       		.byte	0xe2
 677 0497 0C       		.byte	0xc
 678 0498 86010000 		.4byte	0x186
 679 049c 58       		.byte	0x58
 680 049d 10       		.uleb128 0x10
 681 049e 45040000 		.4byte	.LASF70
 682 04a2 06       		.byte	0x6
 683 04a3 E4       		.byte	0xe4
 684 04a4 0E       		.byte	0xe
 685 04a5 7A010000 		.4byte	0x17a
 686 04a9 5C       		.byte	0x5c
 687 04aa 10       		.uleb128 0x10
 688 04ab 3D030000 		.4byte	.LASF71
 689 04af 06       		.byte	0x6
 690 04b0 E5       		.byte	0xe5
 691 04b1 09       		.byte	0x9
 692 04b2 5D000000 		.4byte	0x5d
 693 04b6 64       		.byte	0x64
 694 04b7 00       		.byte	0
 695 04b8 16       		.uleb128 0x16
 696 04b9 5D000000 		.4byte	0x5d
 697 04bd D6040000 		.4byte	0x4d6
 698 04c1 17       		.uleb128 0x17
 699 04c2 D6040000 		.4byte	0x4d6
 700 04c6 17       		.uleb128 0x17
 701 04c7 92010000 		.4byte	0x192
 702 04cb 17       		.uleb128 0x17
 703 04cc 94010000 		.4byte	0x194
 704 04d0 17       		.uleb128 0x17
 705 04d1 5D000000 		.4byte	0x5d
 706 04d5 00       		.byte	0
 707 04d6 07       		.uleb128 0x7
 708 04d7 04       		.byte	0x4
 709 04d8 E1040000 		.4byte	0x4e1
 710 04dc 05       		.uleb128 0x5
 711 04dd D6040000 		.4byte	0x4d6
 712 04e1 18       		.uleb128 0x18
 713 04e2 A3040000 		.4byte	.LASF72
 714 04e6 2804     		.2byte	0x428
 715 04e8 06       		.byte	0x6
 716 04e9 6002     		.2byte	0x260
 717 04eb 08       		.byte	0x8
 718 04ec 2A060000 		.4byte	0x62a
 719 04f0 19       		.uleb128 0x19
 720 04f1 E1040000 		.4byte	.LASF73
 721 04f5 06       		.byte	0x6
 722 04f6 6202     		.2byte	0x262
 723 04f8 07       		.byte	0x7
 724 04f9 5D000000 		.4byte	0x5d
 725 04fd 00       		.byte	0
ARM GAS  C:\Users\EDULU~1.DES\AppData\Local\Temp\cc5GXWeP.s 			page 15


 726 04fe 19       		.uleb128 0x19
 727 04ff 31010000 		.4byte	.LASF74
 728 0503 06       		.byte	0x6
 729 0504 6702     		.2byte	0x267
 730 0506 0B       		.byte	0xb
 731 0507 04070000 		.4byte	0x704
 732 050b 04       		.byte	0x4
 733 050c 19       		.uleb128 0x19
 734 050d EF010000 		.4byte	.LASF75
 735 0511 06       		.byte	0x6
 736 0512 6702     		.2byte	0x267
 737 0514 14       		.byte	0x14
 738 0515 04070000 		.4byte	0x704
 739 0519 08       		.byte	0x8
 740 051a 19       		.uleb128 0x19
 741 051b A7010000 		.4byte	.LASF76
 742 051f 06       		.byte	0x6
 743 0520 6702     		.2byte	0x267
 744 0522 1E       		.byte	0x1e
 745 0523 04070000 		.4byte	0x704
 746 0527 0C       		.byte	0xc
 747 0528 19       		.uleb128 0x19
 748 0529 66040000 		.4byte	.LASF77
 749 052d 06       		.byte	0x6
 750 052e 6902     		.2byte	0x269
 751 0530 08       		.byte	0x8
 752 0531 5D000000 		.4byte	0x5d
 753 0535 10       		.byte	0x10
 754 0536 19       		.uleb128 0x19
 755 0537 2E000000 		.4byte	.LASF78
 756 053b 06       		.byte	0x6
 757 053c 6A02     		.2byte	0x26a
 758 053e 08       		.byte	0x8
 759 053f 04090000 		.4byte	0x904
 760 0543 14       		.byte	0x14
 761 0544 19       		.uleb128 0x19
 762 0545 82040000 		.4byte	.LASF79
 763 0549 06       		.byte	0x6
 764 054a 6D02     		.2byte	0x26d
 765 054c 07       		.byte	0x7
 766 054d 5D000000 		.4byte	0x5d
 767 0551 30       		.byte	0x30
 768 0552 19       		.uleb128 0x19
 769 0553 70040000 		.4byte	.LASF80
 770 0557 06       		.byte	0x6
 771 0558 6E02     		.2byte	0x26e
 772 055a 16       		.byte	0x16
 773 055b 19090000 		.4byte	0x919
 774 055f 34       		.byte	0x34
 775 0560 19       		.uleb128 0x19
 776 0561 A4030000 		.4byte	.LASF81
 777 0565 06       		.byte	0x6
 778 0566 7002     		.2byte	0x270
 779 0568 07       		.byte	0x7
 780 0569 5D000000 		.4byte	0x5d
 781 056d 38       		.byte	0x38
 782 056e 19       		.uleb128 0x19
ARM GAS  C:\Users\EDULU~1.DES\AppData\Local\Temp\cc5GXWeP.s 			page 16


 783 056f 78040000 		.4byte	.LASF82
 784 0573 06       		.byte	0x6
 785 0574 7202     		.2byte	0x272
 786 0576 0A       		.byte	0xa
 787 0577 2A090000 		.4byte	0x92a
 788 057b 3C       		.byte	0x3c
 789 057c 19       		.uleb128 0x19
 790 057d 74020000 		.4byte	.LASF83
 791 0581 06       		.byte	0x6
 792 0582 7502     		.2byte	0x275
 793 0584 13       		.byte	0x13
 794 0585 00020000 		.4byte	0x200
 795 0589 40       		.byte	0x40
 796 058a 19       		.uleb128 0x19
 797 058b CC010000 		.4byte	.LASF84
 798 058f 06       		.byte	0x6
 799 0590 7602     		.2byte	0x276
 800 0592 07       		.byte	0x7
 801 0593 5D000000 		.4byte	0x5d
 802 0597 44       		.byte	0x44
 803 0598 19       		.uleb128 0x19
 804 0599 65060000 		.4byte	.LASF85
 805 059d 06       		.byte	0x6
 806 059e 7702     		.2byte	0x277
 807 05a0 13       		.byte	0x13
 808 05a1 00020000 		.4byte	0x200
 809 05a5 48       		.byte	0x48
 810 05a6 19       		.uleb128 0x19
 811 05a7 BC030000 		.4byte	.LASF86
 812 05ab 06       		.byte	0x6
 813 05ac 7802     		.2byte	0x278
 814 05ae 14       		.byte	0x14
 815 05af 30090000 		.4byte	0x930
 816 05b3 4C       		.byte	0x4c
 817 05b4 19       		.uleb128 0x19
 818 05b5 F7010000 		.4byte	.LASF87
 819 05b9 06       		.byte	0x6
 820 05ba 7B02     		.2byte	0x27b
 821 05bc 07       		.byte	0x7
 822 05bd 5D000000 		.4byte	0x5d
 823 05c1 50       		.byte	0x50
 824 05c2 19       		.uleb128 0x19
 825 05c3 5D010000 		.4byte	.LASF88
 826 05c7 06       		.byte	0x6
 827 05c8 7C02     		.2byte	0x27c
 828 05ca 09       		.byte	0x9
 829 05cb 94010000 		.4byte	0x194
 830 05cf 54       		.byte	0x54
 831 05d0 19       		.uleb128 0x19
 832 05d1 FC030000 		.4byte	.LASF89
 833 05d5 06       		.byte	0x6
 834 05d6 9F02     		.2byte	0x29f
 835 05d8 07       		.byte	0x7
 836 05d9 DF080000 		.4byte	0x8df
 837 05dd 58       		.byte	0x58
 838 05de 1A       		.uleb128 0x1a
 839 05df 9C030000 		.4byte	.LASF49
ARM GAS  C:\Users\EDULU~1.DES\AppData\Local\Temp\cc5GXWeP.s 			page 17


 840 05e3 06       		.byte	0x6
 841 05e4 A302     		.2byte	0x2a3
 842 05e6 13       		.byte	0x13
 843 05e7 31030000 		.4byte	0x331
 844 05eb 4801     		.2byte	0x148
 845 05ed 1A       		.uleb128 0x1a
 846 05ee 52020000 		.4byte	.LASF90
 847 05f2 06       		.byte	0x6
 848 05f3 A402     		.2byte	0x2a4
 849 05f5 12       		.byte	0x12
 850 05f6 EE020000 		.4byte	0x2ee
 851 05fa 4C01     		.2byte	0x14c
 852 05fc 1A       		.uleb128 0x1a
 853 05fd A5050000 		.4byte	.LASF91
 854 0601 06       		.byte	0x6
 855 0602 A802     		.2byte	0x2a8
 856 0604 0C       		.byte	0xc
 857 0605 41090000 		.4byte	0x941
 858 0609 DC02     		.2byte	0x2dc
 859 060b 1A       		.uleb128 0x1a
 860 060c 11010000 		.4byte	.LASF92
 861 0610 06       		.byte	0x6
 862 0611 AD02     		.2byte	0x2ad
 863 0613 10       		.byte	0x10
 864 0614 C5060000 		.4byte	0x6c5
 865 0618 E002     		.2byte	0x2e0
 866 061a 1A       		.uleb128 0x1a
 867 061b F6000000 		.4byte	.LASF93
 868 061f 06       		.byte	0x6
 869 0620 AF02     		.2byte	0x2af
 870 0622 0A       		.byte	0xa
 871 0623 4D090000 		.4byte	0x94d
 872 0627 EC02     		.2byte	0x2ec
 873 0629 00       		.byte	0
 874 062a 07       		.uleb128 0x7
 875 062b 04       		.byte	0x4
 876 062c B8040000 		.4byte	0x4b8
 877 0630 16       		.uleb128 0x16
 878 0631 5D000000 		.4byte	0x5d
 879 0635 4E060000 		.4byte	0x64e
 880 0639 17       		.uleb128 0x17
 881 063a D6040000 		.4byte	0x4d6
 882 063e 17       		.uleb128 0x17
 883 063f 92010000 		.4byte	0x192
 884 0643 17       		.uleb128 0x17
 885 0644 4E060000 		.4byte	0x64e
 886 0648 17       		.uleb128 0x17
 887 0649 5D000000 		.4byte	0x5d
 888 064d 00       		.byte	0
 889 064e 07       		.uleb128 0x7
 890 064f 04       		.byte	0x4
 891 0650 C8000000 		.4byte	0xc8
 892 0654 07       		.uleb128 0x7
 893 0655 04       		.byte	0x4
 894 0656 30060000 		.4byte	0x630
 895 065a 16       		.uleb128 0x16
 896 065b 0B010000 		.4byte	0x10b
ARM GAS  C:\Users\EDULU~1.DES\AppData\Local\Temp\cc5GXWeP.s 			page 18


 897 065f 78060000 		.4byte	0x678
 898 0663 17       		.uleb128 0x17
 899 0664 D6040000 		.4byte	0x4d6
 900 0668 17       		.uleb128 0x17
 901 0669 92010000 		.4byte	0x192
 902 066d 17       		.uleb128 0x17
 903 066e 0B010000 		.4byte	0x10b
 904 0672 17       		.uleb128 0x17
 905 0673 5D000000 		.4byte	0x5d
 906 0677 00       		.byte	0
 907 0678 07       		.uleb128 0x7
 908 0679 04       		.byte	0x4
 909 067a 5A060000 		.4byte	0x65a
 910 067e 16       		.uleb128 0x16
 911 067f 5D000000 		.4byte	0x5d
 912 0683 92060000 		.4byte	0x692
 913 0687 17       		.uleb128 0x17
 914 0688 D6040000 		.4byte	0x4d6
 915 068c 17       		.uleb128 0x17
 916 068d 92010000 		.4byte	0x192
 917 0691 00       		.byte	0
 918 0692 07       		.uleb128 0x7
 919 0693 04       		.byte	0x4
 920 0694 7E060000 		.4byte	0x67e
 921 0698 0D       		.uleb128 0xd
 922 0699 2C000000 		.4byte	0x2c
 923 069d A8060000 		.4byte	0x6a8
 924 06a1 0E       		.uleb128 0xe
 925 06a2 64000000 		.4byte	0x64
 926 06a6 02       		.byte	0x2
 927 06a7 00       		.byte	0
 928 06a8 0D       		.uleb128 0xd
 929 06a9 2C000000 		.4byte	0x2c
 930 06ad B8060000 		.4byte	0x6b8
 931 06b1 0E       		.uleb128 0xe
 932 06b2 64000000 		.4byte	0x64
 933 06b6 00       		.byte	0
 934 06b7 00       		.byte	0
 935 06b8 04       		.uleb128 0x4
 936 06b9 2B040000 		.4byte	.LASF94
 937 06bd 06       		.byte	0x6
 938 06be 1F01     		.2byte	0x11f
 939 06c0 1A       		.byte	0x1a
 940 06c1 75030000 		.4byte	0x375
 941 06c5 1B       		.uleb128 0x1b
 942 06c6 8C050000 		.4byte	.LASF95
 943 06ca 0C       		.byte	0xc
 944 06cb 06       		.byte	0x6
 945 06cc 2301     		.2byte	0x123
 946 06ce 08       		.byte	0x8
 947 06cf FE060000 		.4byte	0x6fe
 948 06d3 19       		.uleb128 0x19
 949 06d4 04050000 		.4byte	.LASF29
 950 06d8 06       		.byte	0x6
 951 06d9 2501     		.2byte	0x125
 952 06db 11       		.byte	0x11
 953 06dc FE060000 		.4byte	0x6fe
ARM GAS  C:\Users\EDULU~1.DES\AppData\Local\Temp\cc5GXWeP.s 			page 19


 954 06e0 00       		.byte	0
 955 06e1 19       		.uleb128 0x19
 956 06e2 17020000 		.4byte	.LASF96
 957 06e6 06       		.byte	0x6
 958 06e7 2601     		.2byte	0x126
 959 06e9 07       		.byte	0x7
 960 06ea 5D000000 		.4byte	0x5d
 961 06ee 04       		.byte	0x4
 962 06ef 19       		.uleb128 0x19
 963 06f0 25040000 		.4byte	.LASF97
 964 06f4 06       		.byte	0x6
 965 06f5 2701     		.2byte	0x127
 966 06f7 0B       		.byte	0xb
 967 06f8 04070000 		.4byte	0x704
 968 06fc 08       		.byte	0x8
 969 06fd 00       		.byte	0
 970 06fe 07       		.uleb128 0x7
 971 06ff 04       		.byte	0x4
 972 0700 C5060000 		.4byte	0x6c5
 973 0704 07       		.uleb128 0x7
 974 0705 04       		.byte	0x4
 975 0706 B8060000 		.4byte	0x6b8
 976 070a 1B       		.uleb128 0x1b
 977 070b 26000000 		.4byte	.LASF98
 978 070f 0E       		.byte	0xe
 979 0710 06       		.byte	0x6
 980 0711 3F01     		.2byte	0x13f
 981 0713 08       		.byte	0x8
 982 0714 43070000 		.4byte	0x743
 983 0718 19       		.uleb128 0x19
 984 0719 AA040000 		.4byte	.LASF99
 985 071d 06       		.byte	0x6
 986 071e 4001     		.2byte	0x140
 987 0720 12       		.byte	0x12
 988 0721 43070000 		.4byte	0x743
 989 0725 00       		.byte	0
 990 0726 19       		.uleb128 0x19
 991 0727 FE040000 		.4byte	.LASF100
 992 072b 06       		.byte	0x6
 993 072c 4101     		.2byte	0x141
 994 072e 12       		.byte	0x12
 995 072f 43070000 		.4byte	0x743
 996 0733 06       		.byte	0x6
 997 0734 19       		.uleb128 0x19
 998 0735 20050000 		.4byte	.LASF101
 999 0739 06       		.byte	0x6
 1000 073a 4201     		.2byte	0x142
 1001 073c 12       		.byte	0x12
 1002 073d 3A000000 		.4byte	0x3a
 1003 0741 0C       		.byte	0xc
 1004 0742 00       		.byte	0
 1005 0743 0D       		.uleb128 0xd
 1006 0744 3A000000 		.4byte	0x3a
 1007 0748 53070000 		.4byte	0x753
 1008 074c 0E       		.uleb128 0xe
 1009 074d 64000000 		.4byte	0x64
 1010 0751 02       		.byte	0x2
ARM GAS  C:\Users\EDULU~1.DES\AppData\Local\Temp\cc5GXWeP.s 			page 20


 1011 0752 00       		.byte	0
 1012 0753 1C       		.uleb128 0x1c
 1013 0754 D0       		.byte	0xd0
 1014 0755 06       		.byte	0x6
 1015 0756 8002     		.2byte	0x280
 1016 0758 07       		.byte	0x7
 1017 0759 68080000 		.4byte	0x868
 1018 075d 19       		.uleb128 0x19
 1019 075e 5C050000 		.4byte	.LASF102
 1020 0762 06       		.byte	0x6
 1021 0763 8202     		.2byte	0x282
 1022 0765 18       		.byte	0x18
 1023 0766 64000000 		.4byte	0x64
 1024 076a 00       		.byte	0
 1025 076b 19       		.uleb128 0x19
 1026 076c 0A050000 		.4byte	.LASF103
 1027 0770 06       		.byte	0x6
 1028 0771 8302     		.2byte	0x283
 1029 0773 12       		.byte	0x12
 1030 0774 94010000 		.4byte	0x194
 1031 0778 04       		.byte	0x4
 1032 0779 19       		.uleb128 0x19
 1033 077a 67020000 		.4byte	.LASF104
 1034 077e 06       		.byte	0x6
 1035 077f 8402     		.2byte	0x284
 1036 0781 10       		.byte	0x10
 1037 0782 68080000 		.4byte	0x868
 1038 0786 08       		.byte	0x8
 1039 0787 19       		.uleb128 0x19
 1040 0788 3C060000 		.4byte	.LASF105
 1041 078c 06       		.byte	0x6
 1042 078d 8502     		.2byte	0x285
 1043 078f 17       		.byte	0x17
 1044 0790 16020000 		.4byte	0x216
 1045 0794 24       		.byte	0x24
 1046 0795 19       		.uleb128 0x19
 1047 0796 B7010000 		.4byte	.LASF106
 1048 079a 06       		.byte	0x6
 1049 079b 8602     		.2byte	0x286
 1050 079d 0F       		.byte	0xf
 1051 079e 5D000000 		.4byte	0x5d
 1052 07a2 48       		.byte	0x48
 1053 07a3 19       		.uleb128 0x19
 1054 07a4 4E040000 		.4byte	.LASF107
 1055 07a8 06       		.byte	0x6
 1056 07a9 8702     		.2byte	0x287
 1057 07ab 2C       		.byte	0x2c
 1058 07ac 56000000 		.4byte	0x56
 1059 07b0 50       		.byte	0x50
 1060 07b1 19       		.uleb128 0x19
 1061 07b2 52060000 		.4byte	.LASF108
 1062 07b6 06       		.byte	0x6
 1063 07b7 8802     		.2byte	0x288
 1064 07b9 1A       		.byte	0x1a
 1065 07ba 0A070000 		.4byte	0x70a
 1066 07be 58       		.byte	0x58
 1067 07bf 19       		.uleb128 0x19
ARM GAS  C:\Users\EDULU~1.DES\AppData\Local\Temp\cc5GXWeP.s 			page 21


 1068 07c0 59040000 		.4byte	.LASF109
 1069 07c4 06       		.byte	0x6
 1070 07c5 8902     		.2byte	0x289
 1071 07c7 16       		.byte	0x16
 1072 07c8 7A010000 		.4byte	0x17a
 1073 07cc 68       		.byte	0x68
 1074 07cd 19       		.uleb128 0x19
 1075 07ce 57060000 		.4byte	.LASF110
 1076 07d2 06       		.byte	0x6
 1077 07d3 8A02     		.2byte	0x28a
 1078 07d5 16       		.byte	0x16
 1079 07d6 7A010000 		.4byte	0x17a
 1080 07da 70       		.byte	0x70
 1081 07db 19       		.uleb128 0x19
 1082 07dc C6030000 		.4byte	.LASF111
 1083 07e0 06       		.byte	0x6
 1084 07e1 8B02     		.2byte	0x28b
 1085 07e3 16       		.byte	0x16
 1086 07e4 7A010000 		.4byte	0x17a
 1087 07e8 78       		.byte	0x78
 1088 07e9 19       		.uleb128 0x19
 1089 07ea 9B050000 		.4byte	.LASF112
 1090 07ee 06       		.byte	0x6
 1091 07ef 8C02     		.2byte	0x28c
 1092 07f1 10       		.byte	0x10
 1093 07f2 78080000 		.4byte	0x878
 1094 07f6 80       		.byte	0x80
 1095 07f7 19       		.uleb128 0x19
 1096 07f8 5B020000 		.4byte	.LASF113
 1097 07fc 06       		.byte	0x6
 1098 07fd 8D02     		.2byte	0x28d
 1099 07ff 10       		.byte	0x10
 1100 0800 88080000 		.4byte	0x888
 1101 0804 88       		.byte	0x88
 1102 0805 19       		.uleb128 0x19
 1103 0806 2D050000 		.4byte	.LASF114
 1104 080a 06       		.byte	0x6
 1105 080b 8E02     		.2byte	0x28e
 1106 080d 0F       		.byte	0xf
 1107 080e 5D000000 		.4byte	0x5d
 1108 0812 A0       		.byte	0xa0
 1109 0813 19       		.uleb128 0x19
 1110 0814 7E010000 		.4byte	.LASF115
 1111 0818 06       		.byte	0x6
 1112 0819 8F02     		.2byte	0x28f
 1113 081b 16       		.byte	0x16
 1114 081c 7A010000 		.4byte	0x17a
 1115 0820 A4       		.byte	0xa4
 1116 0821 19       		.uleb128 0x19
 1117 0822 A8000000 		.4byte	.LASF116
 1118 0826 06       		.byte	0x6
 1119 0827 9002     		.2byte	0x290
 1120 0829 16       		.byte	0x16
 1121 082a 7A010000 		.4byte	0x17a
 1122 082e AC       		.byte	0xac
 1123 082f 19       		.uleb128 0x19
 1124 0830 6D010000 		.4byte	.LASF117
ARM GAS  C:\Users\EDULU~1.DES\AppData\Local\Temp\cc5GXWeP.s 			page 22


 1125 0834 06       		.byte	0x6
 1126 0835 9102     		.2byte	0x291
 1127 0837 16       		.byte	0x16
 1128 0838 7A010000 		.4byte	0x17a
 1129 083c B4       		.byte	0xb4
 1130 083d 19       		.uleb128 0x19
 1131 083e 4C000000 		.4byte	.LASF118
 1132 0842 06       		.byte	0x6
 1133 0843 9202     		.2byte	0x292
 1134 0845 16       		.byte	0x16
 1135 0846 7A010000 		.4byte	0x17a
 1136 084a BC       		.byte	0xbc
 1137 084b 19       		.uleb128 0x19
 1138 084c 5B000000 		.4byte	.LASF119
 1139 0850 06       		.byte	0x6
 1140 0851 9302     		.2byte	0x293
 1141 0853 16       		.byte	0x16
 1142 0854 7A010000 		.4byte	0x17a
 1143 0858 C4       		.byte	0xc4
 1144 0859 19       		.uleb128 0x19
 1145 085a 01040000 		.4byte	.LASF120
 1146 085e 06       		.byte	0x6
 1147 085f 9402     		.2byte	0x294
 1148 0861 08       		.byte	0x8
 1149 0862 5D000000 		.4byte	0x5d
 1150 0866 CC       		.byte	0xcc
 1151 0867 00       		.byte	0
 1152 0868 0D       		.uleb128 0xd
 1153 0869 C1000000 		.4byte	0xc1
 1154 086d 78080000 		.4byte	0x878
 1155 0871 0E       		.uleb128 0xe
 1156 0872 64000000 		.4byte	0x64
 1157 0876 19       		.byte	0x19
 1158 0877 00       		.byte	0
 1159 0878 0D       		.uleb128 0xd
 1160 0879 C1000000 		.4byte	0xc1
 1161 087d 88080000 		.4byte	0x888
 1162 0881 0E       		.uleb128 0xe
 1163 0882 64000000 		.4byte	0x64
 1164 0886 07       		.byte	0x7
 1165 0887 00       		.byte	0
 1166 0888 0D       		.uleb128 0xd
 1167 0889 C1000000 		.4byte	0xc1
 1168 088d 98080000 		.4byte	0x898
 1169 0891 0E       		.uleb128 0xe
 1170 0892 64000000 		.4byte	0x64
 1171 0896 17       		.byte	0x17
 1172 0897 00       		.byte	0
 1173 0898 1C       		.uleb128 0x1c
 1174 0899 F0       		.byte	0xf0
 1175 089a 06       		.byte	0x6
 1176 089b 9902     		.2byte	0x299
 1177 089d 07       		.byte	0x7
 1178 089e BF080000 		.4byte	0x8bf
 1179 08a2 19       		.uleb128 0x19
 1180 08a3 7B030000 		.4byte	.LASF121
 1181 08a7 06       		.byte	0x6
ARM GAS  C:\Users\EDULU~1.DES\AppData\Local\Temp\cc5GXWeP.s 			page 23


 1182 08a8 9C02     		.2byte	0x29c
 1183 08aa 1B       		.byte	0x1b
 1184 08ab BF080000 		.4byte	0x8bf
 1185 08af 00       		.byte	0
 1186 08b0 19       		.uleb128 0x19
 1187 08b1 92050000 		.4byte	.LASF122
 1188 08b5 06       		.byte	0x6
 1189 08b6 9D02     		.2byte	0x29d
 1190 08b8 18       		.byte	0x18
 1191 08b9 CF080000 		.4byte	0x8cf
 1192 08bd 78       		.byte	0x78
 1193 08be 00       		.byte	0
 1194 08bf 0D       		.uleb128 0xd
 1195 08c0 6F030000 		.4byte	0x36f
 1196 08c4 CF080000 		.4byte	0x8cf
 1197 08c8 0E       		.uleb128 0xe
 1198 08c9 64000000 		.4byte	0x64
 1199 08cd 1D       		.byte	0x1d
 1200 08ce 00       		.byte	0
 1201 08cf 0D       		.uleb128 0xd
 1202 08d0 64000000 		.4byte	0x64
 1203 08d4 DF080000 		.4byte	0x8df
 1204 08d8 0E       		.uleb128 0xe
 1205 08d9 64000000 		.4byte	0x64
 1206 08dd 1D       		.byte	0x1d
 1207 08de 00       		.byte	0
 1208 08df 1D       		.uleb128 0x1d
 1209 08e0 F0       		.byte	0xf0
 1210 08e1 06       		.byte	0x6
 1211 08e2 7E02     		.2byte	0x27e
 1212 08e4 03       		.byte	0x3
 1213 08e5 04090000 		.4byte	0x904
 1214 08e9 1E       		.uleb128 0x1e
 1215 08ea A3040000 		.4byte	.LASF72
 1216 08ee 06       		.byte	0x6
 1217 08ef 9502     		.2byte	0x295
 1218 08f1 0B       		.byte	0xb
 1219 08f2 53070000 		.4byte	0x753
 1220 08f6 1E       		.uleb128 0x1e
 1221 08f7 29060000 		.4byte	.LASF123
 1222 08fb 06       		.byte	0x6
 1223 08fc 9E02     		.2byte	0x29e
 1224 08fe 0B       		.byte	0xb
 1225 08ff 98080000 		.4byte	0x898
 1226 0903 00       		.byte	0
 1227 0904 0D       		.uleb128 0xd
 1228 0905 C1000000 		.4byte	0xc1
 1229 0909 14090000 		.4byte	0x914
 1230 090d 0E       		.uleb128 0xe
 1231 090e 64000000 		.4byte	0x64
 1232 0912 18       		.byte	0x18
 1233 0913 00       		.byte	0
 1234 0914 0A       		.uleb128 0xa
 1235 0915 9D000000 		.4byte	.LASF125
 1236 0919 07       		.uleb128 0x7
 1237 091a 04       		.byte	0x4
 1238 091b 14090000 		.4byte	0x914
ARM GAS  C:\Users\EDULU~1.DES\AppData\Local\Temp\cc5GXWeP.s 			page 24


 1239 091f 1F       		.uleb128 0x1f
 1240 0920 2A090000 		.4byte	0x92a
 1241 0924 17       		.uleb128 0x17
 1242 0925 D6040000 		.4byte	0x4d6
 1243 0929 00       		.byte	0
 1244 092a 07       		.uleb128 0x7
 1245 092b 04       		.byte	0x4
 1246 092c 1F090000 		.4byte	0x91f
 1247 0930 07       		.uleb128 0x7
 1248 0931 04       		.byte	0x4
 1249 0932 00020000 		.4byte	0x200
 1250 0936 1F       		.uleb128 0x1f
 1251 0937 41090000 		.4byte	0x941
 1252 093b 17       		.uleb128 0x17
 1253 093c 5D000000 		.4byte	0x5d
 1254 0940 00       		.byte	0
 1255 0941 07       		.uleb128 0x7
 1256 0942 04       		.byte	0x4
 1257 0943 47090000 		.4byte	0x947
 1258 0947 07       		.uleb128 0x7
 1259 0948 04       		.byte	0x4
 1260 0949 36090000 		.4byte	0x936
 1261 094d 0D       		.uleb128 0xd
 1262 094e B8060000 		.4byte	0x6b8
 1263 0952 5D090000 		.4byte	0x95d
 1264 0956 0E       		.uleb128 0xe
 1265 0957 64000000 		.4byte	0x64
 1266 095b 02       		.byte	0x2
 1267 095c 00       		.byte	0
 1268 095d 20       		.uleb128 0x20
 1269 095e CD040000 		.4byte	.LASF126
 1270 0962 06       		.byte	0x6
 1271 0963 2E03     		.2byte	0x32e
 1272 0965 17       		.byte	0x17
 1273 0966 D6040000 		.4byte	0x4d6
 1274 096a 20       		.uleb128 0x20
 1275 096b 3A050000 		.4byte	.LASF127
 1276 096f 06       		.byte	0x6
 1277 0970 2F03     		.2byte	0x32f
 1278 0972 1D       		.byte	0x1d
 1279 0973 DC040000 		.4byte	0x4dc
 1280 0977 0D       		.uleb128 0xd
 1281 0978 C8000000 		.4byte	0xc8
 1282 097c 82090000 		.4byte	0x982
 1283 0980 21       		.uleb128 0x21
 1284 0981 00       		.byte	0
 1285 0982 05       		.uleb128 0x5
 1286 0983 77090000 		.4byte	0x977
 1287 0987 22       		.uleb128 0x22
 1288 0988 F6040000 		.4byte	.LASF128
 1289 098c 07       		.byte	0x7
 1290 098d AE       		.byte	0xae
 1291 098e 1C       		.byte	0x1c
 1292 098f 82090000 		.4byte	0x982
 1293 0993 22       		.uleb128 0x22
 1294 0994 55030000 		.4byte	.LASF129
 1295 0998 08       		.byte	0x8
ARM GAS  C:\Users\EDULU~1.DES\AppData\Local\Temp\cc5GXWeP.s 			page 25


 1296 0999 D4       		.byte	0xd4
 1297 099a 0F       		.byte	0xf
 1298 099b 7D000000 		.4byte	0x7d
 1299 099f 22       		.uleb128 0x22
 1300 09a0 47010000 		.4byte	.LASF130
 1301 09a4 08       		.byte	0x8
 1302 09a5 D5       		.byte	0xd5
 1303 09a6 0F       		.byte	0xf
 1304 09a7 7D000000 		.4byte	0x7d
 1305 09ab 22       		.uleb128 0x22
 1306 09ac 4D050000 		.4byte	.LASF131
 1307 09b0 08       		.byte	0x8
 1308 09b1 D6       		.byte	0xd6
 1309 09b2 0F       		.byte	0xf
 1310 09b3 6B000000 		.4byte	0x6b
 1311 09b7 22       		.uleb128 0x22
 1312 09b8 3F000000 		.4byte	.LASF132
 1313 09bc 08       		.byte	0x8
 1314 09bd D7       		.byte	0xd7
 1315 09be 0F       		.byte	0xf
 1316 09bf 7D000000 		.4byte	0x7d
 1317 09c3 20       		.uleb128 0x20
 1318 09c4 8C000000 		.4byte	.LASF133
 1319 09c8 08       		.byte	0x8
 1320 09c9 0A01     		.2byte	0x10a
 1321 09cb 0F       		.byte	0xf
 1322 09cc 7D000000 		.4byte	0x7d
 1323 09d0 0D       		.uleb128 0xd
 1324 09d1 78000000 		.4byte	0x78
 1325 09d5 E0090000 		.4byte	0x9e0
 1326 09d9 0E       		.uleb128 0xe
 1327 09da 64000000 		.4byte	0x64
 1328 09de 2D       		.byte	0x2d
 1329 09df 00       		.byte	0
 1330 09e0 05       		.uleb128 0x5
 1331 09e1 D0090000 		.4byte	0x9d0
 1332 09e5 20       		.uleb128 0x20
 1333 09e6 82030000 		.4byte	.LASF134
 1334 09ea 08       		.byte	0x8
 1335 09eb 2402     		.2byte	0x224
 1336 09ed 1C       		.byte	0x1c
 1337 09ee E0090000 		.4byte	0x9e0
 1338 09f2 22       		.uleb128 0x22
 1339 09f3 12000000 		.4byte	.LASF135
 1340 09f7 09       		.byte	0x9
 1341 09f8 D8       		.byte	0xd8
 1342 09f9 0E       		.byte	0xe
 1343 09fa 6B000000 		.4byte	0x6b
 1344 09fe 0D       		.uleb128 0xd
 1345 09ff 9C000000 		.4byte	0x9c
 1346 0a03 0E0A0000 		.4byte	0xa0e
 1347 0a07 0E       		.uleb128 0xe
 1348 0a08 64000000 		.4byte	0x64
 1349 0a0c 00       		.byte	0
 1350 0a0d 00       		.byte	0
 1351 0a0e 06       		.uleb128 0x6
 1352 0a0f FE090000 		.4byte	0x9fe
ARM GAS  C:\Users\EDULU~1.DES\AppData\Local\Temp\cc5GXWeP.s 			page 26


 1353 0a13 22       		.uleb128 0x22
 1354 0a14 F1030000 		.4byte	.LASF136
 1355 0a18 09       		.byte	0x9
 1356 0a19 D9       		.byte	0xd9
 1357 0a1a 17       		.byte	0x17
 1358 0a1b 0E0A0000 		.4byte	0xa0e
 1359 0a1f 0D       		.uleb128 0xd
 1360 0a20 AE000000 		.4byte	0xae
 1361 0a24 2F0A0000 		.4byte	0xa2f
 1362 0a28 0E       		.uleb128 0xe
 1363 0a29 64000000 		.4byte	0x64
 1364 0a2d 00       		.byte	0
 1365 0a2e 00       		.byte	0
 1366 0a2f 06       		.uleb128 0x6
 1367 0a30 1F0A0000 		.4byte	0xa1f
 1368 0a34 22       		.uleb128 0x22
 1369 0a35 69050000 		.4byte	.LASF137
 1370 0a39 09       		.byte	0x9
 1371 0a3a DA       		.byte	0xda
 1372 0a3b 17       		.byte	0x17
 1373 0a3c 2F0A0000 		.4byte	0xa2f
 1374 0a40 23       		.uleb128 0x23
 1375 0a41 E9030000 		.4byte	.LASF142
 1376 0a45 01       		.byte	0x1
 1377 0a46 33       		.byte	0x33
 1378 0a47 05       		.byte	0x5
 1379 0a48 00000000 		.4byte	.LFB0
 1380 0a4c 0C000000 		.4byte	.LFE0-.LFB0
 1381 0a50 01       		.uleb128 0x1
 1382 0a51 9C       		.byte	0x9c
 1383 0a52 24       		.uleb128 0x24
 1384 0a53 6F030000 		.4byte	.LASF138
 1385 0a57 01       		.byte	0x1
 1386 0a58 35       		.byte	0x35
 1387 0a59 10       		.byte	0x10
 1388 0a5a 7D000000 		.4byte	0x7d
 1389 0a5e 02000000 		.4byte	.LLST0
 1390 0a62 00000000 		.4byte	.LVUS0
 1391 0a66 00       		.byte	0
 1392 0a67 00       		.byte	0
 1393              		.section	.debug_abbrev,"",%progbits
 1394              	.Ldebug_abbrev0:
 1395 0000 01       		.uleb128 0x1
 1396 0001 11       		.uleb128 0x11
 1397 0002 01       		.byte	0x1
 1398 0003 25       		.uleb128 0x25
 1399 0004 0E       		.uleb128 0xe
 1400 0005 13       		.uleb128 0x13
 1401 0006 0B       		.uleb128 0xb
 1402 0007 03       		.uleb128 0x3
 1403 0008 0E       		.uleb128 0xe
 1404 0009 1B       		.uleb128 0x1b
 1405 000a 0E       		.uleb128 0xe
 1406 000b 55       		.uleb128 0x55
 1407 000c 17       		.uleb128 0x17
 1408 000d 11       		.uleb128 0x11
 1409 000e 01       		.uleb128 0x1
ARM GAS  C:\Users\EDULU~1.DES\AppData\Local\Temp\cc5GXWeP.s 			page 27


 1410 000f 10       		.uleb128 0x10
 1411 0010 17       		.uleb128 0x17
 1412 0011 00       		.byte	0
 1413 0012 00       		.byte	0
 1414 0013 02       		.uleb128 0x2
 1415 0014 24       		.uleb128 0x24
 1416 0015 00       		.byte	0
 1417 0016 0B       		.uleb128 0xb
 1418 0017 0B       		.uleb128 0xb
 1419 0018 3E       		.uleb128 0x3e
 1420 0019 0B       		.uleb128 0xb
 1421 001a 03       		.uleb128 0x3
 1422 001b 0E       		.uleb128 0xe
 1423 001c 00       		.byte	0
 1424 001d 00       		.byte	0
 1425 001e 03       		.uleb128 0x3
 1426 001f 24       		.uleb128 0x24
 1427 0020 00       		.byte	0
 1428 0021 0B       		.uleb128 0xb
 1429 0022 0B       		.uleb128 0xb
 1430 0023 3E       		.uleb128 0x3e
 1431 0024 0B       		.uleb128 0xb
 1432 0025 03       		.uleb128 0x3
 1433 0026 08       		.uleb128 0x8
 1434 0027 00       		.byte	0
 1435 0028 00       		.byte	0
 1436 0029 04       		.uleb128 0x4
 1437 002a 16       		.uleb128 0x16
 1438 002b 00       		.byte	0
 1439 002c 03       		.uleb128 0x3
 1440 002d 0E       		.uleb128 0xe
 1441 002e 3A       		.uleb128 0x3a
 1442 002f 0B       		.uleb128 0xb
 1443 0030 3B       		.uleb128 0x3b
 1444 0031 05       		.uleb128 0x5
 1445 0032 39       		.uleb128 0x39
 1446 0033 0B       		.uleb128 0xb
 1447 0034 49       		.uleb128 0x49
 1448 0035 13       		.uleb128 0x13
 1449 0036 00       		.byte	0
 1450 0037 00       		.byte	0
 1451 0038 05       		.uleb128 0x5
 1452 0039 26       		.uleb128 0x26
 1453 003a 00       		.byte	0
 1454 003b 49       		.uleb128 0x49
 1455 003c 13       		.uleb128 0x13
 1456 003d 00       		.byte	0
 1457 003e 00       		.byte	0
 1458 003f 06       		.uleb128 0x6
 1459 0040 35       		.uleb128 0x35
 1460 0041 00       		.byte	0
 1461 0042 49       		.uleb128 0x49
 1462 0043 13       		.uleb128 0x13
 1463 0044 00       		.byte	0
 1464 0045 00       		.byte	0
 1465 0046 07       		.uleb128 0x7
 1466 0047 0F       		.uleb128 0xf
ARM GAS  C:\Users\EDULU~1.DES\AppData\Local\Temp\cc5GXWeP.s 			page 28


 1467 0048 00       		.byte	0
 1468 0049 0B       		.uleb128 0xb
 1469 004a 0B       		.uleb128 0xb
 1470 004b 49       		.uleb128 0x49
 1471 004c 13       		.uleb128 0x13
 1472 004d 00       		.byte	0
 1473 004e 00       		.byte	0
 1474 004f 08       		.uleb128 0x8
 1475 0050 15       		.uleb128 0x15
 1476 0051 00       		.byte	0
 1477 0052 27       		.uleb128 0x27
 1478 0053 19       		.uleb128 0x19
 1479 0054 00       		.byte	0
 1480 0055 00       		.byte	0
 1481 0056 09       		.uleb128 0x9
 1482 0057 16       		.uleb128 0x16
 1483 0058 00       		.byte	0
 1484 0059 03       		.uleb128 0x3
 1485 005a 0E       		.uleb128 0xe
 1486 005b 3A       		.uleb128 0x3a
 1487 005c 0B       		.uleb128 0xb
 1488 005d 3B       		.uleb128 0x3b
 1489 005e 0B       		.uleb128 0xb
 1490 005f 39       		.uleb128 0x39
 1491 0060 0B       		.uleb128 0xb
 1492 0061 49       		.uleb128 0x49
 1493 0062 13       		.uleb128 0x13
 1494 0063 00       		.byte	0
 1495 0064 00       		.byte	0
 1496 0065 0A       		.uleb128 0xa
 1497 0066 13       		.uleb128 0x13
 1498 0067 00       		.byte	0
 1499 0068 03       		.uleb128 0x3
 1500 0069 0E       		.uleb128 0xe
 1501 006a 3C       		.uleb128 0x3c
 1502 006b 19       		.uleb128 0x19
 1503 006c 00       		.byte	0
 1504 006d 00       		.byte	0
 1505 006e 0B       		.uleb128 0xb
 1506 006f 17       		.uleb128 0x17
 1507 0070 01       		.byte	0x1
 1508 0071 0B       		.uleb128 0xb
 1509 0072 0B       		.uleb128 0xb
 1510 0073 3A       		.uleb128 0x3a
 1511 0074 0B       		.uleb128 0xb
 1512 0075 3B       		.uleb128 0x3b
 1513 0076 0B       		.uleb128 0xb
 1514 0077 39       		.uleb128 0x39
 1515 0078 0B       		.uleb128 0xb
 1516 0079 01       		.uleb128 0x1
 1517 007a 13       		.uleb128 0x13
 1518 007b 00       		.byte	0
 1519 007c 00       		.byte	0
 1520 007d 0C       		.uleb128 0xc
 1521 007e 0D       		.uleb128 0xd
 1522 007f 00       		.byte	0
 1523 0080 03       		.uleb128 0x3
ARM GAS  C:\Users\EDULU~1.DES\AppData\Local\Temp\cc5GXWeP.s 			page 29


 1524 0081 0E       		.uleb128 0xe
 1525 0082 3A       		.uleb128 0x3a
 1526 0083 0B       		.uleb128 0xb
 1527 0084 3B       		.uleb128 0x3b
 1528 0085 0B       		.uleb128 0xb
 1529 0086 39       		.uleb128 0x39
 1530 0087 0B       		.uleb128 0xb
 1531 0088 49       		.uleb128 0x49
 1532 0089 13       		.uleb128 0x13
 1533 008a 00       		.byte	0
 1534 008b 00       		.byte	0
 1535 008c 0D       		.uleb128 0xd
 1536 008d 01       		.uleb128 0x1
 1537 008e 01       		.byte	0x1
 1538 008f 49       		.uleb128 0x49
 1539 0090 13       		.uleb128 0x13
 1540 0091 01       		.uleb128 0x1
 1541 0092 13       		.uleb128 0x13
 1542 0093 00       		.byte	0
 1543 0094 00       		.byte	0
 1544 0095 0E       		.uleb128 0xe
 1545 0096 21       		.uleb128 0x21
 1546 0097 00       		.byte	0
 1547 0098 49       		.uleb128 0x49
 1548 0099 13       		.uleb128 0x13
 1549 009a 2F       		.uleb128 0x2f
 1550 009b 0B       		.uleb128 0xb
 1551 009c 00       		.byte	0
 1552 009d 00       		.byte	0
 1553 009e 0F       		.uleb128 0xf
 1554 009f 13       		.uleb128 0x13
 1555 00a0 01       		.byte	0x1
 1556 00a1 0B       		.uleb128 0xb
 1557 00a2 0B       		.uleb128 0xb
 1558 00a3 3A       		.uleb128 0x3a
 1559 00a4 0B       		.uleb128 0xb
 1560 00a5 3B       		.uleb128 0x3b
 1561 00a6 0B       		.uleb128 0xb
 1562 00a7 39       		.uleb128 0x39
 1563 00a8 0B       		.uleb128 0xb
 1564 00a9 01       		.uleb128 0x1
 1565 00aa 13       		.uleb128 0x13
 1566 00ab 00       		.byte	0
 1567 00ac 00       		.byte	0
 1568 00ad 10       		.uleb128 0x10
 1569 00ae 0D       		.uleb128 0xd
 1570 00af 00       		.byte	0
 1571 00b0 03       		.uleb128 0x3
 1572 00b1 0E       		.uleb128 0xe
 1573 00b2 3A       		.uleb128 0x3a
 1574 00b3 0B       		.uleb128 0xb
 1575 00b4 3B       		.uleb128 0x3b
 1576 00b5 0B       		.uleb128 0xb
 1577 00b6 39       		.uleb128 0x39
 1578 00b7 0B       		.uleb128 0xb
 1579 00b8 49       		.uleb128 0x49
 1580 00b9 13       		.uleb128 0x13
ARM GAS  C:\Users\EDULU~1.DES\AppData\Local\Temp\cc5GXWeP.s 			page 30


 1581 00ba 38       		.uleb128 0x38
 1582 00bb 0B       		.uleb128 0xb
 1583 00bc 00       		.byte	0
 1584 00bd 00       		.byte	0
 1585 00be 11       		.uleb128 0x11
 1586 00bf 0F       		.uleb128 0xf
 1587 00c0 00       		.byte	0
 1588 00c1 0B       		.uleb128 0xb
 1589 00c2 0B       		.uleb128 0xb
 1590 00c3 00       		.byte	0
 1591 00c4 00       		.byte	0
 1592 00c5 12       		.uleb128 0x12
 1593 00c6 13       		.uleb128 0x13
 1594 00c7 01       		.byte	0x1
 1595 00c8 03       		.uleb128 0x3
 1596 00c9 0E       		.uleb128 0xe
 1597 00ca 0B       		.uleb128 0xb
 1598 00cb 0B       		.uleb128 0xb
 1599 00cc 3A       		.uleb128 0x3a
 1600 00cd 0B       		.uleb128 0xb
 1601 00ce 3B       		.uleb128 0x3b
 1602 00cf 0B       		.uleb128 0xb
 1603 00d0 39       		.uleb128 0x39
 1604 00d1 0B       		.uleb128 0xb
 1605 00d2 01       		.uleb128 0x1
 1606 00d3 13       		.uleb128 0x13
 1607 00d4 00       		.byte	0
 1608 00d5 00       		.byte	0
 1609 00d6 13       		.uleb128 0x13
 1610 00d7 0D       		.uleb128 0xd
 1611 00d8 00       		.byte	0
 1612 00d9 03       		.uleb128 0x3
 1613 00da 08       		.uleb128 0x8
 1614 00db 3A       		.uleb128 0x3a
 1615 00dc 0B       		.uleb128 0xb
 1616 00dd 3B       		.uleb128 0x3b
 1617 00de 0B       		.uleb128 0xb
 1618 00df 39       		.uleb128 0x39
 1619 00e0 0B       		.uleb128 0xb
 1620 00e1 49       		.uleb128 0x49
 1621 00e2 13       		.uleb128 0x13
 1622 00e3 38       		.uleb128 0x38
 1623 00e4 0B       		.uleb128 0xb
 1624 00e5 00       		.byte	0
 1625 00e6 00       		.byte	0
 1626 00e7 14       		.uleb128 0x14
 1627 00e8 13       		.uleb128 0x13
 1628 00e9 01       		.byte	0x1
 1629 00ea 03       		.uleb128 0x3
 1630 00eb 0E       		.uleb128 0xe
 1631 00ec 0B       		.uleb128 0xb
 1632 00ed 05       		.uleb128 0x5
 1633 00ee 3A       		.uleb128 0x3a
 1634 00ef 0B       		.uleb128 0xb
 1635 00f0 3B       		.uleb128 0x3b
 1636 00f1 0B       		.uleb128 0xb
 1637 00f2 39       		.uleb128 0x39
ARM GAS  C:\Users\EDULU~1.DES\AppData\Local\Temp\cc5GXWeP.s 			page 31


 1638 00f3 0B       		.uleb128 0xb
 1639 00f4 01       		.uleb128 0x1
 1640 00f5 13       		.uleb128 0x13
 1641 00f6 00       		.byte	0
 1642 00f7 00       		.byte	0
 1643 00f8 15       		.uleb128 0x15
 1644 00f9 0D       		.uleb128 0xd
 1645 00fa 00       		.byte	0
 1646 00fb 03       		.uleb128 0x3
 1647 00fc 0E       		.uleb128 0xe
 1648 00fd 3A       		.uleb128 0x3a
 1649 00fe 0B       		.uleb128 0xb
 1650 00ff 3B       		.uleb128 0x3b
 1651 0100 0B       		.uleb128 0xb
 1652 0101 39       		.uleb128 0x39
 1653 0102 0B       		.uleb128 0xb
 1654 0103 49       		.uleb128 0x49
 1655 0104 13       		.uleb128 0x13
 1656 0105 38       		.uleb128 0x38
 1657 0106 05       		.uleb128 0x5
 1658 0107 00       		.byte	0
 1659 0108 00       		.byte	0
 1660 0109 16       		.uleb128 0x16
 1661 010a 15       		.uleb128 0x15
 1662 010b 01       		.byte	0x1
 1663 010c 27       		.uleb128 0x27
 1664 010d 19       		.uleb128 0x19
 1665 010e 49       		.uleb128 0x49
 1666 010f 13       		.uleb128 0x13
 1667 0110 01       		.uleb128 0x1
 1668 0111 13       		.uleb128 0x13
 1669 0112 00       		.byte	0
 1670 0113 00       		.byte	0
 1671 0114 17       		.uleb128 0x17
 1672 0115 05       		.uleb128 0x5
 1673 0116 00       		.byte	0
 1674 0117 49       		.uleb128 0x49
 1675 0118 13       		.uleb128 0x13
 1676 0119 00       		.byte	0
 1677 011a 00       		.byte	0
 1678 011b 18       		.uleb128 0x18
 1679 011c 13       		.uleb128 0x13
 1680 011d 01       		.byte	0x1
 1681 011e 03       		.uleb128 0x3
 1682 011f 0E       		.uleb128 0xe
 1683 0120 0B       		.uleb128 0xb
 1684 0121 05       		.uleb128 0x5
 1685 0122 3A       		.uleb128 0x3a
 1686 0123 0B       		.uleb128 0xb
 1687 0124 3B       		.uleb128 0x3b
 1688 0125 05       		.uleb128 0x5
 1689 0126 39       		.uleb128 0x39
 1690 0127 0B       		.uleb128 0xb
 1691 0128 01       		.uleb128 0x1
 1692 0129 13       		.uleb128 0x13
 1693 012a 00       		.byte	0
 1694 012b 00       		.byte	0
ARM GAS  C:\Users\EDULU~1.DES\AppData\Local\Temp\cc5GXWeP.s 			page 32


 1695 012c 19       		.uleb128 0x19
 1696 012d 0D       		.uleb128 0xd
 1697 012e 00       		.byte	0
 1698 012f 03       		.uleb128 0x3
 1699 0130 0E       		.uleb128 0xe
 1700 0131 3A       		.uleb128 0x3a
 1701 0132 0B       		.uleb128 0xb
 1702 0133 3B       		.uleb128 0x3b
 1703 0134 05       		.uleb128 0x5
 1704 0135 39       		.uleb128 0x39
 1705 0136 0B       		.uleb128 0xb
 1706 0137 49       		.uleb128 0x49
 1707 0138 13       		.uleb128 0x13
 1708 0139 38       		.uleb128 0x38
 1709 013a 0B       		.uleb128 0xb
 1710 013b 00       		.byte	0
 1711 013c 00       		.byte	0
 1712 013d 1A       		.uleb128 0x1a
 1713 013e 0D       		.uleb128 0xd
 1714 013f 00       		.byte	0
 1715 0140 03       		.uleb128 0x3
 1716 0141 0E       		.uleb128 0xe
 1717 0142 3A       		.uleb128 0x3a
 1718 0143 0B       		.uleb128 0xb
 1719 0144 3B       		.uleb128 0x3b
 1720 0145 05       		.uleb128 0x5
 1721 0146 39       		.uleb128 0x39
 1722 0147 0B       		.uleb128 0xb
 1723 0148 49       		.uleb128 0x49
 1724 0149 13       		.uleb128 0x13
 1725 014a 38       		.uleb128 0x38
 1726 014b 05       		.uleb128 0x5
 1727 014c 00       		.byte	0
 1728 014d 00       		.byte	0
 1729 014e 1B       		.uleb128 0x1b
 1730 014f 13       		.uleb128 0x13
 1731 0150 01       		.byte	0x1
 1732 0151 03       		.uleb128 0x3
 1733 0152 0E       		.uleb128 0xe
 1734 0153 0B       		.uleb128 0xb
 1735 0154 0B       		.uleb128 0xb
 1736 0155 3A       		.uleb128 0x3a
 1737 0156 0B       		.uleb128 0xb
 1738 0157 3B       		.uleb128 0x3b
 1739 0158 05       		.uleb128 0x5
 1740 0159 39       		.uleb128 0x39
 1741 015a 0B       		.uleb128 0xb
 1742 015b 01       		.uleb128 0x1
 1743 015c 13       		.uleb128 0x13
 1744 015d 00       		.byte	0
 1745 015e 00       		.byte	0
 1746 015f 1C       		.uleb128 0x1c
 1747 0160 13       		.uleb128 0x13
 1748 0161 01       		.byte	0x1
 1749 0162 0B       		.uleb128 0xb
 1750 0163 0B       		.uleb128 0xb
 1751 0164 3A       		.uleb128 0x3a
ARM GAS  C:\Users\EDULU~1.DES\AppData\Local\Temp\cc5GXWeP.s 			page 33


 1752 0165 0B       		.uleb128 0xb
 1753 0166 3B       		.uleb128 0x3b
 1754 0167 05       		.uleb128 0x5
 1755 0168 39       		.uleb128 0x39
 1756 0169 0B       		.uleb128 0xb
 1757 016a 01       		.uleb128 0x1
 1758 016b 13       		.uleb128 0x13
 1759 016c 00       		.byte	0
 1760 016d 00       		.byte	0
 1761 016e 1D       		.uleb128 0x1d
 1762 016f 17       		.uleb128 0x17
 1763 0170 01       		.byte	0x1
 1764 0171 0B       		.uleb128 0xb
 1765 0172 0B       		.uleb128 0xb
 1766 0173 3A       		.uleb128 0x3a
 1767 0174 0B       		.uleb128 0xb
 1768 0175 3B       		.uleb128 0x3b
 1769 0176 05       		.uleb128 0x5
 1770 0177 39       		.uleb128 0x39
 1771 0178 0B       		.uleb128 0xb
 1772 0179 01       		.uleb128 0x1
 1773 017a 13       		.uleb128 0x13
 1774 017b 00       		.byte	0
 1775 017c 00       		.byte	0
 1776 017d 1E       		.uleb128 0x1e
 1777 017e 0D       		.uleb128 0xd
 1778 017f 00       		.byte	0
 1779 0180 03       		.uleb128 0x3
 1780 0181 0E       		.uleb128 0xe
 1781 0182 3A       		.uleb128 0x3a
 1782 0183 0B       		.uleb128 0xb
 1783 0184 3B       		.uleb128 0x3b
 1784 0185 05       		.uleb128 0x5
 1785 0186 39       		.uleb128 0x39
 1786 0187 0B       		.uleb128 0xb
 1787 0188 49       		.uleb128 0x49
 1788 0189 13       		.uleb128 0x13
 1789 018a 00       		.byte	0
 1790 018b 00       		.byte	0
 1791 018c 1F       		.uleb128 0x1f
 1792 018d 15       		.uleb128 0x15
 1793 018e 01       		.byte	0x1
 1794 018f 27       		.uleb128 0x27
 1795 0190 19       		.uleb128 0x19
 1796 0191 01       		.uleb128 0x1
 1797 0192 13       		.uleb128 0x13
 1798 0193 00       		.byte	0
 1799 0194 00       		.byte	0
 1800 0195 20       		.uleb128 0x20
 1801 0196 34       		.uleb128 0x34
 1802 0197 00       		.byte	0
 1803 0198 03       		.uleb128 0x3
 1804 0199 0E       		.uleb128 0xe
 1805 019a 3A       		.uleb128 0x3a
 1806 019b 0B       		.uleb128 0xb
 1807 019c 3B       		.uleb128 0x3b
 1808 019d 05       		.uleb128 0x5
ARM GAS  C:\Users\EDULU~1.DES\AppData\Local\Temp\cc5GXWeP.s 			page 34


 1809 019e 39       		.uleb128 0x39
 1810 019f 0B       		.uleb128 0xb
 1811 01a0 49       		.uleb128 0x49
 1812 01a1 13       		.uleb128 0x13
 1813 01a2 3F       		.uleb128 0x3f
 1814 01a3 19       		.uleb128 0x19
 1815 01a4 3C       		.uleb128 0x3c
 1816 01a5 19       		.uleb128 0x19
 1817 01a6 00       		.byte	0
 1818 01a7 00       		.byte	0
 1819 01a8 21       		.uleb128 0x21
 1820 01a9 21       		.uleb128 0x21
 1821 01aa 00       		.byte	0
 1822 01ab 00       		.byte	0
 1823 01ac 00       		.byte	0
 1824 01ad 22       		.uleb128 0x22
 1825 01ae 34       		.uleb128 0x34
 1826 01af 00       		.byte	0
 1827 01b0 03       		.uleb128 0x3
 1828 01b1 0E       		.uleb128 0xe
 1829 01b2 3A       		.uleb128 0x3a
 1830 01b3 0B       		.uleb128 0xb
 1831 01b4 3B       		.uleb128 0x3b
 1832 01b5 0B       		.uleb128 0xb
 1833 01b6 39       		.uleb128 0x39
 1834 01b7 0B       		.uleb128 0xb
 1835 01b8 49       		.uleb128 0x49
 1836 01b9 13       		.uleb128 0x13
 1837 01ba 3F       		.uleb128 0x3f
 1838 01bb 19       		.uleb128 0x19
 1839 01bc 3C       		.uleb128 0x3c
 1840 01bd 19       		.uleb128 0x19
 1841 01be 00       		.byte	0
 1842 01bf 00       		.byte	0
 1843 01c0 23       		.uleb128 0x23
 1844 01c1 2E       		.uleb128 0x2e
 1845 01c2 01       		.byte	0x1
 1846 01c3 3F       		.uleb128 0x3f
 1847 01c4 19       		.uleb128 0x19
 1848 01c5 03       		.uleb128 0x3
 1849 01c6 0E       		.uleb128 0xe
 1850 01c7 3A       		.uleb128 0x3a
 1851 01c8 0B       		.uleb128 0xb
 1852 01c9 3B       		.uleb128 0x3b
 1853 01ca 0B       		.uleb128 0xb
 1854 01cb 39       		.uleb128 0x39
 1855 01cc 0B       		.uleb128 0xb
 1856 01cd 27       		.uleb128 0x27
 1857 01ce 19       		.uleb128 0x19
 1858 01cf 11       		.uleb128 0x11
 1859 01d0 01       		.uleb128 0x1
 1860 01d1 12       		.uleb128 0x12
 1861 01d2 06       		.uleb128 0x6
 1862 01d3 40       		.uleb128 0x40
 1863 01d4 18       		.uleb128 0x18
 1864 01d5 9742     		.uleb128 0x2117
 1865 01d7 19       		.uleb128 0x19
ARM GAS  C:\Users\EDULU~1.DES\AppData\Local\Temp\cc5GXWeP.s 			page 35


 1866 01d8 00       		.byte	0
 1867 01d9 00       		.byte	0
 1868 01da 24       		.uleb128 0x24
 1869 01db 34       		.uleb128 0x34
 1870 01dc 00       		.byte	0
 1871 01dd 03       		.uleb128 0x3
 1872 01de 0E       		.uleb128 0xe
 1873 01df 3A       		.uleb128 0x3a
 1874 01e0 0B       		.uleb128 0xb
 1875 01e1 3B       		.uleb128 0x3b
 1876 01e2 0B       		.uleb128 0xb
 1877 01e3 39       		.uleb128 0x39
 1878 01e4 0B       		.uleb128 0xb
 1879 01e5 49       		.uleb128 0x49
 1880 01e6 13       		.uleb128 0x13
 1881 01e7 02       		.uleb128 0x2
 1882 01e8 17       		.uleb128 0x17
 1883 01e9 B742     		.uleb128 0x2137
 1884 01eb 17       		.uleb128 0x17
 1885 01ec 00       		.byte	0
 1886 01ed 00       		.byte	0
 1887 01ee 00       		.byte	0
 1888              		.section	.debug_loc,"",%progbits
 1889              	.Ldebug_loc0:
 1890              	.LVUS0:
 1891 0000 00       		.uleb128 .LVU4
 1892 0001 00       		.uleb128 0
 1893              	.LLST0:
 1894 0002 04000000 		.4byte	.LVL0
 1895 0006 0C000000 		.4byte	.LFE0
 1896 000a 0100     		.2byte	0x1
 1897 000c 52       		.byte	0x52
 1898 000d 00000000 		.4byte	0
 1899 0011 00000000 		.4byte	0
 1900              		.section	.debug_aranges,"",%progbits
 1901 0000 1C000000 		.4byte	0x1c
 1902 0004 0200     		.2byte	0x2
 1903 0006 00000000 		.4byte	.Ldebug_info0
 1904 000a 04       		.byte	0x4
 1905 000b 00       		.byte	0
 1906 000c 0000     		.2byte	0
 1907 000e 0000     		.2byte	0
 1908 0010 00000000 		.4byte	.LFB0
 1909 0014 0C000000 		.4byte	.LFE0-.LFB0
 1910 0018 00000000 		.4byte	0
 1911 001c 00000000 		.4byte	0
 1912              		.section	.debug_ranges,"",%progbits
 1913              	.Ldebug_ranges0:
 1914 0000 00000000 		.4byte	.LFB0
 1915 0004 0C000000 		.4byte	.LFE0
 1916 0008 00000000 		.4byte	0
 1917 000c 00000000 		.4byte	0
 1918              		.section	.debug_line,"",%progbits
 1919              	.Ldebug_line0:
 1920 0000 CA010000 		.section	.debug_str,"MS",%progbits,1
 1920      03009E01 
 1920      00000201 
ARM GAS  C:\Users\EDULU~1.DES\AppData\Local\Temp\cc5GXWeP.s 			page 36


 1920      FB0E0D00 
 1920      01010101 
 1921              	.LASF46:
 1922 0000 5F64736F 		.ascii	"_dso_handle\000"
 1922      5F68616E 
 1922      646C6500 
 1923              	.LASF54:
 1924 000c 5F73697A 		.ascii	"_size\000"
 1924      6500
 1925              	.LASF135:
 1926 0012 4144435F 		.ascii	"ADC_initVar\000"
 1926      696E6974 
 1926      56617200 
 1927              	.LASF45:
 1928 001e 5F666E61 		.ascii	"_fnargs\000"
 1928      72677300 
 1929              	.LASF98:
 1930 0026 5F72616E 		.ascii	"_rand48\000"
 1930      64343800 
 1931              	.LASF78:
 1932 002e 5F656D65 		.ascii	"_emergency\000"
 1932      7267656E 
 1932      637900
 1933              	.LASF68:
 1934 0039 5F646174 		.ascii	"_data\000"
 1934      6100
 1935              	.LASF132:
 1936 003f 63796465 		.ascii	"cydelay32kMs\000"
 1936      6C617933 
 1936      326B4D73 
 1936      00
 1937              	.LASF118:
 1938 004c 5F776372 		.ascii	"_wcrtomb_state\000"
 1938      746F6D62 
 1938      5F737461 
 1938      746500
 1939              	.LASF119:
 1940 005b 5F776373 		.ascii	"_wcsrtombs_state\000"
 1940      72746F6D 
 1940      62735F73 
 1940      74617465 
 1940      00
 1941              	.LASF7:
 1942 006c 6C6F6E67 		.ascii	"long long unsigned int\000"
 1942      206C6F6E 
 1942      6720756E 
 1942      7369676E 
 1942      65642069 
 1943              	.LASF58:
 1944 0083 5F6C6266 		.ascii	"_lbfsize\000"
 1944      73697A65 
 1944      00
 1945              	.LASF133:
 1946 008c 43795379 		.ascii	"CySysTickInitVar\000"
 1946      73546963 
 1946      6B496E69 
 1946      74566172 
ARM GAS  C:\Users\EDULU~1.DES\AppData\Local\Temp\cc5GXWeP.s 			page 37


 1946      00
 1947              	.LASF125:
 1948 009d 5F5F6C6F 		.ascii	"__locale_t\000"
 1948      63616C65 
 1948      5F7400
 1949              	.LASF116:
 1950 00a8 5F6D6272 		.ascii	"_mbrtowc_state\000"
 1950      746F7763 
 1950      5F737461 
 1950      746500
 1951              	.LASF35:
 1952 00b7 5F5F746D 		.ascii	"__tm_sec\000"
 1952      5F736563 
 1952      00
 1953              	.LASF6:
 1954 00c0 6C6F6E67 		.ascii	"long long int\000"
 1954      206C6F6E 
 1954      6720696E 
 1954      7400
 1955              	.LASF0:
 1956 00ce 7369676E 		.ascii	"signed char\000"
 1956      65642063 
 1956      68617200 
 1957              	.LASF64:
 1958 00da 5F756275 		.ascii	"_ubuf\000"
 1958      6600
 1959              	.LASF53:
 1960 00e0 5F626173 		.ascii	"_base\000"
 1960      6500
 1961              	.LASF37:
 1962 00e6 5F5F746D 		.ascii	"__tm_hour\000"
 1962      5F686F75 
 1962      7200
 1963              	.LASF12:
 1964 00f0 696E7433 		.ascii	"int32\000"
 1964      3200
 1965              	.LASF93:
 1966 00f6 5F5F7366 		.ascii	"__sf\000"
 1966      00
 1967              	.LASF44:
 1968 00fb 5F6F6E5F 		.ascii	"_on_exit_args\000"
 1968      65786974 
 1968      5F617267 
 1968      7300
 1969              	.LASF59:
 1970 0109 5F636F6F 		.ascii	"_cookie\000"
 1970      6B696500 
 1971              	.LASF92:
 1972 0111 5F5F7367 		.ascii	"__sglue\000"
 1972      6C756500 
 1973              	.LASF4:
 1974 0119 6C6F6E67 		.ascii	"long int\000"
 1974      20696E74 
 1974      00
 1975              	.LASF56:
 1976 0122 5F666C61 		.ascii	"_flags\000"
 1976      677300
ARM GAS  C:\Users\EDULU~1.DES\AppData\Local\Temp\cc5GXWeP.s 			page 38


 1977              	.LASF48:
 1978 0129 5F69735F 		.ascii	"_is_cxa\000"
 1978      63786100 
 1979              	.LASF74:
 1980 0131 5F737464 		.ascii	"_stdin\000"
 1980      696E00
 1981              	.LASF66:
 1982 0138 5F626C6B 		.ascii	"_blksize\000"
 1982      73697A65 
 1982      00
 1983              	.LASF9:
 1984 0141 75696E74 		.ascii	"uint8\000"
 1984      3800
 1985              	.LASF130:
 1986 0147 63796465 		.ascii	"cydelayFreqKhz\000"
 1986      6C617946 
 1986      7265714B 
 1986      687A00
 1987              	.LASF14:
 1988 0156 646F7562 		.ascii	"double\000"
 1988      6C6500
 1989              	.LASF88:
 1990 015d 5F637674 		.ascii	"_cvtbuf\000"
 1990      62756600 
 1991              	.LASF67:
 1992 0165 5F6F6666 		.ascii	"_offset\000"
 1992      73657400 
 1993              	.LASF117:
 1994 016d 5F6D6273 		.ascii	"_mbsrtowcs_state\000"
 1994      72746F77 
 1994      63735F73 
 1994      74617465 
 1994      00
 1995              	.LASF115:
 1996 017e 5F6D6272 		.ascii	"_mbrlen_state\000"
 1996      6C656E5F 
 1996      73746174 
 1996      6500
 1997              	.LASF10:
 1998 018c 75696E74 		.ascii	"uint32\000"
 1998      333200
 1999              	.LASF51:
 2000 0193 5F666E73 		.ascii	"_fns\000"
 2000      00
 2001              	.LASF31:
 2002 0198 5F736967 		.ascii	"_sign\000"
 2002      6E00
 2003              	.LASF27:
 2004 019e 5F666C6F 		.ascii	"_flock_t\000"
 2004      636B5F74 
 2004      00
 2005              	.LASF76:
 2006 01a7 5F737464 		.ascii	"_stderr\000"
 2006      65727200 
 2007              	.LASF33:
 2008 01af 5F426967 		.ascii	"_Bigint\000"
 2008      696E7400 
ARM GAS  C:\Users\EDULU~1.DES\AppData\Local\Temp\cc5GXWeP.s 			page 39


 2009              	.LASF106:
 2010 01b7 5F67616D 		.ascii	"_gamma_signgam\000"
 2010      6D615F73 
 2010      69676E67 
 2010      616D00
 2011              	.LASF60:
 2012 01c6 5F726561 		.ascii	"_read\000"
 2012      6400
 2013              	.LASF84:
 2014 01cc 5F726573 		.ascii	"_result_k\000"
 2014      756C745F 
 2014      6B00
 2015              	.LASF34:
 2016 01d6 5F5F746D 		.ascii	"__tm\000"
 2016      00
 2017              	.LASF8:
 2018 01db 756E7369 		.ascii	"unsigned int\000"
 2018      676E6564 
 2018      20696E74 
 2018      00
 2019              	.LASF23:
 2020 01e8 5F5F7763 		.ascii	"__wchb\000"
 2020      686200
 2021              	.LASF75:
 2022 01ef 5F737464 		.ascii	"_stdout\000"
 2022      6F757400 
 2023              	.LASF87:
 2024 01f7 5F637674 		.ascii	"_cvtlen\000"
 2024      6C656E00 
 2025              	.LASF5:
 2026 01ff 6C6F6E67 		.ascii	"long unsigned int\000"
 2026      20756E73 
 2026      69676E65 
 2026      6420696E 
 2026      7400
 2027              	.LASF57:
 2028 0211 5F66696C 		.ascii	"_file\000"
 2028      6500
 2029              	.LASF96:
 2030 0217 5F6E696F 		.ascii	"_niobs\000"
 2030      627300
 2031              	.LASF3:
 2032 021e 73686F72 		.ascii	"short unsigned int\000"
 2032      7420756E 
 2032      7369676E 
 2032      65642069 
 2032      6E7400
 2033              	.LASF140:
 2034 0231 47656E65 		.ascii	"Generated_Source\\PSoC4\\ADC_INT.c\000"
 2034      72617465 
 2034      645F536F 
 2034      75726365 
 2034      5C50536F 
 2035              	.LASF90:
 2036 0252 5F617465 		.ascii	"_atexit0\000"
 2036      78697430 
 2036      00
ARM GAS  C:\Users\EDULU~1.DES\AppData\Local\Temp\cc5GXWeP.s 			page 40


 2037              	.LASF113:
 2038 025b 5F736967 		.ascii	"_signal_buf\000"
 2038      6E616C5F 
 2038      62756600 
 2039              	.LASF104:
 2040 0267 5F617363 		.ascii	"_asctime_buf\000"
 2040      74696D65 
 2040      5F627566 
 2040      00
 2041              	.LASF83:
 2042 0274 5F726573 		.ascii	"_result\000"
 2042      756C7400 
 2043              	.LASF22:
 2044 027c 5F5F7763 		.ascii	"__wch\000"
 2044      6800
 2045              	.LASF18:
 2046 0282 5F4C4F43 		.ascii	"_LOCK_T\000"
 2046      4B5F5400 
 2047              	.LASF21:
 2048 028a 77696E74 		.ascii	"wint_t\000"
 2048      5F7400
 2049              	.LASF139:
 2050 0291 474E5520 		.ascii	"GNU C17 8.2.1 20181213 (release) [gcc-8-branch revi"
 2050      43313720 
 2050      382E322E 
 2050      31203230 
 2050      31383132 
 2051 02c4 73696F6E 		.ascii	"sion 267074] -mcpu=cortex-m0 -mthumb -mfloat-abi=so"
 2051      20323637 
 2051      3037345D 
 2051      202D6D63 
 2051      70753D63 
 2052 02f7 6674202D 		.ascii	"ft -march=armv6s-m -g -Og -ffunction-sections -ffat"
 2052      6D617263 
 2052      683D6172 
 2052      6D763673 
 2052      2D6D202D 
 2053 032a 2D6C746F 		.ascii	"-lto-objects\000"
 2053      2D6F626A 
 2053      65637473 
 2053      00
 2054              	.LASF69:
 2055 0337 5F6C6F63 		.ascii	"_lock\000"
 2055      6B00
 2056              	.LASF71:
 2057 033d 5F666C61 		.ascii	"_flags2\000"
 2057      67733200 
 2058              	.LASF16:
 2059 0345 72656733 		.ascii	"reg32\000"
 2059      3200
 2060              	.LASF40:
 2061 034b 5F5F746D 		.ascii	"__tm_year\000"
 2061      5F796561 
 2061      7200
 2062              	.LASF129:
 2063 0355 63796465 		.ascii	"cydelayFreqHz\000"
 2063      6C617946 
ARM GAS  C:\Users\EDULU~1.DES\AppData\Local\Temp\cc5GXWeP.s 			page 41


 2063      72657148 
 2063      7A00
 2064              	.LASF17:
 2065 0363 6C6F6E67 		.ascii	"long double\000"
 2065      20646F75 
 2065      626C6500 
 2066              	.LASF138:
 2067 036f 696E7472 		.ascii	"intr_status\000"
 2067      5F737461 
 2067      74757300 
 2068              	.LASF121:
 2069 037b 5F6E6578 		.ascii	"_nextf\000"
 2069      746600
 2070              	.LASF134:
 2071 0382 6379496D 		.ascii	"cyImoFreqMhz2Reg\000"
 2071      6F467265 
 2071      714D687A 
 2071      32526567 
 2071      00
 2072              	.LASF39:
 2073 0393 5F5F746D 		.ascii	"__tm_mon\000"
 2073      5F6D6F6E 
 2073      00
 2074              	.LASF49:
 2075 039c 5F617465 		.ascii	"_atexit\000"
 2075      78697400 
 2076              	.LASF81:
 2077 03a4 5F5F7364 		.ascii	"__sdidinit\000"
 2077      6964696E 
 2077      697400
 2078              	.LASF19:
 2079 03af 5F6F6666 		.ascii	"_off_t\000"
 2079      5F7400
 2080              	.LASF13:
 2081 03b6 666C6F61 		.ascii	"float\000"
 2081      7400
 2082              	.LASF86:
 2083 03bc 5F667265 		.ascii	"_freelist\000"
 2083      656C6973 
 2083      7400
 2084              	.LASF111:
 2085 03c6 5F776374 		.ascii	"_wctomb_state\000"
 2085      6F6D625F 
 2085      73746174 
 2085      6500
 2086              	.LASF61:
 2087 03d4 5F777269 		.ascii	"_write\000"
 2087      746500
 2088              	.LASF1:
 2089 03db 756E7369 		.ascii	"unsigned char\000"
 2089      676E6564 
 2089      20636861 
 2089      7200
 2090              	.LASF142:
 2091 03e9 4144435F 		.ascii	"ADC_ISR\000"
 2091      49535200 
 2092              	.LASF136:
ARM GAS  C:\Users\EDULU~1.DES\AppData\Local\Temp\cc5GXWeP.s 			page 42


 2093 03f1 4144435F 		.ascii	"ADC_offset\000"
 2093      6F666673 
 2093      657400
 2094              	.LASF89:
 2095 03fc 5F6E6577 		.ascii	"_new\000"
 2095      00
 2096              	.LASF120:
 2097 0401 5F685F65 		.ascii	"_h_errno\000"
 2097      72726E6F 
 2097      00
 2098              	.LASF2:
 2099 040a 73686F72 		.ascii	"short int\000"
 2099      7420696E 
 2099      7400
 2100              	.LASF42:
 2101 0414 5F5F746D 		.ascii	"__tm_yday\000"
 2101      5F796461 
 2101      7900
 2102              	.LASF52:
 2103 041e 5F5F7362 		.ascii	"__sbuf\000"
 2103      756600
 2104              	.LASF97:
 2105 0425 5F696F62 		.ascii	"_iobs\000"
 2105      7300
 2106              	.LASF94:
 2107 042b 5F5F4649 		.ascii	"__FILE\000"
 2107      4C4500
 2108              	.LASF26:
 2109 0432 5F6D6273 		.ascii	"_mbstate_t\000"
 2109      74617465 
 2109      5F7400
 2110              	.LASF55:
 2111 043d 5F5F7346 		.ascii	"__sFILE\000"
 2111      494C4500 
 2112              	.LASF70:
 2113 0445 5F6D6273 		.ascii	"_mbstate\000"
 2113      74617465 
 2113      00
 2114              	.LASF107:
 2115 044e 5F72616E 		.ascii	"_rand_next\000"
 2115      645F6E65 
 2115      787400
 2116              	.LASF109:
 2117 0459 5F6D626C 		.ascii	"_mblen_state\000"
 2117      656E5F73 
 2117      74617465 
 2117      00
 2118              	.LASF77:
 2119 0466 5F696E63 		.ascii	"_inc\000"
 2119      00
 2120              	.LASF50:
 2121 046b 5F696E64 		.ascii	"_ind\000"
 2121      00
 2122              	.LASF80:
 2123 0470 5F6C6F63 		.ascii	"_locale\000"
 2123      616C6500 
 2124              	.LASF82:
ARM GAS  C:\Users\EDULU~1.DES\AppData\Local\Temp\cc5GXWeP.s 			page 43


 2125 0478 5F5F636C 		.ascii	"__cleanup\000"
 2125      65616E75 
 2125      7000
 2126              	.LASF79:
 2127 0482 5F756E73 		.ascii	"_unspecified_locale_info\000"
 2127      70656369 
 2127      66696564 
 2127      5F6C6F63 
 2127      616C655F 
 2128              	.LASF30:
 2129 049b 5F6D6178 		.ascii	"_maxwds\000"
 2129      77647300 
 2130              	.LASF72:
 2131 04a3 5F726565 		.ascii	"_reent\000"
 2131      6E7400
 2132              	.LASF99:
 2133 04aa 5F736565 		.ascii	"_seed\000"
 2133      6400
 2134              	.LASF24:
 2135 04b0 5F5F636F 		.ascii	"__count\000"
 2135      756E7400 
 2136              	.LASF124:
 2137 04b8 5F5F6C6F 		.ascii	"__lock\000"
 2137      636B00
 2138              	.LASF25:
 2139 04bf 5F5F7661 		.ascii	"__value\000"
 2139      6C756500 
 2140              	.LASF62:
 2141 04c7 5F736565 		.ascii	"_seek\000"
 2141      6B00
 2142              	.LASF126:
 2143 04cd 5F696D70 		.ascii	"_impure_ptr\000"
 2143      7572655F 
 2143      70747200 
 2144              	.LASF20:
 2145 04d9 5F66706F 		.ascii	"_fpos_t\000"
 2145      735F7400 
 2146              	.LASF73:
 2147 04e1 5F657272 		.ascii	"_errno\000"
 2147      6E6F00
 2148              	.LASF15:
 2149 04e8 63686172 		.ascii	"char\000"
 2149      00
 2150              	.LASF36:
 2151 04ed 5F5F746D 		.ascii	"__tm_min\000"
 2151      5F6D696E 
 2151      00
 2152              	.LASF128:
 2153 04f6 5F637479 		.ascii	"_ctype_\000"
 2153      70655F00 
 2154              	.LASF100:
 2155 04fe 5F6D756C 		.ascii	"_mult\000"
 2155      7400
 2156              	.LASF29:
 2157 0504 5F6E6578 		.ascii	"_next\000"
 2157      7400
 2158              	.LASF103:
ARM GAS  C:\Users\EDULU~1.DES\AppData\Local\Temp\cc5GXWeP.s 			page 44


 2159 050a 5F737472 		.ascii	"_strtok_last\000"
 2159      746F6B5F 
 2159      6C617374 
 2159      00
 2160              	.LASF47:
 2161 0517 5F666E74 		.ascii	"_fntypes\000"
 2161      79706573 
 2161      00
 2162              	.LASF101:
 2163 0520 5F616464 		.ascii	"_add\000"
 2163      00
 2164              	.LASF28:
 2165 0525 5F5F554C 		.ascii	"__ULong\000"
 2165      6F6E6700 
 2166              	.LASF114:
 2167 052d 5F676574 		.ascii	"_getdate_err\000"
 2167      64617465 
 2167      5F657272 
 2167      00
 2168              	.LASF127:
 2169 053a 5F676C6F 		.ascii	"_global_impure_ptr\000"
 2169      62616C5F 
 2169      696D7075 
 2169      72655F70 
 2169      747200
 2170              	.LASF131:
 2171 054d 63796465 		.ascii	"cydelayFreqMhz\000"
 2171      6C617946 
 2171      7265714D 
 2171      687A00
 2172              	.LASF102:
 2173 055c 5F756E75 		.ascii	"_unused_rand\000"
 2173      7365645F 
 2173      72616E64 
 2173      00
 2174              	.LASF137:
 2175 0569 4144435F 		.ascii	"ADC_countsPer10Volt\000"
 2175      636F756E 
 2175      74735065 
 2175      72313056 
 2175      6F6C7400 
 2176              	.LASF32:
 2177 057d 5F776473 		.ascii	"_wds\000"
 2177      00
 2178              	.LASF41:
 2179 0582 5F5F746D 		.ascii	"__tm_wday\000"
 2179      5F776461 
 2179      7900
 2180              	.LASF95:
 2181 058c 5F676C75 		.ascii	"_glue\000"
 2181      6500
 2182              	.LASF122:
 2183 0592 5F6E6D61 		.ascii	"_nmalloc\000"
 2183      6C6C6F63 
 2183      00
 2184              	.LASF112:
 2185 059b 5F6C3634 		.ascii	"_l64a_buf\000"
ARM GAS  C:\Users\EDULU~1.DES\AppData\Local\Temp\cc5GXWeP.s 			page 45


 2185      615F6275 
 2185      6600
 2186              	.LASF91:
 2187 05a5 5F736967 		.ascii	"_sig_func\000"
 2187      5F66756E 
 2187      6300
 2188              	.LASF11:
 2189 05af 696E7431 		.ascii	"int16\000"
 2189      3600
 2190              	.LASF141:
 2191 05b5 433A5C55 		.ascii	"C:\\Users\\edulu.DESKTOP-961TG4K\\Documents\\PSoC C"
 2191      73657273 
 2191      5C656475 
 2191      6C752E44 
 2191      45534B54 
 2192 05e4 72656174 		.ascii	"reator\\Micrium\\Examples\\Cypress\\CY8CKIT-044\\OS"
 2192      6F725C4D 
 2192      69637269 
 2192      756D5C45 
 2192      78616D70 
 2193 0612 325C5053 		.ascii	"2\\PSoC\\OS2.cydsn\000"
 2193      6F435C4F 
 2193      53322E63 
 2193      7964736E 
 2193      00
 2194              	.LASF65:
 2195 0623 5F6E6275 		.ascii	"_nbuf\000"
 2195      6600
 2196              	.LASF123:
 2197 0629 5F756E75 		.ascii	"_unused\000"
 2197      73656400 
 2198              	.LASF43:
 2199 0631 5F5F746D 		.ascii	"__tm_isdst\000"
 2199      5F697364 
 2199      737400
 2200              	.LASF105:
 2201 063c 5F6C6F63 		.ascii	"_localtime_buf\000"
 2201      616C7469 
 2201      6D655F62 
 2201      756600
 2202              	.LASF63:
 2203 064b 5F636C6F 		.ascii	"_close\000"
 2203      736500
 2204              	.LASF108:
 2205 0652 5F723438 		.ascii	"_r48\000"
 2205      00
 2206              	.LASF110:
 2207 0657 5F6D6274 		.ascii	"_mbtowc_state\000"
 2207      6F77635F 
 2207      73746174 
 2207      6500
 2208              	.LASF85:
 2209 0665 5F703573 		.ascii	"_p5s\000"
 2209      00
 2210              	.LASF38:
 2211 066a 5F5F746D 		.ascii	"__tm_mday\000"
 2211      5F6D6461 
ARM GAS  C:\Users\EDULU~1.DES\AppData\Local\Temp\cc5GXWeP.s 			page 46


 2211      7900
 2212              		.ident	"GCC: (GNU Tools for Arm Embedded Processors 8-2018-q4-major) 8.2.1 20181213 (release) [gcc
