ARM GAS  C:\Users\EDULU~1.DES\AppData\Local\Temp\cc5CfZqg.s 			page 1


   1              		.cpu cortex-m0
   2              		.eabi_attribute 20, 1
   3              		.eabi_attribute 21, 1
   4              		.eabi_attribute 23, 3
   5              		.eabi_attribute 24, 1
   6              		.eabi_attribute 25, 1
   7              		.eabi_attribute 26, 1
   8              		.eabi_attribute 30, 1
   9              		.eabi_attribute 34, 0
  10              		.eabi_attribute 18, 4
  11              		.file	"I2C_scl.c"
  12              		.text
  13              	.Ltext0:
  14              		.cfi_sections	.debug_frame
  15              		.section	.text.I2C_scl_SetDriveMode,"ax",%progbits
  16              		.align	1
  17              		.global	I2C_scl_SetDriveMode
  18              		.arch armv6s-m
  19              		.syntax unified
  20              		.code	16
  21              		.thumb_func
  22              		.fpu softvfp
  23              		.type	I2C_scl_SetDriveMode, %function
  24              	I2C_scl_SetDriveMode:
  25              	.LVL0:
  26              	.LFB0:
  27              		.file 1 "Generated_Source\\PSoC4\\I2C_scl.c"
   1:Generated_Source\PSoC4/I2C_scl.c **** /*******************************************************************************
   2:Generated_Source\PSoC4/I2C_scl.c **** * File Name: I2C_scl.c  
   3:Generated_Source\PSoC4/I2C_scl.c **** * Version 2.20
   4:Generated_Source\PSoC4/I2C_scl.c **** *
   5:Generated_Source\PSoC4/I2C_scl.c **** * Description:
   6:Generated_Source\PSoC4/I2C_scl.c **** *  This file contains API to enable firmware control of a Pins component.
   7:Generated_Source\PSoC4/I2C_scl.c **** *
   8:Generated_Source\PSoC4/I2C_scl.c **** ********************************************************************************
   9:Generated_Source\PSoC4/I2C_scl.c **** * Copyright 2008-2015, Cypress Semiconductor Corporation.  All rights reserved.
  10:Generated_Source\PSoC4/I2C_scl.c **** * You may use this file only in accordance with the license, terms, conditions, 
  11:Generated_Source\PSoC4/I2C_scl.c **** * disclaimers, and limitations in the end user license agreement accompanying 
  12:Generated_Source\PSoC4/I2C_scl.c **** * the software package with which this file was provided.
  13:Generated_Source\PSoC4/I2C_scl.c **** *******************************************************************************/
  14:Generated_Source\PSoC4/I2C_scl.c **** 
  15:Generated_Source\PSoC4/I2C_scl.c **** #include "cytypes.h"
  16:Generated_Source\PSoC4/I2C_scl.c **** #include "I2C_scl.h"
  17:Generated_Source\PSoC4/I2C_scl.c **** 
  18:Generated_Source\PSoC4/I2C_scl.c **** 
  19:Generated_Source\PSoC4/I2C_scl.c **** #if defined(I2C_scl__PC)
  20:Generated_Source\PSoC4/I2C_scl.c ****     #define I2C_scl_SetP4PinDriveMode(shift, mode)  \
  21:Generated_Source\PSoC4/I2C_scl.c ****     do { \
  22:Generated_Source\PSoC4/I2C_scl.c ****         I2C_scl_PC =   (I2C_scl_PC & \
  23:Generated_Source\PSoC4/I2C_scl.c ****                                 (uint32)(~(uint32)(I2C_scl_DRIVE_MODE_IND_MASK << \
  24:Generated_Source\PSoC4/I2C_scl.c ****                                 (I2C_scl_DRIVE_MODE_BITS * (shift))))) | \
  25:Generated_Source\PSoC4/I2C_scl.c ****                                 (uint32)((uint32)(mode) << \
  26:Generated_Source\PSoC4/I2C_scl.c ****                                 (I2C_scl_DRIVE_MODE_BITS * (shift))); \
  27:Generated_Source\PSoC4/I2C_scl.c ****     } while (0)
  28:Generated_Source\PSoC4/I2C_scl.c **** #else
  29:Generated_Source\PSoC4/I2C_scl.c ****     #if (CY_PSOC4_4200L)
  30:Generated_Source\PSoC4/I2C_scl.c ****         #define I2C_scl_SetP4PinDriveMode(shift, mode)  \
ARM GAS  C:\Users\EDULU~1.DES\AppData\Local\Temp\cc5CfZqg.s 			page 2


  31:Generated_Source\PSoC4/I2C_scl.c ****         do { \
  32:Generated_Source\PSoC4/I2C_scl.c ****             I2C_scl_USBIO_CTRL_REG = (I2C_scl_USBIO_CTRL_REG & \
  33:Generated_Source\PSoC4/I2C_scl.c ****                                     (uint32)(~(uint32)(I2C_scl_DRIVE_MODE_IND_MASK << \
  34:Generated_Source\PSoC4/I2C_scl.c ****                                     (I2C_scl_DRIVE_MODE_BITS * (shift))))) | \
  35:Generated_Source\PSoC4/I2C_scl.c ****                                     (uint32)((uint32)(mode) << \
  36:Generated_Source\PSoC4/I2C_scl.c ****                                     (I2C_scl_DRIVE_MODE_BITS * (shift))); \
  37:Generated_Source\PSoC4/I2C_scl.c ****         } while (0)
  38:Generated_Source\PSoC4/I2C_scl.c ****     #endif
  39:Generated_Source\PSoC4/I2C_scl.c **** #endif
  40:Generated_Source\PSoC4/I2C_scl.c ****   
  41:Generated_Source\PSoC4/I2C_scl.c **** 
  42:Generated_Source\PSoC4/I2C_scl.c **** #if defined(I2C_scl__PC) || (CY_PSOC4_4200L) 
  43:Generated_Source\PSoC4/I2C_scl.c ****     /*******************************************************************************
  44:Generated_Source\PSoC4/I2C_scl.c ****     * Function Name: I2C_scl_SetDriveMode
  45:Generated_Source\PSoC4/I2C_scl.c ****     ****************************************************************************//**
  46:Generated_Source\PSoC4/I2C_scl.c ****     *
  47:Generated_Source\PSoC4/I2C_scl.c ****     * \brief Sets the drive mode for each of the Pins component's pins.
  48:Generated_Source\PSoC4/I2C_scl.c ****     * 
  49:Generated_Source\PSoC4/I2C_scl.c ****     * <b>Note</b> This affects all pins in the Pins component instance. Use the
  50:Generated_Source\PSoC4/I2C_scl.c ****     * Per-Pin APIs if you wish to control individual pin's drive modes.
  51:Generated_Source\PSoC4/I2C_scl.c ****     *
  52:Generated_Source\PSoC4/I2C_scl.c ****     * <b>Note</b> USBIOs have limited drive functionality. Refer to the Drive Mode
  53:Generated_Source\PSoC4/I2C_scl.c ****     * parameter for more information.
  54:Generated_Source\PSoC4/I2C_scl.c ****     *
  55:Generated_Source\PSoC4/I2C_scl.c ****     * \param mode
  56:Generated_Source\PSoC4/I2C_scl.c ****     *  Mode for the selected signals. Valid options are documented in 
  57:Generated_Source\PSoC4/I2C_scl.c ****     *  \ref driveMode.
  58:Generated_Source\PSoC4/I2C_scl.c ****     *
  59:Generated_Source\PSoC4/I2C_scl.c ****     * \return
  60:Generated_Source\PSoC4/I2C_scl.c ****     *  None
  61:Generated_Source\PSoC4/I2C_scl.c ****     *
  62:Generated_Source\PSoC4/I2C_scl.c ****     * \sideeffect
  63:Generated_Source\PSoC4/I2C_scl.c ****     *  If you use read-modify-write operations that are not atomic, the ISR can
  64:Generated_Source\PSoC4/I2C_scl.c ****     *  cause corruption of this function. An ISR that interrupts this function 
  65:Generated_Source\PSoC4/I2C_scl.c ****     *  and performs writes to the Pins component Drive Mode registers can cause 
  66:Generated_Source\PSoC4/I2C_scl.c ****     *  corrupted port data. To avoid this issue, you should either use the Per-Pin
  67:Generated_Source\PSoC4/I2C_scl.c ****     *  APIs (primary method) or disable interrupts around this function.
  68:Generated_Source\PSoC4/I2C_scl.c ****     *
  69:Generated_Source\PSoC4/I2C_scl.c ****     * \funcusage
  70:Generated_Source\PSoC4/I2C_scl.c ****     *  \snippet I2C_scl_SUT.c usage_I2C_scl_SetDriveMode
  71:Generated_Source\PSoC4/I2C_scl.c ****     *******************************************************************************/
  72:Generated_Source\PSoC4/I2C_scl.c ****     void I2C_scl_SetDriveMode(uint8 mode)
  73:Generated_Source\PSoC4/I2C_scl.c ****     {
  28              		.loc 1 73 5 view -0
  29              		.cfi_startproc
  30              		@ args = 0, pretend = 0, frame = 0
  31              		@ frame_needed = 0, uses_anonymous_args = 0
  32              		@ link register save eliminated.
  74:Generated_Source\PSoC4/I2C_scl.c **** 		I2C_scl_SetP4PinDriveMode(I2C_scl__0__SHIFT, mode);
  33              		.loc 1 74 3 view .LVU1
  34              		.loc 1 74 3 view .LVU2
  35 0000 034A     		ldr	r2, .L2
  36 0002 1368     		ldr	r3, [r2]
  37 0004 0721     		movs	r1, #7
  38 0006 8B43     		bics	r3, r1
  39 0008 0343     		orrs	r3, r0
  40 000a 1360     		str	r3, [r2]
ARM GAS  C:\Users\EDULU~1.DES\AppData\Local\Temp\cc5CfZqg.s 			page 3


  75:Generated_Source\PSoC4/I2C_scl.c ****     }
  41              		.loc 1 75 5 is_stmt 0 view .LVU3
  42              		@ sp needed
  43 000c 7047     		bx	lr
  44              	.L3:
  45 000e C046     		.align	2
  46              	.L2:
  47 0010 08040440 		.word	1074005000
  48              		.cfi_endproc
  49              	.LFE0:
  50              		.size	I2C_scl_SetDriveMode, .-I2C_scl_SetDriveMode
  51              		.section	.text.I2C_scl_Write,"ax",%progbits
  52              		.align	1
  53              		.global	I2C_scl_Write
  54              		.syntax unified
  55              		.code	16
  56              		.thumb_func
  57              		.fpu softvfp
  58              		.type	I2C_scl_Write, %function
  59              	I2C_scl_Write:
  60              	.LVL1:
  61              	.LFB1:
  76:Generated_Source\PSoC4/I2C_scl.c **** #endif
  77:Generated_Source\PSoC4/I2C_scl.c **** 
  78:Generated_Source\PSoC4/I2C_scl.c **** 
  79:Generated_Source\PSoC4/I2C_scl.c **** /*******************************************************************************
  80:Generated_Source\PSoC4/I2C_scl.c **** * Function Name: I2C_scl_Write
  81:Generated_Source\PSoC4/I2C_scl.c **** ****************************************************************************//**
  82:Generated_Source\PSoC4/I2C_scl.c **** *
  83:Generated_Source\PSoC4/I2C_scl.c **** * \brief Writes the value to the physical port (data output register), masking
  84:Generated_Source\PSoC4/I2C_scl.c **** *  and shifting the bits appropriately. 
  85:Generated_Source\PSoC4/I2C_scl.c **** *
  86:Generated_Source\PSoC4/I2C_scl.c **** * The data output register controls the signal applied to the physical pin in 
  87:Generated_Source\PSoC4/I2C_scl.c **** * conjunction with the drive mode parameter. This function avoids changing 
  88:Generated_Source\PSoC4/I2C_scl.c **** * other bits in the port by using the appropriate method (read-modify-write or
  89:Generated_Source\PSoC4/I2C_scl.c **** * bit banding).
  90:Generated_Source\PSoC4/I2C_scl.c **** *
  91:Generated_Source\PSoC4/I2C_scl.c **** * <b>Note</b> This function should not be used on a hardware digital output pin 
  92:Generated_Source\PSoC4/I2C_scl.c **** * as it is driven by the hardware signal attached to it.
  93:Generated_Source\PSoC4/I2C_scl.c **** *
  94:Generated_Source\PSoC4/I2C_scl.c **** * \param value
  95:Generated_Source\PSoC4/I2C_scl.c **** *  Value to write to the component instance.
  96:Generated_Source\PSoC4/I2C_scl.c **** *
  97:Generated_Source\PSoC4/I2C_scl.c **** * \return 
  98:Generated_Source\PSoC4/I2C_scl.c **** *  None 
  99:Generated_Source\PSoC4/I2C_scl.c **** *
 100:Generated_Source\PSoC4/I2C_scl.c **** * \sideeffect
 101:Generated_Source\PSoC4/I2C_scl.c **** *  If you use read-modify-write operations that are not atomic; the Interrupt 
 102:Generated_Source\PSoC4/I2C_scl.c **** *  Service Routines (ISR) can cause corruption of this function. An ISR that 
 103:Generated_Source\PSoC4/I2C_scl.c **** *  interrupts this function and performs writes to the Pins component data 
 104:Generated_Source\PSoC4/I2C_scl.c **** *  register can cause corrupted port data. To avoid this issue, you should 
 105:Generated_Source\PSoC4/I2C_scl.c **** *  either use the Per-Pin APIs (primary method) or disable interrupts around 
 106:Generated_Source\PSoC4/I2C_scl.c **** *  this function.
 107:Generated_Source\PSoC4/I2C_scl.c **** *
 108:Generated_Source\PSoC4/I2C_scl.c **** * \funcusage
 109:Generated_Source\PSoC4/I2C_scl.c **** *  \snippet I2C_scl_SUT.c usage_I2C_scl_Write
 110:Generated_Source\PSoC4/I2C_scl.c **** *******************************************************************************/
ARM GAS  C:\Users\EDULU~1.DES\AppData\Local\Temp\cc5CfZqg.s 			page 4


 111:Generated_Source\PSoC4/I2C_scl.c **** void I2C_scl_Write(uint8 value)
 112:Generated_Source\PSoC4/I2C_scl.c **** {
  62              		.loc 1 112 1 is_stmt 1 view -0
  63              		.cfi_startproc
  64              		@ args = 0, pretend = 0, frame = 0
  65              		@ frame_needed = 0, uses_anonymous_args = 0
  66              		@ link register save eliminated.
 113:Generated_Source\PSoC4/I2C_scl.c ****     uint8 drVal = (uint8)(I2C_scl_DR & (uint8)(~I2C_scl_MASK));
  67              		.loc 1 113 5 view .LVU5
  68              		.loc 1 113 27 is_stmt 0 view .LVU6
  69 0000 0449     		ldr	r1, .L5
  70 0002 0A68     		ldr	r2, [r1]
  71              		.loc 1 113 19 view .LVU7
  72 0004 D2B2     		uxtb	r2, r2
  73              		.loc 1 113 11 view .LVU8
  74 0006 0123     		movs	r3, #1
  75 0008 9A43     		bics	r2, r3
  76              	.LVL2:
 114:Generated_Source\PSoC4/I2C_scl.c ****     drVal = (drVal | ((uint8)(value << I2C_scl_SHIFT) & I2C_scl_MASK));
  77              		.loc 1 114 5 is_stmt 1 view .LVU9
  78              		.loc 1 114 55 is_stmt 0 view .LVU10
  79 000a 0340     		ands	r3, r0
  80              		.loc 1 114 11 view .LVU11
  81 000c 1343     		orrs	r3, r2
  82              	.LVL3:
 115:Generated_Source\PSoC4/I2C_scl.c ****     I2C_scl_DR = (uint32)drVal;
  83              		.loc 1 115 5 is_stmt 1 view .LVU12
  84              		.loc 1 115 16 is_stmt 0 view .LVU13
  85 000e 0B60     		str	r3, [r1]
 116:Generated_Source\PSoC4/I2C_scl.c **** }
  86              		.loc 1 116 1 view .LVU14
  87              		@ sp needed
  88 0010 7047     		bx	lr
  89              	.L6:
  90 0012 C046     		.align	2
  91              	.L5:
  92 0014 00040440 		.word	1074004992
  93              		.cfi_endproc
  94              	.LFE1:
  95              		.size	I2C_scl_Write, .-I2C_scl_Write
  96              		.section	.text.I2C_scl_Read,"ax",%progbits
  97              		.align	1
  98              		.global	I2C_scl_Read
  99              		.syntax unified
 100              		.code	16
 101              		.thumb_func
 102              		.fpu softvfp
 103              		.type	I2C_scl_Read, %function
 104              	I2C_scl_Read:
 105              	.LFB2:
 117:Generated_Source\PSoC4/I2C_scl.c **** 
 118:Generated_Source\PSoC4/I2C_scl.c **** 
 119:Generated_Source\PSoC4/I2C_scl.c **** /*******************************************************************************
 120:Generated_Source\PSoC4/I2C_scl.c **** * Function Name: I2C_scl_Read
 121:Generated_Source\PSoC4/I2C_scl.c **** ****************************************************************************//**
 122:Generated_Source\PSoC4/I2C_scl.c **** *
 123:Generated_Source\PSoC4/I2C_scl.c **** * \brief Reads the associated physical port (pin status register) and masks 
ARM GAS  C:\Users\EDULU~1.DES\AppData\Local\Temp\cc5CfZqg.s 			page 5


 124:Generated_Source\PSoC4/I2C_scl.c **** *  the required bits according to the width and bit position of the component
 125:Generated_Source\PSoC4/I2C_scl.c **** *  instance. 
 126:Generated_Source\PSoC4/I2C_scl.c **** *
 127:Generated_Source\PSoC4/I2C_scl.c **** * The pin's status register returns the current logic level present on the 
 128:Generated_Source\PSoC4/I2C_scl.c **** * physical pin.
 129:Generated_Source\PSoC4/I2C_scl.c **** *
 130:Generated_Source\PSoC4/I2C_scl.c **** * \return 
 131:Generated_Source\PSoC4/I2C_scl.c **** *  The current value for the pins in the component as a right justified number.
 132:Generated_Source\PSoC4/I2C_scl.c **** *
 133:Generated_Source\PSoC4/I2C_scl.c **** * \funcusage
 134:Generated_Source\PSoC4/I2C_scl.c **** *  \snippet I2C_scl_SUT.c usage_I2C_scl_Read  
 135:Generated_Source\PSoC4/I2C_scl.c **** *******************************************************************************/
 136:Generated_Source\PSoC4/I2C_scl.c **** uint8 I2C_scl_Read(void)
 137:Generated_Source\PSoC4/I2C_scl.c **** {
 106              		.loc 1 137 1 is_stmt 1 view -0
 107              		.cfi_startproc
 108              		@ args = 0, pretend = 0, frame = 0
 109              		@ frame_needed = 0, uses_anonymous_args = 0
 110              		@ link register save eliminated.
 138:Generated_Source\PSoC4/I2C_scl.c ****     return (uint8)((I2C_scl_PS & I2C_scl_MASK) >> I2C_scl_SHIFT);
 111              		.loc 1 138 5 view .LVU16
 112              		.loc 1 138 21 is_stmt 0 view .LVU17
 113 0000 024B     		ldr	r3, .L8
 114 0002 1B68     		ldr	r3, [r3]
 115              		.loc 1 138 12 view .LVU18
 116 0004 0120     		movs	r0, #1
 117 0006 1840     		ands	r0, r3
 139:Generated_Source\PSoC4/I2C_scl.c **** }
 118              		.loc 1 139 1 view .LVU19
 119              		@ sp needed
 120 0008 7047     		bx	lr
 121              	.L9:
 122 000a C046     		.align	2
 123              	.L8:
 124 000c 04040440 		.word	1074004996
 125              		.cfi_endproc
 126              	.LFE2:
 127              		.size	I2C_scl_Read, .-I2C_scl_Read
 128              		.section	.text.I2C_scl_ReadDataReg,"ax",%progbits
 129              		.align	1
 130              		.global	I2C_scl_ReadDataReg
 131              		.syntax unified
 132              		.code	16
 133              		.thumb_func
 134              		.fpu softvfp
 135              		.type	I2C_scl_ReadDataReg, %function
 136              	I2C_scl_ReadDataReg:
 137              	.LFB3:
 140:Generated_Source\PSoC4/I2C_scl.c **** 
 141:Generated_Source\PSoC4/I2C_scl.c **** 
 142:Generated_Source\PSoC4/I2C_scl.c **** /*******************************************************************************
 143:Generated_Source\PSoC4/I2C_scl.c **** * Function Name: I2C_scl_ReadDataReg
 144:Generated_Source\PSoC4/I2C_scl.c **** ****************************************************************************//**
 145:Generated_Source\PSoC4/I2C_scl.c **** *
 146:Generated_Source\PSoC4/I2C_scl.c **** * \brief Reads the associated physical port's data output register and masks 
 147:Generated_Source\PSoC4/I2C_scl.c **** *  the correct bits according to the width and bit position of the component 
 148:Generated_Source\PSoC4/I2C_scl.c **** *  instance. 
ARM GAS  C:\Users\EDULU~1.DES\AppData\Local\Temp\cc5CfZqg.s 			page 6


 149:Generated_Source\PSoC4/I2C_scl.c **** *
 150:Generated_Source\PSoC4/I2C_scl.c **** * The data output register controls the signal applied to the physical pin in 
 151:Generated_Source\PSoC4/I2C_scl.c **** * conjunction with the drive mode parameter. This is not the same as the 
 152:Generated_Source\PSoC4/I2C_scl.c **** * preferred I2C_scl_Read() API because the 
 153:Generated_Source\PSoC4/I2C_scl.c **** * I2C_scl_ReadDataReg() reads the data register instead of the status 
 154:Generated_Source\PSoC4/I2C_scl.c **** * register. For output pins this is a useful function to determine the value 
 155:Generated_Source\PSoC4/I2C_scl.c **** * just written to the pin.
 156:Generated_Source\PSoC4/I2C_scl.c **** *
 157:Generated_Source\PSoC4/I2C_scl.c **** * \return 
 158:Generated_Source\PSoC4/I2C_scl.c **** *  The current value of the data register masked and shifted into a right 
 159:Generated_Source\PSoC4/I2C_scl.c **** *  justified number for the component instance.
 160:Generated_Source\PSoC4/I2C_scl.c **** *
 161:Generated_Source\PSoC4/I2C_scl.c **** * \funcusage
 162:Generated_Source\PSoC4/I2C_scl.c **** *  \snippet I2C_scl_SUT.c usage_I2C_scl_ReadDataReg 
 163:Generated_Source\PSoC4/I2C_scl.c **** *******************************************************************************/
 164:Generated_Source\PSoC4/I2C_scl.c **** uint8 I2C_scl_ReadDataReg(void)
 165:Generated_Source\PSoC4/I2C_scl.c **** {
 138              		.loc 1 165 1 is_stmt 1 view -0
 139              		.cfi_startproc
 140              		@ args = 0, pretend = 0, frame = 0
 141              		@ frame_needed = 0, uses_anonymous_args = 0
 142              		@ link register save eliminated.
 166:Generated_Source\PSoC4/I2C_scl.c ****     return (uint8)((I2C_scl_DR & I2C_scl_MASK) >> I2C_scl_SHIFT);
 143              		.loc 1 166 5 view .LVU21
 144              		.loc 1 166 21 is_stmt 0 view .LVU22
 145 0000 024B     		ldr	r3, .L11
 146 0002 1B68     		ldr	r3, [r3]
 147              		.loc 1 166 12 view .LVU23
 148 0004 0120     		movs	r0, #1
 149 0006 1840     		ands	r0, r3
 167:Generated_Source\PSoC4/I2C_scl.c **** }
 150              		.loc 1 167 1 view .LVU24
 151              		@ sp needed
 152 0008 7047     		bx	lr
 153              	.L12:
 154 000a C046     		.align	2
 155              	.L11:
 156 000c 00040440 		.word	1074004992
 157              		.cfi_endproc
 158              	.LFE3:
 159              		.size	I2C_scl_ReadDataReg, .-I2C_scl_ReadDataReg
 160              		.section	.text.I2C_scl_SetInterruptMode,"ax",%progbits
 161              		.align	1
 162              		.global	I2C_scl_SetInterruptMode
 163              		.syntax unified
 164              		.code	16
 165              		.thumb_func
 166              		.fpu softvfp
 167              		.type	I2C_scl_SetInterruptMode, %function
 168              	I2C_scl_SetInterruptMode:
 169              	.LVL4:
 170              	.LFB4:
 168:Generated_Source\PSoC4/I2C_scl.c **** 
 169:Generated_Source\PSoC4/I2C_scl.c **** 
 170:Generated_Source\PSoC4/I2C_scl.c **** /*******************************************************************************
 171:Generated_Source\PSoC4/I2C_scl.c **** * Function Name: I2C_scl_SetInterruptMode
 172:Generated_Source\PSoC4/I2C_scl.c **** ****************************************************************************//**
ARM GAS  C:\Users\EDULU~1.DES\AppData\Local\Temp\cc5CfZqg.s 			page 7


 173:Generated_Source\PSoC4/I2C_scl.c **** *
 174:Generated_Source\PSoC4/I2C_scl.c **** * \brief Configures the interrupt mode for each of the Pins component's
 175:Generated_Source\PSoC4/I2C_scl.c **** *  pins. Alternatively you may set the interrupt mode for all the pins
 176:Generated_Source\PSoC4/I2C_scl.c **** *  specified in the Pins component.
 177:Generated_Source\PSoC4/I2C_scl.c **** *
 178:Generated_Source\PSoC4/I2C_scl.c **** *  <b>Note</b> The interrupt is port-wide and therefore any enabled pin
 179:Generated_Source\PSoC4/I2C_scl.c **** *  interrupt may trigger it.
 180:Generated_Source\PSoC4/I2C_scl.c **** *
 181:Generated_Source\PSoC4/I2C_scl.c **** * \param position
 182:Generated_Source\PSoC4/I2C_scl.c **** *  The pin position as listed in the Pins component. You may OR these to be 
 183:Generated_Source\PSoC4/I2C_scl.c **** *  able to configure the interrupt mode of multiple pins within a Pins 
 184:Generated_Source\PSoC4/I2C_scl.c **** *  component. Or you may use I2C_scl_INTR_ALL to configure the
 185:Generated_Source\PSoC4/I2C_scl.c **** *  interrupt mode of all the pins in the Pins component.       
 186:Generated_Source\PSoC4/I2C_scl.c **** *  - I2C_scl_0_INTR       (First pin in the list)
 187:Generated_Source\PSoC4/I2C_scl.c **** *  - I2C_scl_1_INTR       (Second pin in the list)
 188:Generated_Source\PSoC4/I2C_scl.c **** *  - ...
 189:Generated_Source\PSoC4/I2C_scl.c **** *  - I2C_scl_INTR_ALL     (All pins in Pins component)
 190:Generated_Source\PSoC4/I2C_scl.c **** *
 191:Generated_Source\PSoC4/I2C_scl.c **** * \param mode
 192:Generated_Source\PSoC4/I2C_scl.c **** *  Interrupt mode for the selected pins. Valid options are documented in
 193:Generated_Source\PSoC4/I2C_scl.c **** *  \ref intrMode.
 194:Generated_Source\PSoC4/I2C_scl.c **** *
 195:Generated_Source\PSoC4/I2C_scl.c **** * \return 
 196:Generated_Source\PSoC4/I2C_scl.c **** *  None
 197:Generated_Source\PSoC4/I2C_scl.c **** *  
 198:Generated_Source\PSoC4/I2C_scl.c **** * \sideeffect
 199:Generated_Source\PSoC4/I2C_scl.c **** *  It is recommended that the interrupt be disabled before calling this 
 200:Generated_Source\PSoC4/I2C_scl.c **** *  function to avoid unintended interrupt requests. Note that the interrupt
 201:Generated_Source\PSoC4/I2C_scl.c **** *  type is port wide, and therefore will trigger for any enabled pin on the 
 202:Generated_Source\PSoC4/I2C_scl.c **** *  port.
 203:Generated_Source\PSoC4/I2C_scl.c **** *
 204:Generated_Source\PSoC4/I2C_scl.c **** * \funcusage
 205:Generated_Source\PSoC4/I2C_scl.c **** *  \snippet I2C_scl_SUT.c usage_I2C_scl_SetInterruptMode
 206:Generated_Source\PSoC4/I2C_scl.c **** *******************************************************************************/
 207:Generated_Source\PSoC4/I2C_scl.c **** void I2C_scl_SetInterruptMode(uint16 position, uint16 mode)
 208:Generated_Source\PSoC4/I2C_scl.c **** {
 171              		.loc 1 208 1 is_stmt 1 view -0
 172              		.cfi_startproc
 173              		@ args = 0, pretend = 0, frame = 0
 174              		@ frame_needed = 0, uses_anonymous_args = 0
 175              		@ link register save eliminated.
 209:Generated_Source\PSoC4/I2C_scl.c ****     uint32 intrCfg;
 176              		.loc 1 209 5 view .LVU26
 210:Generated_Source\PSoC4/I2C_scl.c ****     
 211:Generated_Source\PSoC4/I2C_scl.c ****     intrCfg =  I2C_scl_INTCFG & (uint32)(~(uint32)position);
 177              		.loc 1 211 5 view .LVU27
 178              		.loc 1 211 16 is_stmt 0 view .LVU28
 179 0000 034A     		ldr	r2, .L14
 180 0002 1368     		ldr	r3, [r2]
 181              		.loc 1 211 13 view .LVU29
 182 0004 8343     		bics	r3, r0
 183              	.LVL5:
 212:Generated_Source\PSoC4/I2C_scl.c ****     I2C_scl_INTCFG = intrCfg | ((uint32)position & (uint32)mode);
 184              		.loc 1 212 5 is_stmt 1 view .LVU30
 185              		.loc 1 212 50 is_stmt 0 view .LVU31
 186 0006 0140     		ands	r1, r0
 187              	.LVL6:
ARM GAS  C:\Users\EDULU~1.DES\AppData\Local\Temp\cc5CfZqg.s 			page 8


 188              		.loc 1 212 30 view .LVU32
 189 0008 1943     		orrs	r1, r3
 190              		.loc 1 212 20 view .LVU33
 191 000a 1160     		str	r1, [r2]
 213:Generated_Source\PSoC4/I2C_scl.c **** }
 192              		.loc 1 213 1 view .LVU34
 193              		@ sp needed
 194 000c 7047     		bx	lr
 195              	.L15:
 196 000e C046     		.align	2
 197              	.L14:
 198 0010 0C040440 		.word	1074005004
 199              		.cfi_endproc
 200              	.LFE4:
 201              		.size	I2C_scl_SetInterruptMode, .-I2C_scl_SetInterruptMode
 202              		.section	.text.I2C_scl_ClearInterrupt,"ax",%progbits
 203              		.align	1
 204              		.global	I2C_scl_ClearInterrupt
 205              		.syntax unified
 206              		.code	16
 207              		.thumb_func
 208              		.fpu softvfp
 209              		.type	I2C_scl_ClearInterrupt, %function
 210              	I2C_scl_ClearInterrupt:
 211              	.LFB5:
 214:Generated_Source\PSoC4/I2C_scl.c **** 
 215:Generated_Source\PSoC4/I2C_scl.c **** 
 216:Generated_Source\PSoC4/I2C_scl.c **** /*******************************************************************************
 217:Generated_Source\PSoC4/I2C_scl.c **** * Function Name: I2C_scl_ClearInterrupt
 218:Generated_Source\PSoC4/I2C_scl.c **** ****************************************************************************//**
 219:Generated_Source\PSoC4/I2C_scl.c **** *
 220:Generated_Source\PSoC4/I2C_scl.c **** * \brief Clears any active interrupts attached with the component and returns 
 221:Generated_Source\PSoC4/I2C_scl.c **** *  the value of the interrupt status register allowing determination of which
 222:Generated_Source\PSoC4/I2C_scl.c **** *  pins generated an interrupt event.
 223:Generated_Source\PSoC4/I2C_scl.c **** *
 224:Generated_Source\PSoC4/I2C_scl.c **** * \return 
 225:Generated_Source\PSoC4/I2C_scl.c **** *  The right-shifted current value of the interrupt status register. Each pin 
 226:Generated_Source\PSoC4/I2C_scl.c **** *  has one bit set if it generated an interrupt event. For example, bit 0 is 
 227:Generated_Source\PSoC4/I2C_scl.c **** *  for pin 0 and bit 1 is for pin 1 of the Pins component.
 228:Generated_Source\PSoC4/I2C_scl.c **** *  
 229:Generated_Source\PSoC4/I2C_scl.c **** * \sideeffect
 230:Generated_Source\PSoC4/I2C_scl.c **** *  Clears all bits of the physical port's interrupt status register, not just
 231:Generated_Source\PSoC4/I2C_scl.c **** *  those associated with the Pins component.
 232:Generated_Source\PSoC4/I2C_scl.c **** *
 233:Generated_Source\PSoC4/I2C_scl.c **** * \funcusage
 234:Generated_Source\PSoC4/I2C_scl.c **** *  \snippet I2C_scl_SUT.c usage_I2C_scl_ClearInterrupt
 235:Generated_Source\PSoC4/I2C_scl.c **** *******************************************************************************/
 236:Generated_Source\PSoC4/I2C_scl.c **** uint8 I2C_scl_ClearInterrupt(void)
 237:Generated_Source\PSoC4/I2C_scl.c **** {
 212              		.loc 1 237 1 is_stmt 1 view -0
 213              		.cfi_startproc
 214              		@ args = 0, pretend = 0, frame = 0
 215              		@ frame_needed = 0, uses_anonymous_args = 0
 216              		@ link register save eliminated.
 238:Generated_Source\PSoC4/I2C_scl.c **** 	uint8 maskedStatus = (uint8)(I2C_scl_INTSTAT & I2C_scl_MASK);
 217              		.loc 1 238 2 view .LVU36
 218              		.loc 1 238 31 is_stmt 0 view .LVU37
ARM GAS  C:\Users\EDULU~1.DES\AppData\Local\Temp\cc5CfZqg.s 			page 9


 219 0000 024B     		ldr	r3, .L17
 220 0002 1868     		ldr	r0, [r3]
 221              		.loc 1 238 8 view .LVU38
 222 0004 0122     		movs	r2, #1
 223 0006 1040     		ands	r0, r2
 224              	.LVL7:
 239:Generated_Source\PSoC4/I2C_scl.c **** 	I2C_scl_INTSTAT = maskedStatus;
 225              		.loc 1 239 2 is_stmt 1 view .LVU39
 226              		.loc 1 239 18 is_stmt 0 view .LVU40
 227 0008 1860     		str	r0, [r3]
 240:Generated_Source\PSoC4/I2C_scl.c ****     return maskedStatus >> I2C_scl_SHIFT;
 228              		.loc 1 240 5 is_stmt 1 view .LVU41
 241:Generated_Source\PSoC4/I2C_scl.c **** }
 229              		.loc 1 241 1 is_stmt 0 view .LVU42
 230              		@ sp needed
 231 000a 7047     		bx	lr
 232              	.L18:
 233              		.align	2
 234              	.L17:
 235 000c 10040440 		.word	1074005008
 236              		.cfi_endproc
 237              	.LFE5:
 238              		.size	I2C_scl_ClearInterrupt, .-I2C_scl_ClearInterrupt
 239              		.text
 240              	.Letext0:
 241              		.file 2 "Generated_Source\\PSoC4\\cytypes.h"
 242              		.section	.debug_info,"",%progbits
 243              	.Ldebug_info0:
 244 0000 B8010000 		.4byte	0x1b8
 245 0004 0400     		.2byte	0x4
 246 0006 00000000 		.4byte	.Ldebug_abbrev0
 247 000a 04       		.byte	0x4
 248 000b 01       		.uleb128 0x1
 249 000c 10000000 		.4byte	.LASF26
 250 0010 0C       		.byte	0xc
 251 0011 0E010000 		.4byte	.LASF27
 252 0015 A9010000 		.4byte	.LASF28
 253 0019 00000000 		.4byte	.Ldebug_ranges0+0
 254 001d 00000000 		.4byte	0
 255 0021 00000000 		.4byte	.Ldebug_line0
 256 0025 02       		.uleb128 0x2
 257 0026 01       		.byte	0x1
 258 0027 06       		.byte	0x6
 259 0028 5B010000 		.4byte	.LASF0
 260 002c 02       		.uleb128 0x2
 261 002d 01       		.byte	0x1
 262 002e 08       		.byte	0x8
 263 002f 4D010000 		.4byte	.LASF1
 264 0033 02       		.uleb128 0x2
 265 0034 02       		.byte	0x2
 266 0035 05       		.byte	0x5
 267 0036 06000000 		.4byte	.LASF2
 268 003a 02       		.uleb128 0x2
 269 003b 02       		.byte	0x2
 270 003c 07       		.byte	0x7
 271 003d 91010000 		.4byte	.LASF3
 272 0041 02       		.uleb128 0x2
ARM GAS  C:\Users\EDULU~1.DES\AppData\Local\Temp\cc5CfZqg.s 			page 10


 273 0042 04       		.byte	0x4
 274 0043 05       		.byte	0x5
 275 0044 2F010000 		.4byte	.LASF4
 276 0048 02       		.uleb128 0x2
 277 0049 04       		.byte	0x4
 278 004a 07       		.byte	0x7
 279 004b 35020000 		.4byte	.LASF5
 280 004f 02       		.uleb128 0x2
 281 0050 08       		.byte	0x8
 282 0051 05       		.byte	0x5
 283 0052 7A020000 		.4byte	.LASF6
 284 0056 02       		.uleb128 0x2
 285 0057 08       		.byte	0x8
 286 0058 07       		.byte	0x7
 287 0059 67010000 		.4byte	.LASF7
 288 005d 03       		.uleb128 0x3
 289 005e 04       		.byte	0x4
 290 005f 05       		.byte	0x5
 291 0060 696E7400 		.ascii	"int\000"
 292 0064 02       		.uleb128 0x2
 293 0065 04       		.byte	0x4
 294 0066 07       		.byte	0x7
 295 0067 7E010000 		.4byte	.LASF8
 296 006b 04       		.uleb128 0x4
 297 006c C8000000 		.4byte	.LASF9
 298 0070 02       		.byte	0x2
 299 0071 E401     		.2byte	0x1e4
 300 0073 19       		.byte	0x19
 301 0074 2C000000 		.4byte	0x2c
 302 0078 04       		.uleb128 0x4
 303 0079 C1000000 		.4byte	.LASF10
 304 007d 02       		.byte	0x2
 305 007e E501     		.2byte	0x1e5
 306 0080 19       		.byte	0x19
 307 0081 3A000000 		.4byte	0x3a
 308 0085 04       		.uleb128 0x4
 309 0086 2E020000 		.4byte	.LASF11
 310 008a 02       		.byte	0x2
 311 008b E601     		.2byte	0x1e6
 312 008d 19       		.byte	0x19
 313 008e 48000000 		.4byte	0x48
 314 0092 05       		.uleb128 0x5
 315 0093 85000000 		.4byte	0x85
 316 0097 02       		.uleb128 0x2
 317 0098 04       		.byte	0x4
 318 0099 04       		.byte	0x4
 319 009a FB000000 		.4byte	.LASF12
 320 009e 02       		.uleb128 0x2
 321 009f 08       		.byte	0x8
 322 00a0 04       		.byte	0x4
 323 00a1 47020000 		.4byte	.LASF13
 324 00a5 02       		.uleb128 0x2
 325 00a6 01       		.byte	0x1
 326 00a7 08       		.byte	0x8
 327 00a8 A4010000 		.4byte	.LASF14
 328 00ac 04       		.uleb128 0x4
 329 00ad 8B010000 		.4byte	.LASF15
ARM GAS  C:\Users\EDULU~1.DES\AppData\Local\Temp\cc5CfZqg.s 			page 11


 330 00b1 02       		.byte	0x2
 331 00b2 9002     		.2byte	0x290
 332 00b4 21       		.byte	0x21
 333 00b5 92000000 		.4byte	0x92
 334 00b9 06       		.uleb128 0x6
 335 00ba 17020000 		.4byte	.LASF29
 336 00be 01       		.byte	0x1
 337 00bf EC       		.byte	0xec
 338 00c0 07       		.byte	0x7
 339 00c1 6B000000 		.4byte	0x6b
 340 00c5 00000000 		.4byte	.LFB5
 341 00c9 10000000 		.4byte	.LFE5-.LFB5
 342 00cd 01       		.uleb128 0x1
 343 00ce 9C       		.byte	0x9c
 344 00cf E8000000 		.4byte	0xe8
 345 00d3 07       		.uleb128 0x7
 346 00d4 01010000 		.4byte	.LASF16
 347 00d8 01       		.byte	0x1
 348 00d9 EE       		.byte	0xee
 349 00da 08       		.byte	0x8
 350 00db 6B000000 		.4byte	0x6b
 351 00df 02000000 		.4byte	.LLST3
 352 00e3 00000000 		.4byte	.LVUS3
 353 00e7 00       		.byte	0
 354 00e8 08       		.uleb128 0x8
 355 00e9 CE000000 		.4byte	.LASF20
 356 00ed 01       		.byte	0x1
 357 00ee CF       		.byte	0xcf
 358 00ef 06       		.byte	0x6
 359 00f0 00000000 		.4byte	.LFB4
 360 00f4 14000000 		.4byte	.LFE4-.LFB4
 361 00f8 01       		.uleb128 0x1
 362 00f9 9C       		.byte	0x9c
 363 00fa 35010000 		.4byte	0x135
 364 00fe 09       		.uleb128 0x9
 365 00ff 56020000 		.4byte	.LASF22
 366 0103 01       		.byte	0x1
 367 0104 CF       		.byte	0xcf
 368 0105 26       		.byte	0x26
 369 0106 78000000 		.4byte	0x78
 370 010a 01       		.uleb128 0x1
 371 010b 50       		.byte	0x50
 372 010c 0A       		.uleb128 0xa
 373 010d B6000000 		.4byte	.LASF25
 374 0111 01       		.byte	0x1
 375 0112 CF       		.byte	0xcf
 376 0113 37       		.byte	0x37
 377 0114 78000000 		.4byte	0x78
 378 0118 19000000 		.4byte	.LLST1
 379 011c 15000000 		.4byte	.LVUS1
 380 0120 07       		.uleb128 0x7
 381 0121 4E020000 		.4byte	.LASF17
 382 0125 01       		.byte	0x1
 383 0126 D1       		.byte	0xd1
 384 0127 0C       		.byte	0xc
 385 0128 85000000 		.4byte	0x85
 386 012c 3C000000 		.4byte	.LLST2
ARM GAS  C:\Users\EDULU~1.DES\AppData\Local\Temp\cc5CfZqg.s 			page 12


 387 0130 3A000000 		.4byte	.LVUS2
 388 0134 00       		.byte	0
 389 0135 0B       		.uleb128 0xb
 390 0136 E7000000 		.4byte	.LASF18
 391 013a 01       		.byte	0x1
 392 013b A4       		.byte	0xa4
 393 013c 07       		.byte	0x7
 394 013d 6B000000 		.4byte	0x6b
 395 0141 00000000 		.4byte	.LFB3
 396 0145 10000000 		.4byte	.LFE3-.LFB3
 397 0149 01       		.uleb128 0x1
 398 014a 9C       		.byte	0x9c
 399 014b 0B       		.uleb128 0xb
 400 014c 6D020000 		.4byte	.LASF19
 401 0150 01       		.byte	0x1
 402 0151 88       		.byte	0x88
 403 0152 07       		.byte	0x7
 404 0153 6B000000 		.4byte	0x6b
 405 0157 00000000 		.4byte	.LFB2
 406 015b 10000000 		.4byte	.LFE2-.LFB2
 407 015f 01       		.uleb128 0x1
 408 0160 9C       		.byte	0x9c
 409 0161 08       		.uleb128 0x8
 410 0162 5F020000 		.4byte	.LASF21
 411 0166 01       		.byte	0x1
 412 0167 6F       		.byte	0x6f
 413 0168 06       		.byte	0x6
 414 0169 00000000 		.4byte	.LFB1
 415 016d 18000000 		.4byte	.LFE1-.LFB1
 416 0171 01       		.uleb128 0x1
 417 0172 9C       		.byte	0x9c
 418 0173 9A010000 		.4byte	0x19a
 419 0177 09       		.uleb128 0x9
 420 0178 BB000000 		.4byte	.LASF23
 421 017c 01       		.byte	0x1
 422 017d 6F       		.byte	0x6f
 423 017e 1A       		.byte	0x1a
 424 017f 6B000000 		.4byte	0x6b
 425 0183 01       		.uleb128 0x1
 426 0184 50       		.byte	0x50
 427 0185 07       		.uleb128 0x7
 428 0186 00000000 		.4byte	.LASF24
 429 018a 01       		.byte	0x1
 430 018b 71       		.byte	0x71
 431 018c 0B       		.byte	0xb
 432 018d 6B000000 		.4byte	0x6b
 433 0191 53000000 		.4byte	.LLST0
 434 0195 4F000000 		.4byte	.LVUS0
 435 0199 00       		.byte	0
 436 019a 0C       		.uleb128 0xc
 437 019b 38010000 		.4byte	.LASF30
 438 019f 01       		.byte	0x1
 439 01a0 48       		.byte	0x48
 440 01a1 0A       		.byte	0xa
 441 01a2 00000000 		.4byte	.LFB0
 442 01a6 14000000 		.4byte	.LFE0-.LFB0
 443 01aa 01       		.uleb128 0x1
ARM GAS  C:\Users\EDULU~1.DES\AppData\Local\Temp\cc5CfZqg.s 			page 13


 444 01ab 9C       		.byte	0x9c
 445 01ac 09       		.uleb128 0x9
 446 01ad B6000000 		.4byte	.LASF25
 447 01b1 01       		.byte	0x1
 448 01b2 48       		.byte	0x48
 449 01b3 25       		.byte	0x25
 450 01b4 6B000000 		.4byte	0x6b
 451 01b8 01       		.uleb128 0x1
 452 01b9 50       		.byte	0x50
 453 01ba 00       		.byte	0
 454 01bb 00       		.byte	0
 455              		.section	.debug_abbrev,"",%progbits
 456              	.Ldebug_abbrev0:
 457 0000 01       		.uleb128 0x1
 458 0001 11       		.uleb128 0x11
 459 0002 01       		.byte	0x1
 460 0003 25       		.uleb128 0x25
 461 0004 0E       		.uleb128 0xe
 462 0005 13       		.uleb128 0x13
 463 0006 0B       		.uleb128 0xb
 464 0007 03       		.uleb128 0x3
 465 0008 0E       		.uleb128 0xe
 466 0009 1B       		.uleb128 0x1b
 467 000a 0E       		.uleb128 0xe
 468 000b 55       		.uleb128 0x55
 469 000c 17       		.uleb128 0x17
 470 000d 11       		.uleb128 0x11
 471 000e 01       		.uleb128 0x1
 472 000f 10       		.uleb128 0x10
 473 0010 17       		.uleb128 0x17
 474 0011 00       		.byte	0
 475 0012 00       		.byte	0
 476 0013 02       		.uleb128 0x2
 477 0014 24       		.uleb128 0x24
 478 0015 00       		.byte	0
 479 0016 0B       		.uleb128 0xb
 480 0017 0B       		.uleb128 0xb
 481 0018 3E       		.uleb128 0x3e
 482 0019 0B       		.uleb128 0xb
 483 001a 03       		.uleb128 0x3
 484 001b 0E       		.uleb128 0xe
 485 001c 00       		.byte	0
 486 001d 00       		.byte	0
 487 001e 03       		.uleb128 0x3
 488 001f 24       		.uleb128 0x24
 489 0020 00       		.byte	0
 490 0021 0B       		.uleb128 0xb
 491 0022 0B       		.uleb128 0xb
 492 0023 3E       		.uleb128 0x3e
 493 0024 0B       		.uleb128 0xb
 494 0025 03       		.uleb128 0x3
 495 0026 08       		.uleb128 0x8
 496 0027 00       		.byte	0
 497 0028 00       		.byte	0
 498 0029 04       		.uleb128 0x4
 499 002a 16       		.uleb128 0x16
 500 002b 00       		.byte	0
ARM GAS  C:\Users\EDULU~1.DES\AppData\Local\Temp\cc5CfZqg.s 			page 14


 501 002c 03       		.uleb128 0x3
 502 002d 0E       		.uleb128 0xe
 503 002e 3A       		.uleb128 0x3a
 504 002f 0B       		.uleb128 0xb
 505 0030 3B       		.uleb128 0x3b
 506 0031 05       		.uleb128 0x5
 507 0032 39       		.uleb128 0x39
 508 0033 0B       		.uleb128 0xb
 509 0034 49       		.uleb128 0x49
 510 0035 13       		.uleb128 0x13
 511 0036 00       		.byte	0
 512 0037 00       		.byte	0
 513 0038 05       		.uleb128 0x5
 514 0039 35       		.uleb128 0x35
 515 003a 00       		.byte	0
 516 003b 49       		.uleb128 0x49
 517 003c 13       		.uleb128 0x13
 518 003d 00       		.byte	0
 519 003e 00       		.byte	0
 520 003f 06       		.uleb128 0x6
 521 0040 2E       		.uleb128 0x2e
 522 0041 01       		.byte	0x1
 523 0042 3F       		.uleb128 0x3f
 524 0043 19       		.uleb128 0x19
 525 0044 03       		.uleb128 0x3
 526 0045 0E       		.uleb128 0xe
 527 0046 3A       		.uleb128 0x3a
 528 0047 0B       		.uleb128 0xb
 529 0048 3B       		.uleb128 0x3b
 530 0049 0B       		.uleb128 0xb
 531 004a 39       		.uleb128 0x39
 532 004b 0B       		.uleb128 0xb
 533 004c 27       		.uleb128 0x27
 534 004d 19       		.uleb128 0x19
 535 004e 49       		.uleb128 0x49
 536 004f 13       		.uleb128 0x13
 537 0050 11       		.uleb128 0x11
 538 0051 01       		.uleb128 0x1
 539 0052 12       		.uleb128 0x12
 540 0053 06       		.uleb128 0x6
 541 0054 40       		.uleb128 0x40
 542 0055 18       		.uleb128 0x18
 543 0056 9742     		.uleb128 0x2117
 544 0058 19       		.uleb128 0x19
 545 0059 01       		.uleb128 0x1
 546 005a 13       		.uleb128 0x13
 547 005b 00       		.byte	0
 548 005c 00       		.byte	0
 549 005d 07       		.uleb128 0x7
 550 005e 34       		.uleb128 0x34
 551 005f 00       		.byte	0
 552 0060 03       		.uleb128 0x3
 553 0061 0E       		.uleb128 0xe
 554 0062 3A       		.uleb128 0x3a
 555 0063 0B       		.uleb128 0xb
 556 0064 3B       		.uleb128 0x3b
 557 0065 0B       		.uleb128 0xb
ARM GAS  C:\Users\EDULU~1.DES\AppData\Local\Temp\cc5CfZqg.s 			page 15


 558 0066 39       		.uleb128 0x39
 559 0067 0B       		.uleb128 0xb
 560 0068 49       		.uleb128 0x49
 561 0069 13       		.uleb128 0x13
 562 006a 02       		.uleb128 0x2
 563 006b 17       		.uleb128 0x17
 564 006c B742     		.uleb128 0x2137
 565 006e 17       		.uleb128 0x17
 566 006f 00       		.byte	0
 567 0070 00       		.byte	0
 568 0071 08       		.uleb128 0x8
 569 0072 2E       		.uleb128 0x2e
 570 0073 01       		.byte	0x1
 571 0074 3F       		.uleb128 0x3f
 572 0075 19       		.uleb128 0x19
 573 0076 03       		.uleb128 0x3
 574 0077 0E       		.uleb128 0xe
 575 0078 3A       		.uleb128 0x3a
 576 0079 0B       		.uleb128 0xb
 577 007a 3B       		.uleb128 0x3b
 578 007b 0B       		.uleb128 0xb
 579 007c 39       		.uleb128 0x39
 580 007d 0B       		.uleb128 0xb
 581 007e 27       		.uleb128 0x27
 582 007f 19       		.uleb128 0x19
 583 0080 11       		.uleb128 0x11
 584 0081 01       		.uleb128 0x1
 585 0082 12       		.uleb128 0x12
 586 0083 06       		.uleb128 0x6
 587 0084 40       		.uleb128 0x40
 588 0085 18       		.uleb128 0x18
 589 0086 9742     		.uleb128 0x2117
 590 0088 19       		.uleb128 0x19
 591 0089 01       		.uleb128 0x1
 592 008a 13       		.uleb128 0x13
 593 008b 00       		.byte	0
 594 008c 00       		.byte	0
 595 008d 09       		.uleb128 0x9
 596 008e 05       		.uleb128 0x5
 597 008f 00       		.byte	0
 598 0090 03       		.uleb128 0x3
 599 0091 0E       		.uleb128 0xe
 600 0092 3A       		.uleb128 0x3a
 601 0093 0B       		.uleb128 0xb
 602 0094 3B       		.uleb128 0x3b
 603 0095 0B       		.uleb128 0xb
 604 0096 39       		.uleb128 0x39
 605 0097 0B       		.uleb128 0xb
 606 0098 49       		.uleb128 0x49
 607 0099 13       		.uleb128 0x13
 608 009a 02       		.uleb128 0x2
 609 009b 18       		.uleb128 0x18
 610 009c 00       		.byte	0
 611 009d 00       		.byte	0
 612 009e 0A       		.uleb128 0xa
 613 009f 05       		.uleb128 0x5
 614 00a0 00       		.byte	0
ARM GAS  C:\Users\EDULU~1.DES\AppData\Local\Temp\cc5CfZqg.s 			page 16


 615 00a1 03       		.uleb128 0x3
 616 00a2 0E       		.uleb128 0xe
 617 00a3 3A       		.uleb128 0x3a
 618 00a4 0B       		.uleb128 0xb
 619 00a5 3B       		.uleb128 0x3b
 620 00a6 0B       		.uleb128 0xb
 621 00a7 39       		.uleb128 0x39
 622 00a8 0B       		.uleb128 0xb
 623 00a9 49       		.uleb128 0x49
 624 00aa 13       		.uleb128 0x13
 625 00ab 02       		.uleb128 0x2
 626 00ac 17       		.uleb128 0x17
 627 00ad B742     		.uleb128 0x2137
 628 00af 17       		.uleb128 0x17
 629 00b0 00       		.byte	0
 630 00b1 00       		.byte	0
 631 00b2 0B       		.uleb128 0xb
 632 00b3 2E       		.uleb128 0x2e
 633 00b4 00       		.byte	0
 634 00b5 3F       		.uleb128 0x3f
 635 00b6 19       		.uleb128 0x19
 636 00b7 03       		.uleb128 0x3
 637 00b8 0E       		.uleb128 0xe
 638 00b9 3A       		.uleb128 0x3a
 639 00ba 0B       		.uleb128 0xb
 640 00bb 3B       		.uleb128 0x3b
 641 00bc 0B       		.uleb128 0xb
 642 00bd 39       		.uleb128 0x39
 643 00be 0B       		.uleb128 0xb
 644 00bf 27       		.uleb128 0x27
 645 00c0 19       		.uleb128 0x19
 646 00c1 49       		.uleb128 0x49
 647 00c2 13       		.uleb128 0x13
 648 00c3 11       		.uleb128 0x11
 649 00c4 01       		.uleb128 0x1
 650 00c5 12       		.uleb128 0x12
 651 00c6 06       		.uleb128 0x6
 652 00c7 40       		.uleb128 0x40
 653 00c8 18       		.uleb128 0x18
 654 00c9 9742     		.uleb128 0x2117
 655 00cb 19       		.uleb128 0x19
 656 00cc 00       		.byte	0
 657 00cd 00       		.byte	0
 658 00ce 0C       		.uleb128 0xc
 659 00cf 2E       		.uleb128 0x2e
 660 00d0 01       		.byte	0x1
 661 00d1 3F       		.uleb128 0x3f
 662 00d2 19       		.uleb128 0x19
 663 00d3 03       		.uleb128 0x3
 664 00d4 0E       		.uleb128 0xe
 665 00d5 3A       		.uleb128 0x3a
 666 00d6 0B       		.uleb128 0xb
 667 00d7 3B       		.uleb128 0x3b
 668 00d8 0B       		.uleb128 0xb
 669 00d9 39       		.uleb128 0x39
 670 00da 0B       		.uleb128 0xb
 671 00db 27       		.uleb128 0x27
ARM GAS  C:\Users\EDULU~1.DES\AppData\Local\Temp\cc5CfZqg.s 			page 17


 672 00dc 19       		.uleb128 0x19
 673 00dd 11       		.uleb128 0x11
 674 00de 01       		.uleb128 0x1
 675 00df 12       		.uleb128 0x12
 676 00e0 06       		.uleb128 0x6
 677 00e1 40       		.uleb128 0x40
 678 00e2 18       		.uleb128 0x18
 679 00e3 9742     		.uleb128 0x2117
 680 00e5 19       		.uleb128 0x19
 681 00e6 00       		.byte	0
 682 00e7 00       		.byte	0
 683 00e8 00       		.byte	0
 684              		.section	.debug_loc,"",%progbits
 685              	.Ldebug_loc0:
 686              	.LVUS3:
 687 0000 00       		.uleb128 .LVU39
 688 0001 00       		.uleb128 0
 689              	.LLST3:
 690 0002 08000000 		.4byte	.LVL7
 691 0006 10000000 		.4byte	.LFE5
 692 000a 0100     		.2byte	0x1
 693 000c 50       		.byte	0x50
 694 000d 00000000 		.4byte	0
 695 0011 00000000 		.4byte	0
 696              	.LVUS1:
 697 0015 00       		.uleb128 0
 698 0016 00       		.uleb128 .LVU32
 699 0017 00       		.uleb128 .LVU32
 700 0018 00       		.uleb128 0
 701              	.LLST1:
 702 0019 00000000 		.4byte	.LVL4
 703 001d 08000000 		.4byte	.LVL6
 704 0021 0100     		.2byte	0x1
 705 0023 51       		.byte	0x51
 706 0024 08000000 		.4byte	.LVL6
 707 0028 14000000 		.4byte	.LFE4
 708 002c 0400     		.2byte	0x4
 709 002e F3       		.byte	0xf3
 710 002f 01       		.uleb128 0x1
 711 0030 51       		.byte	0x51
 712 0031 9F       		.byte	0x9f
 713 0032 00000000 		.4byte	0
 714 0036 00000000 		.4byte	0
 715              	.LVUS2:
 716 003a 00       		.uleb128 .LVU30
 717 003b 00       		.uleb128 0
 718              	.LLST2:
 719 003c 06000000 		.4byte	.LVL5
 720 0040 14000000 		.4byte	.LFE4
 721 0044 0100     		.2byte	0x1
 722 0046 53       		.byte	0x53
 723 0047 00000000 		.4byte	0
 724 004b 00000000 		.4byte	0
 725              	.LVUS0:
 726 004f 00       		.uleb128 .LVU9
 727 0050 00       		.uleb128 .LVU12
 728 0051 00       		.uleb128 .LVU12
ARM GAS  C:\Users\EDULU~1.DES\AppData\Local\Temp\cc5CfZqg.s 			page 18


 729 0052 00       		.uleb128 0
 730              	.LLST0:
 731 0053 0A000000 		.4byte	.LVL2
 732 0057 0E000000 		.4byte	.LVL3
 733 005b 0100     		.2byte	0x1
 734 005d 52       		.byte	0x52
 735 005e 0E000000 		.4byte	.LVL3
 736 0062 18000000 		.4byte	.LFE1
 737 0066 0100     		.2byte	0x1
 738 0068 53       		.byte	0x53
 739 0069 00000000 		.4byte	0
 740 006d 00000000 		.4byte	0
 741              		.section	.debug_aranges,"",%progbits
 742 0000 44000000 		.4byte	0x44
 743 0004 0200     		.2byte	0x2
 744 0006 00000000 		.4byte	.Ldebug_info0
 745 000a 04       		.byte	0x4
 746 000b 00       		.byte	0
 747 000c 0000     		.2byte	0
 748 000e 0000     		.2byte	0
 749 0010 00000000 		.4byte	.LFB0
 750 0014 14000000 		.4byte	.LFE0-.LFB0
 751 0018 00000000 		.4byte	.LFB1
 752 001c 18000000 		.4byte	.LFE1-.LFB1
 753 0020 00000000 		.4byte	.LFB2
 754 0024 10000000 		.4byte	.LFE2-.LFB2
 755 0028 00000000 		.4byte	.LFB3
 756 002c 10000000 		.4byte	.LFE3-.LFB3
 757 0030 00000000 		.4byte	.LFB4
 758 0034 14000000 		.4byte	.LFE4-.LFB4
 759 0038 00000000 		.4byte	.LFB5
 760 003c 10000000 		.4byte	.LFE5-.LFB5
 761 0040 00000000 		.4byte	0
 762 0044 00000000 		.4byte	0
 763              		.section	.debug_ranges,"",%progbits
 764              	.Ldebug_ranges0:
 765 0000 00000000 		.4byte	.LFB0
 766 0004 14000000 		.4byte	.LFE0
 767 0008 00000000 		.4byte	.LFB1
 768 000c 18000000 		.4byte	.LFE1
 769 0010 00000000 		.4byte	.LFB2
 770 0014 10000000 		.4byte	.LFE2
 771 0018 00000000 		.4byte	.LFB3
 772 001c 10000000 		.4byte	.LFE3
 773 0020 00000000 		.4byte	.LFB4
 774 0024 14000000 		.4byte	.LFE4
 775 0028 00000000 		.4byte	.LFB5
 776 002c 10000000 		.4byte	.LFE5
 777 0030 00000000 		.4byte	0
 778 0034 00000000 		.4byte	0
 779              		.section	.debug_line,"",%progbits
 780              	.Ldebug_line0:
 781 0000 31010000 		.section	.debug_str,"MS",%progbits,1
 781      03004400 
 781      00000201 
 781      FB0E0D00 
 781      01010101 
ARM GAS  C:\Users\EDULU~1.DES\AppData\Local\Temp\cc5CfZqg.s 			page 19


 782              	.LASF24:
 783 0000 64725661 		.ascii	"drVal\000"
 783      6C00
 784              	.LASF2:
 785 0006 73686F72 		.ascii	"short int\000"
 785      7420696E 
 785      7400
 786              	.LASF26:
 787 0010 474E5520 		.ascii	"GNU C17 8.2.1 20181213 (release) [gcc-8-branch revi"
 787      43313720 
 787      382E322E 
 787      31203230 
 787      31383132 
 788 0043 73696F6E 		.ascii	"sion 267074] -mcpu=cortex-m0 -mthumb -mfloat-abi=so"
 788      20323637 
 788      3037345D 
 788      202D6D63 
 788      70753D63 
 789 0076 6674202D 		.ascii	"ft -march=armv6s-m -g -Og -ffunction-sections -ffat"
 789      6D617263 
 789      683D6172 
 789      6D763673 
 789      2D6D202D 
 790 00a9 2D6C746F 		.ascii	"-lto-objects\000"
 790      2D6F626A 
 790      65637473 
 790      00
 791              	.LASF25:
 792 00b6 6D6F6465 		.ascii	"mode\000"
 792      00
 793              	.LASF23:
 794 00bb 76616C75 		.ascii	"value\000"
 794      6500
 795              	.LASF10:
 796 00c1 75696E74 		.ascii	"uint16\000"
 796      313600
 797              	.LASF9:
 798 00c8 75696E74 		.ascii	"uint8\000"
 798      3800
 799              	.LASF20:
 800 00ce 4932435F 		.ascii	"I2C_scl_SetInterruptMode\000"
 800      73636C5F 
 800      53657449 
 800      6E746572 
 800      72757074 
 801              	.LASF18:
 802 00e7 4932435F 		.ascii	"I2C_scl_ReadDataReg\000"
 802      73636C5F 
 802      52656164 
 802      44617461 
 802      52656700 
 803              	.LASF12:
 804 00fb 666C6F61 		.ascii	"float\000"
 804      7400
 805              	.LASF16:
 806 0101 6D61736B 		.ascii	"maskedStatus\000"
 806      65645374 
ARM GAS  C:\Users\EDULU~1.DES\AppData\Local\Temp\cc5CfZqg.s 			page 20


 806      61747573 
 806      00
 807              	.LASF27:
 808 010e 47656E65 		.ascii	"Generated_Source\\PSoC4\\I2C_scl.c\000"
 808      72617465 
 808      645F536F 
 808      75726365 
 808      5C50536F 
 809              	.LASF4:
 810 012f 6C6F6E67 		.ascii	"long int\000"
 810      20696E74 
 810      00
 811              	.LASF30:
 812 0138 4932435F 		.ascii	"I2C_scl_SetDriveMode\000"
 812      73636C5F 
 812      53657444 
 812      72697665 
 812      4D6F6465 
 813              	.LASF1:
 814 014d 756E7369 		.ascii	"unsigned char\000"
 814      676E6564 
 814      20636861 
 814      7200
 815              	.LASF0:
 816 015b 7369676E 		.ascii	"signed char\000"
 816      65642063 
 816      68617200 
 817              	.LASF7:
 818 0167 6C6F6E67 		.ascii	"long long unsigned int\000"
 818      206C6F6E 
 818      6720756E 
 818      7369676E 
 818      65642069 
 819              	.LASF8:
 820 017e 756E7369 		.ascii	"unsigned int\000"
 820      676E6564 
 820      20696E74 
 820      00
 821              	.LASF15:
 822 018b 72656733 		.ascii	"reg32\000"
 822      3200
 823              	.LASF3:
 824 0191 73686F72 		.ascii	"short unsigned int\000"
 824      7420756E 
 824      7369676E 
 824      65642069 
 824      6E7400
 825              	.LASF14:
 826 01a4 63686172 		.ascii	"char\000"
 826      00
 827              	.LASF28:
 828 01a9 433A5C55 		.ascii	"C:\\Users\\edulu.DESKTOP-961TG4K\\Documents\\PSoC C"
 828      73657273 
 828      5C656475 
 828      6C752E44 
 828      45534B54 
 829 01d8 72656174 		.ascii	"reator\\Micrium\\Examples\\Cypress\\CY8CKIT-044\\OS"
ARM GAS  C:\Users\EDULU~1.DES\AppData\Local\Temp\cc5CfZqg.s 			page 21


 829      6F725C4D 
 829      69637269 
 829      756D5C45 
 829      78616D70 
 830 0206 325C5053 		.ascii	"2\\PSoC\\OS2.cydsn\000"
 830      6F435C4F 
 830      53322E63 
 830      7964736E 
 830      00
 831              	.LASF29:
 832 0217 4932435F 		.ascii	"I2C_scl_ClearInterrupt\000"
 832      73636C5F 
 832      436C6561 
 832      72496E74 
 832      65727275 
 833              	.LASF11:
 834 022e 75696E74 		.ascii	"uint32\000"
 834      333200
 835              	.LASF5:
 836 0235 6C6F6E67 		.ascii	"long unsigned int\000"
 836      20756E73 
 836      69676E65 
 836      6420696E 
 836      7400
 837              	.LASF13:
 838 0247 646F7562 		.ascii	"double\000"
 838      6C6500
 839              	.LASF17:
 840 024e 696E7472 		.ascii	"intrCfg\000"
 840      43666700 
 841              	.LASF22:
 842 0256 706F7369 		.ascii	"position\000"
 842      74696F6E 
 842      00
 843              	.LASF21:
 844 025f 4932435F 		.ascii	"I2C_scl_Write\000"
 844      73636C5F 
 844      57726974 
 844      6500
 845              	.LASF19:
 846 026d 4932435F 		.ascii	"I2C_scl_Read\000"
 846      73636C5F 
 846      52656164 
 846      00
 847              	.LASF6:
 848 027a 6C6F6E67 		.ascii	"long long int\000"
 848      206C6F6E 
 848      6720696E 
 848      7400
 849              		.ident	"GCC: (GNU Tools for Arm Embedded Processors 8-2018-q4-major) 8.2.1 20181213 (release) [gcc
