ARM GAS  C:\Users\alex\AppData\Local\Temp\cc6w3KqT.s 			page 1


   1              		.syntax unified
   2              		.cpu cortex-m3
   3              		.fpu softvfp
   4              		.eabi_attribute 20, 1
   5              		.eabi_attribute 21, 1
   6              		.eabi_attribute 23, 3
   7              		.eabi_attribute 24, 1
   8              		.eabi_attribute 25, 1
   9              		.eabi_attribute 26, 1
  10              		.eabi_attribute 30, 6
  11              		.eabi_attribute 34, 1
  12              		.eabi_attribute 18, 4
  13              		.thumb
  14              		.syntax unified
  15              		.file	"cymetadata.c"
  16              		.text
  17              	.Ltext0:
  18              		.cfi_sections	.debug_frame
  19              		.global	cy_meta_configecc
  20              		.section	.cyconfigecc,"a",%progbits
  21              		.align	2
  22              		.type	cy_meta_configecc, %object
  23              		.size	cy_meta_configecc, 2284
  24              	cy_meta_configecc:
  25 0000 05       		.byte	5
  26 0001 45       		.byte	69
  27 0002 00       		.byte	0
  28 0003 40       		.byte	64
  29 0004 08       		.byte	8
  30 0005 52       		.byte	82
  31 0006 00       		.byte	0
  32 0007 40       		.byte	64
  33 0008 01       		.byte	1
  34 0009 5B       		.byte	91
  35 000a 00       		.byte	0
  36 000b 40       		.byte	64
  37 000c 02       		.byte	2
  38 000d 64       		.byte	100
  39 000e 00       		.byte	0
  40 000f 40       		.byte	64
  41 0010 02       		.byte	2
  42 0011 65       		.byte	101
  43 0012 00       		.byte	0
  44 0013 40       		.byte	64
  45 0014 39       		.byte	57
  46 0015 00       		.byte	0
  47 0016 01       		.byte	1
  48 0017 40       		.byte	64
  49 0018 31       		.byte	49
  50 0019 01       		.byte	1
  51 001a 01       		.byte	1
  52 001b 40       		.byte	64
  53 001c 36       		.byte	54
  54 001d 02       		.byte	2
  55 001e 01       		.byte	1
  56 001f 40       		.byte	64
  57 0020 37       		.byte	55
ARM GAS  C:\Users\alex\AppData\Local\Temp\cc6w3KqT.s 			page 2


  58 0021 03       		.byte	3
  59 0022 01       		.byte	1
  60 0023 40       		.byte	64
  61 0024 16       		.byte	22
  62 0025 04       		.byte	4
  63 0026 01       		.byte	1
  64 0027 40       		.byte	64
  65 0028 42       		.byte	66
  66 0029 05       		.byte	5
  67 002a 01       		.byte	1
  68 002b 40       		.byte	64
  69 002c 37       		.byte	55
  70 002d 06       		.byte	6
  71 002e 01       		.byte	1
  72 002f 40       		.byte	64
  73 0030 46       		.byte	70
  74 0031 07       		.byte	7
  75 0032 01       		.byte	1
  76 0033 40       		.byte	64
  77 0034 05       		.byte	5
  78 0035 09       		.byte	9
  79 0036 01       		.byte	1
  80 0037 40       		.byte	64
  81 0038 05       		.byte	5
  82 0039 0B       		.byte	11
  83 003a 01       		.byte	1
  84 003b 40       		.byte	64
  85 003c 03       		.byte	3
  86 003d 0D       		.byte	13
  87 003e 01       		.byte	1
  88 003f 40       		.byte	64
  89 0040 09       		.byte	9
  90 0041 14       		.byte	20
  91 0042 01       		.byte	1
  92 0043 40       		.byte	64
  93 0044 3A       		.byte	58
  94 0045 15       		.byte	21
  95 0046 01       		.byte	1
  96 0047 40       		.byte	64
  97 0048 20       		.byte	32
  98 0049 16       		.byte	22
  99 004a 01       		.byte	1
 100 004b 40       		.byte	64
 101 004c 4B       		.byte	75
 102 004d 17       		.byte	23
 103 004e 01       		.byte	1
 104 004f 40       		.byte	64
 105 0050 4D       		.byte	77
 106 0051 18       		.byte	24
 107 0052 01       		.byte	1
 108 0053 40       		.byte	64
 109 0054 4B       		.byte	75
 110 0055 19       		.byte	25
 111 0056 01       		.byte	1
 112 0057 40       		.byte	64
 113 0058 42       		.byte	66
 114 0059 1A       		.byte	26
ARM GAS  C:\Users\alex\AppData\Local\Temp\cc6w3KqT.s 			page 3


 115 005a 01       		.byte	1
 116 005b 40       		.byte	64
 117 005c 54       		.byte	84
 118 005d 1B       		.byte	27
 119 005e 01       		.byte	1
 120 005f 40       		.byte	64
 121 0060 0F       		.byte	15
 122 0061 40       		.byte	64
 123 0062 01       		.byte	1
 124 0063 40       		.byte	64
 125 0064 0C       		.byte	12
 126 0065 41       		.byte	65
 127 0066 01       		.byte	1
 128 0067 40       		.byte	64
 129 0068 05       		.byte	5
 130 0069 42       		.byte	66
 131 006a 01       		.byte	1
 132 006b 40       		.byte	64
 133 006c 06       		.byte	6
 134 006d 43       		.byte	67
 135 006e 01       		.byte	1
 136 006f 40       		.byte	64
 137 0070 02       		.byte	2
 138 0071 45       		.byte	69
 139 0072 01       		.byte	1
 140 0073 40       		.byte	64
 141 0074 07       		.byte	7
 142 0075 46       		.byte	70
 143 0076 01       		.byte	1
 144 0077 40       		.byte	64
 145 0078 04       		.byte	4
 146 0079 47       		.byte	71
 147 007a 01       		.byte	1
 148 007b 40       		.byte	64
 149 007c 07       		.byte	7
 150 007d 48       		.byte	72
 151 007e 01       		.byte	1
 152 007f 40       		.byte	64
 153 0080 09       		.byte	9
 154 0081 49       		.byte	73
 155 0082 01       		.byte	1
 156 0083 40       		.byte	64
 157 0084 08       		.byte	8
 158 0085 4C       		.byte	76
 159 0086 01       		.byte	1
 160 0087 40       		.byte	64
 161 0088 05       		.byte	5
 162 0089 4D       		.byte	77
 163 008a 01       		.byte	1
 164 008b 40       		.byte	64
 165 008c 09       		.byte	9
 166 008d 50       		.byte	80
 167 008e 01       		.byte	1
 168 008f 40       		.byte	64
 169 0090 02       		.byte	2
 170 0091 51       		.byte	81
 171 0092 01       		.byte	1
ARM GAS  C:\Users\alex\AppData\Local\Temp\cc6w3KqT.s 			page 4


 172 0093 40       		.byte	64
 173 0094 0A       		.byte	10
 174 0095 02       		.byte	2
 175 0096 17       		.byte	23
 176 0097 01       		.byte	1
 177 0098 1B       		.byte	27
 178 0099 03       		.byte	3
 179 009a 20       		.byte	32
 180 009b 01       		.byte	1
 181 009c 28       		.byte	40
 182 009d 01       		.byte	1
 183 009e 00       		.byte	0
 184 009f C0       		.byte	-64
 185 00a0 01       		.byte	1
 186 00a1 40       		.byte	64
 187 00a2 08       		.byte	8
 188 00a3 60       		.byte	96
 189 00a4 09       		.byte	9
 190 00a5 20       		.byte	32
 191 00a6 20       		.byte	32
 192 00a7 40       		.byte	64
 193 00a8 21       		.byte	33
 194 00a9 40       		.byte	64
 195 00aa 34       		.byte	52
 196 00ab 04       		.byte	4
 197 00ac 7C       		.byte	124
 198 00ad 20       		.byte	32
 199 00ae 27       		.byte	39
 200 00af 84       		.byte	-124
 201 00b0 80       		.byte	-128
 202 00b1 0F       		.byte	15
 203 00b2 84       		.byte	-124
 204 00b3 01       		.byte	1
 205 00b4 87       		.byte	-121
 206 00b5 72       		.byte	114
 207 00b6 8A       		.byte	-118
 208 00b7 38       		.byte	56
 209 00b8 00       		.byte	0
 210 00b9 60       		.byte	96
 211 00ba 02       		.byte	2
 212 00bb 18       		.byte	24
 213 00bc 04       		.byte	4
 214 00bd 38       		.byte	56
 215 00be 05       		.byte	5
 216 00bf 03       		.byte	3
 217 00c0 06       		.byte	6
 218 00c1 44       		.byte	68
 219 00c2 07       		.byte	7
 220 00c3 04       		.byte	4
 221 00c4 09       		.byte	9
 222 00c5 03       		.byte	3
 223 00c6 0A       		.byte	10
 224 00c7 06       		.byte	6
 225 00c8 0B       		.byte	11
 226 00c9 04       		.byte	4
 227 00ca 0C       		.byte	12
 228 00cb 20       		.byte	32
ARM GAS  C:\Users\alex\AppData\Local\Temp\cc6w3KqT.s 			page 5


 229 00cc 10       		.byte	16
 230 00cd 01       		.byte	1
 231 00ce 13       		.byte	19
 232 00cf 08       		.byte	8
 233 00d0 1A       		.byte	26
 234 00d1 40       		.byte	64
 235 00d2 1C       		.byte	28
 236 00d3 12       		.byte	18
 237 00d4 1D       		.byte	29
 238 00d5 03       		.byte	3
 239 00d6 1E       		.byte	30
 240 00d7 20       		.byte	32
 241 00d8 1F       		.byte	31
 242 00d9 0C       		.byte	12
 243 00da 20       		.byte	32
 244 00db 28       		.byte	40
 245 00dc 25       		.byte	37
 246 00dd 0A       		.byte	10
 247 00de 26       		.byte	38
 248 00df 40       		.byte	64
 249 00e0 27       		.byte	39
 250 00e1 04       		.byte	4
 251 00e2 28       		.byte	40
 252 00e3 58       		.byte	88
 253 00e4 2A       		.byte	42
 254 00e5 22       		.byte	34
 255 00e6 2B       		.byte	43
 256 00e7 05       		.byte	5
 257 00e8 30       		.byte	48
 258 00e9 40       		.byte	64
 259 00ea 32       		.byte	50
 260 00eb 01       		.byte	1
 261 00ec 34       		.byte	52
 262 00ed 3E       		.byte	62
 263 00ee 37       		.byte	55
 264 00ef 0F       		.byte	15
 265 00f0 3B       		.byte	59
 266 00f1 80       		.byte	-128
 267 00f2 3E       		.byte	62
 268 00f3 05       		.byte	5
 269 00f4 40       		.byte	64
 270 00f5 53       		.byte	83
 271 00f6 41       		.byte	65
 272 00f7 06       		.byte	6
 273 00f8 45       		.byte	69
 274 00f9 0C       		.byte	12
 275 00fa 46       		.byte	70
 276 00fb 0B       		.byte	11
 277 00fc 47       		.byte	71
 278 00fd E0       		.byte	-32
 279 00fe 48       		.byte	72
 280 00ff 25       		.byte	37
 281 0100 49       		.byte	73
 282 0101 FF       		.byte	-1
 283 0102 4A       		.byte	74
 284 0103 FF       		.byte	-1
 285 0104 4B       		.byte	75
ARM GAS  C:\Users\alex\AppData\Local\Temp\cc6w3KqT.s 			page 6


 286 0105 FF       		.byte	-1
 287 0106 4E       		.byte	78
 288 0107 F0       		.byte	-16
 289 0108 4F       		.byte	79
 290 0109 44       		.byte	68
 291 010a 50       		.byte	80
 292 010b 0C       		.byte	12
 293 010c 54       		.byte	84
 294 010d 01       		.byte	1
 295 010e 56       		.byte	86
 296 010f 04       		.byte	4
 297 0110 58       		.byte	88
 298 0111 04       		.byte	4
 299 0112 59       		.byte	89
 300 0113 04       		.byte	4
 301 0114 5A       		.byte	90
 302 0115 04       		.byte	4
 303 0116 5B       		.byte	91
 304 0117 04       		.byte	4
 305 0118 5C       		.byte	92
 306 0119 11       		.byte	17
 307 011a 5D       		.byte	93
 308 011b 11       		.byte	17
 309 011c 5F       		.byte	95
 310 011d 01       		.byte	1
 311 011e 66       		.byte	102
 312 011f C0       		.byte	-64
 313 0120 6A       		.byte	106
 314 0121 40       		.byte	64
 315 0122 6B       		.byte	107
 316 0123 02       		.byte	2
 317 0124 D8       		.byte	-40
 318 0125 04       		.byte	4
 319 0126 D9       		.byte	-39
 320 0127 04       		.byte	4
 321 0128 DF       		.byte	-33
 322 0129 01       		.byte	1
 323 012a 01       		.byte	1
 324 012b 20       		.byte	32
 325 012c 02       		.byte	2
 326 012d 80       		.byte	-128
 327 012e 03       		.byte	3
 328 012f 22       		.byte	34
 329 0130 04       		.byte	4
 330 0131 04       		.byte	4
 331 0132 08       		.byte	8
 332 0133 22       		.byte	34
 333 0134 09       		.byte	9
 334 0135 02       		.byte	2
 335 0136 0A       		.byte	10
 336 0137 02       		.byte	2
 337 0138 0E       		.byte	14
 338 0139 A0       		.byte	-96
 339 013a 0F       		.byte	15
 340 013b 01       		.byte	1
 341 013c 10       		.byte	16
 342 013d B0       		.byte	-80
ARM GAS  C:\Users\alex\AppData\Local\Temp\cc6w3KqT.s 			page 7


 343 013e 13       		.byte	19
 344 013f 10       		.byte	16
 345 0140 15       		.byte	21
 346 0141 11       		.byte	17
 347 0142 17       		.byte	23
 348 0143 80       		.byte	-128
 349 0144 19       		.byte	25
 350 0145 24       		.byte	36
 351 0146 1A       		.byte	26
 352 0147 40       		.byte	64
 353 0148 20       		.byte	32
 354 0149 02       		.byte	2
 355 014a 22       		.byte	34
 356 014b 80       		.byte	-128
 357 014c 2A       		.byte	42
 358 014d 20       		.byte	32
 359 014e 2B       		.byte	43
 360 014f 20       		.byte	32
 361 0150 2D       		.byte	45
 362 0151 01       		.byte	1
 363 0152 2F       		.byte	47
 364 0153 80       		.byte	-128
 365 0154 32       		.byte	50
 366 0155 81       		.byte	-127
 367 0156 36       		.byte	54
 368 0157 10       		.byte	16
 369 0158 37       		.byte	55
 370 0159 A0       		.byte	-96
 371 015a 3B       		.byte	59
 372 015b 14       		.byte	20
 373 015c 3C       		.byte	60
 374 015d 84       		.byte	-124
 375 015e 3D       		.byte	61
 376 015f 30       		.byte	48
 377 0160 3F       		.byte	63
 378 0161 01       		.byte	1
 379 0162 40       		.byte	64
 380 0163 20       		.byte	32
 381 0164 42       		.byte	66
 382 0165 20       		.byte	32
 383 0166 48       		.byte	72
 384 0167 21       		.byte	33
 385 0168 4B       		.byte	75
 386 0169 14       		.byte	20
 387 016a 50       		.byte	80
 388 016b 80       		.byte	-128
 389 016c 51       		.byte	81
 390 016d 02       		.byte	2
 391 016e 58       		.byte	88
 392 016f 12       		.byte	18
 393 0170 59       		.byte	89
 394 0171 04       		.byte	4
 395 0172 5A       		.byte	90
 396 0173 40       		.byte	64
 397 0174 62       		.byte	98
 398 0175 02       		.byte	2
 399 0176 82       		.byte	-126
ARM GAS  C:\Users\alex\AppData\Local\Temp\cc6w3KqT.s 			page 8


 400 0177 02       		.byte	2
 401 0178 C0       		.byte	-64
 402 0179 2F       		.byte	47
 403 017a C2       		.byte	-62
 404 017b BB       		.byte	-69
 405 017c C4       		.byte	-60
 406 017d DE       		.byte	-34
 407 017e CA       		.byte	-54
 408 017f 86       		.byte	-122
 409 0180 CC       		.byte	-52
 410 0181 39       		.byte	57
 411 0182 CE       		.byte	-50
 412 0183 F6       		.byte	-10
 413 0184 D0       		.byte	-48
 414 0185 02       		.byte	2
 415 0186 D2       		.byte	-46
 416 0187 0C       		.byte	12
 417 0188 D6       		.byte	-42
 418 0189 0F       		.byte	15
 419 018a D8       		.byte	-40
 420 018b 01       		.byte	1
 421 018c 01       		.byte	1
 422 018d 03       		.byte	3
 423 018e 05       		.byte	5
 424 018f 01       		.byte	1
 425 0190 07       		.byte	7
 426 0191 02       		.byte	2
 427 0192 09       		.byte	9
 428 0193 03       		.byte	3
 429 0194 0D       		.byte	13
 430 0195 03       		.byte	3
 431 0196 19       		.byte	25
 432 0197 03       		.byte	3
 433 0198 1F       		.byte	31
 434 0199 03       		.byte	3
 435 019a 21       		.byte	33
 436 019b 03       		.byte	3
 437 019c 33       		.byte	51
 438 019d 01       		.byte	1
 439 019e 35       		.byte	53
 440 019f 02       		.byte	2
 441 01a0 58       		.byte	88
 442 01a1 04       		.byte	4
 443 01a2 59       		.byte	89
 444 01a3 04       		.byte	4
 445 01a4 5F       		.byte	95
 446 01a5 01       		.byte	1
 447 01a6 84       		.byte	-124
 448 01a7 18       		.byte	24
 449 01a8 85       		.byte	-123
 450 01a9 01       		.byte	1
 451 01aa 86       		.byte	-122
 452 01ab 06       		.byte	6
 453 01ac 87       		.byte	-121
 454 01ad 0C       		.byte	12
 455 01ae 89       		.byte	-119
 456 01af 20       		.byte	32
ARM GAS  C:\Users\alex\AppData\Local\Temp\cc6w3KqT.s 			page 9


 457 01b0 8E       		.byte	-114
 458 01b1 10       		.byte	16
 459 01b2 93       		.byte	-109
 460 01b3 18       		.byte	24
 461 01b4 94       		.byte	-108
 462 01b5 02       		.byte	2
 463 01b6 95       		.byte	-107
 464 01b7 20       		.byte	32
 465 01b8 96       		.byte	-106
 466 01b9 1C       		.byte	28
 467 01ba 99       		.byte	-103
 468 01bb 18       		.byte	24
 469 01bc 9B       		.byte	-101
 470 01bd 05       		.byte	5
 471 01be 9C       		.byte	-100
 472 01bf 01       		.byte	1
 473 01c0 9D       		.byte	-99
 474 01c1 20       		.byte	32
 475 01c2 A0       		.byte	-96
 476 01c3 02       		.byte	2
 477 01c4 A1       		.byte	-95
 478 01c5 01       		.byte	1
 479 01c6 A2       		.byte	-94
 480 01c7 0C       		.byte	12
 481 01c8 A3       		.byte	-93
 482 01c9 14       		.byte	20
 483 01ca A6       		.byte	-90
 484 01cb 06       		.byte	6
 485 01cc A8       		.byte	-88
 486 01cd 01       		.byte	1
 487 01ce A9       		.byte	-87
 488 01cf 02       		.byte	2
 489 01d0 AB       		.byte	-85
 490 01d1 04       		.byte	4
 491 01d2 AE       		.byte	-82
 492 01d3 18       		.byte	24
 493 01d4 AF       		.byte	-81
 494 01d5 08       		.byte	8
 495 01d6 B0       		.byte	-80
 496 01d7 01       		.byte	1
 497 01d8 B1       		.byte	-79
 498 01d9 03       		.byte	3
 499 01da B3       		.byte	-77
 500 01db 1C       		.byte	28
 501 01dc B4       		.byte	-76
 502 01dd 1E       		.byte	30
 503 01de B7       		.byte	-73
 504 01df 20       		.byte	32
 505 01e0 B8       		.byte	-72
 506 01e1 02       		.byte	2
 507 01e2 B9       		.byte	-71
 508 01e3 02       		.byte	2
 509 01e4 BA       		.byte	-70
 510 01e5 20       		.byte	32
 511 01e6 BB       		.byte	-69
 512 01e7 08       		.byte	8
 513 01e8 BE       		.byte	-66
ARM GAS  C:\Users\alex\AppData\Local\Temp\cc6w3KqT.s 			page 10


 514 01e9 01       		.byte	1
 515 01ea D2       		.byte	-46
 516 01eb 03       		.byte	3
 517 01ec D3       		.byte	-45
 518 01ed 02       		.byte	2
 519 01ee D8       		.byte	-40
 520 01ef 04       		.byte	4
 521 01f0 D9       		.byte	-39
 522 01f1 04       		.byte	4
 523 01f2 DB       		.byte	-37
 524 01f3 04       		.byte	4
 525 01f4 DC       		.byte	-36
 526 01f5 11       		.byte	17
 527 01f6 DF       		.byte	-33
 528 01f7 01       		.byte	1
 529 01f8 03       		.byte	3
 530 01f9 22       		.byte	34
 531 01fa 04       		.byte	4
 532 01fb 04       		.byte	4
 533 01fc 05       		.byte	5
 534 01fd 80       		.byte	-128
 535 01fe 07       		.byte	7
 536 01ff 04       		.byte	4
 537 0200 09       		.byte	9
 538 0201 80       		.byte	-128
 539 0202 0B       		.byte	11
 540 0203 10       		.byte	16
 541 0204 0D       		.byte	13
 542 0205 08       		.byte	8
 543 0206 0E       		.byte	14
 544 0207 80       		.byte	-128
 545 0208 0F       		.byte	15
 546 0209 01       		.byte	1
 547 020a 10       		.byte	16
 548 020b 40       		.byte	64
 549 020c 11       		.byte	17
 550 020d 10       		.byte	16
 551 020e 12       		.byte	18
 552 020f 92       		.byte	-110
 553 0210 17       		.byte	23
 554 0211 80       		.byte	-128
 555 0212 18       		.byte	24
 556 0213 40       		.byte	64
 557 0214 19       		.byte	25
 558 0215 10       		.byte	16
 559 0216 1B       		.byte	27
 560 0217 20       		.byte	32
 561 0218 21       		.byte	33
 562 0219 04       		.byte	4
 563 021a 22       		.byte	34
 564 021b 03       		.byte	3
 565 021c 23       		.byte	35
 566 021d 12       		.byte	18
 567 021e 26       		.byte	38
 568 021f 14       		.byte	20
 569 0220 28       		.byte	40
 570 0221 40       		.byte	64
ARM GAS  C:\Users\alex\AppData\Local\Temp\cc6w3KqT.s 			page 11


 571 0222 2A       		.byte	42
 572 0223 30       		.byte	48
 573 0224 2B       		.byte	43
 574 0225 02       		.byte	2
 575 0226 2F       		.byte	47
 576 0227 80       		.byte	-128
 577 0228 31       		.byte	49
 578 0229 10       		.byte	16
 579 022a 32       		.byte	50
 580 022b 45       		.byte	69
 581 022c 36       		.byte	54
 582 022d 40       		.byte	64
 583 022e 37       		.byte	55
 584 022f 20       		.byte	32
 585 0230 39       		.byte	57
 586 0231 28       		.byte	40
 587 0232 3C       		.byte	60
 588 0233 04       		.byte	4
 589 0234 3D       		.byte	61
 590 0235 20       		.byte	32
 591 0236 3F       		.byte	63
 592 0237 41       		.byte	65
 593 0238 69       		.byte	105
 594 0239 50       		.byte	80
 595 023a 6A       		.byte	106
 596 023b 50       		.byte	80
 597 023c 86       		.byte	-122
 598 023d 10       		.byte	16
 599 023e 8D       		.byte	-115
 600 023f 80       		.byte	-128
 601 0240 8E       		.byte	-114
 602 0241 44       		.byte	68
 603 0242 94       		.byte	-108
 604 0243 04       		.byte	4
 605 0244 96       		.byte	-106
 606 0245 02       		.byte	2
 607 0246 97       		.byte	-105
 608 0247 11       		.byte	17
 609 0248 99       		.byte	-103
 610 0249 20       		.byte	32
 611 024a 9E       		.byte	-98
 612 024b 20       		.byte	32
 613 024c 9F       		.byte	-97
 614 024d A0       		.byte	-96
 615 024e A2       		.byte	-94
 616 024f 80       		.byte	-128
 617 0250 A4       		.byte	-92
 618 0251 40       		.byte	64
 619 0252 A5       		.byte	-91
 620 0253 10       		.byte	16
 621 0254 A6       		.byte	-90
 622 0255 40       		.byte	64
 623 0256 A7       		.byte	-89
 624 0257 A2       		.byte	-94
 625 0258 C0       		.byte	-64
 626 0259 E5       		.byte	-27
 627 025a C2       		.byte	-62
ARM GAS  C:\Users\alex\AppData\Local\Temp\cc6w3KqT.s 			page 12


 628 025b B5       		.byte	-75
 629 025c C4       		.byte	-60
 630 025d 8F       		.byte	-113
 631 025e CA       		.byte	-54
 632 025f 8D       		.byte	-115
 633 0260 CC       		.byte	-52
 634 0261 3F       		.byte	63
 635 0262 CE       		.byte	-50
 636 0263 F6       		.byte	-10
 637 0264 E2       		.byte	-30
 638 0265 40       		.byte	64
 639 0266 07       		.byte	7
 640 0267 02       		.byte	2
 641 0268 0F       		.byte	15
 642 0269 04       		.byte	4
 643 026a 12       		.byte	18
 644 026b 01       		.byte	1
 645 026c 1F       		.byte	31
 646 026d 01       		.byte	1
 647 026e 29       		.byte	41
 648 026f 08       		.byte	8
 649 0270 2A       		.byte	42
 650 0271 02       		.byte	2
 651 0272 31       		.byte	49
 652 0273 04       		.byte	4
 653 0274 33       		.byte	51
 654 0275 02       		.byte	2
 655 0276 34       		.byte	52
 656 0277 01       		.byte	1
 657 0278 35       		.byte	53
 658 0279 08       		.byte	8
 659 027a 36       		.byte	54
 660 027b 02       		.byte	2
 661 027c 37       		.byte	55
 662 027d 01       		.byte	1
 663 027e 3F       		.byte	63
 664 027f 10       		.byte	16
 665 0280 56       		.byte	86
 666 0281 02       		.byte	2
 667 0282 57       		.byte	87
 668 0283 3D       		.byte	61
 669 0284 58       		.byte	88
 670 0285 04       		.byte	4
 671 0286 59       		.byte	89
 672 0287 04       		.byte	4
 673 0288 5B       		.byte	91
 674 0289 0C       		.byte	12
 675 028a 5F       		.byte	95
 676 028b 01       		.byte	1
 677 028c D8       		.byte	-40
 678 028d 04       		.byte	4
 679 028e D9       		.byte	-39
 680 028f 04       		.byte	4
 681 0290 DF       		.byte	-33
 682 0291 01       		.byte	1
 683 0292 03       		.byte	3
 684 0293 84       		.byte	-124
ARM GAS  C:\Users\alex\AppData\Local\Temp\cc6w3KqT.s 			page 13


 685 0294 05       		.byte	5
 686 0295 80       		.byte	-128
 687 0296 07       		.byte	7
 688 0297 04       		.byte	4
 689 0298 09       		.byte	9
 690 0299 08       		.byte	8
 691 029a 0A       		.byte	10
 692 029b 44       		.byte	68
 693 029c 0B       		.byte	11
 694 029d 02       		.byte	2
 695 029e 0E       		.byte	14
 696 029f 84       		.byte	-124
 697 02a0 11       		.byte	17
 698 02a1 10       		.byte	16
 699 02a2 13       		.byte	19
 700 02a3 41       		.byte	65
 701 02a4 17       		.byte	23
 702 02a5 A2       		.byte	-94
 703 02a6 18       		.byte	24
 704 02a7 04       		.byte	4
 705 02a8 19       		.byte	25
 706 02a9 80       		.byte	-128
 707 02aa 1A       		.byte	26
 708 02ab 04       		.byte	4
 709 02ac 1B       		.byte	27
 710 02ad 80       		.byte	-128
 711 02ae 21       		.byte	33
 712 02af 08       		.byte	8
 713 02b0 22       		.byte	34
 714 02b1 08       		.byte	8
 715 02b2 23       		.byte	35
 716 02b3 EB       		.byte	-21
 717 02b4 29       		.byte	41
 718 02b5 20       		.byte	32
 719 02b6 2F       		.byte	47
 720 02b7 80       		.byte	-128
 721 02b8 33       		.byte	51
 722 02b9 40       		.byte	64
 723 02ba 36       		.byte	54
 724 02bb 40       		.byte	64
 725 02bc 37       		.byte	55
 726 02bd 20       		.byte	32
 727 02be 38       		.byte	56
 728 02bf 80       		.byte	-128
 729 02c0 3B       		.byte	59
 730 02c1 04       		.byte	4
 731 02c2 3D       		.byte	61
 732 02c3 20       		.byte	32
 733 02c4 3E       		.byte	62
 734 02c5 04       		.byte	4
 735 02c6 3F       		.byte	63
 736 02c7 41       		.byte	65
 737 02c8 5A       		.byte	90
 738 02c9 10       		.byte	16
 739 02ca 60       		.byte	96
 740 02cb 40       		.byte	64
 741 02cc 68       		.byte	104
ARM GAS  C:\Users\alex\AppData\Local\Temp\cc6w3KqT.s 			page 14


 742 02cd 10       		.byte	16
 743 02ce 69       		.byte	105
 744 02cf 11       		.byte	17
 745 02d0 6A       		.byte	106
 746 02d1 40       		.byte	64
 747 02d2 6B       		.byte	107
 748 02d3 50       		.byte	80
 749 02d4 70       		.byte	112
 750 02d5 C0       		.byte	-64
 751 02d6 73       		.byte	115
 752 02d7 04       		.byte	4
 753 02d8 79       		.byte	121
 754 02d9 40       		.byte	64
 755 02da 8B       		.byte	-117
 756 02db 08       		.byte	8
 757 02dc 90       		.byte	-112
 758 02dd 40       		.byte	64
 759 02de 91       		.byte	-111
 760 02df 40       		.byte	64
 761 02e0 92       		.byte	-110
 762 02e1 10       		.byte	16
 763 02e2 93       		.byte	-109
 764 02e3 10       		.byte	16
 765 02e4 94       		.byte	-108
 766 02e5 04       		.byte	4
 767 02e6 95       		.byte	-107
 768 02e7 20       		.byte	32
 769 02e8 96       		.byte	-106
 770 02e9 88       		.byte	-120
 771 02ea 97       		.byte	-105
 772 02eb 41       		.byte	65
 773 02ec 98       		.byte	-104
 774 02ed 80       		.byte	-128
 775 02ee 99       		.byte	-103
 776 02ef 30       		.byte	48
 777 02f0 9D       		.byte	-99
 778 02f1 80       		.byte	-128
 779 02f2 9E       		.byte	-98
 780 02f3 20       		.byte	32
 781 02f4 9F       		.byte	-97
 782 02f5 A4       		.byte	-92
 783 02f6 A2       		.byte	-94
 784 02f7 80       		.byte	-128
 785 02f8 A4       		.byte	-92
 786 02f9 40       		.byte	64
 787 02fa A5       		.byte	-91
 788 02fb 18       		.byte	24
 789 02fc A6       		.byte	-90
 790 02fd 40       		.byte	64
 791 02fe A7       		.byte	-89
 792 02ff 82       		.byte	-126
 793 0300 B4       		.byte	-76
 794 0301 80       		.byte	-128
 795 0302 B7       		.byte	-73
 796 0303 02       		.byte	2
 797 0304 C0       		.byte	-64
 798 0305 CA       		.byte	-54
ARM GAS  C:\Users\alex\AppData\Local\Temp\cc6w3KqT.s 			page 15


 799 0306 C2       		.byte	-62
 800 0307 5F       		.byte	95
 801 0308 C4       		.byte	-60
 802 0309 DB       		.byte	-37
 803 030a CA       		.byte	-54
 804 030b 84       		.byte	-124
 805 030c CC       		.byte	-52
 806 030d 38       		.byte	56
 807 030e CE       		.byte	-50
 808 030f FA       		.byte	-6
 809 0310 D6       		.byte	-42
 810 0311 04       		.byte	4
 811 0312 D8       		.byte	-40
 812 0313 01       		.byte	1
 813 0314 DE       		.byte	-34
 814 0315 08       		.byte	8
 815 0316 0E       		.byte	14
 816 0317 02       		.byte	2
 817 0318 10       		.byte	16
 818 0319 02       		.byte	2
 819 031a 14       		.byte	20
 820 031b 01       		.byte	1
 821 031c 1A       		.byte	26
 822 031d 01       		.byte	1
 823 031e 1E       		.byte	30
 824 031f 10       		.byte	16
 825 0320 20       		.byte	32
 826 0321 04       		.byte	4
 827 0322 24       		.byte	36
 828 0323 08       		.byte	8
 829 0324 2A       		.byte	42
 830 0325 08       		.byte	8
 831 0326 2B       		.byte	43
 832 0327 01       		.byte	1
 833 0328 2E       		.byte	46
 834 0329 04       		.byte	4
 835 032a 30       		.byte	48
 836 032b 1F       		.byte	31
 837 032c 35       		.byte	53
 838 032d 01       		.byte	1
 839 032e 38       		.byte	56
 840 032f 02       		.byte	2
 841 0330 3E       		.byte	62
 842 0331 01       		.byte	1
 843 0332 58       		.byte	88
 844 0333 04       		.byte	4
 845 0334 59       		.byte	89
 846 0335 04       		.byte	4
 847 0336 5F       		.byte	95
 848 0337 01       		.byte	1
 849 0338 80       		.byte	-128
 850 0339 04       		.byte	4
 851 033a 81       		.byte	-127
 852 033b 10       		.byte	16
 853 033c 84       		.byte	-124
 854 033d 40       		.byte	64
 855 033e 85       		.byte	-123
ARM GAS  C:\Users\alex\AppData\Local\Temp\cc6w3KqT.s 			page 16


 856 033f 18       		.byte	24
 857 0340 86       		.byte	-122
 858 0341 80       		.byte	-128
 859 0342 88       		.byte	-120
 860 0343 08       		.byte	8
 861 0344 89       		.byte	-119
 862 0345 07       		.byte	7
 863 0346 8B       		.byte	-117
 864 0347 18       		.byte	24
 865 0348 8C       		.byte	-116
 866 0349 10       		.byte	16
 867 034a 8D       		.byte	-115
 868 034b 1C       		.byte	28
 869 034c 8E       		.byte	-114
 870 034d 20       		.byte	32
 871 034e 8F       		.byte	-113
 872 034f 02       		.byte	2
 873 0350 90       		.byte	-112
 874 0351 80       		.byte	-128
 875 0352 92       		.byte	-110
 876 0353 40       		.byte	64
 877 0354 95       		.byte	-107
 878 0355 1F       		.byte	31
 879 0356 96       		.byte	-106
 880 0357 01       		.byte	1
 881 0358 9A       		.byte	-102
 882 0359 08       		.byte	8
 883 035a 9D       		.byte	-99
 884 035b 1C       		.byte	28
 885 035c 9E       		.byte	-98
 886 035d 04       		.byte	4
 887 035e 9F       		.byte	-97
 888 035f 01       		.byte	1
 889 0360 A0       		.byte	-96
 890 0361 02       		.byte	2
 891 0362 A3       		.byte	-93
 892 0363 03       		.byte	3
 893 0364 A4       		.byte	-92
 894 0365 01       		.byte	1
 895 0366 A5       		.byte	-91
 896 0367 08       		.byte	8
 897 0368 A8       		.byte	-88
 898 0369 20       		.byte	32
 899 036a AA       		.byte	-86
 900 036b 10       		.byte	16
 901 036c AB       		.byte	-85
 902 036d 04       		.byte	4
 903 036e AD       		.byte	-83
 904 036f 04       		.byte	4
 905 0370 AE       		.byte	-82
 906 0371 02       		.byte	2
 907 0372 B6       		.byte	-74
 908 0373 FF       		.byte	-1
 909 0374 B7       		.byte	-73
 910 0375 1F       		.byte	31
 911 0376 BA       		.byte	-70
 912 0377 08       		.byte	8
ARM GAS  C:\Users\alex\AppData\Local\Temp\cc6w3KqT.s 			page 17


 913 0378 BB       		.byte	-69
 914 0379 80       		.byte	-128
 915 037a BE       		.byte	-66
 916 037b 40       		.byte	64
 917 037c D8       		.byte	-40
 918 037d 04       		.byte	4
 919 037e D9       		.byte	-39
 920 037f 04       		.byte	4
 921 0380 DC       		.byte	-36
 922 0381 11       		.byte	17
 923 0382 DF       		.byte	-33
 924 0383 01       		.byte	1
 925 0384 00       		.byte	0
 926 0385 24       		.byte	36
 927 0386 01       		.byte	1
 928 0387 81       		.byte	-127
 929 0388 03       		.byte	3
 930 0389 20       		.byte	32
 931 038a 04       		.byte	4
 932 038b A4       		.byte	-92
 933 038c 05       		.byte	5
 934 038d 01       		.byte	1
 935 038e 08       		.byte	8
 936 038f 10       		.byte	16
 937 0390 09       		.byte	9
 938 0391 18       		.byte	24
 939 0392 0A       		.byte	10
 940 0393 40       		.byte	64
 941 0394 0B       		.byte	11
 942 0395 01       		.byte	1
 943 0396 0D       		.byte	13
 944 0397 08       		.byte	8
 945 0398 0E       		.byte	14
 946 0399 01       		.byte	1
 947 039a 0F       		.byte	15
 948 039b 44       		.byte	68
 949 039c 10       		.byte	16
 950 039d 80       		.byte	-128
 951 039e 11       		.byte	17
 952 039f 50       		.byte	80
 953 03a0 13       		.byte	19
 954 03a1 44       		.byte	68
 955 03a2 14       		.byte	20
 956 03a3 04       		.byte	4
 957 03a4 17       		.byte	23
 958 03a5 57       		.byte	87
 959 03a6 19       		.byte	25
 960 03a7 04       		.byte	4
 961 03a8 1A       		.byte	26
 962 03a9 11       		.byte	17
 963 03aa 1C       		.byte	28
 964 03ab 80       		.byte	-128
 965 03ac 1D       		.byte	29
 966 03ad 01       		.byte	1
 967 03ae 1E       		.byte	30
 968 03af 80       		.byte	-128
 969 03b0 1F       		.byte	31
ARM GAS  C:\Users\alex\AppData\Local\Temp\cc6w3KqT.s 			page 18


 970 03b1 01       		.byte	1
 971 03b2 20       		.byte	32
 972 03b3 02       		.byte	2
 973 03b4 21       		.byte	33
 974 03b5 40       		.byte	64
 975 03b6 25       		.byte	37
 976 03b7 10       		.byte	16
 977 03b8 27       		.byte	39
 978 03b9 04       		.byte	4
 979 03ba 28       		.byte	40
 980 03bb 88       		.byte	-120
 981 03bc 29       		.byte	41
 982 03bd 40       		.byte	64
 983 03be 2A       		.byte	42
 984 03bf 08       		.byte	8
 985 03c0 2C       		.byte	44
 986 03c1 04       		.byte	4
 987 03c2 2F       		.byte	47
 988 03c3 A1       		.byte	-95
 989 03c4 31       		.byte	49
 990 03c5 84       		.byte	-124
 991 03c6 37       		.byte	55
 992 03c7 22       		.byte	34
 993 03c8 38       		.byte	56
 994 03c9 08       		.byte	8
 995 03ca 39       		.byte	57
 996 03cb 80       		.byte	-128
 997 03cc 3A       		.byte	58
 998 03cd 12       		.byte	18
 999 03ce 3D       		.byte	61
 1000 03cf 20       		.byte	32
 1001 03d0 3F       		.byte	63
 1002 03d1 40       		.byte	64
 1003 03d2 80       		.byte	-128
 1004 03d3 10       		.byte	16
 1005 03d4 81       		.byte	-127
 1006 03d5 80       		.byte	-128
 1007 03d6 8C       		.byte	-116
 1008 03d7 04       		.byte	4
 1009 03d8 8F       		.byte	-113
 1010 03d9 04       		.byte	4
 1011 03da 90       		.byte	-112
 1012 03db 84       		.byte	-124
 1013 03dc 91       		.byte	-111
 1014 03dd 11       		.byte	17
 1015 03de 92       		.byte	-110
 1016 03df 40       		.byte	64
 1017 03e0 93       		.byte	-109
 1018 03e1 55       		.byte	85
 1019 03e2 95       		.byte	-107
 1020 03e3 20       		.byte	32
 1021 03e4 96       		.byte	-106
 1022 03e5 88       		.byte	-120
 1023 03e6 97       		.byte	-105
 1024 03e7 02       		.byte	2
 1025 03e8 98       		.byte	-104
 1026 03e9 80       		.byte	-128
ARM GAS  C:\Users\alex\AppData\Local\Temp\cc6w3KqT.s 			page 19


 1027 03ea 99       		.byte	-103
 1028 03eb 90       		.byte	-112
 1029 03ec 9B       		.byte	-101
 1030 03ed 72       		.byte	114
 1031 03ee 9E       		.byte	-98
 1032 03ef 20       		.byte	32
 1033 03f0 9F       		.byte	-97
 1034 03f1 04       		.byte	4
 1035 03f2 A0       		.byte	-96
 1036 03f3 90       		.byte	-112
 1037 03f4 A1       		.byte	-95
 1038 03f5 08       		.byte	8
 1039 03f6 A2       		.byte	-94
 1040 03f7 88       		.byte	-120
 1041 03f8 A3       		.byte	-93
 1042 03f9 80       		.byte	-128
 1043 03fa A4       		.byte	-92
 1044 03fb 40       		.byte	64
 1045 03fc A5       		.byte	-91
 1046 03fd 10       		.byte	16
 1047 03fe A6       		.byte	-90
 1048 03ff 40       		.byte	64
 1049 0400 A7       		.byte	-89
 1050 0401 02       		.byte	2
 1051 0402 C0       		.byte	-64
 1052 0403 FF       		.byte	-1
 1053 0404 C2       		.byte	-62
 1054 0405 FF       		.byte	-1
 1055 0406 C4       		.byte	-60
 1056 0407 FF       		.byte	-1
 1057 0408 CA       		.byte	-54
 1058 0409 FF       		.byte	-1
 1059 040a CC       		.byte	-52
 1060 040b AA       		.byte	-86
 1061 040c CE       		.byte	-50
 1062 040d 3F       		.byte	63
 1063 040e EE       		.byte	-18
 1064 040f 04       		.byte	4
 1065 0410 8D       		.byte	-115
 1066 0411 90       		.byte	-112
 1067 0412 A2       		.byte	-94
 1068 0413 01       		.byte	1
 1069 0414 A3       		.byte	-93
 1070 0415 40       		.byte	64
 1071 0416 E4       		.byte	-28
 1072 0417 50       		.byte	80
 1073 0418 EE       		.byte	-18
 1074 0419 04       		.byte	4
 1075 041a A2       		.byte	-94
 1076 041b 01       		.byte	1
 1077 041c A3       		.byte	-93
 1078 041d 40       		.byte	64
 1079 041e B6       		.byte	-74
 1080 041f 01       		.byte	1
 1081 0420 E4       		.byte	-28
 1082 0421 80       		.byte	-128
 1083 0422 E8       		.byte	-24
ARM GAS  C:\Users\alex\AppData\Local\Temp\cc6w3KqT.s 			page 20


 1084 0423 10       		.byte	16
 1085 0424 8F       		.byte	-113
 1086 0425 40       		.byte	64
 1087 0426 E2       		.byte	-30
 1088 0427 10       		.byte	16
 1089 0428 E4       		.byte	-28
 1090 0429 40       		.byte	64
 1091 042a 56       		.byte	86
 1092 042b 08       		.byte	8
 1093 042c 58       		.byte	88
 1094 042d 04       		.byte	4
 1095 042e 59       		.byte	89
 1096 042f 04       		.byte	4
 1097 0430 5B       		.byte	91
 1098 0431 04       		.byte	4
 1099 0432 5D       		.byte	93
 1100 0433 90       		.byte	-112
 1101 0434 5F       		.byte	95
 1102 0435 01       		.byte	1
 1103 0436 D8       		.byte	-40
 1104 0437 04       		.byte	4
 1105 0438 D9       		.byte	-39
 1106 0439 04       		.byte	4
 1107 043a DF       		.byte	-33
 1108 043b 01       		.byte	1
 1109 043c 00       		.byte	0
 1110 043d 84       		.byte	-124
 1111 043e 03       		.byte	3
 1112 043f 80       		.byte	-128
 1113 0440 04       		.byte	4
 1114 0441 04       		.byte	4
 1115 0442 05       		.byte	5
 1116 0443 81       		.byte	-127
 1117 0444 0B       		.byte	11
 1118 0445 40       		.byte	64
 1119 0446 0D       		.byte	13
 1120 0447 08       		.byte	8
 1121 0448 0F       		.byte	15
 1122 0449 41       		.byte	65
 1123 044a 10       		.byte	16
 1124 044b 10       		.byte	16
 1125 044c 12       		.byte	18
 1126 044d 08       		.byte	8
 1127 044e 13       		.byte	19
 1128 044f 01       		.byte	1
 1129 0450 14       		.byte	20
 1130 0451 10       		.byte	16
 1131 0452 2D       		.byte	45
 1132 0453 80       		.byte	-128
 1133 0454 2F       		.byte	47
 1134 0455 40       		.byte	64
 1135 0456 30       		.byte	48
 1136 0457 10       		.byte	16
 1137 0458 31       		.byte	49
 1138 0459 01       		.byte	1
 1139 045a 32       		.byte	50
 1140 045b 08       		.byte	8
ARM GAS  C:\Users\alex\AppData\Local\Temp\cc6w3KqT.s 			page 21


 1141 045c 33       		.byte	51
 1142 045d 80       		.byte	-128
 1143 045e 34       		.byte	52
 1144 045f 10       		.byte	16
 1145 0460 36       		.byte	54
 1146 0461 08       		.byte	8
 1147 0462 38       		.byte	56
 1148 0463 04       		.byte	4
 1149 0464 3B       		.byte	59
 1150 0465 C1       		.byte	-63
 1151 0466 3C       		.byte	60
 1152 0467 84       		.byte	-124
 1153 0468 3F       		.byte	63
 1154 0469 01       		.byte	1
 1155 046a 58       		.byte	88
 1156 046b 40       		.byte	64
 1157 046c 61       		.byte	97
 1158 046d 40       		.byte	64
 1159 046e 6B       		.byte	107
 1160 046f 0A       		.byte	10
 1161 0470 85       		.byte	-123
 1162 0471 40       		.byte	64
 1163 0472 87       		.byte	-121
 1164 0473 08       		.byte	8
 1165 0474 88       		.byte	-120
 1166 0475 08       		.byte	8
 1167 0476 90       		.byte	-112
 1168 0477 04       		.byte	4
 1169 0478 93       		.byte	-109
 1170 0479 41       		.byte	65
 1171 047a 98       		.byte	-104
 1172 047b 50       		.byte	80
 1173 047c 99       		.byte	-103
 1174 047d 81       		.byte	-127
 1175 047e 9C       		.byte	-100
 1176 047f 08       		.byte	8
 1177 0480 9D       		.byte	-99
 1178 0481 40       		.byte	64
 1179 0482 9F       		.byte	-97
 1180 0483 02       		.byte	2
 1181 0484 A0       		.byte	-96
 1182 0485 40       		.byte	64
 1183 0486 A1       		.byte	-95
 1184 0487 08       		.byte	8
 1185 0488 A2       		.byte	-94
 1186 0489 08       		.byte	8
 1187 048a A3       		.byte	-93
 1188 048b 80       		.byte	-128
 1189 048c A8       		.byte	-88
 1190 048d 80       		.byte	-128
 1191 048e AF       		.byte	-81
 1192 048f 20       		.byte	32
 1193 0490 B0       		.byte	-80
 1194 0491 40       		.byte	64
 1195 0492 B3       		.byte	-77
 1196 0493 44       		.byte	68
 1197 0494 B6       		.byte	-74
ARM GAS  C:\Users\alex\AppData\Local\Temp\cc6w3KqT.s 			page 22


 1198 0495 10       		.byte	16
 1199 0496 C0       		.byte	-64
 1200 0497 BD       		.byte	-67
 1201 0498 C2       		.byte	-62
 1202 0499 B8       		.byte	-72
 1203 049a C4       		.byte	-60
 1204 049b 2E       		.byte	46
 1205 049c CA       		.byte	-54
 1206 049d 90       		.byte	-112
 1207 049e CC       		.byte	-52
 1208 049f 6F       		.byte	111
 1209 04a0 CE       		.byte	-50
 1210 04a1 DB       		.byte	-37
 1211 04a2 D6       		.byte	-42
 1212 04a3 08       		.byte	8
 1213 04a4 D8       		.byte	-40
 1214 04a5 08       		.byte	8
 1215 04a6 E0       		.byte	-32
 1216 04a7 20       		.byte	32
 1217 04a8 E2       		.byte	-30
 1218 04a9 01       		.byte	1
 1219 04aa E4       		.byte	-28
 1220 04ab 08       		.byte	8
 1221 04ac E8       		.byte	-24
 1222 04ad 12       		.byte	18
 1223 04ae EE       		.byte	-18
 1224 04af 81       		.byte	-127
 1225 04b0 58       		.byte	88
 1226 04b1 04       		.byte	4
 1227 04b2 59       		.byte	89
 1228 04b3 04       		.byte	4
 1229 04b4 5F       		.byte	95
 1230 04b5 01       		.byte	1
 1231 04b6 89       		.byte	-119
 1232 04b7 03       		.byte	3
 1233 04b8 99       		.byte	-103
 1234 04b9 02       		.byte	2
 1235 04ba 9D       		.byte	-99
 1236 04bb 03       		.byte	3
 1237 04bc AB       		.byte	-85
 1238 04bd 01       		.byte	1
 1239 04be B7       		.byte	-73
 1240 04bf 03       		.byte	3
 1241 04c0 B9       		.byte	-71
 1242 04c1 80       		.byte	-128
 1243 04c2 BF       		.byte	-65
 1244 04c3 40       		.byte	64
 1245 04c4 C0       		.byte	-64
 1246 04c5 05       		.byte	5
 1247 04c6 C7       		.byte	-57
 1248 04c7 40       		.byte	64
 1249 04c8 C9       		.byte	-55
 1250 04c9 FF       		.byte	-1
 1251 04ca CA       		.byte	-54
 1252 04cb 07       		.byte	7
 1253 04cc CB       		.byte	-53
 1254 04cd FF       		.byte	-1
ARM GAS  C:\Users\alex\AppData\Local\Temp\cc6w3KqT.s 			page 23


 1255 04ce CC       		.byte	-52
 1256 04cf 40       		.byte	64
 1257 04d0 CD       		.byte	-51
 1258 04d1 20       		.byte	32
 1259 04d2 CE       		.byte	-50
 1260 04d3 F0       		.byte	-16
 1261 04d4 CF       		.byte	-49
 1262 04d5 05       		.byte	5
 1263 04d6 D0       		.byte	-48
 1264 04d7 08       		.byte	8
 1265 04d8 D6       		.byte	-42
 1266 04d9 02       		.byte	2
 1267 04da D7       		.byte	-41
 1268 04db 10       		.byte	16
 1269 04dc D8       		.byte	-40
 1270 04dd 04       		.byte	4
 1271 04de D9       		.byte	-39
 1272 04df 04       		.byte	4
 1273 04e0 DA       		.byte	-38
 1274 04e1 04       		.byte	4
 1275 04e2 DB       		.byte	-37
 1276 04e3 04       		.byte	4
 1277 04e4 DD       		.byte	-35
 1278 04e5 11       		.byte	17
 1279 04e6 DF       		.byte	-33
 1280 04e7 01       		.byte	1
 1281 04e8 E0       		.byte	-32
 1282 04e9 40       		.byte	64
 1283 04ea E1       		.byte	-31
 1284 04eb A8       		.byte	-88
 1285 04ec E2       		.byte	-30
 1286 04ed 40       		.byte	64
 1287 04ee E3       		.byte	-29
 1288 04ef 20       		.byte	32
 1289 04f0 00       		.byte	0
 1290 04f1 84       		.byte	-124
 1291 04f2 03       		.byte	3
 1292 04f3 80       		.byte	-128
 1293 04f4 04       		.byte	4
 1294 04f5 04       		.byte	4
 1295 04f6 05       		.byte	5
 1296 04f7 81       		.byte	-127
 1297 04f8 0B       		.byte	11
 1298 04f9 41       		.byte	65
 1299 04fa 0D       		.byte	13
 1300 04fb 08       		.byte	8
 1301 04fc 0F       		.byte	15
 1302 04fd 41       		.byte	65
 1303 04fe 10       		.byte	16
 1304 04ff 10       		.byte	16
 1305 0500 12       		.byte	18
 1306 0501 08       		.byte	8
 1307 0502 14       		.byte	20
 1308 0503 10       		.byte	16
 1309 0504 20       		.byte	32
 1310 0505 02       		.byte	2
 1311 0506 28       		.byte	40
ARM GAS  C:\Users\alex\AppData\Local\Temp\cc6w3KqT.s 			page 24


 1312 0507 10       		.byte	16
 1313 0508 29       		.byte	41
 1314 0509 81       		.byte	-127
 1315 050a 2A       		.byte	42
 1316 050b 30       		.byte	48
 1317 050c 2D       		.byte	45
 1318 050d 40       		.byte	64
 1319 050e 2F       		.byte	47
 1320 050f 80       		.byte	-128
 1321 0510 31       		.byte	49
 1322 0511 18       		.byte	24
 1323 0512 32       		.byte	50
 1324 0513 80       		.byte	-128
 1325 0514 33       		.byte	51
 1326 0515 01       		.byte	1
 1327 0516 34       		.byte	52
 1328 0517 10       		.byte	16
 1329 0518 36       		.byte	54
 1330 0519 08       		.byte	8
 1331 051a 37       		.byte	55
 1332 051b 01       		.byte	1
 1333 051c 38       		.byte	56
 1334 051d 04       		.byte	4
 1335 051e 3B       		.byte	59
 1336 051f 50       		.byte	80
 1337 0520 3C       		.byte	60
 1338 0521 84       		.byte	-124
 1339 0522 48       		.byte	72
 1340 0523 01       		.byte	1
 1341 0524 52       		.byte	82
 1342 0525 10       		.byte	16
 1343 0526 53       		.byte	83
 1344 0527 02       		.byte	2
 1345 0528 58       		.byte	88
 1346 0529 80       		.byte	-128
 1347 052a 69       		.byte	105
 1348 052b 20       		.byte	32
 1349 052c 6A       		.byte	106
 1350 052d 98       		.byte	-104
 1351 052e 70       		.byte	112
 1352 052f 44       		.byte	68
 1353 0530 72       		.byte	114
 1354 0531 0A       		.byte	10
 1355 0532 73       		.byte	115
 1356 0533 24       		.byte	36
 1357 0534 81       		.byte	-127
 1358 0535 08       		.byte	8
 1359 0536 85       		.byte	-123
 1360 0537 80       		.byte	-128
 1361 0538 86       		.byte	-122
 1362 0539 04       		.byte	4
 1363 053a 8B       		.byte	-117
 1364 053b 82       		.byte	-126
 1365 053c 8C       		.byte	-116
 1366 053d 40       		.byte	64
 1367 053e 90       		.byte	-112
 1368 053f 04       		.byte	4
ARM GAS  C:\Users\alex\AppData\Local\Temp\cc6w3KqT.s 			page 25


 1369 0540 91       		.byte	-111
 1370 0541 40       		.byte	64
 1371 0542 93       		.byte	-109
 1372 0543 51       		.byte	81
 1373 0544 94       		.byte	-108
 1374 0545 08       		.byte	8
 1375 0546 95       		.byte	-107
 1376 0547 20       		.byte	32
 1377 0548 96       		.byte	-106
 1378 0549 88       		.byte	-120
 1379 054a 98       		.byte	-104
 1380 054b 10       		.byte	16
 1381 054c 99       		.byte	-103
 1382 054d 91       		.byte	-111
 1383 054e 9B       		.byte	-101
 1384 054f 01       		.byte	1
 1385 0550 9C       		.byte	-100
 1386 0551 08       		.byte	8
 1387 0552 9D       		.byte	-99
 1388 0553 40       		.byte	64
 1389 0554 9E       		.byte	-98
 1390 0555 2A       		.byte	42
 1391 0556 A0       		.byte	-96
 1392 0557 40       		.byte	64
 1393 0558 A1       		.byte	-95
 1394 0559 08       		.byte	8
 1395 055a A2       		.byte	-94
 1396 055b 88       		.byte	-120
 1397 055c A3       		.byte	-93
 1398 055d 80       		.byte	-128
 1399 055e A5       		.byte	-91
 1400 055f 80       		.byte	-128
 1401 0560 A7       		.byte	-89
 1402 0561 02       		.byte	2
 1403 0562 AA       		.byte	-86
 1404 0563 10       		.byte	16
 1405 0564 AE       		.byte	-82
 1406 0565 10       		.byte	16
 1407 0566 B0       		.byte	-80
 1408 0567 41       		.byte	65
 1409 0568 B3       		.byte	-77
 1410 0569 02       		.byte	2
 1411 056a C0       		.byte	-64
 1412 056b BD       		.byte	-67
 1413 056c C2       		.byte	-62
 1414 056d B9       		.byte	-71
 1415 056e C4       		.byte	-60
 1416 056f 26       		.byte	38
 1417 0570 CA       		.byte	-54
 1418 0571 9F       		.byte	-97
 1419 0572 CC       		.byte	-52
 1420 0573 EF       		.byte	-17
 1421 0574 CE       		.byte	-50
 1422 0575 5E       		.byte	94
 1423 0576 D2       		.byte	-46
 1424 0577 08       		.byte	8
 1425 0578 D6       		.byte	-42
ARM GAS  C:\Users\alex\AppData\Local\Temp\cc6w3KqT.s 			page 26


 1426 0579 08       		.byte	8
 1427 057a E0       		.byte	-32
 1428 057b 01       		.byte	1
 1429 057c E2       		.byte	-30
 1430 057d 20       		.byte	32
 1431 057e E4       		.byte	-28
 1432 057f 08       		.byte	8
 1433 0580 E6       		.byte	-26
 1434 0581 02       		.byte	2
 1435 0582 E8       		.byte	-24
 1436 0583 01       		.byte	1
 1437 0584 EA       		.byte	-22
 1438 0585 02       		.byte	2
 1439 0586 04       		.byte	4
 1440 0587 09       		.byte	9
 1441 0588 06       		.byte	6
 1442 0589 06       		.byte	6
 1443 058a 0C       		.byte	12
 1444 058b 02       		.byte	2
 1445 058c 10       		.byte	16
 1446 058d 0E       		.byte	14
 1447 058e 12       		.byte	18
 1448 058f 01       		.byte	1
 1449 0590 1E       		.byte	30
 1450 0591 01       		.byte	1
 1451 0592 20       		.byte	32
 1452 0593 0E       		.byte	14
 1453 0594 22       		.byte	34
 1454 0595 01       		.byte	1
 1455 0596 24       		.byte	36
 1456 0597 04       		.byte	4
 1457 0598 28       		.byte	40
 1458 0599 0F       		.byte	15
 1459 059a 2C       		.byte	44
 1460 059b 06       		.byte	6
 1461 059c 30       		.byte	48
 1462 059d 07       		.byte	7
 1463 059e 32       		.byte	50
 1464 059f 08       		.byte	8
 1465 05a0 3A       		.byte	58
 1466 05a1 02       		.byte	2
 1467 05a2 3E       		.byte	62
 1468 05a3 04       		.byte	4
 1469 05a4 58       		.byte	88
 1470 05a5 04       		.byte	4
 1471 05a6 59       		.byte	89
 1472 05a7 04       		.byte	4
 1473 05a8 5C       		.byte	92
 1474 05a9 01       		.byte	1
 1475 05aa 5F       		.byte	95
 1476 05ab 01       		.byte	1
 1477 05ac 81       		.byte	-127
 1478 05ad 07       		.byte	7
 1479 05ae 85       		.byte	-123
 1480 05af 08       		.byte	8
 1481 05b0 86       		.byte	-122
 1482 05b1 04       		.byte	4
ARM GAS  C:\Users\alex\AppData\Local\Temp\cc6w3KqT.s 			page 27


 1483 05b2 88       		.byte	-120
 1484 05b3 01       		.byte	1
 1485 05b4 89       		.byte	-119
 1486 05b5 08       		.byte	8
 1487 05b6 8D       		.byte	-115
 1488 05b7 07       		.byte	7
 1489 05b8 92       		.byte	-110
 1490 05b9 08       		.byte	8
 1491 05ba 96       		.byte	-106
 1492 05bb 04       		.byte	4
 1493 05bc 9A       		.byte	-102
 1494 05bd 11       		.byte	17
 1495 05be 9B       		.byte	-101
 1496 05bf 08       		.byte	8
 1497 05c0 9D       		.byte	-99
 1498 05c1 01       		.byte	1
 1499 05c2 9E       		.byte	-98
 1500 05c3 02       		.byte	2
 1501 05c4 9F       		.byte	-97
 1502 05c5 06       		.byte	6
 1503 05c6 A3       		.byte	-93
 1504 05c7 08       		.byte	8
 1505 05c8 A5       		.byte	-91
 1506 05c9 02       		.byte	2
 1507 05ca A7       		.byte	-89
 1508 05cb 01       		.byte	1
 1509 05cc A9       		.byte	-87
 1510 05cd 04       		.byte	4
 1511 05ce AA       		.byte	-86
 1512 05cf 08       		.byte	8
 1513 05d0 AB       		.byte	-85
 1514 05d1 01       		.byte	1
 1515 05d2 B0       		.byte	-80
 1516 05d3 06       		.byte	6
 1517 05d4 B2       		.byte	-78
 1518 05d5 10       		.byte	16
 1519 05d6 B3       		.byte	-77
 1520 05d7 08       		.byte	8
 1521 05d8 B4       		.byte	-76
 1522 05d9 08       		.byte	8
 1523 05da B6       		.byte	-74
 1524 05db 01       		.byte	1
 1525 05dc B7       		.byte	-73
 1526 05dd 07       		.byte	7
 1527 05de B9       		.byte	-71
 1528 05df 08       		.byte	8
 1529 05e0 BE       		.byte	-66
 1530 05e1 11       		.byte	17
 1531 05e2 C0       		.byte	-64
 1532 05e3 25       		.byte	37
 1533 05e4 C1       		.byte	-63
 1534 05e5 06       		.byte	6
 1535 05e6 C2       		.byte	-62
 1536 05e7 01       		.byte	1
 1537 05e8 C4       		.byte	-60
 1538 05e9 04       		.byte	4
 1539 05ea C5       		.byte	-59
ARM GAS  C:\Users\alex\AppData\Local\Temp\cc6w3KqT.s 			page 28


 1540 05eb C0       		.byte	-64
 1541 05ec C6       		.byte	-58
 1542 05ed 0E       		.byte	14
 1543 05ee C8       		.byte	-56
 1544 05ef 06       		.byte	6
 1545 05f0 C9       		.byte	-55
 1546 05f1 FF       		.byte	-1
 1547 05f2 CA       		.byte	-54
 1548 05f3 FF       		.byte	-1
 1549 05f4 CB       		.byte	-53
 1550 05f5 FF       		.byte	-1
 1551 05f6 CC       		.byte	-52
 1552 05f7 62       		.byte	98
 1553 05f8 CD       		.byte	-51
 1554 05f9 A0       		.byte	-96
 1555 05fa CE       		.byte	-50
 1556 05fb F0       		.byte	-16
 1557 05fc CF       		.byte	-49
 1558 05fd 41       		.byte	65
 1559 05fe D0       		.byte	-48
 1560 05ff 0C       		.byte	12
 1561 0600 D4       		.byte	-44
 1562 0601 01       		.byte	1
 1563 0602 D8       		.byte	-40
 1564 0603 0F       		.byte	15
 1565 0604 D9       		.byte	-39
 1566 0605 04       		.byte	4
 1567 0606 DA       		.byte	-38
 1568 0607 04       		.byte	4
 1569 0608 DB       		.byte	-37
 1570 0609 0F       		.byte	15
 1571 060a DC       		.byte	-36
 1572 060b 10       		.byte	16
 1573 060c DD       		.byte	-35
 1574 060d 01       		.byte	1
 1575 060e DF       		.byte	-33
 1576 060f 01       		.byte	1
 1577 0610 E6       		.byte	-26
 1578 0611 40       		.byte	64
 1579 0612 E7       		.byte	-25
 1580 0613 02       		.byte	2
 1581 0614 E9       		.byte	-23
 1582 0615 10       		.byte	16
 1583 0616 EA       		.byte	-22
 1584 0617 30       		.byte	48
 1585 0618 EB       		.byte	-21
 1586 0619 10       		.byte	16
 1587 061a ED       		.byte	-19
 1588 061b 10       		.byte	16
 1589 061c EE       		.byte	-18
 1590 061d 10       		.byte	16
 1591 061e EF       		.byte	-17
 1592 061f 12       		.byte	18
 1593 0620 00       		.byte	0
 1594 0621 18       		.byte	24
 1595 0622 01       		.byte	1
 1596 0623 08       		.byte	8
ARM GAS  C:\Users\alex\AppData\Local\Temp\cc6w3KqT.s 			page 29


 1597 0624 07       		.byte	7
 1598 0625 21       		.byte	33
 1599 0626 08       		.byte	8
 1600 0627 08       		.byte	8
 1601 0628 09       		.byte	9
 1602 0629 C0       		.byte	-64
 1603 062a 0A       		.byte	10
 1604 062b 04       		.byte	4
 1605 062c 0B       		.byte	11
 1606 062d 82       		.byte	-126
 1607 062e 0E       		.byte	14
 1608 062f 82       		.byte	-126
 1609 0630 12       		.byte	18
 1610 0631 08       		.byte	8
 1611 0632 14       		.byte	20
 1612 0633 41       		.byte	65
 1613 0634 16       		.byte	22
 1614 0635 04       		.byte	4
 1615 0636 17       		.byte	23
 1616 0637 04       		.byte	4
 1617 0638 18       		.byte	24
 1618 0639 14       		.byte	20
 1619 063a 19       		.byte	25
 1620 063b 40       		.byte	64
 1621 063c 1A       		.byte	26
 1622 063d 41       		.byte	65
 1623 063e 1D       		.byte	29
 1624 063f 01       		.byte	1
 1625 0640 1E       		.byte	30
 1626 0641 80       		.byte	-128
 1627 0642 1F       		.byte	31
 1628 0643 08       		.byte	8
 1629 0644 21       		.byte	33
 1630 0645 80       		.byte	-128
 1631 0646 22       		.byte	34
 1632 0647 08       		.byte	8
 1633 0648 28       		.byte	40
 1634 0649 08       		.byte	8
 1635 064a 29       		.byte	41
 1636 064b 09       		.byte	9
 1637 064c 2D       		.byte	45
 1638 064d 80       		.byte	-128
 1639 064e 2F       		.byte	47
 1640 064f 10       		.byte	16
 1641 0650 31       		.byte	49
 1642 0651 80       		.byte	-128
 1643 0652 33       		.byte	51
 1644 0653 20       		.byte	32
 1645 0654 36       		.byte	54
 1646 0655 A0       		.byte	-96
 1647 0656 38       		.byte	56
 1648 0657 A0       		.byte	-96
 1649 0658 3A       		.byte	58
 1650 0659 06       		.byte	6
 1651 065a 3D       		.byte	61
 1652 065b 20       		.byte	32
 1653 065c 3E       		.byte	62
ARM GAS  C:\Users\alex\AppData\Local\Temp\cc6w3KqT.s 			page 30


 1654 065d 80       		.byte	-128
 1655 065e 3F       		.byte	63
 1656 065f 04       		.byte	4
 1657 0660 40       		.byte	64
 1658 0661 02       		.byte	2
 1659 0662 42       		.byte	66
 1660 0663 40       		.byte	64
 1661 0664 43       		.byte	67
 1662 0665 10       		.byte	16
 1663 0666 48       		.byte	72
 1664 0667 48       		.byte	72
 1665 0668 4A       		.byte	74
 1666 0669 05       		.byte	5
 1667 066a 53       		.byte	83
 1668 066b 40       		.byte	64
 1669 066c 59       		.byte	89
 1670 066d 40       		.byte	64
 1671 066e 64       		.byte	100
 1672 066f 40       		.byte	64
 1673 0670 66       		.byte	102
 1674 0671 01       		.byte	1
 1675 0672 7B       		.byte	123
 1676 0673 40       		.byte	64
 1677 0674 82       		.byte	-126
 1678 0675 80       		.byte	-128
 1679 0676 86       		.byte	-122
 1680 0677 52       		.byte	82
 1681 0678 8A       		.byte	-118
 1682 0679 80       		.byte	-128
 1683 067a 8F       		.byte	-113
 1684 067b 04       		.byte	4
 1685 067c 93       		.byte	-109
 1686 067d 04       		.byte	4
 1687 067e 98       		.byte	-104
 1688 067f 40       		.byte	64
 1689 0680 99       		.byte	-103
 1690 0681 80       		.byte	-128
 1691 0682 9A       		.byte	-102
 1692 0683 04       		.byte	4
 1693 0684 9F       		.byte	-97
 1694 0685 20       		.byte	32
 1695 0686 A0       		.byte	-96
 1696 0687 08       		.byte	8
 1697 0688 A1       		.byte	-95
 1698 0689 10       		.byte	16
 1699 068a A2       		.byte	-94
 1700 068b 21       		.byte	33
 1701 068c A3       		.byte	-93
 1702 068d 60       		.byte	96
 1703 068e A8       		.byte	-88
 1704 068f 08       		.byte	8
 1705 0690 AA       		.byte	-86
 1706 0691 04       		.byte	4
 1707 0692 AF       		.byte	-81
 1708 0693 20       		.byte	32
 1709 0694 B0       		.byte	-80
 1710 0695 40       		.byte	64
ARM GAS  C:\Users\alex\AppData\Local\Temp\cc6w3KqT.s 			page 31


 1711 0696 B2       		.byte	-78
 1712 0697 20       		.byte	32
 1713 0698 B3       		.byte	-77
 1714 0699 24       		.byte	36
 1715 069a C0       		.byte	-64
 1716 069b A6       		.byte	-90
 1717 069c C2       		.byte	-62
 1718 069d 9F       		.byte	-97
 1719 069e C4       		.byte	-60
 1720 069f F2       		.byte	-14
 1721 06a0 CA       		.byte	-54
 1722 06a1 57       		.byte	87
 1723 06a2 CC       		.byte	-52
 1724 06a3 3C       		.byte	60
 1725 06a4 CE       		.byte	-50
 1726 06a5 7F       		.byte	127
 1727 06a6 D0       		.byte	-48
 1728 06a7 0D       		.byte	13
 1729 06a8 D2       		.byte	-46
 1730 06a9 0C       		.byte	12
 1731 06aa D6       		.byte	-42
 1732 06ab 08       		.byte	8
 1733 06ac DE       		.byte	-34
 1734 06ad 01       		.byte	1
 1735 06ae E0       		.byte	-32
 1736 06af 80       		.byte	-128
 1737 06b0 E4       		.byte	-28
 1738 06b1 10       		.byte	16
 1739 06b2 E8       		.byte	-24
 1740 06b3 A0       		.byte	-96
 1741 06b4 EC       		.byte	-20
 1742 06b5 20       		.byte	32
 1743 06b6 01       		.byte	1
 1744 06b7 03       		.byte	3
 1745 06b8 05       		.byte	5
 1746 06b9 03       		.byte	3
 1747 06ba 09       		.byte	9
 1748 06bb 03       		.byte	3
 1749 06bc 0E       		.byte	14
 1750 06bd 04       		.byte	4
 1751 06be 12       		.byte	18
 1752 06bf 04       		.byte	4
 1753 06c0 13       		.byte	19
 1754 06c1 03       		.byte	3
 1755 06c2 19       		.byte	25
 1756 06c3 01       		.byte	1
 1757 06c4 1A       		.byte	26
 1758 06c5 01       		.byte	1
 1759 06c6 1C       		.byte	28
 1760 06c7 01       		.byte	1
 1761 06c8 22       		.byte	34
 1762 06c9 02       		.byte	2
 1763 06ca 23       		.byte	35
 1764 06cb 03       		.byte	3
 1765 06cc 27       		.byte	39
 1766 06cd 03       		.byte	3
 1767 06ce 29       		.byte	41
ARM GAS  C:\Users\alex\AppData\Local\Temp\cc6w3KqT.s 			page 32


 1768 06cf 02       		.byte	2
 1769 06d0 30       		.byte	48
 1770 06d1 04       		.byte	4
 1771 06d2 34       		.byte	52
 1772 06d3 03       		.byte	3
 1773 06d4 37       		.byte	55
 1774 06d5 03       		.byte	3
 1775 06d6 3E       		.byte	62
 1776 06d7 01       		.byte	1
 1777 06d8 54       		.byte	84
 1778 06d9 18       		.byte	24
 1779 06da 56       		.byte	86
 1780 06db 04       		.byte	4
 1781 06dc 58       		.byte	88
 1782 06dd 04       		.byte	4
 1783 06de 59       		.byte	89
 1784 06df 04       		.byte	4
 1785 06e0 5B       		.byte	91
 1786 06e1 04       		.byte	4
 1787 06e2 5C       		.byte	92
 1788 06e3 19       		.byte	25
 1789 06e4 5D       		.byte	93
 1790 06e5 10       		.byte	16
 1791 06e6 5F       		.byte	95
 1792 06e7 01       		.byte	1
 1793 06e8 80       		.byte	-128
 1794 06e9 06       		.byte	6
 1795 06ea 82       		.byte	-126
 1796 06eb 01       		.byte	1
 1797 06ec 83       		.byte	-125
 1798 06ed 03       		.byte	3
 1799 06ee 84       		.byte	-124
 1800 06ef 01       		.byte	1
 1801 06f0 85       		.byte	-123
 1802 06f1 01       		.byte	1
 1803 06f2 86       		.byte	-122
 1804 06f3 06       		.byte	6
 1805 06f4 88       		.byte	-120
 1806 06f5 08       		.byte	8
 1807 06f6 8A       		.byte	-118
 1808 06f7 10       		.byte	16
 1809 06f8 8C       		.byte	-116
 1810 06f9 18       		.byte	24
 1811 06fa 8D       		.byte	-115
 1812 06fb 03       		.byte	3
 1813 06fc 90       		.byte	-112
 1814 06fd 06       		.byte	6
 1815 06fe 91       		.byte	-111
 1816 06ff 0F       		.byte	15
 1817 0700 94       		.byte	-108
 1818 0701 18       		.byte	24
 1819 0702 95       		.byte	-107
 1820 0703 08       		.byte	8
 1821 0704 98       		.byte	-104
 1822 0705 07       		.byte	7
 1823 0706 99       		.byte	-103
 1824 0707 03       		.byte	3
ARM GAS  C:\Users\alex\AppData\Local\Temp\cc6w3KqT.s 			page 33


 1825 0708 9B       		.byte	-101
 1826 0709 0C       		.byte	12
 1827 070a 9D       		.byte	-99
 1828 070b 02       		.byte	2
 1829 070c 9E       		.byte	-98
 1830 070d 01       		.byte	1
 1831 070e A0       		.byte	-96
 1832 070f 02       		.byte	2
 1833 0710 A1       		.byte	-95
 1834 0711 04       		.byte	4
 1835 0712 A4       		.byte	-92
 1836 0713 04       		.byte	4
 1837 0714 A5       		.byte	-91
 1838 0715 0C       		.byte	12
 1839 0716 A7       		.byte	-89
 1840 0717 03       		.byte	3
 1841 0718 A8       		.byte	-88
 1842 0719 10       		.byte	16
 1843 071a A9       		.byte	-87
 1844 071b 0F       		.byte	15
 1845 071c AA       		.byte	-86
 1846 071d 28       		.byte	40
 1847 071e AC       		.byte	-84
 1848 071f 07       		.byte	7
 1849 0720 AD       		.byte	-83
 1850 0721 0C       		.byte	12
 1851 0722 B0       		.byte	-80
 1852 0723 07       		.byte	7
 1853 0724 B2       		.byte	-78
 1854 0725 20       		.byte	32
 1855 0726 B3       		.byte	-77
 1856 0727 0F       		.byte	15
 1857 0728 B4       		.byte	-76
 1858 0729 18       		.byte	24
 1859 072a BB       		.byte	-69
 1860 072b 08       		.byte	8
 1861 072c D6       		.byte	-42
 1862 072d 08       		.byte	8
 1863 072e D8       		.byte	-40
 1864 072f 04       		.byte	4
 1865 0730 D9       		.byte	-39
 1866 0731 04       		.byte	4
 1867 0732 DB       		.byte	-37
 1868 0733 04       		.byte	4
 1869 0734 DC       		.byte	-36
 1870 0735 11       		.byte	17
 1871 0736 DD       		.byte	-35
 1872 0737 90       		.byte	-112
 1873 0738 DF       		.byte	-33
 1874 0739 01       		.byte	1
 1875 073a 00       		.byte	0
 1876 073b 80       		.byte	-128
 1877 073c 04       		.byte	4
 1878 073d 80       		.byte	-128
 1879 073e 05       		.byte	5
 1880 073f 11       		.byte	17
 1881 0740 07       		.byte	7
ARM GAS  C:\Users\alex\AppData\Local\Temp\cc6w3KqT.s 			page 34


 1882 0741 20       		.byte	32
 1883 0742 08       		.byte	8
 1884 0743 02       		.byte	2
 1885 0744 0A       		.byte	10
 1886 0745 45       		.byte	69
 1887 0746 0C       		.byte	12
 1888 0747 41       		.byte	65
 1889 0748 0E       		.byte	14
 1890 0749 2A       		.byte	42
 1891 074a 0F       		.byte	15
 1892 074b 01       		.byte	1
 1893 074c 12       		.byte	18
 1894 074d 40       		.byte	64
 1895 074e 14       		.byte	20
 1896 074f 08       		.byte	8
 1897 0750 15       		.byte	21
 1898 0751 01       		.byte	1
 1899 0752 16       		.byte	22
 1900 0753 01       		.byte	1
 1901 0754 17       		.byte	23
 1902 0755 05       		.byte	5
 1903 0756 1A       		.byte	26
 1904 0757 04       		.byte	4
 1905 0758 1B       		.byte	27
 1906 0759 01       		.byte	1
 1907 075a 1C       		.byte	28
 1908 075b 08       		.byte	8
 1909 075c 1D       		.byte	29
 1910 075d 10       		.byte	16
 1911 075e 1E       		.byte	30
 1912 075f 40       		.byte	64
 1913 0760 1F       		.byte	31
 1914 0761 04       		.byte	4
 1915 0762 23       		.byte	35
 1916 0763 02       		.byte	2
 1917 0764 24       		.byte	36
 1918 0765 20       		.byte	32
 1919 0766 27       		.byte	39
 1920 0767 30       		.byte	48
 1921 0768 28       		.byte	40
 1922 0769 48       		.byte	72
 1923 076a 2B       		.byte	43
 1924 076b 20       		.byte	32
 1925 076c 2C       		.byte	44
 1926 076d 09       		.byte	9
 1927 076e 2D       		.byte	45
 1928 076f 01       		.byte	1
 1929 0770 2F       		.byte	47
 1930 0771 20       		.byte	32
 1931 0772 31       		.byte	49
 1932 0773 11       		.byte	17
 1933 0774 35       		.byte	53
 1934 0775 01       		.byte	1
 1935 0776 36       		.byte	54
 1936 0777 80       		.byte	-128
 1937 0778 37       		.byte	55
 1938 0779 24       		.byte	36
ARM GAS  C:\Users\alex\AppData\Local\Temp\cc6w3KqT.s 			page 35


 1939 077a 38       		.byte	56
 1940 077b 20       		.byte	32
 1941 077c 3A       		.byte	58
 1942 077d 04       		.byte	4
 1943 077e 3B       		.byte	59
 1944 077f 02       		.byte	2
 1945 0780 3C       		.byte	60
 1946 0781 08       		.byte	8
 1947 0782 3D       		.byte	61
 1948 0783 80       		.byte	-128
 1949 0784 3F       		.byte	63
 1950 0785 01       		.byte	1
 1951 0786 5B       		.byte	91
 1952 0787 02       		.byte	2
 1953 0788 5C       		.byte	92
 1954 0789 80       		.byte	-128
 1955 078a 60       		.byte	96
 1956 078b 04       		.byte	4
 1957 078c 62       		.byte	98
 1958 078d 02       		.byte	2
 1959 078e 63       		.byte	99
 1960 078f 02       		.byte	2
 1961 0790 66       		.byte	102
 1962 0791 40       		.byte	64
 1963 0792 82       		.byte	-126
 1964 0793 02       		.byte	2
 1965 0794 84       		.byte	-124
 1966 0795 08       		.byte	8
 1967 0796 86       		.byte	-122
 1968 0797 80       		.byte	-128
 1969 0798 88       		.byte	-120
 1970 0799 80       		.byte	-128
 1971 079a 8B       		.byte	-117
 1972 079b 04       		.byte	4
 1973 079c 90       		.byte	-112
 1974 079d 84       		.byte	-124
 1975 079e 92       		.byte	-110
 1976 079f 01       		.byte	1
 1977 07a0 93       		.byte	-109
 1978 07a1 02       		.byte	2
 1979 07a2 94       		.byte	-108
 1980 07a3 20       		.byte	32
 1981 07a4 96       		.byte	-106
 1982 07a5 04       		.byte	4
 1983 07a6 98       		.byte	-104
 1984 07a7 01       		.byte	1
 1985 07a8 99       		.byte	-103
 1986 07a9 01       		.byte	1
 1987 07aa 9A       		.byte	-102
 1988 07ab 05       		.byte	5
 1989 07ac 9B       		.byte	-101
 1990 07ad 05       		.byte	5
 1991 07ae 9C       		.byte	-100
 1992 07af 0A       		.byte	10
 1993 07b0 9F       		.byte	-97
 1994 07b1 30       		.byte	48
 1995 07b2 A0       		.byte	-96
ARM GAS  C:\Users\alex\AppData\Local\Temp\cc6w3KqT.s 			page 36


 1996 07b3 48       		.byte	72
 1997 07b4 A1       		.byte	-95
 1998 07b5 40       		.byte	64
 1999 07b6 A2       		.byte	-94
 2000 07b7 15       		.byte	21
 2001 07b8 A3       		.byte	-93
 2002 07b9 20       		.byte	32
 2003 07ba A4       		.byte	-92
 2004 07bb 04       		.byte	4
 2005 07bc AB       		.byte	-85
 2006 07bd 08       		.byte	8
 2007 07be AC       		.byte	-84
 2008 07bf 01       		.byte	1
 2009 07c0 B2       		.byte	-78
 2010 07c1 01       		.byte	1
 2011 07c2 B3       		.byte	-77
 2012 07c3 11       		.byte	17
 2013 07c4 B4       		.byte	-76
 2014 07c5 40       		.byte	64
 2015 07c6 C0       		.byte	-64
 2016 07c7 F1       		.byte	-15
 2017 07c8 C2       		.byte	-62
 2018 07c9 FB       		.byte	-5
 2019 07ca C4       		.byte	-60
 2020 07cb F8       		.byte	-8
 2021 07cc CA       		.byte	-54
 2022 07cd F7       		.byte	-9
 2023 07ce CC       		.byte	-52
 2024 07cf F5       		.byte	-11
 2025 07d0 CE       		.byte	-50
 2026 07d1 D7       		.byte	-41
 2027 07d2 D6       		.byte	-42
 2028 07d3 11       		.byte	17
 2029 07d4 D8       		.byte	-40
 2030 07d5 1D       		.byte	29
 2031 07d6 E0       		.byte	-32
 2032 07d7 20       		.byte	32
 2033 07d8 E2       		.byte	-30
 2034 07d9 80       		.byte	-128
 2035 07da E8       		.byte	-24
 2036 07db 30       		.byte	48
 2037 07dc EA       		.byte	-22
 2038 07dd 80       		.byte	-128
 2039 07de EC       		.byte	-20
 2040 07df 30       		.byte	48
 2041 07e0 EE       		.byte	-18
 2042 07e1 80       		.byte	-128
 2043 07e2 13       		.byte	19
 2044 07e3 02       		.byte	2
 2045 07e4 16       		.byte	22
 2046 07e5 80       		.byte	-128
 2047 07e6 30       		.byte	48
 2048 07e7 22       		.byte	34
 2049 07e8 37       		.byte	55
 2050 07e9 20       		.byte	32
 2051 07ea 3B       		.byte	59
 2052 07eb 02       		.byte	2
ARM GAS  C:\Users\alex\AppData\Local\Temp\cc6w3KqT.s 			page 37


 2053 07ec 3E       		.byte	62
 2054 07ed 80       		.byte	-128
 2055 07ee 52       		.byte	82
 2056 07ef 80       		.byte	-128
 2057 07f0 66       		.byte	102
 2058 07f1 02       		.byte	2
 2059 07f2 83       		.byte	-125
 2060 07f3 20       		.byte	32
 2061 07f4 C4       		.byte	-60
 2062 07f5 30       		.byte	48
 2063 07f6 CC       		.byte	-52
 2064 07f7 70       		.byte	112
 2065 07f8 CE       		.byte	-50
 2066 07f9 60       		.byte	96
 2067 07fa D4       		.byte	-44
 2068 07fb 20       		.byte	32
 2069 07fc D8       		.byte	-40
 2070 07fd 80       		.byte	-128
 2071 07fe E2       		.byte	-30
 2072 07ff 80       		.byte	-128
 2073 0800 64       		.byte	100
 2074 0801 10       		.byte	16
 2075 0802 66       		.byte	102
 2076 0803 40       		.byte	64
 2077 0804 86       		.byte	-122
 2078 0805 80       		.byte	-128
 2079 0806 8E       		.byte	-114
 2080 0807 02       		.byte	2
 2081 0808 97       		.byte	-105
 2082 0809 02       		.byte	2
 2083 080a 9B       		.byte	-101
 2084 080b 02       		.byte	2
 2085 080c 9E       		.byte	-98
 2086 080d 02       		.byte	2
 2087 080e A4       		.byte	-92
 2088 080f 22       		.byte	34
 2089 0810 A6       		.byte	-90
 2090 0811 80       		.byte	-128
 2091 0812 D6       		.byte	-42
 2092 0813 80       		.byte	-128
 2093 0814 D8       		.byte	-40
 2094 0815 80       		.byte	-128
 2095 0816 E6       		.byte	-26
 2096 0817 10       		.byte	16
 2097 0818 97       		.byte	-105
 2098 0819 02       		.byte	2
 2099 081a 9B       		.byte	-101
 2100 081b 02       		.byte	2
 2101 081c 9C       		.byte	-100
 2102 081d 10       		.byte	16
 2103 081e 9E       		.byte	-98
 2104 081f 40       		.byte	64
 2105 0820 A4       		.byte	-92
 2106 0821 22       		.byte	34
 2107 0822 9B       		.byte	-101
 2108 0823 02       		.byte	2
 2109 0824 9C       		.byte	-100
ARM GAS  C:\Users\alex\AppData\Local\Temp\cc6w3KqT.s 			page 38


 2110 0825 10       		.byte	16
 2111 0826 9E       		.byte	-98
 2112 0827 40       		.byte	64
 2113 0828 A4       		.byte	-92
 2114 0829 22       		.byte	34
 2115 082a AB       		.byte	-85
 2116 082b 01       		.byte	1
 2117 082c EE       		.byte	-18
 2118 082d 20       		.byte	32
 2119 082e 8C       		.byte	-116
 2120 082f 10       		.byte	16
 2121 0830 E2       		.byte	-30
 2122 0831 08       		.byte	8
 2123 0832 1B       		.byte	27
 2124 0833 04       		.byte	4
 2125 0834 24       		.byte	36
 2126 0835 10       		.byte	16
 2127 0836 8B       		.byte	-117
 2128 0837 08       		.byte	8
 2129 0838 94       		.byte	-108
 2130 0839 10       		.byte	16
 2131 083a C6       		.byte	-58
 2132 083b 08       		.byte	8
 2133 083c C8       		.byte	-56
 2134 083d 01       		.byte	1
 2135 083e E4       		.byte	-28
 2136 083f 01       		.byte	1
 2137 0840 44       		.byte	68
 2138 0841 02       		.byte	2
 2139 0842 9B       		.byte	-101
 2140 0843 08       		.byte	8
 2141 0844 AB       		.byte	-85
 2142 0845 04       		.byte	4
 2143 0846 D0       		.byte	-48
 2144 0847 04       		.byte	4
 2145 0848 24       		.byte	36
 2146 0849 08       		.byte	8
 2147 084a 88       		.byte	-120
 2148 084b 10       		.byte	16
 2149 084c 9B       		.byte	-101
 2150 084d 02       		.byte	2
 2151 084e 9C       		.byte	-100
 2152 084f 10       		.byte	16
 2153 0850 9E       		.byte	-98
 2154 0851 40       		.byte	64
 2155 0852 A4       		.byte	-92
 2156 0853 22       		.byte	34
 2157 0854 C8       		.byte	-56
 2158 0855 20       		.byte	32
 2159 0856 80       		.byte	-128
 2160 0857 20       		.byte	32
 2161 0858 86       		.byte	-122
 2162 0859 40       		.byte	64
 2163 085a 8B       		.byte	-117
 2164 085b 02       		.byte	2
 2165 085c 9B       		.byte	-101
 2166 085d 02       		.byte	2
ARM GAS  C:\Users\alex\AppData\Local\Temp\cc6w3KqT.s 			page 39


 2167 085e 9E       		.byte	-98
 2168 085f 40       		.byte	64
 2169 0860 A4       		.byte	-92
 2170 0861 20       		.byte	32
 2171 0862 B0       		.byte	-80
 2172 0863 02       		.byte	2
 2173 0864 B4       		.byte	-76
 2174 0865 04       		.byte	4
 2175 0866 E2       		.byte	-30
 2176 0867 90       		.byte	-112
 2177 0868 08       		.byte	8
 2178 0869 08       		.byte	8
 2179 086a 5F       		.byte	95
 2180 086b 08       		.byte	8
 2181 086c 64       		.byte	100
 2182 086d 04       		.byte	4
 2183 086e 9B       		.byte	-101
 2184 086f 08       		.byte	8
 2185 0870 9C       		.byte	-100
 2186 0871 02       		.byte	2
 2187 0872 C2       		.byte	-62
 2188 0873 08       		.byte	8
 2189 0874 D6       		.byte	-42
 2190 0875 01       		.byte	1
 2191 0876 D8       		.byte	-40
 2192 0877 01       		.byte	1
 2193 0878 B0       		.byte	-80
 2194 0879 0C       		.byte	12
 2195 087a B4       		.byte	-76
 2196 087b 02       		.byte	2
 2197 087c E8       		.byte	-24
 2198 087d 08       		.byte	8
 2199 087e EA       		.byte	-22
 2200 087f 01       		.byte	1
 2201 0880 EC       		.byte	-20
 2202 0881 01       		.byte	1
 2203 0882 00       		.byte	0
 2204 0883 03       		.byte	3
 2205 0884 08       		.byte	8
 2206 0885 03       		.byte	3
 2207 0886 0A       		.byte	10
 2208 0887 03       		.byte	3
 2209 0888 10       		.byte	16
 2210 0889 03       		.byte	3
 2211 088a 11       		.byte	17
 2212 088b 01       		.byte	1
 2213 088c 1A       		.byte	26
 2214 088d 03       		.byte	3
 2215 088e 1B       		.byte	27
 2216 088f 01       		.byte	1
 2217 0890 1C       		.byte	28
 2218 0891 03       		.byte	3
 2219 0892 1D       		.byte	29
 2220 0893 01       		.byte	1
 2221 0894 00       		.byte	0
 2222 0895 3F       		.byte	63
 2223 0896 10       		.byte	16
ARM GAS  C:\Users\alex\AppData\Local\Temp\cc6w3KqT.s 			page 40


 2224 0897 0A       		.byte	10
 2225 0898 00       		.byte	0
 2226 0899 FF       		.byte	-1
 2227 089a FF       		.byte	-1
 2228 089b 00       		.byte	0
 2229 089c C0       		.byte	-64
 2230 089d 00       		.byte	0
 2231 089e 00       		.byte	0
 2232 089f 00       		.byte	0
 2233 08a0 20       		.byte	32
 2234 08a1 00       		.byte	0
 2235 08a2 00       		.byte	0
 2236 08a3 20       		.byte	32
 2237 08a4 00       		.byte	0
 2238 08a5 00       		.byte	0
 2239 08a6 00       		.byte	0
 2240 08a7 00       		.byte	0
 2241 08a8 00       		.byte	0
 2242 08a9 00       		.byte	0
 2243 08aa 00       		.byte	0
 2244 08ab 00       		.byte	0
 2245 08ac 14       		.byte	20
 2246 08ad EF       		.byte	-17
 2247 08ae EB       		.byte	-21
 2248 08af 00       		.byte	0
 2249 08b0 60       		.byte	96
 2250 08b1 00       		.byte	0
 2251 08b2 00       		.byte	0
 2252 08b3 00       		.byte	0
 2253 08b4 80       		.byte	-128
 2254 08b5 FF       		.byte	-1
 2255 08b6 7F       		.byte	127
 2256 08b7 00       		.byte	0
 2257 08b8 00       		.byte	0
 2258 08b9 00       		.byte	0
 2259 08ba 00       		.byte	0
 2260 08bb 00       		.byte	0
 2261 08bc 0F       		.byte	15
 2262 08bd FF       		.byte	-1
 2263 08be F0       		.byte	-16
 2264 08bf 00       		.byte	0
 2265 08c0 00       		.byte	0
 2266 08c1 00       		.byte	0
 2267 08c2 00       		.byte	0
 2268 08c3 00       		.byte	0
 2269 08c4 01       		.byte	1
 2270 08c5 00       		.byte	0
 2271 08c6 00       		.byte	0
 2272 08c7 BB       		.byte	-69
 2273 08c8 BA       		.byte	-70
 2274 08c9 00       		.byte	0
 2275 08ca 00       		.byte	0
 2276 08cb 44       		.byte	68
 2277 08cc 44       		.byte	68
 2278 08cd 00       		.byte	0
 2279 08ce 00       		.byte	0
 2280 08cf 00       		.byte	0
ARM GAS  C:\Users\alex\AppData\Local\Temp\cc6w3KqT.s 			page 41


 2281 08d0 01       		.byte	1
 2282 08d1 00       		.byte	0
 2283 08d2 00       		.byte	0
 2284 08d3 03       		.byte	3
 2285 08d4 02       		.byte	2
 2286 08d5 00       		.byte	0
 2287 08d6 00       		.byte	0
 2288 08d7 00       		.byte	0
 2289 08d8 00       		.byte	0
 2290 08d9 00       		.byte	0
 2291 08da 00       		.byte	0
 2292 08db 00       		.byte	0
 2293 08dc 04       		.byte	4
 2294 08dd 00       		.byte	0
 2295 08de 00       		.byte	0
 2296 08df 04       		.byte	4
 2297 08e0 00       		.byte	0
 2298 08e1 00       		.byte	0
 2299 08e2 00       		.byte	0
 2300 08e3 00       		.byte	0
 2301 08e4 00       		.byte	0
 2302 08e5 00       		.byte	0
 2303 08e6 00       		.byte	0
 2304 08e7 00       		.byte	0
 2305 08e8 00       		.byte	0
 2306 08e9 01       		.byte	1
 2307 08ea 00       		.byte	0
 2308 08eb 00       		.byte	0
 2309              		.global	cy_meta_custnvl
 2310              		.section	.cycustnvl,"a",%progbits
 2311              		.align	2
 2312              		.type	cy_meta_custnvl, %object
 2313              		.size	cy_meta_custnvl, 4
 2314              	cy_meta_custnvl:
 2315 0000 00       		.byte	0
 2316 0001 00       		.byte	0
 2317 0002 40       		.byte	64
 2318 0003 04       		.byte	4
 2319              		.global	cy_meta_wonvl
 2320              		.section	.cywolatch,"a",%progbits
 2321              		.align	2
 2322              		.type	cy_meta_wonvl, %object
 2323              		.size	cy_meta_wonvl, 4
 2324              	cy_meta_wonvl:
 2325 0000 BC       		.byte	-68
 2326 0001 90       		.byte	-112
 2327 0002 AC       		.byte	-84
 2328 0003 AF       		.byte	-81
 2329              		.global	cy_meta_flashprotect
 2330              		.section	.cyflashprotect,"a",%progbits
 2331              		.align	2
 2332              		.type	cy_meta_flashprotect, %object
 2333              		.size	cy_meta_flashprotect, 256
 2334              	cy_meta_flashprotect:
 2335 0000 00000000 		.space	256
 2335      00000000 
 2335      00000000 
ARM GAS  C:\Users\alex\AppData\Local\Temp\cc6w3KqT.s 			page 42


 2335      00000000 
 2335      00000000 
 2336              		.global	cy_metadata
 2337              		.section	.cymeta,"a",%progbits
 2338              		.align	2
 2339              		.type	cy_metadata, %object
 2340              		.size	cy_metadata, 12
 2341              	cy_metadata:
 2342 0000 00       		.byte	0
 2343 0001 01       		.byte	1
 2344 0002 2E       		.byte	46
 2345 0003 12       		.byte	18
 2346 0004 00       		.byte	0
 2347 0005 69       		.byte	105
 2348 0006 00       		.byte	0
 2349 0007 01       		.byte	1
 2350 0008 00       		.byte	0
 2351 0009 00       		.byte	0
 2352 000a 00       		.byte	0
 2353 000b 00       		.byte	0
 2354              		.text
 2355              	.Letext0:
 2356              		.file 1 "c:\\program files (x86)\\cypress\\psoc creator\\4.4\\psoc creator\\import\\gnu\\arm\\5.4.
 2357              		.file 2 "c:\\program files (x86)\\cypress\\psoc creator\\4.4\\psoc creator\\import\\gnu\\arm\\5.4.
 2358              		.file 3 "Generated_Source\\PSoC5\\cymetadata.c"
 2359              		.section	.debug_info,"",%progbits
 2360              	.Ldebug_info0:
 2361 0000 35010000 		.4byte	0x135
 2362 0004 0400     		.2byte	0x4
 2363 0006 00000000 		.4byte	.Ldebug_abbrev0
 2364 000a 04       		.byte	0x4
 2365 000b 01       		.uleb128 0x1
 2366 000c 0A000000 		.4byte	.LASF17
 2367 0010 0C       		.byte	0xc
 2368 0011 F8010000 		.4byte	.LASF18
 2369 0015 A4000000 		.4byte	.LASF19
 2370 0019 00000000 		.4byte	.Ldebug_line0
 2371 001d 02       		.uleb128 0x2
 2372 001e 01       		.byte	0x1
 2373 001f 06       		.byte	0x6
 2374 0020 EC010000 		.4byte	.LASF0
 2375 0024 03       		.uleb128 0x3
 2376 0025 00000000 		.4byte	.LASF9
 2377 0029 01       		.byte	0x1
 2378 002a 1D       		.byte	0x1d
 2379 002b 2F000000 		.4byte	0x2f
 2380 002f 02       		.uleb128 0x2
 2381 0030 01       		.byte	0x1
 2382 0031 08       		.byte	0x8
 2383 0032 1E010000 		.4byte	.LASF1
 2384 0036 02       		.uleb128 0x2
 2385 0037 02       		.byte	0x2
 2386 0038 05       		.byte	0x5
 2387 0039 D9010000 		.4byte	.LASF2
 2388 003d 02       		.uleb128 0x2
 2389 003e 02       		.byte	0x2
 2390 003f 07       		.byte	0x7
ARM GAS  C:\Users\alex\AppData\Local\Temp\cc6w3KqT.s 			page 43


 2391 0040 3E010000 		.4byte	.LASF3
 2392 0044 02       		.uleb128 0x2
 2393 0045 04       		.byte	0x4
 2394 0046 05       		.byte	0x5
 2395 0047 E3010000 		.4byte	.LASF4
 2396 004b 02       		.uleb128 0x2
 2397 004c 04       		.byte	0x4
 2398 004d 07       		.byte	0x7
 2399 004e 2C010000 		.4byte	.LASF5
 2400 0052 02       		.uleb128 0x2
 2401 0053 08       		.byte	0x8
 2402 0054 05       		.byte	0x5
 2403 0055 CB010000 		.4byte	.LASF6
 2404 0059 02       		.uleb128 0x2
 2405 005a 08       		.byte	0x8
 2406 005b 07       		.byte	0x7
 2407 005c 80010000 		.4byte	.LASF7
 2408 0060 04       		.uleb128 0x4
 2409 0061 04       		.byte	0x4
 2410 0062 05       		.byte	0x5
 2411 0063 696E7400 		.ascii	"int\000"
 2412 0067 02       		.uleb128 0x2
 2413 0068 04       		.byte	0x4
 2414 0069 07       		.byte	0x7
 2415 006a 73010000 		.4byte	.LASF8
 2416 006e 03       		.uleb128 0x3
 2417 006f 97010000 		.4byte	.LASF10
 2418 0073 02       		.byte	0x2
 2419 0074 18       		.byte	0x18
 2420 0075 24000000 		.4byte	0x24
 2421 0079 05       		.uleb128 0x5
 2422 007a 91000000 		.4byte	0x91
 2423 007e 8A000000 		.4byte	0x8a
 2424 0082 06       		.uleb128 0x6
 2425 0083 8A000000 		.4byte	0x8a
 2426 0087 EB08     		.2byte	0x8eb
 2427 0089 00       		.byte	0
 2428 008a 02       		.uleb128 0x2
 2429 008b 04       		.byte	0x4
 2430 008c 07       		.byte	0x7
 2431 008d C2010000 		.4byte	.LASF11
 2432 0091 07       		.uleb128 0x7
 2433 0092 6E000000 		.4byte	0x6e
 2434 0096 08       		.uleb128 0x8
 2435 0097 61010000 		.4byte	.LASF12
 2436 009b 03       		.byte	0x3
 2437 009c 1F       		.byte	0x1f
 2438 009d A7000000 		.4byte	0xa7
 2439 00a1 05       		.uleb128 0x5
 2440 00a2 03       		.byte	0x3
 2441 00a3 00000000 		.4byte	cy_meta_configecc
 2442 00a7 07       		.uleb128 0x7
 2443 00a8 79000000 		.4byte	0x79
 2444 00ac 05       		.uleb128 0x5
 2445 00ad 91000000 		.4byte	0x91
 2446 00b1 BC000000 		.4byte	0xbc
 2447 00b5 09       		.uleb128 0x9
ARM GAS  C:\Users\alex\AppData\Local\Temp\cc6w3KqT.s 			page 44


 2448 00b6 8A000000 		.4byte	0x8a
 2449 00ba 03       		.byte	0x3
 2450 00bb 00       		.byte	0
 2451 00bc 0A       		.uleb128 0xa
 2452 00bd 51010000 		.4byte	.LASF13
 2453 00c1 03       		.byte	0x3
 2454 00c2 4A01     		.2byte	0x14a
 2455 00c4 CE000000 		.4byte	0xce
 2456 00c8 05       		.uleb128 0x5
 2457 00c9 03       		.byte	0x3
 2458 00ca 00000000 		.4byte	cy_meta_custnvl
 2459 00ce 07       		.uleb128 0x7
 2460 00cf AC000000 		.4byte	0xac
 2461 00d3 0A       		.uleb128 0xa
 2462 00d4 B4010000 		.4byte	.LASF14
 2463 00d8 03       		.byte	0x3
 2464 00d9 5801     		.2byte	0x158
 2465 00db E5000000 		.4byte	0xe5
 2466 00df 05       		.uleb128 0x5
 2467 00e0 03       		.byte	0x3
 2468 00e1 00000000 		.4byte	cy_meta_wonvl
 2469 00e5 07       		.uleb128 0x7
 2470 00e6 AC000000 		.4byte	0xac
 2471 00ea 05       		.uleb128 0x5
 2472 00eb 91000000 		.4byte	0x91
 2473 00ef FA000000 		.4byte	0xfa
 2474 00f3 09       		.uleb128 0x9
 2475 00f4 8A000000 		.4byte	0x8a
 2476 00f8 FF       		.byte	0xff
 2477 00f9 00       		.byte	0
 2478 00fa 0A       		.uleb128 0xa
 2479 00fb 9F010000 		.4byte	.LASF15
 2480 00ff 03       		.byte	0x3
 2481 0100 6601     		.2byte	0x166
 2482 0102 0C010000 		.4byte	0x10c
 2483 0106 05       		.uleb128 0x5
 2484 0107 03       		.byte	0x3
 2485 0108 00000000 		.4byte	cy_meta_flashprotect
 2486 010c 07       		.uleb128 0x7
 2487 010d EA000000 		.4byte	0xea
 2488 0111 05       		.uleb128 0x5
 2489 0112 91000000 		.4byte	0x91
 2490 0116 21010000 		.4byte	0x121
 2491 011a 09       		.uleb128 0x9
 2492 011b 8A000000 		.4byte	0x8a
 2493 011f 0B       		.byte	0xb
 2494 0120 00       		.byte	0
 2495 0121 0A       		.uleb128 0xa
 2496 0122 98000000 		.4byte	.LASF16
 2497 0126 03       		.byte	0x3
 2498 0127 9301     		.2byte	0x193
 2499 0129 33010000 		.4byte	0x133
 2500 012d 05       		.uleb128 0x5
 2501 012e 03       		.byte	0x3
 2502 012f 00000000 		.4byte	cy_metadata
 2503 0133 07       		.uleb128 0x7
 2504 0134 11010000 		.4byte	0x111
ARM GAS  C:\Users\alex\AppData\Local\Temp\cc6w3KqT.s 			page 45


 2505 0138 00       		.byte	0
 2506              		.section	.debug_abbrev,"",%progbits
 2507              	.Ldebug_abbrev0:
 2508 0000 01       		.uleb128 0x1
 2509 0001 11       		.uleb128 0x11
 2510 0002 01       		.byte	0x1
 2511 0003 25       		.uleb128 0x25
 2512 0004 0E       		.uleb128 0xe
 2513 0005 13       		.uleb128 0x13
 2514 0006 0B       		.uleb128 0xb
 2515 0007 03       		.uleb128 0x3
 2516 0008 0E       		.uleb128 0xe
 2517 0009 1B       		.uleb128 0x1b
 2518 000a 0E       		.uleb128 0xe
 2519 000b 10       		.uleb128 0x10
 2520 000c 17       		.uleb128 0x17
 2521 000d 00       		.byte	0
 2522 000e 00       		.byte	0
 2523 000f 02       		.uleb128 0x2
 2524 0010 24       		.uleb128 0x24
 2525 0011 00       		.byte	0
 2526 0012 0B       		.uleb128 0xb
 2527 0013 0B       		.uleb128 0xb
 2528 0014 3E       		.uleb128 0x3e
 2529 0015 0B       		.uleb128 0xb
 2530 0016 03       		.uleb128 0x3
 2531 0017 0E       		.uleb128 0xe
 2532 0018 00       		.byte	0
 2533 0019 00       		.byte	0
 2534 001a 03       		.uleb128 0x3
 2535 001b 16       		.uleb128 0x16
 2536 001c 00       		.byte	0
 2537 001d 03       		.uleb128 0x3
 2538 001e 0E       		.uleb128 0xe
 2539 001f 3A       		.uleb128 0x3a
 2540 0020 0B       		.uleb128 0xb
 2541 0021 3B       		.uleb128 0x3b
 2542 0022 0B       		.uleb128 0xb
 2543 0023 49       		.uleb128 0x49
 2544 0024 13       		.uleb128 0x13
 2545 0025 00       		.byte	0
 2546 0026 00       		.byte	0
 2547 0027 04       		.uleb128 0x4
 2548 0028 24       		.uleb128 0x24
 2549 0029 00       		.byte	0
 2550 002a 0B       		.uleb128 0xb
 2551 002b 0B       		.uleb128 0xb
 2552 002c 3E       		.uleb128 0x3e
 2553 002d 0B       		.uleb128 0xb
 2554 002e 03       		.uleb128 0x3
 2555 002f 08       		.uleb128 0x8
 2556 0030 00       		.byte	0
 2557 0031 00       		.byte	0
 2558 0032 05       		.uleb128 0x5
 2559 0033 01       		.uleb128 0x1
 2560 0034 01       		.byte	0x1
 2561 0035 49       		.uleb128 0x49
ARM GAS  C:\Users\alex\AppData\Local\Temp\cc6w3KqT.s 			page 46


 2562 0036 13       		.uleb128 0x13
 2563 0037 01       		.uleb128 0x1
 2564 0038 13       		.uleb128 0x13
 2565 0039 00       		.byte	0
 2566 003a 00       		.byte	0
 2567 003b 06       		.uleb128 0x6
 2568 003c 21       		.uleb128 0x21
 2569 003d 00       		.byte	0
 2570 003e 49       		.uleb128 0x49
 2571 003f 13       		.uleb128 0x13
 2572 0040 2F       		.uleb128 0x2f
 2573 0041 05       		.uleb128 0x5
 2574 0042 00       		.byte	0
 2575 0043 00       		.byte	0
 2576 0044 07       		.uleb128 0x7
 2577 0045 26       		.uleb128 0x26
 2578 0046 00       		.byte	0
 2579 0047 49       		.uleb128 0x49
 2580 0048 13       		.uleb128 0x13
 2581 0049 00       		.byte	0
 2582 004a 00       		.byte	0
 2583 004b 08       		.uleb128 0x8
 2584 004c 34       		.uleb128 0x34
 2585 004d 00       		.byte	0
 2586 004e 03       		.uleb128 0x3
 2587 004f 0E       		.uleb128 0xe
 2588 0050 3A       		.uleb128 0x3a
 2589 0051 0B       		.uleb128 0xb
 2590 0052 3B       		.uleb128 0x3b
 2591 0053 0B       		.uleb128 0xb
 2592 0054 49       		.uleb128 0x49
 2593 0055 13       		.uleb128 0x13
 2594 0056 3F       		.uleb128 0x3f
 2595 0057 19       		.uleb128 0x19
 2596 0058 02       		.uleb128 0x2
 2597 0059 18       		.uleb128 0x18
 2598 005a 00       		.byte	0
 2599 005b 00       		.byte	0
 2600 005c 09       		.uleb128 0x9
 2601 005d 21       		.uleb128 0x21
 2602 005e 00       		.byte	0
 2603 005f 49       		.uleb128 0x49
 2604 0060 13       		.uleb128 0x13
 2605 0061 2F       		.uleb128 0x2f
 2606 0062 0B       		.uleb128 0xb
 2607 0063 00       		.byte	0
 2608 0064 00       		.byte	0
 2609 0065 0A       		.uleb128 0xa
 2610 0066 34       		.uleb128 0x34
 2611 0067 00       		.byte	0
 2612 0068 03       		.uleb128 0x3
 2613 0069 0E       		.uleb128 0xe
 2614 006a 3A       		.uleb128 0x3a
 2615 006b 0B       		.uleb128 0xb
 2616 006c 3B       		.uleb128 0x3b
 2617 006d 05       		.uleb128 0x5
 2618 006e 49       		.uleb128 0x49
ARM GAS  C:\Users\alex\AppData\Local\Temp\cc6w3KqT.s 			page 47


 2619 006f 13       		.uleb128 0x13
 2620 0070 3F       		.uleb128 0x3f
 2621 0071 19       		.uleb128 0x19
 2622 0072 02       		.uleb128 0x2
 2623 0073 18       		.uleb128 0x18
 2624 0074 00       		.byte	0
 2625 0075 00       		.byte	0
 2626 0076 00       		.byte	0
 2627              		.section	.debug_aranges,"",%progbits
 2628 0000 14000000 		.4byte	0x14
 2629 0004 0200     		.2byte	0x2
 2630 0006 00000000 		.4byte	.Ldebug_info0
 2631 000a 04       		.byte	0x4
 2632 000b 00       		.byte	0
 2633 000c 0000     		.2byte	0
 2634 000e 0000     		.2byte	0
 2635 0010 00000000 		.4byte	0
 2636 0014 00000000 		.4byte	0
 2637              		.section	.debug_line,"",%progbits
 2638              	.Ldebug_line0:
 2639 0000 3D010000 		.section	.debug_str,"MS",%progbits,1
 2639      02003701 
 2639      00000201 
 2639      FB0E0D00 
 2639      01010101 
 2640              	.LASF9:
 2641 0000 5F5F7569 		.ascii	"__uint8_t\000"
 2641      6E74385F 
 2641      7400
 2642              	.LASF17:
 2643 000a 474E5520 		.ascii	"GNU C11 5.4.1 20160609 (release) [ARM/embedded-5-br"
 2643      43313120 
 2643      352E342E 
 2643      31203230 
 2643      31363036 
 2644 003d 616E6368 		.ascii	"anch revision 237715] -mcpu=cortex-m3 -mthumb -g -O"
 2644      20726576 
 2644      6973696F 
 2644      6E203233 
 2644      37373135 
 2645 0070 30202D66 		.ascii	"0 -ffunction-sections -ffat-lto-objects\000"
 2645      66756E63 
 2645      74696F6E 
 2645      2D736563 
 2645      74696F6E 
 2646              	.LASF16:
 2647 0098 63795F6D 		.ascii	"cy_metadata\000"
 2647      65746164 
 2647      61746100 
 2648              	.LASF19:
 2649 00a4 483A5C42 		.ascii	"H:\\BCC722-RTOS-moinho\\UCoS\\Micrium_2\\Software\\"
 2649      43433732 
 2649      322D5254 
 2649      4F532D6D 
 2649      6F696E68 
 2650 00d2 4576616C 		.ascii	"EvalBoards\\Cypress\\CY8CKIT-050\\PSoC\\uCOS-III-Pr"
 2650      426F6172 
ARM GAS  C:\Users\alex\AppData\Local\Temp\cc6w3KqT.s 			page 48


 2650      64735C43 
 2650      79707265 
 2650      73735C43 
 2651 0101 6F62655C 		.ascii	"obe\\BCC722-RTOS-MOINHO.cydsn\000"
 2651      42434337 
 2651      32322D52 
 2651      544F532D 
 2651      4D4F494E 
 2652              	.LASF1:
 2653 011e 756E7369 		.ascii	"unsigned char\000"
 2653      676E6564 
 2653      20636861 
 2653      7200
 2654              	.LASF5:
 2655 012c 6C6F6E67 		.ascii	"long unsigned int\000"
 2655      20756E73 
 2655      69676E65 
 2655      6420696E 
 2655      7400
 2656              	.LASF3:
 2657 013e 73686F72 		.ascii	"short unsigned int\000"
 2657      7420756E 
 2657      7369676E 
 2657      65642069 
 2657      6E7400
 2658              	.LASF13:
 2659 0151 63795F6D 		.ascii	"cy_meta_custnvl\000"
 2659      6574615F 
 2659      63757374 
 2659      6E766C00 
 2660              	.LASF12:
 2661 0161 63795F6D 		.ascii	"cy_meta_configecc\000"
 2661      6574615F 
 2661      636F6E66 
 2661      69676563 
 2661      6300
 2662              	.LASF8:
 2663 0173 756E7369 		.ascii	"unsigned int\000"
 2663      676E6564 
 2663      20696E74 
 2663      00
 2664              	.LASF7:
 2665 0180 6C6F6E67 		.ascii	"long long unsigned int\000"
 2665      206C6F6E 
 2665      6720756E 
 2665      7369676E 
 2665      65642069 
 2666              	.LASF10:
 2667 0197 75696E74 		.ascii	"uint8_t\000"
 2667      385F7400 
 2668              	.LASF15:
 2669 019f 63795F6D 		.ascii	"cy_meta_flashprotect\000"
 2669      6574615F 
 2669      666C6173 
 2669      6870726F 
 2669      74656374 
 2670              	.LASF14:
ARM GAS  C:\Users\alex\AppData\Local\Temp\cc6w3KqT.s 			page 49


 2671 01b4 63795F6D 		.ascii	"cy_meta_wonvl\000"
 2671      6574615F 
 2671      776F6E76 
 2671      6C00
 2672              	.LASF11:
 2673 01c2 73697A65 		.ascii	"sizetype\000"
 2673      74797065 
 2673      00
 2674              	.LASF6:
 2675 01cb 6C6F6E67 		.ascii	"long long int\000"
 2675      206C6F6E 
 2675      6720696E 
 2675      7400
 2676              	.LASF2:
 2677 01d9 73686F72 		.ascii	"short int\000"
 2677      7420696E 
 2677      7400
 2678              	.LASF4:
 2679 01e3 6C6F6E67 		.ascii	"long int\000"
 2679      20696E74 
 2679      00
 2680              	.LASF0:
 2681 01ec 7369676E 		.ascii	"signed char\000"
 2681      65642063 
 2681      68617200 
 2682              	.LASF18:
 2683 01f8 47656E65 		.ascii	"Generated_Source\\PSoC5\\cymetadata.c\000"
 2683      72617465 
 2683      645F536F 
 2683      75726365 
 2683      5C50536F 
 2684              		.ident	"GCC: (GNU Tools for ARM Embedded Processors) 5.4.1 20160609 (release) [ARM/embedded-5-bran
