ARM GAS  C:\Users\alex\AppData\Local\Temp\ccUMzGCo.s 			page 1


   1              		.syntax unified
   2              		.cpu cortex-m3
   3              		.fpu softvfp
   4              		.eabi_attribute 20, 1
   5              		.eabi_attribute 21, 1
   6              		.eabi_attribute 23, 3
   7              		.eabi_attribute 24, 1
   8              		.eabi_attribute 25, 1
   9              		.eabi_attribute 26, 1
  10              		.eabi_attribute 30, 6
  11              		.eabi_attribute 34, 1
  12              		.eabi_attribute 18, 4
  13              		.thumb
  14              		.syntax unified
  15              		.file	"LED.c"
  16              		.text
  17              	.Ltext0:
  18              		.cfi_sections	.debug_frame
  19              		.section	.text.LED_Write,"ax",%progbits
  20              		.align	2
  21              		.global	LED_Write
  22              		.thumb
  23              		.thumb_func
  24              		.type	LED_Write, %function
  25              	LED_Write:
  26              	.LFB0:
  27              		.file 1 "Generated_Source\\PSoC5\\LED.c"
   1:Generated_Source\PSoC5/LED.c **** /*******************************************************************************
   2:Generated_Source\PSoC5/LED.c **** * File Name: LED.c  
   3:Generated_Source\PSoC5/LED.c **** * Version 2.20
   4:Generated_Source\PSoC5/LED.c **** *
   5:Generated_Source\PSoC5/LED.c **** * Description:
   6:Generated_Source\PSoC5/LED.c **** *  This file contains API to enable firmware control of a Pins component.
   7:Generated_Source\PSoC5/LED.c **** *
   8:Generated_Source\PSoC5/LED.c **** * Note:
   9:Generated_Source\PSoC5/LED.c **** *
  10:Generated_Source\PSoC5/LED.c **** ********************************************************************************
  11:Generated_Source\PSoC5/LED.c **** * Copyright 2008-2015, Cypress Semiconductor Corporation.  All rights reserved.
  12:Generated_Source\PSoC5/LED.c **** * You may use this file only in accordance with the license, terms, conditions, 
  13:Generated_Source\PSoC5/LED.c **** * disclaimers, and limitations in the end user license agreement accompanying 
  14:Generated_Source\PSoC5/LED.c **** * the software package with which this file was provided.
  15:Generated_Source\PSoC5/LED.c **** *******************************************************************************/
  16:Generated_Source\PSoC5/LED.c **** 
  17:Generated_Source\PSoC5/LED.c **** #include "cytypes.h"
  18:Generated_Source\PSoC5/LED.c **** #include "LED.h"
  19:Generated_Source\PSoC5/LED.c **** 
  20:Generated_Source\PSoC5/LED.c **** /* APIs are not generated for P15[7:6] on PSoC 5 */
  21:Generated_Source\PSoC5/LED.c **** #if !(CY_PSOC5A &&\
  22:Generated_Source\PSoC5/LED.c **** 	 LED__PORT == 15 && ((LED__MASK & 0xC0) != 0))
  23:Generated_Source\PSoC5/LED.c **** 
  24:Generated_Source\PSoC5/LED.c **** 
  25:Generated_Source\PSoC5/LED.c **** /*******************************************************************************
  26:Generated_Source\PSoC5/LED.c **** * Function Name: LED_Write
  27:Generated_Source\PSoC5/LED.c **** ****************************************************************************//**
  28:Generated_Source\PSoC5/LED.c **** *
  29:Generated_Source\PSoC5/LED.c **** * \brief Writes the value to the physical port (data output register), masking
  30:Generated_Source\PSoC5/LED.c **** *  and shifting the bits appropriately. 
ARM GAS  C:\Users\alex\AppData\Local\Temp\ccUMzGCo.s 			page 2


  31:Generated_Source\PSoC5/LED.c **** *
  32:Generated_Source\PSoC5/LED.c **** * The data output register controls the signal applied to the physical pin in 
  33:Generated_Source\PSoC5/LED.c **** * conjunction with the drive mode parameter. This function avoids changing 
  34:Generated_Source\PSoC5/LED.c **** * other bits in the port by using the appropriate method (read-modify-write or
  35:Generated_Source\PSoC5/LED.c **** * bit banding).
  36:Generated_Source\PSoC5/LED.c **** *
  37:Generated_Source\PSoC5/LED.c **** * <b>Note</b> This function should not be used on a hardware digital output pin 
  38:Generated_Source\PSoC5/LED.c **** * as it is driven by the hardware signal attached to it.
  39:Generated_Source\PSoC5/LED.c **** *
  40:Generated_Source\PSoC5/LED.c **** * \param value
  41:Generated_Source\PSoC5/LED.c **** *  Value to write to the component instance.
  42:Generated_Source\PSoC5/LED.c **** *
  43:Generated_Source\PSoC5/LED.c **** * \return 
  44:Generated_Source\PSoC5/LED.c **** *  None 
  45:Generated_Source\PSoC5/LED.c **** *
  46:Generated_Source\PSoC5/LED.c **** * \sideeffect
  47:Generated_Source\PSoC5/LED.c **** *  If you use read-modify-write operations that are not atomic; the Interrupt 
  48:Generated_Source\PSoC5/LED.c **** *  Service Routines (ISR) can cause corruption of this function. An ISR that 
  49:Generated_Source\PSoC5/LED.c **** *  interrupts this function and performs writes to the Pins component data 
  50:Generated_Source\PSoC5/LED.c **** *  register can cause corrupted port data. To avoid this issue, you should 
  51:Generated_Source\PSoC5/LED.c **** *  either use the Per-Pin APIs (primary method) or disable interrupts around 
  52:Generated_Source\PSoC5/LED.c **** *  this function.
  53:Generated_Source\PSoC5/LED.c **** *
  54:Generated_Source\PSoC5/LED.c **** * \funcusage
  55:Generated_Source\PSoC5/LED.c **** *  \snippet LED_SUT.c usage_LED_Write
  56:Generated_Source\PSoC5/LED.c **** *******************************************************************************/
  57:Generated_Source\PSoC5/LED.c **** void LED_Write(uint8 value)
  58:Generated_Source\PSoC5/LED.c **** {
  28              		.loc 1 58 0
  29              		.cfi_startproc
  30              		@ args = 0, pretend = 0, frame = 16
  31              		@ frame_needed = 1, uses_anonymous_args = 0
  32              		@ link register save eliminated.
  33 0000 80B4     		push	{r7}
  34              		.cfi_def_cfa_offset 4
  35              		.cfi_offset 7, -4
  36 0002 85B0     		sub	sp, sp, #20
  37              		.cfi_def_cfa_offset 24
  38 0004 00AF     		add	r7, sp, #0
  39              		.cfi_def_cfa_register 7
  40 0006 0346     		mov	r3, r0
  41 0008 FB71     		strb	r3, [r7, #7]
  59:Generated_Source\PSoC5/LED.c ****     uint8 staticBits = (LED_DR & (uint8)(~LED_MASK));
  42              		.loc 1 59 0
  43 000a 094B     		ldr	r3, .L2
  44 000c 1B78     		ldrb	r3, [r3]
  45 000e DBB2     		uxtb	r3, r3
  46 0010 03F03F03 		and	r3, r3, #63
  47 0014 FB73     		strb	r3, [r7, #15]
  60:Generated_Source\PSoC5/LED.c ****     LED_DR = staticBits | ((uint8)(value << LED_SHIFT) & LED_MASK);
  48              		.loc 1 60 0
  49 0016 0649     		ldr	r1, .L2
  50 0018 FB79     		ldrb	r3, [r7, #7]
  51 001a 9B01     		lsls	r3, r3, #6
  52 001c DAB2     		uxtb	r2, r3
  53 001e FB7B     		ldrb	r3, [r7, #15]
  54 0020 1343     		orrs	r3, r3, r2
ARM GAS  C:\Users\alex\AppData\Local\Temp\ccUMzGCo.s 			page 3


  55 0022 DBB2     		uxtb	r3, r3
  56 0024 0B70     		strb	r3, [r1]
  61:Generated_Source\PSoC5/LED.c **** }
  57              		.loc 1 61 0
  58 0026 00BF     		nop
  59 0028 1437     		adds	r7, r7, #20
  60              		.cfi_def_cfa_offset 4
  61 002a BD46     		mov	sp, r7
  62              		.cfi_def_cfa_register 13
  63              		@ sp needed
  64 002c 80BC     		pop	{r7}
  65              		.cfi_restore 7
  66              		.cfi_def_cfa_offset 0
  67 002e 7047     		bx	lr
  68              	.L3:
  69              		.align	2
  70              	.L2:
  71 0030 00510040 		.word	1073762560
  72              		.cfi_endproc
  73              	.LFE0:
  74              		.size	LED_Write, .-LED_Write
  75              		.section	.text.LED_SetDriveMode,"ax",%progbits
  76              		.align	2
  77              		.global	LED_SetDriveMode
  78              		.thumb
  79              		.thumb_func
  80              		.type	LED_SetDriveMode, %function
  81              	LED_SetDriveMode:
  82              	.LFB1:
  62:Generated_Source\PSoC5/LED.c **** 
  63:Generated_Source\PSoC5/LED.c **** 
  64:Generated_Source\PSoC5/LED.c **** /*******************************************************************************
  65:Generated_Source\PSoC5/LED.c **** * Function Name: LED_SetDriveMode
  66:Generated_Source\PSoC5/LED.c **** ****************************************************************************//**
  67:Generated_Source\PSoC5/LED.c **** *
  68:Generated_Source\PSoC5/LED.c **** * \brief Sets the drive mode for each of the Pins component's pins.
  69:Generated_Source\PSoC5/LED.c **** * 
  70:Generated_Source\PSoC5/LED.c **** * <b>Note</b> This affects all pins in the Pins component instance. Use the
  71:Generated_Source\PSoC5/LED.c **** * Per-Pin APIs if you wish to control individual pin's drive modes.
  72:Generated_Source\PSoC5/LED.c **** *
  73:Generated_Source\PSoC5/LED.c **** * \param mode
  74:Generated_Source\PSoC5/LED.c **** *  Mode for the selected signals. Valid options are documented in 
  75:Generated_Source\PSoC5/LED.c **** *  \ref driveMode.
  76:Generated_Source\PSoC5/LED.c **** *
  77:Generated_Source\PSoC5/LED.c **** * \return
  78:Generated_Source\PSoC5/LED.c **** *  None
  79:Generated_Source\PSoC5/LED.c **** *
  80:Generated_Source\PSoC5/LED.c **** * \sideeffect
  81:Generated_Source\PSoC5/LED.c **** *  If you use read-modify-write operations that are not atomic, the ISR can
  82:Generated_Source\PSoC5/LED.c **** *  cause corruption of this function. An ISR that interrupts this function 
  83:Generated_Source\PSoC5/LED.c **** *  and performs writes to the Pins component Drive Mode registers can cause 
  84:Generated_Source\PSoC5/LED.c **** *  corrupted port data. To avoid this issue, you should either use the Per-Pin
  85:Generated_Source\PSoC5/LED.c **** *  APIs (primary method) or disable interrupts around this function.
  86:Generated_Source\PSoC5/LED.c **** *
  87:Generated_Source\PSoC5/LED.c **** * \funcusage
  88:Generated_Source\PSoC5/LED.c **** *  \snippet LED_SUT.c usage_LED_SetDriveMode
  89:Generated_Source\PSoC5/LED.c **** *******************************************************************************/
ARM GAS  C:\Users\alex\AppData\Local\Temp\ccUMzGCo.s 			page 4


  90:Generated_Source\PSoC5/LED.c **** void LED_SetDriveMode(uint8 mode)
  91:Generated_Source\PSoC5/LED.c **** {
  83              		.loc 1 91 0
  84              		.cfi_startproc
  85              		@ args = 0, pretend = 0, frame = 8
  86              		@ frame_needed = 1, uses_anonymous_args = 0
  87              		@ link register save eliminated.
  88 0000 80B4     		push	{r7}
  89              		.cfi_def_cfa_offset 4
  90              		.cfi_offset 7, -4
  91 0002 83B0     		sub	sp, sp, #12
  92              		.cfi_def_cfa_offset 16
  93 0004 00AF     		add	r7, sp, #0
  94              		.cfi_def_cfa_register 7
  95 0006 0346     		mov	r3, r0
  96 0008 FB71     		strb	r3, [r7, #7]
  92:Generated_Source\PSoC5/LED.c **** 	CyPins_SetPinDriveMode(LED_0, mode);
  97              		.loc 1 92 0
  98 000a 1349     		ldr	r1, .L5
  99 000c 124B     		ldr	r3, .L5
 100 000e 1B78     		ldrb	r3, [r3]
 101 0010 DBB2     		uxtb	r3, r3
 102 0012 5BB2     		sxtb	r3, r3
 103 0014 23F00E03 		bic	r3, r3, #14
 104 0018 5AB2     		sxtb	r2, r3
 105 001a 97F90730 		ldrsb	r3, [r7, #7]
 106 001e 03F00E03 		and	r3, r3, #14
 107 0022 5BB2     		sxtb	r3, r3
 108 0024 1343     		orrs	r3, r3, r2
 109 0026 5BB2     		sxtb	r3, r3
 110 0028 DBB2     		uxtb	r3, r3
 111 002a 0B70     		strb	r3, [r1]
  93:Generated_Source\PSoC5/LED.c **** 	CyPins_SetPinDriveMode(LED_1, mode);
 112              		.loc 1 93 0
 113 002c 0B49     		ldr	r1, .L5+4
 114 002e 0B4B     		ldr	r3, .L5+4
 115 0030 1B78     		ldrb	r3, [r3]
 116 0032 DBB2     		uxtb	r3, r3
 117 0034 5BB2     		sxtb	r3, r3
 118 0036 23F00E03 		bic	r3, r3, #14
 119 003a 5AB2     		sxtb	r2, r3
 120 003c 97F90730 		ldrsb	r3, [r7, #7]
 121 0040 03F00E03 		and	r3, r3, #14
 122 0044 5BB2     		sxtb	r3, r3
 123 0046 1343     		orrs	r3, r3, r2
 124 0048 5BB2     		sxtb	r3, r3
 125 004a DBB2     		uxtb	r3, r3
 126 004c 0B70     		strb	r3, [r1]
  94:Generated_Source\PSoC5/LED.c **** }
 127              		.loc 1 94 0
 128 004e 00BF     		nop
 129 0050 0C37     		adds	r7, r7, #12
 130              		.cfi_def_cfa_offset 4
 131 0052 BD46     		mov	sp, r7
 132              		.cfi_def_cfa_register 13
 133              		@ sp needed
 134 0054 80BC     		pop	{r7}
ARM GAS  C:\Users\alex\AppData\Local\Temp\ccUMzGCo.s 			page 5


 135              		.cfi_restore 7
 136              		.cfi_def_cfa_offset 0
 137 0056 7047     		bx	lr
 138              	.L6:
 139              		.align	2
 140              	.L5:
 141 0058 06500040 		.word	1073762310
 142 005c 07500040 		.word	1073762311
 143              		.cfi_endproc
 144              	.LFE1:
 145              		.size	LED_SetDriveMode, .-LED_SetDriveMode
 146              		.section	.text.LED_Read,"ax",%progbits
 147              		.align	2
 148              		.global	LED_Read
 149              		.thumb
 150              		.thumb_func
 151              		.type	LED_Read, %function
 152              	LED_Read:
 153              	.LFB2:
  95:Generated_Source\PSoC5/LED.c **** 
  96:Generated_Source\PSoC5/LED.c **** 
  97:Generated_Source\PSoC5/LED.c **** /*******************************************************************************
  98:Generated_Source\PSoC5/LED.c **** * Function Name: LED_Read
  99:Generated_Source\PSoC5/LED.c **** ****************************************************************************//**
 100:Generated_Source\PSoC5/LED.c **** *
 101:Generated_Source\PSoC5/LED.c **** * \brief Reads the associated physical port (pin status register) and masks 
 102:Generated_Source\PSoC5/LED.c **** *  the required bits according to the width and bit position of the component
 103:Generated_Source\PSoC5/LED.c **** *  instance. 
 104:Generated_Source\PSoC5/LED.c **** *
 105:Generated_Source\PSoC5/LED.c **** * The pin's status register returns the current logic level present on the 
 106:Generated_Source\PSoC5/LED.c **** * physical pin.
 107:Generated_Source\PSoC5/LED.c **** *
 108:Generated_Source\PSoC5/LED.c **** * \return 
 109:Generated_Source\PSoC5/LED.c **** *  The current value for the pins in the component as a right justified number.
 110:Generated_Source\PSoC5/LED.c **** *
 111:Generated_Source\PSoC5/LED.c **** * \funcusage
 112:Generated_Source\PSoC5/LED.c **** *  \snippet LED_SUT.c usage_LED_Read  
 113:Generated_Source\PSoC5/LED.c **** *******************************************************************************/
 114:Generated_Source\PSoC5/LED.c **** uint8 LED_Read(void)
 115:Generated_Source\PSoC5/LED.c **** {
 154              		.loc 1 115 0
 155              		.cfi_startproc
 156              		@ args = 0, pretend = 0, frame = 0
 157              		@ frame_needed = 1, uses_anonymous_args = 0
 158              		@ link register save eliminated.
 159 0000 80B4     		push	{r7}
 160              		.cfi_def_cfa_offset 4
 161              		.cfi_offset 7, -4
 162 0002 00AF     		add	r7, sp, #0
 163              		.cfi_def_cfa_register 7
 116:Generated_Source\PSoC5/LED.c ****     return (LED_PS & LED_MASK) >> LED_SHIFT;
 164              		.loc 1 116 0
 165 0004 054B     		ldr	r3, .L9
 166 0006 1B78     		ldrb	r3, [r3]
 167 0008 DBB2     		uxtb	r3, r3
 168 000a 03F0C003 		and	r3, r3, #192
 169 000e 9B09     		lsrs	r3, r3, #6
ARM GAS  C:\Users\alex\AppData\Local\Temp\ccUMzGCo.s 			page 6


 170 0010 DBB2     		uxtb	r3, r3
 117:Generated_Source\PSoC5/LED.c **** }
 171              		.loc 1 117 0
 172 0012 1846     		mov	r0, r3
 173 0014 BD46     		mov	sp, r7
 174              		.cfi_def_cfa_register 13
 175              		@ sp needed
 176 0016 80BC     		pop	{r7}
 177              		.cfi_restore 7
 178              		.cfi_def_cfa_offset 0
 179 0018 7047     		bx	lr
 180              	.L10:
 181 001a 00BF     		.align	2
 182              	.L9:
 183 001c 01510040 		.word	1073762561
 184              		.cfi_endproc
 185              	.LFE2:
 186              		.size	LED_Read, .-LED_Read
 187              		.section	.text.LED_ReadDataReg,"ax",%progbits
 188              		.align	2
 189              		.global	LED_ReadDataReg
 190              		.thumb
 191              		.thumb_func
 192              		.type	LED_ReadDataReg, %function
 193              	LED_ReadDataReg:
 194              	.LFB3:
 118:Generated_Source\PSoC5/LED.c **** 
 119:Generated_Source\PSoC5/LED.c **** 
 120:Generated_Source\PSoC5/LED.c **** /*******************************************************************************
 121:Generated_Source\PSoC5/LED.c **** * Function Name: LED_ReadDataReg
 122:Generated_Source\PSoC5/LED.c **** ****************************************************************************//**
 123:Generated_Source\PSoC5/LED.c **** *
 124:Generated_Source\PSoC5/LED.c **** * \brief Reads the associated physical port's data output register and masks 
 125:Generated_Source\PSoC5/LED.c **** *  the correct bits according to the width and bit position of the component 
 126:Generated_Source\PSoC5/LED.c **** *  instance. 
 127:Generated_Source\PSoC5/LED.c **** *
 128:Generated_Source\PSoC5/LED.c **** * The data output register controls the signal applied to the physical pin in 
 129:Generated_Source\PSoC5/LED.c **** * conjunction with the drive mode parameter. This is not the same as the 
 130:Generated_Source\PSoC5/LED.c **** * preferred LED_Read() API because the 
 131:Generated_Source\PSoC5/LED.c **** * LED_ReadDataReg() reads the data register instead of the status 
 132:Generated_Source\PSoC5/LED.c **** * register. For output pins this is a useful function to determine the value 
 133:Generated_Source\PSoC5/LED.c **** * just written to the pin.
 134:Generated_Source\PSoC5/LED.c **** *
 135:Generated_Source\PSoC5/LED.c **** * \return 
 136:Generated_Source\PSoC5/LED.c **** *  The current value of the data register masked and shifted into a right 
 137:Generated_Source\PSoC5/LED.c **** *  justified number for the component instance.
 138:Generated_Source\PSoC5/LED.c **** *
 139:Generated_Source\PSoC5/LED.c **** * \funcusage
 140:Generated_Source\PSoC5/LED.c **** *  \snippet LED_SUT.c usage_LED_ReadDataReg 
 141:Generated_Source\PSoC5/LED.c **** *******************************************************************************/
 142:Generated_Source\PSoC5/LED.c **** uint8 LED_ReadDataReg(void)
 143:Generated_Source\PSoC5/LED.c **** {
 195              		.loc 1 143 0
 196              		.cfi_startproc
 197              		@ args = 0, pretend = 0, frame = 0
 198              		@ frame_needed = 1, uses_anonymous_args = 0
 199              		@ link register save eliminated.
ARM GAS  C:\Users\alex\AppData\Local\Temp\ccUMzGCo.s 			page 7


 200 0000 80B4     		push	{r7}
 201              		.cfi_def_cfa_offset 4
 202              		.cfi_offset 7, -4
 203 0002 00AF     		add	r7, sp, #0
 204              		.cfi_def_cfa_register 7
 144:Generated_Source\PSoC5/LED.c ****     return (LED_DR & LED_MASK) >> LED_SHIFT;
 205              		.loc 1 144 0
 206 0004 054B     		ldr	r3, .L13
 207 0006 1B78     		ldrb	r3, [r3]
 208 0008 DBB2     		uxtb	r3, r3
 209 000a 03F0C003 		and	r3, r3, #192
 210 000e 9B09     		lsrs	r3, r3, #6
 211 0010 DBB2     		uxtb	r3, r3
 145:Generated_Source\PSoC5/LED.c **** }
 212              		.loc 1 145 0
 213 0012 1846     		mov	r0, r3
 214 0014 BD46     		mov	sp, r7
 215              		.cfi_def_cfa_register 13
 216              		@ sp needed
 217 0016 80BC     		pop	{r7}
 218              		.cfi_restore 7
 219              		.cfi_def_cfa_offset 0
 220 0018 7047     		bx	lr
 221              	.L14:
 222 001a 00BF     		.align	2
 223              	.L13:
 224 001c 00510040 		.word	1073762560
 225              		.cfi_endproc
 226              	.LFE3:
 227              		.size	LED_ReadDataReg, .-LED_ReadDataReg
 228              		.text
 229              	.Letext0:
 230              		.file 2 "Generated_Source\\PSoC5\\cytypes.h"
 231              		.section	.debug_info,"",%progbits
 232              	.Ldebug_info0:
 233 0000 1A010000 		.4byte	0x11a
 234 0004 0400     		.2byte	0x4
 235 0006 00000000 		.4byte	.Ldebug_abbrev0
 236 000a 04       		.byte	0x4
 237 000b 01       		.uleb128 0x1
 238 000c 11000000 		.4byte	.LASF20
 239 0010 0C       		.byte	0xc
 240 0011 9F000000 		.4byte	.LASF21
 241 0015 96010000 		.4byte	.LASF22
 242 0019 00000000 		.4byte	.Ldebug_ranges0+0
 243 001d 00000000 		.4byte	0
 244 0021 00000000 		.4byte	.Ldebug_line0
 245 0025 02       		.uleb128 0x2
 246 0026 01       		.byte	0x1
 247 0027 06       		.byte	0x6
 248 0028 8A010000 		.4byte	.LASF0
 249 002c 02       		.uleb128 0x2
 250 002d 01       		.byte	0x1
 251 002e 08       		.byte	0x8
 252 002f DD000000 		.4byte	.LASF1
 253 0033 02       		.uleb128 0x2
 254 0034 02       		.byte	0x2
ARM GAS  C:\Users\alex\AppData\Local\Temp\ccUMzGCo.s 			page 8


 255 0035 05       		.byte	0x5
 256 0036 71010000 		.4byte	.LASF2
 257 003a 02       		.uleb128 0x2
 258 003b 02       		.byte	0x2
 259 003c 07       		.byte	0x7
 260 003d 02010000 		.4byte	.LASF3
 261 0041 02       		.uleb128 0x2
 262 0042 04       		.byte	0x4
 263 0043 05       		.byte	0x5
 264 0044 81010000 		.4byte	.LASF4
 265 0048 02       		.uleb128 0x2
 266 0049 04       		.byte	0x4
 267 004a 07       		.byte	0x7
 268 004b F0000000 		.4byte	.LASF5
 269 004f 02       		.uleb128 0x2
 270 0050 08       		.byte	0x8
 271 0051 05       		.byte	0x5
 272 0052 5E010000 		.4byte	.LASF6
 273 0056 02       		.uleb128 0x2
 274 0057 08       		.byte	0x8
 275 0058 07       		.byte	0x7
 276 0059 42010000 		.4byte	.LASF7
 277 005d 03       		.uleb128 0x3
 278 005e 04       		.byte	0x4
 279 005f 05       		.byte	0x5
 280 0060 696E7400 		.ascii	"int\000"
 281 0064 02       		.uleb128 0x2
 282 0065 04       		.byte	0x4
 283 0066 07       		.byte	0x7
 284 0067 35010000 		.4byte	.LASF8
 285 006b 04       		.uleb128 0x4
 286 006c 7B010000 		.4byte	.LASF12
 287 0070 02       		.byte	0x2
 288 0071 E401     		.2byte	0x1e4
 289 0073 2C000000 		.4byte	0x2c
 290 0077 02       		.uleb128 0x2
 291 0078 04       		.byte	0x4
 292 0079 04       		.byte	0x4
 293 007a D7000000 		.4byte	.LASF9
 294 007e 02       		.uleb128 0x2
 295 007f 08       		.byte	0x8
 296 0080 04       		.byte	0x4
 297 0081 2E010000 		.4byte	.LASF10
 298 0085 02       		.uleb128 0x2
 299 0086 01       		.byte	0x1
 300 0087 08       		.byte	0x8
 301 0088 6C010000 		.4byte	.LASF11
 302 008c 04       		.uleb128 0x4
 303 008d EB000000 		.4byte	.LASF13
 304 0091 02       		.byte	0x2
 305 0092 8E02     		.2byte	0x28e
 306 0094 98000000 		.4byte	0x98
 307 0098 05       		.uleb128 0x5
 308 0099 6B000000 		.4byte	0x6b
 309 009d 06       		.uleb128 0x6
 310 009e BC000000 		.4byte	.LASF14
 311 00a2 01       		.byte	0x1
ARM GAS  C:\Users\alex\AppData\Local\Temp\ccUMzGCo.s 			page 9


 312 00a3 39       		.byte	0x39
 313 00a4 00000000 		.4byte	.LFB0
 314 00a8 34000000 		.4byte	.LFE0-.LFB0
 315 00ac 01       		.uleb128 0x1
 316 00ad 9C       		.byte	0x9c
 317 00ae CF000000 		.4byte	0xcf
 318 00b2 07       		.uleb128 0x7
 319 00b3 C6000000 		.4byte	.LASF16
 320 00b7 01       		.byte	0x1
 321 00b8 39       		.byte	0x39
 322 00b9 6B000000 		.4byte	0x6b
 323 00bd 02       		.uleb128 0x2
 324 00be 91       		.byte	0x91
 325 00bf 6F       		.sleb128 -17
 326 00c0 08       		.uleb128 0x8
 327 00c1 CC000000 		.4byte	.LASF23
 328 00c5 01       		.byte	0x1
 329 00c6 3B       		.byte	0x3b
 330 00c7 6B000000 		.4byte	0x6b
 331 00cb 02       		.uleb128 0x2
 332 00cc 91       		.byte	0x91
 333 00cd 77       		.sleb128 -9
 334 00ce 00       		.byte	0
 335 00cf 06       		.uleb128 0x6
 336 00d0 00000000 		.4byte	.LASF15
 337 00d4 01       		.byte	0x1
 338 00d5 5A       		.byte	0x5a
 339 00d6 00000000 		.4byte	.LFB1
 340 00da 60000000 		.4byte	.LFE1-.LFB1
 341 00de 01       		.uleb128 0x1
 342 00df 9C       		.byte	0x9c
 343 00e0 F3000000 		.4byte	0xf3
 344 00e4 07       		.uleb128 0x7
 345 00e5 59010000 		.4byte	.LASF17
 346 00e9 01       		.byte	0x1
 347 00ea 5A       		.byte	0x5a
 348 00eb 6B000000 		.4byte	0x6b
 349 00ef 02       		.uleb128 0x2
 350 00f0 91       		.byte	0x91
 351 00f1 77       		.sleb128 -9
 352 00f2 00       		.byte	0
 353 00f3 09       		.uleb128 0x9
 354 00f4 15010000 		.4byte	.LASF18
 355 00f8 01       		.byte	0x1
 356 00f9 72       		.byte	0x72
 357 00fa 6B000000 		.4byte	0x6b
 358 00fe 00000000 		.4byte	.LFB2
 359 0102 20000000 		.4byte	.LFE2-.LFB2
 360 0106 01       		.uleb128 0x1
 361 0107 9C       		.byte	0x9c
 362 0108 09       		.uleb128 0x9
 363 0109 1E010000 		.4byte	.LASF19
 364 010d 01       		.byte	0x1
 365 010e 8E       		.byte	0x8e
 366 010f 6B000000 		.4byte	0x6b
 367 0113 00000000 		.4byte	.LFB3
 368 0117 20000000 		.4byte	.LFE3-.LFB3
ARM GAS  C:\Users\alex\AppData\Local\Temp\ccUMzGCo.s 			page 10


 369 011b 01       		.uleb128 0x1
 370 011c 9C       		.byte	0x9c
 371 011d 00       		.byte	0
 372              		.section	.debug_abbrev,"",%progbits
 373              	.Ldebug_abbrev0:
 374 0000 01       		.uleb128 0x1
 375 0001 11       		.uleb128 0x11
 376 0002 01       		.byte	0x1
 377 0003 25       		.uleb128 0x25
 378 0004 0E       		.uleb128 0xe
 379 0005 13       		.uleb128 0x13
 380 0006 0B       		.uleb128 0xb
 381 0007 03       		.uleb128 0x3
 382 0008 0E       		.uleb128 0xe
 383 0009 1B       		.uleb128 0x1b
 384 000a 0E       		.uleb128 0xe
 385 000b 55       		.uleb128 0x55
 386 000c 17       		.uleb128 0x17
 387 000d 11       		.uleb128 0x11
 388 000e 01       		.uleb128 0x1
 389 000f 10       		.uleb128 0x10
 390 0010 17       		.uleb128 0x17
 391 0011 00       		.byte	0
 392 0012 00       		.byte	0
 393 0013 02       		.uleb128 0x2
 394 0014 24       		.uleb128 0x24
 395 0015 00       		.byte	0
 396 0016 0B       		.uleb128 0xb
 397 0017 0B       		.uleb128 0xb
 398 0018 3E       		.uleb128 0x3e
 399 0019 0B       		.uleb128 0xb
 400 001a 03       		.uleb128 0x3
 401 001b 0E       		.uleb128 0xe
 402 001c 00       		.byte	0
 403 001d 00       		.byte	0
 404 001e 03       		.uleb128 0x3
 405 001f 24       		.uleb128 0x24
 406 0020 00       		.byte	0
 407 0021 0B       		.uleb128 0xb
 408 0022 0B       		.uleb128 0xb
 409 0023 3E       		.uleb128 0x3e
 410 0024 0B       		.uleb128 0xb
 411 0025 03       		.uleb128 0x3
 412 0026 08       		.uleb128 0x8
 413 0027 00       		.byte	0
 414 0028 00       		.byte	0
 415 0029 04       		.uleb128 0x4
 416 002a 16       		.uleb128 0x16
 417 002b 00       		.byte	0
 418 002c 03       		.uleb128 0x3
 419 002d 0E       		.uleb128 0xe
 420 002e 3A       		.uleb128 0x3a
 421 002f 0B       		.uleb128 0xb
 422 0030 3B       		.uleb128 0x3b
 423 0031 05       		.uleb128 0x5
 424 0032 49       		.uleb128 0x49
 425 0033 13       		.uleb128 0x13
ARM GAS  C:\Users\alex\AppData\Local\Temp\ccUMzGCo.s 			page 11


 426 0034 00       		.byte	0
 427 0035 00       		.byte	0
 428 0036 05       		.uleb128 0x5
 429 0037 35       		.uleb128 0x35
 430 0038 00       		.byte	0
 431 0039 49       		.uleb128 0x49
 432 003a 13       		.uleb128 0x13
 433 003b 00       		.byte	0
 434 003c 00       		.byte	0
 435 003d 06       		.uleb128 0x6
 436 003e 2E       		.uleb128 0x2e
 437 003f 01       		.byte	0x1
 438 0040 3F       		.uleb128 0x3f
 439 0041 19       		.uleb128 0x19
 440 0042 03       		.uleb128 0x3
 441 0043 0E       		.uleb128 0xe
 442 0044 3A       		.uleb128 0x3a
 443 0045 0B       		.uleb128 0xb
 444 0046 3B       		.uleb128 0x3b
 445 0047 0B       		.uleb128 0xb
 446 0048 27       		.uleb128 0x27
 447 0049 19       		.uleb128 0x19
 448 004a 11       		.uleb128 0x11
 449 004b 01       		.uleb128 0x1
 450 004c 12       		.uleb128 0x12
 451 004d 06       		.uleb128 0x6
 452 004e 40       		.uleb128 0x40
 453 004f 18       		.uleb128 0x18
 454 0050 9742     		.uleb128 0x2117
 455 0052 19       		.uleb128 0x19
 456 0053 01       		.uleb128 0x1
 457 0054 13       		.uleb128 0x13
 458 0055 00       		.byte	0
 459 0056 00       		.byte	0
 460 0057 07       		.uleb128 0x7
 461 0058 05       		.uleb128 0x5
 462 0059 00       		.byte	0
 463 005a 03       		.uleb128 0x3
 464 005b 0E       		.uleb128 0xe
 465 005c 3A       		.uleb128 0x3a
 466 005d 0B       		.uleb128 0xb
 467 005e 3B       		.uleb128 0x3b
 468 005f 0B       		.uleb128 0xb
 469 0060 49       		.uleb128 0x49
 470 0061 13       		.uleb128 0x13
 471 0062 02       		.uleb128 0x2
 472 0063 18       		.uleb128 0x18
 473 0064 00       		.byte	0
 474 0065 00       		.byte	0
 475 0066 08       		.uleb128 0x8
 476 0067 34       		.uleb128 0x34
 477 0068 00       		.byte	0
 478 0069 03       		.uleb128 0x3
 479 006a 0E       		.uleb128 0xe
 480 006b 3A       		.uleb128 0x3a
 481 006c 0B       		.uleb128 0xb
 482 006d 3B       		.uleb128 0x3b
ARM GAS  C:\Users\alex\AppData\Local\Temp\ccUMzGCo.s 			page 12


 483 006e 0B       		.uleb128 0xb
 484 006f 49       		.uleb128 0x49
 485 0070 13       		.uleb128 0x13
 486 0071 02       		.uleb128 0x2
 487 0072 18       		.uleb128 0x18
 488 0073 00       		.byte	0
 489 0074 00       		.byte	0
 490 0075 09       		.uleb128 0x9
 491 0076 2E       		.uleb128 0x2e
 492 0077 00       		.byte	0
 493 0078 3F       		.uleb128 0x3f
 494 0079 19       		.uleb128 0x19
 495 007a 03       		.uleb128 0x3
 496 007b 0E       		.uleb128 0xe
 497 007c 3A       		.uleb128 0x3a
 498 007d 0B       		.uleb128 0xb
 499 007e 3B       		.uleb128 0x3b
 500 007f 0B       		.uleb128 0xb
 501 0080 27       		.uleb128 0x27
 502 0081 19       		.uleb128 0x19
 503 0082 49       		.uleb128 0x49
 504 0083 13       		.uleb128 0x13
 505 0084 11       		.uleb128 0x11
 506 0085 01       		.uleb128 0x1
 507 0086 12       		.uleb128 0x12
 508 0087 06       		.uleb128 0x6
 509 0088 40       		.uleb128 0x40
 510 0089 18       		.uleb128 0x18
 511 008a 9742     		.uleb128 0x2117
 512 008c 19       		.uleb128 0x19
 513 008d 00       		.byte	0
 514 008e 00       		.byte	0
 515 008f 00       		.byte	0
 516              		.section	.debug_aranges,"",%progbits
 517 0000 34000000 		.4byte	0x34
 518 0004 0200     		.2byte	0x2
 519 0006 00000000 		.4byte	.Ldebug_info0
 520 000a 04       		.byte	0x4
 521 000b 00       		.byte	0
 522 000c 0000     		.2byte	0
 523 000e 0000     		.2byte	0
 524 0010 00000000 		.4byte	.LFB0
 525 0014 34000000 		.4byte	.LFE0-.LFB0
 526 0018 00000000 		.4byte	.LFB1
 527 001c 60000000 		.4byte	.LFE1-.LFB1
 528 0020 00000000 		.4byte	.LFB2
 529 0024 20000000 		.4byte	.LFE2-.LFB2
 530 0028 00000000 		.4byte	.LFB3
 531 002c 20000000 		.4byte	.LFE3-.LFB3
 532 0030 00000000 		.4byte	0
 533 0034 00000000 		.4byte	0
 534              		.section	.debug_ranges,"",%progbits
 535              	.Ldebug_ranges0:
 536 0000 00000000 		.4byte	.LFB0
 537 0004 34000000 		.4byte	.LFE0
 538 0008 00000000 		.4byte	.LFB1
 539 000c 60000000 		.4byte	.LFE1
ARM GAS  C:\Users\alex\AppData\Local\Temp\ccUMzGCo.s 			page 13


 540 0010 00000000 		.4byte	.LFB2
 541 0014 20000000 		.4byte	.LFE2
 542 0018 00000000 		.4byte	.LFB3
 543 001c 20000000 		.4byte	.LFE3
 544 0020 00000000 		.4byte	0
 545 0024 00000000 		.4byte	0
 546              		.section	.debug_line,"",%progbits
 547              	.Ldebug_line0:
 548 0000 91000000 		.section	.debug_str,"MS",%progbits,1
 548      02004000 
 548      00000201 
 548      FB0E0D00 
 548      01010101 
 549              	.LASF15:
 550 0000 4C45445F 		.ascii	"LED_SetDriveMode\000"
 550      53657444 
 550      72697665 
 550      4D6F6465 
 550      00
 551              	.LASF20:
 552 0011 474E5520 		.ascii	"GNU C11 5.4.1 20160609 (release) [ARM/embedded-5-br"
 552      43313120 
 552      352E342E 
 552      31203230 
 552      31363036 
 553 0044 616E6368 		.ascii	"anch revision 237715] -mcpu=cortex-m3 -mthumb -g -O"
 553      20726576 
 553      6973696F 
 553      6E203233 
 553      37373135 
 554 0077 30202D66 		.ascii	"0 -ffunction-sections -ffat-lto-objects\000"
 554      66756E63 
 554      74696F6E 
 554      2D736563 
 554      74696F6E 
 555              	.LASF21:
 556 009f 47656E65 		.ascii	"Generated_Source\\PSoC5\\LED.c\000"
 556      72617465 
 556      645F536F 
 556      75726365 
 556      5C50536F 
 557              	.LASF14:
 558 00bc 4C45445F 		.ascii	"LED_Write\000"
 558      57726974 
 558      6500
 559              	.LASF16:
 560 00c6 76616C75 		.ascii	"value\000"
 560      6500
 561              	.LASF23:
 562 00cc 73746174 		.ascii	"staticBits\000"
 562      69634269 
 562      747300
 563              	.LASF9:
 564 00d7 666C6F61 		.ascii	"float\000"
 564      7400
 565              	.LASF1:
 566 00dd 756E7369 		.ascii	"unsigned char\000"
ARM GAS  C:\Users\alex\AppData\Local\Temp\ccUMzGCo.s 			page 14


 566      676E6564 
 566      20636861 
 566      7200
 567              	.LASF13:
 568 00eb 72656738 		.ascii	"reg8\000"
 568      00
 569              	.LASF5:
 570 00f0 6C6F6E67 		.ascii	"long unsigned int\000"
 570      20756E73 
 570      69676E65 
 570      6420696E 
 570      7400
 571              	.LASF3:
 572 0102 73686F72 		.ascii	"short unsigned int\000"
 572      7420756E 
 572      7369676E 
 572      65642069 
 572      6E7400
 573              	.LASF18:
 574 0115 4C45445F 		.ascii	"LED_Read\000"
 574      52656164 
 574      00
 575              	.LASF19:
 576 011e 4C45445F 		.ascii	"LED_ReadDataReg\000"
 576      52656164 
 576      44617461 
 576      52656700 
 577              	.LASF10:
 578 012e 646F7562 		.ascii	"double\000"
 578      6C6500
 579              	.LASF8:
 580 0135 756E7369 		.ascii	"unsigned int\000"
 580      676E6564 
 580      20696E74 
 580      00
 581              	.LASF7:
 582 0142 6C6F6E67 		.ascii	"long long unsigned int\000"
 582      206C6F6E 
 582      6720756E 
 582      7369676E 
 582      65642069 
 583              	.LASF17:
 584 0159 6D6F6465 		.ascii	"mode\000"
 584      00
 585              	.LASF6:
 586 015e 6C6F6E67 		.ascii	"long long int\000"
 586      206C6F6E 
 586      6720696E 
 586      7400
 587              	.LASF11:
 588 016c 63686172 		.ascii	"char\000"
 588      00
 589              	.LASF2:
 590 0171 73686F72 		.ascii	"short int\000"
 590      7420696E 
 590      7400
 591              	.LASF12:
ARM GAS  C:\Users\alex\AppData\Local\Temp\ccUMzGCo.s 			page 15


 592 017b 75696E74 		.ascii	"uint8\000"
 592      3800
 593              	.LASF4:
 594 0181 6C6F6E67 		.ascii	"long int\000"
 594      20696E74 
 594      00
 595              	.LASF0:
 596 018a 7369676E 		.ascii	"signed char\000"
 596      65642063 
 596      68617200 
 597              	.LASF22:
 598 0196 593A5C55 		.ascii	"Y:\\UFOP\\BCC722\\BCC722-RTOS-moinho\\UCoS\\Micrium"
 598      464F505C 
 598      42434337 
 598      32325C42 
 598      43433732 
 599 01c4 5F325C53 		.ascii	"_2\\Software\\EvalBoards\\Cypress\\CY8CKIT-050\\PSo"
 599      6F667477 
 599      6172655C 
 599      4576616C 
 599      426F6172 
 600 01f2 435C7543 		.ascii	"C\\uCOS-III-Probe\\BCC722-RTOS-MOINHO.cydsn\000"
 600      4F532D49 
 600      49492D50 
 600      726F6265 
 600      5C424343 
 601              		.ident	"GCC: (GNU Tools for ARM Embedded Processors) 5.4.1 20160609 (release) [ARM/embedded-5-bran
