ARM GAS  C:\Users\alex\AppData\Local\Temp\ccb6zmIe.s 			page 1


   1              		.syntax unified
   2              		.cpu cortex-m3
   3              		.fpu softvfp
   4              		.eabi_attribute 20, 1
   5              		.eabi_attribute 21, 1
   6              		.eabi_attribute 23, 3
   7              		.eabi_attribute 24, 1
   8              		.eabi_attribute 25, 1
   9              		.eabi_attribute 26, 1
  10              		.eabi_attribute 30, 6
  11              		.eabi_attribute 34, 1
  12              		.eabi_attribute 18, 4
  13              		.thumb
  14              		.syntax unified
  15              		.file	"ProbeUART_TxISR.c"
  16              		.text
  17              	.Ltext0:
  18              		.cfi_sections	.debug_frame
  19              		.section	.text.ProbeUART_TxISR_Start,"ax",%progbits
  20              		.align	2
  21              		.global	ProbeUART_TxISR_Start
  22              		.thumb
  23              		.thumb_func
  24              		.type	ProbeUART_TxISR_Start, %function
  25              	ProbeUART_TxISR_Start:
  26              	.LFB0:
  27              		.file 1 "Generated_Source\\PSoC5\\ProbeUART_TxISR.c"
   1:Generated_Source\PSoC5/ProbeUART_TxISR.c **** /*******************************************************************************
   2:Generated_Source\PSoC5/ProbeUART_TxISR.c **** * File Name: ProbeUART_TxISR.c  
   3:Generated_Source\PSoC5/ProbeUART_TxISR.c **** * Version 1.70
   4:Generated_Source\PSoC5/ProbeUART_TxISR.c **** *
   5:Generated_Source\PSoC5/ProbeUART_TxISR.c **** *  Description:
   6:Generated_Source\PSoC5/ProbeUART_TxISR.c **** *   API for controlling the state of an interrupt.
   7:Generated_Source\PSoC5/ProbeUART_TxISR.c **** *
   8:Generated_Source\PSoC5/ProbeUART_TxISR.c **** *
   9:Generated_Source\PSoC5/ProbeUART_TxISR.c **** *  Note:
  10:Generated_Source\PSoC5/ProbeUART_TxISR.c **** *
  11:Generated_Source\PSoC5/ProbeUART_TxISR.c **** ********************************************************************************
  12:Generated_Source\PSoC5/ProbeUART_TxISR.c **** * Copyright 2008-2015, Cypress Semiconductor Corporation.  All rights reserved.
  13:Generated_Source\PSoC5/ProbeUART_TxISR.c **** * You may use this file only in accordance with the license, terms, conditions, 
  14:Generated_Source\PSoC5/ProbeUART_TxISR.c **** * disclaimers, and limitations in the end user license agreement accompanying 
  15:Generated_Source\PSoC5/ProbeUART_TxISR.c **** * the software package with which this file was provided.
  16:Generated_Source\PSoC5/ProbeUART_TxISR.c **** *******************************************************************************/
  17:Generated_Source\PSoC5/ProbeUART_TxISR.c **** 
  18:Generated_Source\PSoC5/ProbeUART_TxISR.c **** 
  19:Generated_Source\PSoC5/ProbeUART_TxISR.c **** #include <cydevice_trm.h>
  20:Generated_Source\PSoC5/ProbeUART_TxISR.c **** #include <CyLib.h>
  21:Generated_Source\PSoC5/ProbeUART_TxISR.c **** #include <ProbeUART_TxISR.h>
  22:Generated_Source\PSoC5/ProbeUART_TxISR.c **** 
  23:Generated_Source\PSoC5/ProbeUART_TxISR.c **** 
  24:Generated_Source\PSoC5/ProbeUART_TxISR.c **** #if !defined(ProbeUART_TxISR__REMOVED) /* Check for removal by optimization */
  25:Generated_Source\PSoC5/ProbeUART_TxISR.c **** 
  26:Generated_Source\PSoC5/ProbeUART_TxISR.c **** /*******************************************************************************
  27:Generated_Source\PSoC5/ProbeUART_TxISR.c **** *  Place your includes, defines and code here 
  28:Generated_Source\PSoC5/ProbeUART_TxISR.c **** ********************************************************************************/
  29:Generated_Source\PSoC5/ProbeUART_TxISR.c **** /* `#START ProbeUART_TxISR_intc` */
  30:Generated_Source\PSoC5/ProbeUART_TxISR.c **** 
ARM GAS  C:\Users\alex\AppData\Local\Temp\ccb6zmIe.s 			page 2


  31:Generated_Source\PSoC5/ProbeUART_TxISR.c **** /* `#END` */
  32:Generated_Source\PSoC5/ProbeUART_TxISR.c **** 
  33:Generated_Source\PSoC5/ProbeUART_TxISR.c **** #ifndef CYINT_IRQ_BASE
  34:Generated_Source\PSoC5/ProbeUART_TxISR.c **** #define CYINT_IRQ_BASE      16
  35:Generated_Source\PSoC5/ProbeUART_TxISR.c **** #endif /* CYINT_IRQ_BASE */
  36:Generated_Source\PSoC5/ProbeUART_TxISR.c **** #ifndef CYINT_VECT_TABLE
  37:Generated_Source\PSoC5/ProbeUART_TxISR.c **** #define CYINT_VECT_TABLE    ((cyisraddress **) CYREG_NVIC_VECT_OFFSET)
  38:Generated_Source\PSoC5/ProbeUART_TxISR.c **** #endif /* CYINT_VECT_TABLE */
  39:Generated_Source\PSoC5/ProbeUART_TxISR.c **** 
  40:Generated_Source\PSoC5/ProbeUART_TxISR.c **** /* Declared in startup, used to set unused interrupts to. */
  41:Generated_Source\PSoC5/ProbeUART_TxISR.c **** CY_ISR_PROTO(IntDefaultHandler);
  42:Generated_Source\PSoC5/ProbeUART_TxISR.c **** 
  43:Generated_Source\PSoC5/ProbeUART_TxISR.c **** 
  44:Generated_Source\PSoC5/ProbeUART_TxISR.c **** /*******************************************************************************
  45:Generated_Source\PSoC5/ProbeUART_TxISR.c **** * Function Name: ProbeUART_TxISR_Start
  46:Generated_Source\PSoC5/ProbeUART_TxISR.c **** ********************************************************************************
  47:Generated_Source\PSoC5/ProbeUART_TxISR.c **** *
  48:Generated_Source\PSoC5/ProbeUART_TxISR.c **** * Summary:
  49:Generated_Source\PSoC5/ProbeUART_TxISR.c **** *  Set up the interrupt and enable it. This function disables the interrupt, 
  50:Generated_Source\PSoC5/ProbeUART_TxISR.c **** *  sets the default interrupt vector, sets the priority from the value in the
  51:Generated_Source\PSoC5/ProbeUART_TxISR.c **** *  Design Wide Resources Interrupt Editor, then enables the interrupt to the 
  52:Generated_Source\PSoC5/ProbeUART_TxISR.c **** *  interrupt controller.
  53:Generated_Source\PSoC5/ProbeUART_TxISR.c **** *
  54:Generated_Source\PSoC5/ProbeUART_TxISR.c **** * Parameters:  
  55:Generated_Source\PSoC5/ProbeUART_TxISR.c **** *   None
  56:Generated_Source\PSoC5/ProbeUART_TxISR.c **** *
  57:Generated_Source\PSoC5/ProbeUART_TxISR.c **** * Return:
  58:Generated_Source\PSoC5/ProbeUART_TxISR.c **** *   None
  59:Generated_Source\PSoC5/ProbeUART_TxISR.c **** *
  60:Generated_Source\PSoC5/ProbeUART_TxISR.c **** *******************************************************************************/
  61:Generated_Source\PSoC5/ProbeUART_TxISR.c **** void ProbeUART_TxISR_Start(void)
  62:Generated_Source\PSoC5/ProbeUART_TxISR.c **** {
  28              		.loc 1 62 0
  29              		.cfi_startproc
  30              		@ args = 0, pretend = 0, frame = 0
  31              		@ frame_needed = 1, uses_anonymous_args = 0
  32 0000 80B5     		push	{r7, lr}
  33              		.cfi_def_cfa_offset 8
  34              		.cfi_offset 7, -8
  35              		.cfi_offset 14, -4
  36 0002 00AF     		add	r7, sp, #0
  37              		.cfi_def_cfa_register 7
  63:Generated_Source\PSoC5/ProbeUART_TxISR.c ****     /* For all we know the interrupt is active. */
  64:Generated_Source\PSoC5/ProbeUART_TxISR.c ****     ProbeUART_TxISR_Disable();
  38              		.loc 1 64 0
  39 0004 FFF7FEFF 		bl	ProbeUART_TxISR_Disable
  65:Generated_Source\PSoC5/ProbeUART_TxISR.c **** 
  66:Generated_Source\PSoC5/ProbeUART_TxISR.c ****     /* Set the ISR to point to the ProbeUART_TxISR Interrupt. */
  67:Generated_Source\PSoC5/ProbeUART_TxISR.c ****     ProbeUART_TxISR_SetVector(&ProbeUART_TxISR_Interrupt);
  40              		.loc 1 67 0
  41 0008 0448     		ldr	r0, .L2
  42 000a FFF7FEFF 		bl	ProbeUART_TxISR_SetVector
  68:Generated_Source\PSoC5/ProbeUART_TxISR.c **** 
  69:Generated_Source\PSoC5/ProbeUART_TxISR.c ****     /* Set the priority. */
  70:Generated_Source\PSoC5/ProbeUART_TxISR.c ****     ProbeUART_TxISR_SetPriority((uint8)ProbeUART_TxISR_INTC_PRIOR_NUMBER);
  43              		.loc 1 70 0
  44 000e 0720     		movs	r0, #7
ARM GAS  C:\Users\alex\AppData\Local\Temp\ccb6zmIe.s 			page 3


  45 0010 FFF7FEFF 		bl	ProbeUART_TxISR_SetPriority
  71:Generated_Source\PSoC5/ProbeUART_TxISR.c **** 
  72:Generated_Source\PSoC5/ProbeUART_TxISR.c ****     /* Enable it. */
  73:Generated_Source\PSoC5/ProbeUART_TxISR.c ****     ProbeUART_TxISR_Enable();
  46              		.loc 1 73 0
  47 0014 FFF7FEFF 		bl	ProbeUART_TxISR_Enable
  74:Generated_Source\PSoC5/ProbeUART_TxISR.c **** }
  48              		.loc 1 74 0
  49 0018 00BF     		nop
  50 001a 80BD     		pop	{r7, pc}
  51              	.L3:
  52              		.align	2
  53              	.L2:
  54 001c 00000000 		.word	ProbeUART_TxISR_Interrupt
  55              		.cfi_endproc
  56              	.LFE0:
  57              		.size	ProbeUART_TxISR_Start, .-ProbeUART_TxISR_Start
  58              		.section	.text.ProbeUART_TxISR_StartEx,"ax",%progbits
  59              		.align	2
  60              		.global	ProbeUART_TxISR_StartEx
  61              		.thumb
  62              		.thumb_func
  63              		.type	ProbeUART_TxISR_StartEx, %function
  64              	ProbeUART_TxISR_StartEx:
  65              	.LFB1:
  75:Generated_Source\PSoC5/ProbeUART_TxISR.c **** 
  76:Generated_Source\PSoC5/ProbeUART_TxISR.c **** 
  77:Generated_Source\PSoC5/ProbeUART_TxISR.c **** /*******************************************************************************
  78:Generated_Source\PSoC5/ProbeUART_TxISR.c **** * Function Name: ProbeUART_TxISR_StartEx
  79:Generated_Source\PSoC5/ProbeUART_TxISR.c **** ********************************************************************************
  80:Generated_Source\PSoC5/ProbeUART_TxISR.c **** *
  81:Generated_Source\PSoC5/ProbeUART_TxISR.c **** * Summary:
  82:Generated_Source\PSoC5/ProbeUART_TxISR.c **** *  Sets up the interrupt and enables it. This function disables the interrupt,
  83:Generated_Source\PSoC5/ProbeUART_TxISR.c **** *  sets the interrupt vector based on the address passed in, sets the priority 
  84:Generated_Source\PSoC5/ProbeUART_TxISR.c **** *  from the value in the Design Wide Resources Interrupt Editor, then enables 
  85:Generated_Source\PSoC5/ProbeUART_TxISR.c **** *  the interrupt to the interrupt controller.
  86:Generated_Source\PSoC5/ProbeUART_TxISR.c **** *  
  87:Generated_Source\PSoC5/ProbeUART_TxISR.c **** *  When defining ISR functions, the CY_ISR and CY_ISR_PROTO macros should be 
  88:Generated_Source\PSoC5/ProbeUART_TxISR.c **** *  used to provide consistent definition across compilers:
  89:Generated_Source\PSoC5/ProbeUART_TxISR.c **** *  
  90:Generated_Source\PSoC5/ProbeUART_TxISR.c **** *  Function definition example:
  91:Generated_Source\PSoC5/ProbeUART_TxISR.c **** *   CY_ISR(MyISR)
  92:Generated_Source\PSoC5/ProbeUART_TxISR.c **** *   {
  93:Generated_Source\PSoC5/ProbeUART_TxISR.c **** *   }
  94:Generated_Source\PSoC5/ProbeUART_TxISR.c **** *   Function prototype example:
  95:Generated_Source\PSoC5/ProbeUART_TxISR.c **** *   CY_ISR_PROTO(MyISR);
  96:Generated_Source\PSoC5/ProbeUART_TxISR.c **** *
  97:Generated_Source\PSoC5/ProbeUART_TxISR.c **** * Parameters:  
  98:Generated_Source\PSoC5/ProbeUART_TxISR.c **** *   address: Address of the ISR to set in the interrupt vector table.
  99:Generated_Source\PSoC5/ProbeUART_TxISR.c **** *
 100:Generated_Source\PSoC5/ProbeUART_TxISR.c **** * Return:
 101:Generated_Source\PSoC5/ProbeUART_TxISR.c **** *   None
 102:Generated_Source\PSoC5/ProbeUART_TxISR.c **** *
 103:Generated_Source\PSoC5/ProbeUART_TxISR.c **** *******************************************************************************/
 104:Generated_Source\PSoC5/ProbeUART_TxISR.c **** void ProbeUART_TxISR_StartEx(cyisraddress address)
 105:Generated_Source\PSoC5/ProbeUART_TxISR.c **** {
  66              		.loc 1 105 0
ARM GAS  C:\Users\alex\AppData\Local\Temp\ccb6zmIe.s 			page 4


  67              		.cfi_startproc
  68              		@ args = 0, pretend = 0, frame = 8
  69              		@ frame_needed = 1, uses_anonymous_args = 0
  70 0000 80B5     		push	{r7, lr}
  71              		.cfi_def_cfa_offset 8
  72              		.cfi_offset 7, -8
  73              		.cfi_offset 14, -4
  74 0002 82B0     		sub	sp, sp, #8
  75              		.cfi_def_cfa_offset 16
  76 0004 00AF     		add	r7, sp, #0
  77              		.cfi_def_cfa_register 7
  78 0006 7860     		str	r0, [r7, #4]
 106:Generated_Source\PSoC5/ProbeUART_TxISR.c ****     /* For all we know the interrupt is active. */
 107:Generated_Source\PSoC5/ProbeUART_TxISR.c ****     ProbeUART_TxISR_Disable();
  79              		.loc 1 107 0
  80 0008 FFF7FEFF 		bl	ProbeUART_TxISR_Disable
 108:Generated_Source\PSoC5/ProbeUART_TxISR.c **** 
 109:Generated_Source\PSoC5/ProbeUART_TxISR.c ****     /* Set the ISR to point to the ProbeUART_TxISR Interrupt. */
 110:Generated_Source\PSoC5/ProbeUART_TxISR.c ****     ProbeUART_TxISR_SetVector(address);
  81              		.loc 1 110 0
  82 000c 7868     		ldr	r0, [r7, #4]
  83 000e FFF7FEFF 		bl	ProbeUART_TxISR_SetVector
 111:Generated_Source\PSoC5/ProbeUART_TxISR.c **** 
 112:Generated_Source\PSoC5/ProbeUART_TxISR.c ****     /* Set the priority. */
 113:Generated_Source\PSoC5/ProbeUART_TxISR.c ****     ProbeUART_TxISR_SetPriority((uint8)ProbeUART_TxISR_INTC_PRIOR_NUMBER);
  84              		.loc 1 113 0
  85 0012 0720     		movs	r0, #7
  86 0014 FFF7FEFF 		bl	ProbeUART_TxISR_SetPriority
 114:Generated_Source\PSoC5/ProbeUART_TxISR.c **** 
 115:Generated_Source\PSoC5/ProbeUART_TxISR.c ****     /* Enable it. */
 116:Generated_Source\PSoC5/ProbeUART_TxISR.c ****     ProbeUART_TxISR_Enable();
  87              		.loc 1 116 0
  88 0018 FFF7FEFF 		bl	ProbeUART_TxISR_Enable
 117:Generated_Source\PSoC5/ProbeUART_TxISR.c **** }
  89              		.loc 1 117 0
  90 001c 00BF     		nop
  91 001e 0837     		adds	r7, r7, #8
  92              		.cfi_def_cfa_offset 8
  93 0020 BD46     		mov	sp, r7
  94              		.cfi_def_cfa_register 13
  95              		@ sp needed
  96 0022 80BD     		pop	{r7, pc}
  97              		.cfi_endproc
  98              	.LFE1:
  99              		.size	ProbeUART_TxISR_StartEx, .-ProbeUART_TxISR_StartEx
 100              		.section	.text.ProbeUART_TxISR_Stop,"ax",%progbits
 101              		.align	2
 102              		.global	ProbeUART_TxISR_Stop
 103              		.thumb
 104              		.thumb_func
 105              		.type	ProbeUART_TxISR_Stop, %function
 106              	ProbeUART_TxISR_Stop:
 107              	.LFB2:
 118:Generated_Source\PSoC5/ProbeUART_TxISR.c **** 
 119:Generated_Source\PSoC5/ProbeUART_TxISR.c **** 
 120:Generated_Source\PSoC5/ProbeUART_TxISR.c **** /*******************************************************************************
 121:Generated_Source\PSoC5/ProbeUART_TxISR.c **** * Function Name: ProbeUART_TxISR_Stop
ARM GAS  C:\Users\alex\AppData\Local\Temp\ccb6zmIe.s 			page 5


 122:Generated_Source\PSoC5/ProbeUART_TxISR.c **** ********************************************************************************
 123:Generated_Source\PSoC5/ProbeUART_TxISR.c **** *
 124:Generated_Source\PSoC5/ProbeUART_TxISR.c **** * Summary:
 125:Generated_Source\PSoC5/ProbeUART_TxISR.c **** *   Disables and removes the interrupt.
 126:Generated_Source\PSoC5/ProbeUART_TxISR.c **** *
 127:Generated_Source\PSoC5/ProbeUART_TxISR.c **** * Parameters:  
 128:Generated_Source\PSoC5/ProbeUART_TxISR.c **** *   None
 129:Generated_Source\PSoC5/ProbeUART_TxISR.c **** *
 130:Generated_Source\PSoC5/ProbeUART_TxISR.c **** * Return:
 131:Generated_Source\PSoC5/ProbeUART_TxISR.c **** *   None
 132:Generated_Source\PSoC5/ProbeUART_TxISR.c **** *
 133:Generated_Source\PSoC5/ProbeUART_TxISR.c **** *******************************************************************************/
 134:Generated_Source\PSoC5/ProbeUART_TxISR.c **** void ProbeUART_TxISR_Stop(void)
 135:Generated_Source\PSoC5/ProbeUART_TxISR.c **** {
 108              		.loc 1 135 0
 109              		.cfi_startproc
 110              		@ args = 0, pretend = 0, frame = 0
 111              		@ frame_needed = 1, uses_anonymous_args = 0
 112 0000 80B5     		push	{r7, lr}
 113              		.cfi_def_cfa_offset 8
 114              		.cfi_offset 7, -8
 115              		.cfi_offset 14, -4
 116 0002 00AF     		add	r7, sp, #0
 117              		.cfi_def_cfa_register 7
 136:Generated_Source\PSoC5/ProbeUART_TxISR.c ****     /* Disable this interrupt. */
 137:Generated_Source\PSoC5/ProbeUART_TxISR.c ****     ProbeUART_TxISR_Disable();
 118              		.loc 1 137 0
 119 0004 FFF7FEFF 		bl	ProbeUART_TxISR_Disable
 138:Generated_Source\PSoC5/ProbeUART_TxISR.c **** 
 139:Generated_Source\PSoC5/ProbeUART_TxISR.c ****     /* Set the ISR to point to the passive one. */
 140:Generated_Source\PSoC5/ProbeUART_TxISR.c ****     ProbeUART_TxISR_SetVector(&IntDefaultHandler);
 120              		.loc 1 140 0
 121 0008 0248     		ldr	r0, .L6
 122 000a FFF7FEFF 		bl	ProbeUART_TxISR_SetVector
 141:Generated_Source\PSoC5/ProbeUART_TxISR.c **** }
 123              		.loc 1 141 0
 124 000e 00BF     		nop
 125 0010 80BD     		pop	{r7, pc}
 126              	.L7:
 127 0012 00BF     		.align	2
 128              	.L6:
 129 0014 00000000 		.word	IntDefaultHandler
 130              		.cfi_endproc
 131              	.LFE2:
 132              		.size	ProbeUART_TxISR_Stop, .-ProbeUART_TxISR_Stop
 133              		.section	.text.ProbeUART_TxISR_Interrupt,"ax",%progbits
 134              		.align	2
 135              		.global	ProbeUART_TxISR_Interrupt
 136              		.thumb
 137              		.thumb_func
 138              		.type	ProbeUART_TxISR_Interrupt, %function
 139              	ProbeUART_TxISR_Interrupt:
 140              	.LFB3:
 142:Generated_Source\PSoC5/ProbeUART_TxISR.c **** 
 143:Generated_Source\PSoC5/ProbeUART_TxISR.c **** 
 144:Generated_Source\PSoC5/ProbeUART_TxISR.c **** /*******************************************************************************
 145:Generated_Source\PSoC5/ProbeUART_TxISR.c **** * Function Name: ProbeUART_TxISR_Interrupt
ARM GAS  C:\Users\alex\AppData\Local\Temp\ccb6zmIe.s 			page 6


 146:Generated_Source\PSoC5/ProbeUART_TxISR.c **** ********************************************************************************
 147:Generated_Source\PSoC5/ProbeUART_TxISR.c **** *
 148:Generated_Source\PSoC5/ProbeUART_TxISR.c **** * Summary:
 149:Generated_Source\PSoC5/ProbeUART_TxISR.c **** *   The default Interrupt Service Routine for ProbeUART_TxISR.
 150:Generated_Source\PSoC5/ProbeUART_TxISR.c **** *
 151:Generated_Source\PSoC5/ProbeUART_TxISR.c **** *   Add custom code between the coments to keep the next version of this file
 152:Generated_Source\PSoC5/ProbeUART_TxISR.c **** *   from over writting your code.
 153:Generated_Source\PSoC5/ProbeUART_TxISR.c **** *
 154:Generated_Source\PSoC5/ProbeUART_TxISR.c **** * Parameters:  
 155:Generated_Source\PSoC5/ProbeUART_TxISR.c **** *
 156:Generated_Source\PSoC5/ProbeUART_TxISR.c **** * Return:
 157:Generated_Source\PSoC5/ProbeUART_TxISR.c **** *   None
 158:Generated_Source\PSoC5/ProbeUART_TxISR.c **** *
 159:Generated_Source\PSoC5/ProbeUART_TxISR.c **** *******************************************************************************/
 160:Generated_Source\PSoC5/ProbeUART_TxISR.c **** CY_ISR(ProbeUART_TxISR_Interrupt)
 161:Generated_Source\PSoC5/ProbeUART_TxISR.c **** {
 141              		.loc 1 161 0
 142              		.cfi_startproc
 143              		@ args = 0, pretend = 0, frame = 0
 144              		@ frame_needed = 1, uses_anonymous_args = 0
 145 0000 80B5     		push	{r7, lr}
 146              		.cfi_def_cfa_offset 8
 147              		.cfi_offset 7, -8
 148              		.cfi_offset 14, -4
 149 0002 00AF     		add	r7, sp, #0
 150              		.cfi_def_cfa_register 7
 162:Generated_Source\PSoC5/ProbeUART_TxISR.c ****     #ifdef ProbeUART_TxISR_INTERRUPT_INTERRUPT_CALLBACK
 163:Generated_Source\PSoC5/ProbeUART_TxISR.c ****         ProbeUART_TxISR_Interrupt_InterruptCallback();
 164:Generated_Source\PSoC5/ProbeUART_TxISR.c ****     #endif /* ProbeUART_TxISR_INTERRUPT_INTERRUPT_CALLBACK */ 
 165:Generated_Source\PSoC5/ProbeUART_TxISR.c **** 
 166:Generated_Source\PSoC5/ProbeUART_TxISR.c ****     /*  Place your Interrupt code here. */
 167:Generated_Source\PSoC5/ProbeUART_TxISR.c ****     /* `#START ProbeUART_TxISR_Interrupt` */
 168:Generated_Source\PSoC5/ProbeUART_TxISR.c ****     ProbeRS232_TxISRHandler();
 151              		.loc 1 168 0
 152 0004 FFF7FEFF 		bl	ProbeRS232_TxISRHandler
 169:Generated_Source\PSoC5/ProbeUART_TxISR.c ****     /* `#END` */
 170:Generated_Source\PSoC5/ProbeUART_TxISR.c **** }
 153              		.loc 1 170 0
 154 0008 00BF     		nop
 155 000a 80BD     		pop	{r7, pc}
 156              		.cfi_endproc
 157              	.LFE3:
 158              		.size	ProbeUART_TxISR_Interrupt, .-ProbeUART_TxISR_Interrupt
 159              		.section	.text.ProbeUART_TxISR_SetVector,"ax",%progbits
 160              		.align	2
 161              		.global	ProbeUART_TxISR_SetVector
 162              		.thumb
 163              		.thumb_func
 164              		.type	ProbeUART_TxISR_SetVector, %function
 165              	ProbeUART_TxISR_SetVector:
 166              	.LFB4:
 171:Generated_Source\PSoC5/ProbeUART_TxISR.c **** 
 172:Generated_Source\PSoC5/ProbeUART_TxISR.c **** 
 173:Generated_Source\PSoC5/ProbeUART_TxISR.c **** /*******************************************************************************
 174:Generated_Source\PSoC5/ProbeUART_TxISR.c **** * Function Name: ProbeUART_TxISR_SetVector
 175:Generated_Source\PSoC5/ProbeUART_TxISR.c **** ********************************************************************************
 176:Generated_Source\PSoC5/ProbeUART_TxISR.c **** *
ARM GAS  C:\Users\alex\AppData\Local\Temp\ccb6zmIe.s 			page 7


 177:Generated_Source\PSoC5/ProbeUART_TxISR.c **** * Summary:
 178:Generated_Source\PSoC5/ProbeUART_TxISR.c **** *   Change the ISR vector for the Interrupt. Note calling ProbeUART_TxISR_Start
 179:Generated_Source\PSoC5/ProbeUART_TxISR.c **** *   will override any effect this method would have had. To set the vector 
 180:Generated_Source\PSoC5/ProbeUART_TxISR.c **** *   before the component has been started use ProbeUART_TxISR_StartEx instead.
 181:Generated_Source\PSoC5/ProbeUART_TxISR.c **** * 
 182:Generated_Source\PSoC5/ProbeUART_TxISR.c **** *   When defining ISR functions, the CY_ISR and CY_ISR_PROTO macros should be 
 183:Generated_Source\PSoC5/ProbeUART_TxISR.c **** *   used to provide consistent definition across compilers:
 184:Generated_Source\PSoC5/ProbeUART_TxISR.c **** *
 185:Generated_Source\PSoC5/ProbeUART_TxISR.c **** *   Function definition example:
 186:Generated_Source\PSoC5/ProbeUART_TxISR.c **** *   CY_ISR(MyISR)
 187:Generated_Source\PSoC5/ProbeUART_TxISR.c **** *   {
 188:Generated_Source\PSoC5/ProbeUART_TxISR.c **** *   }
 189:Generated_Source\PSoC5/ProbeUART_TxISR.c **** *
 190:Generated_Source\PSoC5/ProbeUART_TxISR.c **** *   Function prototype example:
 191:Generated_Source\PSoC5/ProbeUART_TxISR.c **** *     CY_ISR_PROTO(MyISR);
 192:Generated_Source\PSoC5/ProbeUART_TxISR.c **** *
 193:Generated_Source\PSoC5/ProbeUART_TxISR.c **** * Parameters:
 194:Generated_Source\PSoC5/ProbeUART_TxISR.c **** *   address: Address of the ISR to set in the interrupt vector table.
 195:Generated_Source\PSoC5/ProbeUART_TxISR.c **** *
 196:Generated_Source\PSoC5/ProbeUART_TxISR.c **** * Return:
 197:Generated_Source\PSoC5/ProbeUART_TxISR.c **** *   None
 198:Generated_Source\PSoC5/ProbeUART_TxISR.c **** *
 199:Generated_Source\PSoC5/ProbeUART_TxISR.c **** *******************************************************************************/
 200:Generated_Source\PSoC5/ProbeUART_TxISR.c **** void ProbeUART_TxISR_SetVector(cyisraddress address)
 201:Generated_Source\PSoC5/ProbeUART_TxISR.c **** {
 167              		.loc 1 201 0
 168              		.cfi_startproc
 169              		@ args = 0, pretend = 0, frame = 16
 170              		@ frame_needed = 1, uses_anonymous_args = 0
 171              		@ link register save eliminated.
 172 0000 80B4     		push	{r7}
 173              		.cfi_def_cfa_offset 4
 174              		.cfi_offset 7, -4
 175 0002 85B0     		sub	sp, sp, #20
 176              		.cfi_def_cfa_offset 24
 177 0004 00AF     		add	r7, sp, #0
 178              		.cfi_def_cfa_register 7
 179 0006 7860     		str	r0, [r7, #4]
 202:Generated_Source\PSoC5/ProbeUART_TxISR.c ****     cyisraddress * ramVectorTable;
 203:Generated_Source\PSoC5/ProbeUART_TxISR.c **** 
 204:Generated_Source\PSoC5/ProbeUART_TxISR.c ****     ramVectorTable = (cyisraddress *) *CYINT_VECT_TABLE;
 180              		.loc 1 204 0
 181 0008 054B     		ldr	r3, .L10
 182 000a 1B68     		ldr	r3, [r3]
 183 000c FB60     		str	r3, [r7, #12]
 205:Generated_Source\PSoC5/ProbeUART_TxISR.c **** 
 206:Generated_Source\PSoC5/ProbeUART_TxISR.c ****     ramVectorTable[CYINT_IRQ_BASE + (uint32)ProbeUART_TxISR__INTC_NUMBER] = address;
 184              		.loc 1 206 0
 185 000e FB68     		ldr	r3, [r7, #12]
 186 0010 4433     		adds	r3, r3, #68
 187 0012 7A68     		ldr	r2, [r7, #4]
 188 0014 1A60     		str	r2, [r3]
 207:Generated_Source\PSoC5/ProbeUART_TxISR.c **** }
 189              		.loc 1 207 0
 190 0016 00BF     		nop
 191 0018 1437     		adds	r7, r7, #20
 192              		.cfi_def_cfa_offset 4
ARM GAS  C:\Users\alex\AppData\Local\Temp\ccb6zmIe.s 			page 8


 193 001a BD46     		mov	sp, r7
 194              		.cfi_def_cfa_register 13
 195              		@ sp needed
 196 001c 80BC     		pop	{r7}
 197              		.cfi_restore 7
 198              		.cfi_def_cfa_offset 0
 199 001e 7047     		bx	lr
 200              	.L11:
 201              		.align	2
 202              	.L10:
 203 0020 08ED00E0 		.word	-536810232
 204              		.cfi_endproc
 205              	.LFE4:
 206              		.size	ProbeUART_TxISR_SetVector, .-ProbeUART_TxISR_SetVector
 207              		.section	.text.ProbeUART_TxISR_GetVector,"ax",%progbits
 208              		.align	2
 209              		.global	ProbeUART_TxISR_GetVector
 210              		.thumb
 211              		.thumb_func
 212              		.type	ProbeUART_TxISR_GetVector, %function
 213              	ProbeUART_TxISR_GetVector:
 214              	.LFB5:
 208:Generated_Source\PSoC5/ProbeUART_TxISR.c **** 
 209:Generated_Source\PSoC5/ProbeUART_TxISR.c **** 
 210:Generated_Source\PSoC5/ProbeUART_TxISR.c **** /*******************************************************************************
 211:Generated_Source\PSoC5/ProbeUART_TxISR.c **** * Function Name: ProbeUART_TxISR_GetVector
 212:Generated_Source\PSoC5/ProbeUART_TxISR.c **** ********************************************************************************
 213:Generated_Source\PSoC5/ProbeUART_TxISR.c **** *
 214:Generated_Source\PSoC5/ProbeUART_TxISR.c **** * Summary:
 215:Generated_Source\PSoC5/ProbeUART_TxISR.c **** *   Gets the "address" of the current ISR vector for the Interrupt.
 216:Generated_Source\PSoC5/ProbeUART_TxISR.c **** *
 217:Generated_Source\PSoC5/ProbeUART_TxISR.c **** * Parameters:
 218:Generated_Source\PSoC5/ProbeUART_TxISR.c **** *   None
 219:Generated_Source\PSoC5/ProbeUART_TxISR.c **** *
 220:Generated_Source\PSoC5/ProbeUART_TxISR.c **** * Return:
 221:Generated_Source\PSoC5/ProbeUART_TxISR.c **** *   Address of the ISR in the interrupt vector table.
 222:Generated_Source\PSoC5/ProbeUART_TxISR.c **** *
 223:Generated_Source\PSoC5/ProbeUART_TxISR.c **** *******************************************************************************/
 224:Generated_Source\PSoC5/ProbeUART_TxISR.c **** cyisraddress ProbeUART_TxISR_GetVector(void)
 225:Generated_Source\PSoC5/ProbeUART_TxISR.c **** {
 215              		.loc 1 225 0
 216              		.cfi_startproc
 217              		@ args = 0, pretend = 0, frame = 8
 218              		@ frame_needed = 1, uses_anonymous_args = 0
 219              		@ link register save eliminated.
 220 0000 80B4     		push	{r7}
 221              		.cfi_def_cfa_offset 4
 222              		.cfi_offset 7, -4
 223 0002 83B0     		sub	sp, sp, #12
 224              		.cfi_def_cfa_offset 16
 225 0004 00AF     		add	r7, sp, #0
 226              		.cfi_def_cfa_register 7
 226:Generated_Source\PSoC5/ProbeUART_TxISR.c ****     cyisraddress * ramVectorTable;
 227:Generated_Source\PSoC5/ProbeUART_TxISR.c **** 
 228:Generated_Source\PSoC5/ProbeUART_TxISR.c ****     ramVectorTable = (cyisraddress *) *CYINT_VECT_TABLE;
 227              		.loc 1 228 0
 228 0006 054B     		ldr	r3, .L14
ARM GAS  C:\Users\alex\AppData\Local\Temp\ccb6zmIe.s 			page 9


 229 0008 1B68     		ldr	r3, [r3]
 230 000a 7B60     		str	r3, [r7, #4]
 229:Generated_Source\PSoC5/ProbeUART_TxISR.c **** 
 230:Generated_Source\PSoC5/ProbeUART_TxISR.c ****     return ramVectorTable[CYINT_IRQ_BASE + (uint32)ProbeUART_TxISR__INTC_NUMBER];
 231              		.loc 1 230 0
 232 000c 7B68     		ldr	r3, [r7, #4]
 233 000e 5B6C     		ldr	r3, [r3, #68]
 231:Generated_Source\PSoC5/ProbeUART_TxISR.c **** }
 234              		.loc 1 231 0
 235 0010 1846     		mov	r0, r3
 236 0012 0C37     		adds	r7, r7, #12
 237              		.cfi_def_cfa_offset 4
 238 0014 BD46     		mov	sp, r7
 239              		.cfi_def_cfa_register 13
 240              		@ sp needed
 241 0016 80BC     		pop	{r7}
 242              		.cfi_restore 7
 243              		.cfi_def_cfa_offset 0
 244 0018 7047     		bx	lr
 245              	.L15:
 246 001a 00BF     		.align	2
 247              	.L14:
 248 001c 08ED00E0 		.word	-536810232
 249              		.cfi_endproc
 250              	.LFE5:
 251              		.size	ProbeUART_TxISR_GetVector, .-ProbeUART_TxISR_GetVector
 252              		.section	.text.ProbeUART_TxISR_SetPriority,"ax",%progbits
 253              		.align	2
 254              		.global	ProbeUART_TxISR_SetPriority
 255              		.thumb
 256              		.thumb_func
 257              		.type	ProbeUART_TxISR_SetPriority, %function
 258              	ProbeUART_TxISR_SetPriority:
 259              	.LFB6:
 232:Generated_Source\PSoC5/ProbeUART_TxISR.c **** 
 233:Generated_Source\PSoC5/ProbeUART_TxISR.c **** 
 234:Generated_Source\PSoC5/ProbeUART_TxISR.c **** /*******************************************************************************
 235:Generated_Source\PSoC5/ProbeUART_TxISR.c **** * Function Name: ProbeUART_TxISR_SetPriority
 236:Generated_Source\PSoC5/ProbeUART_TxISR.c **** ********************************************************************************
 237:Generated_Source\PSoC5/ProbeUART_TxISR.c **** *
 238:Generated_Source\PSoC5/ProbeUART_TxISR.c **** * Summary:
 239:Generated_Source\PSoC5/ProbeUART_TxISR.c **** *   Sets the Priority of the Interrupt. 
 240:Generated_Source\PSoC5/ProbeUART_TxISR.c **** *
 241:Generated_Source\PSoC5/ProbeUART_TxISR.c **** *   Note calling ProbeUART_TxISR_Start or ProbeUART_TxISR_StartEx will 
 242:Generated_Source\PSoC5/ProbeUART_TxISR.c **** *   override any effect this API would have had. This API should only be called
 243:Generated_Source\PSoC5/ProbeUART_TxISR.c **** *   after ProbeUART_TxISR_Start or ProbeUART_TxISR_StartEx has been called. 
 244:Generated_Source\PSoC5/ProbeUART_TxISR.c **** *   To set the initial priority for the component, use the Design-Wide Resources
 245:Generated_Source\PSoC5/ProbeUART_TxISR.c **** *   Interrupt Editor.
 246:Generated_Source\PSoC5/ProbeUART_TxISR.c **** *
 247:Generated_Source\PSoC5/ProbeUART_TxISR.c **** *   Note This API has no effect on Non-maskable interrupt NMI).
 248:Generated_Source\PSoC5/ProbeUART_TxISR.c **** *
 249:Generated_Source\PSoC5/ProbeUART_TxISR.c **** * Parameters:
 250:Generated_Source\PSoC5/ProbeUART_TxISR.c **** *   priority: Priority of the interrupt, 0 being the highest priority
 251:Generated_Source\PSoC5/ProbeUART_TxISR.c **** *             PSoC 3 and PSoC 5LP: Priority is from 0 to 7.
 252:Generated_Source\PSoC5/ProbeUART_TxISR.c **** *             PSoC 4: Priority is from 0 to 3.
 253:Generated_Source\PSoC5/ProbeUART_TxISR.c **** *
 254:Generated_Source\PSoC5/ProbeUART_TxISR.c **** * Return:
ARM GAS  C:\Users\alex\AppData\Local\Temp\ccb6zmIe.s 			page 10


 255:Generated_Source\PSoC5/ProbeUART_TxISR.c **** *   None
 256:Generated_Source\PSoC5/ProbeUART_TxISR.c **** *
 257:Generated_Source\PSoC5/ProbeUART_TxISR.c **** *******************************************************************************/
 258:Generated_Source\PSoC5/ProbeUART_TxISR.c **** void ProbeUART_TxISR_SetPriority(uint8 priority)
 259:Generated_Source\PSoC5/ProbeUART_TxISR.c **** {
 260              		.loc 1 259 0
 261              		.cfi_startproc
 262              		@ args = 0, pretend = 0, frame = 8
 263              		@ frame_needed = 1, uses_anonymous_args = 0
 264              		@ link register save eliminated.
 265 0000 80B4     		push	{r7}
 266              		.cfi_def_cfa_offset 4
 267              		.cfi_offset 7, -4
 268 0002 83B0     		sub	sp, sp, #12
 269              		.cfi_def_cfa_offset 16
 270 0004 00AF     		add	r7, sp, #0
 271              		.cfi_def_cfa_register 7
 272 0006 0346     		mov	r3, r0
 273 0008 FB71     		strb	r3, [r7, #7]
 260:Generated_Source\PSoC5/ProbeUART_TxISR.c ****     *ProbeUART_TxISR_INTC_PRIOR = priority << 5;
 274              		.loc 1 260 0
 275 000a 054A     		ldr	r2, .L17
 276 000c FB79     		ldrb	r3, [r7, #7]
 277 000e 5B01     		lsls	r3, r3, #5
 278 0010 DBB2     		uxtb	r3, r3
 279 0012 1370     		strb	r3, [r2]
 261:Generated_Source\PSoC5/ProbeUART_TxISR.c **** }
 280              		.loc 1 261 0
 281 0014 00BF     		nop
 282 0016 0C37     		adds	r7, r7, #12
 283              		.cfi_def_cfa_offset 4
 284 0018 BD46     		mov	sp, r7
 285              		.cfi_def_cfa_register 13
 286              		@ sp needed
 287 001a 80BC     		pop	{r7}
 288              		.cfi_restore 7
 289              		.cfi_def_cfa_offset 0
 290 001c 7047     		bx	lr
 291              	.L18:
 292 001e 00BF     		.align	2
 293              	.L17:
 294 0020 01E400E0 		.word	-536812543
 295              		.cfi_endproc
 296              	.LFE6:
 297              		.size	ProbeUART_TxISR_SetPriority, .-ProbeUART_TxISR_SetPriority
 298              		.section	.text.ProbeUART_TxISR_GetPriority,"ax",%progbits
 299              		.align	2
 300              		.global	ProbeUART_TxISR_GetPriority
 301              		.thumb
 302              		.thumb_func
 303              		.type	ProbeUART_TxISR_GetPriority, %function
 304              	ProbeUART_TxISR_GetPriority:
 305              	.LFB7:
 262:Generated_Source\PSoC5/ProbeUART_TxISR.c **** 
 263:Generated_Source\PSoC5/ProbeUART_TxISR.c **** 
 264:Generated_Source\PSoC5/ProbeUART_TxISR.c **** /*******************************************************************************
 265:Generated_Source\PSoC5/ProbeUART_TxISR.c **** * Function Name: ProbeUART_TxISR_GetPriority
ARM GAS  C:\Users\alex\AppData\Local\Temp\ccb6zmIe.s 			page 11


 266:Generated_Source\PSoC5/ProbeUART_TxISR.c **** ********************************************************************************
 267:Generated_Source\PSoC5/ProbeUART_TxISR.c **** *
 268:Generated_Source\PSoC5/ProbeUART_TxISR.c **** * Summary:
 269:Generated_Source\PSoC5/ProbeUART_TxISR.c **** *   Gets the Priority of the Interrupt.
 270:Generated_Source\PSoC5/ProbeUART_TxISR.c **** *
 271:Generated_Source\PSoC5/ProbeUART_TxISR.c **** * Parameters:
 272:Generated_Source\PSoC5/ProbeUART_TxISR.c **** *   None
 273:Generated_Source\PSoC5/ProbeUART_TxISR.c **** *
 274:Generated_Source\PSoC5/ProbeUART_TxISR.c **** * Return:
 275:Generated_Source\PSoC5/ProbeUART_TxISR.c **** *   Priority of the interrupt, 0 being the highest priority
 276:Generated_Source\PSoC5/ProbeUART_TxISR.c **** *    PSoC 3 and PSoC 5LP: Priority is from 0 to 7.
 277:Generated_Source\PSoC5/ProbeUART_TxISR.c **** *    PSoC 4: Priority is from 0 to 3.
 278:Generated_Source\PSoC5/ProbeUART_TxISR.c **** *
 279:Generated_Source\PSoC5/ProbeUART_TxISR.c **** *******************************************************************************/
 280:Generated_Source\PSoC5/ProbeUART_TxISR.c **** uint8 ProbeUART_TxISR_GetPriority(void)
 281:Generated_Source\PSoC5/ProbeUART_TxISR.c **** {
 306              		.loc 1 281 0
 307              		.cfi_startproc
 308              		@ args = 0, pretend = 0, frame = 8
 309              		@ frame_needed = 1, uses_anonymous_args = 0
 310              		@ link register save eliminated.
 311 0000 80B4     		push	{r7}
 312              		.cfi_def_cfa_offset 4
 313              		.cfi_offset 7, -4
 314 0002 83B0     		sub	sp, sp, #12
 315              		.cfi_def_cfa_offset 16
 316 0004 00AF     		add	r7, sp, #0
 317              		.cfi_def_cfa_register 7
 282:Generated_Source\PSoC5/ProbeUART_TxISR.c ****     uint8 priority;
 283:Generated_Source\PSoC5/ProbeUART_TxISR.c **** 
 284:Generated_Source\PSoC5/ProbeUART_TxISR.c **** 
 285:Generated_Source\PSoC5/ProbeUART_TxISR.c ****     priority = *ProbeUART_TxISR_INTC_PRIOR >> 5;
 318              		.loc 1 285 0
 319 0006 054B     		ldr	r3, .L21
 320 0008 1B78     		ldrb	r3, [r3]
 321 000a DBB2     		uxtb	r3, r3
 322 000c 5B09     		lsrs	r3, r3, #5
 323 000e FB71     		strb	r3, [r7, #7]
 286:Generated_Source\PSoC5/ProbeUART_TxISR.c **** 
 287:Generated_Source\PSoC5/ProbeUART_TxISR.c ****     return priority;
 324              		.loc 1 287 0
 325 0010 FB79     		ldrb	r3, [r7, #7]	@ zero_extendqisi2
 288:Generated_Source\PSoC5/ProbeUART_TxISR.c **** }
 326              		.loc 1 288 0
 327 0012 1846     		mov	r0, r3
 328 0014 0C37     		adds	r7, r7, #12
 329              		.cfi_def_cfa_offset 4
 330 0016 BD46     		mov	sp, r7
 331              		.cfi_def_cfa_register 13
 332              		@ sp needed
 333 0018 80BC     		pop	{r7}
 334              		.cfi_restore 7
 335              		.cfi_def_cfa_offset 0
 336 001a 7047     		bx	lr
 337              	.L22:
 338              		.align	2
 339              	.L21:
ARM GAS  C:\Users\alex\AppData\Local\Temp\ccb6zmIe.s 			page 12


 340 001c 01E400E0 		.word	-536812543
 341              		.cfi_endproc
 342              	.LFE7:
 343              		.size	ProbeUART_TxISR_GetPriority, .-ProbeUART_TxISR_GetPriority
 344              		.section	.text.ProbeUART_TxISR_Enable,"ax",%progbits
 345              		.align	2
 346              		.global	ProbeUART_TxISR_Enable
 347              		.thumb
 348              		.thumb_func
 349              		.type	ProbeUART_TxISR_Enable, %function
 350              	ProbeUART_TxISR_Enable:
 351              	.LFB8:
 289:Generated_Source\PSoC5/ProbeUART_TxISR.c **** 
 290:Generated_Source\PSoC5/ProbeUART_TxISR.c **** 
 291:Generated_Source\PSoC5/ProbeUART_TxISR.c **** /*******************************************************************************
 292:Generated_Source\PSoC5/ProbeUART_TxISR.c **** * Function Name: ProbeUART_TxISR_Enable
 293:Generated_Source\PSoC5/ProbeUART_TxISR.c **** ********************************************************************************
 294:Generated_Source\PSoC5/ProbeUART_TxISR.c **** *
 295:Generated_Source\PSoC5/ProbeUART_TxISR.c **** * Summary:
 296:Generated_Source\PSoC5/ProbeUART_TxISR.c **** *   Enables the interrupt to the interrupt controller. Do not call this function
 297:Generated_Source\PSoC5/ProbeUART_TxISR.c **** *   unless ISR_Start() has been called or the functionality of the ISR_Start() 
 298:Generated_Source\PSoC5/ProbeUART_TxISR.c **** *   function, which sets the vector and the priority, has been called.
 299:Generated_Source\PSoC5/ProbeUART_TxISR.c **** *
 300:Generated_Source\PSoC5/ProbeUART_TxISR.c **** * Parameters:
 301:Generated_Source\PSoC5/ProbeUART_TxISR.c **** *   None
 302:Generated_Source\PSoC5/ProbeUART_TxISR.c **** *
 303:Generated_Source\PSoC5/ProbeUART_TxISR.c **** * Return:
 304:Generated_Source\PSoC5/ProbeUART_TxISR.c **** *   None
 305:Generated_Source\PSoC5/ProbeUART_TxISR.c **** *
 306:Generated_Source\PSoC5/ProbeUART_TxISR.c **** *******************************************************************************/
 307:Generated_Source\PSoC5/ProbeUART_TxISR.c **** void ProbeUART_TxISR_Enable(void)
 308:Generated_Source\PSoC5/ProbeUART_TxISR.c **** {
 352              		.loc 1 308 0
 353              		.cfi_startproc
 354              		@ args = 0, pretend = 0, frame = 0
 355              		@ frame_needed = 1, uses_anonymous_args = 0
 356              		@ link register save eliminated.
 357 0000 80B4     		push	{r7}
 358              		.cfi_def_cfa_offset 4
 359              		.cfi_offset 7, -4
 360 0002 00AF     		add	r7, sp, #0
 361              		.cfi_def_cfa_register 7
 309:Generated_Source\PSoC5/ProbeUART_TxISR.c ****     /* Enable the general interrupt. */
 310:Generated_Source\PSoC5/ProbeUART_TxISR.c ****     *ProbeUART_TxISR_INTC_SET_EN = ProbeUART_TxISR__INTC_MASK;
 362              		.loc 1 310 0
 363 0004 034B     		ldr	r3, .L24
 364 0006 0222     		movs	r2, #2
 365 0008 1A60     		str	r2, [r3]
 311:Generated_Source\PSoC5/ProbeUART_TxISR.c **** }
 366              		.loc 1 311 0
 367 000a 00BF     		nop
 368 000c BD46     		mov	sp, r7
 369              		.cfi_def_cfa_register 13
 370              		@ sp needed
 371 000e 80BC     		pop	{r7}
 372              		.cfi_restore 7
 373              		.cfi_def_cfa_offset 0
ARM GAS  C:\Users\alex\AppData\Local\Temp\ccb6zmIe.s 			page 13


 374 0010 7047     		bx	lr
 375              	.L25:
 376 0012 00BF     		.align	2
 377              	.L24:
 378 0014 00E100E0 		.word	-536813312
 379              		.cfi_endproc
 380              	.LFE8:
 381              		.size	ProbeUART_TxISR_Enable, .-ProbeUART_TxISR_Enable
 382              		.section	.text.ProbeUART_TxISR_GetState,"ax",%progbits
 383              		.align	2
 384              		.global	ProbeUART_TxISR_GetState
 385              		.thumb
 386              		.thumb_func
 387              		.type	ProbeUART_TxISR_GetState, %function
 388              	ProbeUART_TxISR_GetState:
 389              	.LFB9:
 312:Generated_Source\PSoC5/ProbeUART_TxISR.c **** 
 313:Generated_Source\PSoC5/ProbeUART_TxISR.c **** 
 314:Generated_Source\PSoC5/ProbeUART_TxISR.c **** /*******************************************************************************
 315:Generated_Source\PSoC5/ProbeUART_TxISR.c **** * Function Name: ProbeUART_TxISR_GetState
 316:Generated_Source\PSoC5/ProbeUART_TxISR.c **** ********************************************************************************
 317:Generated_Source\PSoC5/ProbeUART_TxISR.c **** *
 318:Generated_Source\PSoC5/ProbeUART_TxISR.c **** * Summary:
 319:Generated_Source\PSoC5/ProbeUART_TxISR.c **** *   Gets the state (enabled, disabled) of the Interrupt.
 320:Generated_Source\PSoC5/ProbeUART_TxISR.c **** *
 321:Generated_Source\PSoC5/ProbeUART_TxISR.c **** * Parameters:
 322:Generated_Source\PSoC5/ProbeUART_TxISR.c **** *   None
 323:Generated_Source\PSoC5/ProbeUART_TxISR.c **** *
 324:Generated_Source\PSoC5/ProbeUART_TxISR.c **** * Return:
 325:Generated_Source\PSoC5/ProbeUART_TxISR.c **** *   1 if enabled, 0 if disabled.
 326:Generated_Source\PSoC5/ProbeUART_TxISR.c **** *
 327:Generated_Source\PSoC5/ProbeUART_TxISR.c **** *******************************************************************************/
 328:Generated_Source\PSoC5/ProbeUART_TxISR.c **** uint8 ProbeUART_TxISR_GetState(void)
 329:Generated_Source\PSoC5/ProbeUART_TxISR.c **** {
 390              		.loc 1 329 0
 391              		.cfi_startproc
 392              		@ args = 0, pretend = 0, frame = 0
 393              		@ frame_needed = 1, uses_anonymous_args = 0
 394              		@ link register save eliminated.
 395 0000 80B4     		push	{r7}
 396              		.cfi_def_cfa_offset 4
 397              		.cfi_offset 7, -4
 398 0002 00AF     		add	r7, sp, #0
 399              		.cfi_def_cfa_register 7
 330:Generated_Source\PSoC5/ProbeUART_TxISR.c ****     /* Get the state of the general interrupt. */
 331:Generated_Source\PSoC5/ProbeUART_TxISR.c ****     return ((*ProbeUART_TxISR_INTC_SET_EN & (uint32)ProbeUART_TxISR__INTC_MASK) != 0u) ? 1u:0u;
 400              		.loc 1 331 0
 401 0004 064B     		ldr	r3, .L30
 402 0006 1B68     		ldr	r3, [r3]
 403 0008 03F00203 		and	r3, r3, #2
 404 000c 002B     		cmp	r3, #0
 405 000e 01D0     		beq	.L27
 406              		.loc 1 331 0 is_stmt 0 discriminator 1
 407 0010 0123     		movs	r3, #1
 408 0012 00E0     		b	.L28
 409              	.L27:
 410              		.loc 1 331 0 discriminator 2
ARM GAS  C:\Users\alex\AppData\Local\Temp\ccb6zmIe.s 			page 14


 411 0014 0023     		movs	r3, #0
 412              	.L28:
 332:Generated_Source\PSoC5/ProbeUART_TxISR.c **** }
 413              		.loc 1 332 0 is_stmt 1 discriminator 4
 414 0016 1846     		mov	r0, r3
 415 0018 BD46     		mov	sp, r7
 416              		.cfi_def_cfa_register 13
 417              		@ sp needed
 418 001a 80BC     		pop	{r7}
 419              		.cfi_restore 7
 420              		.cfi_def_cfa_offset 0
 421 001c 7047     		bx	lr
 422              	.L31:
 423 001e 00BF     		.align	2
 424              	.L30:
 425 0020 00E100E0 		.word	-536813312
 426              		.cfi_endproc
 427              	.LFE9:
 428              		.size	ProbeUART_TxISR_GetState, .-ProbeUART_TxISR_GetState
 429              		.section	.text.ProbeUART_TxISR_Disable,"ax",%progbits
 430              		.align	2
 431              		.global	ProbeUART_TxISR_Disable
 432              		.thumb
 433              		.thumb_func
 434              		.type	ProbeUART_TxISR_Disable, %function
 435              	ProbeUART_TxISR_Disable:
 436              	.LFB10:
 333:Generated_Source\PSoC5/ProbeUART_TxISR.c **** 
 334:Generated_Source\PSoC5/ProbeUART_TxISR.c **** 
 335:Generated_Source\PSoC5/ProbeUART_TxISR.c **** /*******************************************************************************
 336:Generated_Source\PSoC5/ProbeUART_TxISR.c **** * Function Name: ProbeUART_TxISR_Disable
 337:Generated_Source\PSoC5/ProbeUART_TxISR.c **** ********************************************************************************
 338:Generated_Source\PSoC5/ProbeUART_TxISR.c **** *
 339:Generated_Source\PSoC5/ProbeUART_TxISR.c **** * Summary:
 340:Generated_Source\PSoC5/ProbeUART_TxISR.c **** *   Disables the Interrupt in the interrupt controller.
 341:Generated_Source\PSoC5/ProbeUART_TxISR.c **** *
 342:Generated_Source\PSoC5/ProbeUART_TxISR.c **** * Parameters:
 343:Generated_Source\PSoC5/ProbeUART_TxISR.c **** *   None
 344:Generated_Source\PSoC5/ProbeUART_TxISR.c **** *
 345:Generated_Source\PSoC5/ProbeUART_TxISR.c **** * Return:
 346:Generated_Source\PSoC5/ProbeUART_TxISR.c **** *   None
 347:Generated_Source\PSoC5/ProbeUART_TxISR.c **** *
 348:Generated_Source\PSoC5/ProbeUART_TxISR.c **** *******************************************************************************/
 349:Generated_Source\PSoC5/ProbeUART_TxISR.c **** void ProbeUART_TxISR_Disable(void)
 350:Generated_Source\PSoC5/ProbeUART_TxISR.c **** {
 437              		.loc 1 350 0
 438              		.cfi_startproc
 439              		@ args = 0, pretend = 0, frame = 0
 440              		@ frame_needed = 1, uses_anonymous_args = 0
 441              		@ link register save eliminated.
 442 0000 80B4     		push	{r7}
 443              		.cfi_def_cfa_offset 4
 444              		.cfi_offset 7, -4
 445 0002 00AF     		add	r7, sp, #0
 446              		.cfi_def_cfa_register 7
 351:Generated_Source\PSoC5/ProbeUART_TxISR.c ****     /* Disable the general interrupt. */
 352:Generated_Source\PSoC5/ProbeUART_TxISR.c ****     *ProbeUART_TxISR_INTC_CLR_EN = ProbeUART_TxISR__INTC_MASK;
ARM GAS  C:\Users\alex\AppData\Local\Temp\ccb6zmIe.s 			page 15


 447              		.loc 1 352 0
 448 0004 034B     		ldr	r3, .L33
 449 0006 0222     		movs	r2, #2
 450 0008 1A60     		str	r2, [r3]
 353:Generated_Source\PSoC5/ProbeUART_TxISR.c **** }
 451              		.loc 1 353 0
 452 000a 00BF     		nop
 453 000c BD46     		mov	sp, r7
 454              		.cfi_def_cfa_register 13
 455              		@ sp needed
 456 000e 80BC     		pop	{r7}
 457              		.cfi_restore 7
 458              		.cfi_def_cfa_offset 0
 459 0010 7047     		bx	lr
 460              	.L34:
 461 0012 00BF     		.align	2
 462              	.L33:
 463 0014 80E100E0 		.word	-536813184
 464              		.cfi_endproc
 465              	.LFE10:
 466              		.size	ProbeUART_TxISR_Disable, .-ProbeUART_TxISR_Disable
 467              		.section	.text.ProbeUART_TxISR_SetPending,"ax",%progbits
 468              		.align	2
 469              		.global	ProbeUART_TxISR_SetPending
 470              		.thumb
 471              		.thumb_func
 472              		.type	ProbeUART_TxISR_SetPending, %function
 473              	ProbeUART_TxISR_SetPending:
 474              	.LFB11:
 354:Generated_Source\PSoC5/ProbeUART_TxISR.c **** 
 355:Generated_Source\PSoC5/ProbeUART_TxISR.c **** 
 356:Generated_Source\PSoC5/ProbeUART_TxISR.c **** /*******************************************************************************
 357:Generated_Source\PSoC5/ProbeUART_TxISR.c **** * Function Name: ProbeUART_TxISR_SetPending
 358:Generated_Source\PSoC5/ProbeUART_TxISR.c **** ********************************************************************************
 359:Generated_Source\PSoC5/ProbeUART_TxISR.c **** *
 360:Generated_Source\PSoC5/ProbeUART_TxISR.c **** * Summary:
 361:Generated_Source\PSoC5/ProbeUART_TxISR.c **** *   Causes the Interrupt to enter the pending state, a software method of
 362:Generated_Source\PSoC5/ProbeUART_TxISR.c **** *   generating the interrupt.
 363:Generated_Source\PSoC5/ProbeUART_TxISR.c **** *
 364:Generated_Source\PSoC5/ProbeUART_TxISR.c **** * Parameters:
 365:Generated_Source\PSoC5/ProbeUART_TxISR.c **** *   None
 366:Generated_Source\PSoC5/ProbeUART_TxISR.c **** *
 367:Generated_Source\PSoC5/ProbeUART_TxISR.c **** * Return:
 368:Generated_Source\PSoC5/ProbeUART_TxISR.c **** *   None
 369:Generated_Source\PSoC5/ProbeUART_TxISR.c **** *
 370:Generated_Source\PSoC5/ProbeUART_TxISR.c **** * Side Effects:
 371:Generated_Source\PSoC5/ProbeUART_TxISR.c **** *   If interrupts are enabled and the interrupt is set up properly, the ISR is
 372:Generated_Source\PSoC5/ProbeUART_TxISR.c **** *   entered (depending on the priority of this interrupt and other pending 
 373:Generated_Source\PSoC5/ProbeUART_TxISR.c **** *   interrupts).
 374:Generated_Source\PSoC5/ProbeUART_TxISR.c **** *
 375:Generated_Source\PSoC5/ProbeUART_TxISR.c **** *******************************************************************************/
 376:Generated_Source\PSoC5/ProbeUART_TxISR.c **** void ProbeUART_TxISR_SetPending(void)
 377:Generated_Source\PSoC5/ProbeUART_TxISR.c **** {
 475              		.loc 1 377 0
 476              		.cfi_startproc
 477              		@ args = 0, pretend = 0, frame = 0
 478              		@ frame_needed = 1, uses_anonymous_args = 0
ARM GAS  C:\Users\alex\AppData\Local\Temp\ccb6zmIe.s 			page 16


 479              		@ link register save eliminated.
 480 0000 80B4     		push	{r7}
 481              		.cfi_def_cfa_offset 4
 482              		.cfi_offset 7, -4
 483 0002 00AF     		add	r7, sp, #0
 484              		.cfi_def_cfa_register 7
 378:Generated_Source\PSoC5/ProbeUART_TxISR.c ****     *ProbeUART_TxISR_INTC_SET_PD = ProbeUART_TxISR__INTC_MASK;
 485              		.loc 1 378 0
 486 0004 034B     		ldr	r3, .L36
 487 0006 0222     		movs	r2, #2
 488 0008 1A60     		str	r2, [r3]
 379:Generated_Source\PSoC5/ProbeUART_TxISR.c **** }
 489              		.loc 1 379 0
 490 000a 00BF     		nop
 491 000c BD46     		mov	sp, r7
 492              		.cfi_def_cfa_register 13
 493              		@ sp needed
 494 000e 80BC     		pop	{r7}
 495              		.cfi_restore 7
 496              		.cfi_def_cfa_offset 0
 497 0010 7047     		bx	lr
 498              	.L37:
 499 0012 00BF     		.align	2
 500              	.L36:
 501 0014 00E200E0 		.word	-536813056
 502              		.cfi_endproc
 503              	.LFE11:
 504              		.size	ProbeUART_TxISR_SetPending, .-ProbeUART_TxISR_SetPending
 505              		.section	.text.ProbeUART_TxISR_ClearPending,"ax",%progbits
 506              		.align	2
 507              		.global	ProbeUART_TxISR_ClearPending
 508              		.thumb
 509              		.thumb_func
 510              		.type	ProbeUART_TxISR_ClearPending, %function
 511              	ProbeUART_TxISR_ClearPending:
 512              	.LFB12:
 380:Generated_Source\PSoC5/ProbeUART_TxISR.c **** 
 381:Generated_Source\PSoC5/ProbeUART_TxISR.c **** 
 382:Generated_Source\PSoC5/ProbeUART_TxISR.c **** /*******************************************************************************
 383:Generated_Source\PSoC5/ProbeUART_TxISR.c **** * Function Name: ProbeUART_TxISR_ClearPending
 384:Generated_Source\PSoC5/ProbeUART_TxISR.c **** ********************************************************************************
 385:Generated_Source\PSoC5/ProbeUART_TxISR.c **** *
 386:Generated_Source\PSoC5/ProbeUART_TxISR.c **** * Summary:
 387:Generated_Source\PSoC5/ProbeUART_TxISR.c **** *   Clears a pending interrupt in the interrupt controller.
 388:Generated_Source\PSoC5/ProbeUART_TxISR.c **** *
 389:Generated_Source\PSoC5/ProbeUART_TxISR.c **** *   Note Some interrupt sources are clear-on-read and require the block 
 390:Generated_Source\PSoC5/ProbeUART_TxISR.c **** *   interrupt/status register to be read/cleared with the appropriate block API 
 391:Generated_Source\PSoC5/ProbeUART_TxISR.c **** *   (GPIO, UART, and so on). Otherwise the ISR will continue to remain in 
 392:Generated_Source\PSoC5/ProbeUART_TxISR.c **** *   pending state even though the interrupt itself is cleared using this API.
 393:Generated_Source\PSoC5/ProbeUART_TxISR.c **** *
 394:Generated_Source\PSoC5/ProbeUART_TxISR.c **** * Parameters:
 395:Generated_Source\PSoC5/ProbeUART_TxISR.c **** *   None
 396:Generated_Source\PSoC5/ProbeUART_TxISR.c **** *
 397:Generated_Source\PSoC5/ProbeUART_TxISR.c **** * Return:
 398:Generated_Source\PSoC5/ProbeUART_TxISR.c **** *   None
 399:Generated_Source\PSoC5/ProbeUART_TxISR.c **** *
 400:Generated_Source\PSoC5/ProbeUART_TxISR.c **** *******************************************************************************/
ARM GAS  C:\Users\alex\AppData\Local\Temp\ccb6zmIe.s 			page 17


 401:Generated_Source\PSoC5/ProbeUART_TxISR.c **** void ProbeUART_TxISR_ClearPending(void)
 402:Generated_Source\PSoC5/ProbeUART_TxISR.c **** {
 513              		.loc 1 402 0
 514              		.cfi_startproc
 515              		@ args = 0, pretend = 0, frame = 0
 516              		@ frame_needed = 1, uses_anonymous_args = 0
 517              		@ link register save eliminated.
 518 0000 80B4     		push	{r7}
 519              		.cfi_def_cfa_offset 4
 520              		.cfi_offset 7, -4
 521 0002 00AF     		add	r7, sp, #0
 522              		.cfi_def_cfa_register 7
 403:Generated_Source\PSoC5/ProbeUART_TxISR.c ****     *ProbeUART_TxISR_INTC_CLR_PD = ProbeUART_TxISR__INTC_MASK;
 523              		.loc 1 403 0
 524 0004 034B     		ldr	r3, .L39
 525 0006 0222     		movs	r2, #2
 526 0008 1A60     		str	r2, [r3]
 404:Generated_Source\PSoC5/ProbeUART_TxISR.c **** }
 527              		.loc 1 404 0
 528 000a 00BF     		nop
 529 000c BD46     		mov	sp, r7
 530              		.cfi_def_cfa_register 13
 531              		@ sp needed
 532 000e 80BC     		pop	{r7}
 533              		.cfi_restore 7
 534              		.cfi_def_cfa_offset 0
 535 0010 7047     		bx	lr
 536              	.L40:
 537 0012 00BF     		.align	2
 538              	.L39:
 539 0014 80E200E0 		.word	-536812928
 540              		.cfi_endproc
 541              	.LFE12:
 542              		.size	ProbeUART_TxISR_ClearPending, .-ProbeUART_TxISR_ClearPending
 543              		.text
 544              	.Letext0:
 545              		.file 2 "Generated_Source\\PSoC5/cytypes.h"
 546              		.section	.debug_info,"",%progbits
 547              	.Ldebug_info0:
 548 0000 4F020000 		.4byte	0x24f
 549 0004 0400     		.2byte	0x4
 550 0006 00000000 		.4byte	.Ldebug_abbrev0
 551 000a 04       		.byte	0x4
 552 000b 01       		.uleb128 0x1
 553 000c F4020000 		.4byte	.LASF34
 554 0010 0C       		.byte	0xc
 555 0011 7F020000 		.4byte	.LASF35
 556 0015 1E000000 		.4byte	.LASF36
 557 0019 00000000 		.4byte	.Ldebug_ranges0+0
 558 001d 00000000 		.4byte	0
 559 0021 00000000 		.4byte	.Ldebug_line0
 560 0025 02       		.uleb128 0x2
 561 0026 04       		.byte	0x4
 562 0027 05       		.byte	0x5
 563 0028 696E7400 		.ascii	"int\000"
 564 002c 03       		.uleb128 0x3
 565 002d 04       		.byte	0x4
ARM GAS  C:\Users\alex\AppData\Local\Temp\ccb6zmIe.s 			page 18


 566 002e 07       		.byte	0x7
 567 002f 76010000 		.4byte	.LASF0
 568 0033 03       		.uleb128 0x3
 569 0034 08       		.byte	0x8
 570 0035 05       		.byte	0x5
 571 0036 07020000 		.4byte	.LASF1
 572 003a 03       		.uleb128 0x3
 573 003b 08       		.byte	0x8
 574 003c 04       		.byte	0x4
 575 003d A8020000 		.4byte	.LASF2
 576 0041 03       		.uleb128 0x3
 577 0042 01       		.byte	0x1
 578 0043 06       		.byte	0x6
 579 0044 B4020000 		.4byte	.LASF3
 580 0048 03       		.uleb128 0x3
 581 0049 01       		.byte	0x1
 582 004a 08       		.byte	0x8
 583 004b FD000000 		.4byte	.LASF4
 584 004f 03       		.uleb128 0x3
 585 0050 02       		.byte	0x2
 586 0051 05       		.byte	0x5
 587 0052 3E020000 		.4byte	.LASF5
 588 0056 03       		.uleb128 0x3
 589 0057 02       		.byte	0x2
 590 0058 07       		.byte	0x7
 591 0059 E4000000 		.4byte	.LASF6
 592 005d 03       		.uleb128 0x3
 593 005e 04       		.byte	0x4
 594 005f 05       		.byte	0x5
 595 0060 76020000 		.4byte	.LASF7
 596 0064 03       		.uleb128 0x3
 597 0065 04       		.byte	0x4
 598 0066 07       		.byte	0x7
 599 0067 2A010000 		.4byte	.LASF8
 600 006b 03       		.uleb128 0x3
 601 006c 08       		.byte	0x8
 602 006d 07       		.byte	0x7
 603 006e A3010000 		.4byte	.LASF9
 604 0072 03       		.uleb128 0x3
 605 0073 04       		.byte	0x4
 606 0074 07       		.byte	0x7
 607 0075 FE010000 		.4byte	.LASF10
 608 0079 03       		.uleb128 0x3
 609 007a 01       		.byte	0x1
 610 007b 08       		.byte	0x8
 611 007c 15020000 		.4byte	.LASF11
 612 0080 04       		.uleb128 0x4
 613 0081 04       		.byte	0x4
 614 0082 86000000 		.4byte	0x86
 615 0086 05       		.uleb128 0x5
 616 0087 06       		.uleb128 0x6
 617 0088 3C010000 		.4byte	.LASF12
 618 008c 02       		.byte	0x2
 619 008d E401     		.2byte	0x1e4
 620 008f 48000000 		.4byte	0x48
 621 0093 06       		.uleb128 0x6
 622 0094 6F010000 		.4byte	.LASF13
ARM GAS  C:\Users\alex\AppData\Local\Temp\ccb6zmIe.s 			page 19


 623 0098 02       		.byte	0x2
 624 0099 E601     		.2byte	0x1e6
 625 009b 64000000 		.4byte	0x64
 626 009f 03       		.uleb128 0x3
 627 00a0 04       		.byte	0x4
 628 00a1 04       		.byte	0x4
 629 00a2 F7000000 		.4byte	.LASF14
 630 00a6 03       		.uleb128 0x3
 631 00a7 08       		.byte	0x8
 632 00a8 04       		.byte	0x4
 633 00a9 4B010000 		.4byte	.LASF15
 634 00ad 06       		.uleb128 0x6
 635 00ae 0B010000 		.4byte	.LASF16
 636 00b2 02       		.byte	0x2
 637 00b3 8E02     		.2byte	0x28e
 638 00b5 B9000000 		.4byte	0xb9
 639 00b9 07       		.uleb128 0x7
 640 00ba 87000000 		.4byte	0x87
 641 00be 06       		.uleb128 0x6
 642 00bf 18000000 		.4byte	.LASF17
 643 00c3 02       		.byte	0x2
 644 00c4 9002     		.2byte	0x290
 645 00c6 CA000000 		.4byte	0xca
 646 00ca 07       		.uleb128 0x7
 647 00cb 93000000 		.4byte	0x93
 648 00cf 06       		.uleb128 0x6
 649 00d0 BA010000 		.4byte	.LASF18
 650 00d4 02       		.byte	0x2
 651 00d5 A002     		.2byte	0x2a0
 652 00d7 80000000 		.4byte	0x80
 653 00db 08       		.uleb128 0x8
 654 00dc 48020000 		.4byte	.LASF19
 655 00e0 01       		.byte	0x1
 656 00e1 3D       		.byte	0x3d
 657 00e2 00000000 		.4byte	.LFB0
 658 00e6 20000000 		.4byte	.LFE0-.LFB0
 659 00ea 01       		.uleb128 0x1
 660 00eb 9C       		.byte	0x9c
 661 00ec 09       		.uleb128 0x9
 662 00ed 5E020000 		.4byte	.LASF21
 663 00f1 01       		.byte	0x1
 664 00f2 68       		.byte	0x68
 665 00f3 00000000 		.4byte	.LFB1
 666 00f7 24000000 		.4byte	.LFE1-.LFB1
 667 00fb 01       		.uleb128 0x1
 668 00fc 9C       		.byte	0x9c
 669 00fd 10010000 		.4byte	0x110
 670 0101 0A       		.uleb128 0xa
 671 0102 9B010000 		.4byte	.LASF24
 672 0106 01       		.byte	0x1
 673 0107 68       		.byte	0x68
 674 0108 CF000000 		.4byte	0xcf
 675 010c 02       		.uleb128 0x2
 676 010d 91       		.byte	0x91
 677 010e 74       		.sleb128 -12
 678 010f 00       		.byte	0
 679 0110 08       		.uleb128 0x8
ARM GAS  C:\Users\alex\AppData\Local\Temp\ccb6zmIe.s 			page 20


 680 0111 29020000 		.4byte	.LASF20
 681 0115 01       		.byte	0x1
 682 0116 86       		.byte	0x86
 683 0117 00000000 		.4byte	.LFB2
 684 011b 18000000 		.4byte	.LFE2-.LFB2
 685 011f 01       		.uleb128 0x1
 686 0120 9C       		.byte	0x9c
 687 0121 09       		.uleb128 0x9
 688 0122 C0020000 		.4byte	.LASF22
 689 0126 01       		.byte	0x1
 690 0127 A0       		.byte	0xa0
 691 0128 00000000 		.4byte	.LFB3
 692 012c 0C000000 		.4byte	.LFE3-.LFB3
 693 0130 01       		.uleb128 0x1
 694 0131 9C       		.byte	0x9c
 695 0132 44010000 		.4byte	0x144
 696 0136 0B       		.uleb128 0xb
 697 0137 83010000 		.4byte	.LASF37
 698 013b 01       		.byte	0x1
 699 013c A8       		.byte	0xa8
 700 013d 25000000 		.4byte	0x25
 701 0141 0C       		.uleb128 0xc
 702 0142 00       		.byte	0
 703 0143 00       		.byte	0
 704 0144 0D       		.uleb128 0xd
 705 0145 DA020000 		.4byte	.LASF23
 706 0149 01       		.byte	0x1
 707 014a C8       		.byte	0xc8
 708 014b 00000000 		.4byte	.LFB4
 709 014f 24000000 		.4byte	.LFE4-.LFB4
 710 0153 01       		.uleb128 0x1
 711 0154 9C       		.byte	0x9c
 712 0155 76010000 		.4byte	0x176
 713 0159 0A       		.uleb128 0xa
 714 015a 9B010000 		.4byte	.LASF24
 715 015e 01       		.byte	0x1
 716 015f C8       		.byte	0xc8
 717 0160 CF000000 		.4byte	0xcf
 718 0164 02       		.uleb128 0x2
 719 0165 91       		.byte	0x91
 720 0166 6C       		.sleb128 -20
 721 0167 0E       		.uleb128 0xe
 722 0168 1A020000 		.4byte	.LASF25
 723 016c 01       		.byte	0x1
 724 016d CA       		.byte	0xca
 725 016e 76010000 		.4byte	0x176
 726 0172 02       		.uleb128 0x2
 727 0173 91       		.byte	0x91
 728 0174 74       		.sleb128 -12
 729 0175 00       		.byte	0
 730 0176 04       		.uleb128 0x4
 731 0177 04       		.byte	0x4
 732 0178 CF000000 		.4byte	0xcf
 733 017c 0F       		.uleb128 0xf
 734 017d 10010000 		.4byte	.LASF28
 735 0181 01       		.byte	0x1
 736 0182 E0       		.byte	0xe0
ARM GAS  C:\Users\alex\AppData\Local\Temp\ccb6zmIe.s 			page 21


 737 0183 CF000000 		.4byte	0xcf
 738 0187 00000000 		.4byte	.LFB5
 739 018b 20000000 		.4byte	.LFE5-.LFB5
 740 018f 01       		.uleb128 0x1
 741 0190 9C       		.byte	0x9c
 742 0191 A4010000 		.4byte	0x1a4
 743 0195 0E       		.uleb128 0xe
 744 0196 1A020000 		.4byte	.LASF25
 745 019a 01       		.byte	0x1
 746 019b E2       		.byte	0xe2
 747 019c 76010000 		.4byte	0x176
 748 01a0 02       		.uleb128 0x2
 749 01a1 91       		.byte	0x91
 750 01a2 74       		.sleb128 -12
 751 01a3 00       		.byte	0
 752 01a4 10       		.uleb128 0x10
 753 01a5 98000000 		.4byte	.LASF26
 754 01a9 01       		.byte	0x1
 755 01aa 0201     		.2byte	0x102
 756 01ac 00000000 		.4byte	.LFB6
 757 01b0 24000000 		.4byte	.LFE6-.LFB6
 758 01b4 01       		.uleb128 0x1
 759 01b5 9C       		.byte	0x9c
 760 01b6 CA010000 		.4byte	0x1ca
 761 01ba 11       		.uleb128 0x11
 762 01bb 42010000 		.4byte	.LASF27
 763 01bf 01       		.byte	0x1
 764 01c0 0201     		.2byte	0x102
 765 01c2 87000000 		.4byte	0x87
 766 01c6 02       		.uleb128 0x2
 767 01c7 91       		.byte	0x91
 768 01c8 77       		.sleb128 -9
 769 01c9 00       		.byte	0
 770 01ca 12       		.uleb128 0x12
 771 01cb C7010000 		.4byte	.LASF29
 772 01cf 01       		.byte	0x1
 773 01d0 1801     		.2byte	0x118
 774 01d2 87000000 		.4byte	0x87
 775 01d6 00000000 		.4byte	.LFB7
 776 01da 20000000 		.4byte	.LFE7-.LFB7
 777 01de 01       		.uleb128 0x1
 778 01df 9C       		.byte	0x9c
 779 01e0 F4010000 		.4byte	0x1f4
 780 01e4 13       		.uleb128 0x13
 781 01e5 42010000 		.4byte	.LASF27
 782 01e9 01       		.byte	0x1
 783 01ea 1A01     		.2byte	0x11a
 784 01ec 87000000 		.4byte	0x87
 785 01f0 02       		.uleb128 0x2
 786 01f1 91       		.byte	0x91
 787 01f2 77       		.sleb128 -9
 788 01f3 00       		.byte	0
 789 01f4 14       		.uleb128 0x14
 790 01f5 B4000000 		.4byte	.LASF30
 791 01f9 01       		.byte	0x1
 792 01fa 3301     		.2byte	0x133
 793 01fc 00000000 		.4byte	.LFB8
ARM GAS  C:\Users\alex\AppData\Local\Temp\ccb6zmIe.s 			page 22


 794 0200 18000000 		.4byte	.LFE8-.LFB8
 795 0204 01       		.uleb128 0x1
 796 0205 9C       		.byte	0x9c
 797 0206 15       		.uleb128 0x15
 798 0207 CB000000 		.4byte	.LASF38
 799 020b 01       		.byte	0x1
 800 020c 4801     		.2byte	0x148
 801 020e 87000000 		.4byte	0x87
 802 0212 00000000 		.4byte	.LFB9
 803 0216 24000000 		.4byte	.LFE9-.LFB9
 804 021a 01       		.uleb128 0x1
 805 021b 9C       		.byte	0x9c
 806 021c 14       		.uleb128 0x14
 807 021d 00000000 		.4byte	.LASF31
 808 0221 01       		.byte	0x1
 809 0222 5D01     		.2byte	0x15d
 810 0224 00000000 		.4byte	.LFB10
 811 0228 18000000 		.4byte	.LFE10-.LFB10
 812 022c 01       		.uleb128 0x1
 813 022d 9C       		.byte	0x9c
 814 022e 14       		.uleb128 0x14
 815 022f E3010000 		.4byte	.LASF32
 816 0233 01       		.byte	0x1
 817 0234 7801     		.2byte	0x178
 818 0236 00000000 		.4byte	.LFB11
 819 023a 18000000 		.4byte	.LFE11-.LFB11
 820 023e 01       		.uleb128 0x1
 821 023f 9C       		.byte	0x9c
 822 0240 14       		.uleb128 0x14
 823 0241 52010000 		.4byte	.LASF33
 824 0245 01       		.byte	0x1
 825 0246 9101     		.2byte	0x191
 826 0248 00000000 		.4byte	.LFB12
 827 024c 18000000 		.4byte	.LFE12-.LFB12
 828 0250 01       		.uleb128 0x1
 829 0251 9C       		.byte	0x9c
 830 0252 00       		.byte	0
 831              		.section	.debug_abbrev,"",%progbits
 832              	.Ldebug_abbrev0:
 833 0000 01       		.uleb128 0x1
 834 0001 11       		.uleb128 0x11
 835 0002 01       		.byte	0x1
 836 0003 25       		.uleb128 0x25
 837 0004 0E       		.uleb128 0xe
 838 0005 13       		.uleb128 0x13
 839 0006 0B       		.uleb128 0xb
 840 0007 03       		.uleb128 0x3
 841 0008 0E       		.uleb128 0xe
 842 0009 1B       		.uleb128 0x1b
 843 000a 0E       		.uleb128 0xe
 844 000b 55       		.uleb128 0x55
 845 000c 17       		.uleb128 0x17
 846 000d 11       		.uleb128 0x11
 847 000e 01       		.uleb128 0x1
 848 000f 10       		.uleb128 0x10
 849 0010 17       		.uleb128 0x17
 850 0011 00       		.byte	0
ARM GAS  C:\Users\alex\AppData\Local\Temp\ccb6zmIe.s 			page 23


 851 0012 00       		.byte	0
 852 0013 02       		.uleb128 0x2
 853 0014 24       		.uleb128 0x24
 854 0015 00       		.byte	0
 855 0016 0B       		.uleb128 0xb
 856 0017 0B       		.uleb128 0xb
 857 0018 3E       		.uleb128 0x3e
 858 0019 0B       		.uleb128 0xb
 859 001a 03       		.uleb128 0x3
 860 001b 08       		.uleb128 0x8
 861 001c 00       		.byte	0
 862 001d 00       		.byte	0
 863 001e 03       		.uleb128 0x3
 864 001f 24       		.uleb128 0x24
 865 0020 00       		.byte	0
 866 0021 0B       		.uleb128 0xb
 867 0022 0B       		.uleb128 0xb
 868 0023 3E       		.uleb128 0x3e
 869 0024 0B       		.uleb128 0xb
 870 0025 03       		.uleb128 0x3
 871 0026 0E       		.uleb128 0xe
 872 0027 00       		.byte	0
 873 0028 00       		.byte	0
 874 0029 04       		.uleb128 0x4
 875 002a 0F       		.uleb128 0xf
 876 002b 00       		.byte	0
 877 002c 0B       		.uleb128 0xb
 878 002d 0B       		.uleb128 0xb
 879 002e 49       		.uleb128 0x49
 880 002f 13       		.uleb128 0x13
 881 0030 00       		.byte	0
 882 0031 00       		.byte	0
 883 0032 05       		.uleb128 0x5
 884 0033 15       		.uleb128 0x15
 885 0034 00       		.byte	0
 886 0035 27       		.uleb128 0x27
 887 0036 19       		.uleb128 0x19
 888 0037 00       		.byte	0
 889 0038 00       		.byte	0
 890 0039 06       		.uleb128 0x6
 891 003a 16       		.uleb128 0x16
 892 003b 00       		.byte	0
 893 003c 03       		.uleb128 0x3
 894 003d 0E       		.uleb128 0xe
 895 003e 3A       		.uleb128 0x3a
 896 003f 0B       		.uleb128 0xb
 897 0040 3B       		.uleb128 0x3b
 898 0041 05       		.uleb128 0x5
 899 0042 49       		.uleb128 0x49
 900 0043 13       		.uleb128 0x13
 901 0044 00       		.byte	0
 902 0045 00       		.byte	0
 903 0046 07       		.uleb128 0x7
 904 0047 35       		.uleb128 0x35
 905 0048 00       		.byte	0
 906 0049 49       		.uleb128 0x49
 907 004a 13       		.uleb128 0x13
ARM GAS  C:\Users\alex\AppData\Local\Temp\ccb6zmIe.s 			page 24


 908 004b 00       		.byte	0
 909 004c 00       		.byte	0
 910 004d 08       		.uleb128 0x8
 911 004e 2E       		.uleb128 0x2e
 912 004f 00       		.byte	0
 913 0050 3F       		.uleb128 0x3f
 914 0051 19       		.uleb128 0x19
 915 0052 03       		.uleb128 0x3
 916 0053 0E       		.uleb128 0xe
 917 0054 3A       		.uleb128 0x3a
 918 0055 0B       		.uleb128 0xb
 919 0056 3B       		.uleb128 0x3b
 920 0057 0B       		.uleb128 0xb
 921 0058 27       		.uleb128 0x27
 922 0059 19       		.uleb128 0x19
 923 005a 11       		.uleb128 0x11
 924 005b 01       		.uleb128 0x1
 925 005c 12       		.uleb128 0x12
 926 005d 06       		.uleb128 0x6
 927 005e 40       		.uleb128 0x40
 928 005f 18       		.uleb128 0x18
 929 0060 9642     		.uleb128 0x2116
 930 0062 19       		.uleb128 0x19
 931 0063 00       		.byte	0
 932 0064 00       		.byte	0
 933 0065 09       		.uleb128 0x9
 934 0066 2E       		.uleb128 0x2e
 935 0067 01       		.byte	0x1
 936 0068 3F       		.uleb128 0x3f
 937 0069 19       		.uleb128 0x19
 938 006a 03       		.uleb128 0x3
 939 006b 0E       		.uleb128 0xe
 940 006c 3A       		.uleb128 0x3a
 941 006d 0B       		.uleb128 0xb
 942 006e 3B       		.uleb128 0x3b
 943 006f 0B       		.uleb128 0xb
 944 0070 27       		.uleb128 0x27
 945 0071 19       		.uleb128 0x19
 946 0072 11       		.uleb128 0x11
 947 0073 01       		.uleb128 0x1
 948 0074 12       		.uleb128 0x12
 949 0075 06       		.uleb128 0x6
 950 0076 40       		.uleb128 0x40
 951 0077 18       		.uleb128 0x18
 952 0078 9642     		.uleb128 0x2116
 953 007a 19       		.uleb128 0x19
 954 007b 01       		.uleb128 0x1
 955 007c 13       		.uleb128 0x13
 956 007d 00       		.byte	0
 957 007e 00       		.byte	0
 958 007f 0A       		.uleb128 0xa
 959 0080 05       		.uleb128 0x5
 960 0081 00       		.byte	0
 961 0082 03       		.uleb128 0x3
 962 0083 0E       		.uleb128 0xe
 963 0084 3A       		.uleb128 0x3a
 964 0085 0B       		.uleb128 0xb
ARM GAS  C:\Users\alex\AppData\Local\Temp\ccb6zmIe.s 			page 25


 965 0086 3B       		.uleb128 0x3b
 966 0087 0B       		.uleb128 0xb
 967 0088 49       		.uleb128 0x49
 968 0089 13       		.uleb128 0x13
 969 008a 02       		.uleb128 0x2
 970 008b 18       		.uleb128 0x18
 971 008c 00       		.byte	0
 972 008d 00       		.byte	0
 973 008e 0B       		.uleb128 0xb
 974 008f 2E       		.uleb128 0x2e
 975 0090 01       		.byte	0x1
 976 0091 3F       		.uleb128 0x3f
 977 0092 19       		.uleb128 0x19
 978 0093 03       		.uleb128 0x3
 979 0094 0E       		.uleb128 0xe
 980 0095 3A       		.uleb128 0x3a
 981 0096 0B       		.uleb128 0xb
 982 0097 3B       		.uleb128 0x3b
 983 0098 0B       		.uleb128 0xb
 984 0099 49       		.uleb128 0x49
 985 009a 13       		.uleb128 0x13
 986 009b 3C       		.uleb128 0x3c
 987 009c 19       		.uleb128 0x19
 988 009d 00       		.byte	0
 989 009e 00       		.byte	0
 990 009f 0C       		.uleb128 0xc
 991 00a0 18       		.uleb128 0x18
 992 00a1 00       		.byte	0
 993 00a2 00       		.byte	0
 994 00a3 00       		.byte	0
 995 00a4 0D       		.uleb128 0xd
 996 00a5 2E       		.uleb128 0x2e
 997 00a6 01       		.byte	0x1
 998 00a7 3F       		.uleb128 0x3f
 999 00a8 19       		.uleb128 0x19
 1000 00a9 03       		.uleb128 0x3
 1001 00aa 0E       		.uleb128 0xe
 1002 00ab 3A       		.uleb128 0x3a
 1003 00ac 0B       		.uleb128 0xb
 1004 00ad 3B       		.uleb128 0x3b
 1005 00ae 0B       		.uleb128 0xb
 1006 00af 27       		.uleb128 0x27
 1007 00b0 19       		.uleb128 0x19
 1008 00b1 11       		.uleb128 0x11
 1009 00b2 01       		.uleb128 0x1
 1010 00b3 12       		.uleb128 0x12
 1011 00b4 06       		.uleb128 0x6
 1012 00b5 40       		.uleb128 0x40
 1013 00b6 18       		.uleb128 0x18
 1014 00b7 9742     		.uleb128 0x2117
 1015 00b9 19       		.uleb128 0x19
 1016 00ba 01       		.uleb128 0x1
 1017 00bb 13       		.uleb128 0x13
 1018 00bc 00       		.byte	0
 1019 00bd 00       		.byte	0
 1020 00be 0E       		.uleb128 0xe
 1021 00bf 34       		.uleb128 0x34
ARM GAS  C:\Users\alex\AppData\Local\Temp\ccb6zmIe.s 			page 26


 1022 00c0 00       		.byte	0
 1023 00c1 03       		.uleb128 0x3
 1024 00c2 0E       		.uleb128 0xe
 1025 00c3 3A       		.uleb128 0x3a
 1026 00c4 0B       		.uleb128 0xb
 1027 00c5 3B       		.uleb128 0x3b
 1028 00c6 0B       		.uleb128 0xb
 1029 00c7 49       		.uleb128 0x49
 1030 00c8 13       		.uleb128 0x13
 1031 00c9 02       		.uleb128 0x2
 1032 00ca 18       		.uleb128 0x18
 1033 00cb 00       		.byte	0
 1034 00cc 00       		.byte	0
 1035 00cd 0F       		.uleb128 0xf
 1036 00ce 2E       		.uleb128 0x2e
 1037 00cf 01       		.byte	0x1
 1038 00d0 3F       		.uleb128 0x3f
 1039 00d1 19       		.uleb128 0x19
 1040 00d2 03       		.uleb128 0x3
 1041 00d3 0E       		.uleb128 0xe
 1042 00d4 3A       		.uleb128 0x3a
 1043 00d5 0B       		.uleb128 0xb
 1044 00d6 3B       		.uleb128 0x3b
 1045 00d7 0B       		.uleb128 0xb
 1046 00d8 27       		.uleb128 0x27
 1047 00d9 19       		.uleb128 0x19
 1048 00da 49       		.uleb128 0x49
 1049 00db 13       		.uleb128 0x13
 1050 00dc 11       		.uleb128 0x11
 1051 00dd 01       		.uleb128 0x1
 1052 00de 12       		.uleb128 0x12
 1053 00df 06       		.uleb128 0x6
 1054 00e0 40       		.uleb128 0x40
 1055 00e1 18       		.uleb128 0x18
 1056 00e2 9742     		.uleb128 0x2117
 1057 00e4 19       		.uleb128 0x19
 1058 00e5 01       		.uleb128 0x1
 1059 00e6 13       		.uleb128 0x13
 1060 00e7 00       		.byte	0
 1061 00e8 00       		.byte	0
 1062 00e9 10       		.uleb128 0x10
 1063 00ea 2E       		.uleb128 0x2e
 1064 00eb 01       		.byte	0x1
 1065 00ec 3F       		.uleb128 0x3f
 1066 00ed 19       		.uleb128 0x19
 1067 00ee 03       		.uleb128 0x3
 1068 00ef 0E       		.uleb128 0xe
 1069 00f0 3A       		.uleb128 0x3a
 1070 00f1 0B       		.uleb128 0xb
 1071 00f2 3B       		.uleb128 0x3b
 1072 00f3 05       		.uleb128 0x5
 1073 00f4 27       		.uleb128 0x27
 1074 00f5 19       		.uleb128 0x19
 1075 00f6 11       		.uleb128 0x11
 1076 00f7 01       		.uleb128 0x1
 1077 00f8 12       		.uleb128 0x12
 1078 00f9 06       		.uleb128 0x6
ARM GAS  C:\Users\alex\AppData\Local\Temp\ccb6zmIe.s 			page 27


 1079 00fa 40       		.uleb128 0x40
 1080 00fb 18       		.uleb128 0x18
 1081 00fc 9742     		.uleb128 0x2117
 1082 00fe 19       		.uleb128 0x19
 1083 00ff 01       		.uleb128 0x1
 1084 0100 13       		.uleb128 0x13
 1085 0101 00       		.byte	0
 1086 0102 00       		.byte	0
 1087 0103 11       		.uleb128 0x11
 1088 0104 05       		.uleb128 0x5
 1089 0105 00       		.byte	0
 1090 0106 03       		.uleb128 0x3
 1091 0107 0E       		.uleb128 0xe
 1092 0108 3A       		.uleb128 0x3a
 1093 0109 0B       		.uleb128 0xb
 1094 010a 3B       		.uleb128 0x3b
 1095 010b 05       		.uleb128 0x5
 1096 010c 49       		.uleb128 0x49
 1097 010d 13       		.uleb128 0x13
 1098 010e 02       		.uleb128 0x2
 1099 010f 18       		.uleb128 0x18
 1100 0110 00       		.byte	0
 1101 0111 00       		.byte	0
 1102 0112 12       		.uleb128 0x12
 1103 0113 2E       		.uleb128 0x2e
 1104 0114 01       		.byte	0x1
 1105 0115 3F       		.uleb128 0x3f
 1106 0116 19       		.uleb128 0x19
 1107 0117 03       		.uleb128 0x3
 1108 0118 0E       		.uleb128 0xe
 1109 0119 3A       		.uleb128 0x3a
 1110 011a 0B       		.uleb128 0xb
 1111 011b 3B       		.uleb128 0x3b
 1112 011c 05       		.uleb128 0x5
 1113 011d 27       		.uleb128 0x27
 1114 011e 19       		.uleb128 0x19
 1115 011f 49       		.uleb128 0x49
 1116 0120 13       		.uleb128 0x13
 1117 0121 11       		.uleb128 0x11
 1118 0122 01       		.uleb128 0x1
 1119 0123 12       		.uleb128 0x12
 1120 0124 06       		.uleb128 0x6
 1121 0125 40       		.uleb128 0x40
 1122 0126 18       		.uleb128 0x18
 1123 0127 9742     		.uleb128 0x2117
 1124 0129 19       		.uleb128 0x19
 1125 012a 01       		.uleb128 0x1
 1126 012b 13       		.uleb128 0x13
 1127 012c 00       		.byte	0
 1128 012d 00       		.byte	0
 1129 012e 13       		.uleb128 0x13
 1130 012f 34       		.uleb128 0x34
 1131 0130 00       		.byte	0
 1132 0131 03       		.uleb128 0x3
 1133 0132 0E       		.uleb128 0xe
 1134 0133 3A       		.uleb128 0x3a
 1135 0134 0B       		.uleb128 0xb
ARM GAS  C:\Users\alex\AppData\Local\Temp\ccb6zmIe.s 			page 28


 1136 0135 3B       		.uleb128 0x3b
 1137 0136 05       		.uleb128 0x5
 1138 0137 49       		.uleb128 0x49
 1139 0138 13       		.uleb128 0x13
 1140 0139 02       		.uleb128 0x2
 1141 013a 18       		.uleb128 0x18
 1142 013b 00       		.byte	0
 1143 013c 00       		.byte	0
 1144 013d 14       		.uleb128 0x14
 1145 013e 2E       		.uleb128 0x2e
 1146 013f 00       		.byte	0
 1147 0140 3F       		.uleb128 0x3f
 1148 0141 19       		.uleb128 0x19
 1149 0142 03       		.uleb128 0x3
 1150 0143 0E       		.uleb128 0xe
 1151 0144 3A       		.uleb128 0x3a
 1152 0145 0B       		.uleb128 0xb
 1153 0146 3B       		.uleb128 0x3b
 1154 0147 05       		.uleb128 0x5
 1155 0148 27       		.uleb128 0x27
 1156 0149 19       		.uleb128 0x19
 1157 014a 11       		.uleb128 0x11
 1158 014b 01       		.uleb128 0x1
 1159 014c 12       		.uleb128 0x12
 1160 014d 06       		.uleb128 0x6
 1161 014e 40       		.uleb128 0x40
 1162 014f 18       		.uleb128 0x18
 1163 0150 9742     		.uleb128 0x2117
 1164 0152 19       		.uleb128 0x19
 1165 0153 00       		.byte	0
 1166 0154 00       		.byte	0
 1167 0155 15       		.uleb128 0x15
 1168 0156 2E       		.uleb128 0x2e
 1169 0157 00       		.byte	0
 1170 0158 3F       		.uleb128 0x3f
 1171 0159 19       		.uleb128 0x19
 1172 015a 03       		.uleb128 0x3
 1173 015b 0E       		.uleb128 0xe
 1174 015c 3A       		.uleb128 0x3a
 1175 015d 0B       		.uleb128 0xb
 1176 015e 3B       		.uleb128 0x3b
 1177 015f 05       		.uleb128 0x5
 1178 0160 27       		.uleb128 0x27
 1179 0161 19       		.uleb128 0x19
 1180 0162 49       		.uleb128 0x49
 1181 0163 13       		.uleb128 0x13
 1182 0164 11       		.uleb128 0x11
 1183 0165 01       		.uleb128 0x1
 1184 0166 12       		.uleb128 0x12
 1185 0167 06       		.uleb128 0x6
 1186 0168 40       		.uleb128 0x40
 1187 0169 18       		.uleb128 0x18
 1188 016a 9742     		.uleb128 0x2117
 1189 016c 19       		.uleb128 0x19
 1190 016d 00       		.byte	0
 1191 016e 00       		.byte	0
 1192 016f 00       		.byte	0
ARM GAS  C:\Users\alex\AppData\Local\Temp\ccb6zmIe.s 			page 29


 1193              		.section	.debug_aranges,"",%progbits
 1194 0000 7C000000 		.4byte	0x7c
 1195 0004 0200     		.2byte	0x2
 1196 0006 00000000 		.4byte	.Ldebug_info0
 1197 000a 04       		.byte	0x4
 1198 000b 00       		.byte	0
 1199 000c 0000     		.2byte	0
 1200 000e 0000     		.2byte	0
 1201 0010 00000000 		.4byte	.LFB0
 1202 0014 20000000 		.4byte	.LFE0-.LFB0
 1203 0018 00000000 		.4byte	.LFB1
 1204 001c 24000000 		.4byte	.LFE1-.LFB1
 1205 0020 00000000 		.4byte	.LFB2
 1206 0024 18000000 		.4byte	.LFE2-.LFB2
 1207 0028 00000000 		.4byte	.LFB3
 1208 002c 0C000000 		.4byte	.LFE3-.LFB3
 1209 0030 00000000 		.4byte	.LFB4
 1210 0034 24000000 		.4byte	.LFE4-.LFB4
 1211 0038 00000000 		.4byte	.LFB5
 1212 003c 20000000 		.4byte	.LFE5-.LFB5
 1213 0040 00000000 		.4byte	.LFB6
 1214 0044 24000000 		.4byte	.LFE6-.LFB6
 1215 0048 00000000 		.4byte	.LFB7
 1216 004c 20000000 		.4byte	.LFE7-.LFB7
 1217 0050 00000000 		.4byte	.LFB8
 1218 0054 18000000 		.4byte	.LFE8-.LFB8
 1219 0058 00000000 		.4byte	.LFB9
 1220 005c 24000000 		.4byte	.LFE9-.LFB9
 1221 0060 00000000 		.4byte	.LFB10
 1222 0064 18000000 		.4byte	.LFE10-.LFB10
 1223 0068 00000000 		.4byte	.LFB11
 1224 006c 18000000 		.4byte	.LFE11-.LFB11
 1225 0070 00000000 		.4byte	.LFB12
 1226 0074 18000000 		.4byte	.LFE12-.LFB12
 1227 0078 00000000 		.4byte	0
 1228 007c 00000000 		.4byte	0
 1229              		.section	.debug_ranges,"",%progbits
 1230              	.Ldebug_ranges0:
 1231 0000 00000000 		.4byte	.LFB0
 1232 0004 20000000 		.4byte	.LFE0
 1233 0008 00000000 		.4byte	.LFB1
 1234 000c 24000000 		.4byte	.LFE1
 1235 0010 00000000 		.4byte	.LFB2
 1236 0014 18000000 		.4byte	.LFE2
 1237 0018 00000000 		.4byte	.LFB3
 1238 001c 0C000000 		.4byte	.LFE3
 1239 0020 00000000 		.4byte	.LFB4
 1240 0024 24000000 		.4byte	.LFE4
 1241 0028 00000000 		.4byte	.LFB5
 1242 002c 20000000 		.4byte	.LFE5
 1243 0030 00000000 		.4byte	.LFB6
 1244 0034 24000000 		.4byte	.LFE6
 1245 0038 00000000 		.4byte	.LFB7
 1246 003c 20000000 		.4byte	.LFE7
 1247 0040 00000000 		.4byte	.LFB8
 1248 0044 18000000 		.4byte	.LFE8
 1249 0048 00000000 		.4byte	.LFB9
ARM GAS  C:\Users\alex\AppData\Local\Temp\ccb6zmIe.s 			page 30


 1250 004c 24000000 		.4byte	.LFE9
 1251 0050 00000000 		.4byte	.LFB10
 1252 0054 18000000 		.4byte	.LFE10
 1253 0058 00000000 		.4byte	.LFB11
 1254 005c 18000000 		.4byte	.LFE11
 1255 0060 00000000 		.4byte	.LFB12
 1256 0064 18000000 		.4byte	.LFE12
 1257 0068 00000000 		.4byte	0
 1258 006c 00000000 		.4byte	0
 1259              		.section	.debug_line,"",%progbits
 1260              	.Ldebug_line0:
 1261 0000 55010000 		.section	.debug_str,"MS",%progbits,1
 1261      02004C00 
 1261      00000201 
 1261      FB0E0D00 
 1261      01010101 
 1262              	.LASF31:
 1263 0000 50726F62 		.ascii	"ProbeUART_TxISR_Disable\000"
 1263      65554152 
 1263      545F5478 
 1263      4953525F 
 1263      44697361 
 1264              	.LASF17:
 1265 0018 72656733 		.ascii	"reg32\000"
 1265      3200
 1266              	.LASF36:
 1267 001e 483A5C42 		.ascii	"H:\\BCC722-RTOS-moinho\\UCoS\\Micrium_2\\Software\\"
 1267      43433732 
 1267      322D5254 
 1267      4F532D6D 
 1267      6F696E68 
 1268 004c 4576616C 		.ascii	"EvalBoards\\Cypress\\CY8CKIT-050\\PSoC\\uCOS-III-Pr"
 1268      426F6172 
 1268      64735C43 
 1268      79707265 
 1268      73735C43 
 1269 007b 6F62655C 		.ascii	"obe\\BCC722-RTOS-MOINHO.cydsn\000"
 1269      42434337 
 1269      32322D52 
 1269      544F532D 
 1269      4D4F494E 
 1270              	.LASF26:
 1271 0098 50726F62 		.ascii	"ProbeUART_TxISR_SetPriority\000"
 1271      65554152 
 1271      545F5478 
 1271      4953525F 
 1271      53657450 
 1272              	.LASF30:
 1273 00b4 50726F62 		.ascii	"ProbeUART_TxISR_Enable\000"
 1273      65554152 
 1273      545F5478 
 1273      4953525F 
 1273      456E6162 
 1274              	.LASF38:
 1275 00cb 50726F62 		.ascii	"ProbeUART_TxISR_GetState\000"
 1275      65554152 
 1275      545F5478 
ARM GAS  C:\Users\alex\AppData\Local\Temp\ccb6zmIe.s 			page 31


 1275      4953525F 
 1275      47657453 
 1276              	.LASF6:
 1277 00e4 73686F72 		.ascii	"short unsigned int\000"
 1277      7420756E 
 1277      7369676E 
 1277      65642069 
 1277      6E7400
 1278              	.LASF14:
 1279 00f7 666C6F61 		.ascii	"float\000"
 1279      7400
 1280              	.LASF4:
 1281 00fd 756E7369 		.ascii	"unsigned char\000"
 1281      676E6564 
 1281      20636861 
 1281      7200
 1282              	.LASF16:
 1283 010b 72656738 		.ascii	"reg8\000"
 1283      00
 1284              	.LASF28:
 1285 0110 50726F62 		.ascii	"ProbeUART_TxISR_GetVector\000"
 1285      65554152 
 1285      545F5478 
 1285      4953525F 
 1285      47657456 
 1286              	.LASF8:
 1287 012a 6C6F6E67 		.ascii	"long unsigned int\000"
 1287      20756E73 
 1287      69676E65 
 1287      6420696E 
 1287      7400
 1288              	.LASF12:
 1289 013c 75696E74 		.ascii	"uint8\000"
 1289      3800
 1290              	.LASF27:
 1291 0142 7072696F 		.ascii	"priority\000"
 1291      72697479 
 1291      00
 1292              	.LASF15:
 1293 014b 646F7562 		.ascii	"double\000"
 1293      6C6500
 1294              	.LASF33:
 1295 0152 50726F62 		.ascii	"ProbeUART_TxISR_ClearPending\000"
 1295      65554152 
 1295      545F5478 
 1295      4953525F 
 1295      436C6561 
 1296              	.LASF13:
 1297 016f 75696E74 		.ascii	"uint32\000"
 1297      333200
 1298              	.LASF0:
 1299 0176 756E7369 		.ascii	"unsigned int\000"
 1299      676E6564 
 1299      20696E74 
 1299      00
 1300              	.LASF37:
 1301 0183 50726F62 		.ascii	"ProbeRS232_TxISRHandler\000"
ARM GAS  C:\Users\alex\AppData\Local\Temp\ccb6zmIe.s 			page 32


 1301      65525332 
 1301      33325F54 
 1301      78495352 
 1301      48616E64 
 1302              	.LASF24:
 1303 019b 61646472 		.ascii	"address\000"
 1303      65737300 
 1304              	.LASF9:
 1305 01a3 6C6F6E67 		.ascii	"long long unsigned int\000"
 1305      206C6F6E 
 1305      6720756E 
 1305      7369676E 
 1305      65642069 
 1306              	.LASF18:
 1307 01ba 63796973 		.ascii	"cyisraddress\000"
 1307      72616464 
 1307      72657373 
 1307      00
 1308              	.LASF29:
 1309 01c7 50726F62 		.ascii	"ProbeUART_TxISR_GetPriority\000"
 1309      65554152 
 1309      545F5478 
 1309      4953525F 
 1309      47657450 
 1310              	.LASF32:
 1311 01e3 50726F62 		.ascii	"ProbeUART_TxISR_SetPending\000"
 1311      65554152 
 1311      545F5478 
 1311      4953525F 
 1311      53657450 
 1312              	.LASF10:
 1313 01fe 73697A65 		.ascii	"sizetype\000"
 1313      74797065 
 1313      00
 1314              	.LASF1:
 1315 0207 6C6F6E67 		.ascii	"long long int\000"
 1315      206C6F6E 
 1315      6720696E 
 1315      7400
 1316              	.LASF11:
 1317 0215 63686172 		.ascii	"char\000"
 1317      00
 1318              	.LASF25:
 1319 021a 72616D56 		.ascii	"ramVectorTable\000"
 1319      6563746F 
 1319      72546162 
 1319      6C6500
 1320              	.LASF20:
 1321 0229 50726F62 		.ascii	"ProbeUART_TxISR_Stop\000"
 1321      65554152 
 1321      545F5478 
 1321      4953525F 
 1321      53746F70 
 1322              	.LASF5:
 1323 023e 73686F72 		.ascii	"short int\000"
 1323      7420696E 
 1323      7400
ARM GAS  C:\Users\alex\AppData\Local\Temp\ccb6zmIe.s 			page 33


 1324              	.LASF19:
 1325 0248 50726F62 		.ascii	"ProbeUART_TxISR_Start\000"
 1325      65554152 
 1325      545F5478 
 1325      4953525F 
 1325      53746172 
 1326              	.LASF21:
 1327 025e 50726F62 		.ascii	"ProbeUART_TxISR_StartEx\000"
 1327      65554152 
 1327      545F5478 
 1327      4953525F 
 1327      53746172 
 1328              	.LASF7:
 1329 0276 6C6F6E67 		.ascii	"long int\000"
 1329      20696E74 
 1329      00
 1330              	.LASF35:
 1331 027f 47656E65 		.ascii	"Generated_Source\\PSoC5\\ProbeUART_TxISR.c\000"
 1331      72617465 
 1331      645F536F 
 1331      75726365 
 1331      5C50536F 
 1332              	.LASF2:
 1333 02a8 6C6F6E67 		.ascii	"long double\000"
 1333      20646F75 
 1333      626C6500 
 1334              	.LASF3:
 1335 02b4 7369676E 		.ascii	"signed char\000"
 1335      65642063 
 1335      68617200 
 1336              	.LASF22:
 1337 02c0 50726F62 		.ascii	"ProbeUART_TxISR_Interrupt\000"
 1337      65554152 
 1337      545F5478 
 1337      4953525F 
 1337      496E7465 
 1338              	.LASF23:
 1339 02da 50726F62 		.ascii	"ProbeUART_TxISR_SetVector\000"
 1339      65554152 
 1339      545F5478 
 1339      4953525F 
 1339      53657456 
 1340              	.LASF34:
 1341 02f4 474E5520 		.ascii	"GNU C11 5.4.1 20160609 (release) [ARM/embedded-5-br"
 1341      43313120 
 1341      352E342E 
 1341      31203230 
 1341      31363036 
 1342 0327 616E6368 		.ascii	"anch revision 237715] -mcpu=cortex-m3 -mthumb -g -O"
 1342      20726576 
 1342      6973696F 
 1342      6E203233 
 1342      37373135 
 1343 035a 30202D66 		.ascii	"0 -ffunction-sections -ffat-lto-objects\000"
 1343      66756E63 
 1343      74696F6E 
 1343      2D736563 
ARM GAS  C:\Users\alex\AppData\Local\Temp\ccb6zmIe.s 			page 34


 1343      74696F6E 
 1344              		.ident	"GCC: (GNU Tools for ARM Embedded Processors) 5.4.1 20160609 (release) [ARM/embedded-5-bran
