ARM GAS  C:\Users\alex\AppData\Local\Temp\cctyVo1q.s 			page 1


   1              		.syntax unified
   2              		.cpu cortex-m3
   3              		.fpu softvfp
   4              		.eabi_attribute 20, 1
   5              		.eabi_attribute 21, 1
   6              		.eabi_attribute 23, 3
   7              		.eabi_attribute 24, 1
   8              		.eabi_attribute 25, 1
   9              		.eabi_attribute 26, 1
  10              		.eabi_attribute 30, 6
  11              		.eabi_attribute 34, 1
  12              		.eabi_attribute 18, 4
  13              		.thumb
  14              		.syntax unified
  15              		.file	"main.c"
  16              		.text
  17              	.Ltext0:
  18              		.cfi_sections	.debug_frame
  19              		.section	.rodata
  20              		.align	2
  21              	.LC0:
  22 0000 48656C6C 		.ascii	"Hello World\000"
  22      6F20576F 
  22      726C6400 
  23              		.section	.text.main,"ax",%progbits
  24              		.align	2
  25              		.global	main
  26              		.thumb
  27              		.thumb_func
  28              		.type	main, %function
  29              	main:
  30              	.LFB63:
  31              		.file 1 "main.c"
   1:main.c        **** /*******************************************************************************
   2:main.c        **** * File: main.c
   3:main.c        **** *
   4:main.c        **** * Description: 
   5:main.c        **** *	The HelloWorld project prints the string 'Hello World' on the character LCD
   6:main.c        **** *	and blinks an LED.
   7:main.c        **** *
   8:main.c        **** ********************************************************************************
   9:main.c        **** * Copyright 2012, Cypress Semiconductor Corporation. All rights reserved.
  10:main.c        **** * This software is owned by Cypress Semiconductor Corporation and is protected
  11:main.c        **** * by and subject to worldwide patent and copyright laws and treaties.
  12:main.c        **** * Therefore, you may use this software only as provided in the license agreement
  13:main.c        **** * accompanying the software package from which you obtained this software.
  14:main.c        **** * CYPRESS AND ITS SUPPLIERS MAKE NO WARRANTY OF ANY KIND, EXPRESS OR IMPLIED,
  15:main.c        **** * WITH REGARD TO THIS SOFTWARE, INCLUDING, BUT NOT LIMITED TO, NONINFRINGEMENT,
  16:main.c        **** * IMPLIED WARRANTIES OF MERCHANTABILITY AND FITNESS FOR A PARTICULAR PURPOSE.
  17:main.c        **** *******************************************************************************/
  18:main.c        **** 
  19:main.c        **** #include <project.h>
  20:main.c        **** 
  21:main.c        **** /*******************************************************************************
  22:main.c        **** * Function Name: main
  23:main.c        **** ********************************************************************************
  24:main.c        **** *
ARM GAS  C:\Users\alex\AppData\Local\Temp\cctyVo1q.s 			page 2


  25:main.c        **** * Summary:
  26:main.c        **** *  Main function performs following functions:
  27:main.c        **** *   1. Start the LCD and PWM
  28:main.c        **** *   2. Print 'Hello World' on the LCD
  29:main.c        **** *
  30:main.c        **** * Parameters:
  31:main.c        **** *  None.
  32:main.c        **** *
  33:main.c        **** * Return:
  34:main.c        **** *  None.
  35:main.c        **** *
  36:main.c        **** *******************************************************************************/
  37:main.c        **** int main()
  38:main.c        **** {
  32              		.loc 1 38 0
  33              		.cfi_startproc
  34              		@ args = 0, pretend = 0, frame = 0
  35              		@ frame_needed = 1, uses_anonymous_args = 0
  36 0000 80B5     		push	{r7, lr}
  37              		.cfi_def_cfa_offset 8
  38              		.cfi_offset 7, -8
  39              		.cfi_offset 14, -4
  40 0002 00AF     		add	r7, sp, #0
  41              		.cfi_def_cfa_register 7
  39:main.c        **** 	/* Start LCD and PWM */
  40:main.c        **** 	LCD_Char_Start();
  42              		.loc 1 40 0
  43 0004 FFF7FEFF 		bl	LCD_Char_Start
  41:main.c        **** 	PWM_Start();
  44              		.loc 1 41 0
  45 0008 FFF7FEFF 		bl	PWM_Start
  42:main.c        **** 	
  43:main.c        **** 	/* Print Hello World on LCD */
  44:main.c        **** 	LCD_Char_PrintString("Hello World");
  46              		.loc 1 44 0
  47 000c 0148     		ldr	r0, .L3
  48 000e FFF7FEFF 		bl	LCD_Char_PrintString
  49              	.L2:
  45:main.c        **** 
  46:main.c        ****     /* Loop forever */
  47:main.c        **** 	for(;;)
  48:main.c        ****     {
  49:main.c        ****     }
  50              		.loc 1 49 0 discriminator 1
  51 0012 FEE7     		b	.L2
  52              	.L4:
  53              		.align	2
  54              	.L3:
  55 0014 00000000 		.word	.LC0
  56              		.cfi_endproc
  57              	.LFE63:
  58              		.size	main, .-main
  59              		.text
  60              	.Letext0:
  61              		.file 2 "c:\\program files (x86)\\cypress\\psoc creator\\4.4\\psoc creator\\import\\gnu\\arm\\5.4.
  62              		.file 3 "c:\\program files (x86)\\cypress\\psoc creator\\4.4\\psoc creator\\import\\gnu\\arm\\5.4.
  63              		.file 4 "Generated_Source\\PSoC5/core_cm3.h"
ARM GAS  C:\Users\alex\AppData\Local\Temp\cctyVo1q.s 			page 3


  64              		.section	.debug_info,"",%progbits
  65              	.Ldebug_info0:
  66 0000 C7000000 		.4byte	0xc7
  67 0004 0400     		.2byte	0x4
  68 0006 00000000 		.4byte	.Ldebug_abbrev0
  69 000a 04       		.byte	0x4
  70 000b 01       		.uleb128 0x1
  71 000c 63000000 		.4byte	.LASF16
  72 0010 0C       		.byte	0xc
  73 0011 2E000000 		.4byte	.LASF17
  74 0015 14010000 		.4byte	.LASF18
  75 0019 00000000 		.4byte	.Ldebug_ranges0+0
  76 001d 00000000 		.4byte	0
  77 0021 00000000 		.4byte	.Ldebug_line0
  78 0025 02       		.uleb128 0x2
  79 0026 01       		.byte	0x1
  80 0027 06       		.byte	0x6
  81 0028 BD010000 		.4byte	.LASF0
  82 002c 02       		.uleb128 0x2
  83 002d 01       		.byte	0x1
  84 002e 08       		.byte	0x8
  85 002f F1000000 		.4byte	.LASF1
  86 0033 02       		.uleb128 0x2
  87 0034 02       		.byte	0x2
  88 0035 05       		.byte	0x5
  89 0036 E5010000 		.4byte	.LASF2
  90 003a 02       		.uleb128 0x2
  91 003b 02       		.byte	0x2
  92 003c 07       		.byte	0x7
  93 003d 0E000000 		.4byte	.LASF3
  94 0041 03       		.uleb128 0x3
  95 0042 D5010000 		.4byte	.LASF9
  96 0046 02       		.byte	0x2
  97 0047 3F       		.byte	0x3f
  98 0048 4C000000 		.4byte	0x4c
  99 004c 02       		.uleb128 0x2
 100 004d 04       		.byte	0x4
 101 004e 05       		.byte	0x5
 102 004f 04010000 		.4byte	.LASF4
 103 0053 02       		.uleb128 0x2
 104 0054 04       		.byte	0x4
 105 0055 07       		.byte	0x7
 106 0056 3A000000 		.4byte	.LASF5
 107 005a 02       		.uleb128 0x2
 108 005b 08       		.byte	0x8
 109 005c 05       		.byte	0x5
 110 005d 00000000 		.4byte	.LASF6
 111 0061 02       		.uleb128 0x2
 112 0062 08       		.byte	0x8
 113 0063 07       		.byte	0x7
 114 0064 4C000000 		.4byte	.LASF7
 115 0068 04       		.uleb128 0x4
 116 0069 04       		.byte	0x4
 117 006a 05       		.byte	0x5
 118 006b 696E7400 		.ascii	"int\000"
 119 006f 02       		.uleb128 0x2
 120 0070 04       		.byte	0x4
ARM GAS  C:\Users\alex\AppData\Local\Temp\cctyVo1q.s 			page 4


 121 0071 07       		.byte	0x7
 122 0072 21000000 		.4byte	.LASF8
 123 0076 03       		.uleb128 0x3
 124 0077 EF010000 		.4byte	.LASF10
 125 007b 03       		.byte	0x3
 126 007c 2C       		.byte	0x2c
 127 007d 41000000 		.4byte	0x41
 128 0081 02       		.uleb128 0x2
 129 0082 04       		.byte	0x4
 130 0083 04       		.byte	0x4
 131 0084 DF010000 		.4byte	.LASF11
 132 0088 02       		.uleb128 0x2
 133 0089 08       		.byte	0x8
 134 008a 04       		.byte	0x4
 135 008b 0D010000 		.4byte	.LASF12
 136 008f 02       		.uleb128 0x2
 137 0090 01       		.byte	0x1
 138 0091 08       		.byte	0x8
 139 0092 FF000000 		.4byte	.LASF13
 140 0096 02       		.uleb128 0x2
 141 0097 08       		.byte	0x8
 142 0098 04       		.byte	0x4
 143 0099 C9010000 		.4byte	.LASF14
 144 009d 02       		.uleb128 0x2
 145 009e 04       		.byte	0x4
 146 009f 07       		.byte	0x7
 147 00a0 F7010000 		.4byte	.LASF15
 148 00a4 05       		.uleb128 0x5
 149 00a5 35000000 		.4byte	.LASF19
 150 00a9 01       		.byte	0x1
 151 00aa 25       		.byte	0x25
 152 00ab 68000000 		.4byte	0x68
 153 00af 00000000 		.4byte	.LFB63
 154 00b3 18000000 		.4byte	.LFE63-.LFB63
 155 00b7 01       		.uleb128 0x1
 156 00b8 9C       		.byte	0x9c
 157 00b9 06       		.uleb128 0x6
 158 00ba B0010000 		.4byte	.LASF20
 159 00be 04       		.byte	0x4
 160 00bf 1207     		.2byte	0x712
 161 00c1 C5000000 		.4byte	0xc5
 162 00c5 07       		.uleb128 0x7
 163 00c6 76000000 		.4byte	0x76
 164 00ca 00       		.byte	0
 165              		.section	.debug_abbrev,"",%progbits
 166              	.Ldebug_abbrev0:
 167 0000 01       		.uleb128 0x1
 168 0001 11       		.uleb128 0x11
 169 0002 01       		.byte	0x1
 170 0003 25       		.uleb128 0x25
 171 0004 0E       		.uleb128 0xe
 172 0005 13       		.uleb128 0x13
 173 0006 0B       		.uleb128 0xb
 174 0007 03       		.uleb128 0x3
 175 0008 0E       		.uleb128 0xe
 176 0009 1B       		.uleb128 0x1b
 177 000a 0E       		.uleb128 0xe
ARM GAS  C:\Users\alex\AppData\Local\Temp\cctyVo1q.s 			page 5


 178 000b 55       		.uleb128 0x55
 179 000c 17       		.uleb128 0x17
 180 000d 11       		.uleb128 0x11
 181 000e 01       		.uleb128 0x1
 182 000f 10       		.uleb128 0x10
 183 0010 17       		.uleb128 0x17
 184 0011 00       		.byte	0
 185 0012 00       		.byte	0
 186 0013 02       		.uleb128 0x2
 187 0014 24       		.uleb128 0x24
 188 0015 00       		.byte	0
 189 0016 0B       		.uleb128 0xb
 190 0017 0B       		.uleb128 0xb
 191 0018 3E       		.uleb128 0x3e
 192 0019 0B       		.uleb128 0xb
 193 001a 03       		.uleb128 0x3
 194 001b 0E       		.uleb128 0xe
 195 001c 00       		.byte	0
 196 001d 00       		.byte	0
 197 001e 03       		.uleb128 0x3
 198 001f 16       		.uleb128 0x16
 199 0020 00       		.byte	0
 200 0021 03       		.uleb128 0x3
 201 0022 0E       		.uleb128 0xe
 202 0023 3A       		.uleb128 0x3a
 203 0024 0B       		.uleb128 0xb
 204 0025 3B       		.uleb128 0x3b
 205 0026 0B       		.uleb128 0xb
 206 0027 49       		.uleb128 0x49
 207 0028 13       		.uleb128 0x13
 208 0029 00       		.byte	0
 209 002a 00       		.byte	0
 210 002b 04       		.uleb128 0x4
 211 002c 24       		.uleb128 0x24
 212 002d 00       		.byte	0
 213 002e 0B       		.uleb128 0xb
 214 002f 0B       		.uleb128 0xb
 215 0030 3E       		.uleb128 0x3e
 216 0031 0B       		.uleb128 0xb
 217 0032 03       		.uleb128 0x3
 218 0033 08       		.uleb128 0x8
 219 0034 00       		.byte	0
 220 0035 00       		.byte	0
 221 0036 05       		.uleb128 0x5
 222 0037 2E       		.uleb128 0x2e
 223 0038 00       		.byte	0
 224 0039 3F       		.uleb128 0x3f
 225 003a 19       		.uleb128 0x19
 226 003b 03       		.uleb128 0x3
 227 003c 0E       		.uleb128 0xe
 228 003d 3A       		.uleb128 0x3a
 229 003e 0B       		.uleb128 0xb
 230 003f 3B       		.uleb128 0x3b
 231 0040 0B       		.uleb128 0xb
 232 0041 49       		.uleb128 0x49
 233 0042 13       		.uleb128 0x13
 234 0043 11       		.uleb128 0x11
ARM GAS  C:\Users\alex\AppData\Local\Temp\cctyVo1q.s 			page 6


 235 0044 01       		.uleb128 0x1
 236 0045 12       		.uleb128 0x12
 237 0046 06       		.uleb128 0x6
 238 0047 40       		.uleb128 0x40
 239 0048 18       		.uleb128 0x18
 240 0049 9642     		.uleb128 0x2116
 241 004b 19       		.uleb128 0x19
 242 004c 00       		.byte	0
 243 004d 00       		.byte	0
 244 004e 06       		.uleb128 0x6
 245 004f 34       		.uleb128 0x34
 246 0050 00       		.byte	0
 247 0051 03       		.uleb128 0x3
 248 0052 0E       		.uleb128 0xe
 249 0053 3A       		.uleb128 0x3a
 250 0054 0B       		.uleb128 0xb
 251 0055 3B       		.uleb128 0x3b
 252 0056 05       		.uleb128 0x5
 253 0057 49       		.uleb128 0x49
 254 0058 13       		.uleb128 0x13
 255 0059 3F       		.uleb128 0x3f
 256 005a 19       		.uleb128 0x19
 257 005b 3C       		.uleb128 0x3c
 258 005c 19       		.uleb128 0x19
 259 005d 00       		.byte	0
 260 005e 00       		.byte	0
 261 005f 07       		.uleb128 0x7
 262 0060 35       		.uleb128 0x35
 263 0061 00       		.byte	0
 264 0062 49       		.uleb128 0x49
 265 0063 13       		.uleb128 0x13
 266 0064 00       		.byte	0
 267 0065 00       		.byte	0
 268 0066 00       		.byte	0
 269              		.section	.debug_aranges,"",%progbits
 270 0000 1C000000 		.4byte	0x1c
 271 0004 0200     		.2byte	0x2
 272 0006 00000000 		.4byte	.Ldebug_info0
 273 000a 04       		.byte	0x4
 274 000b 00       		.byte	0
 275 000c 0000     		.2byte	0
 276 000e 0000     		.2byte	0
 277 0010 00000000 		.4byte	.LFB63
 278 0014 18000000 		.4byte	.LFE63-.LFB63
 279 0018 00000000 		.4byte	0
 280 001c 00000000 		.4byte	0
 281              		.section	.debug_ranges,"",%progbits
 282              	.Ldebug_ranges0:
 283 0000 00000000 		.4byte	.LFB63
 284 0004 18000000 		.4byte	.LFE63
 285 0008 00000000 		.4byte	0
 286 000c 00000000 		.4byte	0
 287              		.section	.debug_line,"",%progbits
 288              	.Ldebug_line0:
 289 0000 5C010000 		.section	.debug_str,"MS",%progbits,1
 289      02003F01 
 289      00000201 
ARM GAS  C:\Users\alex\AppData\Local\Temp\cctyVo1q.s 			page 7


 289      FB0E0D00 
 289      01010101 
 290              	.LASF6:
 291 0000 6C6F6E67 		.ascii	"long long int\000"
 291      206C6F6E 
 291      6720696E 
 291      7400
 292              	.LASF3:
 293 000e 73686F72 		.ascii	"short unsigned int\000"
 293      7420756E 
 293      7369676E 
 293      65642069 
 293      6E7400
 294              	.LASF8:
 295 0021 756E7369 		.ascii	"unsigned int\000"
 295      676E6564 
 295      20696E74 
 295      00
 296              	.LASF17:
 297 002e 6D61696E 		.ascii	"main.c\000"
 297      2E6300
 298              	.LASF19:
 299 0035 6D61696E 		.ascii	"main\000"
 299      00
 300              	.LASF5:
 301 003a 6C6F6E67 		.ascii	"long unsigned int\000"
 301      20756E73 
 301      69676E65 
 301      6420696E 
 301      7400
 302              	.LASF7:
 303 004c 6C6F6E67 		.ascii	"long long unsigned int\000"
 303      206C6F6E 
 303      6720756E 
 303      7369676E 
 303      65642069 
 304              	.LASF16:
 305 0063 474E5520 		.ascii	"GNU C11 5.4.1 20160609 (release) [ARM/embedded-5-br"
 305      43313120 
 305      352E342E 
 305      31203230 
 305      31363036 
 306 0096 616E6368 		.ascii	"anch revision 237715] -mcpu=cortex-m3 -mthumb -g -O"
 306      20726576 
 306      6973696F 
 306      6E203233 
 306      37373135 
 307 00c9 30202D66 		.ascii	"0 -ffunction-sections -ffat-lto-objects\000"
 307      66756E63 
 307      74696F6E 
 307      2D736563 
 307      74696F6E 
 308              	.LASF1:
 309 00f1 756E7369 		.ascii	"unsigned char\000"
 309      676E6564 
 309      20636861 
 309      7200
ARM GAS  C:\Users\alex\AppData\Local\Temp\cctyVo1q.s 			page 8


 310              	.LASF13:
 311 00ff 63686172 		.ascii	"char\000"
 311      00
 312              	.LASF4:
 313 0104 6C6F6E67 		.ascii	"long int\000"
 313      20696E74 
 313      00
 314              	.LASF12:
 315 010d 646F7562 		.ascii	"double\000"
 315      6C6500
 316              	.LASF18:
 317 0114 433A5C55 		.ascii	"C:\\Users\\alex\\Documents\\PSoC Creator\\BCC722-PR"
 317      73657273 
 317      5C616C65 
 317      785C446F 
 317      63756D65 
 318 0142 41544943 		.ascii	"ATICA-03\\UCoS\\Micrium_2\\Software\\EvalBoards\\Cy"
 318      412D3033 
 318      5C55436F 
 318      535C4D69 
 318      63726975 
 319 0170 70726573 		.ascii	"press\\CY8CKIT-050\\PSoC\\uCOS-III-Probe\\HelloWorl"
 319      735C4359 
 319      38434B49 
 319      542D3035 
 319      305C5053 
 320 019f 645F426C 		.ascii	"d_Blinky01.cydsn\000"
 320      696E6B79 
 320      30312E63 
 320      7964736E 
 320      00
 321              	.LASF20:
 322 01b0 49544D5F 		.ascii	"ITM_RxBuffer\000"
 322      52784275 
 322      66666572 
 322      00
 323              	.LASF0:
 324 01bd 7369676E 		.ascii	"signed char\000"
 324      65642063 
 324      68617200 
 325              	.LASF14:
 326 01c9 6C6F6E67 		.ascii	"long double\000"
 326      20646F75 
 326      626C6500 
 327              	.LASF9:
 328 01d5 5F5F696E 		.ascii	"__int32_t\000"
 328      7433325F 
 328      7400
 329              	.LASF11:
 330 01df 666C6F61 		.ascii	"float\000"
 330      7400
 331              	.LASF2:
 332 01e5 73686F72 		.ascii	"short int\000"
 332      7420696E 
 332      7400
 333              	.LASF10:
 334 01ef 696E7433 		.ascii	"int32_t\000"
ARM GAS  C:\Users\alex\AppData\Local\Temp\cctyVo1q.s 			page 9


 334      325F7400 
 335              	.LASF15:
 336 01f7 73697A65 		.ascii	"sizetype\000"
 336      74797065 
 336      00
 337              		.ident	"GCC: (GNU Tools for ARM Embedded Processors) 5.4.1 20160609 (release) [ARM/embedded-5-bran
